                    :-) GROMACS - gmx mdrun, 2026.0-dev (-:

Copyright 1991-2026 The GROMACS Authors.
GROMACS is free software; you can redistribute it and/or modify it
under the terms of the GNU Lesser General Public License
as published by the Free Software Foundation; either version 2.1
of the License, or (at your option) any later version.

                         Current GROMACS contributors:
       Mark Abraham           Andrey Alekseenko           Vladimir Basov      
      Cathrine Bergh            Eliane Briand               Ania Brown        
      Mahesh Doijade            Giacomo Fiorin          Stefan Fleischmann    
      Sergey Gorelov         Gilles Gouaillardet            Alan Gray         
     M. Eric Irrgang         Farzaneh Jalalypour            Joe Jordan        
     Carsten Kutzner           Justin A. Lemkul          Magnus Lundborg      
       Pascal Merz              Vedran Miletic            Dmitry Morozov      
       Julien Nabet              Szilard Pall        Andrea Pasquadibisceglie 
    Michele Pellegrino          Hubert Santuz             Roland Schulz       
     Tatiana Shugaeva          Alexey Shvetsov            Philip Turner       
     Alessandra Villa      Sebastian Wingbermuehle  

                         Previous GROMACS contributors:
        Emile Apol             Rossen Apostolov           James Barnett       
        Paul Bauer          Herman J.C. Berendsen          Par Bjelkmar       
      Christian Blau          Viacheslav Bolnykh            Kevin Boyd        
    Aldert van Buuren          Carlo Camilloni           Rudi van Drunen      
      Anton Feenstra           Oliver Fleetwood            Vytas Gapsys       
       Gaurav Garg             Gerrit Groenhof            Bert de Groot       
      Anca Hamuraru           Vincent Hindriksen          Victor Holanda      
     Aleksei Iupinov          Christoph Junghans        Prashanth Kanduri     
   Dimitrios Karkoulis           Peter Kasson             Sebastian Kehl      
     Sebastian Keller             Jiri Kraus               Per Larsson        
      Viveca Lindahl            Erik Marklund           Pieter Meulenhoff     
      Teemu Murtola              Sander Pronk             Michael Shirts      
      Alfons Sijbers            Balint Soproni         David van der Spoel    
      Peter Tieleman            Carsten Uphoff             Jon Vincent        
     Teemu Virolainen         Christian Wennberg           Maarten Wolf       
      Artem Zhmurov       

                  Coordinated by the GROMACS project leaders:
                           Berk Hess and Erik Lindahl

GROMACS:      gmx mdrun, version 2026.0-dev
Executable:   /home/hcho96/imd-v3/gromacs-imd-v3/bin/gmx
Data prefix:  /home/hcho96/imd-v3/gromacs-imd-v3
Working dir:  /scratch/hcho96/Research/imdv3-performance/performance/1GPU-48Cores/imdv3/frequency-1/performance_streaming
Process ID:   403706
Command line:
  gmx mdrun -v -deffnm run2/run -ntmpi 1 -ntomp 40 -gpu_id 0 -imdwait -imdport 8888

GROMACS version:     2026.0-dev
Precision:           mixed
Memory model:        64 bit
MPI library:         thread_mpi
OpenMP support:      enabled (GMX_OPENMP_MAX_THREADS = 128)
GPU support:         CUDA
NBNxM GPU setup:     super-cluster 2x2x2 / cluster 8
SIMD instructions:   AVX2_256
CPU FFT library:     fftw-3.3.10-sse2-avx-avx2-avx2_128
GPU FFT library:     cuFFT
Multi-GPU FFT:       none
RDTSCP usage:        enabled
TNG support:         enabled
Hwloc support:       disabled
Tracing support:     disabled
C compiler:          /packages/apps/spack/21/opt/spack/linux-rocky8-zen3/gcc-12.1.0/gcc-13.2.0-3axqolu2r5t7p3j5yphhzjfku4rbga2y/bin/gcc GNU 13.2.0
C compiler flags:    -Wno-array-bounds -fexcess-precision=fast -funroll-all-loops -mavx2 -mfma -Wall -Wno-unused -Wunused-value -Wunused-parameter -Wextra -Wno-sign-compare -Wpointer-arith -Wpedantic -Wundef -Werror=stringop-truncation -Wno-missing-field-initializers -O3 -DNDEBUG
C++ compiler:        /packages/apps/spack/21/opt/spack/linux-rocky8-zen3/gcc-12.1.0/gcc-13.2.0-3axqolu2r5t7p3j5yphhzjfku4rbga2y/bin/g++ GNU 13.2.0
C++ compiler flags:  -Wno-array-bounds -fexcess-precision=fast -funroll-all-loops -mavx2 -mfma -Wall -Wextra -Wpointer-arith -Wmissing-declarations -Wpedantic -Wundef -Wstringop-truncation -Wno-missing-field-initializers -Wno-cast-function-type-strict SHELL:-fopenmp -O3 -DNDEBUG
BLAS library:        External - detected on the system
LAPACK library:      Internal
CUDA compiler:       /packages/apps/spack/21/opt/spack/linux-rocky8-zen3/gcc-12.1.0/cuda-12.6.1-cf4xlcbcfpwchqwo5bktxyhjagryzcx6/bin/nvcc nvcc: NVIDIA (R) Cuda compiler driver;Copyright (c) 2005-2024 NVIDIA Corporation;Built on Wed_Aug_14_10:10:22_PDT_2024;Cuda compilation tools, release 12.6, V12.6.68;Build cuda_12.6.r12.6/compiler.34714021_0
CUDA compiler flags: -O3 -DNDEBUG
CUDA driver:         12.70
CUDA runtime:        12.60


Running on 1 node with total 48 cores, 48 processing units, 4 compatible GPUs
Hardware detected on host sg023:
  CPU info:
    Vendor: AMD
    Brand:  AMD EPYC 7413 24-Core Processor                
    Family: 25   Model: 1   Stepping: 1
    Features: aes amd apic avx avx2 clfsh cmov cx8 cx16 f16c fma htt lahf misalignsse mmx msr nonstop_tsc pcid pclmuldq pdpe1gb popcnt pse rdrnd rdtscp sha sse2 sse3 sse4a sse4.1 sse4.2 ssse3 x2apic
  Hardware topology: Basic
    Packages, cores, and logical processors:
    [indices refer to OS logical processors]
      Package  0: [   0] [   1] [   2] [   3] [   4] [   5] [   6] [   7] [   8] [   9] [  10] [  11] [  12] [  13] [  14] [  15] [  16] [  17] [  18] [  19] [  20] [  21] [  22] [  23]
      Package  1: [  24] [  25] [  26] [  27] [  28] [  29] [  30] [  31] [  32] [  33] [  34] [  35] [  36] [  37] [  38] [  39] [  40] [  41] [  42] [  43] [  44] [  45] [  46] [  47]
    CPU limit set by OS: -1   Recommended max number of threads: 48
  GPU info:
    Number of GPUs detected: 4
    #0: NVIDIA NVIDIA A100-SXM4-80GB, compute cap.: 8.0, ECC: yes, stat: compatible
    #1: NVIDIA NVIDIA A100-SXM4-80GB, compute cap.: 8.0, ECC: yes, stat: compatible
    #2: NVIDIA NVIDIA A100-SXM4-80GB, compute cap.: 8.0, ECC: yes, stat: compatible
    #3: NVIDIA NVIDIA A100-SXM4-80GB, compute cap.: 8.0, ECC: yes, stat: compatible


++++ PLEASE READ AND CITE THE FOLLOWING REFERENCE ++++
M. J. Abraham, T. Murtola, R. Schulz, S. Páll, J. C. Smith, B. Hess, E.
Lindahl
GROMACS: High performance molecular simulations through multi-level
parallelism from laptops to supercomputers
SoftwareX (2015)
DOI: 10.1016/j.softx.2015.06.001
-------- -------- --- Thank You --- -------- --------


++++ PLEASE READ AND CITE THE FOLLOWING REFERENCE ++++
S. Páll, M. J. Abraham, C. Kutzner, B. Hess, E. Lindahl
Tackling Exascale Software Challenges in Molecular Dynamics Simulations with
GROMACS
In S. Markidis & E. Laure (Eds.), Solving Software Challenges for Exascale (2015)
DOI: 10.1007/978-3-319-15976-8_1
-------- -------- --- Thank You --- -------- --------


++++ PLEASE READ AND CITE THE FOLLOWING REFERENCE ++++
S. Pronk, S. Páll, R. Schulz, P. Larsson, P. Bjelkmar, R. Apostolov, M. R.
Shirts, J. C. Smith, P. M. Kasson, D. van der Spoel, B. Hess, E. Lindahl
GROMACS 4.5: a high-throughput and highly parallel open source molecular
simulation toolkit
Bioinformatics (2013)
DOI: 10.1093/bioinformatics/btt055
-------- -------- --- Thank You --- -------- --------


++++ PLEASE READ AND CITE THE FOLLOWING REFERENCE ++++
B. Hess, C. Kutzner, D. van der Spoel, E. Lindahl
GROMACS 4: Algorithms for highly efficient, load-balanced, and scalable
molecular simulation
J. Chem. Theory Comput. (2008)
DOI: 10.1021/ct700301q
-------- -------- --- Thank You --- -------- --------


++++ PLEASE READ AND CITE THE FOLLOWING REFERENCE ++++
D. van der Spoel, E. Lindahl, B. Hess, G. Groenhof, A. E. Mark, H. J. C.
Berendsen
GROMACS: Fast, Flexible and Free
J. Comp. Chem. (2005)
DOI: 10.1002/jcc.20291
-------- -------- --- Thank You --- -------- --------


++++ PLEASE READ AND CITE THE FOLLOWING REFERENCE ++++
E. Lindahl, B. Hess, D. van der Spoel
GROMACS 3.0: A package for molecular simulation and trajectory analysis
J. Mol. Mod. (2001)
DOI: 10.1007/s008940100045
-------- -------- --- Thank You --- -------- --------


++++ PLEASE READ AND CITE THE FOLLOWING REFERENCE ++++
H. J. C. Berendsen, D. van der Spoel and R. van Drunen
GROMACS: A message-passing parallel molecular dynamics implementation
Comp. Phys. Comm. (1995)
DOI: 10.1016/0010-4655(95)00042-E
-------- -------- --- Thank You --- -------- --------

Input Parameters:
   integrator                     = md
   tinit                          = 0
   dt                             = 0.002
   nsteps                         = 500000
   init-step                      = 0
   simulation-part                = 1
   mts                            = false
   mass-repartition-factor        = 1
   comm-mode                      = Linear
   nstcomm                        = 100
   bd-fric                        = 0
   ld-seed                        = -1216872457
   emtol                          = 10
   emstep                         = 0.01
   niter                          = 20
   fcstep                         = 0
   nstcgsteep                     = 1000
   nbfgscorr                      = 10
   rtpi                           = 0.05
   nstxout                        = 0
   nstvout                        = 0
   nstfout                        = 0
   nstlog                         = 1000
   nstcalcenergy                  = 100
   nstenergy                      = 1000
   nstxout-compressed             = 0
   compressed-x-precision         = 1000
   cutoff-scheme                  = Verlet
   nstlist                        = 20
   pbc                            = xyz
   periodic-molecules             = false
   verlet-buffer-tolerance        = 0.005
   verlet-buffer-pressure-tolerance = 0.5
   rlist                          = 1.221
   coulombtype                    = PME
   coulomb-modifier               = Potential-shift
   rcoulomb-switch                = 0
   rcoulomb                       = 1.2
   epsilon-r                      = 1
   epsilon-rf                     = inf
   vdw-type                       = Cut-off
   vdw-modifier                   = Force-switch
   rvdw-switch                    = 1
   rvdw                           = 1.2
   DispCorr                       = No
   table-extension                = 1
   fourierspacing                 = 0.12
   fourier-nx                     = 60
   fourier-ny                     = 60
   fourier-nz                     = 60
   pme-order                      = 4
   ewald-rtol                     = 1e-05
   ewald-rtol-lj                  = 0.001
   lj-pme-comb-rule               = Geometric
   ewald-geometry                 = 3d
   epsilon-surface                = 0
   ensemble-temperature-setting   = constant
   ensemble-temperature           = 303.15
   tcoupl                         = V-rescale
   nsttcouple                     = 100
   nh-chain-length                = 0
   print-nose-hoover-chain-variables = false
   pcoupl                         = C-rescale
   pcoupltype                     = Isotropic
   nstpcouple                     = 100
   tau-p                          = 5
   compressibility (3x3):
      compressibility[    0]={ 4.50000e-05,  0.00000e+00,  0.00000e+00}
      compressibility[    1]={ 0.00000e+00,  4.50000e-05,  0.00000e+00}
      compressibility[    2]={ 0.00000e+00,  0.00000e+00,  4.50000e-05}
   ref-p (3x3):
      ref-p[    0]={ 1.00000e+00,  0.00000e+00,  0.00000e+00}
      ref-p[    1]={ 0.00000e+00,  1.00000e+00,  0.00000e+00}
      ref-p[    2]={ 0.00000e+00,  0.00000e+00,  1.00000e+00}
   refcoord-scaling               = No
   posres-com: not available
   posres-comB: not available
   QMMM                           = false
qm-opts:
   ngQM                           = 0
   constraint-algorithm           = Lincs
   continuation                   = true
   Shake-SOR                      = false
   shake-tol                      = 0.0001
   lincs-order                    = 4
   lincs-iter                     = 1
   lincs-warnangle                = 30
   nwall                          = 0
   wall-type                      = 9-3
   wall-r-linpot                  = -1
   wall-atomtype[0]               = -1
   wall-atomtype[1]               = -1
   wall-density[0]                = 0
   wall-density[1]                = 0
   wall-ewald-zfac                = 3
   pull                           = false
   awh                            = false
   rotation                       = false
   interactiveMD                  = true
   IMD-atoms                      = 30423
   IMD-version                    = 3
   IMD-nst                        = 1
   IMD-time                       = 0
   IMD-coords                     = 1
   IMD-vels                       = 0
   IMD-forces                     = 0
   IMD-box                        = 0
   IMD-unwrap                     = 0
   IMD-energies                   = 0
   atom (30423):
      atom[0,...,30422] = {0,...,30422}
   disre                          = No
   disre-weighting                = Conservative
   disre-mixed                    = false
   dr-fc                          = 1000
   dr-tau                         = 0
   nstdisreout                    = 100
   orire-fc                       = 0
   orire-tau                      = 0
   nstorireout                    = 100
   free-energy                    = no
   cos-acceleration               = 0
   deform (3x3):
      deform[    0]={ 0.00000e+00,  0.00000e+00,  0.00000e+00}
      deform[    1]={ 0.00000e+00,  0.00000e+00,  0.00000e+00}
      deform[    2]={ 0.00000e+00,  0.00000e+00,  0.00000e+00}
   simulated-tempering            = false
   swapcoords                     = no
   userint1                       = 0
   userint2                       = 0
   userint3                       = 0
   userint4                       = 0
   userreal1                      = 0
   userreal2                      = 0
   userreal3                      = 0
   userreal4                      = 0
   applied-forces:
     electric-field:
       x:
         E0                       = 0
         omega                    = 0
         t0                       = 0
         sigma                    = 0
       y:
         E0                       = 0
         omega                    = 0
         t0                       = 0
         sigma                    = 0
       z:
         E0                       = 0
         omega                    = 0
         t0                       = 0
         sigma                    = 0
     density-guided-simulation:
       active                     = false
       group                      = protein
       similarity-measure         = inner-product
       atom-spreading-weight      = unity
       force-constant             = 1e+09
       gaussian-transform-spreading-width = 0.2
       gaussian-transform-spreading-range-in-multiples-of-width = 4
       reference-density-filename = reference.mrc
       nst                        = 1
       normalize-densities        = true
       adaptive-force-scaling     = false
       adaptive-force-scaling-time-constant = 4
       shift-vector               = 
       transformation-matrix      = 
     qmmm-cp2k:
       active                     = false
       qmgroup                    = System
       qmmethod                   = PBE
       qmfilenames                = 
       qmcharge                   = 0
       qmmultiplicity             = 1
     colvars:
       active                     = false
       configfile                 = 
       seed                       = -1
     nnpot:
       active                     = false
       modelfile                  = model.pt
       provides_forces            = false
       input_group                = System
       model_input1               = 
       model_input2               = 
       model_input3               = 
       model_input4               = 
grpopts:
   nrdf:        4918       56985
   ref-t:      303.15      303.15
   tau-t:           1           1
annealing:          No          No
annealing-npoints:           0           0
   acc:	           0           0           0
   nfreeze:           N           N           N
   energygrp-flags[  0]: 0

Changing nstlist from 20 to 100, rlist from 1.221 to 1.349

When checking whether update groups are usable:
  Domain decomposition is not active, so there is no need for update groups

Local state does not use filler particles

1 GPU selected for this run.
Mapping of GPU IDs to the 2 GPU tasks in the 1 rank on this node:
  PP:0,PME:0
PP tasks will do (non-perturbed) short-ranged interactions on the GPU
PP task will update and constrain coordinates on the GPU
PME tasks will do all aspects on the GPU
Using 1 MPI thread
Using 40 OpenMP threads 

System total charge: 0.000
Will do PME sum in reciprocal space for electrostatic interactions.

++++ PLEASE READ AND CITE THE FOLLOWING REFERENCE ++++
U. Essmann, L. Perera, M. L. Berkowitz, T. Darden, H. Lee, L. G. Pedersen 
A smooth particle mesh Ewald method
J. Chem. Phys. (1995)
DOI: 10.1063/1.470117
-------- -------- --- Thank You --- -------- --------

Using a Gaussian width (1/beta) of 0.384195 nm for Ewald
Potential shift: LJ r^-12: -2.648e-01 r^-6: -5.349e-01, Ewald -8.333e-06
Initialized non-bonded Coulomb Ewald tables, spacing: 1.02e-03 size: 1176

Generated table with 1174 data points for 1-4 COUL.
Tabscale = 500 points/nm
Generated table with 1174 data points for 1-4 LJ6.
Tabscale = 500 points/nm
Generated table with 1174 data points for 1-4 LJ12.
Tabscale = 500 points/nm


Using GPU 8x4 nonbonded short-range kernels

NBNxM GPU setup: super-cluster 2x2x2 / cluster 8, with split GPU pairlist

Using a dual 8x8 pair-list setup updated with dynamic, rolling pruning:
  outer list: updated every 100 steps, buffer 0.149 nm, rlist 1.349 nm
  inner list: updated every  12 steps, buffer 0.003 nm, rlist 1.203 nm
At tolerance 0.005 kJ/mol/ps per atom, equivalent classical 1x1 list would be:
  outer list: updated every 100 steps, buffer 0.294 nm, rlist 1.494 nm
  inner list: updated every  12 steps, buffer 0.052 nm, rlist 1.252 nm

The average pressure is off by at most 0.25 bar due to missing LJ interactions

NOTE: The number of threads is not equal to the number of (logical) cpus
      and the -pin option is set to auto: will not pin threads to cpus.
      This can lead to significant performance degradation.
      Consider using -pin on (and -pinoffset in case you run multiple jobs).

Initializing LINear Constraint Solver

++++ PLEASE READ AND CITE THE FOLLOWING REFERENCE ++++
B. Hess, H. Bekker, H. J. C. Berendsen, J. G. E. M. Fraaije
LINCS: A Linear Constraint Solver for molecular simulations
J. Comp. Chem. (1997)
DOI: 10.1002/(sici)1096-987x(199709)18:12<1463::aid-jcc4>3.0.co;2-h
-------- -------- --- Thank You --- -------- --------

The number of constraints is 959

++++ PLEASE READ AND CITE THE FOLLOWING REFERENCE ++++
S. Miyamoto, P. A. Kollman
SETTLE: An Analytical Version of the SHAKE and RATTLE Algorithms for Rigid
Water Models
J. Comp. Chem. (1992)
DOI: 10.1002/jcc.540130805
-------- -------- --- Thank You --- -------- --------


IMD: Enabled. This simulation will accept incoming IMD connections.
IMD: Pausing simulation while no IMD connection present (-imdwait).
IMD: Setting port for connection requests to 8888.
IMD: Setting up incoming socket.
IMD: Listening for IMD connection on port 8888.
IMD: Will wait until I have a connection and IMD_GO orders.
IMD: Connection established, checking if I got IMD_GO orders.

++++ PLEASE READ AND CITE THE FOLLOWING REFERENCE ++++
G. Bussi, D. Donadio, M. Parrinello
Canonical sampling through velocity rescaling
J. Chem. Phys. (2007)
DOI: 10.1063/1.2408420
-------- -------- --- Thank You --- -------- --------


++++ PLEASE READ AND CITE THE FOLLOWING REFERENCE ++++
M. Bernetti, G. Bussi
Pressure control using stochastic cell rescaling
J. Chem. Phys. (2020)
DOI: 10.1063/5.0020514
-------- -------- --- Thank You --- -------- --------

There are: 30423 Atoms

Updating coordinates and applying constraints on the GPU.
Center of mass motion removal mode is Linear
We have the following groups for center of mass motion removal:
  0:  SOLU
  1:  SOLV

Started mdrun on rank 0 Thu Apr 24 09:51:46 2025

           Step           Time
              0        0.00000

   Energies (kJ/mol)
           Bond            U-B    Proper Dih.  Improper Dih.      CMAP Dih.
    1.77931e+03    4.53709e+03    5.12016e+03    2.81340e+02   -4.60186e+02
          LJ-14     Coulomb-14        LJ (SR)   Coulomb (SR)   Coul. recip.
    1.53684e+03    1.31976e+04    3.68008e+04   -4.82971e+05    1.60254e+03
      Potential    Kinetic En.   Total Energy  Conserved En.    Temperature
   -4.18576e+05    7.89017e+04   -3.39674e+05   -3.39616e+05    3.06599e+02
 Pressure (bar)   Constr. rmsd
   -1.04578e+03    0.00000e+00

           Step           Time
           1000        2.00000

   Energies (kJ/mol)
           Bond            U-B    Proper Dih.  Improper Dih.      CMAP Dih.
    1.77704e+03    4.66869e+03    5.21912e+03    3.23948e+02   -4.07017e+02
          LJ-14     Coulomb-14        LJ (SR)   Coulomb (SR)   Coul. recip.
    1.44722e+03    1.33687e+04    3.73765e+04   -4.84238e+05    1.63440e+03
      Potential    Kinetic En.   Total Energy  Conserved En.    Temperature
   -4.18830e+05    7.92010e+04   -3.39629e+05   -3.38586e+05    3.07762e+02
 Pressure (bar)   Constr. rmsd
   -1.23333e+03    0.00000e+00

           Step           Time
           2000        4.00000

   Energies (kJ/mol)
           Bond            U-B    Proper Dih.  Improper Dih.      CMAP Dih.
    1.70504e+03    4.67080e+03    5.02623e+03    2.67094e+02   -3.74156e+02
          LJ-14     Coulomb-14        LJ (SR)   Coulomb (SR)   Coul. recip.
    1.46979e+03    1.33918e+04    3.80771e+04   -4.86103e+05    1.53488e+03
      Potential    Kinetic En.   Total Energy  Conserved En.    Temperature
   -4.20334e+05    7.80253e+04   -3.42309e+05   -3.37601e+05    3.03193e+02
 Pressure (bar)   Constr. rmsd
   -8.79210e+02    0.00000e+00

           Step           Time
           3000        6.00000

   Energies (kJ/mol)
           Bond            U-B    Proper Dih.  Improper Dih.      CMAP Dih.
    1.71406e+03    4.69081e+03    5.05040e+03    2.91613e+02   -4.38885e+02
          LJ-14     Coulomb-14        LJ (SR)   Coulomb (SR)   Coul. recip.
    1.48920e+03    1.35356e+04    3.79306e+04   -4.87635e+05    1.55095e+03
      Potential    Kinetic En.   Total Energy  Conserved En.    Temperature
   -4.21820e+05    7.89406e+04   -3.42880e+05   -3.36900e+05    3.06750e+02
 Pressure (bar)   Constr. rmsd
   -6.75715e+02    0.00000e+00

           Step           Time
           4000        8.00000

   Energies (kJ/mol)
           Bond            U-B    Proper Dih.  Improper Dih.      CMAP Dih.
    1.71560e+03    4.65253e+03    5.09506e+03    3.23546e+02   -4.75268e+02
          LJ-14     Coulomb-14        LJ (SR)   Coulomb (SR)   Coul. recip.
    1.46712e+03    1.32234e+04    4.03279e+04   -4.90491e+05    1.59610e+03
      Potential    Kinetic En.   Total Energy  Conserved En.    Temperature
   -4.22565e+05    7.82724e+04   -3.44292e+05   -3.36606e+05    3.04154e+02
 Pressure (bar)   Constr. rmsd
   -2.62340e+02    0.00000e+00

           Step           Time
           5000       10.00000

   Energies (kJ/mol)
           Bond            U-B    Proper Dih.  Improper Dih.      CMAP Dih.
    1.69377e+03    4.64018e+03    5.19099e+03    2.87562e+02   -4.93160e+02
          LJ-14     Coulomb-14        LJ (SR)   Coulomb (SR)   Coul. recip.
    1.50044e+03    1.33882e+04    3.89489e+04   -4.90026e+05    1.58428e+03
      Potential    Kinetic En.   Total Energy  Conserved En.    Temperature
   -4.23284e+05    7.71600e+04   -3.46124e+05   -3.36258e+05    2.99831e+02
 Pressure (bar)   Constr. rmsd
   -2.82348e+02    0.00000e+00

           Step           Time
           6000       12.00000

   Energies (kJ/mol)
           Bond            U-B    Proper Dih.  Improper Dih.      CMAP Dih.
    1.78652e+03    4.62248e+03    5.11667e+03    2.78624e+02   -4.63390e+02
          LJ-14     Coulomb-14        LJ (SR)   Coulomb (SR)   Coul. recip.
    1.53310e+03    1.31996e+04    3.95041e+04   -4.91413e+05    1.56461e+03
      Potential    Kinetic En.   Total Energy  Conserved En.    Temperature
   -4.24271e+05    7.81310e+04   -3.46140e+05   -3.35856e+05    3.03604e+02
 Pressure (bar)   Constr. rmsd
   -4.62886e+01    0.00000e+00

           Step           Time
           7000       14.00000

   Energies (kJ/mol)
           Bond            U-B    Proper Dih.  Improper Dih.      CMAP Dih.
    1.77015e+03    4.61831e+03    5.18231e+03    2.90502e+02   -4.69582e+02
          LJ-14     Coulomb-14        LJ (SR)   Coulomb (SR)   Coul. recip.
    1.50844e+03    1.34283e+04    3.93568e+04   -4.91897e+05    1.46674e+03
      Potential    Kinetic En.   Total Energy  Conserved En.    Temperature
   -4.24745e+05    7.92349e+04   -3.45510e+05   -3.35708e+05    3.07894e+02
 Pressure (bar)   Constr. rmsd
   -1.82802e+02    0.00000e+00

           Step           Time
           8000       16.00000

   Energies (kJ/mol)
           Bond            U-B    Proper Dih.  Improper Dih.      CMAP Dih.
    1.73803e+03    4.55477e+03    5.10702e+03    2.73797e+02   -4.91666e+02
          LJ-14     Coulomb-14        LJ (SR)   Coulomb (SR)   Coul. recip.
    1.58959e+03    1.33442e+04    3.88052e+04   -4.92117e+05    1.47728e+03
      Potential    Kinetic En.   Total Energy  Conserved En.    Temperature
   -4.25719e+05    7.74730e+04   -3.48246e+05   -3.35603e+05    3.01047e+02
 Pressure (bar)   Constr. rmsd
   -1.31751e+02    0.00000e+00

           Step           Time
           9000       18.00000

   Energies (kJ/mol)
           Bond            U-B    Proper Dih.  Improper Dih.      CMAP Dih.
    1.65510e+03    4.50522e+03    5.16498e+03    2.87783e+02   -4.58777e+02
          LJ-14     Coulomb-14        LJ (SR)   Coulomb (SR)   Coul. recip.
    1.55454e+03    1.33072e+04    3.91497e+04   -4.92824e+05    1.47872e+03
      Potential    Kinetic En.   Total Energy  Conserved En.    Temperature
   -4.26180e+05    7.82909e+04   -3.47889e+05   -3.35428e+05    3.04225e+02
 Pressure (bar)   Constr. rmsd
   -1.11627e+02    0.00000e+00

           Step           Time
          10000       20.00000

   Energies (kJ/mol)
           Bond            U-B    Proper Dih.  Improper Dih.      CMAP Dih.
    1.66309e+03    4.61301e+03    5.10554e+03    3.22309e+02   -4.54706e+02
          LJ-14     Coulomb-14        LJ (SR)   Coulomb (SR)   Coul. recip.
    1.47176e+03    1.34309e+04    3.90900e+04   -4.92254e+05    1.45913e+03
      Potential    Kinetic En.   Total Energy  Conserved En.    Temperature
   -4.25553e+05    7.85212e+04   -3.47032e+05   -3.35367e+05    3.05120e+02
 Pressure (bar)   Constr. rmsd
   -2.52968e+02    0.00000e+00


 IMD: Pause command received.
 IMD: Resume command received.
           Step           Time
          11000       22.00000

   Energies (kJ/mol)
           Bond            U-B    Proper Dih.  Improper Dih.      CMAP Dih.
    1.70979e+03    4.58642e+03    5.13646e+03    3.04656e+02   -4.45677e+02
          LJ-14     Coulomb-14        LJ (SR)   Coulomb (SR)   Coul. recip.
    1.50498e+03    1.34282e+04    3.99543e+04   -4.92894e+05    1.46258e+03
      Potential    Kinetic En.   Total Energy  Conserved En.    Temperature
   -4.25253e+05    7.76599e+04   -3.47593e+05   -3.35365e+05    3.01774e+02
 Pressure (bar)   Constr. rmsd
    1.02919e+02    0.00000e+00

           Step           Time
          12000       24.00000

   Energies (kJ/mol)
           Bond            U-B    Proper Dih.  Improper Dih.      CMAP Dih.
    1.68529e+03    4.40261e+03    5.19670e+03    3.03333e+02   -4.41840e+02
          LJ-14     Coulomb-14        LJ (SR)   Coulomb (SR)   Coul. recip.
    1.48365e+03    1.34492e+04    3.99594e+04   -4.94641e+05    1.46548e+03
      Potential    Kinetic En.   Total Energy  Conserved En.    Temperature
   -4.27137e+05    7.79090e+04   -3.49228e+05   -3.35293e+05    3.02741e+02
 Pressure (bar)   Constr. rmsd
   -4.21675e+01    0.00000e+00

step 12800: timed with pme grid 60 60 60, coulomb cutoff 1.200: 46.7 M-cycles
step 13000: timed with pme grid 52 52 52, coulomb cutoff 1.327: 53.0 M-cycles
           Step           Time
          13000       26.00000

   Energies (kJ/mol)
           Bond            U-B    Proper Dih.  Improper Dih.      CMAP Dih.
    1.74373e+03    4.58488e+03    5.08659e+03    2.73601e+02   -4.87531e+02
          LJ-14     Coulomb-14        LJ (SR)   Coulomb (SR)   Coul. recip.
    1.47422e+03    1.33983e+04    3.93271e+04   -4.93151e+05    1.39150e+03
      Potential    Kinetic En.   Total Energy  Conserved En.    Temperature
   -4.26359e+05    7.72261e+04   -3.49133e+05   -3.35305e+05    3.00088e+02
 Pressure (bar)   Constr. rmsd
   -2.34278e+02    0.00000e+00

 IMD: Pause command received.
 IMD: Resume command received.
 IMD: Pause command received.
 IMD: Resume command received.
step 13200: timed with pme grid 56 56 56, coulomb cutoff 1.232: 164.3 M-cycles
step 13400: timed with pme grid 60 60 60, coulomb cutoff 1.200: 70.5 M-cycles
              optimal pme grid 60 60 60, coulomb cutoff 1.200
 IMD: Pause command received.
 IMD: Disconnecting client.
IMD: Will wait until I have a connection and IMD_GO orders.
IMD: Connection established, checking if I got IMD_GO orders.
 IMD: Pause command received.
 IMD: Resume command received.
 IMD: Pause command received.
 IMD: Disconnecting client.
IMD: Will wait until I have a connection and IMD_GO orders.
IMD: Connection established, checking if I got IMD_GO orders.
           Step           Time
          14000       28.00000

   Energies (kJ/mol)
           Bond            U-B    Proper Dih.  Improper Dih.      CMAP Dih.
    1.86341e+03    4.48946e+03    5.09047e+03    2.96766e+02   -3.82418e+02
          LJ-14     Coulomb-14        LJ (SR)   Coulomb (SR)   Coul. recip.
    1.47921e+03    1.32050e+04    4.03889e+04   -4.94198e+05    1.49611e+03
      Potential    Kinetic En.   Total Energy  Conserved En.    Temperature
   -4.26272e+05    7.72345e+04   -3.49037e+05   -3.35331e+05    3.00120e+02
 Pressure (bar)   Constr. rmsd
    1.09216e+01    0.00000e+00

           Step           Time
          15000       30.00000

   Energies (kJ/mol)
           Bond            U-B    Proper Dih.  Improper Dih.      CMAP Dih.
    1.79309e+03    4.45614e+03    5.14999e+03    3.14609e+02   -4.48880e+02
          LJ-14     Coulomb-14        LJ (SR)   Coulomb (SR)   Coul. recip.
    1.55354e+03    1.31493e+04    3.97405e+04   -4.93369e+05    1.47752e+03
      Potential    Kinetic En.   Total Energy  Conserved En.    Temperature
   -4.26183e+05    7.78908e+04   -3.48293e+05   -3.35386e+05    3.02671e+02
 Pressure (bar)   Constr. rmsd
    1.36977e+02    0.00000e+00

 IMD: Pause command received.
 IMD: Resume command received.
 IMD: Pause command received.
 IMD: Resume command received.
 IMD: Pause command received.
 IMD: Resume command received.
 IMD: Pause command received.
 IMD: Resume command received.
           Step           Time
          16000       32.00000

   Energies (kJ/mol)
           Bond            U-B    Proper Dih.  Improper Dih.      CMAP Dih.
    1.71301e+03    4.51392e+03    5.16779e+03    3.14751e+02   -4.76505e+02
          LJ-14     Coulomb-14        LJ (SR)   Coulomb (SR)   Coul. recip.
    1.54987e+03    1.32900e+04    4.03913e+04   -4.93845e+05    1.50042e+03
      Potential    Kinetic En.   Total Energy  Conserved En.    Temperature
   -4.25880e+05    7.80005e+04   -3.47880e+05   -3.35551e+05    3.03097e+02
 Pressure (bar)   Constr. rmsd
    1.13581e+02    0.00000e+00

 IMD: Pause command received.
 IMD: Resume command received.
           Step           Time
          17000       34.00000

   Energies (kJ/mol)
           Bond            U-B    Proper Dih.  Improper Dih.      CMAP Dih.
    1.70132e+03    4.59251e+03    5.14063e+03    3.00061e+02   -4.09143e+02
          LJ-14     Coulomb-14        LJ (SR)   Coulomb (SR)   Coul. recip.
    1.49495e+03    1.33349e+04    3.98209e+04   -4.92773e+05    1.53702e+03
      Potential    Kinetic En.   Total Energy  Conserved En.    Temperature
   -4.25260e+05    7.80493e+04   -3.47210e+05   -3.35368e+05    3.03286e+02
 Pressure (bar)   Constr. rmsd
    1.16763e+02    0.00000e+00

           Step           Time
          18000       36.00000

   Energies (kJ/mol)
           Bond            U-B    Proper Dih.  Improper Dih.      CMAP Dih.
    1.74122e+03    4.82257e+03    5.11843e+03    3.10536e+02   -3.75256e+02
          LJ-14     Coulomb-14        LJ (SR)   Coulomb (SR)   Coul. recip.
    1.49445e+03    1.32586e+04    3.99057e+04   -4.93191e+05    1.45171e+03
      Potential    Kinetic En.   Total Energy  Conserved En.    Temperature
   -4.25463e+05    7.81004e+04   -3.47362e+05   -3.35358e+05    3.03485e+02
 Pressure (bar)   Constr. rmsd
    1.43803e+02    0.00000e+00

           Step           Time
          19000       38.00000

   Energies (kJ/mol)
           Bond            U-B    Proper Dih.  Improper Dih.      CMAP Dih.
    1.76332e+03    4.80220e+03    5.07460e+03    3.04633e+02   -4.18891e+02
          LJ-14     Coulomb-14        LJ (SR)   Coulomb (SR)   Coul. recip.
    1.49174e+03    1.30973e+04    4.03485e+04   -4.93254e+05    1.41639e+03
      Potential    Kinetic En.   Total Energy  Conserved En.    Temperature
   -4.25375e+05    7.84411e+04   -3.46934e+05   -3.35300e+05    3.04809e+02
 Pressure (bar)   Constr. rmsd
    1.09185e+02    0.00000e+00

 IMD: Pause command received.
 IMD: Resume command received.
           Step           Time
          20000       40.00000

   Energies (kJ/mol)
           Bond            U-B    Proper Dih.  Improper Dih.      CMAP Dih.
    1.74888e+03    4.54599e+03    5.07307e+03    2.65216e+02   -4.56301e+02
          LJ-14     Coulomb-14        LJ (SR)   Coulomb (SR)   Coul. recip.
    1.55049e+03    1.33902e+04    3.88261e+04   -4.92330e+05    1.45044e+03
      Potential    Kinetic En.   Total Energy  Conserved En.    Temperature
   -4.25936e+05    7.83858e+04   -3.47550e+05   -3.35225e+05    3.04594e+02
 Pressure (bar)   Constr. rmsd
   -1.01606e+02    0.00000e+00

           Step           Time
          21000       42.00000

   Energies (kJ/mol)
           Bond            U-B    Proper Dih.  Improper Dih.      CMAP Dih.
    1.76519e+03    4.57602e+03    5.21407e+03    2.94472e+02   -4.33106e+02
          LJ-14     Coulomb-14        LJ (SR)   Coulomb (SR)   Coul. recip.
    1.49209e+03    1.32257e+04    3.88844e+04   -4.92244e+05    1.48945e+03
      Potential    Kinetic En.   Total Energy  Conserved En.    Temperature
   -4.25736e+05    7.79357e+04   -3.47800e+05   -3.35327e+05    3.02845e+02
 Pressure (bar)   Constr. rmsd
   -1.38400e+02    0.00000e+00

 IMD: Pause command received.
 IMD: Resume command received.
           Step           Time
          22000       44.00000

   Energies (kJ/mol)
           Bond            U-B    Proper Dih.  Improper Dih.      CMAP Dih.
    1.65413e+03    4.57342e+03    5.10983e+03    2.88963e+02   -4.25553e+02
          LJ-14     Coulomb-14        LJ (SR)   Coulomb (SR)   Coul. recip.
    1.47368e+03    1.34312e+04    3.95557e+04   -4.92676e+05    1.54015e+03
      Potential    Kinetic En.   Total Energy  Conserved En.    Temperature
   -4.25474e+05    7.84226e+04   -3.47051e+05   -3.35305e+05    3.04737e+02
 Pressure (bar)   Constr. rmsd
    3.51334e+01    0.00000e+00

           Step           Time
          23000       46.00000

   Energies (kJ/mol)
           Bond            U-B    Proper Dih.  Improper Dih.      CMAP Dih.
    1.68286e+03    4.50742e+03    5.09603e+03    3.08282e+02   -4.37195e+02
          LJ-14     Coulomb-14        LJ (SR)   Coulomb (SR)   Coul. recip.
    1.48131e+03    1.33081e+04    4.03052e+04   -4.93879e+05    1.43590e+03
      Potential    Kinetic En.   Total Energy  Conserved En.    Temperature
   -4.26191e+05    7.83007e+04   -3.47891e+05   -3.35361e+05    3.04263e+02
 Pressure (bar)   Constr. rmsd
    5.19577e+01    0.00000e+00

 IMD: Pause command received.
 IMD: Resume command received.
           Step           Time
          24000       48.00000

   Energies (kJ/mol)
           Bond            U-B    Proper Dih.  Improper Dih.      CMAP Dih.
    1.68259e+03    4.66253e+03    5.08899e+03    2.91086e+02   -4.12234e+02
          LJ-14     Coulomb-14        LJ (SR)   Coulomb (SR)   Coul. recip.
    1.53924e+03    1.34027e+04    4.05542e+04   -4.94066e+05    1.49258e+03
      Potential    Kinetic En.   Total Energy  Conserved En.    Temperature
   -4.25764e+05    7.81948e+04   -3.47569e+05   -3.35414e+05    3.03852e+02
 Pressure (bar)   Constr. rmsd
    2.68146e+02    0.00000e+00

 IMD: Pause command received.
 IMD: Resume command received.
           Step           Time
          25000       50.00000

   Energies (kJ/mol)
           Bond            U-B    Proper Dih.  Improper Dih.      CMAP Dih.
    1.74537e+03    4.58929e+03    5.12307e+03    3.17201e+02   -4.41508e+02
          LJ-14     Coulomb-14        LJ (SR)   Coulomb (SR)   Coul. recip.
    1.52202e+03    1.33819e+04    3.95912e+04   -4.93577e+05    1.46727e+03
      Potential    Kinetic En.   Total Energy  Conserved En.    Temperature
   -4.26281e+05    7.82222e+04   -3.48059e+05   -3.35516e+05    3.03958e+02
 Pressure (bar)   Constr. rmsd
   -2.13714e+02    0.00000e+00

 IMD: Pause command received.
 IMD: Resume command received.
 IMD: Pause command received.
 IMD: Resume command received.
 IMD: Pause command received.
 IMD: Resume command received.
 IMD: Pause command received.
 IMD: Resume command received.
           Step           Time
          26000       52.00000

   Energies (kJ/mol)
           Bond            U-B    Proper Dih.  Improper Dih.      CMAP Dih.
    1.74147e+03    4.36130e+03    5.11844e+03    3.20583e+02   -4.53128e+02
          LJ-14     Coulomb-14        LJ (SR)   Coulomb (SR)   Coul. recip.
    1.54616e+03    1.33249e+04    3.84649e+04   -4.92698e+05    1.47668e+03
      Potential    Kinetic En.   Total Energy  Conserved En.    Temperature
   -4.26797e+05    7.69369e+04   -3.49860e+05   -3.35371e+05    2.98964e+02
 Pressure (bar)   Constr. rmsd
   -2.49283e+02    0.00000e+00

           Step           Time
          27000       54.00000

   Energies (kJ/mol)
           Bond            U-B    Proper Dih.  Improper Dih.      CMAP Dih.
    1.67153e+03    4.63189e+03    5.14716e+03    2.73378e+02   -4.10616e+02
          LJ-14     Coulomb-14        LJ (SR)   Coulomb (SR)   Coul. recip.
    1.49710e+03    1.31453e+04    3.96098e+04   -4.93829e+05    1.48362e+03
      Potential    Kinetic En.   Total Energy  Conserved En.    Temperature
   -4.26779e+05    7.77309e+04   -3.49048e+05   -3.35438e+05    3.02049e+02
 Pressure (bar)   Constr. rmsd
   -2.76657e+01    0.00000e+00

           Step           Time
          28000       56.00000

   Energies (kJ/mol)
           Bond            U-B    Proper Dih.  Improper Dih.      CMAP Dih.
    1.76092e+03    4.67542e+03    5.04262e+03    2.99039e+02   -3.65393e+02
          LJ-14     Coulomb-14        LJ (SR)   Coulomb (SR)   Coul. recip.
    1.44667e+03    1.31543e+04    3.93663e+04   -4.93775e+05    1.47042e+03
      Potential    Kinetic En.   Total Energy  Conserved En.    Temperature
   -4.26924e+05    7.85026e+04   -3.48422e+05   -3.35519e+05    3.05048e+02
 Pressure (bar)   Constr. rmsd
   -2.31268e+02    0.00000e+00

           Step           Time
          29000       58.00000

   Energies (kJ/mol)
           Bond            U-B    Proper Dih.  Improper Dih.      CMAP Dih.
    1.71467e+03    4.63113e+03    5.09099e+03    2.65208e+02   -4.33950e+02
          LJ-14     Coulomb-14        LJ (SR)   Coulomb (SR)   Coul. recip.
    1.47642e+03    1.33273e+04    3.97985e+04   -4.93164e+05    1.57670e+03
      Potential    Kinetic En.   Total Energy  Conserved En.    Temperature
   -4.25716e+05    7.84002e+04   -3.47316e+05   -3.35388e+05    3.04650e+02
 Pressure (bar)   Constr. rmsd
    1.06719e+02    0.00000e+00

           Step           Time
          30000       60.00000

   Energies (kJ/mol)
           Bond            U-B    Proper Dih.  Improper Dih.      CMAP Dih.
    1.70109e+03    4.76975e+03    5.11928e+03    3.41246e+02   -4.32961e+02
          LJ-14     Coulomb-14        LJ (SR)   Coulomb (SR)   Coul. recip.
    1.57036e+03    1.31692e+04    3.93058e+04   -4.93053e+05    1.45028e+03
      Potential    Kinetic En.   Total Energy  Conserved En.    Temperature
   -4.26059e+05    7.74258e+04   -3.48634e+05   -3.35291e+05    3.00864e+02
 Pressure (bar)   Constr. rmsd
    5.65341e+01    0.00000e+00

 IMD: Pause command received.
 IMD: Resume command received.
           Step           Time
          31000       62.00000

   Energies (kJ/mol)
           Bond            U-B    Proper Dih.  Improper Dih.      CMAP Dih.
    1.91882e+03    4.80812e+03    5.12838e+03    3.05603e+02   -4.85421e+02
          LJ-14     Coulomb-14        LJ (SR)   Coulomb (SR)   Coul. recip.
    1.41121e+03    1.32242e+04    3.90996e+04   -4.91681e+05    1.50376e+03
      Potential    Kinetic En.   Total Energy  Conserved En.    Temperature
   -4.24767e+05    7.83195e+04   -3.46447e+05   -3.35345e+05    3.04337e+02
 Pressure (bar)   Constr. rmsd
   -1.07583e+02    0.00000e+00

           Step           Time
          32000       64.00000

   Energies (kJ/mol)
           Bond            U-B    Proper Dih.  Improper Dih.      CMAP Dih.
    1.73875e+03    4.65104e+03    5.06848e+03    2.79491e+02   -4.03393e+02
          LJ-14     Coulomb-14        LJ (SR)   Coulomb (SR)   Coul. recip.
    1.52988e+03    1.34644e+04    3.95819e+04   -4.91838e+05    1.55213e+03
      Potential    Kinetic En.   Total Energy  Conserved En.    Temperature
   -4.24375e+05    7.86045e+04   -3.45771e+05   -3.35376e+05    3.05444e+02
 Pressure (bar)   Constr. rmsd
    1.09929e+02    0.00000e+00

           Step           Time
          33000       66.00000

   Energies (kJ/mol)
           Bond            U-B    Proper Dih.  Improper Dih.      CMAP Dih.
    1.73682e+03    4.67863e+03    5.18869e+03    2.80450e+02   -4.11896e+02
          LJ-14     Coulomb-14        LJ (SR)   Coulomb (SR)   Coul. recip.
    1.47331e+03    1.36440e+04    3.90612e+04   -4.91733e+05    1.48673e+03
      Potential    Kinetic En.   Total Energy  Conserved En.    Temperature
   -4.24595e+05    7.91981e+04   -3.45397e+05   -3.35295e+05    3.07750e+02
 Pressure (bar)   Constr. rmsd
    2.74296e+00    0.00000e+00

           Step           Time
          34000       68.00000

   Energies (kJ/mol)
           Bond            U-B    Proper Dih.  Improper Dih.      CMAP Dih.
    1.80938e+03    4.57392e+03    5.15552e+03    3.19616e+02   -4.01515e+02
          LJ-14     Coulomb-14        LJ (SR)   Coulomb (SR)   Coul. recip.
    1.46606e+03    1.31705e+04    3.92341e+04   -4.92443e+05    1.48289e+03
      Potential    Kinetic En.   Total Energy  Conserved En.    Temperature
   -4.25632e+05    7.93388e+04   -3.46293e+05   -3.35434e+05    3.08297e+02
 Pressure (bar)   Constr. rmsd
   -1.69575e+02    0.00000e+00

           Step           Time
          35000       70.00000

   Energies (kJ/mol)
           Bond            U-B    Proper Dih.  Improper Dih.      CMAP Dih.
    1.76934e+03    4.80334e+03    5.09962e+03    3.02150e+02   -3.99881e+02
          LJ-14     Coulomb-14        LJ (SR)   Coulomb (SR)   Coul. recip.
    1.42656e+03    1.32869e+04    3.90505e+04   -4.92906e+05    1.49792e+03
      Potential    Kinetic En.   Total Energy  Conserved En.    Temperature
   -4.26069e+05    7.91302e+04   -3.46939e+05   -3.35379e+05    3.07487e+02
 Pressure (bar)   Constr. rmsd
   -2.38208e+02    0.00000e+00

