Charm++: standalone mode (not using charmrun)
Charm++> Running in Multicore mode: 12 threads (PEs)
Charm++> Using recursive bisection (scheme 3) for topology aware partitions
Converse/Charm++ Commit ID: v80000
CharmLB> Load balancer assumes all CPUs are same.
Charm++> Running on 1 hosts (2 sockets x 24 cores x 1 PUs = 48-way SMP)
Charm++> cpu topology info is gathered in 0.001 seconds.
Info: Built with CUDA version 11080
Pe 0 physical rank 0 will use CUDA device of pe 8
Pe 6 physical rank 6 will use CUDA device of pe 8
Pe 3 physical rank 3 will use CUDA device of pe 8
Pe 1 physical rank 1 will use CUDA device of pe 8
Pe 8 physical rank 8 binding to CUDA device 0 on sg012: 'NVIDIA A100-SXM4-80GB'  Mem: 81155MB  Rev: 8.0  PCI: 0:1:0
Pe 7 physical rank 7 will use CUDA device of pe 8
Pe 4 physical rank 4 will use CUDA device of pe 8
Pe 9 physical rank 9 will use CUDA device of pe 8
Pe 5 physical rank 5 will use CUDA device of pe 8
Pe 11 physical rank 11 will use CUDA device of pe 8
Pe 2 physical rank 2 will use CUDA device of pe 8
Pe 10 physical rank 10 will use CUDA device of pe 8
CharmLB> Load balancing instrumentation for communication is off.
Info: NAMD 3.1alpha2 for Linux-x86_64-multicore-CUDA
Info: 
Info: Please visit http://www.ks.uiuc.edu/Research/namd/
Info: for updates, documentation, and support information.
Info: 
Info: Please cite Phillips et al., J. Chem. Phys. 153:044130 (2020) doi:10.1063/5.0014475
Info: in all publications reporting results obtained with NAMD.
Info: 
Info: Based on Charm++/Converse 80000 for multicore-linux-x86_64
Info: Built Wed Feb 26 02:26:55 MST 2025 by athiru12 on sg005
Info: 1 NAMD  3.1alpha2  Linux-x86_64-multicore-CUDA  12    sg012  athiru12
Info: Running on 12 processors, 1 nodes, 1 physical nodes.
Info: CPU topology information available.
Info: Charm++/Converse parallel runtime startup completed at 0.788997 s
CkLoopLib is used in SMP with simple dynamic scheduling (converse-level notification)
Info: 0 MB of memory in use based on /proc/self/stat
Info: Configuration file is input/step5_vanilla_12_run.inp
Info: Changed directory to input
TCL: Suspending until startup complete.
Warning: Option "1-4scaling" has been deprecated. Instead use "oneFourScaling".
Warning: Option "CUDASOAintegrate" has been deprecated. Instead use "GPUresident".
Info: EXTENDED SYSTEM FILE   ../output/step4_equilibration.xsc
Info: Tuning parameters to improve GPU-resident performance
Info: Setting margin to 4
Warning: The Langevin gamma parameters differ over the particles,
Warning: requiring extra work per step to constrain rigid bonds.
Info: Enabling PMEOffload because PMEInterpOrder > 4.
Info: Running with GPU-resident mode
Warning: Always using force tables for GPU nonbonded kernel due to unsupported config parameters.
Info: SIMULATION PARAMETERS:
Info: TIMESTEP               2
Info: NUMBER OF STEPS        500000
Info: STEPS PER CYCLE        20
Info: PERIODIC CELL BASIS 1  69 0 0
Info: PERIODIC CELL BASIS 2  0 69 0
Info: PERIODIC CELL BASIS 3  0 0 69
Info: PERIODIC CELL CENTER   0 0 0
Info: WRAPPING WATERS AROUND PERIODIC BOUNDARIES ON OUTPUT.
Info: WRAPPING ALL CLUSTERS AROUND PERIODIC BOUNDARIES ON OUTPUT.
Info: LOAD BALANCER  Centralized
Info: LOAD BALANCING STRATEGY  New Load Balancers -- DEFAULT
Info: LDB PERIOD             4000 steps
Info: FIRST LDB TIMESTEP     100
Info: LAST LDB TIMESTEP     -1
Info: LDB BACKGROUND SCALING 1
Info: HOM BACKGROUND SCALING 1
Info: PME BACKGROUND SCALING 1
Info: MIN ATOMS PER PATCH    40
Info: EMPTY PATCH LOAD       40 ATOMS
Info: VELOCITY FILE          ../output/step4_equilibration.vel
Info: CENTER OF MASS MOVING INITIALLY? NO
Info: DIELECTRIC             1
Info: EXCLUDE                SCALED ONE-FOUR
Info: 1-4 ELECTROSTATICS SCALED BY 1
Info: MODIFIED 1-4 VDW PARAMETERS WILL BE USED
Info: NO DCD TRAJECTORY OUTPUT
Info: NO EXTENDED SYSTEM TRAJECTORY OUTPUT
Info: NO VELOCITY DCD OUTPUT
Info: NO FORCE DCD OUTPUT
Info: OUTPUT FILENAME        ../output/run-2/step5_vanilla_12_1
Info: BINARY OUTPUT FILES WILL BE USED
Info: RESTART FILENAME       ../output/run-2/step5_vanilla_12_1.restart
Info: RESTART FREQUENCY      5000
Info: BINARY RESTART FILES WILL BE USED
Info: SWITCHING ACTIVE
Info: VDW FORCE SWITCHING ACTIVE
Info: SWITCHING ON           10
Info: SWITCHING OFF          12
Info: PAIRLIST DISTANCE      16
Info: PAIRLIST SHRINK RATE   0.01
Info: PAIRLIST GROW RATE     0.01
Info: PAIRLIST TRIGGER       0.3
Info: PAIRLISTS PER CYCLE    2
Info: PAIRLISTS ENABLED
Info: MARGIN                 4
Info: HYDROGEN GROUP CUTOFF  2.5
Info: PATCH DIMENSION        22.5
Info: ENERGY OUTPUT STEPS    5000
Info: ENERGY EVALUATION STEPS    5000
Info: OUTPUT ENERGY PRECISION 4
Info: CROSSTERM ENERGY INCLUDED IN DIHEDRAL
Info: TIMING OUTPUT STEPS    5000
Info: LANGEVIN DYNAMICS ACTIVE
Info: LANGEVIN TEMPERATURE   303.15
Info: LANGEVIN USING BBK INTEGRATOR
Info: LANGEVIN DAMPING COEFFICIENT IS 1 INVERSE PS
Info: LANGEVIN DYNAMICS NOT APPLIED TO HYDROGENS
Info: LANGEVIN PISTON PRESSURE CONTROL ACTIVE
Info:        TARGET PRESSURE IS 1.01325 BAR
Info:     OSCILLATION PERIOD IS 50 FS
Info:             DECAY TIME IS 25 FS
Info:     PISTON TEMPERATURE IS 303.15 K
Info:       PRESSURE CONTROL IS GROUP-BASED
Info:    INITIAL STRAIN RATE IS 0 0 0
Info:       CELL FLUCTUATION IS ISOTROPIC
Info: PARTICLE MESH EWALD (PME) ACTIVE
Info: PME TOLERANCE               1e-06
Info: PME EWALD COEFFICIENT       0.257952
Info: PME INTERPOLATION ORDER     6
Info: PME GRID DIMENSIONS         72 72 72
Info: PME MAXIMUM GRID SPACING    1
Info: PME RECIPROCAL SUM OFFLOADED TO GPU
Info: PME CALCULATION WILL BE PERFORMED ON GPU
Info: FULL ELECTROSTATIC EVALUATION FREQUENCY      1
Info: USING VERLET I (r-RESPA) MTS SCHEME.
Info: C1 SPLITTING OF LONG RANGE ELECTROSTATICS
Info: PLACING ATOMS IN PATCHES BY HYDROGEN GROUPS
Info: RIGID BONDS TO HYDROGEN : ALL
Info:         ERROR TOLERANCE : 1e-08
Info:          MAX ITERATIONS : 100
Info: RIGID WATER USING SETTLE ALGORITHM
Info: RANDOM NUMBER SEED     1742591397
Info: USE HYDROGEN BONDS?    NO
Info: COORDINATE PDB         step3_input.pdb
Info: STRUCTURE FILE         step3_input.psf
Info: PARAMETER file: CHARMM format! 
Info: PARAMETERS             toppar/par_all36m_prot.prm
Info: PARAMETERS             toppar/par_all36_na.prm
Info: PARAMETERS             toppar/par_all36_carb.prm
Info: PARAMETERS             toppar/par_all36_lipid.prm
Info: PARAMETERS             toppar/par_all36_cgenff.prm
Info: PARAMETERS             toppar/par_interface.prm
Info: PARAMETERS             toppar/toppar_all36_moreions.str
Info: PARAMETERS             toppar/toppar_all36_nano_lig.str
Info: PARAMETERS             toppar/toppar_all36_nano_lig_patch.str
Info: PARAMETERS             toppar/toppar_all36_synthetic_polymer.str
Info: PARAMETERS             toppar/toppar_all36_synthetic_polymer_patch.str
Info: PARAMETERS             toppar/toppar_all36_polymer_solvent.str
Info: PARAMETERS             toppar/toppar_water_ions.str
Info: PARAMETERS             toppar/toppar_dum_noble_gases.str
Info: PARAMETERS             toppar/toppar_ions_won.str
Info: PARAMETERS             toppar/cam.str
Info: PARAMETERS             toppar/toppar_all36_prot_arg0.str
Info: PARAMETERS             toppar/toppar_all36_prot_c36m_d_aminoacids.str
Info: PARAMETERS             toppar/toppar_all36_prot_fluoro_alkanes.str
Info: PARAMETERS             toppar/toppar_all36_prot_heme.str
Info: PARAMETERS             toppar/toppar_all36_prot_na_combined.str
Info: PARAMETERS             toppar/toppar_all36_prot_retinol.str
Info: PARAMETERS             toppar/toppar_all36_prot_model.str
Info: PARAMETERS             toppar/toppar_all36_prot_modify_res.str
Info: PARAMETERS             toppar/toppar_all36_na_nad_ppi.str
Info: PARAMETERS             toppar/toppar_all36_na_rna_modified.str
Info: PARAMETERS             toppar/toppar_all36_lipid_sphingo.str
Info: PARAMETERS             toppar/toppar_all36_lipid_archaeal.str
Info: PARAMETERS             toppar/toppar_all36_lipid_bacterial.str
Info: PARAMETERS             toppar/toppar_all36_lipid_cardiolipin.str
Info: PARAMETERS             toppar/toppar_all36_lipid_cholesterol.str
Info: PARAMETERS             toppar/toppar_all36_lipid_dag.str
Info: PARAMETERS             toppar/toppar_all36_lipid_inositol.str
Info: PARAMETERS             toppar/toppar_all36_lipid_lnp.str
Info: PARAMETERS             toppar/toppar_all36_lipid_lps.str
Info: PARAMETERS             toppar/toppar_all36_lipid_mycobacterial.str
Info: PARAMETERS             toppar/toppar_all36_lipid_miscellaneous.str
Info: PARAMETERS             toppar/toppar_all36_lipid_model.str
Info: PARAMETERS             toppar/toppar_all36_lipid_prot.str
Info: PARAMETERS             toppar/toppar_all36_lipid_tag.str
Info: PARAMETERS             toppar/toppar_all36_lipid_yeast.str
Info: PARAMETERS             toppar/toppar_all36_lipid_hmmm.str
Info: PARAMETERS             toppar/toppar_all36_lipid_detergent.str
Info: PARAMETERS             toppar/toppar_all36_lipid_ether.str
Info: PARAMETERS             toppar/toppar_all36_lipid_oxidized.str
Info: PARAMETERS             toppar/toppar_all36_carb_glycolipid.str
Info: PARAMETERS             toppar/toppar_all36_carb_glycopeptide.str
Info: PARAMETERS             toppar/toppar_all36_carb_imlab.str
Info: PARAMETERS             toppar/toppar_all36_label_spin.str
Info: PARAMETERS             toppar/toppar_all36_label_fluorophore.str
Info: USING ARITHMETIC MEAN TO COMBINE L-J SIGMA PARAMETERS
Info: BINARY COORDINATES     ../output/step4_equilibration.coor
Warning: SKIPPING PART OF PARAMETER FILE AFTER RETURN STATEMENT

Warning: DUPLICATE DIHEDRAL ENTRY FOR HAL1-CTO1-C-NHL
PREVIOUS VALUES MULTIPLICITY: 1
  k=0  n=1  delta=0INCREASING MULTIPLICITY TO: 2
  k=0  n=3  delta=0

Warning: DUPLICATE DIHEDRAL ENTRY FOR HAL1-CTO1-C-O
PREVIOUS VALUES MULTIPLICITY: 1
  k=0  n=1  delta=0INCREASING MULTIPLICITY TO: 2
  k=0  n=2  delta=3.14159
Warning: SKIPPING PART OF PARAMETER FILE AFTER RETURN STATEMENT

Warning: DUPLICATE DIHEDRAL ENTRY FOR CTL2-CG2O5-CTL1-CTL3
PREVIOUS VALUES MULTIPLICITY: 1
  k=0.75  n=1  delta=0  k=0.18  n=2  delta=3.14159INCREASING MULTIPLICITY TO: 3
  k=0.065  n=3  delta=0

Warning: DUPLICATE BOND ENTRY FOR CEL1-CL
PREVIOUS VALUES  k=440  x0=1.489
   USING VALUES  k=300  x0=1.48
Info: SUMMARY OF PARAMETERS:
Info: 1988 BONDS
Info: 6776 ANGLES
Info: 19939 DIHEDRAL
Info: 430 IMPROPER
Info: 28 CROSSTERM
Info: 751 VDW
Info: 122 VDW_PAIRS
Info: 0 NBTHOLE_PAIRS
Warning: Ignored 9467 bonds with zero force constants.
Warning: Will get H-H distance in rigid H2O from H-O-H angle.
Info: TIME FOR READING PSF FILE: 0.0608483
Info: Reading pdb file step3_input.pdb
Info: TIME FOR READING PDB FILE: 0.0263245
Info: 
Info: ****************************
Info: STRUCTURE SUMMARY:
Info: 30423 ATOMS
Info: 20918 BONDS
Info: 13014 ANGLES
Info: 5187 DIHEDRALS
Info: 373 IMPROPERS
Info: 127 CROSSTERMS
Info: 0 EXCLUSIONS
Info: 29360 RIGID BONDS
Info: 61909 DEGREES OF FREEDOM
Info: 10530 HYDROGEN GROUPS
Info: 4 ATOMS IN LARGEST HYDROGEN GROUP
Info: 10530 MIGRATION GROUPS
Info: 4 ATOMS IN LARGEST MIGRATION GROUP
Info: TOTAL MASS = 186727 amu
Info: TOTAL CHARGE = 1.31875e-06 e
Info: MASS DENSITY = 0.943883 g/cm^3
Info: ATOM DENSITY = 0.0926093 atoms/A^3
Info: *****************************
Info: Reading from binary file ../output/step4_equilibration.coor
Info: 
Info: Entering startup at 0.972942 s, 0 MB of memory in use
Info: Startup phase 0 took 0.000114566 s, 0 MB of memory in use
Info: ADDED 39038 IMPLICIT EXCLUSIONS
Info: Startup phase 1 took 0.00596917 s, 0 MB of memory in use
Info: NONBONDED TABLE R-SQUARED SPACING: 0.0625
Info: NONBONDED TABLE SIZE: 769 POINTS
Info: INCONSISTENCY IN FAST TABLE ENERGY VS FORCE: 0.000325096 AT 11.9556
Info: INCONSISTENCY IN SCOR TABLE ENERGY VS FORCE: 0.000324844 AT 11.9556
Info: INCONSISTENCY IN VDWA TABLE ENERGY VS FORCE: 0.0040507 AT 0.251946
Info: INCONSISTENCY IN VDWB TABLE ENERGY VS FORCE: 0.00150189 AT 0.251946
Info: Startup phase 2 took 0.0111055 s, 0 MB of memory in use
Info: Startup phase 3 took 7.6945e-05 s, 0 MB of memory in use
Info: Startup phase 4 took 0.000352464 s, 0 MB of memory in use
Info: Startup phase 5 took 6.0434e-05 s, 0 MB of memory in use
Info: PATCH GRID IS 3 (PERIODIC) BY 3 (PERIODIC) BY 3 (PERIODIC)
Info: PATCH GRID IS 1-AWAY BY 1-AWAY BY 1-AWAY
Info: Reading from binary file ../output/step4_equilibration.vel
Info: REMOVING COM VELOCITY 0.0102651 -0.01707 0.00842024
Info: LARGEST PATCH (13) HAS 1316 ATOMS
Info: TORUS A SIZE 1 USING 0
Info: TORUS B SIZE 1 USING 0
Info: TORUS C SIZE 1 USING 0
Info: TORUS MINIMAL MESH SIZE IS 1 BY 1 BY 1
Info: Placed 100% of base nodes on same physical node as patch
Info: Startup phase 6 took 0.0131797 s, 0 MB of memory in use
Info: Use 3D box decompostion in PME FFT.
Info: PME using 1 x 1 x 1 pencil grid for FFT and reciprocal sum.
Info: Startup phase 7 took 0.000222008 s, 0 MB of memory in use
Info: Updated CUDA force table with 4096 elements.
Info: Updated CUDA LJ table with 751 x 751 elements.
Info: Startup phase 8 took 0.00578653 s, 0 MB of memory in use
Info: Startup phase 9 took 8.4249e-05 s, 0 MB of memory in use
Info: Startup phase 10 took 8.3277e-05 s, 0 MB of memory in use
Info: Startup phase 11 took 0.00728215 s, 0 MB of memory in use
LDB: Central LB being created...
Info: Startup phase 12 took 0.00213137 s, 0 MB of memory in use
Info: CREATING 663 COMPUTE OBJECTS
Info: Found 268 unique exclusion lists needing 4316 bytes
Info: useSync: 0 useProxySync: 0
Info: Startup phase 13 took 0.0224416 s, 0 MB of memory in use
Info: Startup phase 14 took 7.7706e-05 s, 0 MB of memory in use
Info: Startup phase 15 took 2.1551e-05 s, 0 MB of memory in use
Info: Finished startup at 1.04193 s, 0 MB of memory in use

TCL: Original numsteps 500000 will be ignored.
TCL: Running for 500000 steps
ETITLE:      TS           BOND          ANGLE          DIHED          IMPRP               ELECT            VDW       BOUNDARY           MISC        KINETIC               TOTAL           TEMP      POTENTIAL       TOTALAVG        TEMPAVG            PRESSURE      GPRESSURE         VOLUME       PRESSAVG      GPRESSAVG

ENERGY:       0       393.7845      1151.3864      1140.5717        75.7877        -111381.5649      9211.0936         0.0000         0.0000     18671.3312         -80737.6099       303.5372    -99408.9411    -80737.6099       303.5372          -1002.7069     -1000.5919    328509.0000     -1002.7069     -1000.5919

Info: Initial time: 12 CPUs 0.00125011 s/step 138.228 ns/day 0 MB memory
Info: Initial time: 12 CPUs 0.00128573 s/step 134.399 ns/day 0 MB memory
Info: Initial time: 12 CPUs 0.00116609 s/step 148.188 ns/day 0 MB memory
Info: Benchmark time: 12 CPUs 0.0011769 s/step 146.826 ns/day 0 MB memory
Info: Benchmark time: 12 CPUs 0.00116264 s/step 148.627 ns/day 0 MB memory
Info: Benchmark time: 12 CPUs 0.00113156 s/step 152.709 ns/day 0 MB memory
Info: Benchmark time: 12 CPUs 0.00119386 s/step 144.741 ns/day 0 MB memory
Info: Benchmark time: 12 CPUs 0.00118273 s/step 146.103 ns/day 0 MB memory
Info: Benchmark time: 12 CPUs 0.00118278 s/step 146.096 ns/day 0 MB memory
TIMING: 5000  CPU: 5.97028, 0.00117662/step  Wall: 5.95518, 0.00118101/step, 146.315 ns/days, 0.162389 hours remaining, 0.000000 MB of memory in use.
PERFORMANCE: 5000  averaging 146.315 ns/day, 0.00118101 sec/step with standard deviation 0
ENERGY:    5000       438.0523      1128.4360      1130.4878        68.4871        -113996.1178      9821.9871         0.0000         0.0000     18588.2538         -82820.4137       302.1866   -101408.6675    -81779.0118       302.8619            112.0772       109.1699    300287.5068      -445.3149      -445.7110

WRITING EXTENDED SYSTEM TO RESTART FILE AT STEP 5000
WRITING COORDINATES TO RESTART FILE AT STEP 5000
FINISHED WRITING RESTART COORDINATES
The last position output (seq=5000) takes 0.007 seconds, 0.000 MB of memory in use
WRITING VELOCITIES TO RESTART FILE AT STEP 5000
FINISHED WRITING RESTART VELOCITIES
The last velocity output (seq=5000) takes 0.006 seconds, 0.000 MB of memory in use
TIMING: 10000  CPU: 11.7689, 0.00115972/step  Wall: 11.7817, 0.00116531/step, 148.287 ns/days, 0.158611 hours remaining, 0.000000 MB of memory in use.
PERFORMANCE: 10000  averaging 147.295 ns/day, 0.00117316 sec/step with standard deviation 1.11049e-05
ENERGY:   10000       459.4550      1149.3169      1127.4362        75.7350        -114417.8350     10008.3116         0.0000         0.0000     18474.0887         -83123.4917       300.3306   -101597.5804    -82227.1717       302.0181            163.0944       163.9723    300386.6973      -242.5118      -242.4833

WRITING EXTENDED SYSTEM TO RESTART FILE AT STEP 10000
WRITING COORDINATES TO RESTART FILE AT STEP 10000
FINISHED WRITING RESTART COORDINATES
The last position output (seq=10000) takes 0.008 seconds, 0.000 MB of memory in use
WRITING VELOCITIES TO RESTART FILE AT STEP 10000
FINISHED WRITING RESTART VELOCITIES
The last velocity output (seq=10000) takes 0.006 seconds, 0.000 MB of memory in use
TIMING: 15000  CPU: 17.9895, 0.00124412/step  Wall: 18.0462, 0.00125291/step, 137.919 ns/days, 0.168794 hours remaining, 0.000000 MB of memory in use.
PERFORMANCE: 15000  averaging 144.031 ns/day, 0.00119974 sec/step with standard deviation 4.6708e-05
ENERGY:   15000       389.6757      1114.7291      1120.6518        68.1666        -114076.3654      9771.1383         0.0000         0.0000     18631.8518         -82980.1522       302.8954   -101612.0040    -82415.4169       302.2374            291.8734       291.7787    299748.1057      -108.9155      -108.9178

WRITING EXTENDED SYSTEM TO RESTART FILE AT STEP 15000
WRITING COORDINATES TO RESTART FILE AT STEP 15000
FINISHED WRITING RESTART COORDINATES
The last position output (seq=15000) takes 0.008 seconds, 0.000 MB of memory in use
WRITING VELOCITIES TO RESTART FILE AT STEP 15000
FINISHED WRITING RESTART VELOCITIES
The last velocity output (seq=15000) takes 0.008 seconds, 0.000 MB of memory in use
TIMING: 20000  CPU: 23.784, 0.0011589/step  Wall: 23.8771, 0.00116618/step, 148.176 ns/days, 0.155491 hours remaining, 0.000000 MB of memory in use.
PERFORMANCE: 20000  averaging 145.045 ns/day, 0.00119135 sec/step with standard deviation 4.16653e-05
ENERGY:   20000       439.6579      1124.9904      1111.2593        75.0128        -114401.2198      9944.8300         0.0000         0.0000     18779.7988         -82925.6705       305.3005   -101705.4693    -82517.4676       302.8501             50.0155        52.1213    300796.7487       -77.1293       -76.7099

WRITING EXTENDED SYSTEM TO RESTART FILE AT STEP 20000
WRITING COORDINATES TO RESTART FILE AT STEP 20000
FINISHED WRITING RESTART COORDINATES
The last position output (seq=20000) takes 0.010 seconds, 0.000 MB of memory in use
WRITING VELOCITIES TO RESTART FILE AT STEP 20000
FINISHED WRITING RESTART VELOCITIES
The last velocity output (seq=20000) takes 0.009 seconds, 0.000 MB of memory in use
TIMING: 25000  CPU: 29.5666, 0.00115652/step  Wall: 29.6975, 0.00116407/step, 148.444 ns/days, 0.153593 hours remaining, 0.000000 MB of memory in use.
PERFORMANCE: 25000  averaging 145.713 ns/day, 0.0011859 sec/step with standard deviation 3.80895e-05
ENERGY:   25000       416.7076      1149.4930      1099.9732        76.4187        -113893.6254      9768.4471         0.0000         0.0000     18641.9333         -82740.6524       303.0593   -101382.5857    -82554.6651       302.8849             96.5501        99.9764    299445.0533       -48.1827       -47.2622

WRITING EXTENDED SYSTEM TO RESTART FILE AT STEP 25000
WRITING COORDINATES TO RESTART FILE AT STEP 25000
FINISHED WRITING RESTART COORDINATES
The last position output (seq=25000) takes 0.013 seconds, 0.000 MB of memory in use
WRITING VELOCITIES TO RESTART FILE AT STEP 25000
FINISHED WRITING RESTART VELOCITIES
The last velocity output (seq=25000) takes 0.010 seconds, 0.000 MB of memory in use
TIMING: 30000  CPU: 35.6319, 0.00121306/step  Wall: 35.8149, 0.00122348/step, 141.237 ns/days, 0.159732 hours remaining, 0.000000 MB of memory in use.
PERFORMANCE: 30000  averaging 144.947 ns/day, 0.00119216 sec/step with standard deviation 3.73639e-05
ENERGY:   30000       467.5018      1113.0089      1132.6887        70.6557        -113302.0215      9432.6982         0.0000         0.0000     18742.0432         -82343.4251       304.6867   -101085.4683    -82524.4879       303.1423           -413.6230      -409.5136    301213.7476      -100.3885       -99.0124

WRITING EXTENDED SYSTEM TO RESTART FILE AT STEP 30000
WRITING COORDINATES TO RESTART FILE AT STEP 30000
FINISHED WRITING RESTART COORDINATES
The last position output (seq=30000) takes 0.009 seconds, 0.000 MB of memory in use
WRITING VELOCITIES TO RESTART FILE AT STEP 30000
FINISHED WRITING RESTART VELOCITIES
TIMING: 35000  CPU: 41.3599, 0.00114559/step  Wall: 41.5704, 0.00115111/step, 150.116 ns/days, 0.148685 hours remaining, 0.000000 MB of memory in use.
PERFORMANCE: 35000  averaging 145.664 ns/day, 0.00118629 sec/step with standard deviation 3.74717e-05
ENERGY:   35000       443.7283      1145.4417      1110.6834        63.9344        -114517.2840      9868.5907         0.0000         0.0000     18616.7241         -83268.1815       302.6494   -101884.9056    -82617.4496       303.0807            -56.3816       -59.2285    299793.1080       -94.8876       -94.0394

WRITING EXTENDED SYSTEM TO RESTART FILE AT STEP 35000
WRITING COORDINATES TO RESTART FILE AT STEP 35000
FINISHED WRITING RESTART COORDINATES
The last position output (seq=35000) takes 0.009 seconds, 0.000 MB of memory in use
WRITING VELOCITIES TO RESTART FILE AT STEP 35000
FINISHED WRITING RESTART VELOCITIES
TIMING: 40000  CPU: 47.1386, 0.00115573/step  Wall: 47.3866, 0.00116322/step, 148.553 ns/days, 0.148634 hours remaining, 0.000000 MB of memory in use.
PERFORMANCE: 40000  averaging 146.019 ns/day, 0.00118341 sec/step with standard deviation 3.56382e-05
ENERGY:   40000       425.5148      1084.4618      1121.5259        63.7426        -114384.5422      9864.8481         0.0000         0.0000     18578.8990         -83245.5500       302.0345   -101824.4490    -82687.2385       302.9645             70.0667        69.9044    299240.6320       -76.5594       -75.8234

WRITING EXTENDED SYSTEM TO RESTART FILE AT STEP 40000
WRITING COORDINATES TO RESTART FILE AT STEP 40000
FINISHED WRITING RESTART COORDINATES
The last position output (seq=40000) takes 0.009 seconds, 0.000 MB of memory in use
WRITING VELOCITIES TO RESTART FILE AT STEP 40000
FINISHED WRITING RESTART VELOCITIES
TIMING: 45000  CPU: 52.8679, 0.00114587/step  Wall: 53.1512, 0.00115293/step, 149.879 ns/days, 0.145718 hours remaining, 0.000000 MB of memory in use.
PERFORMANCE: 45000  averaging 146.438 ns/day, 0.00118002 sec/step with standard deviation 3.48502e-05
ENERGY:   45000       435.1124      1101.1572      1099.6717        62.4104        -114161.0515      9869.9226         0.0000         0.0000     18550.5798         -83042.1973       301.5741   -101592.7772    -82722.7344       302.8254             -1.6450         0.4896    301624.8568       -69.0679       -68.1921

WRITING EXTENDED SYSTEM TO RESTART FILE AT STEP 45000
WRITING COORDINATES TO RESTART FILE AT STEP 45000
FINISHED WRITING RESTART COORDINATES
The last position output (seq=45000) takes 0.008 seconds, 0.000 MB of memory in use
WRITING VELOCITIES TO RESTART FILE AT STEP 45000
FINISHED WRITING RESTART VELOCITIES
TIMING: 50000  CPU: 58.6212, 0.00115065/step  Wall: 58.9418, 0.00115811/step, 149.209 ns/days, 0.144763 hours remaining, 0.000000 MB of memory in use.
PERFORMANCE: 50000  averaging 146.71 ns/day, 0.00117783 sec/step with standard deviation 3.35801e-05
ETITLE:      TS           BOND          ANGLE          DIHED          IMPRP               ELECT            VDW       BOUNDARY           MISC        KINETIC               TOTAL           TEMP      POTENTIAL       TOTALAVG        TEMPAVG            PRESSURE      GPRESSURE         VOLUME       PRESSAVG      GPRESSAVG

ENERGY:   50000       429.4356      1180.0877      1117.3501        71.8637        -114065.9924      9609.3331         0.0000         0.0000     18768.8345         -82889.0876       305.1223   -101657.9222    -82737.8574       303.0342           -120.6367      -117.0510    300303.3155       -73.7560       -72.6339

WRITING EXTENDED SYSTEM TO RESTART FILE AT STEP 50000
WRITING COORDINATES TO RESTART FILE AT STEP 50000
FINISHED WRITING RESTART COORDINATES
The last position output (seq=50000) takes 0.009 seconds, 0.000 MB of memory in use
WRITING VELOCITIES TO RESTART FILE AT STEP 50000
FINISHED WRITING RESTART VELOCITIES
TIMING: 55000  CPU: 64.4291, 0.00116158/step  Wall: 64.7855, 0.00116875/step, 147.851 ns/days, 0.14447 hours remaining, 0.000000 MB of memory in use.
PERFORMANCE: 55000  averaging 146.813 ns/day, 0.00117701 sec/step with standard deviation 3.19745e-05
ENERGY:   55000       438.5381      1158.3003      1127.3659        81.1414        -113895.6616      9593.3943         0.0000         0.0000     18589.3384         -82907.5832       302.2042   -101496.9216    -82752.0013       302.9651           -208.4958      -212.9138    301549.9058       -84.9843       -84.3238

WRITING EXTENDED SYSTEM TO RESTART FILE AT STEP 55000
WRITING COORDINATES TO RESTART FILE AT STEP 55000
FINISHED WRITING RESTART COORDINATES
WRITING VELOCITIES TO RESTART FILE AT STEP 55000
FINISHED WRITING RESTART VELOCITIES
TIMING: 60000  CPU: 70.1833, 0.00115085/step  Wall: 70.5675, 0.0011564/step, 149.43 ns/days, 0.141337 hours remaining, 0.000000 MB of memory in use.
PERFORMANCE: 60000  averaging 147.028 ns/day, 0.00117529 sec/step with standard deviation 3.10615e-05
ENERGY:   60000       444.6943      1056.5228      1145.7236        74.2640        -113849.0077      9851.4402         0.0000         0.0000     18600.1418         -82676.2210       302.3799   -101276.3628    -82746.1720       302.9200            151.9796       152.0834    300430.7379       -66.7563       -66.1387

WRITING EXTENDED SYSTEM TO RESTART FILE AT STEP 60000
WRITING COORDINATES TO RESTART FILE AT STEP 60000
FINISHED WRITING RESTART COORDINATES
WRITING VELOCITIES TO RESTART FILE AT STEP 60000
FINISHED WRITING RESTART VELOCITIES
TIMING: 65000  CPU: 75.9726, 0.00115785/step  Wall: 76.3951, 0.00116553/step, 148.259 ns/days, 0.140835 hours remaining, 0.000000 MB of memory in use.
PERFORMANCE: 65000  averaging 147.122 ns/day, 0.00117454 sec/step with standard deviation 2.98621e-05
ENERGY:   65000       422.0247      1135.0225      1089.3805        67.6101        -113805.8531      9714.6920         0.0000         0.0000     18521.4253         -82855.6979       301.1002   -101377.1233    -82753.9953       302.7901           -102.9785      -100.3141    301427.7405       -69.3436       -68.5798

WRITING EXTENDED SYSTEM TO RESTART FILE AT STEP 65000
WRITING COORDINATES TO RESTART FILE AT STEP 65000
FINISHED WRITING RESTART COORDINATES
WRITING VELOCITIES TO RESTART FILE AT STEP 65000
FINISHED WRITING RESTART VELOCITIES
TIMING: 70000  CPU: 81.7326, 0.001152/step  Wall: 82.183, 0.00115758/step, 149.276 ns/days, 0.138267 hours remaining, 0.000000 MB of memory in use.
PERFORMANCE: 70000  averaging 147.273 ns/day, 0.00117333 sec/step with standard deviation 2.90462e-05
ENERGY:   70000       427.7062      1122.0251      1109.1545        70.3025        -114015.7127      9634.5549         0.0000         0.0000     18428.4877         -83223.4819       299.5893   -101651.9696    -82785.2944       302.5767           -156.9520      -159.1245    300346.9078       -75.1842       -74.6161

WRITING EXTENDED SYSTEM TO RESTART FILE AT STEP 70000
WRITING COORDINATES TO RESTART FILE AT STEP 70000
FINISHED WRITING RESTART COORDINATES
WRITING VELOCITIES TO RESTART FILE AT STEP 70000
FINISHED WRITING RESTART VELOCITIES
TIMING: 75000  CPU: 87.4637, 0.00114621/step  Wall: 87.9484, 0.00115308/step, 149.859 ns/days, 0.136128 hours remaining, 0.000000 MB of memory in use.
PERFORMANCE: 75000  averaging 147.443 ns/day, 0.00117198 sec/step with standard deviation 2.84736e-05
ENERGY:   75000       423.4670      1126.8301      1113.2767        69.4179        -113993.5444      9699.3272         0.0000         0.0000     18769.7818         -82791.4437       305.1377   -101561.2255    -82785.6787       302.7367           -142.6492      -143.0587    301507.6242       -79.4007       -78.8938

WRITING EXTENDED SYSTEM TO RESTART FILE AT STEP 75000
WRITING COORDINATES TO RESTART FILE AT STEP 75000
FINISHED WRITING RESTART COORDINATES
WRITING VELOCITIES TO RESTART FILE AT STEP 75000
FINISHED WRITING RESTART VELOCITIES
TIMING: 80000  CPU: 93.524, 0.00121206/step  Wall: 94.0837, 0.00122706/step, 140.825 ns/days, 0.143156 hours remaining, 0.000000 MB of memory in use.
PERFORMANCE: 80000  averaging 147.011 ns/day, 0.00117542 sec/step with standard deviation 3.07619e-05
ENERGY:   80000       401.9209      1089.6541      1140.1678        84.6938        -114016.2155      9803.7147         0.0000         0.0000     18465.6177         -83030.4466       300.1929   -101496.0642    -82800.0768       302.5871            142.3522       141.9305    300258.2214       -66.3564       -65.9041

WRITING EXTENDED SYSTEM TO RESTART FILE AT STEP 80000
WRITING COORDINATES TO RESTART FILE AT STEP 80000
FINISHED WRITING RESTART COORDINATES
WRITING VELOCITIES TO RESTART FILE AT STEP 80000
FINISHED WRITING RESTART VELOCITIES
TIMING: 85000  CPU: 99.2718, 0.00114957/step  Wall: 99.8663, 0.00115651/step, 149.415 ns/days, 0.13332 hours remaining, 0.000000 MB of memory in use.
PERFORMANCE: 85000  averaging 147.151 ns/day, 0.00117431 sec/step with standard deviation 3.01362e-05
ENERGY:   85000       422.9215      1144.7101      1147.9978        78.9394        -114204.2202      9904.1836         0.0000         0.0000     18491.2605         -83014.2073       300.6098   -101505.4678    -82811.9730       302.4772             -0.0246        -0.8476    301038.1740       -62.6713       -62.2898

WRITING EXTENDED SYSTEM TO RESTART FILE AT STEP 85000
WRITING COORDINATES TO RESTART FILE AT STEP 85000
FINISHED WRITING RESTART COORDINATES
WRITING VELOCITIES TO RESTART FILE AT STEP 85000
FINISHED WRITING RESTART VELOCITIES
TIMING: 90000  CPU: 105.005, 0.00114654/step  Wall: 105.626, 0.00115204/step, 149.994 ns/days, 0.131205 hours remaining, 0.000000 MB of memory in use.
PERFORMANCE: 90000  averaging 147.306 ns/day, 0.00117307 sec/step with standard deviation 2.97037e-05
ENERGY:   90000       436.6001      1085.2429      1116.6238        67.0598        -114103.4633      9682.3450         0.0000         0.0000     18708.9945         -83006.5972       304.1495   -101715.5917    -82822.2164       302.5653           -232.4265      -230.8359    300257.5494       -71.6058       -71.1607

WRITING EXTENDED SYSTEM TO RESTART FILE AT STEP 90000
WRITING COORDINATES TO RESTART FILE AT STEP 90000
FINISHED WRITING RESTART COORDINATES
WRITING VELOCITIES TO RESTART FILE AT STEP 90000
FINISHED WRITING RESTART VELOCITIES
TIMING: 95000  CPU: 110.763, 0.00115168/step  Wall: 111.412, 0.00115715/step, 149.332 ns/days, 0.13018 hours remaining, 0.000000 MB of memory in use.
PERFORMANCE: 95000  averaging 147.411 ns/day, 0.00117223 sec/step with standard deviation 2.90969e-05
ENERGY:   95000       400.9513      1168.7029      1138.9148        71.4607        -114372.4229      9998.8766         0.0000         0.0000     18621.0067         -82972.5099       302.7190   -101593.5166    -82829.7310       302.5729            155.6471       152.6152    301714.8831       -60.2432       -59.9719

WRITING EXTENDED SYSTEM TO RESTART FILE AT STEP 95000
WRITING COORDINATES TO RESTART FILE AT STEP 95000
FINISHED WRITING RESTART COORDINATES
WRITING VELOCITIES TO RESTART FILE AT STEP 95000
FINISHED WRITING RESTART VELOCITIES
TIMING: 100000  CPU: 116.501, 0.0011476/step  Wall: 117.187, 0.00115487/step, 149.627 ns/days, 0.128319 hours remaining, 0.000000 MB of memory in use.
PERFORMANCE: 100000  averaging 147.52 ns/day, 0.00117136 sec/step with standard deviation 2.85857e-05
ETITLE:      TS           BOND          ANGLE          DIHED          IMPRP               ELECT            VDW       BOUNDARY           MISC        KINETIC               TOTAL           TEMP      POTENTIAL       TOTALAVG        TEMPAVG            PRESSURE      GPRESSURE         VOLUME       PRESSAVG      GPRESSAVG

ENERGY:  100000       440.3649      1142.3836      1136.4323        80.8078        -114367.1901      9925.5661         0.0000         0.0000     18612.6860         -83028.9494       302.5838   -101641.6354    -82944.2980       302.5253            162.2894       161.8068    299623.5917        -1.9934        -1.8520

WRITING EXTENDED SYSTEM TO RESTART FILE AT STEP 100000
WRITING COORDINATES TO RESTART FILE AT STEP 100000
FINISHED WRITING RESTART COORDINATES
WRITING VELOCITIES TO RESTART FILE AT STEP 100000
FINISHED WRITING RESTART VELOCITIES
TIMING: 105000  CPU: 122.335, 0.00116689/step  Wall: 123.059, 0.00117442/step, 147.136 ns/days, 0.12886 hours remaining, 0.000000 MB of memory in use.
PERFORMANCE: 105000  averaging 147.502 ns/day, 0.00117151 sec/step with standard deviation 2.78699e-05
ENERGY:  105000       427.1265      1089.2175      1140.0444        93.5118        -114032.8684      9678.2865         0.0000         0.0000     18647.7119         -82956.9699       303.1532   -101604.6818    -82951.1258       302.5736            -41.1775       -43.3101    299706.1598        -9.6561        -9.4760

WRITING EXTENDED SYSTEM TO RESTART FILE AT STEP 105000
WRITING COORDINATES TO RESTART FILE AT STEP 105000
FINISHED WRITING RESTART COORDINATES
WRITING VELOCITIES TO RESTART FILE AT STEP 105000
FINISHED WRITING RESTART VELOCITIES
TIMING: 110000  CPU: 128.116, 0.00115621/step  Wall: 128.874, 0.001163/step, 148.581 ns/days, 0.125992 hours remaining, 0.000000 MB of memory in use.
PERFORMANCE: 110000  averaging 147.551 ns/day, 0.00117112 sec/step with standard deviation 2.72587e-05
ENERGY:  110000       412.0393      1143.6370      1145.6523        76.9631        -113925.9848      9755.7967         0.0000         0.0000     18556.5104         -82835.3860       301.6705   -101391.8964    -82936.7205       302.6406            -83.7415       -86.2279    302064.9051       -21.9979       -21.9860

WRITING EXTENDED SYSTEM TO RESTART FILE AT STEP 110000
WRITING COORDINATES TO RESTART FILE AT STEP 110000
FINISHED WRITING RESTART COORDINATES
WRITING VELOCITIES TO RESTART FILE AT STEP 110000
FINISHED WRITING RESTART VELOCITIES
TIMING: 115000  CPU: 133.874, 0.00115157/step  Wall: 134.657, 0.00115663/step, 149.399 ns/days, 0.123696 hours remaining, 0.000000 MB of memory in use.
PERFORMANCE: 115000  averaging 147.63 ns/day, 0.00117049 sec/step with standard deviation 2.68028e-05
ENERGY:  115000       425.1548      1154.5978      1140.9358        74.0746        -113880.8853      9651.9491         0.0000         0.0000     18638.4356         -82795.7376       303.0024   -101434.1732    -82927.4998       302.6460           -193.5175      -193.6887    300722.3211       -46.2674       -46.2593

WRITING EXTENDED SYSTEM TO RESTART FILE AT STEP 115000
WRITING COORDINATES TO RESTART FILE AT STEP 115000
FINISHED WRITING RESTART COORDINATES
WRITING VELOCITIES TO RESTART FILE AT STEP 115000
FINISHED WRITING RESTART VELOCITIES
TIMING: 120000  CPU: 140.043, 0.00123384/step  Wall: 141.324, 0.00133335/step, 129.598 ns/days, 0.140743 hours remaining, 0.000000 MB of memory in use.
PERFORMANCE: 120000  averaging 146.779 ns/day, 0.00117728 sec/step with standard deviation 4.23357e-05
ENERGY:  120000       429.0371      1161.5727      1112.4904        62.9364        -113794.3498      9785.7004         0.0000         0.0000     18563.9197         -82678.6932       301.7910   -101242.6128    -82915.1509       302.4705            171.8945       169.3155    300750.4982       -40.1735       -40.3996

WRITING EXTENDED SYSTEM TO RESTART FILE AT STEP 120000
WRITING COORDINATES TO RESTART FILE AT STEP 120000
FINISHED WRITING RESTART COORDINATES
WRITING VELOCITIES TO RESTART FILE AT STEP 120000
FINISHED WRITING RESTART VELOCITIES
TIMING: 125000  CPU: 145.772, 0.00114578/step  Wall: 147.096, 0.00115453/step, 149.671 ns/days, 0.120264 hours remaining, 0.000000 MB of memory in use.
PERFORMANCE: 125000  averaging 146.893 ns/day, 0.00117637 sec/step with standard deviation 4.16933e-05
ENERGY:  125000       454.7697      1139.3216      1112.2901        70.0127        -113971.8514      9807.6829         0.0000         0.0000     18581.7989         -82805.9754       302.0817   -101387.7744    -82918.4171       302.4216             37.0190        41.6299    301844.8645       -43.1501       -43.3170

WRITING EXTENDED SYSTEM TO RESTART FILE AT STEP 125000
WRITING COORDINATES TO RESTART FILE AT STEP 125000
FINISHED WRITING RESTART COORDINATES
WRITING VELOCITIES TO RESTART FILE AT STEP 125000
FINISHED WRITING RESTART VELOCITIES
TIMING: 130000  CPU: 151.521, 0.00114977/step  Wall: 152.881, 0.00115704/step, 149.347 ns/days, 0.118918 hours remaining, 0.000000 MB of memory in use.
PERFORMANCE: 130000  averaging 146.986 ns/day, 0.00117563 sec/step with standard deviation 4.10265e-05
ENERGY:  130000       444.8594      1119.5635      1105.1838        71.3652        -114094.2768      9881.1500         0.0000         0.0000     18542.8671         -82929.2879       301.4487   -101472.1550    -82947.7102       302.2597             69.5204        68.0810    300962.7528       -18.9929       -19.4372

WRITING EXTENDED SYSTEM TO RESTART FILE AT STEP 130000
WRITING COORDINATES TO RESTART FILE AT STEP 130000
FINISHED WRITING RESTART COORDINATES
WRITING VELOCITIES TO RESTART FILE AT STEP 130000
FINISHED WRITING RESTART VELOCITIES
TIMING: 135000  CPU: 157.249, 0.00114563/step  Wall: 158.652, 0.00115401/step, 149.739 ns/days, 0.117003 hours remaining, 0.000000 MB of memory in use.
PERFORMANCE: 135000  averaging 147.086 ns/day, 0.00117483 sec/step with standard deviation 4.04444e-05
ENERGY:  135000       425.6523      1128.9869      1112.7147        66.4366        -114634.2562     10144.7672         0.0000         0.0000     18626.7792         -83128.9192       302.8129   -101755.6985    -82940.7471       302.2679            272.4256       277.3793    299562.7602        -2.5525        -2.6068

WRITING EXTENDED SYSTEM TO RESTART FILE AT STEP 135000
WRITING COORDINATES TO RESTART FILE AT STEP 135000
FINISHED WRITING RESTART COORDINATES
WRITING VELOCITIES TO RESTART FILE AT STEP 135000
FINISHED WRITING RESTART VELOCITIES
TIMING: 140000  CPU: 162.941, 0.0011384/step  Wall: 164.38, 0.00114564/step, 150.833 ns/days, 0.114564 hours remaining, 0.000000 MB of memory in use.
PERFORMANCE: 140000  averaging 147.216 ns/day, 0.00117378 sec/step with standard deviation 4.00699e-05
ENERGY:  140000       406.7243      1132.7779      1106.6511        71.1783        -113704.2743      9647.3927         0.0000         0.0000     18753.6121         -82585.9378       304.8748   -101339.5499    -82907.7665       302.4099           -132.5558      -127.5405    301900.7819       -12.6836       -12.4791

WRITING EXTENDED SYSTEM TO RESTART FILE AT STEP 140000
WRITING COORDINATES TO RESTART FILE AT STEP 140000
FINISHED WRITING RESTART COORDINATES
WRITING VELOCITIES TO RESTART FILE AT STEP 140000
FINISHED WRITING RESTART VELOCITIES
TIMING: 145000  CPU: 169.004, 0.00121247/step  Wall: 170.477, 0.00121947/step, 141.701 ns/days, 0.120253 hours remaining, 0.000000 MB of memory in use.
PERFORMANCE: 145000  averaging 147.019 ns/day, 0.00117536 sec/step with standard deviation 4.02522e-05
ENERGY:  145000       437.5214      1108.0528      1115.7366        66.3433        -114407.6402      9758.9184         0.0000         0.0000     18688.8371         -83232.2307       303.8218   -101921.0679    -82917.2682       302.5223           -318.9231      -313.0357    300476.0511       -28.5476       -28.1554

WRITING EXTENDED SYSTEM TO RESTART FILE AT STEP 145000
WRITING COORDINATES TO RESTART FILE AT STEP 145000
FINISHED WRITING RESTART COORDINATES
WRITING VELOCITIES TO RESTART FILE AT STEP 145000
FINISHED WRITING RESTART VELOCITIES
TIMING: 150000  CPU: 174.745, 0.00114828/step  Wall: 176.256, 0.00115573/step, 149.516 ns/days, 0.112363 hours remaining, 0.000000 MB of memory in use.
PERFORMANCE: 150000  averaging 147.101 ns/day, 0.0011747 sec/step with standard deviation 3.9714e-05
ETITLE:      TS           BOND          ANGLE          DIHED          IMPRP               ELECT            VDW       BOUNDARY           MISC        KINETIC               TOTAL           TEMP      POTENTIAL       TOTALAVG        TEMPAVG            PRESSURE      GPRESSURE         VOLUME       PRESSAVG      GPRESSAVG

ENERGY:  150000       462.1545      1105.1435      1117.5539        75.5839        -114004.0393      9737.8935         0.0000         0.0000     18772.9931         -82732.7169       305.1899   -101505.7101    -82909.4496       302.5257             68.0899        68.8491    299266.1960       -19.1112       -18.8603

WRITING EXTENDED SYSTEM TO RESTART FILE AT STEP 150000
WRITING COORDINATES TO RESTART FILE AT STEP 150000
FINISHED WRITING RESTART COORDINATES
WRITING VELOCITIES TO RESTART FILE AT STEP 150000
FINISHED WRITING RESTART VELOCITIES
TIMING: 155000  CPU: 180.485, 0.00114801/step  Wall: 182.036, 0.00115607/step, 149.471 ns/days, 0.11079 hours remaining, 0.000000 MB of memory in use.
PERFORMANCE: 155000  averaging 147.176 ns/day, 0.0011741 sec/step with standard deviation 3.91896e-05
ENERGY:  155000       433.9578      1100.7436      1120.5984        83.2118        -113899.0682      9782.3516         0.0000         0.0000     18591.7604         -82786.4446       302.2436   -101378.2050    -82903.3927       302.5276             11.4159        15.5563    301488.7644        -8.1156        -7.4368

WRITING EXTENDED SYSTEM TO RESTART FILE AT STEP 155000
WRITING COORDINATES TO RESTART FILE AT STEP 155000
FINISHED WRITING RESTART COORDINATES
WRITING VELOCITIES TO RESTART FILE AT STEP 155000
FINISHED WRITING RESTART VELOCITIES
TIMING: 160000  CPU: 186.217, 0.00114638/step  Wall: 187.803, 0.00115345/step, 149.811 ns/days, 0.108937 hours remaining, 0.000000 MB of memory in use.
PERFORMANCE: 160000  averaging 147.257 ns/day, 0.00117346 sec/step with standard deviation 3.87248e-05
ENERGY:  160000       443.5984      1132.8796      1109.4084        66.0349        -114265.0613      9826.5136         0.0000         0.0000     18623.4793         -83063.1471       302.7592   -101686.6263    -82922.7390       302.5466             46.0794        37.1099    301001.3663       -13.4106       -13.1855

WRITING EXTENDED SYSTEM TO RESTART FILE AT STEP 160000
WRITING COORDINATES TO RESTART FILE AT STEP 160000
FINISHED WRITING RESTART COORDINATES
WRITING VELOCITIES TO RESTART FILE AT STEP 160000
FINISHED WRITING RESTART VELOCITIES
TIMING: 165000  CPU: 191.94, 0.00114464/step  Wall: 193.564, 0.00115212/step, 149.984 ns/days, 0.107211 hours remaining, 0.000000 MB of memory in use.
PERFORMANCE: 165000  averaging 147.338 ns/day, 0.00117281 sec/step with standard deviation 3.82955e-05
ENERGY:  165000       391.9727      1133.1389      1125.5782        81.5060        -113886.7482      9815.4055         0.0000         0.0000     18702.0740         -82637.0729       304.0369   -101339.1469    -82911.8078       302.6934            255.9729       255.0716    300713.2276         4.5369         4.5838

WRITING EXTENDED SYSTEM TO RESTART FILE AT STEP 165000
WRITING COORDINATES TO RESTART FILE AT STEP 165000
FINISHED WRITING RESTART COORDINATES
WRITING VELOCITIES TO RESTART FILE AT STEP 165000
FINISHED WRITING RESTART VELOCITIES
TIMING: 170000  CPU: 197.827, 0.00117724/step  Wall: 199.487, 0.00118451/step, 145.883 ns/days, 0.10858 hours remaining, 0.000000 MB of memory in use.
PERFORMANCE: 170000  averaging 147.295 ns/day, 0.00117316 sec/step with standard deviation 3.77641e-05
ENERGY:  170000       398.7153      1117.9188      1091.2268        90.1107        -114048.4601      9624.4915         0.0000         0.0000     18728.3117         -82997.6854       304.4635   -101725.9971    -82900.5179       302.9371              7.6545         6.8493    300851.8434        12.7673        12.8825

WRITING EXTENDED SYSTEM TO RESTART FILE AT STEP 170000
WRITING COORDINATES TO RESTART FILE AT STEP 170000
FINISHED WRITING RESTART COORDINATES
WRITING VELOCITIES TO RESTART FILE AT STEP 170000
FINISHED WRITING RESTART VELOCITIES
TIMING: 175000  CPU: 203.554, 0.00114549/step  Wall: 205.249, 0.00115253/step, 149.931 ns/days, 0.104048 hours remaining, 0.000000 MB of memory in use.
PERFORMANCE: 175000  averaging 147.369 ns/day, 0.00117257 sec/step with standard deviation 3.73676e-05
ENERGY:  175000       433.9927      1143.5799      1110.7950        68.0479        -114244.0508      9775.0113         0.0000         0.0000     18421.1982         -83291.4256       299.4708   -101712.6238    -82925.5170       302.6538            -72.5590       -74.3882    299859.3450        16.2718        16.3160

WRITING EXTENDED SYSTEM TO RESTART FILE AT STEP 175000
WRITING COORDINATES TO RESTART FILE AT STEP 175000
FINISHED WRITING RESTART COORDINATES
WRITING VELOCITIES TO RESTART FILE AT STEP 175000
FINISHED WRITING RESTART VELOCITIES
TIMING: 180000  CPU: 209.276, 0.00114443/step  Wall: 211.012, 0.00115247/step, 149.939 ns/days, 0.102442 hours remaining, 0.000000 MB of memory in use.
PERFORMANCE: 180000  averaging 147.439 ns/day, 0.00117201 sec/step with standard deviation 3.69819e-05
ENERGY:  180000       409.4123      1160.9206      1104.1026        74.1019        -113893.3782      9718.9746         0.0000         0.0000     18531.3019         -82894.5643       301.2607   -101425.8662    -82918.7229       302.7072             38.3177        40.7131    301286.5855        11.0700        11.2551

WRITING EXTENDED SYSTEM TO RESTART FILE AT STEP 180000
WRITING COORDINATES TO RESTART FILE AT STEP 180000
FINISHED WRITING RESTART COORDINATES
WRITING VELOCITIES TO RESTART FILE AT STEP 180000
FINISHED WRITING RESTART VELOCITIES
TIMING: 185000  CPU: 217.192, 0.00158308/step  Wall: 219.186, 0.00163483/step, 105.699 ns/days, 0.143048 hours remaining, 0.000000 MB of memory in use.
PERFORMANCE: 185000  averaging 145.882 ns/day, 0.00118452 sec/step with standard deviation 8.43741e-05
ENERGY:  185000       451.1089      1160.9127      1109.2894        81.9196        -113898.9479      9729.4982         0.0000         0.0000     18653.5762         -82712.6430       303.2485   -101366.2192    -82903.6447       302.8391             79.7821        82.0053    300175.9938        15.0604        15.3978

WRITING EXTENDED SYSTEM TO RESTART FILE AT STEP 185000
WRITING COORDINATES TO RESTART FILE AT STEP 185000
FINISHED WRITING RESTART COORDINATES
WRITING VELOCITIES TO RESTART FILE AT STEP 185000
FINISHED WRITING RESTART VELOCITIES
TIMING: 190000  CPU: 222.937, 0.00114906/step  Wall: 224.973, 0.00115749/step, 149.289 ns/days, 0.0996726 hours remaining, 0.000000 MB of memory in use.
PERFORMANCE: 190000  averaging 145.97 ns/day, 0.00118381 sec/step with standard deviation 8.33415e-05
ENERGY:  190000       425.4997      1071.5585      1110.9595        75.6534        -114318.5629      9948.3723         0.0000         0.0000     18623.3564         -83063.1631       302.7572   -101686.5195    -82906.4730       302.7695            -68.2168       -71.4763    301259.6545        23.2709        23.3657

WRITING EXTENDED SYSTEM TO RESTART FILE AT STEP 190000
WRITING COORDINATES TO RESTART FILE AT STEP 190000
FINISHED WRITING RESTART COORDINATES
WRITING VELOCITIES TO RESTART FILE AT STEP 190000
FINISHED WRITING RESTART VELOCITIES
TIMING: 195000  CPU: 232.208, 0.00185416/step  Wall: 234.86, 0.00197739/step, 87.3879 ns/days, 0.167529 hours remaining, 0.000000 MB of memory in use.
PERFORMANCE: 195000  averaging 143.503 ns/day, 0.00120415 sec/step with standard deviation 0.000151364
ENERGY:  195000       455.7779      1149.0950      1129.6045        76.1071        -114215.0408      9802.9513         0.0000         0.0000     18647.0296         -82954.4755       303.1421   -101601.5051    -82905.5713       302.7907            -22.1160       -21.7212    301087.1254        14.3827        14.6489

WRITING EXTENDED SYSTEM TO RESTART FILE AT STEP 195000
WRITING COORDINATES TO RESTART FILE AT STEP 195000
FINISHED WRITING RESTART COORDINATES
WRITING VELOCITIES TO RESTART FILE AT STEP 195000
FINISHED WRITING RESTART VELOCITIES
TIMING: 200000  CPU: 237.913, 0.00114107/step  Wall: 240.599, 0.00114786/step, 150.541 ns/days, 0.095655 hours remaining, 0.000000 MB of memory in use.
PERFORMANCE: 200000  averaging 143.671 ns/day, 0.00120275 sec/step with standard deviation 0.000149676
ETITLE:      TS           BOND          ANGLE          DIHED          IMPRP               ELECT            VDW       BOUNDARY           MISC        KINETIC               TOTAL           TEMP      POTENTIAL       TOTALAVG        TEMPAVG            PRESSURE      GPRESSURE         VOLUME       PRESSAVG      GPRESSAVG

ENERGY:  200000       417.5575      1120.7223      1129.8548        70.9817        -113679.4294      9742.2897         0.0000         0.0000     18683.0188         -82515.0046       303.7272   -101198.0234    -82879.8740       302.8478            236.0576       236.0443    300619.1112        18.0711        18.3608

WRITING EXTENDED SYSTEM TO RESTART FILE AT STEP 200000
WRITING COORDINATES TO RESTART FILE AT STEP 200000
FINISHED WRITING RESTART COORDINATES
WRITING VELOCITIES TO RESTART FILE AT STEP 200000
FINISHED WRITING RESTART VELOCITIES
TIMING: 205000  CPU: 243.685, 0.00115446/step  Wall: 246.406, 0.00116124/step, 148.806 ns/days, 0.0951572 hours remaining, 0.000000 MB of memory in use.
PERFORMANCE: 205000  averaging 143.792 ns/day, 0.00120173 sec/step with standard deviation 0.000147935
ENERGY:  205000       391.6973      1167.5864      1113.9424        78.9828        -114370.1654      9915.0170         0.0000         0.0000     18789.4708         -82913.4689       305.4577   -101702.9397    -82877.6990       302.9631            171.0422       171.7704    300804.5869        28.6821        29.1148

WRITING EXTENDED SYSTEM TO RESTART FILE AT STEP 205000
WRITING COORDINATES TO RESTART FILE AT STEP 205000
FINISHED WRITING RESTART COORDINATES
WRITING VELOCITIES TO RESTART FILE AT STEP 205000
FINISHED WRITING RESTART VELOCITIES
TIMING: 210000  CPU: 249.378, 0.00113849/step  Wall: 252.133, 0.00114545/step, 150.858 ns/days, 0.0922725 hours remaining, 0.000000 MB of memory in use.
PERFORMANCE: 210000  averaging 143.953 ns/day, 0.00120039 sec/step with standard deviation 0.000146378
ENERGY:  210000       416.7956      1138.9548      1123.1283        67.5356        -113934.3656      9626.6349         0.0000         0.0000     18441.4688         -83119.8475       299.8003   -101561.3163    -82891.9221       302.8696            -86.5077       -84.1811    300200.5496        28.5438        29.2172

WRITING EXTENDED SYSTEM TO RESTART FILE AT STEP 210000
WRITING COORDINATES TO RESTART FILE AT STEP 210000
FINISHED WRITING RESTART COORDINATES
WRITING VELOCITIES TO RESTART FILE AT STEP 210000
FINISHED WRITING RESTART VELOCITIES
TIMING: 215000  CPU: 256.398, 0.00140407/step  Wall: 259.221, 0.00141772/step, 121.886 ns/days, 0.112236 hours remaining, 0.000000 MB of memory in use.
PERFORMANCE: 215000  averaging 143.349 ns/day, 0.00120545 sec/step with standard deviation 0.000148374
ENERGY:  215000       416.5948      1145.0567      1124.3768        72.4281        -114020.5706      9838.4288         0.0000         0.0000     18627.9263         -82795.7592       302.8315   -101423.6855    -82891.9231       302.8610             19.5534        20.8188    301277.4383        39.1973        39.9425

WRITING EXTENDED SYSTEM TO RESTART FILE AT STEP 215000
WRITING COORDINATES TO RESTART FILE AT STEP 215000
FINISHED WRITING RESTART COORDINATES
WRITING VELOCITIES TO RESTART FILE AT STEP 215000
FINISHED WRITING RESTART VELOCITIES
TIMING: 220000  CPU: 262.105, 0.00114135/step  Wall: 264.976, 0.00115085/step, 150.149 ns/days, 0.0895109 hours remaining, 0.000000 MB of memory in use.
PERFORMANCE: 220000  averaging 143.497 ns/day, 0.00120421 sec/step with standard deviation 0.000146869
ENERGY:  220000       411.0710      1156.6629      1119.6562        73.9122        -114188.8384      9791.4515         0.0000         0.0000     18571.7491         -83064.3356       301.9183   -101636.0847    -82911.2053       302.8674            139.7687       141.3083    300809.7879        37.5910        38.5422

WRITING EXTENDED SYSTEM TO RESTART FILE AT STEP 220000
WRITING COORDINATES TO RESTART FILE AT STEP 220000
FINISHED WRITING RESTART COORDINATES
WRITING VELOCITIES TO RESTART FILE AT STEP 220000
FINISHED WRITING RESTART VELOCITIES
TIMING: 225000  CPU: 267.813, 0.00114168/step  Wall: 270.711, 0.00114707/step, 150.645 ns/days, 0.0876232 hours remaining, 0.000000 MB of memory in use.
PERFORMANCE: 225000  averaging 143.648 ns/day, 0.00120294 sec/step with standard deviation 0.00014544
ENERGY:  225000       428.3477      1124.2816      1115.9241        75.6218        -114485.4703      9929.9644         0.0000         0.0000     18492.0656         -83319.2651       300.6229   -101811.3306    -82936.8697       302.7944            212.5628       213.9760    299548.1925        46.3682        47.1595

WRITING EXTENDED SYSTEM TO RESTART FILE AT STEP 225000
WRITING COORDINATES TO RESTART FILE AT STEP 225000
FINISHED WRITING RESTART COORDINATES
WRITING VELOCITIES TO RESTART FILE AT STEP 225000
FINISHED WRITING RESTART VELOCITIES
TIMING: 230000  CPU: 273.516, 0.00114051/step  Wall: 276.455, 0.00114881/step, 150.417 ns/days, 0.0861604 hours remaining, 0.000000 MB of memory in use.
PERFORMANCE: 230000  averaging 143.789 ns/day, 0.00120176 sec/step with standard deviation 0.000144036
ENERGY:  230000       419.3211      1129.4984      1118.4197        69.3219        -114229.5947      9836.4582         0.0000         0.0000     18506.9446         -83149.6309       300.8648   -101656.5754    -82947.8869       302.7652            -27.9259       -28.1817    301666.5312        41.4959        42.3464

WRITING EXTENDED SYSTEM TO RESTART FILE AT STEP 230000
WRITING COORDINATES TO RESTART FILE AT STEP 230000
FINISHED WRITING RESTART COORDINATES
WRITING VELOCITIES TO RESTART FILE AT STEP 230000
FINISHED WRITING RESTART VELOCITIES
TIMING: 235000  CPU: 279.211, 0.00113909/step  Wall: 282.187, 0.00114637/step, 150.737 ns/days, 0.0843853 hours remaining, 0.000000 MB of memory in use.
PERFORMANCE: 235000  averaging 143.93 ns/day, 0.00120058 sec/step with standard deviation 0.000142691
ENERGY:  235000       454.1143      1141.7316      1140.2543        75.9367        -113984.4200      9676.2746         0.0000         0.0000     18835.8943         -82660.2141       306.2124   -101496.1083    -82924.4516       302.9352            -93.1970       -99.5382    299525.0995        23.2148        23.5005

WRITING EXTENDED SYSTEM TO RESTART FILE AT STEP 235000
WRITING COORDINATES TO RESTART FILE AT STEP 235000
FINISHED WRITING RESTART COORDINATES
WRITING VELOCITIES TO RESTART FILE AT STEP 235000
FINISHED WRITING RESTART VELOCITIES
TIMING: 240000  CPU: 284.948, 0.00114745/step  Wall: 287.96, 0.0011546/step, 149.662 ns/days, 0.083388 hours remaining, 0.000000 MB of memory in use.
PERFORMANCE: 240000  averaging 144.045 ns/day, 0.00119962 sec/step with standard deviation 0.000141321
ENERGY:  240000       455.4856      1134.4610      1095.4861        71.8036        -113877.2727      9740.1941         0.0000         0.0000     18556.6264         -82823.2158       301.6724   -101379.8422    -82936.3155       302.7751           -210.7096      -209.7290    302326.9287        19.3071        19.3911

WRITING EXTENDED SYSTEM TO RESTART FILE AT STEP 240000
WRITING COORDINATES TO RESTART FILE AT STEP 240000
FINISHED WRITING RESTART COORDINATES
WRITING VELOCITIES TO RESTART FILE AT STEP 240000
FINISHED WRITING RESTART VELOCITIES
TIMING: 245000  CPU: 290.661, 0.00114261/step  Wall: 293.708, 0.0011496/step, 150.314 ns/days, 0.0814298 hours remaining, 0.000000 MB of memory in use.
PERFORMANCE: 245000  averaging 144.168 ns/day, 0.0011986 sec/step with standard deviation 0.000140023
ENERGY:  245000       463.2570      1103.6849      1110.5130        78.0995        -114063.1186      9664.1041         0.0000         0.0000     18645.6941         -82997.7661       303.1204   -101643.4602    -82924.5923       302.7400           -178.2746      -174.4420    300052.9177        26.3395        26.3207

WRITING EXTENDED SYSTEM TO RESTART FILE AT STEP 245000
WRITING COORDINATES TO RESTART FILE AT STEP 245000
FINISHED WRITING RESTART COORDINATES
WRITING VELOCITIES TO RESTART FILE AT STEP 245000
FINISHED WRITING RESTART VELOCITIES
TIMING: 250000  CPU: 296.372, 0.00114201/step  Wall: 299.46, 0.00115044/step, 150.204 ns/days, 0.0798916 hours remaining, 0.000000 MB of memory in use.
PERFORMANCE: 250000  averaging 144.284 ns/day, 0.00119764 sec/step with standard deviation 0.000138755
ETITLE:      TS           BOND          ANGLE          DIHED          IMPRP               ELECT            VDW       BOUNDARY           MISC        KINETIC               TOTAL           TEMP      POTENTIAL       TOTALAVG        TEMPAVG            PRESSURE      GPRESSURE         VOLUME       PRESSAVG      GPRESSAVG

ENERGY:  250000       427.9438      1122.5556      1121.2124        74.2657        -114310.7093      9996.6624         0.0000         0.0000     18560.6975         -83007.3718       301.7386   -101568.0693    -82938.3250       302.5675            234.4791       233.4855    301590.7687        34.6590        34.5526

WRITING EXTENDED SYSTEM TO RESTART FILE AT STEP 250000
WRITING COORDINATES TO RESTART FILE AT STEP 250000
FINISHED WRITING RESTART COORDINATES
WRITING VELOCITIES TO RESTART FILE AT STEP 250000
FINISHED WRITING RESTART VELOCITIES
TIMING: 255000  CPU: 303.202, 0.00136605/step  Wall: 306.328, 0.00137361/step, 125.8 ns/days, 0.0934815 hours remaining, 0.000000 MB of memory in use.
PERFORMANCE: 255000  averaging 143.869 ns/day, 0.00120109 sec/step with standard deviation 0.000139552
ENERGY:  255000       432.7292      1158.7131      1105.5537        73.2463        -114152.0415      9848.3777         0.0000         0.0000     18664.2014         -82869.2200       303.4213   -101533.4215    -82942.4638       302.6263             28.1446        25.9699    299518.3637        35.4954        35.0732

WRITING EXTENDED SYSTEM TO RESTART FILE AT STEP 255000
WRITING COORDINATES TO RESTART FILE AT STEP 255000
FINISHED WRITING RESTART COORDINATES
WRITING VELOCITIES TO RESTART FILE AT STEP 255000
FINISHED WRITING RESTART VELOCITIES
TIMING: 260000  CPU: 308.917, 0.00114301/step  Wall: 312.08, 0.00115034/step, 150.217 ns/days, 0.0766893 hours remaining, 0.000000 MB of memory in use.
PERFORMANCE: 260000  averaging 143.986 ns/day, 0.00120011 sec/step with standard deviation 0.000138357
ENERGY:  260000       425.3452      1140.8029      1115.4221        63.6477        -113897.6997      9761.0352         0.0000         0.0000     18545.4642         -82845.9825       301.4910   -101391.4467    -82931.6056       302.5629             88.8708        90.4019    301523.1084        37.6350        37.7378

WRITING EXTENDED SYSTEM TO RESTART FILE AT STEP 260000
WRITING COORDINATES TO RESTART FILE AT STEP 260000
FINISHED WRITING RESTART COORDINATES
WRITING VELOCITIES TO RESTART FILE AT STEP 260000
FINISHED WRITING RESTART VELOCITIES
TIMING: 265000  CPU: 314.902, 0.00119698/step  Wall: 318.241, 0.00123217/step, 140.24 ns/days, 0.0804333 hours remaining, 0.000000 MB of memory in use.
PERFORMANCE: 265000  averaging 143.914 ns/day, 0.00120072 sec/step with standard deviation 0.000137091
ENERGY:  265000       434.0054      1130.6068      1114.8228        65.0606        -114094.3239      9896.9358         0.0000         0.0000     18800.3041         -82652.5884       305.6339   -101452.8925    -82932.3814       302.6428            256.8308       257.1226    300047.2060        37.6779        37.8404

WRITING EXTENDED SYSTEM TO RESTART FILE AT STEP 265000
WRITING COORDINATES TO RESTART FILE AT STEP 265000
FINISHED WRITING RESTART COORDINATES
WRITING VELOCITIES TO RESTART FILE AT STEP 265000
FINISHED WRITING RESTART VELOCITIES
TIMING: 270000  CPU: 320.609, 0.00114148/step  Wall: 323.985, 0.00114885/step, 150.411 ns/days, 0.0733991 hours remaining, 0.000000 MB of memory in use.
PERFORMANCE: 270000  averaging 144.029 ns/day, 0.00119976 sec/step with standard deviation 0.000135974
ENERGY:  270000       416.3721      1102.2043      1127.1124        73.9506        -114597.1128     10043.2094         0.0000         0.0000     18444.3557         -83389.9083       299.8473   -101834.2640    -82951.9925       302.4120            201.1786       197.4093    300954.9943        47.3541        47.3684

WRITING EXTENDED SYSTEM TO RESTART FILE AT STEP 270000
WRITING COORDINATES TO RESTART FILE AT STEP 270000
FINISHED WRITING RESTART COORDINATES
WRITING VELOCITIES TO RESTART FILE AT STEP 270000
FINISHED WRITING RESTART VELOCITIES
TIMING: 275000  CPU: 326.356, 0.00114928/step  Wall: 329.767, 0.0011564/step, 149.429 ns/days, 0.072275 hours remaining, 0.000000 MB of memory in use.
PERFORMANCE: 275000  averaging 144.124 ns/day, 0.00119897 sec/step with standard deviation 0.000134836
ENERGY:  275000       425.8978      1057.0518      1101.6620        70.6802        -114010.3902      9748.6953         0.0000         0.0000     18589.2818         -83017.1214       302.2033   -101606.4031    -82938.2773       302.5486             34.8206        33.2570    299627.7768        52.7231        52.7506

WRITING EXTENDED SYSTEM TO RESTART FILE AT STEP 275000
WRITING COORDINATES TO RESTART FILE AT STEP 275000
FINISHED WRITING RESTART COORDINATES
WRITING VELOCITIES TO RESTART FILE AT STEP 275000
FINISHED WRITING RESTART VELOCITIES
TIMING: 280000  CPU: 332.351, 0.00119908/step  Wall: 335.803, 0.00120725/step, 143.135 ns/days, 0.0737767 hours remaining, 0.000000 MB of memory in use.
PERFORMANCE: 280000  averaging 144.106 ns/day, 0.00119912 sec/step with standard deviation 0.000133609
ENERGY:  280000       449.2986      1092.3322      1115.8171        65.9818        -113959.5236      9707.2196         0.0000         0.0000     18627.2417         -82901.6326       302.8204   -101528.8743    -82938.6307       302.6266            -75.3042       -75.7650    300781.8054        47.0420        46.9267

WRITING EXTENDED SYSTEM TO RESTART FILE AT STEP 280000
WRITING COORDINATES TO RESTART FILE AT STEP 280000
FINISHED WRITING RESTART COORDINATES
WRITING VELOCITIES TO RESTART FILE AT STEP 280000
FINISHED WRITING RESTART VELOCITIES
TIMING: 285000  CPU: 338.052, 0.00114014/step  Wall: 341.539, 0.0011472/step, 150.628 ns/days, 0.0685131 hours remaining, 0.000000 MB of memory in use.
PERFORMANCE: 285000  averaging 144.215 ns/day, 0.00119821 sec/step with standard deviation 0.00013259
ENERGY:  285000       458.4812      1099.1875      1122.2946        66.4795        -113931.9061      9487.0708         0.0000         0.0000     18735.1088         -82963.2837       304.5740   -101698.3925    -82951.1627       302.6928           -468.2696      -468.2982    301328.6824        19.6394        19.4116

WRITING EXTENDED SYSTEM TO RESTART FILE AT STEP 285000
WRITING COORDINATES TO RESTART FILE AT STEP 285000
FINISHED WRITING RESTART COORDINATES
WRITING VELOCITIES TO RESTART FILE AT STEP 285000
FINISHED WRITING RESTART VELOCITIES
TIMING: 290000  CPU: 343.775, 0.00114459/step  Wall: 347.3, 0.00115225/step, 149.967 ns/days, 0.0672147 hours remaining, 0.000000 MB of memory in use.
PERFORMANCE: 290000  averaging 144.311 ns/day, 0.00119741 sec/step with standard deviation 0.00013156
ENERGY:  290000       441.5956      1149.2702      1116.5503        64.3409        -114166.2537      9681.3750         0.0000         0.0000     18604.0304         -83109.0913       302.4431   -101713.1217    -82953.4592       302.6771           -106.6627      -106.4938    300087.0332        17.7171        17.6607

WRITING EXTENDED SYSTEM TO RESTART FILE AT STEP 290000
WRITING COORDINATES TO RESTART FILE AT STEP 290000
FINISHED WRITING RESTART COORDINATES
WRITING VELOCITIES TO RESTART FILE AT STEP 290000
FINISHED WRITING RESTART VELOCITIES
TIMING: 295000  CPU: 349.488, 0.00114259/step  Wall: 353.076, 0.0011552/step, 149.585 ns/days, 0.0657821 hours remaining, 0.000000 MB of memory in use.
PERFORMANCE: 295000  averaging 144.397 ns/day, 0.0011967 sec/step with standard deviation 0.000130537
ENERGY:  295000       399.0220      1136.1621      1126.1789        75.7503        -113901.5227      9763.5588         0.0000         0.0000     18615.7049         -82785.1457       302.6329   -101400.8506    -82944.9927       302.6517            -57.5768       -57.1348    300779.4387        15.9440        15.8900

WRITING EXTENDED SYSTEM TO RESTART FILE AT STEP 295000
WRITING COORDINATES TO RESTART FILE AT STEP 295000
FINISHED WRITING RESTART COORDINATES
WRITING VELOCITIES TO RESTART FILE AT STEP 295000
FINISHED WRITING RESTART VELOCITIES
TIMING: 300000  CPU: 355.217, 0.00114594/step  Wall: 358.842, 0.00115321/step, 149.843 ns/days, 0.0640671 hours remaining, 0.000000 MB of memory in use.
PERFORMANCE: 300000  averaging 144.485 ns/day, 0.00119597 sec/step with standard deviation 0.000129547
ETITLE:      TS           BOND          ANGLE          DIHED          IMPRP               ELECT            VDW       BOUNDARY           MISC        KINETIC               TOTAL           TEMP      POTENTIAL       TOTALAVG        TEMPAVG            PRESSURE      GPRESSURE         VOLUME       PRESSAVG      GPRESSAVG

ENERGY:  300000       428.5717      1086.6789      1128.3431        72.7047        -114007.5474      9867.9623         0.0000         0.0000     18420.2392         -83003.0474       299.4552   -101423.2866    -82969.3948       302.4381            210.3337       205.9684    300810.4191        14.6579        14.3862

WRITING EXTENDED SYSTEM TO RESTART FILE AT STEP 300000
WRITING COORDINATES TO RESTART FILE AT STEP 300000
FINISHED WRITING RESTART COORDINATES
WRITING VELOCITIES TO RESTART FILE AT STEP 300000
FINISHED WRITING RESTART VELOCITIES
TIMING: 305000  CPU: 360.934, 0.00114338/step  Wall: 364.595, 0.00115043/step, 150.205 ns/days, 0.0623147 hours remaining, 0.000000 MB of memory in use.
PERFORMANCE: 305000  averaging 144.575 ns/day, 0.00119523 sec/step with standard deviation 0.000128596
ENERGY:  305000       415.8624      1094.5592      1098.8970        71.3341        -113644.8477      9482.6618         0.0000         0.0000     18586.2429         -82895.2903       302.1539   -101481.5332    -82968.4859       302.2729           -361.1068      -359.9904    301408.1329       -11.9496       -12.2018

WRITING EXTENDED SYSTEM TO RESTART FILE AT STEP 305000
WRITING COORDINATES TO RESTART FILE AT STEP 305000
FINISHED WRITING RESTART COORDINATES
WRITING VELOCITIES TO RESTART FILE AT STEP 305000
FINISHED WRITING RESTART VELOCITIES
TIMING: 310000  CPU: 366.669, 0.00114693/step  Wall: 370.368, 0.00115461/step, 149.661 ns/days, 0.0609377 hours remaining, 0.000000 MB of memory in use.
PERFORMANCE: 310000  averaging 144.654 ns/day, 0.00119457 sec/step with standard deviation 0.000127641
ENERGY:  310000       394.6942      1117.7953      1097.8090        72.1361        -114333.5250      9858.0991         0.0000         0.0000     18703.2213         -83089.7700       304.0556   -101792.9913    -82966.9820       302.4857           -224.4872      -223.9112    301780.9879       -18.8486       -19.1883

WRITING EXTENDED SYSTEM TO RESTART FILE AT STEP 310000
WRITING COORDINATES TO RESTART FILE AT STEP 310000
FINISHED WRITING RESTART COORDINATES
WRITING VELOCITIES TO RESTART FILE AT STEP 310000
FINISHED WRITING RESTART VELOCITIES
TIMING: 315000  CPU: 372.43, 0.00115219/step  Wall: 376.155, 0.00115751/step, 149.286 ns/days, 0.059483 hours remaining, 0.000000 MB of memory in use.
PERFORMANCE: 315000  averaging 144.726 ns/day, 0.00119398 sec/step with standard deviation 0.000126694
ENERGY:  315000       439.2192      1109.7033      1112.7100        76.6348        -114369.2071      9886.3483         0.0000         0.0000     18607.9939         -83136.5975       302.5075   -101744.5915    -82984.0239       302.4694             14.9675        14.8304    301056.4158       -19.0779       -19.4878

WRITING EXTENDED SYSTEM TO RESTART FILE AT STEP 315000
WRITING COORDINATES TO RESTART FILE AT STEP 315000
FINISHED WRITING RESTART COORDINATES
WRITING VELOCITIES TO RESTART FILE AT STEP 315000
FINISHED WRITING RESTART VELOCITIES
TIMING: 320000  CPU: 378.142, 0.00114253/step  Wall: 381.903, 0.00114947/step, 150.33 ns/days, 0.0574736 hours remaining, 0.000000 MB of memory in use.
PERFORMANCE: 320000  averaging 144.81 ns/day, 0.00119329 sec/step with standard deviation 0.000125808
ENERGY:  320000       423.9489      1087.4562      1105.0398        74.4636        -114034.0043      9628.0552         0.0000         0.0000     18782.4660         -82932.5746       305.3439   -101715.0406    -82977.4359       302.6407           -124.8821      -125.2266    300510.4247       -32.3104       -32.8145

WRITING EXTENDED SYSTEM TO RESTART FILE AT STEP 320000
WRITING COORDINATES TO RESTART FILE AT STEP 320000
FINISHED WRITING RESTART COORDINATES
WRITING VELOCITIES TO RESTART FILE AT STEP 320000
FINISHED WRITING RESTART VELOCITIES
TIMING: 325000  CPU: 383.865, 0.00114455/step  Wall: 387.662, 0.0011519/step, 150.013 ns/days, 0.0559953 hours remaining, 0.000000 MB of memory in use.
PERFORMANCE: 325000  averaging 144.887 ns/day, 0.00119265 sec/step with standard deviation 0.000124926
ENERGY:  325000       444.0099      1125.2958      1137.8683        59.9250        -114323.3224      9814.8168         0.0000         0.0000     18502.6561         -83238.7504       300.7950   -101741.4065    -82973.4101       302.6493             22.1849        20.9501    299910.5262       -41.8293       -42.4658

WRITING EXTENDED SYSTEM TO RESTART FILE AT STEP 325000
WRITING COORDINATES TO RESTART FILE AT STEP 325000
FINISHED WRITING RESTART COORDINATES
WRITING VELOCITIES TO RESTART FILE AT STEP 325000
FINISHED WRITING RESTART VELOCITIES
TIMING: 330000  CPU: 390.079, 0.00124284/step  Wall: 393.922, 0.00125194/step, 138.026 ns/days, 0.0591195 hours remaining, 0.000000 MB of memory in use.
PERFORMANCE: 330000  averaging 144.778 ns/day, 0.00119355 sec/step with standard deviation 0.000124176
ENERGY:  330000       451.9884      1130.4644      1100.6131        70.6349        -113749.0875      9540.0689         0.0000         0.0000     18523.0980         -82932.2199       301.1274   -101455.3179    -82962.5396       302.6625           -228.0672      -228.4406    299986.6662       -51.8364       -52.4787

WRITING EXTENDED SYSTEM TO RESTART FILE AT STEP 330000
WRITING COORDINATES TO RESTART FILE AT STEP 330000
FINISHED WRITING RESTART COORDINATES
WRITING VELOCITIES TO RESTART FILE AT STEP 330000
FINISHED WRITING RESTART VELOCITIES
TIMING: 335000  CPU: 395.817, 0.00114758/step  Wall: 399.695, 0.00115455/step, 149.669 ns/days, 0.0529168 hours remaining, 0.000000 MB of memory in use.
PERFORMANCE: 335000  averaging 144.849 ns/day, 0.00119297 sec/step with standard deviation 0.000123324
ENERGY:  335000       460.7421      1124.4499      1125.6294        76.4343        -114105.1483      9906.3742         0.0000         0.0000     18578.7360         -82832.7826       302.0319   -101411.5186    -82971.1680       302.4534            -24.9001       -25.8015    302152.3428       -48.4215       -48.7919

WRITING EXTENDED SYSTEM TO RESTART FILE AT STEP 335000
WRITING COORDINATES TO RESTART FILE AT STEP 335000
FINISHED WRITING RESTART COORDINATES
WRITING VELOCITIES TO RESTART FILE AT STEP 335000
FINISHED WRITING RESTART VELOCITIES
TIMING: 340000  CPU: 401.545, 0.00114548/step  Wall: 405.457, 0.00115246/step, 149.94 ns/days, 0.0512204 hours remaining, 0.000000 MB of memory in use.
PERFORMANCE: 340000  averaging 144.921 ns/day, 0.00119237 sec/step with standard deviation 0.000122499
ENERGY:  340000       416.6464      1154.7248      1133.4529        64.4194        -113991.3966      9718.9175         0.0000         0.0000     18618.1916         -82885.0441       302.6733   -101503.2357    -82974.2594       302.5035           -119.1914      -120.0741    300138.5311       -43.8456       -44.3092

WRITING EXTENDED SYSTEM TO RESTART FILE AT STEP 340000
WRITING COORDINATES TO RESTART FILE AT STEP 340000
FINISHED WRITING RESTART COORDINATES
WRITING VELOCITIES TO RESTART FILE AT STEP 340000
FINISHED WRITING RESTART VELOCITIES
TIMING: 345000  CPU: 407.329, 0.00115696/step  Wall: 411.289, 0.00116637/step, 148.152 ns/days, 0.0502186 hours remaining, 0.000000 MB of memory in use.
PERFORMANCE: 345000  averaging 144.967 ns/day, 0.001192 sec/step with standard deviation 0.000121635
ENERGY:  345000       455.1682      1143.8578      1106.6464        71.5778        -113806.3181      9509.3088         0.0000         0.0000     18731.8510         -82787.9081       304.5210   -101519.7591    -82963.7665       302.5735           -337.9005      -334.6478    300290.4169       -51.8269       -52.3194

WRITING EXTENDED SYSTEM TO RESTART FILE AT STEP 345000
WRITING COORDINATES TO RESTART FILE AT STEP 345000
FINISHED WRITING RESTART COORDINATES
WRITING VELOCITIES TO RESTART FILE AT STEP 345000
FINISHED WRITING RESTART VELOCITIES
TIMING: 350000  CPU: 413.075, 0.00114909/step  Wall: 417.077, 0.00115772/step, 149.26 ns/days, 0.0482381 hours remaining, 0.000000 MB of memory in use.
PERFORMANCE: 350000  averaging 145.027 ns/day, 0.00119151 sec/step with standard deviation 0.00012082
ETITLE:      TS           BOND          ANGLE          DIHED          IMPRP               ELECT            VDW       BOUNDARY           MISC        KINETIC               TOTAL           TEMP      POTENTIAL       TOTALAVG        TEMPAVG            PRESSURE      GPRESSURE         VOLUME       PRESSAVG      GPRESSAVG

ENERGY:  350000       422.3860      1128.2854      1106.6737        70.3854        -113822.2281      9563.3233         0.0000         0.0000     18737.1483         -82794.0260       304.6071   -101531.1743    -82953.0992       302.7169           -130.6725      -134.6139    302205.4160       -70.0845       -70.7244

WRITING EXTENDED SYSTEM TO RESTART FILE AT STEP 350000
WRITING COORDINATES TO RESTART FILE AT STEP 350000
FINISHED WRITING RESTART COORDINATES
WRITING VELOCITIES TO RESTART FILE AT STEP 350000
FINISHED WRITING RESTART VELOCITIES
TIMING: 355000  CPU: 418.833, 0.00115162/step  Wall: 422.874, 0.00115941/step, 149.041 ns/days, 0.0466985 hours remaining, 0.000000 MB of memory in use.
PERFORMANCE: 355000  averaging 145.082 ns/day, 0.00119105 sec/step with standard deviation 0.000120014
ENERGY:  355000       433.5732      1091.6648      1113.1936        80.2673        -114116.3160      9799.8131         0.0000         0.0000     18670.5482         -82927.2558       303.5244   -101597.8041    -82956.0010       302.7221             61.0414        64.6175    300193.1223       -68.4396       -68.7920

WRITING EXTENDED SYSTEM TO RESTART FILE AT STEP 355000
WRITING COORDINATES TO RESTART FILE AT STEP 355000
FINISHED WRITING RESTART COORDINATES
WRITING VELOCITIES TO RESTART FILE AT STEP 355000
FINISHED WRITING RESTART VELOCITIES
TIMING: 360000  CPU: 424.56, 0.00114534/step  Wall: 428.636, 0.00115227/step, 149.965 ns/days, 0.0448106 hours remaining, 0.000000 MB of memory in use.
PERFORMANCE: 360000  averaging 145.147 ns/day, 0.00119052 sec/step with standard deviation 0.000119254
ENERGY:  360000       439.8638      1101.2660      1122.8961        69.0206        -113937.2567      9638.9771         0.0000         0.0000     18689.7606         -82875.4726       303.8368   -101565.2332    -82957.4755       302.8394           -172.0206      -169.2605    301144.9702       -81.4842       -81.7752

WRITING EXTENDED SYSTEM TO RESTART FILE AT STEP 360000
WRITING COORDINATES TO RESTART FILE AT STEP 360000
FINISHED WRITING RESTART COORDINATES
WRITING VELOCITIES TO RESTART FILE AT STEP 360000
FINISHED WRITING RESTART VELOCITIES
TIMING: 365000  CPU: 430.298, 0.00114775/step  Wall: 434.409, 0.00115476/step, 149.641 ns/days, 0.0433035 hours remaining, 0.000000 MB of memory in use.
PERFORMANCE: 365000  averaging 145.207 ns/day, 0.00119003 sec/step with standard deviation 0.000118497
ENERGY:  365000       459.1235      1142.0662      1098.0597        67.3525        -113905.3933      9664.6274         0.0000         0.0000     18561.1187         -82913.0454       301.7455   -101474.1640    -82970.4984       302.6450           -164.1404      -161.4721    300231.0787      -102.5328      -102.7049

WRITING EXTENDED SYSTEM TO RESTART FILE AT STEP 365000
WRITING COORDINATES TO RESTART FILE AT STEP 365000
FINISHED WRITING RESTART COORDINATES
WRITING VELOCITIES TO RESTART FILE AT STEP 365000
FINISHED WRITING RESTART VELOCITIES
TIMING: 370000  CPU: 436.147, 0.00116968/step  Wall: 440.3, 0.00117816/step, 146.669 ns/days, 0.0425447 hours remaining, 0.000000 MB of memory in use.
PERFORMANCE: 370000  averaging 145.227 ns/day, 0.00118987 sec/step with standard deviation 0.00011769
ENERGY:  370000       422.3548      1104.6718      1127.9944        72.9215        -114180.6800      9892.0130         0.0000         0.0000     18506.4361         -83054.2884       300.8565   -101560.7245    -82953.7174       302.6954            192.9422       200.9532    299955.6389      -102.9446      -102.5277

WRITING EXTENDED SYSTEM TO RESTART FILE AT STEP 370000
WRITING COORDINATES TO RESTART FILE AT STEP 370000
FINISHED WRITING RESTART COORDINATES
WRITING VELOCITIES TO RESTART FILE AT STEP 370000
FINISHED WRITING RESTART VELOCITIES
TIMING: 375000  CPU: 441.878, 0.0011462/step  Wall: 446.058, 0.00115163/step, 150.048 ns/days, 0.0399873 hours remaining, 0.000000 MB of memory in use.
PERFORMANCE: 375000  averaging 145.289 ns/day, 0.00118936 sec/step with standard deviation 0.000116976
ENERGY:  375000       402.3710      1094.4352      1100.6996        72.8660        -114333.2445     10038.2470         0.0000         0.0000     18584.5267         -83040.0989       302.1260   -101624.6256    -82954.8663       302.6916            157.8593       156.6645    301308.8502       -96.7927       -96.3573

WRITING EXTENDED SYSTEM TO RESTART FILE AT STEP 375000
WRITING COORDINATES TO RESTART FILE AT STEP 375000
FINISHED WRITING RESTART COORDINATES
WRITING VELOCITIES TO RESTART FILE AT STEP 375000
FINISHED WRITING RESTART VELOCITIES
TIMING: 380000  CPU: 447.596, 0.00114355/step  Wall: 451.811, 0.0011506/step, 150.183 ns/days, 0.0383532 hours remaining, 0.000000 MB of memory in use.
PERFORMANCE: 380000  averaging 145.351 ns/day, 0.00118885 sec/step with standard deviation 0.000116278
ENERGY:  380000       405.9354      1097.2385      1107.4114        68.8283        -114180.4821      9928.8057         0.0000         0.0000     18577.3723         -82994.8905       302.0097   -101572.2628    -82959.5292       302.6510            249.3439       249.7645    300532.9466       -80.5603       -80.0808

WRITING EXTENDED SYSTEM TO RESTART FILE AT STEP 380000
WRITING COORDINATES TO RESTART FILE AT STEP 380000
FINISHED WRITING RESTART COORDINATES
WRITING VELOCITIES TO RESTART FILE AT STEP 380000
FINISHED WRITING RESTART VELOCITIES
TIMING: 385000  CPU: 453.925, 0.00126584/step  Wall: 458.197, 0.00127705/step, 135.311 ns/days, 0.0407948 hours remaining, 0.000000 MB of memory in use.
PERFORMANCE: 385000  averaging 145.211 ns/day, 0.00118999 sec/step with standard deviation 0.000115947
ENERGY:  385000       452.4987      1151.1695      1096.2078        73.5490        -113974.5465      9843.5638         0.0000         0.0000     18594.1482         -82763.4095       302.2824   -101357.5577    -82949.5355       302.5364            -57.8184       -60.0594    300321.9590       -60.0377       -59.6689

WRITING EXTENDED SYSTEM TO RESTART FILE AT STEP 385000
WRITING COORDINATES TO RESTART FILE AT STEP 385000
FINISHED WRITING RESTART COORDINATES
WRITING VELOCITIES TO RESTART FILE AT STEP 385000
FINISHED WRITING RESTART VELOCITIES
TIMING: 390000  CPU: 459.669, 0.00114892/step  Wall: 463.975, 0.00115576/step, 149.512 ns/days, 0.0353148 hours remaining, 0.000000 MB of memory in use.
PERFORMANCE: 390000  averaging 145.265 ns/day, 0.00118955 sec/step with standard deviation 0.000115257
ENERGY:  390000       441.3609      1079.2803      1105.6099        72.9595        -113978.6589      9679.1053         0.0000         0.0000     18686.6336         -82913.7094       303.7859   -101600.3430    -82939.7664       302.6036             -7.4941        -4.6543    298955.9250       -55.0793       -54.5769

WRITING EXTENDED SYSTEM TO RESTART FILE AT STEP 390000
WRITING COORDINATES TO RESTART FILE AT STEP 390000
FINISHED WRITING RESTART COORDINATES
WRITING VELOCITIES TO RESTART FILE AT STEP 390000
FINISHED WRITING RESTART VELOCITIES
TIMING: 395000  CPU: 465.373, 0.00114077/step  Wall: 469.72, 0.00114892/step, 150.402 ns/days, 0.0335101 hours remaining, 0.000000 MB of memory in use.
PERFORMANCE: 395000  averaging 145.328 ns/day, 0.00118904 sec/step with standard deviation 0.000114607
ENERGY:  395000       415.6761      1107.3903      1098.6253        62.0597        -114171.0136      9838.7364         0.0000         0.0000     18656.8447         -82991.6812       303.3017   -101648.5258    -82950.0931       302.6370            158.0147       156.2365    299616.7981       -44.2997       -43.9084

WRITING EXTENDED SYSTEM TO RESTART FILE AT STEP 395000
WRITING COORDINATES TO RESTART FILE AT STEP 395000
FINISHED WRITING RESTART COORDINATES
WRITING VELOCITIES TO RESTART FILE AT STEP 395000
FINISHED WRITING RESTART VELOCITIES
TIMING: 400000  CPU: 471.057, 0.00113668/step  Wall: 475.438, 0.00114362/step, 151.1 ns/days, 0.0317671 hours remaining, 0.000000 MB of memory in use.
PERFORMANCE: 400000  averaging 145.397 ns/day, 0.00118847 sec/step with standard deviation 0.000113993
ETITLE:      TS           BOND          ANGLE          DIHED          IMPRP               ELECT            VDW       BOUNDARY           MISC        KINETIC               TOTAL           TEMP      POTENTIAL       TOTALAVG        TEMPAVG            PRESSURE      GPRESSURE         VOLUME       PRESSAVG      GPRESSAVG

ENERGY:  400000       477.4557      1097.7802      1111.0734        65.8756        -113761.0441      9623.0264         0.0000         0.0000     18509.5036         -82876.3293       300.9064   -101385.8329    -82943.7572       302.7096           -174.6376      -174.5812    302098.8627       -63.5482       -62.9359

WRITING EXTENDED SYSTEM TO RESTART FILE AT STEP 400000
WRITING COORDINATES TO RESTART FILE AT STEP 400000
FINISHED WRITING RESTART COORDINATES
WRITING VELOCITIES TO RESTART FILE AT STEP 400000
FINISHED WRITING RESTART VELOCITIES
TIMING: 405000  CPU: 476.774, 0.00114351/step  Wall: 481.19, 0.00115035/step, 150.216 ns/days, 0.0303563 hours remaining, 0.000000 MB of memory in use.
PERFORMANCE: 405000  averaging 145.455 ns/day, 0.001188 sec/step with standard deviation 0.000113357
ENERGY:  405000       431.5400      1109.3957      1101.3145        76.0986        -114111.3321      9729.2156         0.0000         0.0000     18596.5115         -83067.2562       302.3208   -101663.7677    -82952.3555       302.7179           -103.7008      -102.0945    301206.1126       -50.6779       -50.0411

WRITING EXTENDED SYSTEM TO RESTART FILE AT STEP 405000
WRITING COORDINATES TO RESTART FILE AT STEP 405000
FINISHED WRITING RESTART COORDINATES
WRITING VELOCITIES TO RESTART FILE AT STEP 405000
FINISHED WRITING RESTART VELOCITIES
TIMING: 410000  CPU: 482.485, 0.00114218/step  Wall: 486.938, 0.00114967/step, 150.304 ns/days, 0.0287417 hours remaining, 0.000000 MB of memory in use.
PERFORMANCE: 410000  averaging 145.512 ns/day, 0.00118753 sec/step with standard deviation 0.000112735
ENERGY:  410000       443.2738      1082.7280      1114.1947        78.4662        -114292.5402     10009.8362         0.0000         0.0000     18581.9922         -82982.0490       302.0848   -101564.0412    -82946.9695       302.6194            180.7754       179.8969    300738.6544       -30.4148       -29.8506

WRITING EXTENDED SYSTEM TO RESTART FILE AT STEP 410000
WRITING COORDINATES TO RESTART FILE AT STEP 410000
FINISHED WRITING RESTART COORDINATES
WRITING VELOCITIES TO RESTART FILE AT STEP 410000
FINISHED WRITING RESTART VELOCITIES
TIMING: 415000  CPU: 488.211, 0.00114526/step  Wall: 492.7, 0.00115235/step, 149.954 ns/days, 0.0272083 hours remaining, 0.000000 MB of memory in use.
PERFORMANCE: 415000  averaging 145.564 ns/day, 0.00118711 sec/step with standard deviation 0.000112112
ENERGY:  415000       426.2724      1106.2696      1129.5043        79.9941        -114047.5369      9704.1680         0.0000         0.0000     18746.2403         -82855.0882       304.7550   -101601.3285    -82932.8940       302.7318            -55.5460       -54.7758    300470.8095       -33.9405       -33.3310

WRITING EXTENDED SYSTEM TO RESTART FILE AT STEP 415000
WRITING COORDINATES TO RESTART FILE AT STEP 415000
FINISHED WRITING RESTART COORDINATES
WRITING VELOCITIES TO RESTART FILE AT STEP 415000
FINISHED WRITING RESTART VELOCITIES
TIMING: 420000  CPU: 493.969, 0.00115153/step  Wall: 498.494, 0.00115875/step, 149.127 ns/days, 0.0257499 hours remaining, 0.000000 MB of memory in use.
PERFORMANCE: 420000  averaging 145.605 ns/day, 0.00118677 sec/step with standard deviation 0.000111477
ENERGY:  420000       441.7302      1138.9043      1109.6770        59.1772        -113705.0948      9729.9053         0.0000         0.0000     18502.1202         -82723.5806       300.7863   -101225.7008    -82922.4443       302.5039           -190.5003      -187.8575    301839.6940       -37.2214       -36.4625

WRITING EXTENDED SYSTEM TO RESTART FILE AT STEP 420000
WRITING COORDINATES TO RESTART FILE AT STEP 420000
FINISHED WRITING RESTART COORDINATES
WRITING VELOCITIES TO RESTART FILE AT STEP 420000
FINISHED WRITING RESTART VELOCITIES
TIMING: 425000  CPU: 499.648, 0.00113571/step  Wall: 504.216, 0.00114455/step, 150.977 ns/days, 0.0238447 hours remaining, 0.000000 MB of memory in use.
PERFORMANCE: 425000  averaging 145.666 ns/day, 0.00118627 sec/step with standard deviation 0.000110906
ENERGY:  425000       402.4271      1138.1960      1094.0072        70.3269        -113956.3014      9650.4310         0.0000         0.0000     18617.8650         -82983.0481       302.6680   -101600.9132    -82909.6592       302.5975            -55.5963       -57.1198    301071.1574       -41.1105       -40.3660

WRITING EXTENDED SYSTEM TO RESTART FILE AT STEP 425000
WRITING COORDINATES TO RESTART FILE AT STEP 425000
FINISHED WRITING RESTART COORDINATES
WRITING VELOCITIES TO RESTART FILE AT STEP 425000
FINISHED WRITING RESTART VELOCITIES
TIMING: 430000  CPU: 505.375, 0.00114549/step  Wall: 509.979, 0.0011525/step, 149.935 ns/days, 0.0224097 hours remaining, 0.000000 MB of memory in use.
PERFORMANCE: 430000  averaging 145.714 ns/day, 0.00118588 sec/step with standard deviation 0.000110312
ENERGY:  430000       444.9065      1088.0904      1106.4202        77.1628        -113977.5969      9522.5313         0.0000         0.0000     18534.2216         -83204.2642       301.3082   -101738.4858    -82923.2614       302.6066           -333.7330      -336.4629    302255.6141       -46.3937       -45.7671

WRITING EXTENDED SYSTEM TO RESTART FILE AT STEP 430000
WRITING COORDINATES TO RESTART FILE AT STEP 430000
FINISHED WRITING RESTART COORDINATES
WRITING VELOCITIES TO RESTART FILE AT STEP 430000
FINISHED WRITING RESTART VELOCITIES
TIMING: 435000  CPU: 511.127, 0.00115037/step  Wall: 515.773, 0.00115891/step, 149.106 ns/days, 0.0209248 hours remaining, 0.000000 MB of memory in use.
PERFORMANCE: 435000  averaging 145.753 ns/day, 0.00118557 sec/step with standard deviation 0.000109707
ENERGY:  435000       454.1567      1192.1672      1103.4506        64.4076        -114235.8765      9865.9698         0.0000         0.0000     18471.1475         -83084.5771       300.2828   -101555.7246    -82935.8511       302.5191            -17.0742       -15.4858    300616.6513       -46.0025       -45.2513

WRITING EXTENDED SYSTEM TO RESTART FILE AT STEP 435000
WRITING COORDINATES TO RESTART FILE AT STEP 435000
FINISHED WRITING RESTART COORDINATES
WRITING VELOCITIES TO RESTART FILE AT STEP 435000
FINISHED WRITING RESTART VELOCITIES
TIMING: 440000  CPU: 516.874, 0.00114944/step  Wall: 521.555, 0.00115641/step, 149.428 ns/days, 0.0192735 hours remaining, 0.000000 MB of memory in use.
PERFORMANCE: 440000  averaging 145.793 ns/day, 0.00118524 sec/step with standard deviation 0.000109119
ENERGY:  440000       416.8263      1097.5237      1127.4996        70.8734        -114415.5324      9823.1888         0.0000         0.0000     18794.9365         -83084.6842       305.5466   -101879.6207    -82945.8331       302.6628            107.1595       110.9122    299717.9352       -34.6849       -33.7020

WRITING EXTENDED SYSTEM TO RESTART FILE AT STEP 440000
WRITING COORDINATES TO RESTART FILE AT STEP 440000
FINISHED WRITING RESTART COORDINATES
WRITING VELOCITIES TO RESTART FILE AT STEP 440000
FINISHED WRITING RESTART VELOCITIES
TIMING: 445000  CPU: 522.604, 0.00114602/step  Wall: 527.334, 0.00115576/step, 149.512 ns/days, 0.0176575 hours remaining, 0.000000 MB of memory in use.
PERFORMANCE: 445000  averaging 145.834 ns/day, 0.00118491 sec/step with standard deviation 0.000108542
ENERGY:  445000       424.9915      1132.9667      1109.3079        76.1609        -114058.6973      9864.1052         0.0000         0.0000     18524.2642         -82926.9010       301.1463   -101451.1652    -82952.7828       302.4941             80.8282        76.5709    299771.9929       -13.7485       -13.1411

WRITING EXTENDED SYSTEM TO RESTART FILE AT STEP 445000
WRITING COORDINATES TO RESTART FILE AT STEP 445000
FINISHED WRITING RESTART COORDINATES
WRITING VELOCITIES TO RESTART FILE AT STEP 445000
FINISHED WRITING RESTART VELOCITIES
TIMING: 450000  CPU: 528.322, 0.00114362/step  Wall: 533.097, 0.00115253/step, 149.931 ns/days, 0.0160074 hours remaining, 0.000000 MB of memory in use.
PERFORMANCE: 450000  averaging 145.878 ns/day, 0.00118455 sec/step with standard deviation 0.000107985
ETITLE:      TS           BOND          ANGLE          DIHED          IMPRP               ELECT            VDW       BOUNDARY           MISC        KINETIC               TOTAL           TEMP      POTENTIAL       TOTALAVG        TEMPAVG            PRESSURE      GPRESSURE         VOLUME       PRESSAVG      GPRESSAVG

ENERGY:  450000       438.3431      1115.0871      1116.5987        74.9598        -114237.3949      9843.9684         0.0000         0.0000     18794.0278         -82854.4100       305.5318   -101648.4379    -82955.8020       302.5403            -46.3293       -47.4422    301724.3166        -9.5313        -8.7825

WRITING EXTENDED SYSTEM TO RESTART FILE AT STEP 450000
WRITING COORDINATES TO RESTART FILE AT STEP 450000
FINISHED WRITING RESTART COORDINATES
WRITING VELOCITIES TO RESTART FILE AT STEP 450000
FINISHED WRITING RESTART VELOCITIES
TIMING: 455000  CPU: 534.097, 0.00115496/step  Wall: 538.91, 0.00116262/step, 148.629 ns/days, 0.0145328 hours remaining, 0.000000 MB of memory in use.
PERFORMANCE: 455000  averaging 145.908 ns/day, 0.00118431 sec/step with standard deviation 0.000107408
ENERGY:  455000       433.5130      1104.0686      1097.3625        72.3431        -113743.7527      9580.5403         0.0000         0.0000     18604.0141         -82851.9110       302.4428   -101455.9252    -82952.0347       302.4862              9.8024        10.1737    299920.7459       -12.0933       -11.5047

WRITING EXTENDED SYSTEM TO RESTART FILE AT STEP 455000
WRITING COORDINATES TO RESTART FILE AT STEP 455000
FINISHED WRITING RESTART COORDINATES
WRITING VELOCITIES TO RESTART FILE AT STEP 455000
FINISHED WRITING RESTART VELOCITIES
TIMING: 460000  CPU: 540.129, 0.00120648/step  Wall: 544.991, 0.00121609/step, 142.095 ns/days, 0.0135121 hours remaining, 0.000000 MB of memory in use.
PERFORMANCE: 460000  averaging 145.865 ns/day, 0.00118465 sec/step with standard deviation 0.000106867
ENERGY:  460000       405.7417      1152.1020      1121.1390        67.6505        -114399.2166      9895.1112         0.0000         0.0000     18555.8743         -83201.5980       301.6602   -101757.4723    -82968.3410       302.3774             40.2510        37.4690    301398.8095        -1.4797        -1.1682

WRITING EXTENDED SYSTEM TO RESTART FILE AT STEP 460000
WRITING COORDINATES TO RESTART FILE AT STEP 460000
FINISHED WRITING RESTART COORDINATES
WRITING VELOCITIES TO RESTART FILE AT STEP 460000
FINISHED WRITING RESTART VELOCITIES
TIMING: 465000  CPU: 545.861, 0.00114623/step  Wall: 550.757, 0.00115326/step, 149.836 ns/days, 0.0112122 hours remaining, 0.000000 MB of memory in use.
PERFORMANCE: 465000  averaging 145.907 ns/day, 0.00118432 sec/step with standard deviation 0.000106335
ENERGY:  465000       450.0093      1083.8870      1124.7966        77.9853        -114233.6482      9705.3953         0.0000         0.0000     18692.0876         -83099.4871       303.8746   -101791.5747    -82977.6631       302.4838           -143.3835      -140.2022    300617.0145        -0.4418        -0.1047

WRITING EXTENDED SYSTEM TO RESTART FILE AT STEP 465000
WRITING COORDINATES TO RESTART FILE AT STEP 465000
FINISHED WRITING RESTART COORDINATES
WRITING VELOCITIES TO RESTART FILE AT STEP 465000
FINISHED WRITING RESTART VELOCITIES
TIMING: 470000  CPU: 551.575, 0.00114291/step  Wall: 556.505, 0.00114972/step, 150.298 ns/days, 0.00958096 hours remaining, 0.000000 MB of memory in use.
PERFORMANCE: 470000  averaging 145.952 ns/day, 0.00118395 sec/step with standard deviation 0.000105822
ENERGY:  470000       469.2597      1152.8086      1123.0149        68.6624        -114145.2929      9853.2991         0.0000         0.0000     18491.3138         -82986.9343       300.6107   -101478.2481    -82974.2954       302.4715             44.3136        42.3702    301184.9320        -7.8733        -8.0339

WRITING EXTENDED SYSTEM TO RESTART FILE AT STEP 470000
WRITING COORDINATES TO RESTART FILE AT STEP 470000
FINISHED WRITING RESTART COORDINATES
WRITING VELOCITIES TO RESTART FILE AT STEP 470000
FINISHED WRITING RESTART VELOCITIES
TIMING: 475000  CPU: 557.324, 0.00114976/step  Wall: 562.281, 0.00115508/step, 149.599 ns/days, 0.00802142 hours remaining, 0.000000 MB of memory in use.
PERFORMANCE: 475000  averaging 145.99 ns/day, 0.00118364 sec/step with standard deviation 0.000105299
ENERGY:  475000       420.5238      1125.3607      1107.0720        74.8746        -114386.0745      9919.1866         0.0000         0.0000     18671.6464         -83067.4106       303.5423   -101739.0569    -82975.6610       302.5424            118.9051       121.1744    300457.4130        -9.8210        -9.8084

WRITING EXTENDED SYSTEM TO RESTART FILE AT STEP 475000
WRITING COORDINATES TO RESTART FILE AT STEP 475000
FINISHED WRITING RESTART COORDINATES
WRITING VELOCITIES TO RESTART FILE AT STEP 475000
FINISHED WRITING RESTART VELOCITIES
TIMING: 480000  CPU: 563.049, 0.00114508/step  Wall: 568.041, 0.00115211/step, 149.986 ns/days, 0.00640061 hours remaining, 0.000000 MB of memory in use.
PERFORMANCE: 480000  averaging 146.03 ns/day, 0.00118332 sec/step with standard deviation 0.000104793
ENERGY:  480000       408.6460      1092.9550      1118.7905        80.9815        -113946.8779      9859.7718         0.0000         0.0000     18637.4907         -82748.2424       302.9870   -101385.7331    -82963.3286       302.5912            -55.0460       -58.4110    301506.7448       -25.0405       -25.2171

WRITING EXTENDED SYSTEM TO RESTART FILE AT STEP 480000
WRITING COORDINATES TO RESTART FILE AT STEP 480000
FINISHED WRITING RESTART COORDINATES
WRITING VELOCITIES TO RESTART FILE AT STEP 480000
FINISHED WRITING RESTART VELOCITIES
TIMING: 485000  CPU: 568.854, 0.00116093/step  Wall: 573.91, 0.00117371/step, 147.226 ns/days, 0.00489044 hours remaining, 0.000000 MB of memory in use.
PERFORMANCE: 485000  averaging 146.043 ns/day, 0.00118322 sec/step with standard deviation 0.00010425
ENERGY:  485000       412.6849      1159.3978      1114.1494        65.4272        -114217.5638      9840.7732         0.0000         0.0000     18579.2215         -83045.9098       302.0398   -101625.1313    -82977.4536       302.5791             47.7621        44.2333    300424.8971       -19.7614       -20.0025

WRITING EXTENDED SYSTEM TO RESTART FILE AT STEP 485000
WRITING COORDINATES TO RESTART FILE AT STEP 485000
FINISHED WRITING RESTART COORDINATES
WRITING VELOCITIES TO RESTART FILE AT STEP 485000
FINISHED WRITING RESTART VELOCITIES
TIMING: 490000  CPU: 574.586, 0.00114642/step  Wall: 579.677, 0.0011534/step, 149.818 ns/days, 0.00320388 hours remaining, 0.000000 MB of memory in use.
PERFORMANCE: 490000  averaging 146.08 ns/day, 0.00118291 sec/step with standard deviation 0.000103755
ENERGY:  490000       414.1918      1160.8835      1100.1173        68.4643        -114326.5717      9962.2458         0.0000         0.0000     18756.5345         -82864.1345       304.9223   -101620.6690    -82974.9748       302.6359             62.6946        62.3800    301898.3670       -16.2520       -16.6508

WRITING EXTENDED SYSTEM TO RESTART FILE AT STEP 490000
WRITING COORDINATES TO RESTART FILE AT STEP 490000
FINISHED WRITING RESTART COORDINATES
WRITING VELOCITIES TO RESTART FILE AT STEP 490000
FINISHED WRITING RESTART VELOCITIES
TIMING: 495000  CPU: 580.281, 0.00113901/step  Wall: 585.407, 0.00114597/step, 150.79 ns/days, 0.00159162 hours remaining, 0.000000 MB of memory in use.
PERFORMANCE: 495000  averaging 146.126 ns/day, 0.00118254 sec/step with standard deviation 0.000103291
ENERGY:  495000       422.0674      1144.1165      1100.7556        78.9329        -114295.9000      9960.3785         0.0000         0.0000     18576.4568         -83013.1921       301.9948   -101589.6490    -82976.0504       302.5706            195.3626       194.8666    300831.3071       -14.3846       -14.7193

WRITING EXTENDED SYSTEM TO RESTART FILE AT STEP 495000
WRITING COORDINATES TO RESTART FILE AT STEP 495000
FINISHED WRITING RESTART COORDINATES
WRITING VELOCITIES TO RESTART FILE AT STEP 495000
FINISHED WRITING RESTART VELOCITIES
TIMING: 500000  CPU: 586.599, 0.00126354/step  Wall: 591.76, 0.00127065/step, 135.993 ns/days, 0 hours remaining, 0.000000 MB of memory in use.
PERFORMANCE: 500000  averaging 146.018 ns/day, 0.00118342 sec/step with standard deviation 0.000103145
ETITLE:      TS           BOND          ANGLE          DIHED          IMPRP               ELECT            VDW       BOUNDARY           MISC        KINETIC               TOTAL           TEMP      POTENTIAL       TOTALAVG        TEMPAVG            PRESSURE      GPRESSURE         VOLUME       PRESSAVG      GPRESSAVG

ENERGY:  500000       454.6212      1138.4040      1116.9472        69.9879        -114494.5263     10039.2433         0.0000         0.0000     18715.6013         -82959.7215       304.2569   -101675.3227    -82980.2200       302.7381            211.4567       217.1711    298903.8822         4.9201         4.8683

WRITING EXTENDED SYSTEM TO RESTART FILE AT STEP 500000
WRITING COORDINATES TO RESTART FILE AT STEP 500000
FINISHED WRITING RESTART COORDINATES
WRITING VELOCITIES TO RESTART FILE AT STEP 500000
FINISHED WRITING RESTART VELOCITIES
WRITING EXTENDED SYSTEM TO OUTPUT FILE AT STEP 500000
WRITING COORDINATES TO OUTPUT FILE AT STEP 500000
WRITING VELOCITIES TO OUTPUT FILE AT STEP 500000
====================================================

WallClock: 592.813538  CPUTime: 587.026245  Memory: 0.000000 MB
[Partition 0][Node 0] End of program
