Charm++: standalone mode (not using charmrun)
Charm++> Running in Multicore mode: 10 threads (PEs)
Charm++> Using recursive bisection (scheme 3) for topology aware partitions
Converse/Charm++ Commit ID: v80000
CharmLB> Load balancer assumes all CPUs are same.
Charm++> Running on 1 hosts (2 sockets x 24 cores x 1 PUs = 48-way SMP)
Charm++> cpu topology info is gathered in 0.001 seconds.
Info: Built with CUDA version 11080
Pe 0 physical rank 0 will use CUDA device of pe 8
Pe 9 physical rank 9 will use CUDA device of pe 8
Pe 7 physical rank 7 will use CUDA device of pe 8
Pe 8 physical rank 8 binding to CUDA device 0 on sg012: 'NVIDIA A100-SXM4-80GB'  Mem: 81155MB  Rev: 8.0  PCI: 0:1:0
Pe 5 physical rank 5 will use CUDA device of pe 8
Pe 3 physical rank 3 will use CUDA device of pe 8
Pe 4 physical rank 4 will use CUDA device of pe 8
Pe 1 physical rank 1 will use CUDA device of pe 8
Pe 2 physical rank 2 will use CUDA device of pe 8
Pe 6 physical rank 6 will use CUDA device of pe 8
CharmLB> Load balancing instrumentation for communication is off.
Info: NAMD 3.1alpha2 for Linux-x86_64-multicore-CUDA
Info: 
Info: Please visit http://www.ks.uiuc.edu/Research/namd/
Info: for updates, documentation, and support information.
Info: 
Info: Please cite Phillips et al., J. Chem. Phys. 153:044130 (2020) doi:10.1063/5.0014475
Info: in all publications reporting results obtained with NAMD.
Info: 
Info: Based on Charm++/Converse 80000 for multicore-linux-x86_64
Info: Built Fri Dec 13 00:05:25 MST 2024 by athiru12 on sg031
Info: 1 NAMD  3.1alpha2  Linux-x86_64-multicore-CUDA  10    sg012  athiru12
Info: Running on 10 processors, 1 nodes, 1 physical nodes.
Info: CPU topology information available.
Info: Charm++/Converse parallel runtime startup completed at 0.783739 s
CkLoopLib is used in SMP with simple dynamic scheduling (converse-level notification)
Info: 0 MB of memory in use based on /proc/self/stat
Info: Configuration file is input/step5_imdv3_10_run.inp
Info: Changed directory to input
TCL: Suspending until startup complete.
Warning: Option "1-4scaling" has been deprecated. Instead use "oneFourScaling".
Warning: Option "CUDASOAintegrate" has been deprecated. Instead use "GPUresident".
Info: EXTENDED SYSTEM FILE   ../output/step4_equilibration.xsc
Info: Tuning parameters to improve GPU-resident performance
Info: Setting margin to 4
Warning: The Langevin gamma parameters differ over the particles,
Warning: requiring extra work per step to constrain rigid bonds.
Info: Enabling PMEOffload because PMEInterpOrder > 4.
Info: Running with GPU-resident mode
Warning: Always using force tables for GPU nonbonded kernel due to unsupported config parameters.
Info: SIMULATION PARAMETERS:
Info: TIMESTEP               2
Info: NUMBER OF STEPS        500000
Info: STEPS PER CYCLE        20
Info: PERIODIC CELL BASIS 1  69 0 0
Info: PERIODIC CELL BASIS 2  0 69 0
Info: PERIODIC CELL BASIS 3  0 0 69
Info: PERIODIC CELL CENTER   0 0 0
Info: WRAPPING WATERS AROUND PERIODIC BOUNDARIES ON OUTPUT.
Info: WRAPPING ALL CLUSTERS AROUND PERIODIC BOUNDARIES ON OUTPUT.
Info: LOAD BALANCER  Centralized
Info: LOAD BALANCING STRATEGY  New Load Balancers -- DEFAULT
Info: LDB PERIOD             4000 steps
Info: FIRST LDB TIMESTEP     100
Info: LAST LDB TIMESTEP     -1
Info: LDB BACKGROUND SCALING 1
Info: HOM BACKGROUND SCALING 1
Info: PME BACKGROUND SCALING 1
Info: MIN ATOMS PER PATCH    40
Info: EMPTY PATCH LOAD       40 ATOMS
Info: VELOCITY FILE          ../output/step4_equilibration.vel
Info: CENTER OF MASS MOVING INITIALLY? NO
Info: DIELECTRIC             1
Info: EXCLUDE                SCALED ONE-FOUR
Info: 1-4 ELECTROSTATICS SCALED BY 1
Info: MODIFIED 1-4 VDW PARAMETERS WILL BE USED
Info: NO DCD TRAJECTORY OUTPUT
Info: NO EXTENDED SYSTEM TRAJECTORY OUTPUT
Info: NO VELOCITY DCD OUTPUT
Info: NO FORCE DCD OUTPUT
Info: OUTPUT FILENAME        ../output/run-3/step5_imdv3_10_1
Info: BINARY OUTPUT FILES WILL BE USED
Info: RESTART FILENAME       ../output/run-3/step5_imdv3_10_1.restart
Info: RESTART FREQUENCY      5000
Info: BINARY RESTART FILES WILL BE USED
Info: SWITCHING ACTIVE
Info: VDW FORCE SWITCHING ACTIVE
Info: SWITCHING ON           10
Info: SWITCHING OFF          12
Info: PAIRLIST DISTANCE      16
Info: PAIRLIST SHRINK RATE   0.01
Info: PAIRLIST GROW RATE     0.01
Info: PAIRLIST TRIGGER       0.3
Info: PAIRLISTS PER CYCLE    2
Info: PAIRLISTS ENABLED
Info: MARGIN                 4
Info: HYDROGEN GROUP CUTOFF  2.5
Info: PATCH DIMENSION        22.5
Info: ENERGY OUTPUT STEPS    5000
Info: ENERGY EVALUATION STEPS    5000
Info: OUTPUT ENERGY PRECISION 4
Info: CROSSTERM ENERGY INCLUDED IN DIHEDRAL
Info: TIMING OUTPUT STEPS    5000
Info: LANGEVIN DYNAMICS ACTIVE
Info: LANGEVIN TEMPERATURE   303.15
Info: LANGEVIN USING BBK INTEGRATOR
Info: LANGEVIN DAMPING COEFFICIENT IS 1 INVERSE PS
Info: LANGEVIN DYNAMICS NOT APPLIED TO HYDROGENS
Info: LANGEVIN PISTON PRESSURE CONTROL ACTIVE
Info:        TARGET PRESSURE IS 1.01325 BAR
Info:     OSCILLATION PERIOD IS 50 FS
Info:             DECAY TIME IS 25 FS
Info:     PISTON TEMPERATURE IS 303.15 K
Info:       PRESSURE CONTROL IS GROUP-BASED
Info:    INITIAL STRAIN RATE IS 0 0 0
Info:       CELL FLUCTUATION IS ISOTROPIC
Info: PARTICLE MESH EWALD (PME) ACTIVE
Info: PME TOLERANCE               1e-06
Info: PME EWALD COEFFICIENT       0.257952
Info: PME INTERPOLATION ORDER     6
Info: PME GRID DIMENSIONS         72 72 72
Info: PME MAXIMUM GRID SPACING    1
Info: PME RECIPROCAL SUM OFFLOADED TO GPU
Info: PME CALCULATION WILL BE PERFORMED ON GPU
Info: FULL ELECTROSTATIC EVALUATION FREQUENCY      1
Info: USING VERLET I (r-RESPA) MTS SCHEME.
Info: C1 SPLITTING OF LONG RANGE ELECTROSTATICS
Info: PLACING ATOMS IN PATCHES BY HYDROGEN GROUPS
Info: RIGID BONDS TO HYDROGEN : ALL
Info:         ERROR TOLERANCE : 1e-08
Info:          MAX ITERATIONS : 100
Info: RIGID WATER USING SETTLE ALGORITHM
Info: RANDOM NUMBER SEED     1742590179
Info: USE HYDROGEN BONDS?    NO
Info: COORDINATE PDB         step3_input.pdb
Info: STRUCTURE FILE         step3_input.psf
Info: PARAMETER file: CHARMM format! 
Info: PARAMETERS             toppar/par_all36m_prot.prm
Info: PARAMETERS             toppar/par_all36_na.prm
Info: PARAMETERS             toppar/par_all36_carb.prm
Info: PARAMETERS             toppar/par_all36_lipid.prm
Info: PARAMETERS             toppar/par_all36_cgenff.prm
Info: PARAMETERS             toppar/par_interface.prm
Info: PARAMETERS             toppar/toppar_all36_moreions.str
Info: PARAMETERS             toppar/toppar_all36_nano_lig.str
Info: PARAMETERS             toppar/toppar_all36_nano_lig_patch.str
Info: PARAMETERS             toppar/toppar_all36_synthetic_polymer.str
Info: PARAMETERS             toppar/toppar_all36_synthetic_polymer_patch.str
Info: PARAMETERS             toppar/toppar_all36_polymer_solvent.str
Info: PARAMETERS             toppar/toppar_water_ions.str
Info: PARAMETERS             toppar/toppar_dum_noble_gases.str
Info: PARAMETERS             toppar/toppar_ions_won.str
Info: PARAMETERS             toppar/cam.str
Info: PARAMETERS             toppar/toppar_all36_prot_arg0.str
Info: PARAMETERS             toppar/toppar_all36_prot_c36m_d_aminoacids.str
Info: PARAMETERS             toppar/toppar_all36_prot_fluoro_alkanes.str
Info: PARAMETERS             toppar/toppar_all36_prot_heme.str
Info: PARAMETERS             toppar/toppar_all36_prot_na_combined.str
Info: PARAMETERS             toppar/toppar_all36_prot_retinol.str
Info: PARAMETERS             toppar/toppar_all36_prot_model.str
Info: PARAMETERS             toppar/toppar_all36_prot_modify_res.str
Info: PARAMETERS             toppar/toppar_all36_na_nad_ppi.str
Info: PARAMETERS             toppar/toppar_all36_na_rna_modified.str
Info: PARAMETERS             toppar/toppar_all36_lipid_sphingo.str
Info: PARAMETERS             toppar/toppar_all36_lipid_archaeal.str
Info: PARAMETERS             toppar/toppar_all36_lipid_bacterial.str
Info: PARAMETERS             toppar/toppar_all36_lipid_cardiolipin.str
Info: PARAMETERS             toppar/toppar_all36_lipid_cholesterol.str
Info: PARAMETERS             toppar/toppar_all36_lipid_dag.str
Info: PARAMETERS             toppar/toppar_all36_lipid_inositol.str
Info: PARAMETERS             toppar/toppar_all36_lipid_lnp.str
Info: PARAMETERS             toppar/toppar_all36_lipid_lps.str
Info: PARAMETERS             toppar/toppar_all36_lipid_mycobacterial.str
Info: PARAMETERS             toppar/toppar_all36_lipid_miscellaneous.str
Info: PARAMETERS             toppar/toppar_all36_lipid_model.str
Info: PARAMETERS             toppar/toppar_all36_lipid_prot.str
Info: PARAMETERS             toppar/toppar_all36_lipid_tag.str
Info: PARAMETERS             toppar/toppar_all36_lipid_yeast.str
Info: PARAMETERS             toppar/toppar_all36_lipid_hmmm.str
Info: PARAMETERS             toppar/toppar_all36_lipid_detergent.str
Info: PARAMETERS             toppar/toppar_all36_lipid_ether.str
Info: PARAMETERS             toppar/toppar_all36_lipid_oxidized.str
Info: PARAMETERS             toppar/toppar_all36_carb_glycolipid.str
Info: PARAMETERS             toppar/toppar_all36_carb_glycopeptide.str
Info: PARAMETERS             toppar/toppar_all36_carb_imlab.str
Info: PARAMETERS             toppar/toppar_all36_label_spin.str
Info: PARAMETERS             toppar/toppar_all36_label_fluorophore.str
Info: USING ARITHMETIC MEAN TO COMBINE L-J SIGMA PARAMETERS
Info: BINARY COORDINATES     ../output/step4_equilibration.coor
Warning: SKIPPING PART OF PARAMETER FILE AFTER RETURN STATEMENT

Warning: DUPLICATE DIHEDRAL ENTRY FOR HAL1-CTO1-C-NHL
PREVIOUS VALUES MULTIPLICITY: 1
  k=0  n=1  delta=0
INCREASING MULTIPLICITY TO: 2
  k=0  n=3  delta=0

Warning: DUPLICATE DIHEDRAL ENTRY FOR HAL1-CTO1-C-O
PREVIOUS VALUES MULTIPLICITY: 1
  k=0  n=1  delta=0
INCREASING MULTIPLICITY TO: 2
  k=0  n=2  delta=3.14159
Warning: SKIPPING PART OF PARAMETER FILE AFTER RETURN STATEMENT

Warning: DUPLICATE DIHEDRAL ENTRY FOR CTL2-CG2O5-CTL1-CTL3
PREVIOUS VALUES MULTIPLICITY: 1
  k=0.75  n=1  delta=0
  k=0.18  n=2  delta=3.14159
INCREASING MULTIPLICITY TO: 3
  k=0.065  n=3  delta=0

Warning: DUPLICATE BOND ENTRY FOR CEL1-CL
PREVIOUS VALUES  k=440  x0=1.489
   USING VALUES  k=300  x0=1.48
Info: SUMMARY OF PARAMETERS:
Info: 1988 BONDS
Info: 6776 ANGLES
Info: 19939 DIHEDRAL
Info: 430 IMPROPER
Info: 28 CROSSTERM
Info: 751 VDW
Info: 122 VDW_PAIRS
Info: 0 NBTHOLE_PAIRS
Warning: Ignored 9467 bonds with zero force constants.
Warning: Will get H-H distance in rigid H2O from H-O-H angle.
Info: TIME FOR READING PSF FILE: 0.0586531
Info: Reading pdb file step3_input.pdb
Info: TIME FOR READING PDB FILE: 0.0255008
Info: 
Info: ****************************
Info: STRUCTURE SUMMARY:
Info: 30423 ATOMS
Info: 20918 BONDS
Info: 13014 ANGLES
Info: 5187 DIHEDRALS
Info: 373 IMPROPERS
Info: 127 CROSSTERMS
Info: 0 EXCLUSIONS
Info: 29360 RIGID BONDS
Info: 61909 DEGREES OF FREEDOM
Info: 10530 HYDROGEN GROUPS
Info: 4 ATOMS IN LARGEST HYDROGEN GROUP
Info: 10530 MIGRATION GROUPS
Info: 4 ATOMS IN LARGEST MIGRATION GROUP
Info: TOTAL MASS = 186727 amu
Info: TOTAL CHARGE = 1.31875e-06 e
Info: MASS DENSITY = 0.943883 g/cm^3
Info: ATOM DENSITY = 0.0926093 atoms/A^3
Info: *****************************
Info: Reading from binary file ../output/step4_equilibration.coor
Info: 
Info: Entering startup at 1.21192 s, 0 MB of memory in use
Info: Startup phase 0 took 9.596e-05 s, 0 MB of memory in use
Info: ADDED 39038 IMPLICIT EXCLUSIONS
Info: Startup phase 1 took 0.00605611 s, 0 MB of memory in use
Info: NONBONDED TABLE R-SQUARED SPACING: 0.0625
Info: NONBONDED TABLE SIZE: 769 POINTS
Info: INCONSISTENCY IN FAST TABLE ENERGY VS FORCE: 0.000325096 AT 11.9556
Info: INCONSISTENCY IN SCOR TABLE ENERGY VS FORCE: 0.000324844 AT 11.9556
Info: INCONSISTENCY IN VDWA TABLE ENERGY VS FORCE: 0.0040507 AT 0.251946
Info: INCONSISTENCY IN VDWB TABLE ENERGY VS FORCE: 0.00150189 AT 0.251946
Info: Startup phase 2 took 0.0109795 s, 0 MB of memory in use
Info: Startup phase 3 took 8.0121e-05 s, 0 MB of memory in use
Info: Startup phase 4 took 0.00031302 s, 0 MB of memory in use
Info: Startup phase 5 took 7.3728e-05 s, 0 MB of memory in use
Info: PATCH GRID IS 3 (PERIODIC) BY 3 (PERIODIC) BY 3 (PERIODIC)
Info: PATCH GRID IS 1-AWAY BY 1-AWAY BY 1-AWAY
Info: Reading from binary file ../output/step4_equilibration.vel
Info: REMOVING COM VELOCITY 0.0102651 -0.01707 0.00842024
Info: LARGEST PATCH (13) HAS 1316 ATOMS
Info: TORUS A SIZE 1 USING 0
Info: TORUS B SIZE 1 USING 0
Info: TORUS C SIZE 1 USING 0
Info: TORUS MINIMAL MESH SIZE IS 1 BY 1 BY 1
Info: Placed 100% of base nodes on same physical node as patch
Info: Startup phase 6 took 0.0120034 s, 0 MB of memory in use
Info: Use 3D box decompostion in PME FFT.
Info: PME using 1 x 1 x 1 pencil grid for FFT and reciprocal sum.
Info: Startup phase 7 took 0.000231597 s, 0 MB of memory in use
Info: Updated CUDA force table with 4096 elements.
Info: Updated CUDA LJ table with 751 x 751 elements.
Info: Startup phase 8 took 0.00574624 s, 0 MB of memory in use
Info: Startup phase 9 took 0.000102102 s, 0 MB of memory in use
Info: Startup phase 10 took 5.9552e-05 s, 0 MB of memory in use
Info: Startup phase 11 took 0.00630984 s, 0 MB of memory in use
LDB: Central LB being created...
Info: Startup phase 12 took 0.00889288 s, 0 MB of memory in use
Info: CREATING 647 COMPUTE OBJECTS
Info: Found 268 unique exclusion lists needing 4316 bytes
Info: useSync: 0 useProxySync: 0
Info: Startup phase 13 took 0.0205389 s, 0 MB of memory in use
Info: Startup phase 14 took 8.0822e-05 s, 0 MB of memory in use
Info: Startup phase 15 took 2.5468e-05 s, 0 MB of memory in use
Info: Finished startup at 1.28351 s, 0 MB of memory in use

TCL: Original numsteps 500000 will be ignored.
TCL: Running for 500000 steps
ETITLE:      TS           BOND          ANGLE          DIHED          IMPRP               ELECT            VDW       BOUNDARY           MISC        KINETIC               TOTAL           TEMP      POTENTIAL       TOTALAVG        TEMPAVG            PRESSURE      GPRESSURE         VOLUME       PRESSAVG      GPRESSAVG

ENERGY:       0       393.7845      1151.3864      1140.5717        75.7877        -111381.5648      9211.0936         0.0000         0.0000     18671.3312         -80737.6099       303.5372    -99408.9410    -80737.6099       303.5372          -1002.7070     -1000.5920    328509.0000     -1002.7070     -1000.5920

Info: Initial time: 10 CPUs 0.00129192 s/step 133.754 ns/day 0 MB memory
Info: Initial time: 10 CPUs 0.00120195 s/step 143.766 ns/day 0 MB memory
Info: Initial time: 10 CPUs 0.0011495 s/step 150.326 ns/day 0 MB memory
Info: Benchmark time: 10 CPUs 0.00117139 s/step 147.517 ns/day 0 MB memory
Info: Benchmark time: 10 CPUs 0.00121908 s/step 141.746 ns/day 0 MB memory
Info: Benchmark time: 10 CPUs 0.00115036 s/step 150.213 ns/day 0 MB memory
Info: Benchmark time: 10 CPUs 0.00117796 s/step 146.694 ns/day 0 MB memory
Info: Benchmark time: 10 CPUs 0.00118027 s/step 146.407 ns/day 0 MB memory
Info: Benchmark time: 10 CPUs 0.00116425 s/step 148.422 ns/day 0 MB memory
TIMING: 5000  CPU: 7.14415, 0.00136177/step  Wall: 9.24349, 0.00183915/step, 93.9564 ns/days, 0.252883 hours remaining, 0.000000 MB of memory in use.
PERFORMANCE: 5000  averaging 93.9564 ns/day, 0.00183915 sec/step with standard deviation 0
ENERGY:    5000       405.3150      1110.0259      1135.6696        68.7804        -114176.9261      9952.9685         0.0000         0.0000     18689.2664         -82814.9002       303.8287   -101504.1666    -81776.2550       303.6830            141.7168       144.4645    301744.5857      -430.4951      -428.0637

WRITING EXTENDED SYSTEM TO RESTART FILE AT STEP 5000
WRITING COORDINATES TO RESTART FILE AT STEP 5000
FINISHED WRITING RESTART COORDINATES
The last position output (seq=5000) takes 0.007 seconds, 0.000 MB of memory in use
WRITING VELOCITIES TO RESTART FILE AT STEP 5000
FINISHED WRITING RESTART VELOCITIES
The last velocity output (seq=5000) takes 0.007 seconds, 0.000 MB of memory in use
TIMING: 10000  CPU: 12.9059, 0.00115235/step  Wall: 15.0326, 0.00115782/step, 149.246 ns/days, 0.157592 hours remaining, 0.000000 MB of memory in use.
PERFORMANCE: 10000  averaging 115.316 ns/day, 0.00149849 sec/step with standard deviation 0.000481774
ENERGY:   10000       432.8857      1139.6383      1116.4882        63.9934        -114258.5760     10099.6141         0.0000         0.0000     18649.0866         -82756.8697       303.1755   -101405.9563    -82103.1266       303.5138            207.6887       209.7273    300505.5382      -217.7672      -215.4667

WRITING EXTENDED SYSTEM TO RESTART FILE AT STEP 10000
WRITING COORDINATES TO RESTART FILE AT STEP 10000
FINISHED WRITING RESTART COORDINATES
The last position output (seq=10000) takes 0.009 seconds, 0.000 MB of memory in use
WRITING VELOCITIES TO RESTART FILE AT STEP 10000
FINISHED WRITING RESTART VELOCITIES
The last velocity output (seq=10000) takes 0.007 seconds, 0.000 MB of memory in use
TIMING: 15000  CPU: 19.0056, 0.00121995/step  Wall: 21.1696, 0.00122741/step, 140.785 ns/days, 0.165359 hours remaining, 0.000000 MB of memory in use.
PERFORMANCE: 15000  averaging 122.716 ns/day, 0.00140813 sec/step with standard deviation 0.000374896
ENERGY:   15000       429.6852      1149.7970      1130.9025        70.6293        -113773.7922      9655.9052         0.0000         0.0000     18654.4110         -82682.4620       303.2621   -101336.8730    -82247.9604       303.4509            -34.5858       -32.8479    302916.7639      -171.9718      -169.8120

WRITING EXTENDED SYSTEM TO RESTART FILE AT STEP 15000
WRITING COORDINATES TO RESTART FILE AT STEP 15000
FINISHED WRITING RESTART COORDINATES
The last position output (seq=15000) takes 0.008 seconds, 0.000 MB of memory in use
WRITING VELOCITIES TO RESTART FILE AT STEP 15000
FINISHED WRITING RESTART VELOCITIES
The last velocity output (seq=15000) takes 0.008 seconds, 0.000 MB of memory in use
TIMING: 20000  CPU: 24.7731, 0.0011535/step  Wall: 26.9727, 0.00116061/step, 148.887 ns/days, 0.154748 hours remaining, 0.000000 MB of memory in use.
PERFORMANCE: 20000  averaging 128.357 ns/day, 0.00134625 sec/step with standard deviation 0.000330173
ENERGY:   20000       444.5628      1159.3042      1124.1530        77.3482        -114217.1734      9887.4228         0.0000         0.0000     18621.4445         -82902.9379       302.7262   -101524.3824    -82378.9559       303.3059             74.1058        73.4058    300240.4933      -122.7563      -121.1685

WRITING EXTENDED SYSTEM TO RESTART FILE AT STEP 20000
WRITING COORDINATES TO RESTART FILE AT STEP 20000
FINISHED WRITING RESTART COORDINATES
The last position output (seq=20000) takes 0.009 seconds, 0.000 MB of memory in use
WRITING VELOCITIES TO RESTART FILE AT STEP 20000
FINISHED WRITING RESTART VELOCITIES
The last velocity output (seq=20000) takes 0.010 seconds, 0.000 MB of memory in use
TIMING: 25000  CPU: 30.5683, 0.00115902/step  Wall: 32.8054, 0.00116655/step, 148.129 ns/days, 0.153919 hours remaining, 0.000000 MB of memory in use.
PERFORMANCE: 25000  averaging 131.878 ns/day, 0.00131031 sec/step with standard deviation 0.000297017
ENERGY:   25000       447.9104      1129.1924      1116.4317        62.7250        -114106.3418      9810.4160         0.0000         0.0000     18592.9689         -82946.6974       302.2632   -101539.6663    -82473.5795       303.1322            -83.0414       -81.8051    300443.5590      -116.1372      -114.6079

WRITING EXTENDED SYSTEM TO RESTART FILE AT STEP 25000
WRITING COORDINATES TO RESTART FILE AT STEP 25000
FINISHED WRITING RESTART COORDINATES
The last position output (seq=25000) takes 0.010 seconds, 0.000 MB of memory in use
WRITING VELOCITIES TO RESTART FILE AT STEP 25000
FINISHED WRITING RESTART VELOCITIES
The last velocity output (seq=25000) takes 0.010 seconds, 0.000 MB of memory in use
TIMING: 30000  CPU: 36.5411, 0.00119457/step  Wall: 38.8171, 0.00120233/step, 143.721 ns/days, 0.156971 hours remaining, 0.000000 MB of memory in use.
PERFORMANCE: 30000  averaging 133.714 ns/day, 0.00129231 sec/step with standard deviation 0.000269293
ENERGY:   30000       426.0377      1112.8067      1128.9653        74.7496        -114320.3999      9690.9432         0.0000         0.0000     18396.2193         -83490.6781       299.0647   -101886.8974    -82618.8793       302.5511            -30.7385       -27.4594    299376.5476      -103.9374      -102.1581

WRITING EXTENDED SYSTEM TO RESTART FILE AT STEP 30000
WRITING COORDINATES TO RESTART FILE AT STEP 30000
FINISHED WRITING RESTART COORDINATES
The last position output (seq=30000) takes 0.008 seconds, 0.000 MB of memory in use
WRITING VELOCITIES TO RESTART FILE AT STEP 30000
FINISHED WRITING RESTART VELOCITIES
TIMING: 35000  CPU: 42.3325, 0.00115828/step  Wall: 44.6411, 0.00116481/step, 148.35 ns/days, 0.150455 hours remaining, 0.000000 MB of memory in use.
PERFORMANCE: 35000  averaging 135.625 ns/day, 0.0012741 sec/step with standard deviation 0.000250508
ENERGY:   35000       423.4702      1140.1061      1131.6581        66.9638        -113992.7509      9893.8934         0.0000         0.0000     18582.8294         -82753.8298       302.0984   -101336.6592    -82635.7481       302.4945             11.3938         8.7308    301838.1229       -89.5210       -88.2970

WRITING EXTENDED SYSTEM TO RESTART FILE AT STEP 35000
WRITING COORDINATES TO RESTART FILE AT STEP 35000
FINISHED WRITING RESTART COORDINATES
The last position output (seq=35000) takes 0.008 seconds, 0.000 MB of memory in use
WRITING VELOCITIES TO RESTART FILE AT STEP 35000
FINISHED WRITING RESTART VELOCITIES
TIMING: 40000  CPU: 48.1254, 0.00115858/step  Wall: 50.4694, 0.00116566/step, 148.242 ns/days, 0.148945 hours remaining, 0.000000 MB of memory in use.
PERFORMANCE: 40000  averaging 137.084 ns/day, 0.00126054 sec/step with standard deviation 0.000235073
ENERGY:   40000       416.8408      1120.0967      1131.4292        72.1837        -113990.6070      9728.4887         0.0000         0.0000     18635.6722         -82885.8957       302.9575   -101521.5679    -82663.5423       302.5459             65.0610        62.5711    300489.3074       -72.3452       -71.5339

WRITING EXTENDED SYSTEM TO RESTART FILE AT STEP 40000
WRITING COORDINATES TO RESTART FILE AT STEP 40000
FINISHED WRITING RESTART COORDINATES
The last position output (seq=40000) takes 0.008 seconds, 0.000 MB of memory in use
WRITING VELOCITIES TO RESTART FILE AT STEP 40000
FINISHED WRITING RESTART VELOCITIES
TIMING: 45000  CPU: 53.8799, 0.00115089/step  Wall: 56.2507, 0.00115625/step, 149.448 ns/days, 0.146138 hours remaining, 0.000000 MB of memory in use.
PERFORMANCE: 45000  averaging 138.356 ns/day, 0.00124895 sec/step with standard deviation 0.000222622
ENERGY:   45000       430.3914      1089.9353      1130.6816        69.5329        -113930.6449      9841.2195         0.0000         0.0000     18632.9329         -82735.9513       302.9129   -101368.8842    -82670.7832       302.5826             10.6778        10.4477    301406.8956       -64.0429       -63.3357

WRITING EXTENDED SYSTEM TO RESTART FILE AT STEP 45000
WRITING COORDINATES TO RESTART FILE AT STEP 45000
FINISHED WRITING RESTART COORDINATES
The last position output (seq=45000) takes 0.008 seconds, 0.000 MB of memory in use
WRITING VELOCITIES TO RESTART FILE AT STEP 45000
FINISHED WRITING RESTART VELOCITIES
TIMING: 50000  CPU: 59.652, 0.00115441/step  Wall: 62.0574, 0.00116135/step, 148.793 ns/days, 0.145168 hours remaining, 0.000000 MB of memory in use.
PERFORMANCE: 50000  averaging 139.333 ns/day, 0.00124019 sec/step with standard deviation 0.00021171
ETITLE:      TS           BOND          ANGLE          DIHED          IMPRP               ELECT            VDW       BOUNDARY           MISC        KINETIC               TOTAL           TEMP      POTENTIAL       TOTALAVG        TEMPAVG            PRESSURE      GPRESSURE         VOLUME       PRESSAVG      GPRESSAVG

ENERGY:   50000       414.1975      1118.5867      1114.5353        78.3953        -114316.8448      9809.2277         0.0000         0.0000     18516.1012         -83265.8011       301.0136   -101781.9023    -82724.8757       302.4400            -60.9928       -61.4674    300301.3534       -63.7656       -63.1659

WRITING EXTENDED SYSTEM TO RESTART FILE AT STEP 50000
WRITING COORDINATES TO RESTART FILE AT STEP 50000
FINISHED WRITING RESTART COORDINATES
The last position output (seq=50000) takes 0.008 seconds, 0.000 MB of memory in use
WRITING VELOCITIES TO RESTART FILE AT STEP 50000
FINISHED WRITING RESTART VELOCITIES
TIMING: 55000  CPU: 65.446, 0.00115882/step  Wall: 67.8851, 0.00116553/step, 148.259 ns/days, 0.144072 hours remaining, 0.000000 MB of memory in use.
PERFORMANCE: 55000  averaging 140.1 ns/day, 0.00123341 sec/step with standard deviation 0.000202104
ENERGY:   55000       432.3262      1104.2469      1158.4304        75.2218        -114133.3138      9727.5700         0.0000         0.0000     18612.1422         -83023.3763       302.5749   -101635.5185    -82749.7508       302.4513            -32.6838       -30.7352    300123.6331       -61.1755       -60.4633

WRITING EXTENDED SYSTEM TO RESTART FILE AT STEP 55000
WRITING COORDINATES TO RESTART FILE AT STEP 55000
FINISHED WRITING RESTART COORDINATES
WRITING VELOCITIES TO RESTART FILE AT STEP 55000
FINISHED WRITING RESTART VELOCITIES
TIMING: 60000  CPU: 71.2126, 0.00115331/step  Wall: 73.6843, 0.00115985/step, 148.984 ns/days, 0.14176 hours remaining, 0.000000 MB of memory in use.
PERFORMANCE: 60000  averaging 140.8 ns/day, 0.00122728 sec/step with standard deviation 0.000193865
ENERGY:   60000       424.9312      1090.4690      1125.9889        69.9557        -114287.2870      9921.2095         0.0000         0.0000     18753.6448         -82901.0880       304.8753   -101654.7328    -82761.3921       302.6377            193.4633       192.2521    299482.4196       -41.5879       -41.0237

WRITING EXTENDED SYSTEM TO RESTART FILE AT STEP 60000
WRITING COORDINATES TO RESTART FILE AT STEP 60000
FINISHED WRITING RESTART COORDINATES
WRITING VELOCITIES TO RESTART FILE AT STEP 60000
FINISHED WRITING RESTART VELOCITIES
TIMING: 65000  CPU: 76.9872, 0.00115492/step  Wall: 79.4908, 0.0011613/step, 148.799 ns/days, 0.140324 hours remaining, 0.000000 MB of memory in use.
PERFORMANCE: 65000  averaging 141.384 ns/day, 0.0012222 sec/step with standard deviation 0.000186511
ENERGY:   65000       422.9975      1122.3800      1130.4928        63.6826        -113910.1236      9803.2468         0.0000         0.0000     18459.5157         -82907.8083       300.0937   -101367.3239    -82771.8504       302.4560            119.0398       122.6444    300592.5707       -30.1145       -29.3331

WRITING EXTENDED SYSTEM TO RESTART FILE AT STEP 65000
WRITING COORDINATES TO RESTART FILE AT STEP 65000
FINISHED WRITING RESTART COORDINATES
WRITING VELOCITIES TO RESTART FILE AT STEP 65000
FINISHED WRITING RESTART VELOCITIES
TIMING: 70000  CPU: 82.7748, 0.00115751/step  Wall: 85.3063, 0.0011631/step, 148.568 ns/days, 0.138926 hours remaining, 0.000000 MB of memory in use.
PERFORMANCE: 70000  averaging 141.874 ns/day, 0.00121798 sec/step with standard deviation 0.000179889
ENERGY:   70000       424.3010      1139.1021      1127.8362        65.4132        -114014.7140      9781.4135         0.0000         0.0000     18816.4856         -82660.1624       305.8969   -101476.6480    -82764.4045       302.6854            101.3228        99.9511    299575.0429       -21.3520       -20.7141

WRITING EXTENDED SYSTEM TO RESTART FILE AT STEP 70000
WRITING COORDINATES TO RESTART FILE AT STEP 70000
FINISHED WRITING RESTART COORDINATES
WRITING VELOCITIES TO RESTART FILE AT STEP 70000
FINISHED WRITING RESTART VELOCITIES
TIMING: 75000  CPU: 88.5572, 0.00115648/step  Wall: 91.1702, 0.00117278/step, 147.342 ns/days, 0.138453 hours remaining, 0.000000 MB of memory in use.
PERFORMANCE: 75000  averaging 142.226 ns/day, 0.00121497 sec/step with standard deviation 0.000173738
ENERGY:   75000       440.2196      1104.3689      1129.5487        67.6423        -114020.5294      9793.7143         0.0000         0.0000     18591.4374         -82893.5982       302.2383   -101485.0357    -82772.4791       302.6575             22.3266        21.8085    301087.0402       -18.6221       -18.0565

WRITING EXTENDED SYSTEM TO RESTART FILE AT STEP 75000
WRITING COORDINATES TO RESTART FILE AT STEP 75000
FINISHED WRITING RESTART COORDINATES
WRITING VELOCITIES TO RESTART FILE AT STEP 75000
FINISHED WRITING RESTART VELOCITIES
TIMING: 80000  CPU: 94.6931, 0.00122718/step  Wall: 97.3426, 0.00123448/step, 139.978 ns/days, 0.144022 hours remaining, 0.000000 MB of memory in use.
PERFORMANCE: 80000  averaging 142.084 ns/day, 0.00121619 sec/step with standard deviation 0.000167917
ENERGY:   80000       411.1041      1119.9110      1110.8465        60.8184        -114174.8861      9926.2978         0.0000         0.0000     18636.6858         -82909.2225       302.9739   -101545.9083    -82780.5229       302.6761             97.1798        97.3126    300752.3440       -11.8102       -11.2701

WRITING EXTENDED SYSTEM TO RESTART FILE AT STEP 80000
WRITING COORDINATES TO RESTART FILE AT STEP 80000
FINISHED WRITING RESTART COORDINATES
WRITING VELOCITIES TO RESTART FILE AT STEP 80000
FINISHED WRITING RESTART VELOCITIES
TIMING: 85000  CPU: 100.446, 0.00115065/step  Wall: 103.13, 0.00115755/step, 149.281 ns/days, 0.13344 hours remaining, 0.000000 MB of memory in use.
PERFORMANCE: 85000  averaging 142.488 ns/day, 0.00121274 sec/step with standard deviation 0.000163206
ENERGY:   85000       425.4737      1091.2052      1093.4162        66.8181        -113761.7127      9740.5004         0.0000         0.0000     18366.8450         -82977.4541       298.5872   -101344.2991    -82791.4635       302.4489              8.9950         9.0530    302088.6036       -10.6543       -10.1410

WRITING EXTENDED SYSTEM TO RESTART FILE AT STEP 85000
WRITING COORDINATES TO RESTART FILE AT STEP 85000
FINISHED WRITING RESTART COORDINATES
WRITING VELOCITIES TO RESTART FILE AT STEP 85000
FINISHED WRITING RESTART VELOCITIES
TIMING: 90000  CPU: 106.242, 0.00115911/step  Wall: 108.96, 0.00116601/step, 148.197 ns/days, 0.132796 hours remaining, 0.000000 MB of memory in use.
PERFORMANCE: 90000  averaging 142.793 ns/day, 0.00121014 sec/step with standard deviation 0.000158716
ENERGY:   90000       408.4055      1166.8846      1110.3593        74.3494        -113890.3699      9730.2795         0.0000         0.0000     18619.4326         -82780.6590       302.6935   -101400.0916    -82790.8948       302.4618           -125.5286      -127.2766    301398.6956       -16.7004       -16.3060

WRITING EXTENDED SYSTEM TO RESTART FILE AT STEP 90000
WRITING COORDINATES TO RESTART FILE AT STEP 90000
FINISHED WRITING RESTART COORDINATES
WRITING VELOCITIES TO RESTART FILE AT STEP 90000
FINISHED WRITING RESTART VELOCITIES
TIMING: 95000  CPU: 117.202, 0.00219206/step  Wall: 119.995, 0.00220689/step, 78.3002 ns/days, 0.248275 hours remaining, 0.000000 MB of memory in use.
PERFORMANCE: 95000  averaging 136.86 ns/day, 0.0012626 sec/step with standard deviation 0.000275828
ENERGY:   95000       417.4252      1107.7049      1118.3178        73.7017        -114311.4109      9792.6558         0.0000         0.0000     18600.3594         -83201.2461       302.3834   -101801.6055    -82811.4124       302.4579             23.5187        21.9660    299786.6630       -14.6894       -14.3924

WRITING EXTENDED SYSTEM TO RESTART FILE AT STEP 95000
WRITING COORDINATES TO RESTART FILE AT STEP 95000
FINISHED WRITING RESTART COORDINATES
WRITING VELOCITIES TO RESTART FILE AT STEP 95000
FINISHED WRITING RESTART VELOCITIES
TIMING: 100000  CPU: 123.179, 0.00119546/step  Wall: 126.003, 0.00120162/step, 143.806 ns/days, 0.133513 hours remaining, 0.000000 MB of memory in use.
PERFORMANCE: 100000  averaging 137.192 ns/day, 0.00125955 sec/step with standard deviation 0.000268818
ETITLE:      TS           BOND          ANGLE          DIHED          IMPRP               ELECT            VDW       BOUNDARY           MISC        KINETIC               TOTAL           TEMP      POTENTIAL       TOTALAVG        TEMPAVG            PRESSURE      GPRESSURE         VOLUME       PRESSAVG      GPRESSAVG

ENERGY:  100000       429.7138      1156.7380      1086.6660        67.5605        -113930.6751      9886.2132         0.0000         0.0000     18601.2841         -82702.4995       302.3984   -101303.7836    -82909.6569       302.4009            240.0986       242.0395    300785.9836        47.4509        47.7391

WRITING EXTENDED SYSTEM TO RESTART FILE AT STEP 100000
WRITING COORDINATES TO RESTART FILE AT STEP 100000
FINISHED WRITING RESTART COORDINATES
WRITING VELOCITIES TO RESTART FILE AT STEP 100000
FINISHED WRITING RESTART VELOCITIES
TIMING: 105000  CPU: 128.953, 0.00115463/step  Wall: 131.818, 0.00116308/step, 148.571 ns/days, 0.127616 hours remaining, 0.000000 MB of memory in use.
PERFORMANCE: 105000  averaging 137.694 ns/day, 0.00125496 sec/step with standard deviation 0.000262855
ENERGY:  105000       448.5835      1131.3658      1114.5958        83.4166        -114075.9806      9721.6226         0.0000         0.0000     18375.5275         -83200.8687       298.7283   -101576.3962    -82928.9553       302.1459            -85.7455       -84.4596    299951.9121        36.0778        36.2929

WRITING EXTENDED SYSTEM TO RESTART FILE AT STEP 105000
WRITING COORDINATES TO RESTART FILE AT STEP 105000
FINISHED WRITING RESTART COORDINATES
WRITING VELOCITIES TO RESTART FILE AT STEP 105000
FINISHED WRITING RESTART VELOCITIES
TIMING: 110000  CPU: 134.746, 0.00115864/step  Wall: 137.649, 0.00116603/step, 148.195 ns/days, 0.12632 hours remaining, 0.000000 MB of memory in use.
PERFORMANCE: 110000  averaging 138.139 ns/day, 0.00125092 sec/step with standard deviation 0.00025722
ENERGY:  110000       437.0233      1139.2121      1125.3324        79.6563        -114477.0399      9926.0095         0.0000         0.0000     18562.6941         -83207.1122       301.7711   -101769.8062    -82951.4674       302.0757             80.0355        81.7823    299789.8101        29.6951        29.8957

WRITING EXTENDED SYSTEM TO RESTART FILE AT STEP 110000
WRITING COORDINATES TO RESTART FILE AT STEP 110000
FINISHED WRITING RESTART COORDINATES
WRITING VELOCITIES TO RESTART FILE AT STEP 110000
FINISHED WRITING RESTART VELOCITIES
TIMING: 115000  CPU: 144.019, 0.00185466/step  Wall: 146.993, 0.00186892/step, 92.4599 ns/days, 0.19987 hours remaining, 0.000000 MB of memory in use.
PERFORMANCE: 115000  averaging 135.234 ns/day, 0.00127779 sec/step with standard deviation 0.000282419
ENERGY:  115000       451.3264      1098.6449      1139.2269        71.2614        -114073.3387      9733.6666         0.0000         0.0000     18627.5114         -82951.7011       302.8248   -101579.2125    -82964.9294       302.0538           -116.7496      -114.6534    301047.7628        25.5869        25.8054

WRITING EXTENDED SYSTEM TO RESTART FILE AT STEP 115000
WRITING COORDINATES TO RESTART FILE AT STEP 115000
FINISHED WRITING RESTART COORDINATES
WRITING VELOCITIES TO RESTART FILE AT STEP 115000
FINISHED WRITING RESTART VELOCITIES
TIMING: 120000  CPU: 149.775, 0.00115126/step  Wall: 152.789, 0.00115917/step, 149.072 ns/days, 0.122357 hours remaining, 0.000000 MB of memory in use.
PERFORMANCE: 120000  averaging 135.759 ns/day, 0.00127284 sec/step with standard deviation 0.00027727
ENERGY:  120000       415.5867      1138.7083      1131.7483        75.3850        -114377.8379      9967.6914         0.0000         0.0000     18723.7635         -82924.9547       304.3896   -101648.7182    -82966.0302       302.1370            338.9079       338.4936    299259.2067        38.8270        39.0598

WRITING EXTENDED SYSTEM TO RESTART FILE AT STEP 120000
WRITING COORDINATES TO RESTART FILE AT STEP 120000
FINISHED WRITING RESTART COORDINATES
WRITING VELOCITIES TO RESTART FILE AT STEP 120000
FINISHED WRITING RESTART VELOCITIES
TIMING: 125000  CPU: 159.287, 0.00190239/step  Wall: 162.378, 0.00191779/step, 90.1039 ns/days, 0.199769 hours remaining, 0.000000 MB of memory in use.
PERFORMANCE: 125000  averaging 133.062 ns/day, 0.00129864 sec/step with standard deviation 0.000300522
ENERGY:  125000       425.6884      1133.5531      1118.6999        69.5344        -113913.6108      9745.5344         0.0000         0.0000     18682.8413         -82737.7592       303.7243   -101420.6005    -82955.5833       302.2100            187.8391       185.2804    301107.5099        52.3710        52.4141

WRITING EXTENDED SYSTEM TO RESTART FILE AT STEP 125000
WRITING COORDINATES TO RESTART FILE AT STEP 125000
FINISHED WRITING RESTART COORDINATES
WRITING VELOCITIES TO RESTART FILE AT STEP 125000
FINISHED WRITING RESTART VELOCITIES
TIMING: 130000  CPU: 167.487, 0.00163986/step  Wall: 170.612, 0.00164678/step, 104.932 ns/days, 0.169252 hours remaining, 0.000000 MB of memory in use.
PERFORMANCE: 130000  averaging 131.704 ns/day, 0.00131203 sec/step with standard deviation 0.000302262
ENERGY:  130000       424.8212      1126.7768      1119.7031        74.4307        -113934.3252      9650.7208         0.0000         0.0000     18816.4799         -82721.3926       305.8968   -101537.8725    -82917.1190       302.5516           -134.9493      -138.2975    300411.5787        47.1605        46.8722

WRITING EXTENDED SYSTEM TO RESTART FILE AT STEP 130000
WRITING COORDINATES TO RESTART FILE AT STEP 130000
FINISHED WRITING RESTART COORDINATES
WRITING VELOCITIES TO RESTART FILE AT STEP 130000
FINISHED WRITING RESTART VELOCITIES
TIMING: 135000  CPU: 173.209, 0.00114449/step  Wall: 176.37, 0.00115155/step, 150.059 ns/days, 0.116754 hours remaining, 0.000000 MB of memory in use.
PERFORMANCE: 135000  averaging 132.304 ns/day, 0.00130609 sec/step with standard deviation 0.000297997
ENERGY:  135000       437.6573      1147.4754      1133.6814        83.1892        -114008.8346      9985.0435         0.0000         0.0000     18867.2466         -82354.5412       306.7221   -101221.7878    -82897.1546       302.7828            197.5174       200.7018    301188.1067        56.4667        56.4707

WRITING EXTENDED SYSTEM TO RESTART FILE AT STEP 135000
WRITING COORDINATES TO RESTART FILE AT STEP 135000
FINISHED WRITING RESTART COORDINATES
WRITING VELOCITIES TO RESTART FILE AT STEP 135000
FINISHED WRITING RESTART VELOCITIES
TIMING: 140000  CPU: 178.977, 0.00115347/step  Wall: 182.173, 0.00116069/step, 148.877 ns/days, 0.116069 hours remaining, 0.000000 MB of memory in use.
PERFORMANCE: 140000  averaging 132.832 ns/day, 0.00130089 sec/step with standard deviation 0.000293715
ENERGY:  140000       410.0282      1100.1539      1098.6659        71.7534        -114086.3351      9659.4511         0.0000         0.0000     18710.1057         -83036.1769       304.1675   -101746.2826    -82904.6687       302.8433            -95.3498       -97.7395    300540.9683        48.4461        48.4552

WRITING EXTENDED SYSTEM TO RESTART FILE AT STEP 140000
WRITING COORDINATES TO RESTART FILE AT STEP 140000
FINISHED WRITING RESTART COORDINATES
WRITING VELOCITIES TO RESTART FILE AT STEP 140000
FINISHED WRITING RESTART VELOCITIES
TIMING: 145000  CPU: 184.787, 0.00116201/step  Wall: 188.103, 0.00118591/step, 145.711 ns/days, 0.116943 hours remaining, 0.000000 MB of memory in use.
PERFORMANCE: 145000  averaging 133.238 ns/day, 0.00129693 sec/step with standard deviation 0.000289212
ENERGY:  145000       414.0891      1104.6895      1131.5327        81.1063        -114829.2303     10253.2312         0.0000         0.0000     18470.6492         -83373.9324       300.2747   -101844.5816    -82936.5677       302.7114            346.6271       347.6911    299481.2970        65.2436        65.3174

WRITING EXTENDED SYSTEM TO RESTART FILE AT STEP 145000
WRITING COORDINATES TO RESTART FILE AT STEP 145000
FINISHED WRITING RESTART COORDINATES
WRITING VELOCITIES TO RESTART FILE AT STEP 145000
FINISHED WRITING RESTART VELOCITIES
TIMING: 150000  CPU: 190.518, 0.00114638/step  Wall: 193.867, 0.00115291/step, 149.882 ns/days, 0.112089 hours remaining, 0.000000 MB of memory in use.
PERFORMANCE: 150000  averaging 133.733 ns/day, 0.00129213 sec/step with standard deviation 0.000285395
ETITLE:      TS           BOND          ANGLE          DIHED          IMPRP               ELECT            VDW       BOUNDARY           MISC        KINETIC               TOTAL           TEMP      POTENTIAL       TOTALAVG        TEMPAVG            PRESSURE      GPRESSURE         VOLUME       PRESSAVG      GPRESSAVG

ENERGY:  150000       429.7584      1140.4087      1106.6920        62.5386        -114410.5219      9944.6635         0.0000         0.0000     18613.3322         -83113.1285       302.5943   -101726.4608    -82928.9341       302.7905            237.5506       237.0003    300348.4793        80.1708        80.2408

WRITING EXTENDED SYSTEM TO RESTART FILE AT STEP 150000
WRITING COORDINATES TO RESTART FILE AT STEP 150000
FINISHED WRITING RESTART COORDINATES
WRITING VELOCITIES TO RESTART FILE AT STEP 150000
FINISHED WRITING RESTART VELOCITIES
TIMING: 155000  CPU: 196.278, 0.00115188/step  Wall: 199.661, 0.00115887/step, 149.111 ns/days, 0.111058 hours remaining, 0.000000 MB of memory in use.
PERFORMANCE: 155000  averaging 134.179 ns/day, 0.00128783 sec/step with standard deviation 0.000281617
ENERGY:  155000       392.7826      1099.4982      1104.9231        71.1824        -114420.9506      9876.9797         0.0000         0.0000     18680.1463         -83195.4385       303.6805   -101875.5847    -82937.5372       302.8457           -104.7719      -103.7430    301313.8625        76.5664        76.5904

WRITING EXTENDED SYSTEM TO RESTART FILE AT STEP 155000
WRITING COORDINATES TO RESTART FILE AT STEP 155000
FINISHED WRITING RESTART COORDINATES
WRITING VELOCITIES TO RESTART FILE AT STEP 155000
FINISHED WRITING RESTART VELOCITIES
TIMING: 160000  CPU: 202.06, 0.00115643/step  Wall: 205.477, 0.00116313/step, 148.565 ns/days, 0.109851 hours remaining, 0.000000 MB of memory in use.
PERFORMANCE: 160000  averaging 134.586 ns/day, 0.00128393 sec/step with standard deviation 0.000277913
ENERGY:  160000       438.0659      1096.8098      1110.7979        62.7254        -114016.1796      9706.7932         0.0000         0.0000     18562.7586         -83038.2290       301.7721   -101600.9875    -82944.3943       302.6906            -40.7406       -40.3790    300635.7806        64.8562        64.9588

WRITING EXTENDED SYSTEM TO RESTART FILE AT STEP 160000
WRITING COORDINATES TO RESTART FILE AT STEP 160000
FINISHED WRITING RESTART COORDINATES
WRITING VELOCITIES TO RESTART FILE AT STEP 160000
FINISHED WRITING RESTART VELOCITIES
TIMING: 165000  CPU: 207.821, 0.00115225/step  Wall: 211.273, 0.00115925/step, 149.061 ns/days, 0.107875 hours remaining, 0.000000 MB of memory in use.
PERFORMANCE: 165000  averaging 134.984 ns/day, 0.00128016 sec/step with standard deviation 0.000274396
ENERGY:  165000       436.9383      1139.8677      1102.4924        69.8919        -113915.4448      9697.3947         0.0000         0.0000     18721.1063         -82747.7534       304.3464   -101468.8598    -82936.3915       302.9032             11.7396        15.9874    300668.8916        59.4912        59.6260

WRITING EXTENDED SYSTEM TO RESTART FILE AT STEP 165000
WRITING COORDINATES TO RESTART FILE AT STEP 165000
FINISHED WRITING RESTART COORDINATES
WRITING VELOCITIES TO RESTART FILE AT STEP 165000
FINISHED WRITING RESTART VELOCITIES
TIMING: 170000  CPU: 213.56, 0.0011477/step  Wall: 217.046, 0.00115458/step, 149.665 ns/days, 0.105836 hours remaining, 0.000000 MB of memory in use.
PERFORMANCE: 170000  averaging 135.374 ns/day, 0.00127646 sec/step with standard deviation 0.000271064
ENERGY:  170000       476.5371      1129.2338      1081.6774        67.9439        -114246.2021      9857.0051         0.0000         0.0000     18687.7112         -82946.0935       303.8035   -101633.8048    -82950.6881       302.7985            -63.6844       -64.3507    300849.3904        51.2408        51.4109

WRITING EXTENDED SYSTEM TO RESTART FILE AT STEP 170000
WRITING COORDINATES TO RESTART FILE AT STEP 170000
FINISHED WRITING RESTART COORDINATES
WRITING VELOCITIES TO RESTART FILE AT STEP 170000
FINISHED WRITING RESTART VELOCITIES
TIMING: 175000  CPU: 219.286, 0.00114518/step  Wall: 222.806, 0.00115192/step, 150.01 ns/days, 0.103993 hours remaining, 0.000000 MB of memory in use.
PERFORMANCE: 175000  averaging 135.753 ns/day, 0.0012729 sec/step with standard deviation 0.000267876
ENERGY:  175000       439.1624      1106.6897      1102.4162        84.0651        -114186.2842      9731.7583         0.0000         0.0000     18702.2580         -83019.9345       304.0399   -101722.1926    -82957.0049       302.8886            -23.6723       -24.6100    300144.4391        48.9409        49.0899

WRITING EXTENDED SYSTEM TO RESTART FILE AT STEP 175000
WRITING COORDINATES TO RESTART FILE AT STEP 175000
FINISHED WRITING RESTART COORDINATES
WRITING VELOCITIES TO RESTART FILE AT STEP 175000
FINISHED WRITING RESTART VELOCITIES
TIMING: 180000  CPU: 225.057, 0.00115436/step  Wall: 228.611, 0.00116112/step, 148.822 ns/days, 0.10321 hours remaining, 0.000000 MB of memory in use.
PERFORMANCE: 180000  averaging 136.085 ns/day, 0.0012698 sec/step with standard deviation 0.000264678
ENERGY:  180000       422.7464      1116.8535      1126.4190        80.8939        -114114.2266      9776.7497         0.0000         0.0000     18619.1160         -82971.4481       302.6883   -101590.5641    -82960.1162       302.8743             54.4772        54.9700    299764.7621        46.8057        46.9728

WRITING EXTENDED SYSTEM TO RESTART FILE AT STEP 180000
WRITING COORDINATES TO RESTART FILE AT STEP 180000
FINISHED WRITING RESTART COORDINATES
WRITING VELOCITIES TO RESTART FILE AT STEP 180000
FINISHED WRITING RESTART VELOCITIES
TIMING: 185000  CPU: 234.098, 0.0018081/step  Wall: 245.226, 0.00332294/step, 52.0022 ns/days, 0.290757 hours remaining, 0.000000 MB of memory in use.
PERFORMANCE: 185000  averaging 130.387 ns/day, 0.00132529 sec/step with standard deviation 0.000426659
ENERGY:  185000       401.9503      1150.1697      1119.7072        67.1517        -114047.5324      9791.7602         0.0000         0.0000     18605.9214         -82910.8719       302.4738   -101516.7933    -82956.7871       303.0687             62.6894        60.0856    300598.6542        49.4905        49.5244

WRITING EXTENDED SYSTEM TO RESTART FILE AT STEP 185000
WRITING COORDINATES TO RESTART FILE AT STEP 185000
FINISHED WRITING RESTART COORDINATES
WRITING VELOCITIES TO RESTART FILE AT STEP 185000
FINISHED WRITING RESTART VELOCITIES
TIMING: 190000  CPU: 239.851, 0.00115068/step  Wall: 251.016, 0.00115798/step, 149.225 ns/days, 0.0997152 hours remaining, 0.000000 MB of memory in use.
PERFORMANCE: 190000  averaging 130.821 ns/day, 0.00132089 sec/step with standard deviation 0.000421728
ENERGY:  190000       405.1729      1142.8500      1107.1285        71.0544        -114078.0879      9759.4899         0.0000         0.0000     18708.2539         -82884.1382       304.1374   -101592.3922    -82961.9610       303.1409             65.5556        59.6198    300225.0950        59.0447        58.8693

WRITING EXTENDED SYSTEM TO RESTART FILE AT STEP 190000
WRITING COORDINATES TO RESTART FILE AT STEP 190000
FINISHED WRITING RESTART COORDINATES
WRITING VELOCITIES TO RESTART FILE AT STEP 190000
FINISHED WRITING RESTART VELOCITIES
TIMING: 195000  CPU: 245.568, 0.00114339/step  Wall: 256.768, 0.00115032/step, 150.219 ns/days, 0.0974577 hours remaining, 0.000000 MB of memory in use.
PERFORMANCE: 195000  averaging 131.256 ns/day, 0.00131651 sec/step with standard deviation 0.000417037
ENERGY:  195000       426.9465      1115.4420      1127.3556        80.1348        -113989.7661      9863.8380         0.0000         0.0000     18511.9431         -82864.1063       300.9460   -101376.0493    -82945.1040       303.0690             84.5762        82.9571    301084.7954        62.0975        61.9188

WRITING EXTENDED SYSTEM TO RESTART FILE AT STEP 195000
WRITING COORDINATES TO RESTART FILE AT STEP 195000
FINISHED WRITING RESTART COORDINATES
WRITING VELOCITIES TO RESTART FILE AT STEP 195000
FINISHED WRITING RESTART VELOCITIES
TIMING: 200000  CPU: 251.312, 0.00114866/step  Wall: 262.543, 0.00115511/step, 149.596 ns/days, 0.0962593 hours remaining, 0.000000 MB of memory in use.
PERFORMANCE: 200000  averaging 131.659 ns/day, 0.00131248 sec/step with standard deviation 0.000412446
ETITLE:      TS           BOND          ANGLE          DIHED          IMPRP               ELECT            VDW       BOUNDARY           MISC        KINETIC               TOTAL           TEMP      POTENTIAL       TOTALAVG        TEMPAVG            PRESSURE      GPRESSURE         VOLUME       PRESSAVG      GPRESSAVG

ENERGY:  200000       435.4091      1137.5588      1113.5303        75.1875        -114212.5957      9853.3331         0.0000         0.0000     18774.7872         -82822.7896       305.2190   -101597.5768    -82951.1185       303.2100              3.5703         3.9442    300233.4986        50.2711        50.0140

WRITING EXTENDED SYSTEM TO RESTART FILE AT STEP 200000
WRITING COORDINATES TO RESTART FILE AT STEP 200000
FINISHED WRITING RESTART COORDINATES
WRITING VELOCITIES TO RESTART FILE AT STEP 200000
FINISHED WRITING RESTART VELOCITIES
TIMING: 205000  CPU: 257.048, 0.00114737/step  Wall: 268.314, 0.00115426/step, 149.706 ns/days, 0.0945851 hours remaining, 0.000000 MB of memory in use.
PERFORMANCE: 205000  averaging 132.048 ns/day, 0.00130862 sec/step with standard deviation 0.000408007
ENERGY:  205000       429.3016      1118.5263      1131.1409        77.1387        -114305.0065      9782.5910         0.0000         0.0000     18551.6679         -83214.6400       301.5918   -101766.3079    -82951.8071       303.3532           -100.9608       -99.7695    301267.7800        49.5104        49.2485

WRITING EXTENDED SYSTEM TO RESTART FILE AT STEP 205000
WRITING COORDINATES TO RESTART FILE AT STEP 205000
FINISHED WRITING RESTART COORDINATES
WRITING VELOCITIES TO RESTART FILE AT STEP 205000
FINISHED WRITING RESTART VELOCITIES
TIMING: 210000  CPU: 262.847, 0.0011597/step  Wall: 274.147, 0.00116658/step, 148.125 ns/days, 0.0939745 hours remaining, 0.000000 MB of memory in use.
PERFORMANCE: 210000  averaging 132.39 ns/day, 0.00130524 sec/step with standard deviation 0.000403596
ENERGY:  210000       424.0203      1136.8433      1128.8927        69.8330        -114085.3561      9873.2756         0.0000         0.0000     18700.9679         -82751.5232       304.0190   -101452.4911    -82929.0276       303.4656            136.7409       140.7929    300625.7702        52.3456        52.1991

WRITING EXTENDED SYSTEM TO RESTART FILE AT STEP 210000
WRITING COORDINATES TO RESTART FILE AT STEP 210000
FINISHED WRITING RESTART COORDINATES
WRITING VELOCITIES TO RESTART FILE AT STEP 210000
FINISHED WRITING RESTART VELOCITIES
TIMING: 215000  CPU: 268.633, 0.00115714/step  Wall: 280.211, 0.00121279/step, 142.481 ns/days, 0.0960129 hours remaining, 0.000000 MB of memory in use.
PERFORMANCE: 215000  averaging 132.608 ns/day, 0.00130309 sec/step with standard deviation 0.000399011
ENERGY:  215000       451.1373      1125.2405      1102.2780        69.9917        -113949.6643      9642.1129         0.0000         0.0000     18621.8560         -82937.0479       302.7329   -101558.9039    -82928.2950       303.4610           -179.8137      -175.3675    300350.6373        49.1924        49.1634

WRITING EXTENDED SYSTEM TO RESTART FILE AT STEP 215000
WRITING COORDINATES TO RESTART FILE AT STEP 215000
FINISHED WRITING RESTART COORDINATES
WRITING VELOCITIES TO RESTART FILE AT STEP 215000
FINISHED WRITING RESTART VELOCITIES
TIMING: 220000  CPU: 274.385, 0.00115046/step  Wall: 285.999, 0.00115743/step, 149.296 ns/days, 0.0900226 hours remaining, 0.000000 MB of memory in use.
PERFORMANCE: 220000  averaging 132.946 ns/day, 0.00129978 sec/step with standard deviation 0.000394955
ENERGY:  220000       410.5590      1135.7275      1099.6856        73.4049        -113976.2138      9806.9233         0.0000         0.0000     18727.9185         -82721.9950       304.4571   -101449.9135    -82918.1470       303.4644            107.1324       108.8413    300124.7060        37.6036        37.6808

WRITING EXTENDED SYSTEM TO RESTART FILE AT STEP 220000
WRITING COORDINATES TO RESTART FILE AT STEP 220000
FINISHED WRITING RESTART COORDINATES
WRITING VELOCITIES TO RESTART FILE AT STEP 220000
FINISHED WRITING RESTART VELOCITIES
TIMING: 225000  CPU: 280.098, 0.00114258/step  Wall: 291.745, 0.00114926/step, 150.358 ns/days, 0.0877906 hours remaining, 0.000000 MB of memory in use.
PERFORMANCE: 225000  averaging 133.289 ns/day, 0.00129643 sec/step with standard deviation 0.000391086
ENERGY:  225000       425.2544      1120.3259      1115.5899        76.5852        -113979.0262      9703.3433         0.0000         0.0000     18613.9842         -82923.9432       302.6049   -101537.9274    -82927.4562       303.4084            -68.9637       -67.5145    300331.4806        24.7635        25.0410

WRITING EXTENDED SYSTEM TO RESTART FILE AT STEP 225000
WRITING COORDINATES TO RESTART FILE AT STEP 225000
FINISHED WRITING RESTART COORDINATES
WRITING VELOCITIES TO RESTART FILE AT STEP 225000
FINISHED WRITING RESTART VELOCITIES
TIMING: 230000  CPU: 285.836, 0.0011477/step  Wall: 297.517, 0.00115445/step, 149.682 ns/days, 0.0865835 hours remaining, 0.000000 MB of memory in use.
PERFORMANCE: 230000  averaging 133.607 ns/day, 0.00129334 sec/step with standard deviation 0.000387282
ENERGY:  230000       421.0534      1171.9380      1121.7015        62.8618        -114410.6525     10054.8626         0.0000         0.0000     18794.9684         -82783.2669       305.5471   -101578.2353    -82930.5499       303.3909            167.5020       167.9992    301564.4938        39.8861        40.3559

WRITING EXTENDED SYSTEM TO RESTART FILE AT STEP 230000
WRITING COORDINATES TO RESTART FILE AT STEP 230000
FINISHED WRITING RESTART COORDINATES
WRITING VELOCITIES TO RESTART FILE AT STEP 230000
FINISHED WRITING RESTART VELOCITIES
TIMING: 235000  CPU: 291.561, 0.00114493/step  Wall: 303.275, 0.00115164/step, 150.047 ns/days, 0.0847732 hours remaining, 0.000000 MB of memory in use.
PERFORMANCE: 235000  averaging 133.919 ns/day, 0.00129033 sec/step with standard deviation 0.000383607
ENERGY:  235000       400.5511      1103.4847      1129.7961        72.8933        -114013.9050      9822.5920         0.0000         0.0000     18484.8682         -82999.7196       300.5059   -101484.5878    -82962.8088       303.0801             86.2813        90.2059    300863.2587        34.3243        34.8311

WRITING EXTENDED SYSTEM TO RESTART FILE AT STEP 235000
WRITING COORDINATES TO RESTART FILE AT STEP 235000
FINISHED WRITING RESTART COORDINATES
WRITING VELOCITIES TO RESTART FILE AT STEP 235000
FINISHED WRITING RESTART VELOCITIES
TIMING: 240000  CPU: 297.733, 0.0012343/step  Wall: 309.484, 0.0012417/step, 139.164 ns/days, 0.0896784 hours remaining, 0.000000 MB of memory in use.
PERFORMANCE: 240000  averaging 134.024 ns/day, 0.00128932 sec/step with standard deviation 0.000379569
ENERGY:  240000       427.4294      1090.2903      1112.5448        67.6414        -114110.3193      9972.2739         0.0000         0.0000     18468.7238         -82971.4158       300.2434   -101440.1396    -82959.5708       302.8839            283.1069       285.0794    299432.6939        53.2471        53.9720

WRITING EXTENDED SYSTEM TO RESTART FILE AT STEP 240000
WRITING COORDINATES TO RESTART FILE AT STEP 240000
FINISHED WRITING RESTART COORDINATES
WRITING VELOCITIES TO RESTART FILE AT STEP 240000
FINISHED WRITING RESTART VELOCITIES
TIMING: 245000  CPU: 303.487, 0.00115092/step  Wall: 315.272, 0.00115769/step, 149.263 ns/days, 0.0820028 hours remaining, 0.000000 MB of memory in use.
PERFORMANCE: 245000  averaging 134.304 ns/day, 0.00128663 sec/step with standard deviation 0.000376064
ENERGY:  245000       443.1074      1089.7071      1138.4461        70.5726        -114293.9195      9787.0897         0.0000         0.0000     18468.0767         -83296.9199       300.2329   -101764.9966    -82955.7202       302.8818           -236.1999      -231.2830    301102.2512        24.1058        25.0233

WRITING EXTENDED SYSTEM TO RESTART FILE AT STEP 245000
WRITING COORDINATES TO RESTART FILE AT STEP 245000
FINISHED WRITING RESTART COORDINATES
WRITING VELOCITIES TO RESTART FILE AT STEP 245000
FINISHED WRITING RESTART VELOCITIES
TIMING: 250000  CPU: 309.466, 0.00119587/step  Wall: 321.289, 0.00120332/step, 143.603 ns/days, 0.0835637 hours remaining, 0.000000 MB of memory in use.
PERFORMANCE: 250000  averaging 134.478 ns/day, 0.00128496 sec/step with standard deviation 0.000372394
ETITLE:      TS           BOND          ANGLE          DIHED          IMPRP               ELECT            VDW       BOUNDARY           MISC        KINETIC               TOTAL           TEMP      POTENTIAL       TOTALAVG        TEMPAVG            PRESSURE      GPRESSURE         VOLUME       PRESSAVG      GPRESSAVG

ENERGY:  250000       420.2973      1130.1766      1123.5013        83.3629        -113777.1365      9743.2612         0.0000         0.0000     18543.6095         -82732.9277       301.4608   -101276.5372    -82936.7101       302.8251           -118.7162      -119.5237    302167.1598         6.2924         7.1971

WRITING EXTENDED SYSTEM TO RESTART FILE AT STEP 250000
WRITING COORDINATES TO RESTART FILE AT STEP 250000
FINISHED WRITING RESTART COORDINATES
WRITING VELOCITIES TO RESTART FILE AT STEP 250000
FINISHED WRITING RESTART VELOCITIES
TIMING: 255000  CPU: 315.194, 0.00114553/step  Wall: 327.051, 0.00115249/step, 149.936 ns/days, 0.0784334 hours remaining, 0.000000 MB of memory in use.
PERFORMANCE: 255000  averaging 134.751 ns/day, 0.00128237 sec/step with standard deviation 0.000369117
ENERGY:  255000       418.9180      1134.1637      1131.5285        75.6896        -113746.4720      9574.9785         0.0000         0.0000     18437.9790         -82973.2146       299.7436   -101411.1936    -82925.5989       302.6283            -61.1449       -62.9551    299970.1553         8.4738         9.2365

WRITING EXTENDED SYSTEM TO RESTART FILE AT STEP 255000
WRITING COORDINATES TO RESTART FILE AT STEP 255000
FINISHED WRITING RESTART COORDINATES
WRITING VELOCITIES TO RESTART FILE AT STEP 255000
FINISHED WRITING RESTART VELOCITIES
TIMING: 260000  CPU: 320.975, 0.00115612/step  Wall: 332.866, 0.00116288/step, 148.597 ns/days, 0.0775251 hours remaining, 0.000000 MB of memory in use.
PERFORMANCE: 260000  averaging 134.993 ns/day, 0.00128007 sec/step with standard deviation 0.000365856
ENERGY:  260000       440.1506      1120.2272      1115.7726        73.2659        -114147.5544      9914.5026         0.0000         0.0000     18519.7851         -82963.8503       301.0735   -101483.6354    -82921.8800       302.5934            132.0228       136.5269    300449.7298        17.1119        18.0818

WRITING EXTENDED SYSTEM TO RESTART FILE AT STEP 260000
WRITING COORDINATES TO RESTART FILE AT STEP 260000
FINISHED WRITING RESTART COORDINATES
WRITING VELOCITIES TO RESTART FILE AT STEP 260000
FINISHED WRITING RESTART VELOCITIES
TIMING: 265000  CPU: 326.727, 0.00115042/step  Wall: 338.65, 0.00115681/step, 149.377 ns/days, 0.0755137 hours remaining, 0.000000 MB of memory in use.
PERFORMANCE: 265000  averaging 135.238 ns/day, 0.00127774 sec/step with standard deviation 0.000362717
ENERGY:  265000       412.7723      1109.8857      1131.6193        68.3905        -114522.0186      9996.9857         0.0000         0.0000     18398.9877         -83403.3776       299.1097   -101802.3653    -82954.6612       302.3315            266.8514       265.6389    298890.8137        29.8675        30.5644

WRITING EXTENDED SYSTEM TO RESTART FILE AT STEP 265000
WRITING COORDINATES TO RESTART FILE AT STEP 265000
FINISHED WRITING RESTART COORDINATES
WRITING VELOCITIES TO RESTART FILE AT STEP 265000
FINISHED WRITING RESTART VELOCITIES
TIMING: 270000  CPU: 332.449, 0.00114452/step  Wall: 344.406, 0.00115121/step, 150.103 ns/days, 0.0735495 hours remaining, 0.000000 MB of memory in use.
PERFORMANCE: 270000  averaging 135.487 ns/day, 0.0012754 sec/step with standard deviation 0.000359691
ENERGY:  270000       416.9284      1144.2819      1140.4532        63.9952        -114121.9420      9724.3652         0.0000         0.0000     18629.3143         -83002.6038       302.8541   -101631.9181    -82957.4867       302.2841             25.6616        23.1966    299824.2450        34.3348        34.9417

WRITING EXTENDED SYSTEM TO RESTART FILE AT STEP 270000
WRITING COORDINATES TO RESTART FILE AT STEP 270000
FINISHED WRITING RESTART COORDINATES
WRITING VELOCITIES TO RESTART FILE AT STEP 270000
FINISHED WRITING RESTART VELOCITIES
TIMING: 275000  CPU: 338.23, 0.00115615/step  Wall: 350.218, 0.00116244/step, 148.652 ns/days, 0.0726527 hours remaining, 0.000000 MB of memory in use.
PERFORMANCE: 275000  averaging 135.705 ns/day, 0.00127335 sec/step with standard deviation 0.00035667
ENERGY:  275000       439.0239      1159.4003      1140.8270        75.9392        -113863.1044      9718.0416         0.0000         0.0000     18593.9848         -82735.8876       302.2798   -101329.8724    -82943.2844       302.1961             -3.0198        -1.5115    301001.0364        35.3674        36.0967

WRITING EXTENDED SYSTEM TO RESTART FILE AT STEP 275000
WRITING COORDINATES TO RESTART FILE AT STEP 275000
FINISHED WRITING RESTART COORDINATES
WRITING VELOCITIES TO RESTART FILE AT STEP 275000
FINISHED WRITING RESTART VELOCITIES
TIMING: 280000  CPU: 343.944, 0.00114277/step  Wall: 355.958, 0.00114805/step, 150.517 ns/days, 0.0701584 hours remaining, 0.000000 MB of memory in use.
PERFORMANCE: 280000  averaging 135.944 ns/day, 0.00127111 sec/step with standard deviation 0.000353809
ENERGY:  280000       428.0421      1108.1909      1131.9127        66.3339        -113458.8018      9527.8425         0.0000         0.0000     18773.9233         -82422.5563       305.2050   -101196.4797    -82915.8398       302.3219           -183.8987      -187.8830    301604.0519        23.4486        23.9540

WRITING EXTENDED SYSTEM TO RESTART FILE AT STEP 280000
WRITING COORDINATES TO RESTART FILE AT STEP 280000
FINISHED WRITING RESTART COORDINATES
WRITING VELOCITIES TO RESTART FILE AT STEP 280000
FINISHED WRITING RESTART VELOCITIES
TIMING: 285000  CPU: 349.691, 0.00114938/step  Wall: 361.746, 0.00115752/step, 149.285 ns/days, 0.0691296 hours remaining, 0.000000 MB of memory in use.
PERFORMANCE: 285000  averaging 136.158 ns/day, 0.00126912 sec/step with standard deviation 0.000350959
ENERGY:  285000       430.4579      1112.1431      1136.0940        72.6063        -114333.0743      9701.7982         0.0000         0.0000     18487.4713         -83392.5035       300.5482   -101879.9748    -82939.9214       302.2256           -218.9496      -218.2634    300905.3663         9.3667        10.0366

WRITING EXTENDED SYSTEM TO RESTART FILE AT STEP 285000
WRITING COORDINATES TO RESTART FILE AT STEP 285000
FINISHED WRITING RESTART COORDINATES
WRITING VELOCITIES TO RESTART FILE AT STEP 285000
FINISHED WRITING RESTART VELOCITIES
TIMING: 290000  CPU: 356.627, 0.0013873/step  Wall: 371.379, 0.00192676/step, 89.6843 ns/days, 0.112394 hours remaining, 0.000000 MB of memory in use.
PERFORMANCE: 290000  averaging 134.952 ns/day, 0.00128045 sec/step with standard deviation 0.000358424
ENERGY:  290000       438.7462      1094.4777      1110.7287        65.6316        -114066.4352      9732.9930         0.0000         0.0000     18613.2910         -83010.5670       302.5936   -101623.8580    -82946.2428       302.1484            -11.4127        -8.1338    300215.6698         5.5183         6.6489

WRITING EXTENDED SYSTEM TO RESTART FILE AT STEP 290000
WRITING COORDINATES TO RESTART FILE AT STEP 290000
FINISHED WRITING RESTART COORDINATES
WRITING VELOCITIES TO RESTART FILE AT STEP 290000
FINISHED WRITING RESTART VELOCITIES
TIMING: 295000  CPU: 362.407, 0.00115599/step  Wall: 377.194, 0.00116289/step, 148.596 ns/days, 0.0662199 hours remaining, 0.000000 MB of memory in use.
PERFORMANCE: 295000  averaging 135.162 ns/day, 0.00127846 sec/step with standard deviation 0.00035565
ENERGY:  295000       458.7111      1124.9737      1117.1629        81.5635        -113915.0297      9620.5567         0.0000         0.0000     18549.2867         -82962.7751       301.5531   -101512.0618    -82951.1762       302.1788           -253.3962      -255.1599    300789.1314       -11.3803       -10.2570

WRITING EXTENDED SYSTEM TO RESTART FILE AT STEP 295000
WRITING COORDINATES TO RESTART FILE AT STEP 295000
FINISHED WRITING RESTART COORDINATES
WRITING VELOCITIES TO RESTART FILE AT STEP 295000
FINISHED WRITING RESTART VELOCITIES
TIMING: 300000  CPU: 369.244, 0.00136728/step  Wall: 384.093, 0.0013799/step, 125.227 ns/days, 0.0766611 hours remaining, 0.000000 MB of memory in use.
PERFORMANCE: 300000  averaging 134.984 ns/day, 0.00128015 sec/step with standard deviation 0.000352866
ETITLE:      TS           BOND          ANGLE          DIHED          IMPRP               ELECT            VDW       BOUNDARY           MISC        KINETIC               TOTAL           TEMP      POTENTIAL       TOTALAVG        TEMPAVG            PRESSURE      GPRESSURE         VOLUME       PRESSAVG      GPRESSAVG

ENERGY:  300000       418.4927      1156.9737      1130.3597        74.3455        -114429.9915      9986.6780         0.0000         0.0000     18542.8418         -83120.3002       301.4483   -101663.1420    -82966.0518       301.9902            234.7412       233.3499    301205.4907         0.1782         1.2133

WRITING EXTENDED SYSTEM TO RESTART FILE AT STEP 300000
WRITING COORDINATES TO RESTART FILE AT STEP 300000
FINISHED WRITING RESTART COORDINATES
WRITING VELOCITIES TO RESTART FILE AT STEP 300000
FINISHED WRITING RESTART VELOCITIES
TIMING: 305000  CPU: 374.976, 0.00114646/step  Wall: 389.867, 0.00115466/step, 149.655 ns/days, 0.0625438 hours remaining, 0.000000 MB of memory in use.
PERFORMANCE: 305000  averaging 135.201 ns/day, 0.00127809 sec/step with standard deviation 0.000350282
ENERGY:  305000       408.1557      1134.0968      1109.9070        64.7794        -113467.6623      9494.5647         0.0000         0.0000     18565.8460         -82690.3128       301.8223   -101256.1587    -82939.8354       302.0018            -98.6258      -100.7846    300580.3918         0.2950         1.1626

WRITING EXTENDED SYSTEM TO RESTART FILE AT STEP 305000
WRITING COORDINATES TO RESTART FILE AT STEP 305000
FINISHED WRITING RESTART COORDINATES
WRITING VELOCITIES TO RESTART FILE AT STEP 305000
FINISHED WRITING RESTART VELOCITIES
TIMING: 310000  CPU: 380.642, 0.00113313/step  Wall: 395.607, 0.00114813/step, 150.505 ns/days, 0.060596 hours remaining, 0.000000 MB of memory in use.
PERFORMANCE: 310000  averaging 135.423 ns/day, 0.001276 sec/step with standard deviation 0.000347791
ENERGY:  310000       393.3061      1162.8029      1107.3049        57.5239        -113969.7525      9737.7137         0.0000         0.0000     18753.9602         -82757.1408       304.8805   -101511.1010    -82940.1163       302.0448             -1.9752        -1.5931    300810.2087        -6.6408        -5.9567

WRITING EXTENDED SYSTEM TO RESTART FILE AT STEP 310000
WRITING COORDINATES TO RESTART FILE AT STEP 310000
FINISHED WRITING RESTART COORDINATES
WRITING VELOCITIES TO RESTART FILE AT STEP 310000
FINISHED WRITING RESTART VELOCITIES
TIMING: 315000  CPU: 386.362, 0.00114412/step  Wall: 401.363, 0.00115121/step, 150.102 ns/days, 0.0591596 hours remaining, 0.000000 MB of memory in use.
PERFORMANCE: 315000  averaging 135.634 ns/day, 0.00127402 sec/step with standard deviation 0.000345333
ENERGY:  315000       464.4773      1105.3787      1124.1744        74.5651        -113921.0077      9662.9546         0.0000         0.0000     18594.1616         -82895.2960       302.2826   -101489.4576    -82938.0287       302.0223           -178.0194      -175.3197    301757.7241        -6.5511        -5.9544

WRITING EXTENDED SYSTEM TO RESTART FILE AT STEP 315000
WRITING COORDINATES TO RESTART FILE AT STEP 315000
FINISHED WRITING RESTART COORDINATES
WRITING VELOCITIES TO RESTART FILE AT STEP 315000
FINISHED WRITING RESTART VELOCITIES
TIMING: 320000  CPU: 392.053, 0.00113823/step  Wall: 407.126, 0.0011526/step, 149.922 ns/days, 0.0576301 hours remaining, 0.000000 MB of memory in use.
PERFORMANCE: 320000  averaging 135.836 ns/day, 0.00127212 sec/step with standard deviation 0.000342917
ENERGY:  320000       431.0485      1126.4300      1142.9701        68.9038        -113967.0997      9573.9690         0.0000         0.0000     18604.4168         -83019.3615       302.4493   -101623.7783    -82952.8970       301.9219           -231.7010      -233.4335    301489.5856       -23.4928       -23.0681

WRITING EXTENDED SYSTEM TO RESTART FILE AT STEP 320000
WRITING COORDINATES TO RESTART FILE AT STEP 320000
FINISHED WRITING RESTART COORDINATES
WRITING VELOCITIES TO RESTART FILE AT STEP 320000
FINISHED WRITING RESTART VELOCITIES
TIMING: 325000  CPU: 397.781, 0.00114547/step  Wall: 412.906, 0.00115582/step, 149.505 ns/days, 0.0561855 hours remaining, 0.000000 MB of memory in use.
PERFORMANCE: 325000  averaging 136.027 ns/day, 0.00127033 sec/step with standard deviation 0.000340533
ENERGY:  325000       426.2677      1168.3019      1139.3740        73.1954        -114122.9424      9890.0201         0.0000         0.0000     18885.7277         -82540.0555       307.0226   -101425.7832    -82933.7026       302.1428            -28.0550       -26.4665    301601.3820       -21.4474       -21.0157

WRITING EXTENDED SYSTEM TO RESTART FILE AT STEP 325000
WRITING COORDINATES TO RESTART FILE AT STEP 325000
FINISHED WRITING RESTART COORDINATES
WRITING VELOCITIES TO RESTART FILE AT STEP 325000
FINISHED WRITING RESTART VELOCITIES
TIMING: 330000  CPU: 403.5, 0.00114395/step  Wall: 418.679, 0.00115478/step, 149.639 ns/days, 0.0545312 hours remaining, 0.000000 MB of memory in use.
PERFORMANCE: 330000  averaging 136.215 ns/day, 0.00126858 sec/step with standard deviation 0.000338203
ENERGY:  330000       451.6082      1110.7146      1115.3780        70.2245        -114057.5422      9828.4403         0.0000         0.0000     18736.7047         -82744.4720       304.5999   -101481.1767    -82931.7629       302.0955             92.3168        91.3584    300376.7335       -25.2066       -24.8477

WRITING EXTENDED SYSTEM TO RESTART FILE AT STEP 330000
WRITING COORDINATES TO RESTART FILE AT STEP 330000
FINISHED WRITING RESTART COORDINATES
WRITING VELOCITIES TO RESTART FILE AT STEP 330000
FINISHED WRITING RESTART VELOCITIES
TIMING: 335000  CPU: 409.173, 0.0011346/step  Wall: 424.439, 0.00115196/step, 150.005 ns/days, 0.0527981 hours remaining, 0.000000 MB of memory in use.
PERFORMANCE: 335000  averaging 136.402 ns/day, 0.00126684 sec/step with standard deviation 0.000335933
ENERGY:  335000       449.8664      1098.4296      1113.1661        76.1806        -113910.5939      9879.5321         0.0000         0.0000     18541.3205         -82752.0987       301.4236   -101293.4192    -82919.3818       302.1413            243.5741       237.4830    300235.3871       -17.3420       -17.4839

WRITING EXTENDED SYSTEM TO RESTART FILE AT STEP 335000
WRITING COORDINATES TO RESTART FILE AT STEP 335000
FINISHED WRITING RESTART COORDINATES
WRITING VELOCITIES TO RESTART FILE AT STEP 335000
FINISHED WRITING RESTART VELOCITIES
TIMING: 340000  CPU: 414.934, 0.00115214/step  Wall: 430.235, 0.00115926/step, 149.061 ns/days, 0.0515226 hours remaining, 0.000000 MB of memory in use.
PERFORMANCE: 340000  averaging 136.573 ns/day, 0.00126526 sec/step with standard deviation 0.000333672
ENERGY:  340000       439.7058      1152.3135      1107.3867        73.6983        -114294.1471      9900.5904         0.0000         0.0000     18738.5422         -82881.9103       304.6298   -101620.4524    -82914.9066       302.3607             80.8327        84.6755    300651.3919       -27.4557       -27.5041

WRITING EXTENDED SYSTEM TO RESTART FILE AT STEP 340000
WRITING COORDINATES TO RESTART FILE AT STEP 340000
FINISHED WRITING RESTART COORDINATES
WRITING VELOCITIES TO RESTART FILE AT STEP 340000
FINISHED WRITING RESTART VELOCITIES
TIMING: 345000  CPU: 420.608, 0.00113476/step  Wall: 435.98, 0.00114882/step, 150.415 ns/days, 0.0494631 hours remaining, 0.000000 MB of memory in use.
PERFORMANCE: 345000  averaging 136.755 ns/day, 0.00126357 sec/step with standard deviation 0.000331506
ENERGY:  345000       427.9248      1072.3125      1113.7509        69.8145        -113944.8338      9751.3359         0.0000         0.0000     18595.3591         -82914.3361       302.3021   -101509.6952    -82895.7774       302.4641           -189.1270      -187.4113    302354.5855       -25.1020       -25.3105

WRITING EXTENDED SYSTEM TO RESTART FILE AT STEP 345000
WRITING COORDINATES TO RESTART FILE AT STEP 345000
FINISHED WRITING RESTART COORDINATES
WRITING VELOCITIES TO RESTART FILE AT STEP 345000
FINISHED WRITING RESTART VELOCITIES
TIMING: 350000  CPU: 426.341, 0.00114663/step  Wall: 441.764, 0.00115679/step, 149.379 ns/days, 0.0481996 hours remaining, 0.000000 MB of memory in use.
PERFORMANCE: 350000  averaging 136.921 ns/day, 0.00126205 sec/step with standard deviation 0.000329342
ETITLE:      TS           BOND          ANGLE          DIHED          IMPRP               ELECT            VDW       BOUNDARY           MISC        KINETIC               TOTAL           TEMP      POTENTIAL       TOTALAVG        TEMPAVG            PRESSURE      GPRESSURE         VOLUME       PRESSAVG      GPRESSAVG

ENERGY:  350000       411.3011      1135.2197      1108.4550        84.9995        -114075.7850      9785.5286         0.0000         0.0000     18706.7416         -82843.5395       304.1128   -101550.2810    -82901.3080       302.5967            100.7671       102.1256    299564.6706       -14.1279       -14.2280

WRITING EXTENDED SYSTEM TO RESTART FILE AT STEP 350000
WRITING COORDINATES TO RESTART FILE AT STEP 350000
FINISHED WRITING RESTART COORDINATES
WRITING VELOCITIES TO RESTART FILE AT STEP 350000
FINISHED WRITING RESTART VELOCITIES
TIMING: 355000  CPU: 432.062, 0.00114417/step  Wall: 447.53, 0.00115336/step, 149.823 ns/days, 0.0464547 hours remaining, 0.000000 MB of memory in use.
PERFORMANCE: 355000  averaging 137.087 ns/day, 0.00126051 sec/step with standard deviation 0.000327236
ENERGY:  355000       428.8293      1104.4302      1142.6817        78.6483        -114622.7508     10178.4729         0.0000         0.0000     18590.5922         -83099.0963       302.2246   -101689.6885    -82907.6020       302.7208            294.0420       293.7992    300810.3061         3.6315         3.6097

WRITING EXTENDED SYSTEM TO RESTART FILE AT STEP 355000
WRITING COORDINATES TO RESTART FILE AT STEP 355000
FINISHED WRITING RESTART COORDINATES
WRITING VELOCITIES TO RESTART FILE AT STEP 355000
FINISHED WRITING RESTART VELOCITIES
TIMING: 360000  CPU: 437.733, 0.00113412/step  Wall: 453.287, 0.00115131/step, 150.09 ns/days, 0.0447732 hours remaining, 0.000000 MB of memory in use.
PERFORMANCE: 360000  averaging 137.252 ns/day, 0.001259 sec/step with standard deviation 0.000325178
ENERGY:  360000       428.9838      1123.6018      1124.9851        77.1073        -114281.9594      9949.3947         0.0000         0.0000     18489.2062         -83088.6805       300.5764   -101577.8868    -82913.8436       302.6959            114.2010       115.5103    300983.5686         2.7404         2.5589

WRITING EXTENDED SYSTEM TO RESTART FILE AT STEP 360000
WRITING COORDINATES TO RESTART FILE AT STEP 360000
FINISHED WRITING RESTART COORDINATES
WRITING VELOCITIES TO RESTART FILE AT STEP 360000
FINISHED WRITING RESTART VELOCITIES
TIMING: 365000  CPU: 443.486, 0.0011506/step  Wall: 459.097, 0.00116202/step, 148.706 ns/days, 0.0435758 hours remaining, 0.000000 MB of memory in use.
PERFORMANCE: 365000  averaging 137.397 ns/day, 0.00125767 sec/step with standard deviation 0.000323111
ENERGY:  365000       416.4125      1136.9284      1113.0862        69.5122        -113921.4174      9673.9482         0.0000         0.0000     18793.6862         -82717.8437       305.5263   -101511.5298    -82879.5669       303.0167            103.2146       101.4319    300980.4982        -5.4415        -5.6515

WRITING EXTENDED SYSTEM TO RESTART FILE AT STEP 365000
WRITING COORDINATES TO RESTART FILE AT STEP 365000
FINISHED WRITING RESTART COORDINATES
WRITING VELOCITIES TO RESTART FILE AT STEP 365000
FINISHED WRITING RESTART VELOCITIES
TIMING: 370000  CPU: 449.182, 0.00113938/step  Wall: 464.846, 0.00114973/step, 150.297 ns/days, 0.0415179 hours remaining, 0.000000 MB of memory in use.
PERFORMANCE: 370000  averaging 137.557 ns/day, 0.00125621 sec/step with standard deviation 0.000321136
ENERGY:  370000       431.1429      1092.9641      1134.7011        91.6264        -113939.4015      9683.0926         0.0000         0.0000     18613.1577         -82892.7167       302.5914   -101505.8744    -82874.0725       303.0036             24.7246        28.8456    301435.8781        -5.4883        -5.3690

WRITING EXTENDED SYSTEM TO RESTART FILE AT STEP 370000
WRITING COORDINATES TO RESTART FILE AT STEP 370000
FINISHED WRITING RESTART COORDINATES
WRITING VELOCITIES TO RESTART FILE AT STEP 370000
FINISHED WRITING RESTART VELOCITIES
TIMING: 375000  CPU: 454.888, 0.00114108/step  Wall: 470.614, 0.00115365/step, 149.786 ns/days, 0.0400572 hours remaining, 0.000000 MB of memory in use.
PERFORMANCE: 375000  averaging 137.706 ns/day, 0.00125484 sec/step with standard deviation 0.000319178
ENERGY:  375000       465.1823      1139.7335      1126.6727        70.2407        -114034.8451      9592.1221         0.0000         0.0000     18331.8976         -83308.9961       298.0190   -101640.8938    -82902.7279       302.7906           -127.7126      -124.8113    300279.5211       -11.7229       -11.5340

WRITING EXTENDED SYSTEM TO RESTART FILE AT STEP 375000
WRITING COORDINATES TO RESTART FILE AT STEP 375000
FINISHED WRITING RESTART COORDINATES
WRITING VELOCITIES TO RESTART FILE AT STEP 375000
FINISHED WRITING RESTART VELOCITIES
TIMING: 380000  CPU: 460.579, 0.00113825/step  Wall: 476.345, 0.00114627/step, 150.75 ns/days, 0.038209 hours remaining, 0.000000 MB of memory in use.
PERFORMANCE: 380000  averaging 137.863 ns/day, 0.00125341 sec/step with standard deviation 0.000317288
ENERGY:  380000       395.1596      1115.4861      1112.9286        59.7172        -113790.1535      9659.4713         0.0000         0.0000     18712.5681         -82734.8226       304.2076   -101447.3907    -82918.3412       302.7407            -17.5468       -18.7032    301052.3468        -3.4053        -3.0750

WRITING EXTENDED SYSTEM TO RESTART FILE AT STEP 380000
WRITING COORDINATES TO RESTART FILE AT STEP 380000
FINISHED WRITING RESTART COORDINATES
WRITING VELOCITIES TO RESTART FILE AT STEP 380000
FINISHED WRITING RESTART VELOCITIES
TIMING: 385000  CPU: 466.316, 0.00114744/step  Wall: 482.144, 0.00115976/step, 148.996 ns/days, 0.037048 hours remaining, 0.000000 MB of memory in use.
PERFORMANCE: 385000  averaging 137.997 ns/day, 0.0012522 sec/step with standard deviation 0.000315374
ENERGY:  385000       426.7516      1138.2544      1108.5900        80.1251        -113952.3870      9638.2679         0.0000         0.0000     18629.4662         -82930.9319       302.8566   -101560.3980    -82895.2627       302.8561           -311.2290      -307.0492    301887.8493        -8.0193        -7.5143

WRITING EXTENDED SYSTEM TO RESTART FILE AT STEP 385000
WRITING COORDINATES TO RESTART FILE AT STEP 385000
FINISHED WRITING RESTART COORDINATES
WRITING VELOCITIES TO RESTART FILE AT STEP 385000
FINISHED WRITING RESTART VELOCITIES
TIMING: 390000  CPU: 472.056, 0.00114797/step  Wall: 487.931, 0.0011574/step, 149.3 ns/days, 0.0353651 hours remaining, 0.000000 MB of memory in use.
PERFORMANCE: 390000  averaging 138.131 ns/day, 0.00125098 sec/step with standard deviation 0.000313503
ENERGY:  390000       427.4218      1164.1214      1108.5193        69.2014        -114265.4749      9855.0944         0.0000         0.0000     18657.5042         -82983.6124       303.3124   -101641.1166    -82893.9149       302.8921             33.1263        38.4216    301255.8086        -5.7924        -5.1866

WRITING EXTENDED SYSTEM TO RESTART FILE AT STEP 390000
WRITING COORDINATES TO RESTART FILE AT STEP 390000
FINISHED WRITING RESTART COORDINATES
WRITING VELOCITIES TO RESTART FILE AT STEP 390000
FINISHED WRITING RESTART VELOCITIES
TIMING: 395000  CPU: 477.772, 0.00114312/step  Wall: 493.686, 0.00115105/step, 150.124 ns/days, 0.0335723 hours remaining, 0.000000 MB of memory in use.
PERFORMANCE: 395000  averaging 138.271 ns/day, 0.00124972 sec/step with standard deviation 0.00031169
ENERGY:  395000       460.4996      1169.8020      1116.7495        75.0480        -114162.8225      9768.3425         0.0000         0.0000     18326.7986         -83245.5823       297.9362   -101572.3809    -82908.0553       302.7112           -107.8596      -106.3678    300563.9815         1.4845         2.2530

WRITING EXTENDED SYSTEM TO RESTART FILE AT STEP 395000
WRITING COORDINATES TO RESTART FILE AT STEP 395000
FINISHED WRITING RESTART COORDINATES
WRITING VELOCITIES TO RESTART FILE AT STEP 395000
FINISHED WRITING RESTART VELOCITIES
TIMING: 400000  CPU: 483.499, 0.00114537/step  Wall: 499.474, 0.00115754/step, 149.283 ns/days, 0.0321538 hours remaining, 0.000000 MB of memory in use.
PERFORMANCE: 400000  averaging 138.399 ns/day, 0.00124857 sec/step with standard deviation 0.000309883
ETITLE:      TS           BOND          ANGLE          DIHED          IMPRP               ELECT            VDW       BOUNDARY           MISC        KINETIC               TOTAL           TEMP      POTENTIAL       TOTALAVG        TEMPAVG            PRESSURE      GPRESSURE         VOLUME       PRESSAVG      GPRESSAVG

ENERGY:  400000       424.4284      1176.3005      1119.7997        64.3667        -113871.8528      9558.6665         0.0000         0.0000     18691.2332         -82837.0578       303.8607   -101528.2910    -82893.8932       302.8318           -201.2058      -201.7083    300760.8213       -20.3129       -19.4999

WRITING EXTENDED SYSTEM TO RESTART FILE AT STEP 400000
WRITING COORDINATES TO RESTART FILE AT STEP 400000
FINISHED WRITING RESTART COORDINATES
WRITING VELOCITIES TO RESTART FILE AT STEP 400000
FINISHED WRITING RESTART VELOCITIES
TIMING: 405000  CPU: 489.21, 0.00114229/step  Wall: 505.234, 0.00115201/step, 149.999 ns/days, 0.0304002 hours remaining, 0.000000 MB of memory in use.
PERFORMANCE: 405000  averaging 138.531 ns/day, 0.00124737 sec/step with standard deviation 0.000308127
ENERGY:  405000       419.8371      1077.0805      1115.6066        69.0958        -114709.8576     10238.4590         0.0000         0.0000     18803.6528         -82986.1256       305.6883   -101789.7784    -82908.6838       303.0251            442.4292       442.9829    299875.9763         6.7399         7.6885

WRITING EXTENDED SYSTEM TO RESTART FILE AT STEP 405000
WRITING COORDINATES TO RESTART FILE AT STEP 405000
FINISHED WRITING RESTART COORDINATES
WRITING VELOCITIES TO RESTART FILE AT STEP 405000
FINISHED WRITING RESTART VELOCITIES
TIMING: 410000  CPU: 494.913, 0.00114059/step  Wall: 511, 0.00115329/step, 149.832 ns/days, 0.0288323 hours remaining, 0.000000 MB of memory in use.
PERFORMANCE: 410000  averaging 138.659 ns/day, 0.00124623 sec/step with standard deviation 0.000306395
ENERGY:  410000       438.8147      1136.7013      1125.9063        74.7435        -114268.3708     10017.8832         0.0000         0.0000     18573.4799         -82900.8418       301.9464   -101474.3218    -82915.8689       302.8784            224.5656       223.9291    300095.7020        18.0669        18.9646

WRITING EXTENDED SYSTEM TO RESTART FILE AT STEP 410000
WRITING COORDINATES TO RESTART FILE AT STEP 410000
FINISHED WRITING RESTART COORDINATES
WRITING VELOCITIES TO RESTART FILE AT STEP 410000
FINISHED WRITING RESTART VELOCITIES
TIMING: 415000  CPU: 502.4, 0.00149744/step  Wall: 518.573, 0.00151448/step, 114.099 ns/days, 0.0357586 hours remaining, 0.000000 MB of memory in use.
PERFORMANCE: 415000  averaging 138.3 ns/day, 0.00124946 sec/step with standard deviation 0.000305941
ENERGY:  415000       421.9649      1084.7706      1127.2170        68.6390        -114065.5899      9708.2293         0.0000         0.0000     18422.3385         -83232.4306       299.4893   -101654.7691    -82932.7256       302.7388           -152.1278      -148.3466    300583.3266        19.3615        20.3133

WRITING EXTENDED SYSTEM TO RESTART FILE AT STEP 415000
WRITING COORDINATES TO RESTART FILE AT STEP 415000
FINISHED WRITING RESTART COORDINATES
WRITING VELOCITIES TO RESTART FILE AT STEP 415000
FINISHED WRITING RESTART VELOCITIES
TIMING: 420000  CPU: 508.112, 0.00114242/step  Wall: 524.347, 0.00115475/step, 149.643 ns/days, 0.025661 hours remaining, 0.000000 MB of memory in use.
PERFORMANCE: 420000  averaging 138.425 ns/day, 0.00124833 sec/step with standard deviation 0.000304268
ENERGY:  420000       423.8742      1107.1362      1128.3939        60.4166        -114199.8341      9778.2499         0.0000         0.0000     18647.9485         -83053.8147       303.1570   -101701.7632    -82934.4483       302.7742           -153.7123      -156.9961    301200.4473        23.2609        24.1351

WRITING EXTENDED SYSTEM TO RESTART FILE AT STEP 420000
WRITING COORDINATES TO RESTART FILE AT STEP 420000
FINISHED WRITING RESTART COORDINATES
WRITING VELOCITIES TO RESTART FILE AT STEP 420000
FINISHED WRITING RESTART VELOCITIES
TIMING: 425000  CPU: 513.788, 0.00113522/step  Wall: 530.094, 0.00114956/step, 150.318 ns/days, 0.0239492 hours remaining, 0.000000 MB of memory in use.
PERFORMANCE: 425000  averaging 138.554 ns/day, 0.00124717 sec/step with standard deviation 0.000302641
ENERGY:  425000       417.9580      1171.5844      1142.0932        69.0870        -114397.8437     10013.6727         0.0000         0.0000     18416.2502         -83167.1982       299.3904   -101583.4483    -82965.8054       302.3925            153.1187       160.0282    301037.3584        32.3196        33.4599

WRITING EXTENDED SYSTEM TO RESTART FILE AT STEP 425000
WRITING COORDINATES TO RESTART FILE AT STEP 425000
FINISHED WRITING RESTART COORDINATES
WRITING VELOCITIES TO RESTART FILE AT STEP 425000
FINISHED WRITING RESTART VELOCITIES
TIMING: 430000  CPU: 519.479, 0.00113811/step  Wall: 535.833, 0.00114776/step, 150.555 ns/days, 0.0223175 hours remaining, 0.000000 MB of memory in use.
PERFORMANCE: 430000  averaging 138.682 ns/day, 0.00124601 sec/step with standard deviation 0.000301047
ENERGY:  430000       449.4719      1147.4300      1122.4057        69.7181        -113972.6827      9721.1164         0.0000         0.0000     18275.6999         -83186.8407       297.1054   -101462.5406    -82987.9238       302.0178           -128.8309      -125.2640    300738.4188        21.2622        22.6288

WRITING EXTENDED SYSTEM TO RESTART FILE AT STEP 430000
WRITING COORDINATES TO RESTART FILE AT STEP 430000
FINISHED WRITING RESTART COORDINATES
WRITING VELOCITIES TO RESTART FILE AT STEP 430000
FINISHED WRITING RESTART VELOCITIES
TIMING: 435000  CPU: 525.194, 0.00114293/step  Wall: 541.609, 0.00115509/step, 149.598 ns/days, 0.0208558 hours remaining, 0.000000 MB of memory in use.
PERFORMANCE: 435000  averaging 138.799 ns/day, 0.00124497 sec/step with standard deviation 0.00029945
ENERGY:  435000       420.6307      1125.4120      1122.6420        72.6651        -113997.3891      9749.2505         0.0000         0.0000     18491.0637         -83015.7252       300.6066   -101506.7889    -83001.1051       301.9770            -51.5022       -49.1850    302085.8958         6.5084         8.2954

WRITING EXTENDED SYSTEM TO RESTART FILE AT STEP 435000
WRITING COORDINATES TO RESTART FILE AT STEP 435000
FINISHED WRITING RESTART COORDINATES
WRITING VELOCITIES TO RESTART FILE AT STEP 435000
FINISHED WRITING RESTART VELOCITIES
TIMING: 440000  CPU: 530.908, 0.00114276/step  Wall: 547.369, 0.00115215/step, 149.98 ns/days, 0.0192026 hours remaining, 0.000000 MB of memory in use.
PERFORMANCE: 440000  averaging 138.916 ns/day, 0.00124391 sec/step with standard deviation 0.000297888
ENERGY:  440000       406.9524      1095.4085      1107.4434        75.8690        -113978.3789      9766.3579         0.0000         0.0000     18515.4971         -83010.8505       301.0038   -101526.3475    -83007.5522       301.7957            -86.1403       -87.3291    302127.2852        -1.8402        -0.3049

WRITING EXTENDED SYSTEM TO RESTART FILE AT STEP 440000
WRITING COORDINATES TO RESTART FILE AT STEP 440000
FINISHED WRITING RESTART COORDINATES
WRITING VELOCITIES TO RESTART FILE AT STEP 440000
FINISHED WRITING RESTART VELOCITIES
TIMING: 445000  CPU: 536.624, 0.00114325/step  Wall: 553.13, 0.00115203/step, 149.996 ns/days, 0.0176005 hours remaining, 0.000000 MB of memory in use.
PERFORMANCE: 445000  averaging 139.032 ns/day, 0.00124288 sec/step with standard deviation 0.000296351
ENERGY:  445000       417.1589      1153.2277      1101.6181        69.9390        -114271.2183      9793.9612         0.0000         0.0000     18504.7726         -83230.5408       300.8294   -101735.3134    -83023.3624       301.7220             15.0834        16.4492    300527.2572         8.3703         9.8881

WRITING EXTENDED SYSTEM TO RESTART FILE AT STEP 445000
WRITING COORDINATES TO RESTART FILE AT STEP 445000
FINISHED WRITING RESTART COORDINATES
WRITING VELOCITIES TO RESTART FILE AT STEP 445000
FINISHED WRITING RESTART VELOCITIES
TIMING: 450000  CPU: 542.335, 0.00114226/step  Wall: 558.902, 0.00115445/step, 149.682 ns/days, 0.016034 hours remaining, 0.000000 MB of memory in use.
PERFORMANCE: 450000  averaging 139.142 ns/day, 0.0012419 sec/step with standard deviation 0.000294829
ETITLE:      TS           BOND          ANGLE          DIHED          IMPRP               ELECT            VDW       BOUNDARY           MISC        KINETIC               TOTAL           TEMP      POTENTIAL       TOTALAVG        TEMPAVG            PRESSURE      GPRESSURE         VOLUME       PRESSAVG      GPRESSAVG

ENERGY:  450000       413.6282      1128.8044      1106.1874        76.1044        -114330.1411      9886.3868         0.0000         0.0000     18714.2454         -83004.7845       304.2348   -101719.0299    -83031.4246       301.7281            276.7183       278.4228    298639.5076        17.1678        18.7030

WRITING EXTENDED SYSTEM TO RESTART FILE AT STEP 450000
WRITING COORDINATES TO RESTART FILE AT STEP 450000
FINISHED WRITING RESTART COORDINATES
WRITING VELOCITIES TO RESTART FILE AT STEP 450000
FINISHED WRITING RESTART VELOCITIES
TIMING: 455000  CPU: 550.798, 0.00169253/step  Wall: 573.106, 0.00284084/step, 60.8271 ns/days, 0.0355105 hours remaining, 0.000000 MB of memory in use.
PERFORMANCE: 455000  averaging 137.201 ns/day, 0.00125947 sec/step with standard deviation 0.000337717
ENERGY:  455000       422.1472      1123.0794      1111.2024        69.8064        -113919.6491      9647.9304         0.0000         0.0000     18523.2022         -83022.2810       301.1291   -101545.4832    -83027.5839       301.6734            -54.3802       -56.7167    300607.1284        -0.2533         1.1772

WRITING EXTENDED SYSTEM TO RESTART FILE AT STEP 455000
WRITING COORDINATES TO RESTART FILE AT STEP 455000
FINISHED WRITING RESTART COORDINATES
WRITING VELOCITIES TO RESTART FILE AT STEP 455000
FINISHED WRITING RESTART VELOCITIES
TIMING: 460000  CPU: 556.563, 0.0011531/step  Wall: 578.908, 0.00116034/step, 148.922 ns/days, 0.0128927 hours remaining, 0.000000 MB of memory in use.
PERFORMANCE: 460000  averaging 137.318 ns/day, 0.00125839 sec/step with standard deviation 0.000336015
ENERGY:  460000       421.9188      1121.4530      1115.7423        64.4408        -113845.6696      9662.3294         0.0000         0.0000     18635.6276         -82824.1578       302.9567   -101459.7854    -83014.3577       301.7924           -137.2029      -134.6385    299621.0779       -12.8235       -11.3302

WRITING EXTENDED SYSTEM TO RESTART FILE AT STEP 460000
WRITING COORDINATES TO RESTART FILE AT STEP 460000
FINISHED WRITING RESTART COORDINATES
WRITING VELOCITIES TO RESTART FILE AT STEP 460000
FINISHED WRITING RESTART VELOCITIES
TIMING: 465000  CPU: 562.319, 0.00115115/step  Wall: 584.697, 0.00115795/step, 149.23 ns/days, 0.0112578 hours remaining, 0.000000 MB of memory in use.
PERFORMANCE: 465000  averaging 137.436 ns/day, 0.00125731 sec/step with standard deviation 0.000334346
ENERGY:  465000       450.3354      1125.8413      1111.8789        68.5584        -113914.6727      9567.2889         0.0000         0.0000     18537.2714         -83053.4985       301.3578   -101590.7699    -83031.1405       301.5839           -331.4179      -329.8781    300654.6201       -34.5551       -32.8957

WRITING EXTENDED SYSTEM TO RESTART FILE AT STEP 465000
WRITING COORDINATES TO RESTART FILE AT STEP 465000
FINISHED WRITING RESTART COORDINATES
WRITING VELOCITIES TO RESTART FILE AT STEP 465000
FINISHED WRITING RESTART VELOCITIES
TIMING: 470000  CPU: 568.028, 0.00114175/step  Wall: 590.431, 0.00114674/step, 150.688 ns/days, 0.00955616 hours remaining, 0.000000 MB of memory in use.
PERFORMANCE: 470000  averaging 137.565 ns/day, 0.00125613 sec/step with standard deviation 0.000332739
ENERGY:  470000       431.0907      1129.7207      1100.7700        69.5745        -114506.8578      9983.8040         0.0000         0.0000     18440.3879         -83351.5100       299.7828   -101791.8979    -83054.0801       301.4435            263.6826       264.0537    299428.3648       -22.6072       -21.1353

WRITING EXTENDED SYSTEM TO RESTART FILE AT STEP 470000
WRITING COORDINATES TO RESTART FILE AT STEP 470000
FINISHED WRITING RESTART COORDINATES
WRITING VELOCITIES TO RESTART FILE AT STEP 470000
FINISHED WRITING RESTART VELOCITIES
TIMING: 475000  CPU: 573.763, 0.0011471/step  Wall: 596.195, 0.00115268/step, 149.911 ns/days, 0.00800476 hours remaining, 0.000000 MB of memory in use.
PERFORMANCE: 475000  averaging 137.684 ns/day, 0.00125505 sec/step with standard deviation 0.000331135
ENERGY:  475000       413.9904      1104.1829      1087.6599        73.2923        -114369.6348      9974.5107         0.0000         0.0000     18687.5630         -83028.4356       303.8010   -101715.9985    -83040.0521       301.7326            211.5826       212.6265    299966.0091        -5.6425        -4.2634

WRITING EXTENDED SYSTEM TO RESTART FILE AT STEP 475000
WRITING COORDINATES TO RESTART FILE AT STEP 475000
FINISHED WRITING RESTART COORDINATES
WRITING VELOCITIES TO RESTART FILE AT STEP 475000
FINISHED WRITING RESTART VELOCITIES
TIMING: 480000  CPU: 579.519, 0.00115109/step  Wall: 601.974, 0.00115591/step, 149.493 ns/days, 0.0064217 hours remaining, 0.000000 MB of memory in use.
PERFORMANCE: 480000  averaging 137.798 ns/day, 0.00125401 sec/step with standard deviation 0.000329543
ENERGY:  480000       442.6272      1148.3298      1097.0183        81.8347        -114407.1284     10016.0885         0.0000         0.0000     18654.7559         -82966.4742       303.2677   -101621.2301    -83051.6347       301.6856            262.7043       259.7853    298589.1034         8.3701         9.6610

WRITING EXTENDED SYSTEM TO RESTART FILE AT STEP 480000
WRITING COORDINATES TO RESTART FILE AT STEP 480000
FINISHED WRITING RESTART COORDINATES
WRITING VELOCITIES TO RESTART FILE AT STEP 480000
FINISHED WRITING RESTART VELOCITIES
TIMING: 485000  CPU: 585.22, 0.00114023/step  Wall: 607.709, 0.00114704/step, 150.649 ns/days, 0.00477932 hours remaining, 0.000000 MB of memory in use.
PERFORMANCE: 485000  averaging 137.919 ns/day, 0.00125291 sec/step with standard deviation 0.000328002
ENERGY:  485000       433.9682      1142.7969      1118.6975        63.8428        -113874.1406      9765.0695         0.0000         0.0000     18738.6546         -82611.1110       304.6316   -101349.7656    -83035.6436       301.7744            -33.5051       -31.5159    301553.4625        22.2563        23.4377

WRITING EXTENDED SYSTEM TO RESTART FILE AT STEP 485000
WRITING COORDINATES TO RESTART FILE AT STEP 485000
FINISHED WRITING RESTART COORDINATES
WRITING VELOCITIES TO RESTART FILE AT STEP 485000
FINISHED WRITING RESTART VELOCITIES
TIMING: 490000  CPU: 590.95, 0.00114611/step  Wall: 613.474, 0.00115289/step, 149.884 ns/days, 0.00320247 hours remaining, 0.000000 MB of memory in use.
PERFORMANCE: 490000  averaging 138.031 ns/day, 0.00125189 sec/step with standard deviation 0.000326463
ENERGY:  490000       409.2322      1085.2484      1108.2240        72.5230        -113966.6944      9638.3037         0.0000         0.0000     18482.5017         -83170.6614       300.4674   -101653.1631    -83044.9961       301.6321           -206.8979      -205.2507    301596.2094        10.2551        11.2540

WRITING EXTENDED SYSTEM TO RESTART FILE AT STEP 490000
WRITING COORDINATES TO RESTART FILE AT STEP 490000
FINISHED WRITING RESTART COORDINATES
WRITING VELOCITIES TO RESTART FILE AT STEP 490000
FINISHED WRITING RESTART VELOCITIES
TIMING: 495000  CPU: 596.808, 0.00117156/step  Wall: 619.417, 0.00118867/step, 145.372 ns/days, 0.00165093 hours remaining, 0.000000 MB of memory in use.
PERFORMANCE: 495000  averaging 138.102 ns/day, 0.00125125 sec/step with standard deviation 0.000324855
ENERGY:  495000       413.1688      1135.2998      1122.0500        74.2495        -114028.2807      9725.0107         0.0000         0.0000     18784.7538         -82773.7481       305.3811   -101558.5019    -83021.4044       302.0044              5.3587         0.6993    300850.7491        15.9160        16.6074

WRITING EXTENDED SYSTEM TO RESTART FILE AT STEP 495000
WRITING COORDINATES TO RESTART FILE AT STEP 495000
FINISHED WRITING RESTART COORDINATES
WRITING VELOCITIES TO RESTART FILE AT STEP 495000
FINISHED WRITING RESTART VELOCITIES
TIMING: 500000  CPU: 602.545, 0.00114732/step  Wall: 625.179, 0.00115241/step, 149.947 ns/days, 0 hours remaining, 0.000000 MB of memory in use.
PERFORMANCE: 500000  averaging 138.211 ns/day, 0.00125026 sec/step with standard deviation 0.000323362
ETITLE:      TS           BOND          ANGLE          DIHED          IMPRP               ELECT            VDW       BOUNDARY           MISC        KINETIC               TOTAL           TEMP      POTENTIAL       TOTALAVG        TEMPAVG            PRESSURE      GPRESSURE         VOLUME       PRESSAVG      GPRESSAVG

ENERGY:  500000       430.8729      1124.9873      1130.5678        63.6612        -114427.5231     10135.0565         0.0000         0.0000     18640.8988         -82901.4785       303.0424   -101542.3773    -83024.6254       301.9635            449.2312       443.2836    300405.0980        48.4378        48.8570

WRITING EXTENDED SYSTEM TO RESTART FILE AT STEP 500000
WRITING COORDINATES TO RESTART FILE AT STEP 500000
FINISHED WRITING RESTART COORDINATES
WRITING VELOCITIES TO RESTART FILE AT STEP 500000
FINISHED WRITING RESTART VELOCITIES
WRITING EXTENDED SYSTEM TO OUTPUT FILE AT STEP 500000
WRITING COORDINATES TO OUTPUT FILE AT STEP 500000
WRITING VELOCITIES TO OUTPUT FILE AT STEP 500000
====================================================

WallClock: 626.520935  CPUTime: 621.310852  Memory: 0.000000 MB
[Partition 0][Node 0] End of program
