Charm++: standalone mode (not using charmrun)
Charm++> Running in Multicore mode: 10 threads (PEs)
Charm++> Using recursive bisection (scheme 3) for topology aware partitions
Converse/Charm++ Commit ID: v80000
CharmLB> Load balancer assumes all CPUs are same.
Charm++> Running on 1 hosts (2 sockets x 24 cores x 1 PUs = 48-way SMP)
Charm++> cpu topology info is gathered in 0.006 seconds.
Info: Built with CUDA version 11080
Pe 0 physical rank 0 will use CUDA device of pe 8
Pe 9 physical rank 9 will use CUDA device of pe 8
Pe 4 physical rank 4 will use CUDA device of pe 8
Pe 2 physical rank 2 will use CUDA device of pe 8
Pe 8 physical rank 8 binding to CUDA device 0 on sg012: 'NVIDIA A100-SXM4-80GB'  Mem: 81155MB  Rev: 8.0  PCI: 0:1:0
Pe 1 physical rank 1 will use CUDA device of pe 8
Pe 3 physical rank 3 will use CUDA device of pe 8
Pe 5 physical rank 5 will use CUDA device of pe 8
Pe 7 physical rank 7 will use CUDA device of pe 8
Pe 6 physical rank 6 will use CUDA device of pe 8
CharmLB> Load balancing instrumentation for communication is off.
Info: NAMD 3.1alpha2 for Linux-x86_64-multicore-CUDA
Info: 
Info: Please visit http://www.ks.uiuc.edu/Research/namd/
Info: for updates, documentation, and support information.
Info: 
Info: Please cite Phillips et al., J. Chem. Phys. 153:044130 (2020) doi:10.1063/5.0014475
Info: in all publications reporting results obtained with NAMD.
Info: 
Info: Based on Charm++/Converse 80000 for multicore-linux-x86_64
Info: Built Wed Feb 26 02:26:55 MST 2025 by athiru12 on sg005
Info: 1 NAMD  3.1alpha2  Linux-x86_64-multicore-CUDA  10    sg012  athiru12
Info: Running on 10 processors, 1 nodes, 1 physical nodes.
Info: CPU topology information available.
Info: Charm++/Converse parallel runtime startup completed at 0.788076 s
CkLoopLib is used in SMP with simple dynamic scheduling (converse-level notification)
Info: 0 MB of memory in use based on /proc/self/stat
Info: Configuration file is input/step5_vanilla_10_run.inp
Info: Changed directory to input
TCL: Suspending until startup complete.
Warning: Option "1-4scaling" has been deprecated. Instead use "oneFourScaling".
Warning: Option "CUDASOAintegrate" has been deprecated. Instead use "GPUresident".
Info: EXTENDED SYSTEM FILE   ../output/step4_equilibration.xsc
Info: Tuning parameters to improve GPU-resident performance
Info: Setting margin to 4
Warning: The Langevin gamma parameters differ over the particles,
Warning: requiring extra work per step to constrain rigid bonds.
Info: Enabling PMEOffload because PMEInterpOrder > 4.
Info: Running with GPU-resident mode
Warning: Always using force tables for GPU nonbonded kernel due to unsupported config parameters.
Info: SIMULATION PARAMETERS:
Info: TIMESTEP               2
Info: NUMBER OF STEPS        500000
Info: STEPS PER CYCLE        20
Info: PERIODIC CELL BASIS 1  69 0 0
Info: PERIODIC CELL BASIS 2  0 69 0
Info: PERIODIC CELL BASIS 3  0 0 69
Info: PERIODIC CELL CENTER   0 0 0
Info: WRAPPING WATERS AROUND PERIODIC BOUNDARIES ON OUTPUT.
Info: WRAPPING ALL CLUSTERS AROUND PERIODIC BOUNDARIES ON OUTPUT.
Info: LOAD BALANCER  Centralized
Info: LOAD BALANCING STRATEGY  New Load Balancers -- DEFAULT
Info: LDB PERIOD             4000 steps
Info: FIRST LDB TIMESTEP     100
Info: LAST LDB TIMESTEP     -1
Info: LDB BACKGROUND SCALING 1
Info: HOM BACKGROUND SCALING 1
Info: PME BACKGROUND SCALING 1
Info: MIN ATOMS PER PATCH    40
Info: EMPTY PATCH LOAD       40 ATOMS
Info: VELOCITY FILE          ../output/step4_equilibration.vel
Info: CENTER OF MASS MOVING INITIALLY? NO
Info: DIELECTRIC             1
Info: EXCLUDE                SCALED ONE-FOUR
Info: 1-4 ELECTROSTATICS SCALED BY 1
Info: MODIFIED 1-4 VDW PARAMETERS WILL BE USED
Info: NO DCD TRAJECTORY OUTPUT
Info: NO EXTENDED SYSTEM TRAJECTORY OUTPUT
Info: NO VELOCITY DCD OUTPUT
Info: NO FORCE DCD OUTPUT
Info: OUTPUT FILENAME        ../output/run-3/step5_vanilla_10_1
Info: BINARY OUTPUT FILES WILL BE USED
Info: RESTART FILENAME       ../output/run-3/step5_vanilla_10_1.restart
Info: RESTART FREQUENCY      5000
Info: BINARY RESTART FILES WILL BE USED
Info: SWITCHING ACTIVE
Info: VDW FORCE SWITCHING ACTIVE
Info: SWITCHING ON           10
Info: SWITCHING OFF          12
Info: PAIRLIST DISTANCE      16
Info: PAIRLIST SHRINK RATE   0.01
Info: PAIRLIST GROW RATE     0.01
Info: PAIRLIST TRIGGER       0.3
Info: PAIRLISTS PER CYCLE    2
Info: PAIRLISTS ENABLED
Info: MARGIN                 4
Info: HYDROGEN GROUP CUTOFF  2.5
Info: PATCH DIMENSION        22.5
Info: ENERGY OUTPUT STEPS    5000
Info: ENERGY EVALUATION STEPS    5000
Info: OUTPUT ENERGY PRECISION 4
Info: CROSSTERM ENERGY INCLUDED IN DIHEDRAL
Info: TIMING OUTPUT STEPS    5000
Info: LANGEVIN DYNAMICS ACTIVE
Info: LANGEVIN TEMPERATURE   303.15
Info: LANGEVIN USING BBK INTEGRATOR
Info: LANGEVIN DAMPING COEFFICIENT IS 1 INVERSE PS
Info: LANGEVIN DYNAMICS NOT APPLIED TO HYDROGENS
Info: LANGEVIN PISTON PRESSURE CONTROL ACTIVE
Info:        TARGET PRESSURE IS 1.01325 BAR
Info:     OSCILLATION PERIOD IS 50 FS
Info:             DECAY TIME IS 25 FS
Info:     PISTON TEMPERATURE IS 303.15 K
Info:       PRESSURE CONTROL IS GROUP-BASED
Info:    INITIAL STRAIN RATE IS 0 0 0
Info:       CELL FLUCTUATION IS ISOTROPIC
Info: PARTICLE MESH EWALD (PME) ACTIVE
Info: PME TOLERANCE               1e-06
Info: PME EWALD COEFFICIENT       0.257952
Info: PME INTERPOLATION ORDER     6
Info: PME GRID DIMENSIONS         72 72 72
Info: PME MAXIMUM GRID SPACING    1
Info: PME RECIPROCAL SUM OFFLOADED TO GPU
Info: PME CALCULATION WILL BE PERFORMED ON GPU
Info: FULL ELECTROSTATIC EVALUATION FREQUENCY      1
Info: USING VERLET I (r-RESPA) MTS SCHEME.
Info: C1 SPLITTING OF LONG RANGE ELECTROSTATICS
Info: PLACING ATOMS IN PATCHES BY HYDROGEN GROUPS
Info: RIGID BONDS TO HYDROGEN : ALL
Info:         ERROR TOLERANCE : 1e-08
Info:          MAX ITERATIONS : 100
Info: RIGID WATER USING SETTLE ALGORITHM
Info: RANDOM NUMBER SEED     1742588357
Info: USE HYDROGEN BONDS?    NO
Info: COORDINATE PDB         step3_input.pdb
Info: STRUCTURE FILE         step3_input.psf
Info: PARAMETER file: CHARMM format! 
Info: PARAMETERS             toppar/par_all36m_prot.prm
Info: PARAMETERS             toppar/par_all36_na.prm
Info: PARAMETERS             toppar/par_all36_carb.prm
Info: PARAMETERS             toppar/par_all36_lipid.prm
Info: PARAMETERS             toppar/par_all36_cgenff.prm
Info: PARAMETERS             toppar/par_interface.prm
Info: PARAMETERS             toppar/toppar_all36_moreions.str
Info: PARAMETERS             toppar/toppar_all36_nano_lig.str
Info: PARAMETERS             toppar/toppar_all36_nano_lig_patch.str
Info: PARAMETERS             toppar/toppar_all36_synthetic_polymer.str
Info: PARAMETERS             toppar/toppar_all36_synthetic_polymer_patch.str
Info: PARAMETERS             toppar/toppar_all36_polymer_solvent.str
Info: PARAMETERS             toppar/toppar_water_ions.str
Info: PARAMETERS             toppar/toppar_dum_noble_gases.str
Info: PARAMETERS             toppar/toppar_ions_won.str
Info: PARAMETERS             toppar/cam.str
Info: PARAMETERS             toppar/toppar_all36_prot_arg0.str
Info: PARAMETERS             toppar/toppar_all36_prot_c36m_d_aminoacids.str
Info: PARAMETERS             toppar/toppar_all36_prot_fluoro_alkanes.str
Info: PARAMETERS             toppar/toppar_all36_prot_heme.str
Info: PARAMETERS             toppar/toppar_all36_prot_na_combined.str
Info: PARAMETERS             toppar/toppar_all36_prot_retinol.str
Info: PARAMETERS             toppar/toppar_all36_prot_model.str
Info: PARAMETERS             toppar/toppar_all36_prot_modify_res.str
Info: PARAMETERS             toppar/toppar_all36_na_nad_ppi.str
Info: PARAMETERS             toppar/toppar_all36_na_rna_modified.str
Info: PARAMETERS             toppar/toppar_all36_lipid_sphingo.str
Info: PARAMETERS             toppar/toppar_all36_lipid_archaeal.str
Info: PARAMETERS             toppar/toppar_all36_lipid_bacterial.str
Info: PARAMETERS             toppar/toppar_all36_lipid_cardiolipin.str
Info: PARAMETERS             toppar/toppar_all36_lipid_cholesterol.str
Info: PARAMETERS             toppar/toppar_all36_lipid_dag.str
Info: PARAMETERS             toppar/toppar_all36_lipid_inositol.str
Info: PARAMETERS             toppar/toppar_all36_lipid_lnp.str
Info: PARAMETERS             toppar/toppar_all36_lipid_lps.str
Info: PARAMETERS             toppar/toppar_all36_lipid_mycobacterial.str
Info: PARAMETERS             toppar/toppar_all36_lipid_miscellaneous.str
Info: PARAMETERS             toppar/toppar_all36_lipid_model.str
Info: PARAMETERS             toppar/toppar_all36_lipid_prot.str
Info: PARAMETERS             toppar/toppar_all36_lipid_tag.str
Info: PARAMETERS             toppar/toppar_all36_lipid_yeast.str
Info: PARAMETERS             toppar/toppar_all36_lipid_hmmm.str
Info: PARAMETERS             toppar/toppar_all36_lipid_detergent.str
Info: PARAMETERS             toppar/toppar_all36_lipid_ether.str
Info: PARAMETERS             toppar/toppar_all36_lipid_oxidized.str
Info: PARAMETERS             toppar/toppar_all36_carb_glycolipid.str
Info: PARAMETERS             toppar/toppar_all36_carb_glycopeptide.str
Info: PARAMETERS             toppar/toppar_all36_carb_imlab.str
Info: PARAMETERS             toppar/toppar_all36_label_spin.str
Info: PARAMETERS             toppar/toppar_all36_label_fluorophore.str
Info: USING ARITHMETIC MEAN TO COMBINE L-J SIGMA PARAMETERS
Info: BINARY COORDINATES     ../output/step4_equilibration.coor
Warning: SKIPPING PART OF PARAMETER FILE AFTER RETURN STATEMENT

Warning: DUPLICATE DIHEDRAL ENTRY FOR HAL1-CTO1-C-NHL
PREVIOUS VALUES MULTIPLICITY: 1
  k=0  n=1  delta=0INCREASING MULTIPLICITY TO: 2
  k=0  n=3  delta=0

Warning: DUPLICATE DIHEDRAL ENTRY FOR HAL1-CTO1-C-O
PREVIOUS VALUES MULTIPLICITY: 1
  k=0  n=1  delta=0INCREASING MULTIPLICITY TO: 2
  k=0  n=2  delta=3.14159
Warning: SKIPPING PART OF PARAMETER FILE AFTER RETURN STATEMENT

Warning: DUPLICATE DIHEDRAL ENTRY FOR CTL2-CG2O5-CTL1-CTL3
PREVIOUS VALUES MULTIPLICITY: 1
  k=0.75  n=1  delta=0  k=0.18  n=2  delta=3.14159INCREASING MULTIPLICITY TO: 3
  k=0.065  n=3  delta=0

Warning: DUPLICATE BOND ENTRY FOR CEL1-CL
PREVIOUS VALUES  k=440  x0=1.489
   USING VALUES  k=300  x0=1.48
Info: SUMMARY OF PARAMETERS:
Info: 1988 BONDS
Info: 6776 ANGLES
Info: 19939 DIHEDRAL
Info: 430 IMPROPER
Info: 28 CROSSTERM
Info: 751 VDW
Info: 122 VDW_PAIRS
Info: 0 NBTHOLE_PAIRS
Warning: Ignored 9467 bonds with zero force constants.
Warning: Will get H-H distance in rigid H2O from H-O-H angle.
Info: TIME FOR READING PSF FILE: 0.0599772
Info: Reading pdb file step3_input.pdb
Info: TIME FOR READING PDB FILE: 0.0256866
Info: 
Info: ****************************
Info: STRUCTURE SUMMARY:
Info: 30423 ATOMS
Info: 20918 BONDS
Info: 13014 ANGLES
Info: 5187 DIHEDRALS
Info: 373 IMPROPERS
Info: 127 CROSSTERMS
Info: 0 EXCLUSIONS
Info: 29360 RIGID BONDS
Info: 61909 DEGREES OF FREEDOM
Info: 10530 HYDROGEN GROUPS
Info: 4 ATOMS IN LARGEST HYDROGEN GROUP
Info: 10530 MIGRATION GROUPS
Info: 4 ATOMS IN LARGEST MIGRATION GROUP
Info: TOTAL MASS = 186727 amu
Info: TOTAL CHARGE = 1.31875e-06 e
Info: MASS DENSITY = 0.943883 g/cm^3
Info: ATOM DENSITY = 0.0926093 atoms/A^3
Info: *****************************
Info: Reading from binary file ../output/step4_equilibration.coor
Info: 
Info: Entering startup at 1.06593 s, 0 MB of memory in use
Info: Startup phase 0 took 9.8326e-05 s, 0 MB of memory in use
Info: ADDED 39038 IMPLICIT EXCLUSIONS
Info: Startup phase 1 took 0.00604236 s, 0 MB of memory in use
Info: NONBONDED TABLE R-SQUARED SPACING: 0.0625
Info: NONBONDED TABLE SIZE: 769 POINTS
Info: INCONSISTENCY IN FAST TABLE ENERGY VS FORCE: 0.000325096 AT 11.9556
Info: INCONSISTENCY IN SCOR TABLE ENERGY VS FORCE: 0.000324844 AT 11.9556
Info: INCONSISTENCY IN VDWA TABLE ENERGY VS FORCE: 0.0040507 AT 0.251946
Info: INCONSISTENCY IN VDWB TABLE ENERGY VS FORCE: 0.00150189 AT 0.251946
Info: Startup phase 2 took 0.0109489 s, 0 MB of memory in use
Info: Startup phase 3 took 7.0042e-05 s, 0 MB of memory in use
Info: Startup phase 4 took 0.000320274 s, 0 MB of memory in use
Info: Startup phase 5 took 5.6998e-05 s, 0 MB of memory in use
Info: PATCH GRID IS 3 (PERIODIC) BY 3 (PERIODIC) BY 3 (PERIODIC)
Info: PATCH GRID IS 1-AWAY BY 1-AWAY BY 1-AWAY
Info: Reading from binary file ../output/step4_equilibration.vel
Info: REMOVING COM VELOCITY 0.0102651 -0.01707 0.00842024
Info: LARGEST PATCH (13) HAS 1316 ATOMS
Info: TORUS A SIZE 1 USING 0
Info: TORUS B SIZE 1 USING 0
Info: TORUS C SIZE 1 USING 0
Info: TORUS MINIMAL MESH SIZE IS 1 BY 1 BY 1
Info: Placed 100% of base nodes on same physical node as patch
Info: Startup phase 6 took 0.0121347 s, 0 MB of memory in use
Info: Use 3D box decompostion in PME FFT.
Info: PME using 1 x 1 x 1 pencil grid for FFT and reciprocal sum.
Info: Startup phase 7 took 0.000202512 s, 0 MB of memory in use
Info: Updated CUDA force table with 4096 elements.
Info: Updated CUDA LJ table with 751 x 751 elements.
Info: Startup phase 8 took 0.005719 s, 0 MB of memory in use
Info: Startup phase 9 took 9.7604e-05 s, 0 MB of memory in use
Info: Startup phase 10 took 7.4591e-05 s, 0 MB of memory in use
Info: Startup phase 11 took 0.00676756 s, 0 MB of memory in use
LDB: Central LB being created...
Info: Startup phase 12 took 0.00218821 s, 0 MB of memory in use
Info: CREATING 647 COMPUTE OBJECTS
Info: Found 268 unique exclusion lists needing 4316 bytes
Info: useSync: 0 useProxySync: 0
Info: Startup phase 13 took 0.0213609 s, 0 MB of memory in use
Info: Startup phase 14 took 6.8249e-05 s, 0 MB of memory in use
Info: Startup phase 15 took 2.4225e-05 s, 0 MB of memory in use
Info: Finished startup at 1.13211 s, 0 MB of memory in use

TCL: Original numsteps 500000 will be ignored.
TCL: Running for 500000 steps
ETITLE:      TS           BOND          ANGLE          DIHED          IMPRP               ELECT            VDW       BOUNDARY           MISC        KINETIC               TOTAL           TEMP      POTENTIAL       TOTALAVG        TEMPAVG            PRESSURE      GPRESSURE         VOLUME       PRESSAVG      GPRESSAVG

ENERGY:       0       393.7845      1151.3864      1140.5717        75.7877        -111381.5649      9211.0936         0.0000         0.0000     18671.3312         -80737.6099       303.5372    -99408.9411    -80737.6099       303.5372          -1002.7075     -1000.5925    328509.0000     -1002.7075     -1000.5925

Info: Initial time: 10 CPUs 0.00128195 s/step 134.795 ns/day 0 MB memory
Info: Initial time: 10 CPUs 0.00116862 s/step 147.867 ns/day 0 MB memory
Info: Initial time: 10 CPUs 0.00114872 s/step 150.428 ns/day 0 MB memory
Info: Benchmark time: 10 CPUs 0.00115703 s/step 149.348 ns/day 0 MB memory
Info: Benchmark time: 10 CPUs 0.00116524 s/step 148.296 ns/day 0 MB memory
Info: Benchmark time: 10 CPUs 0.00115963 s/step 149.013 ns/day 0 MB memory
Info: Benchmark time: 10 CPUs 0.00113587 s/step 152.13 ns/day 0 MB memory
Info: Benchmark time: 10 CPUs 0.00111343 s/step 155.196 ns/day 0 MB memory
Info: Benchmark time: 10 CPUs 0.00110964 s/step 155.727 ns/day 0 MB memory
TIMING: 5000  CPU: 5.93364, 0.00115238/step  Wall: 5.83357, 0.00115692/step, 149.362 ns/days, 0.159076 hours remaining, 0.000000 MB of memory in use.
PERFORMANCE: 5000  averaging 149.362 ns/day, 0.00115692 sec/step with standard deviation 0
ENERGY:    5000       457.9997      1136.8816      1112.7529        74.4978        -113795.6729      9647.8489         0.0000         0.0000     18672.9168         -82692.7752       303.5629   -101365.6920    -81715.1925       303.5501            -95.6704       -91.8037    301077.0028      -549.1889      -546.1981

WRITING EXTENDED SYSTEM TO RESTART FILE AT STEP 5000
WRITING COORDINATES TO RESTART FILE AT STEP 5000
FINISHED WRITING RESTART COORDINATES
The last position output (seq=5000) takes 0.007 seconds, 0.000 MB of memory in use
WRITING VELOCITIES TO RESTART FILE AT STEP 5000
FINISHED WRITING RESTART VELOCITIES
The last velocity output (seq=5000) takes 0.006 seconds, 0.000 MB of memory in use
TIMING: 10000  CPU: 11.7406, 0.0011614/step  Wall: 11.6657, 0.00116643/step, 148.144 ns/days, 0.158764 hours remaining, 0.000000 MB of memory in use.
PERFORMANCE: 10000  averaging 148.751 ns/day, 0.00116167 sec/step with standard deviation 6.72641e-06
ENERGY:   10000       465.4072      1122.6349      1116.3900        65.8729        -114068.7355      9748.2769         0.0000         0.0000     18767.4589         -82782.6947       305.0999   -101550.1536    -82071.0266       304.0667            -90.0389       -90.6566    301406.6253      -396.1389      -394.3509

WRITING EXTENDED SYSTEM TO RESTART FILE AT STEP 10000
WRITING COORDINATES TO RESTART FILE AT STEP 10000
FINISHED WRITING RESTART COORDINATES
The last position output (seq=10000) takes 0.007 seconds, 0.000 MB of memory in use
WRITING VELOCITIES TO RESTART FILE AT STEP 10000
FINISHED WRITING RESTART VELOCITIES
The last velocity output (seq=10000) takes 0.007 seconds, 0.000 MB of memory in use
TIMING: 15000  CPU: 17.5146, 0.00115479/step  Wall: 17.4721, 0.00116128/step, 148.801 ns/days, 0.156451 hours remaining, 0.000000 MB of memory in use.
PERFORMANCE: 15000  averaging 148.768 ns/day, 0.00116154 sec/step with standard deviation 4.76159e-06
ENERGY:   15000       433.9865      1101.7153      1148.8639        67.5378        -113655.4186      9566.8623         0.0000         0.0000     18540.9710         -82795.4819       301.4179   -101336.4528    -82252.1404       303.4045            -38.6963       -39.0135    300936.3426      -306.7783      -305.5166

WRITING EXTENDED SYSTEM TO RESTART FILE AT STEP 15000
WRITING COORDINATES TO RESTART FILE AT STEP 15000
FINISHED WRITING RESTART COORDINATES
The last position output (seq=15000) takes 0.008 seconds, 0.000 MB of memory in use
WRITING VELOCITIES TO RESTART FILE AT STEP 15000
FINISHED WRITING RESTART VELOCITIES
The last velocity output (seq=15000) takes 0.007 seconds, 0.000 MB of memory in use
TIMING: 20000  CPU: 23.3082, 0.00115872/step  Wall: 23.2997, 0.00116552/step, 148.26 ns/days, 0.155402 hours remaining, 0.000000 MB of memory in use.
PERFORMANCE: 20000  averaging 148.64 ns/day, 0.00116254 sec/step with standard deviation 4.36614e-06
ENERGY:   20000       410.0006      1113.2356      1123.7844        72.1089        -113907.8129      9724.7948         0.0000         0.0000     18587.4986         -82876.3899       302.1743   -101463.8885    -82376.9903       303.1584            -56.8348       -58.2618    300992.4823      -256.7896      -256.0656

WRITING EXTENDED SYSTEM TO RESTART FILE AT STEP 20000
WRITING COORDINATES TO RESTART FILE AT STEP 20000
FINISHED WRITING RESTART COORDINATES
The last position output (seq=20000) takes 0.008 seconds, 0.000 MB of memory in use
WRITING VELOCITIES TO RESTART FILE AT STEP 20000
FINISHED WRITING RESTART VELOCITIES
The last velocity output (seq=20000) takes 0.009 seconds, 0.000 MB of memory in use
TIMING: 25000  CPU: 29.074, 0.00115316/step  Wall: 29.1006, 0.00116017/step, 148.944 ns/days, 0.153078 hours remaining, 0.000000 MB of memory in use.
PERFORMANCE: 25000  averaging 148.701 ns/day, 0.00116206 sec/step with standard deviation 3.92662e-06
ENERGY:   25000       436.4820      1095.6992      1113.8775        68.3051        -114162.2323      9928.9038         0.0000         0.0000     18632.9465         -82886.0183       302.9132   -101518.9648    -82461.8283       303.1176            145.2207       142.4343    300624.3737      -189.7879      -189.6490

WRITING EXTENDED SYSTEM TO RESTART FILE AT STEP 25000
WRITING COORDINATES TO RESTART FILE AT STEP 25000
FINISHED WRITING RESTART COORDINATES
The last position output (seq=25000) takes 0.008 seconds, 0.000 MB of memory in use
WRITING VELOCITIES TO RESTART FILE AT STEP 25000
FINISHED WRITING RESTART VELOCITIES
The last velocity output (seq=25000) takes 0.009 seconds, 0.000 MB of memory in use
TIMING: 30000  CPU: 34.8661, 0.00115841/step  Wall: 34.9276, 0.00116541/step, 148.274 ns/days, 0.152151 hours remaining, 0.000000 MB of memory in use.
PERFORMANCE: 30000  averaging 148.63 ns/day, 0.00116262 sec/step with standard deviation 3.76861e-06
ENERGY:   30000       410.2115      1113.2420      1119.6954        78.7212        -113811.4635      9739.1654         0.0000         0.0000     18514.5514         -82835.8766       300.9884   -101350.4280    -82515.2638       302.8134             41.4554        42.7359    301473.1260      -156.7531      -156.4511

WRITING EXTENDED SYSTEM TO RESTART FILE AT STEP 30000
WRITING COORDINATES TO RESTART FILE AT STEP 30000
FINISHED WRITING RESTART COORDINATES
The last position output (seq=30000) takes 0.008 seconds, 0.000 MB of memory in use
WRITING VELOCITIES TO RESTART FILE AT STEP 30000
FINISHED WRITING RESTART VELOCITIES
TIMING: 35000  CPU: 40.6632, 0.00115943/step  Wall: 40.758, 0.00116608/step, 148.189 ns/days, 0.150619 hours remaining, 0.000000 MB of memory in use.
PERFORMANCE: 35000  averaging 148.566 ns/day, 0.00116312 sec/step with standard deviation 3.68015e-06
ENERGY:   35000       451.2662      1154.4189      1131.6918        66.6651        -113993.9233      9846.3700         0.0000         0.0000     18625.6248         -82717.8865       302.7941   -101343.5113    -82540.5916       302.8110            -50.5813       -47.1622    300340.9313      -143.4816      -142.7900

WRITING EXTENDED SYSTEM TO RESTART FILE AT STEP 35000
WRITING COORDINATES TO RESTART FILE AT STEP 35000
FINISHED WRITING RESTART COORDINATES
The last position output (seq=35000) takes 0.008 seconds, 0.000 MB of memory in use
WRITING VELOCITIES TO RESTART FILE AT STEP 35000
FINISHED WRITING RESTART VELOCITIES
TIMING: 40000  CPU: 46.4493, 0.00115722/step  Wall: 46.5781, 0.00116401/step, 148.452 ns/days, 0.148734 hours remaining, 0.000000 MB of memory in use.
PERFORMANCE: 40000  averaging 148.552 ns/day, 0.00116323 sec/step with standard deviation 3.42177e-06
ENERGY:   40000       432.9006      1161.7339      1130.2997        74.9575        -114227.3496      9743.9042         0.0000         0.0000     18522.0754         -83161.4782       301.1107   -101683.5536    -82609.5790       302.6221             33.3711        32.6466    299733.8265      -123.8313      -123.2970

WRITING EXTENDED SYSTEM TO RESTART FILE AT STEP 40000
WRITING COORDINATES TO RESTART FILE AT STEP 40000
FINISHED WRITING RESTART COORDINATES
The last position output (seq=40000) takes 0.008 seconds, 0.000 MB of memory in use
WRITING VELOCITIES TO RESTART FILE AT STEP 40000
FINISHED WRITING RESTART VELOCITIES
TIMING: 45000  CPU: 52.2372, 0.00115758/step  Wall: 52.4028, 0.00116494/step, 148.334 ns/days, 0.147236 hours remaining, 0.000000 MB of memory in use.
PERFORMANCE: 45000  averaging 148.528 ns/day, 0.00116342 sec/step with standard deviation 3.25135e-06
ENERGY:   45000       451.9854      1117.4126      1120.1794        65.5651        -114268.3713      9851.8476         0.0000         0.0000     18566.2749         -83095.1062       301.8293   -101661.3811    -82658.1317       302.5428             27.2413        27.4114    301104.2588      -108.7241      -108.2262

WRITING EXTENDED SYSTEM TO RESTART FILE AT STEP 45000
WRITING COORDINATES TO RESTART FILE AT STEP 45000
FINISHED WRITING RESTART COORDINATES
The last position output (seq=45000) takes 0.008 seconds, 0.000 MB of memory in use
WRITING VELOCITIES TO RESTART FILE AT STEP 45000
FINISHED WRITING RESTART VELOCITIES
TIMING: 50000  CPU: 58.165, 0.00118555/step  Wall: 58.3925, 0.00119794/step, 144.247 ns/days, 0.149743 hours remaining, 0.000000 MB of memory in use.
PERFORMANCE: 50000  averaging 148.088 ns/day, 0.00116687 sec/step with standard deviation 1.13397e-05
ETITLE:      TS           BOND          ANGLE          DIHED          IMPRP               ELECT            VDW       BOUNDARY           MISC        KINETIC               TOTAL           TEMP      POTENTIAL       TOTALAVG        TEMPAVG            PRESSURE      GPRESSURE         VOLUME       PRESSAVG      GPRESSAVG

ENERGY:   50000       404.3721      1130.3887      1124.9984        74.0962        -114283.6840      9942.0475         0.0000         0.0000     18585.2831         -83022.4980       302.1383   -101607.7811    -82691.2559       302.5060            139.2032       139.4054    300541.5756       -86.1852       -85.7142

WRITING EXTENDED SYSTEM TO RESTART FILE AT STEP 50000
WRITING COORDINATES TO RESTART FILE AT STEP 50000
FINISHED WRITING RESTART COORDINATES
The last position output (seq=50000) takes 0.009 seconds, 0.000 MB of memory in use
WRITING VELOCITIES TO RESTART FILE AT STEP 50000
FINISHED WRITING RESTART VELOCITIES
TIMING: 55000  CPU: 63.9197, 0.00115095/step  Wall: 64.1758, 0.00115667/step, 149.395 ns/days, 0.142977 hours remaining, 0.000000 MB of memory in use.
PERFORMANCE: 55000  averaging 148.206 ns/day, 0.00116594 sec/step with standard deviation 1.11891e-05
ENERGY:   55000       444.9496      1148.7920      1112.7943        68.9917        -113834.1823      9794.0127         0.0000         0.0000     18660.2785         -82604.3635       303.3575   -101264.6420    -82684.0149       302.5770            -38.4468       -38.2992    302129.0503       -82.2070       -81.7630

WRITING EXTENDED SYSTEM TO RESTART FILE AT STEP 55000
WRITING COORDINATES TO RESTART FILE AT STEP 55000
FINISHED WRITING RESTART COORDINATES
WRITING VELOCITIES TO RESTART FILE AT STEP 55000
FINISHED WRITING RESTART VELOCITIES
TIMING: 60000  CPU: 69.7078, 0.00115762/step  Wall: 69.9993, 0.0011647/step, 148.364 ns/days, 0.142352 hours remaining, 0.000000 MB of memory in use.
PERFORMANCE: 60000  averaging 148.219 ns/day, 0.00116584 sec/step with standard deviation 1.06745e-05
ENERGY:   60000       411.1348      1163.4661      1118.7187        68.9395        -113864.7287      9713.2299         0.0000         0.0000     18664.0341         -82725.2057       303.4185   -101389.2398    -82687.1834       302.6417           -101.2282       -98.4053    303191.0905       -83.6702       -83.0432

WRITING EXTENDED SYSTEM TO RESTART FILE AT STEP 60000
WRITING COORDINATES TO RESTART FILE AT STEP 60000
FINISHED WRITING RESTART COORDINATES
WRITING VELOCITIES TO RESTART FILE AT STEP 60000
FINISHED WRITING RESTART VELOCITIES
TIMING: 65000  CPU: 75.4136, 0.00114115/step  Wall: 75.7388, 0.0011479/step, 150.536 ns/days, 0.138705 hours remaining, 0.000000 MB of memory in use.
PERFORMANCE: 65000  averaging 148.395 ns/day, 0.00116446 sec/step with standard deviation 1.13666e-05
ENERGY:   65000       429.3363      1113.9813      1116.2087        71.3823        -113907.4611      9715.5711         0.0000         0.0000     18696.5408         -82764.4406       303.9470   -101460.9814    -82692.7018       302.7349           -273.1721      -271.6084    301450.1601       -97.2060       -96.5121

WRITING EXTENDED SYSTEM TO RESTART FILE AT STEP 65000
WRITING COORDINATES TO RESTART FILE AT STEP 65000
FINISHED WRITING RESTART COORDINATES
WRITING VELOCITIES TO RESTART FILE AT STEP 65000
FINISHED WRITING RESTART VELOCITIES
TIMING: 70000  CPU: 81.1753, 0.00115235/step  Wall: 81.5343, 0.00115909/step, 149.082 ns/days, 0.138447 hours remaining, 0.000000 MB of memory in use.
PERFORMANCE: 70000  averaging 148.444 ns/day, 0.00116408 sec/step with standard deviation 1.10144e-05
ENERGY:   70000       407.6253      1156.5820      1126.0859        70.8242        -113768.5723      9719.0764         0.0000         0.0000     18459.6694         -82828.7090       300.0962   -101288.3785    -82701.7689       302.5590             36.0656        34.4827    300258.3380       -88.3213       -87.7791

WRITING EXTENDED SYSTEM TO RESTART FILE AT STEP 70000
WRITING COORDINATES TO RESTART FILE AT STEP 70000
FINISHED WRITING RESTART COORDINATES
WRITING VELOCITIES TO RESTART FILE AT STEP 70000
FINISHED WRITING RESTART VELOCITIES
TIMING: 75000  CPU: 86.9484, 0.00115461/step  Wall: 87.3432, 0.00116179/step, 148.736 ns/days, 0.137155 hours remaining, 0.000000 MB of memory in use.
PERFORMANCE: 75000  averaging 148.463 ns/day, 0.00116392 sec/step with standard deviation 1.06302e-05
ENERGY:   75000       433.1612      1120.8784      1117.5945        69.0865        -113736.4695      9821.6157         0.0000         0.0000     18483.6615         -82690.4717       300.4862   -101174.1332    -82701.0629       302.4295             66.0265        67.5989    301069.8614       -78.6745       -78.0680

WRITING EXTENDED SYSTEM TO RESTART FILE AT STEP 75000
WRITING COORDINATES TO RESTART FILE AT STEP 75000
FINISHED WRITING RESTART COORDINATES
WRITING VELOCITIES TO RESTART FILE AT STEP 75000
FINISHED WRITING RESTART VELOCITIES
TIMING: 80000  CPU: 92.6975, 0.00114983/step  Wall: 93.1281, 0.00115697/step, 149.355 ns/days, 0.13498 hours remaining, 0.000000 MB of memory in use.
PERFORMANCE: 80000  averaging 148.519 ns/day, 0.00116349 sec/step with standard deviation 1.04157e-05
ENERGY:   80000       425.7725      1141.8207      1148.1697        81.3461        -114207.3092     10019.7490         0.0000         0.0000     18774.4690         -82615.9822       305.2139   -101390.4512    -82696.0581       302.5933            188.2526       189.1601    299958.6972       -62.9729       -62.3487

WRITING EXTENDED SYSTEM TO RESTART FILE AT STEP 80000
WRITING COORDINATES TO RESTART FILE AT STEP 80000
FINISHED WRITING RESTART COORDINATES
WRITING VELOCITIES TO RESTART FILE AT STEP 80000
FINISHED WRITING RESTART VELOCITIES
TIMING: 85000  CPU: 98.4732, 0.00115513/step  Wall: 98.9394, 0.00116226/step, 148.676 ns/days, 0.133983 hours remaining, 0.000000 MB of memory in use.
PERFORMANCE: 85000  averaging 148.528 ns/day, 0.00116342 sec/step with standard deviation 1.00894e-05
ENERGY:   85000       409.4367      1148.7893      1105.5590        70.2579        -113508.1636      9561.9184         0.0000         0.0000     18580.7769         -82631.4254       302.0650   -101212.2023    -82692.4674       302.5639            -52.6228       -50.2394    302118.5946       -62.3979       -61.6760

WRITING EXTENDED SYSTEM TO RESTART FILE AT STEP 85000
WRITING COORDINATES TO RESTART FILE AT STEP 85000
FINISHED WRITING RESTART COORDINATES
WRITING VELOCITIES TO RESTART FILE AT STEP 85000
FINISHED WRITING RESTART VELOCITIES
TIMING: 90000  CPU: 104.507, 0.00120675/step  Wall: 105.01, 0.00121408/step, 142.33 ns/days, 0.13827 hours remaining, 0.000000 MB of memory in use.
PERFORMANCE: 90000  averaging 148.17 ns/day, 0.00116623 sec/step with standard deviation 1.54398e-05
ENERGY:   90000       421.5941      1135.8441      1103.0954        85.0982        -114198.4349      9906.1366         0.0000         0.0000     18834.6107         -82712.0558       306.1916   -101546.6665    -82693.4984       302.7549            179.6119       178.9568    301000.8182       -49.6606       -49.0111

WRITING EXTENDED SYSTEM TO RESTART FILE AT STEP 90000
WRITING COORDINATES TO RESTART FILE AT STEP 90000
FINISHED WRITING RESTART COORDINATES
WRITING VELOCITIES TO RESTART FILE AT STEP 90000
FINISHED WRITING RESTART VELOCITIES
TIMING: 95000  CPU: 110.306, 0.00115977/step  Wall: 110.843, 0.00116666/step, 148.116 ns/days, 0.131249 hours remaining, 0.000000 MB of memory in use.
PERFORMANCE: 95000  averaging 148.167 ns/day, 0.00116625 sec/step with standard deviation 1.50051e-05
ENERGY:   95000       446.5715      1131.0675      1104.3648        73.1220        -113989.2614      9673.8605         0.0000         0.0000     18520.4359         -83039.8391       301.0841   -101560.2750    -82710.8154       302.6713           -152.8644      -153.6288    300254.7235       -54.8208       -54.2420

WRITING EXTENDED SYSTEM TO RESTART FILE AT STEP 95000
WRITING COORDINATES TO RESTART FILE AT STEP 95000
FINISHED WRITING RESTART COORDINATES
WRITING VELOCITIES TO RESTART FILE AT STEP 95000
FINISHED WRITING RESTART VELOCITIES
TIMING: 100000  CPU: 116.078, 0.00115436/step  Wall: 116.659, 0.00116311/step, 148.567 ns/days, 0.129235 hours remaining, 0.000000 MB of memory in use.
PERFORMANCE: 100000  averaging 148.187 ns/day, 0.0011661 sec/step with standard deviation 1.46218e-05
ETITLE:      TS           BOND          ANGLE          DIHED          IMPRP               ELECT            VDW       BOUNDARY           MISC        KINETIC               TOTAL           TEMP      POTENTIAL       TOTALAVG        TEMPAVG            PRESSURE      GPRESSURE         VOLUME       PRESSAVG      GPRESSAVG

ENERGY:  100000       450.9938      1106.1642      1128.9961        70.7355        -113792.9305      9557.9669         0.0000         0.0000     18360.9062         -83117.1678       298.4906   -101478.0740    -82829.7933       302.4190           -184.3948      -179.7442    301671.8350       -13.9051       -13.1995

WRITING EXTENDED SYSTEM TO RESTART FILE AT STEP 100000
WRITING COORDINATES TO RESTART FILE AT STEP 100000
FINISHED WRITING RESTART COORDINATES
WRITING VELOCITIES TO RESTART FILE AT STEP 100000
FINISHED WRITING RESTART VELOCITIES
TIMING: 105000  CPU: 125.459, 0.00187618/step  Wall: 134.305, 0.00352923/step, 48.9626 ns/days, 0.387235 hours remaining, 0.000000 MB of memory in use.
PERFORMANCE: 105000  averaging 135.145 ns/day, 0.00127863 sec/step with standard deviation 0.000515874
ENERGY:  105000       447.9405      1111.0410      1114.6337        71.1759        -113913.1431      9660.1393         0.0000         0.0000     18675.6501         -82832.5627       303.6074   -101508.2128    -82836.7827       302.4212           -131.9914      -133.6047    300104.4052       -15.7212       -15.2896

WRITING EXTENDED SYSTEM TO RESTART FILE AT STEP 105000
WRITING COORDINATES TO RESTART FILE AT STEP 105000
FINISHED WRITING RESTART COORDINATES
WRITING VELOCITIES TO RESTART FILE AT STEP 105000
FINISHED WRITING RESTART VELOCITIES
TIMING: 110000  CPU: 131.258, 0.00115993/step  Wall: 140.141, 0.00116732/step, 148.031 ns/days, 0.12646 hours remaining, 0.000000 MB of memory in use.
PERFORMANCE: 110000  averaging 135.682 ns/day, 0.00127357 sec/step with standard deviation 0.000504
ENERGY:  110000       451.2616      1135.1996      1111.7943        76.2979        -114218.1365      9777.7783         0.0000         0.0000     18575.1220         -83090.6828       301.9731   -101665.8048    -82852.1821       302.2649            -51.8947       -58.2535    301047.5464       -13.8140       -13.6694

WRITING EXTENDED SYSTEM TO RESTART FILE AT STEP 110000
WRITING COORDINATES TO RESTART FILE AT STEP 110000
FINISHED WRITING RESTART COORDINATES
WRITING VELOCITIES TO RESTART FILE AT STEP 110000
FINISHED WRITING RESTART VELOCITIES
TIMING: 115000  CPU: 137.024, 0.00115314/step  Wall: 145.945, 0.00116075/step, 148.87 ns/days, 0.124135 hours remaining, 0.000000 MB of memory in use.
PERFORMANCE: 115000  averaging 136.207 ns/day, 0.00126866 sec/step with standard deviation 0.000492974
ENERGY:  115000       441.1432      1181.2081      1104.0852        77.2455        -114153.0269      9812.9018         0.0000         0.0000     18401.5701         -83134.8731       299.1517   -101536.4431    -82869.1516       302.1516            -80.8608       -77.9071    300883.0778       -15.9222       -15.6141

WRITING EXTENDED SYSTEM TO RESTART FILE AT STEP 115000
WRITING COORDINATES TO RESTART FILE AT STEP 115000
FINISHED WRITING RESTART COORDINATES
WRITING VELOCITIES TO RESTART FILE AT STEP 115000
FINISHED WRITING RESTART VELOCITIES
TIMING: 120000  CPU: 143.025, 0.00120024/step  Wall: 151.983, 0.00120761/step, 143.092 ns/days, 0.12747 hours remaining, 0.000000 MB of memory in use.
PERFORMANCE: 120000  averaging 136.48 ns/day, 0.00126612 sec/step with standard deviation 0.000482299
ENERGY:  120000       428.4941      1147.0872      1098.3378        64.8305        -113901.6998      9719.9033         0.0000         0.0000     18458.0304         -82985.0166       300.0696   -101443.0470    -82874.5830       302.0463            -58.5602       -62.9396    300696.2392       -16.0085       -15.8480

WRITING EXTENDED SYSTEM TO RESTART FILE AT STEP 120000
WRITING COORDINATES TO RESTART FILE AT STEP 120000
FINISHED WRITING RESTART COORDINATES
WRITING VELOCITIES TO RESTART FILE AT STEP 120000
FINISHED WRITING RESTART VELOCITIES
TIMING: 125000  CPU: 148.777, 0.00115048/step  Wall: 157.772, 0.0011578/step, 149.248 ns/days, 0.120604 hours remaining, 0.000000 MB of memory in use.
PERFORMANCE: 125000  averaging 136.949 ns/day, 0.00126179 sec/step with standard deviation 0.000472641
ENERGY:  125000       452.1583      1169.2998      1095.7815        70.8878        -114361.0861     10027.6940         0.0000         0.0000     18574.9573         -82970.3075       301.9704   -101545.2648    -82878.7974       301.9992             60.7230        60.0184    301523.4939       -20.2333       -19.9688

WRITING EXTENDED SYSTEM TO RESTART FILE AT STEP 125000
WRITING COORDINATES TO RESTART FILE AT STEP 125000
FINISHED WRITING RESTART COORDINATES
WRITING VELOCITIES TO RESTART FILE AT STEP 125000
FINISHED WRITING RESTART VELOCITIES
TIMING: 130000  CPU: 154.854, 0.00121524/step  Wall: 164.079, 0.00126138/step, 136.993 ns/days, 0.129642 hours remaining, 0.000000 MB of memory in use.
PERFORMANCE: 130000  averaging 136.95 ns/day, 0.00126177 sec/step with standard deviation 0.000463092
ENERGY:  130000       450.3284      1132.9088      1120.8418        80.9524        -113756.5415      9702.9028         0.0000         0.0000     18447.5197         -82821.0877       299.8987   -101268.6074    -82878.0580       301.9447            -51.3317       -50.8316    300588.6342       -24.8727       -24.6472

WRITING EXTENDED SYSTEM TO RESTART FILE AT STEP 130000
WRITING COORDINATES TO RESTART FILE AT STEP 130000
FINISHED WRITING RESTART COORDINATES
WRITING VELOCITIES TO RESTART FILE AT STEP 130000
FINISHED WRITING RESTART VELOCITIES
TIMING: 135000  CPU: 160.576, 0.00114445/step  Wall: 169.837, 0.00115155/step, 150.058 ns/days, 0.116755 hours remaining, 0.000000 MB of memory in use.
PERFORMANCE: 135000  averaging 137.395 ns/day, 0.00125769 sec/step with standard deviation 0.000454594
ENERGY:  135000       466.5026      1089.9205      1125.5962        72.9421        -114054.8414      9626.7434         0.0000         0.0000     18402.7499         -83270.3867       299.1709   -101673.1366    -82905.6830       301.7635           -333.6614      -340.3736    301507.7342       -39.0267       -39.3078

WRITING EXTENDED SYSTEM TO RESTART FILE AT STEP 135000
WRITING COORDINATES TO RESTART FILE AT STEP 135000
FINISHED WRITING RESTART COORDINATES
WRITING VELOCITIES TO RESTART FILE AT STEP 135000
FINISHED WRITING RESTART VELOCITIES
TIMING: 140000  CPU: 166.337, 0.00115222/step  Wall: 175.632, 0.00115899/step, 149.096 ns/days, 0.115899 hours remaining, 0.000000 MB of memory in use.
PERFORMANCE: 140000  averaging 137.781 ns/day, 0.00125416 sec/step with standard deviation 0.000446486
ENERGY:  140000       430.1937      1077.1674      1121.8149        70.2938        -114020.6284      9605.8547         0.0000         0.0000     18449.6936         -83265.6102       299.9340   -101715.3038    -82910.8896       301.7047           -301.6379      -302.5503    301361.5116       -55.7772       -56.0676

WRITING EXTENDED SYSTEM TO RESTART FILE AT STEP 140000
WRITING COORDINATES TO RESTART FILE AT STEP 140000
FINISHED WRITING RESTART COORDINATES
WRITING VELOCITIES TO RESTART FILE AT STEP 140000
FINISHED WRITING RESTART VELOCITIES
TIMING: 145000  CPU: 172.086, 0.00114989/step  Wall: 181.415, 0.00115667/step, 149.395 ns/days, 0.11406 hours remaining, 0.000000 MB of memory in use.
PERFORMANCE: 145000  averaging 138.151 ns/day, 0.0012508 sec/step with standard deviation 0.000438814
ENERGY:  145000       430.7756      1122.6980      1118.3003        76.1641        -113807.7991      9599.5474         0.0000         0.0000     18773.5538         -82686.7599       305.1990   -101460.3137    -82890.4723       301.8732             31.5450        28.0521    299640.8998       -55.5620       -56.0356

WRITING EXTENDED SYSTEM TO RESTART FILE AT STEP 145000
WRITING COORDINATES TO RESTART FILE AT STEP 145000
FINISHED WRITING RESTART COORDINATES
WRITING VELOCITIES TO RESTART FILE AT STEP 145000
FINISHED WRITING RESTART VELOCITIES
TIMING: 150000  CPU: 177.827, 0.00114816/step  Wall: 187.207, 0.00115846/step, 149.163 ns/days, 0.112629 hours remaining, 0.000000 MB of memory in use.
PERFORMANCE: 150000  averaging 138.492 ns/day, 0.00124772 sec/step with standard deviation 0.000431512
ETITLE:      TS           BOND          ANGLE          DIHED          IMPRP               ELECT            VDW       BOUNDARY           MISC        KINETIC               TOTAL           TEMP      POTENTIAL       TOTALAVG        TEMPAVG            PRESSURE      GPRESSURE         VOLUME       PRESSAVG      GPRESSAVG

ENERGY:  150000       394.4873      1121.3997      1119.1188        59.9352        -114041.3837      9632.1678         0.0000         0.0000     18589.9419         -83124.3330       302.2140   -101714.2748    -82895.5640       301.8770             29.4502        29.9758    299534.3118       -61.0496       -61.5070

WRITING EXTENDED SYSTEM TO RESTART FILE AT STEP 150000
WRITING COORDINATES TO RESTART FILE AT STEP 150000
FINISHED WRITING RESTART COORDINATES
WRITING VELOCITIES TO RESTART FILE AT STEP 150000
FINISHED WRITING RESTART VELOCITIES
TIMING: 155000  CPU: 183.584, 0.00115143/step  Wall: 193.001, 0.00115872/step, 149.131 ns/days, 0.111044 hours remaining, 0.000000 MB of memory in use.
PERFORMANCE: 155000  averaging 138.812 ns/day, 0.00124485 sec/step with standard deviation 0.00042456
ENERGY:  155000       431.4969      1116.8493      1112.9400        67.7334        -114102.9534      9636.6991         0.0000         0.0000     18607.3968         -83129.8378       302.4978   -101737.2346    -82921.8378       301.8340           -158.4701      -157.3113    301529.4757       -67.0508       -67.4577

WRITING EXTENDED SYSTEM TO RESTART FILE AT STEP 155000
WRITING COORDINATES TO RESTART FILE AT STEP 155000
FINISHED WRITING RESTART COORDINATES
WRITING VELOCITIES TO RESTART FILE AT STEP 155000
FINISHED WRITING RESTART VELOCITIES
TIMING: 160000  CPU: 189.345, 0.00115218/step  Wall: 198.798, 0.00115948/step, 149.032 ns/days, 0.109507 hours remaining, 0.000000 MB of memory in use.
PERFORMANCE: 160000  averaging 139.11 ns/day, 0.00124218 sec/step with standard deviation 0.000417929
ENERGY:  160000       440.9867      1141.7739      1127.2378        62.9357        -114122.6872      9866.2254         0.0000         0.0000     18536.1629         -82947.3649       301.3398   -101483.5278    -82932.9457       301.7301            105.0920        98.2997    299322.0334       -56.7348       -57.6224

WRITING EXTENDED SYSTEM TO RESTART FILE AT STEP 160000
WRITING COORDINATES TO RESTART FILE AT STEP 160000
FINISHED WRITING RESTART COORDINATES
WRITING VELOCITIES TO RESTART FILE AT STEP 160000
FINISHED WRITING RESTART VELOCITIES
TIMING: 165000  CPU: 197.786, 0.0016881/step  Wall: 213.345, 0.00290934/step, 59.3949 ns/days, 0.27073 hours remaining, 0.000000 MB of memory in use.
PERFORMANCE: 165000  averaging 133.673 ns/day, 0.0012927 sec/step with standard deviation 0.000503419
ENERGY:  165000       418.3320      1154.2421      1112.4110        76.7369        -114003.4657      9834.5922         0.0000         0.0000     18408.9079         -82998.2437       299.2710   -101407.1516    -82944.6359       301.4963              5.5586         3.6565    301510.9947       -42.7982       -43.8592

WRITING EXTENDED SYSTEM TO RESTART FILE AT STEP 165000
WRITING COORDINATES TO RESTART FILE AT STEP 165000
FINISHED WRITING RESTART COORDINATES
WRITING VELOCITIES TO RESTART FILE AT STEP 165000
FINISHED WRITING RESTART VELOCITIES
TIMING: 170000  CPU: 203.554, 0.0011536/step  Wall: 219.138, 0.00115859/step, 149.147 ns/days, 0.106204 hours remaining, 0.000000 MB of memory in use.
PERFORMANCE: 170000  averaging 134.082 ns/day, 0.00128876 sec/step with standard deviation 0.000496266
ENERGY:  170000       425.7707      1134.6295      1122.2611        67.0911        -114157.0793      9809.1293         0.0000         0.0000     18499.3007         -83098.8969       300.7405   -101598.1976    -82958.1453       301.5285           -121.8483      -124.6013    300924.4248       -50.6939       -51.8134

WRITING EXTENDED SYSTEM TO RESTART FILE AT STEP 170000
WRITING COORDINATES TO RESTART FILE AT STEP 170000
FINISHED WRITING RESTART COORDINATES
WRITING VELOCITIES TO RESTART FILE AT STEP 170000
FINISHED WRITING RESTART VELOCITIES
TIMING: 175000  CPU: 209.328, 0.00115481/step  Wall: 224.937, 0.00115984/step, 148.986 ns/days, 0.104708 hours remaining, 0.000000 MB of memory in use.
PERFORMANCE: 175000  averaging 134.467 ns/day, 0.00128508 sec/step with standard deviation 0.000489399
ENERGY:  175000       412.0375      1096.5773      1125.0241        84.8828        -113997.3533      9746.8881         0.0000         0.0000     18617.5731         -82914.3704       302.6632   -101531.9435    -82969.3402       301.6373            -31.9287       -28.8753    300885.6956       -55.5917       -56.6371

WRITING EXTENDED SYSTEM TO RESTART FILE AT STEP 175000
WRITING COORDINATES TO RESTART FILE AT STEP 175000
FINISHED WRITING RESTART COORDINATES
WRITING VELOCITIES TO RESTART FILE AT STEP 175000
FINISHED WRITING RESTART VELOCITIES
TIMING: 180000  CPU: 215.048, 0.00114411/step  Wall: 230.69, 0.00115062/step, 150.18 ns/days, 0.102277 hours remaining, 0.000000 MB of memory in use.
PERFORMANCE: 180000  averaging 134.859 ns/day, 0.00128134 sec/step with standard deviation 0.000482877
ENERGY:  180000       389.6560      1125.8814      1135.7835        79.0938        -114300.9436      9964.7208         0.0000         0.0000     18674.3939         -82931.4141       303.5870   -101605.8080    -82985.1118       301.5560             98.5626        98.2948    301163.2369       -60.0762       -61.1803

WRITING EXTENDED SYSTEM TO RESTART FILE AT STEP 180000
WRITING COORDINATES TO RESTART FILE AT STEP 180000
FINISHED WRITING RESTART COORDINATES
WRITING VELOCITIES TO RESTART FILE AT STEP 180000
FINISHED WRITING RESTART VELOCITIES
TIMING: 185000  CPU: 220.783, 0.00114695/step  Wall: 236.45, 0.00115189/step, 150.014 ns/days, 0.100791 hours remaining, 0.000000 MB of memory in use.
PERFORMANCE: 185000  averaging 135.228 ns/day, 0.00127784 sec/step with standard deviation 0.000476599
ENERGY:  185000       436.7789      1155.3611      1120.7663        74.1645        -113842.9370      9645.8046         0.0000         0.0000     18670.0505         -82740.0111       303.5163   -101410.0616    -82990.5411       301.6285            -87.2509       -91.7591    300617.2307       -61.8076       -63.2563

WRITING EXTENDED SYSTEM TO RESTART FILE AT STEP 185000
WRITING COORDINATES TO RESTART FILE AT STEP 185000
FINISHED WRITING RESTART COORDINATES
WRITING VELOCITIES TO RESTART FILE AT STEP 185000
FINISHED WRITING RESTART VELOCITIES
TIMING: 190000  CPU: 226.53, 0.00114929/step  Wall: 242.289, 0.00116786/step, 147.963 ns/days, 0.100566 hours remaining, 0.000000 MB of memory in use.
PERFORMANCE: 190000  averaging 135.535 ns/day, 0.00127495 sec/step with standard deviation 0.000470453
ENERGY:  190000       400.1378      1139.1166      1105.4795        62.4444        -113927.2483      9563.0189         0.0000         0.0000     18697.3041         -82959.7470       303.9594   -101657.0511    -83002.9256       301.5169           -271.6937      -273.4921    301091.0978       -84.3729       -85.8788

WRITING EXTENDED SYSTEM TO RESTART FILE AT STEP 190000
WRITING COORDINATES TO RESTART FILE AT STEP 190000
FINISHED WRITING RESTART COORDINATES
WRITING VELOCITIES TO RESTART FILE AT STEP 190000
FINISHED WRITING RESTART VELOCITIES
TIMING: 195000  CPU: 232.304, 0.00115493/step  Wall: 248.098, 0.00116172/step, 148.745 ns/days, 0.0984232 hours remaining, 0.000000 MB of memory in use.
PERFORMANCE: 195000  averaging 135.844 ns/day, 0.00127204 sec/step with standard deviation 0.000464575
ENERGY:  195000       430.7046      1153.5571      1145.7076        79.6601        -114056.6620      9611.8704         0.0000         0.0000     18774.8055         -82860.3567       305.2193   -101635.1622    -82993.9515       301.7237           -107.6778      -110.6618    300419.6922       -82.1136       -83.7304

WRITING EXTENDED SYSTEM TO RESTART FILE AT STEP 195000
WRITING COORDINATES TO RESTART FILE AT STEP 195000
FINISHED WRITING RESTART COORDINATES
WRITING VELOCITIES TO RESTART FILE AT STEP 195000
FINISHED WRITING RESTART VELOCITIES
TIMING: 200000  CPU: 238.077, 0.00115448/step  Wall: 253.894, 0.0011593/step, 149.055 ns/days, 0.0966087 hours remaining, 0.000000 MB of memory in use.
PERFORMANCE: 200000  averaging 136.146 ns/day, 0.00126923 sec/step with standard deviation 0.000458927
ETITLE:      TS           BOND          ANGLE          DIHED          IMPRP               ELECT            VDW       BOUNDARY           MISC        KINETIC               TOTAL           TEMP      POTENTIAL       TOTALAVG        TEMPAVG            PRESSURE      GPRESSURE         VOLUME       PRESSAVG      GPRESSAVG

ENERGY:  200000       429.6704      1111.4816      1137.6294        81.2462        -114353.2590      9928.5434         0.0000         0.0000     18707.0691         -82957.6190       304.1182   -101664.6881    -82985.9741       302.0051             -0.9168        -4.8019    300203.0111       -72.9397       -74.9833

WRITING EXTENDED SYSTEM TO RESTART FILE AT STEP 200000
WRITING COORDINATES TO RESTART FILE AT STEP 200000
FINISHED WRITING RESTART COORDINATES
WRITING VELOCITIES TO RESTART FILE AT STEP 200000
FINISHED WRITING RESTART VELOCITIES
TIMING: 205000  CPU: 243.792, 0.00114315/step  Wall: 259.642, 0.00114958/step, 150.315 ns/days, 0.094202 hours remaining, 0.000000 MB of memory in use.
PERFORMANCE: 205000  averaging 136.46 ns/day, 0.00126631 sec/step with standard deviation 0.000453539
ENERGY:  205000       401.4044      1177.3119      1119.8556        70.2061        -114034.5709      9813.6694         0.0000         0.0000     18569.8583         -82882.2652       301.8875   -101452.1235    -82988.4592       301.9191             99.1024        94.5314    300815.9900       -61.3850       -63.5765

WRITING EXTENDED SYSTEM TO RESTART FILE AT STEP 205000
WRITING COORDINATES TO RESTART FILE AT STEP 205000
FINISHED WRITING RESTART COORDINATES
WRITING VELOCITIES TO RESTART FILE AT STEP 205000
FINISHED WRITING RESTART VELOCITIES
TIMING: 210000  CPU: 249.547, 0.00115086/step  Wall: 265.421, 0.00115581/step, 149.506 ns/days, 0.0931066 hours remaining, 0.000000 MB of memory in use.
PERFORMANCE: 210000  averaging 136.744 ns/day, 0.00126368 sec/step with standard deviation 0.000448298
ENERGY:  210000       436.7460      1127.4934      1133.3897        81.3785        -113623.4372      9649.6214         0.0000         0.0000     18565.8959         -82628.9122       301.8231   -101194.8082    -82965.3707       301.9116            -92.6561       -92.9667    301356.0900       -63.4230       -65.3121

WRITING EXTENDED SYSTEM TO RESTART FILE AT STEP 210000
WRITING COORDINATES TO RESTART FILE AT STEP 210000
FINISHED WRITING RESTART COORDINATES
WRITING VELOCITIES TO RESTART FILE AT STEP 210000
FINISHED WRITING RESTART VELOCITIES
TIMING: 215000  CPU: 255.291, 0.00114893/step  Wall: 271.2, 0.00115582/step, 149.504 ns/days, 0.0915023 hours remaining, 0.000000 MB of memory in use.
PERFORMANCE: 215000  averaging 137.016 ns/day, 0.00126117 sec/step with standard deviation 0.000443234
ENERGY:  215000       420.3329      1164.0244      1136.2136        70.7966        -113856.2225      9706.1632         0.0000         0.0000     18659.4162         -82699.2755       303.3435   -101358.6917    -82943.5908       302.1212           -132.1153      -130.0652    301272.0612       -65.9858       -67.9201

WRITING EXTENDED SYSTEM TO RESTART FILE AT STEP 215000
WRITING COORDINATES TO RESTART FILE AT STEP 215000
FINISHED WRITING RESTART COORDINATES
WRITING VELOCITIES TO RESTART FILE AT STEP 215000
FINISHED WRITING RESTART VELOCITIES
TIMING: 220000  CPU: 261.044, 0.00115062/step  Wall: 276.992, 0.00115843/step, 149.168 ns/days, 0.0901 hours remaining, 0.000000 MB of memory in use.
PERFORMANCE: 220000  averaging 137.27 ns/day, 0.00125883 sec/step with standard deviation 0.000438324
ENERGY:  220000       435.5289      1160.1663      1116.7893        82.1048        -113730.9758      9622.7942         0.0000         0.0000     18635.7166         -82677.8755       302.9582   -101313.5921    -82928.2338       302.2656           -164.5146      -167.1211    300570.2333       -71.2835       -73.1291

WRITING EXTENDED SYSTEM TO RESTART FILE AT STEP 220000
WRITING COORDINATES TO RESTART FILE AT STEP 220000
FINISHED WRITING RESTART COORDINATES
WRITING VELOCITIES TO RESTART FILE AT STEP 220000
FINISHED WRITING RESTART VELOCITIES
TIMING: 225000  CPU: 266.759, 0.00114287/step  Wall: 282.74, 0.00114944/step, 150.335 ns/days, 0.0878041 hours remaining, 0.000000 MB of memory in use.
PERFORMANCE: 225000  averaging 137.536 ns/day, 0.0012564 sec/step with standard deviation 0.000433621
ENERGY:  225000       420.7516      1124.3624      1141.1744        80.6661        -113814.4128      9732.4902         0.0000         0.0000     18735.9733         -82578.9948       304.5880   -101314.9681    -82908.6681       302.3965             61.7148        61.4607    300923.4636       -71.2339       -73.0570

WRITING EXTENDED SYSTEM TO RESTART FILE AT STEP 225000
WRITING COORDINATES TO RESTART FILE AT STEP 225000
FINISHED WRITING RESTART COORDINATES
WRITING VELOCITIES TO RESTART FILE AT STEP 225000
FINISHED WRITING RESTART VELOCITIES
TIMING: 230000  CPU: 272.523, 0.00115276/step  Wall: 288.527, 0.00115753/step, 149.283 ns/days, 0.086815 hours remaining, 0.000000 MB of memory in use.
PERFORMANCE: 230000  averaging 137.771 ns/day, 0.00125425 sec/step with standard deviation 0.000429024
ENERGY:  230000       424.8659      1088.8805      1113.4779        63.6067        -114139.3300      9813.3569         0.0000         0.0000     18465.9132         -83169.2289       300.1977   -101635.1420    -82926.0752       302.4114            -41.1976       -40.6642    300297.6581       -70.7272       -72.5486

WRITING EXTENDED SYSTEM TO RESTART FILE AT STEP 230000
WRITING COORDINATES TO RESTART FILE AT STEP 230000
FINISHED WRITING RESTART COORDINATES
WRITING VELOCITIES TO RESTART FILE AT STEP 230000
FINISHED WRITING RESTART VELOCITIES
TIMING: 235000  CPU: 278.255, 0.00114648/step  Wall: 294.294, 0.00115328/step, 149.834 ns/days, 0.084894 hours remaining, 0.000000 MB of memory in use.
PERFORMANCE: 235000  averaging 138.008 ns/day, 0.0012521 sec/step with standard deviation 0.00042459
ENERGY:  235000       416.4092      1108.4740      1114.1483        81.5808        -114126.3743     10076.6373         0.0000         0.0000     18672.0545         -82657.0701       303.5489   -101329.1246    -82895.4093       302.6303            422.9661       428.1089    301060.9843       -32.8958       -34.1245

WRITING EXTENDED SYSTEM TO RESTART FILE AT STEP 235000
WRITING COORDINATES TO RESTART FILE AT STEP 235000
FINISHED WRITING RESTART COORDINATES
WRITING VELOCITIES TO RESTART FILE AT STEP 235000
FINISHED WRITING RESTART VELOCITIES
TIMING: 240000  CPU: 284.048, 0.00115853/step  Wall: 300.119, 0.00116515/step, 148.308 ns/days, 0.0841494 hours remaining, 0.000000 MB of memory in use.
PERFORMANCE: 240000  averaging 138.208 ns/day, 0.00125029 sec/step with standard deviation 0.000420237
ENERGY:  240000       430.0338      1100.7480      1130.4319        84.1224        -113845.0068      9495.9116         0.0000         0.0000     18466.8835         -83136.8757       300.2135   -101603.7592    -82888.9726       302.6443           -307.3636      -306.3282    300727.8469       -33.1821       -34.3134

WRITING EXTENDED SYSTEM TO RESTART FILE AT STEP 240000
WRITING COORDINATES TO RESTART FILE AT STEP 240000
FINISHED WRITING RESTART COORDINATES
WRITING VELOCITIES TO RESTART FILE AT STEP 240000
FINISHED WRITING RESTART VELOCITIES
TIMING: 245000  CPU: 289.826, 0.00115566/step  Wall: 305.923, 0.00116063/step, 148.884 ns/days, 0.0822115 hours remaining, 0.000000 MB of memory in use.
PERFORMANCE: 245000  averaging 138.41 ns/day, 0.00124846 sec/step with standard deviation 0.000416033
ENERGY:  245000       443.5591      1120.1009      1093.0475        75.2656        -114243.6865      9701.2409         0.0000         0.0000     18590.0902         -83220.3823       302.2164   -101810.4725    -82915.6537       302.4952           -122.8463      -125.0612    299427.3026       -40.9017       -41.9691

WRITING EXTENDED SYSTEM TO RESTART FILE AT STEP 245000
WRITING COORDINATES TO RESTART FILE AT STEP 245000
FINISHED WRITING RESTART COORDINATES
WRITING VELOCITIES TO RESTART FILE AT STEP 245000
FINISHED WRITING RESTART VELOCITIES
TIMING: 250000  CPU: 295.55, 0.00114474/step  Wall: 311.681, 0.00115164/step, 150.047 ns/days, 0.079975 hours remaining, 0.000000 MB of memory in use.
PERFORMANCE: 250000  averaging 138.625 ns/day, 0.00124653 sec/step with standard deviation 0.000411994
ETITLE:      TS           BOND          ANGLE          DIHED          IMPRP               ELECT            VDW       BOUNDARY           MISC        KINETIC               TOTAL           TEMP      POTENTIAL       TOTALAVG        TEMPAVG            PRESSURE      GPRESSURE         VOLUME       PRESSAVG      GPRESSAVG

ENERGY:  250000       416.3842      1112.8687      1133.6389        74.4812        -113921.1314      9644.9503         0.0000         0.0000     18641.8161         -82896.9921       303.0573   -101538.8081    -82904.2867       302.5373             -5.3856        -4.7719    300611.9422       -42.6434       -43.7065

WRITING EXTENDED SYSTEM TO RESTART FILE AT STEP 250000
WRITING COORDINATES TO RESTART FILE AT STEP 250000
FINISHED WRITING RESTART COORDINATES
WRITING VELOCITIES TO RESTART FILE AT STEP 250000
FINISHED WRITING RESTART VELOCITIES
TIMING: 255000  CPU: 301.271, 0.0011442/step  Wall: 317.435, 0.00115079/step, 150.157 ns/days, 0.0783178 hours remaining, 0.000000 MB of memory in use.
PERFORMANCE: 255000  averaging 138.834 ns/day, 0.00124465 sec/step with standard deviation 0.000408073
ENERGY:  255000       453.3828      1133.4402      1124.5628        81.0848        -114266.4586      9940.3210         0.0000         0.0000     18819.1788         -82714.4881       305.9407   -101533.6669    -82883.5192       302.7095             77.3047        74.2454    300717.6885       -30.8547       -32.1286

WRITING EXTENDED SYSTEM TO RESTART FILE AT STEP 255000
WRITING COORDINATES TO RESTART FILE AT STEP 255000
FINISHED WRITING RESTART COORDINATES
WRITING VELOCITIES TO RESTART FILE AT STEP 255000
FINISHED WRITING RESTART VELOCITIES
TIMING: 260000  CPU: 307.018, 0.00114957/step  Wall: 323.208, 0.00115472/step, 149.647 ns/days, 0.0769811 hours remaining, 0.000000 MB of memory in use.
PERFORMANCE: 260000  averaging 139.027 ns/day, 0.00124292 sec/step with standard deviation 0.000404245
ENERGY:  260000       440.4530      1128.8463      1119.1616        76.1557        -114122.1602      9656.5989         0.0000         0.0000     18589.4675         -83111.4772       302.2063   -101700.9446    -82891.7248       302.7528           -169.6666      -171.7711    301011.1039       -44.5926       -45.6322

WRITING EXTENDED SYSTEM TO RESTART FILE AT STEP 260000
WRITING COORDINATES TO RESTART FILE AT STEP 260000
FINISHED WRITING RESTART COORDINATES
WRITING VELOCITIES TO RESTART FILE AT STEP 260000
FINISHED WRITING RESTART VELOCITIES
TIMING: 265000  CPU: 312.794, 0.0011551/step  Wall: 329.027, 0.00116369/step, 148.494 ns/days, 0.0759629 hours remaining, 0.000000 MB of memory in use.
PERFORMANCE: 265000  averaging 139.195 ns/day, 0.00124143 sec/step with standard deviation 0.000400487
ENERGY:  265000       433.3744      1151.3720      1123.7207        67.5868        -113943.1969      9875.1409         0.0000         0.0000     18549.7044         -82742.2977       301.5599   -101292.0021    -82878.9275       302.8673            187.3117       189.5131    299927.3578       -35.5050       -36.3393

WRITING EXTENDED SYSTEM TO RESTART FILE AT STEP 265000
WRITING COORDINATES TO RESTART FILE AT STEP 265000
FINISHED WRITING RESTART COORDINATES
WRITING VELOCITIES TO RESTART FILE AT STEP 265000
FINISHED WRITING RESTART VELOCITIES
TIMING: 270000  CPU: 318.561, 0.00115344/step  Wall: 334.819, 0.00115842/step, 149.169 ns/days, 0.0740101 hours remaining, 0.000000 MB of memory in use.
PERFORMANCE: 270000  averaging 139.367 ns/day, 0.00123989 sec/step with standard deviation 0.000396852
ENERGY:  270000       424.7343      1166.1227      1113.5533        71.2114        -113902.5691      9557.8961         0.0000         0.0000     18402.1567         -83166.8946       299.1612   -101569.0513    -82882.3274       302.7883           -176.7904      -176.4452    301065.8095       -38.2521       -38.9315

WRITING EXTENDED SYSTEM TO RESTART FILE AT STEP 270000
WRITING COORDINATES TO RESTART FILE AT STEP 270000
FINISHED WRITING RESTART COORDINATES
WRITING VELOCITIES TO RESTART FILE AT STEP 270000
FINISHED WRITING RESTART VELOCITIES
TIMING: 275000  CPU: 324.33, 0.00115371/step  Wall: 340.613, 0.00115881/step, 149.119 ns/days, 0.0724255 hours remaining, 0.000000 MB of memory in use.
PERFORMANCE: 275000  averaging 139.533 ns/day, 0.00123841 sec/step with standard deviation 0.000393312
ENERGY:  275000       428.2602      1141.3731      1115.7682        74.4773        -114112.9808      9894.3375         0.0000         0.0000     18641.8829         -82816.8816       303.0584   -101458.7645    -82877.4530       302.8081             91.4492        91.6280    301675.6415       -32.0832       -32.9064

WRITING EXTENDED SYSTEM TO RESTART FILE AT STEP 275000
WRITING COORDINATES TO RESTART FILE AT STEP 275000
FINISHED WRITING RESTART COORDINATES
WRITING VELOCITIES TO RESTART FILE AT STEP 275000
FINISHED WRITING RESTART VELOCITIES
TIMING: 280000  CPU: 330.111, 0.00115624/step  Wall: 346.427, 0.0011629/step, 148.594 ns/days, 0.0710664 hours remaining, 0.000000 MB of memory in use.
PERFORMANCE: 280000  averaging 139.685 ns/day, 0.00123707 sec/step with standard deviation 0.000389851
ENERGY:  280000       416.7759      1088.1794      1123.8299        77.3163        -113790.6916      9558.5149         0.0000         0.0000     18453.8904         -83072.1849       300.0023   -101526.0753    -82884.4915       302.6288           -241.6803      -246.5832    301628.5745       -49.0953       -50.1503

WRITING EXTENDED SYSTEM TO RESTART FILE AT STEP 280000
WRITING COORDINATES TO RESTART FILE AT STEP 280000
FINISHED WRITING RESTART COORDINATES
WRITING VELOCITIES TO RESTART FILE AT STEP 280000
FINISHED WRITING RESTART VELOCITIES
TIMING: 285000  CPU: 335.89, 0.0011559/step  Wall: 352.231, 0.00116074/step, 148.87 ns/days, 0.0693222 hours remaining, 0.000000 MB of memory in use.
PERFORMANCE: 285000  averaging 139.837 ns/day, 0.00123573 sec/step with standard deviation 0.000386487
ENERGY:  285000       420.7911      1142.4491      1107.9815        59.6928        -114058.0249      9777.4126         0.0000         0.0000     18554.8848         -82994.8131       301.6441   -101549.6979    -82897.2316       302.5352            -17.5174       -10.6624    300868.5583       -45.6087       -46.0954

WRITING EXTENDED SYSTEM TO RESTART FILE AT STEP 285000
WRITING COORDINATES TO RESTART FILE AT STEP 285000
FINISHED WRITING RESTART COORDINATES
WRITING VELOCITIES TO RESTART FILE AT STEP 285000
FINISHED WRITING RESTART VELOCITIES
TIMING: 290000  CPU: 341.646, 0.00115119/step  Wall: 358.014, 0.00115655/step, 149.41 ns/days, 0.0674652 hours remaining, 0.000000 MB of memory in use.
PERFORMANCE: 290000  averaging 139.991 ns/day, 0.00123436 sec/step with standard deviation 0.000383222
ENERGY:  290000       436.8531      1157.6935      1117.5443        77.0683        -113987.4829      9685.7957         0.0000         0.0000     18500.9572         -83011.5707       300.7674   -101512.5279    -82899.8228       302.3756           -100.0016      -100.0100    301233.4113       -37.0241       -37.4213

WRITING EXTENDED SYSTEM TO RESTART FILE AT STEP 290000
WRITING COORDINATES TO RESTART FILE AT STEP 290000
FINISHED WRITING RESTART COORDINATES
WRITING VELOCITIES TO RESTART FILE AT STEP 290000
FINISHED WRITING RESTART VELOCITIES
TIMING: 295000  CPU: 347.412, 0.00115316/step  Wall: 363.804, 0.00115806/step, 149.215 ns/days, 0.0659453 hours remaining, 0.000000 MB of memory in use.
PERFORMANCE: 295000  averaging 140.138 ns/day, 0.00123307 sec/step with standard deviation 0.000380034
ENERGY:  295000       442.2621      1088.0847      1143.7722        64.3603        -114109.0362      9981.1579         0.0000         0.0000     18618.8040         -82770.5950       302.6832   -101389.3990    -82895.3347       302.2488             71.8791        68.0455    301858.8350       -28.0462       -28.4860

WRITING EXTENDED SYSTEM TO RESTART FILE AT STEP 295000
WRITING COORDINATES TO RESTART FILE AT STEP 295000
FINISHED WRITING RESTART COORDINATES
WRITING VELOCITIES TO RESTART FILE AT STEP 295000
FINISHED WRITING RESTART VELOCITIES
TIMING: 300000  CPU: 353.178, 0.00115323/step  Wall: 369.596, 0.00115831/step, 149.182 ns/days, 0.0643507 hours remaining, 0.000000 MB of memory in use.
PERFORMANCE: 300000  averaging 140.28 ns/day, 0.00123182 sec/step with standard deviation 0.000376923
ETITLE:      TS           BOND          ANGLE          DIHED          IMPRP               ELECT            VDW       BOUNDARY           MISC        KINETIC               TOTAL           TEMP      POTENTIAL       TOTALAVG        TEMPAVG            PRESSURE      GPRESSURE         VOLUME       PRESSAVG      GPRESSAVG

ENERGY:  300000       431.0728      1119.0686      1125.1632        70.9788        -114099.2579      9854.6529         0.0000         0.0000     18514.4249         -82983.8967       300.9864   -101498.3217    -82896.6486       302.0922             98.9690       102.4367    300874.5184       -23.0519       -23.1240

WRITING EXTENDED SYSTEM TO RESTART FILE AT STEP 300000
WRITING COORDINATES TO RESTART FILE AT STEP 300000
FINISHED WRITING RESTART COORDINATES
WRITING VELOCITIES TO RESTART FILE AT STEP 300000
FINISHED WRITING RESTART VELOCITIES
TIMING: 305000  CPU: 358.938, 0.00115201/step  Wall: 375.382, 0.00115732/step, 149.311 ns/days, 0.0626881 hours remaining, 0.000000 MB of memory in use.
PERFORMANCE: 305000  averaging 140.419 ns/day, 0.0012306 sec/step with standard deviation 0.000373891
ENERGY:  305000       434.8177      1165.0865      1142.8961        75.4584        -113852.7168      9714.1799         0.0000         0.0000     18565.4470         -82754.8311       301.8158   -101320.2781    -82890.2769       302.0886           -218.0749      -216.8956    301707.0011       -38.9108       -38.6954

WRITING EXTENDED SYSTEM TO RESTART FILE AT STEP 305000
WRITING COORDINATES TO RESTART FILE AT STEP 305000
FINISHED WRITING RESTART COORDINATES
WRITING VELOCITIES TO RESTART FILE AT STEP 305000
FINISHED WRITING RESTART VELOCITIES
TIMING: 310000  CPU: 364.651, 0.0011426/step  Wall: 381.121, 0.00114779/step, 150.55 ns/days, 0.0605778 hours remaining, 0.000000 MB of memory in use.
PERFORMANCE: 310000  averaging 140.572 ns/day, 0.00122927 sec/step with standard deviation 0.000370963
ENERGY:  310000       431.5989      1156.8782      1100.0209        67.3548        -114220.1198      9861.5016         0.0000         0.0000     18413.3637         -83189.4017       299.3434   -101602.7654    -82918.3014       301.9646             40.2253        36.4630    300395.7483       -32.2667       -32.2239

WRITING EXTENDED SYSTEM TO RESTART FILE AT STEP 310000
WRITING COORDINATES TO RESTART FILE AT STEP 310000
FINISHED WRITING RESTART COORDINATES
WRITING VELOCITIES TO RESTART FILE AT STEP 310000
FINISHED WRITING RESTART VELOCITIES
TIMING: 315000  CPU: 370.376, 0.00114483/step  Wall: 386.87, 0.00114983/step, 150.283 ns/days, 0.0590886 hours remaining, 0.000000 MB of memory in use.
PERFORMANCE: 315000  averaging 140.716 ns/day, 0.001228 sec/step with standard deviation 0.000368095
ENERGY:  315000       430.0981      1105.0303      1131.2768        67.1601        -114195.1583      9788.0405         0.0000         0.0000     18562.5958         -83110.9567       301.7695   -101673.5524    -82938.8854       301.8859           -105.2113      -107.0385    301191.4490       -30.9215       -31.0726

WRITING EXTENDED SYSTEM TO RESTART FILE AT STEP 315000
WRITING COORDINATES TO RESTART FILE AT STEP 315000
FINISHED WRITING RESTART COORDINATES
WRITING VELOCITIES TO RESTART FILE AT STEP 315000
FINISHED WRITING RESTART VELOCITIES
TIMING: 320000  CPU: 376.124, 0.00114966/step  Wall: 392.643, 0.00115454/step, 149.671 ns/days, 0.0577268 hours remaining, 0.000000 MB of memory in use.
PERFORMANCE: 320000  averaging 140.848 ns/day, 0.00122686 sec/step with standard deviation 0.000365277
ENERGY:  320000       438.4637      1149.1817      1091.3868        70.7569        -114363.0401      9838.7194         0.0000         0.0000     18414.7537         -83359.7780       299.3660   -101774.5317    -82972.9805       301.7063            106.0693       103.9537    299900.1818       -17.3923       -17.5188

WRITING EXTENDED SYSTEM TO RESTART FILE AT STEP 320000
WRITING COORDINATES TO RESTART FILE AT STEP 320000
FINISHED WRITING RESTART COORDINATES
WRITING VELOCITIES TO RESTART FILE AT STEP 320000
FINISHED WRITING RESTART VELOCITIES
TIMING: 325000  CPU: 381.839, 0.00114312/step  Wall: 398.383, 0.00114802/step, 150.52 ns/days, 0.0558067 hours remaining, 0.000000 MB of memory in use.
PERFORMANCE: 325000  averaging 140.987 ns/day, 0.00122564 sec/step with standard deviation 0.000362544
ENERGY:  325000       456.7044      1145.6622      1127.7542        75.6704        -113977.7744      9629.6344         0.0000         0.0000     18595.2402         -82947.1086       302.3002   -101542.3488    -82991.3862       301.5919           -151.3657      -155.9124    299446.7036       -28.0463       -28.3875

WRITING EXTENDED SYSTEM TO RESTART FILE AT STEP 325000
WRITING COORDINATES TO RESTART FILE AT STEP 325000
FINISHED WRITING RESTART COORDINATES
WRITING VELOCITIES TO RESTART FILE AT STEP 325000
FINISHED WRITING RESTART VELOCITIES
TIMING: 330000  CPU: 388.489, 0.00132999/step  Wall: 405.06, 0.00133546/step, 129.394 ns/days, 0.0630632 hours remaining, 0.000000 MB of memory in use.
PERFORMANCE: 330000  averaging 140.796 ns/day, 0.00122731 sec/step with standard deviation 0.000359998
ENERGY:  330000       430.2815      1169.2944      1108.4417        72.4113        -114184.7457      9850.5891         0.0000         0.0000     18611.5878         -82942.1399       302.5659   -101553.7277    -82980.0318       301.7104            117.1792       118.5217    300557.9005       -20.1275       -20.4282

WRITING EXTENDED SYSTEM TO RESTART FILE AT STEP 330000
WRITING COORDINATES TO RESTART FILE AT STEP 330000
FINISHED WRITING RESTART COORDINATES
WRITING VELOCITIES TO RESTART FILE AT STEP 330000
FINISHED WRITING RESTART VELOCITIES
TIMING: 335000  CPU: 394.254, 0.00115293/step  Wall: 410.851, 0.00115804/step, 149.218 ns/days, 0.0530766 hours remaining, 0.000000 MB of memory in use.
PERFORMANCE: 335000  averaging 140.915 ns/day, 0.00122627 sec/step with standard deviation 0.000357361
ENERGY:  335000       437.9131      1116.2170      1136.6824        80.8163        -114265.0248      9911.2429         0.0000         0.0000     18644.6149         -82937.5382       303.1028   -101582.1532    -82994.0552       301.6880             47.6175        46.9165    300528.2165       -38.8949       -39.4878

WRITING EXTENDED SYSTEM TO RESTART FILE AT STEP 335000
WRITING COORDINATES TO RESTART FILE AT STEP 335000
FINISHED WRITING RESTART COORDINATES
WRITING VELOCITIES TO RESTART FILE AT STEP 335000
FINISHED WRITING RESTART VELOCITIES
TIMING: 340000  CPU: 399.997, 0.00114855/step  Wall: 416.639, 0.00115771/step, 149.26 ns/days, 0.0514538 hours remaining, 0.000000 MB of memory in use.
PERFORMANCE: 340000  averaging 141.031 ns/day, 0.00122527 sec/step with standard deviation 0.000354782
ENERGY:  340000       445.0742      1123.8342      1104.9569        65.7401        -113892.3556      9653.3289         0.0000         0.0000     18754.6016         -82744.8195       304.8909   -101499.4212    -82974.4524       301.9219              2.1013        -1.0497    300508.9334       -23.4217       -24.2239

WRITING EXTENDED SYSTEM TO RESTART FILE AT STEP 340000
WRITING COORDINATES TO RESTART FILE AT STEP 340000
FINISHED WRITING RESTART COORDINATES
WRITING VELOCITIES TO RESTART FILE AT STEP 340000
FINISHED WRITING RESTART VELOCITIES
TIMING: 345000  CPU: 410.331, 0.00206678/step  Wall: 436.757, 0.00402366/step, 42.946 ns/days, 0.173241 hours remaining, 0.000000 MB of memory in use.
PERFORMANCE: 345000  averaging 136.512 ns/day, 0.00126582 sec/step with standard deviation 0.000487352
ENERGY:  345000       435.2974      1147.0911      1130.5446        70.7093        -114390.9242      9940.2370         0.0000         0.0000     18466.3081         -83200.7368       300.2041   -101667.0449    -82973.4701       301.8213            172.3795       171.4114    300081.5444        -8.6604        -9.4003

WRITING EXTENDED SYSTEM TO RESTART FILE AT STEP 345000
WRITING COORDINATES TO RESTART FILE AT STEP 345000
FINISHED WRITING RESTART COORDINATES
WRITING VELOCITIES TO RESTART FILE AT STEP 345000
FINISHED WRITING RESTART VELOCITIES
TIMING: 350000  CPU: 416.108, 0.00115538/step  Wall: 442.564, 0.00116123/step, 148.808 ns/days, 0.0483846 hours remaining, 0.000000 MB of memory in use.
PERFORMANCE: 350000  averaging 136.673 ns/day, 0.00126433 sec/step with standard deviation 0.000483969
ETITLE:      TS           BOND          ANGLE          DIHED          IMPRP               ELECT            VDW       BOUNDARY           MISC        KINETIC               TOTAL           TEMP      POTENTIAL       TOTALAVG        TEMPAVG            PRESSURE      GPRESSURE         VOLUME       PRESSAVG      GPRESSAVG

ENERGY:  350000       427.5024      1118.8812      1121.9969        74.1102        -114292.3804      9852.8174         0.0000         0.0000     18698.7826         -82998.2899       303.9834   -101697.0724    -82978.5350       301.8676            -92.9244       -89.6198    299178.9718       -13.0373       -13.6426

WRITING EXTENDED SYSTEM TO RESTART FILE AT STEP 350000
WRITING COORDINATES TO RESTART FILE AT STEP 350000
FINISHED WRITING RESTART COORDINATES
WRITING VELOCITIES TO RESTART FILE AT STEP 350000
FINISHED WRITING RESTART VELOCITIES
TIMING: 355000  CPU: 421.876, 0.00115376/step  Wall: 448.369, 0.00116109/step, 148.826 ns/days, 0.0467661 hours remaining, 0.000000 MB of memory in use.
PERFORMANCE: 355000  averaging 136.831 ns/day, 0.00126287 sec/step with standard deviation 0.000480656
ENERGY:  355000       451.1932      1079.4987      1127.2723        59.7250        -113832.9737      9804.3150         0.0000         0.0000     18546.5045         -82764.4650       301.5079   -101310.9695    -82981.0338       301.6460             86.6161        88.1025    301058.0976       -12.5718       -12.9498

WRITING EXTENDED SYSTEM TO RESTART FILE AT STEP 355000
WRITING COORDINATES TO RESTART FILE AT STEP 355000
FINISHED WRITING RESTART COORDINATES
WRITING VELOCITIES TO RESTART FILE AT STEP 355000
FINISHED WRITING RESTART VELOCITIES
TIMING: 360000  CPU: 427.612, 0.00114707/step  Wall: 454.139, 0.00115407/step, 149.731 ns/days, 0.0448804 hours remaining, 0.000000 MB of memory in use.
PERFORMANCE: 360000  averaging 136.995 ns/day, 0.00126136 sec/step with standard deviation 0.000477431
ENERGY:  360000       427.0720      1112.1416      1113.8785        75.1440        -114087.0375      9821.7660         0.0000         0.0000     18561.8975         -82975.1379       301.7581   -101537.0354    -82974.2169       301.6236            -98.1182       -96.1613    300675.7477        -8.9943        -9.1693

WRITING EXTENDED SYSTEM TO RESTART FILE AT STEP 360000
WRITING COORDINATES TO RESTART FILE AT STEP 360000
FINISHED WRITING RESTART COORDINATES
WRITING VELOCITIES TO RESTART FILE AT STEP 360000
FINISHED WRITING RESTART VELOCITIES
TIMING: 365000  CPU: 433.398, 0.00115724/step  Wall: 459.962, 0.0011646/step, 148.378 ns/days, 0.0436723 hours remaining, 0.000000 MB of memory in use.
PERFORMANCE: 365000  averaging 137.139 ns/day, 0.00126004 sec/step with standard deviation 0.000474239
ENERGY:  365000       445.2250      1152.9626      1124.8599        80.2206        -114237.0868      9958.9655         0.0000         0.0000     18759.8642         -82714.9889       304.9764   -101474.8531    -82972.8514       301.7944            223.2189       221.4538    299951.7605        -7.1990        -7.5723

WRITING EXTENDED SYSTEM TO RESTART FILE AT STEP 365000
WRITING COORDINATES TO RESTART FILE AT STEP 365000
FINISHED WRITING RESTART COORDINATES
WRITING VELOCITIES TO RESTART FILE AT STEP 365000
FINISHED WRITING RESTART VELOCITIES
TIMING: 370000  CPU: 439.132, 0.00114674/step  Wall: 465.73, 0.00115362/step, 149.79 ns/days, 0.0416583 hours remaining, 0.000000 MB of memory in use.
PERFORMANCE: 370000  averaging 137.296 ns/day, 0.0012586 sec/step with standard deviation 0.000471142
ENERGY:  370000       421.7785      1171.0966      1130.4852        77.7094        -114215.0511      9967.5660         0.0000         0.0000     18552.2335         -82894.1819       301.6010   -101446.4154    -82959.2158       301.9164            147.7070       141.2015    300629.7568         9.0259         8.3101

WRITING EXTENDED SYSTEM TO RESTART FILE AT STEP 370000
WRITING COORDINATES TO RESTART FILE AT STEP 370000
FINISHED WRITING RESTART COORDINATES
WRITING VELOCITIES TO RESTART FILE AT STEP 370000
FINISHED WRITING RESTART VELOCITIES
TIMING: 375000  CPU: 444.875, 0.00114873/step  Wall: 471.509, 0.00115561/step, 149.531 ns/days, 0.0401254 hours remaining, 0.000000 MB of memory in use.
PERFORMANCE: 375000  averaging 137.446 ns/day, 0.00125723 sec/step with standard deviation 0.000468099
ENERGY:  375000       440.2062      1119.6190      1142.4737        80.3591        -114025.9606      9660.9676         0.0000         0.0000     18671.6069         -82910.7282       303.5416   -101582.3351    -82963.9081       301.9405            -96.1622       -96.7444    299623.7919        -0.3547        -1.1085

WRITING EXTENDED SYSTEM TO RESTART FILE AT STEP 375000
WRITING COORDINATES TO RESTART FILE AT STEP 375000
FINISHED WRITING RESTART COORDINATES
WRITING VELOCITIES TO RESTART FILE AT STEP 375000
FINISHED WRITING RESTART VELOCITIES
TIMING: 380000  CPU: 450.992, 0.00122337/step  Wall: 477.653, 0.00122894/step, 140.609 ns/days, 0.0409646 hours remaining, 0.000000 MB of memory in use.
PERFORMANCE: 380000  averaging 137.486 ns/day, 0.00125685 sec/step with standard deviation 0.000464979
ENERGY:  380000       411.8096      1102.5612      1129.9140        76.7664        -114423.9261      9860.0838         0.0000         0.0000     18585.7376         -83257.0534       302.1457   -101842.7911    -82973.1516       302.0477            239.8216       239.3008    298636.2146        23.7204        23.1857

WRITING EXTENDED SYSTEM TO RESTART FILE AT STEP 380000
WRITING COORDINATES TO RESTART FILE AT STEP 380000
FINISHED WRITING RESTART COORDINATES
WRITING VELOCITIES TO RESTART FILE AT STEP 380000
FINISHED WRITING RESTART VELOCITIES
TIMING: 385000  CPU: 463.006, 0.00240282/step  Wall: 489.721, 0.00241364/step, 71.5932 ns/days, 0.0771023 hours remaining, 0.000000 MB of memory in use.
PERFORMANCE: 385000  averaging 135.862 ns/day, 0.00127188 sec/step with standard deviation 0.000480353
ENERGY:  385000       451.3629      1160.6218      1140.0949        75.5222        -113724.3383      9550.3285         0.0000         0.0000     18596.2441         -82750.1638       302.3165   -101346.4079    -82960.9191       302.0813           -432.2219      -432.1450    302415.9893         2.9852         2.1115

WRITING EXTENDED SYSTEM TO RESTART FILE AT STEP 385000
WRITING COORDINATES TO RESTART FILE AT STEP 385000
FINISHED WRITING RESTART COORDINATES
WRITING VELOCITIES TO RESTART FILE AT STEP 385000
FINISHED WRITING RESTART VELOCITIES
TIMING: 390000  CPU: 468.756, 0.00115005/step  Wall: 495.499, 0.00115543/step, 149.555 ns/days, 0.0353048 hours remaining, 0.000000 MB of memory in use.
PERFORMANCE: 390000  averaging 136.022 ns/day, 0.00127038 sec/step with standard deviation 0.000477406
ENERGY:  390000       439.2629      1130.4124      1111.3372        67.2865        -113771.4511      9598.7773         0.0000         0.0000     18638.0365         -82786.3384       302.9959   -101424.3749    -82949.6575       302.1927            -59.6048       -61.8108    301039.7684         5.0050         4.0215

WRITING EXTENDED SYSTEM TO RESTART FILE AT STEP 390000
WRITING COORDINATES TO RESTART FILE AT STEP 390000
FINISHED WRITING RESTART COORDINATES
WRITING VELOCITIES TO RESTART FILE AT STEP 390000
FINISHED WRITING RESTART VELOCITIES
TIMING: 395000  CPU: 474.527, 0.00115404/step  Wall: 501.303, 0.0011608/step, 148.863 ns/days, 0.0338566 hours remaining, 0.000000 MB of memory in use.
PERFORMANCE: 395000  averaging 136.171 ns/day, 0.001269 sec/step with standard deviation 0.000474496
ENERGY:  395000       423.7169      1132.2397      1125.6235        69.3575        -114121.7395      9889.4726         0.0000         0.0000     18652.9821         -82828.3472       303.2389   -101481.3292    -82952.5451       302.2205            -21.1121       -20.2371    302005.4780         0.3555        -0.3926

WRITING EXTENDED SYSTEM TO RESTART FILE AT STEP 395000
WRITING COORDINATES TO RESTART FILE AT STEP 395000
FINISHED WRITING RESTART COORDINATES
WRITING VELOCITIES TO RESTART FILE AT STEP 395000
FINISHED WRITING RESTART VELOCITIES
TIMING: 400000  CPU: 480.447, 0.00118399/step  Wall: 507.266, 0.00119273/step, 144.877 ns/days, 0.0331315 hours remaining, 0.000000 MB of memory in use.
PERFORMANCE: 400000  averaging 136.273 ns/day, 0.00126804 sec/step with standard deviation 0.000471561
ETITLE:      TS           BOND          ANGLE          DIHED          IMPRP               ELECT            VDW       BOUNDARY           MISC        KINETIC               TOTAL           TEMP      POTENTIAL       TOTALAVG        TEMPAVG            PRESSURE      GPRESSURE         VOLUME       PRESSAVG      GPRESSAVG

ENERGY:  400000       449.0811      1115.2403      1125.7923        62.2823        -114227.2664     10076.2608         0.0000         0.0000     18651.2807         -82747.3289       303.2112   -101398.6097    -82940.7167       302.3318            252.9945       250.9186    301071.3192         8.0567         7.0315

WRITING EXTENDED SYSTEM TO RESTART FILE AT STEP 400000
WRITING COORDINATES TO RESTART FILE AT STEP 400000
FINISHED WRITING RESTART COORDINATES
WRITING VELOCITIES TO RESTART FILE AT STEP 400000
FINISHED WRITING RESTART VELOCITIES
TIMING: 405000  CPU: 486.175, 0.00114568/step  Wall: 513.03, 0.00115268/step, 149.912 ns/days, 0.0304178 hours remaining, 0.000000 MB of memory in use.
PERFORMANCE: 405000  averaging 136.426 ns/day, 0.00126662 sec/step with standard deviation 0.000468779
ENERGY:  405000       453.9413      1086.6893      1132.2777        69.8147        -114053.5826      9895.3358         0.0000         0.0000     18390.8926         -83024.6312       298.9781   -101415.5238    -82954.2067       302.1899            110.8597       110.5044    300181.1005        24.5035        23.4015

WRITING EXTENDED SYSTEM TO RESTART FILE AT STEP 405000
WRITING COORDINATES TO RESTART FILE AT STEP 405000
FINISHED WRITING RESTART COORDINATES
WRITING VELOCITIES TO RESTART FILE AT STEP 405000
FINISHED WRITING RESTART VELOCITIES
TIMING: 410000  CPU: 491.967, 0.0011585/step  Wall: 518.857, 0.0011655/step, 148.263 ns/days, 0.0291375 hours remaining, 0.000000 MB of memory in use.
PERFORMANCE: 410000  averaging 136.559 ns/day, 0.00126539 sec/step with standard deviation 0.00046601
ENERGY:  410000       416.3416      1077.1565      1128.1916        74.5836        -114150.8265      9911.9762         0.0000         0.0000     18726.5893         -82815.9877       304.4355   -101542.5770    -82935.5360       302.4445            160.1645       160.4578    301068.5925        30.5004        29.6012

WRITING EXTENDED SYSTEM TO RESTART FILE AT STEP 410000
WRITING COORDINATES TO RESTART FILE AT STEP 410000
FINISHED WRITING RESTART COORDINATES
WRITING VELOCITIES TO RESTART FILE AT STEP 410000
FINISHED WRITING RESTART VELOCITIES
TIMING: 415000  CPU: 497.944, 0.00119537/step  Wall: 524.869, 0.00120246/step, 143.706 ns/days, 0.0283914 hours remaining, 0.000000 MB of memory in use.
PERFORMANCE: 415000  averaging 136.641 ns/day, 0.00126463 sec/step with standard deviation 0.000463212
ENERGY:  415000       414.5783      1169.0325      1120.4731        73.1414        -113913.8400      9746.4337         0.0000         0.0000     18596.9617         -82793.2193       302.3282   -101390.1810    -82919.6491       302.4724           -138.0006      -139.2166    301863.3794        28.8610        27.9923

WRITING EXTENDED SYSTEM TO RESTART FILE AT STEP 415000
WRITING COORDINATES TO RESTART FILE AT STEP 415000
FINISHED WRITING RESTART COORDINATES
WRITING VELOCITIES TO RESTART FILE AT STEP 415000
FINISHED WRITING RESTART VELOCITIES
TIMING: 420000  CPU: 503.667, 0.00114455/step  Wall: 530.627, 0.00115144/step, 150.074 ns/days, 0.0255875 hours remaining, 0.000000 MB of memory in use.
PERFORMANCE: 420000  averaging 136.787 ns/day, 0.00126328 sec/step with standard deviation 0.000460578
ENERGY:  420000       399.1346      1128.2775      1141.4977        69.7605        -114644.7004      9973.6133         0.0000         0.0000     18524.0658         -83408.3510       301.1431   -101932.4168    -82922.0778       302.5613            276.5011       279.6808    298897.8425        37.3826        36.7786

WRITING EXTENDED SYSTEM TO RESTART FILE AT STEP 420000
WRITING COORDINATES TO RESTART FILE AT STEP 420000
FINISHED WRITING RESTART COORDINATES
WRITING VELOCITIES TO RESTART FILE AT STEP 420000
FINISHED WRITING RESTART VELOCITIES
TIMING: 425000  CPU: 509.448, 0.00115627/step  Wall: 536.435, 0.0011617/step, 148.747 ns/days, 0.0242022 hours remaining, 0.000000 MB of memory in use.
PERFORMANCE: 425000  averaging 136.916 ns/day, 0.00126208 sec/step with standard deviation 0.000457961
ENERGY:  425000       441.8903      1119.1039      1132.6348        59.8488        -114072.5002      9708.0253         0.0000         0.0000     18573.3169         -83037.6801       301.9438   -101610.9970    -82926.6064       302.5435           -144.3243      -147.8491    301529.9896        37.7346        37.1818

WRITING EXTENDED SYSTEM TO RESTART FILE AT STEP 425000
WRITING COORDINATES TO RESTART FILE AT STEP 425000
FINISHED WRITING RESTART COORDINATES
WRITING VELOCITIES TO RESTART FILE AT STEP 425000
FINISHED WRITING RESTART VELOCITIES
TIMING: 430000  CPU: 515.218, 0.00115401/step  Wall: 542.241, 0.00116128/step, 148.801 ns/days, 0.0225804 hours remaining, 0.000000 MB of memory in use.
PERFORMANCE: 430000  averaging 137.044 ns/day, 0.00126091 sec/step with standard deviation 0.000455389
ENERGY:  430000       415.2132      1113.6670      1114.9688        67.0429        -114078.1281      9718.9616         0.0000         0.0000     18630.7714         -83017.5031       302.8778   -101648.2745    -82930.3745       302.5590            -84.6634       -80.3721    301177.6567        27.6425        27.2371

WRITING EXTENDED SYSTEM TO RESTART FILE AT STEP 430000
WRITING COORDINATES TO RESTART FILE AT STEP 430000
FINISHED WRITING RESTART COORDINATES
WRITING VELOCITIES TO RESTART FILE AT STEP 430000
FINISHED WRITING RESTART VELOCITIES
TIMING: 435000  CPU: 521.328, 0.00122193/step  Wall: 548.387, 0.00122907/step, 140.595 ns/days, 0.0221915 hours remaining, 0.000000 MB of memory in use.
PERFORMANCE: 435000  averaging 137.083 ns/day, 0.00126055 sec/step with standard deviation 0.000452747
ENERGY:  435000       432.3036      1118.5916      1131.2653        71.8471        -114052.8253      9632.2343         0.0000         0.0000     18701.2730         -82965.3102       304.0239   -101666.5833    -82931.7631       302.6051           -171.6902      -167.7909    300855.5912        16.6771        16.5018

WRITING EXTENDED SYSTEM TO RESTART FILE AT STEP 435000
WRITING COORDINATES TO RESTART FILE AT STEP 435000
FINISHED WRITING RESTART COORDINATES
WRITING VELOCITIES TO RESTART FILE AT STEP 435000
FINISHED WRITING RESTART VELOCITIES
TIMING: 440000  CPU: 527.482, 0.00123072/step  Wall: 554.576, 0.00123781/step, 139.602 ns/days, 0.0206301 hours remaining, 0.000000 MB of memory in use.
PERFORMANCE: 440000  averaging 137.111 ns/day, 0.00126029 sec/step with standard deviation 0.000450144
ENERGY:  440000       416.7352      1109.8558      1141.5691        69.8740        -114044.4118      9888.1799         0.0000         0.0000     18590.5472         -82827.6506       302.2239   -101418.1978    -82935.9047       302.4718            207.6538       207.7885    300161.1656        26.9547        26.9437

WRITING EXTENDED SYSTEM TO RESTART FILE AT STEP 440000
WRITING COORDINATES TO RESTART FILE AT STEP 440000
FINISHED WRITING RESTART COORDINATES
WRITING VELOCITIES TO RESTART FILE AT STEP 440000
FINISHED WRITING RESTART VELOCITIES
TIMING: 445000  CPU: 533.234, 0.00115036/step  Wall: 560.355, 0.00115579/step, 149.508 ns/days, 0.017658 hours remaining, 0.000000 MB of memory in use.
PERFORMANCE: 445000  averaging 137.239 ns/day, 0.00125911 sec/step with standard deviation 0.000447716
ENERGY:  445000       457.4881      1159.8052      1129.2944        72.0388        -113913.4663      9619.9856         0.0000         0.0000     18346.5460         -83128.3082       298.2572   -101474.8542    -82932.2833       302.3744           -156.9812      -162.3683    300660.9004        10.4867        10.2547

WRITING EXTENDED SYSTEM TO RESTART FILE AT STEP 445000
WRITING COORDINATES TO RESTART FILE AT STEP 445000
FINISHED WRITING RESTART COORDINATES
WRITING VELOCITIES TO RESTART FILE AT STEP 445000
FINISHED WRITING RESTART VELOCITIES
TIMING: 450000  CPU: 538.955, 0.00114425/step  Wall: 566.111, 0.00115133/step, 150.087 ns/days, 0.0159907 hours remaining, 0.000000 MB of memory in use.
PERFORMANCE: 450000  averaging 137.37 ns/day, 0.00125792 sec/step with standard deviation 0.000445338
ETITLE:      TS           BOND          ANGLE          DIHED          IMPRP               ELECT            VDW       BOUNDARY           MISC        KINETIC               TOTAL           TEMP      POTENTIAL       TOTALAVG        TEMPAVG            PRESSURE      GPRESSURE         VOLUME       PRESSAVG      GPRESSAVG

ENERGY:  450000       438.8735      1140.7266      1133.5400        64.3906        -113928.5640      9727.0870         0.0000         0.0000     18546.7544         -82877.1918       301.5119   -101423.9463    -82926.2284       302.2508             61.9299        61.0112    300071.8895        18.2294        17.7862

WRITING EXTENDED SYSTEM TO RESTART FILE AT STEP 450000
WRITING COORDINATES TO RESTART FILE AT STEP 450000
FINISHED WRITING RESTART COORDINATES
WRITING VELOCITIES TO RESTART FILE AT STEP 450000
FINISHED WRITING RESTART VELOCITIES
TIMING: 455000  CPU: 544.727, 0.00115445/step  Wall: 571.919, 0.00116149/step, 148.775 ns/days, 0.0145186 hours remaining, 0.000000 MB of memory in use.
PERFORMANCE: 455000  averaging 137.486 ns/day, 0.00125686 sec/step with standard deviation 0.000442973
ENERGY:  455000       420.9090      1118.0370      1125.2927        66.6925        -113896.1088      9684.2290         0.0000         0.0000     18499.0794         -82981.8691       300.7369   -101480.9485    -82937.0986       302.2123           -149.3170      -143.1368    301438.7127         6.4327         6.2243

WRITING EXTENDED SYSTEM TO RESTART FILE AT STEP 455000
WRITING COORDINATES TO RESTART FILE AT STEP 455000
FINISHED WRITING RESTART COORDINATES
WRITING VELOCITIES TO RESTART FILE AT STEP 455000
FINISHED WRITING RESTART VELOCITIES
TIMING: 460000  CPU: 550.492, 0.00115293/step  Wall: 577.711, 0.00115835/step, 149.178 ns/days, 0.0128706 hours remaining, 0.000000 MB of memory in use.
PERFORMANCE: 460000  averaging 137.603 ns/day, 0.00125579 sec/step with standard deviation 0.000440652
ENERGY:  460000       485.8710      1175.1361      1138.3505        70.7213        -114239.3932      9877.0796         0.0000         0.0000     18645.5329         -82846.7017       303.1178   -101492.2346    -82930.6768       302.2803              4.8377         3.7370    300100.1098        11.5805        11.2192

WRITING EXTENDED SYSTEM TO RESTART FILE AT STEP 460000
WRITING COORDINATES TO RESTART FILE AT STEP 460000
FINISHED WRITING RESTART COORDINATES
WRITING VELOCITIES TO RESTART FILE AT STEP 460000
FINISHED WRITING RESTART VELOCITIES
TIMING: 465000  CPU: 556.228, 0.00114733/step  Wall: 583.481, 0.00115413/step, 149.723 ns/days, 0.0112207 hours remaining, 0.000000 MB of memory in use.
PERFORMANCE: 465000  averaging 137.723 ns/day, 0.00125469 sec/step with standard deviation 0.000438377
ENERGY:  465000       420.7814      1177.9386      1127.6981        71.9027        -114053.3977      9780.1615         0.0000         0.0000     18479.6785         -82995.2369       300.4215   -101474.9154    -82944.6891       302.0525             81.8751        78.7352    301802.7915         4.5134         4.0832

WRITING EXTENDED SYSTEM TO RESTART FILE AT STEP 465000
WRITING COORDINATES TO RESTART FILE AT STEP 465000
FINISHED WRITING RESTART COORDINATES
WRITING VELOCITIES TO RESTART FILE AT STEP 465000
FINISHED WRITING RESTART VELOCITIES
TIMING: 470000  CPU: 561.971, 0.00114845/step  Wall: 589.257, 0.0011552/step, 149.584 ns/days, 0.00962667 hours remaining, 0.000000 MB of memory in use.
PERFORMANCE: 470000  averaging 137.839 ns/day, 0.00125363 sec/step with standard deviation 0.000436135
ENERGY:  470000       421.4625      1148.0743      1128.0914        64.6414        -113920.9718      9602.4014         0.0000         0.0000     18449.6475         -83106.6533       299.9333   -101556.3008    -82955.3127       301.9691            -59.0796       -58.8635    300208.6902        -5.8260        -5.9200

WRITING EXTENDED SYSTEM TO RESTART FILE AT STEP 470000
WRITING COORDINATES TO RESTART FILE AT STEP 470000
FINISHED WRITING RESTART COORDINATES
WRITING VELOCITIES TO RESTART FILE AT STEP 470000
FINISHED WRITING RESTART VELOCITIES
TIMING: 475000  CPU: 567.723, 0.00115053/step  Wall: 595.045, 0.00115761/step, 149.273 ns/days, 0.00803898 hours remaining, 0.000000 MB of memory in use.
PERFORMANCE: 475000  averaging 137.95 ns/day, 0.00125262 sec/step with standard deviation 0.00043392
ENERGY:  475000       405.2482      1117.6928      1117.4273        82.5027        -114032.8170      9797.3603         0.0000         0.0000     18609.0522         -82903.5335       302.5247   -101512.5857    -82954.9530       301.9183             98.2582        97.6165    301769.3398         3.8950         3.7980

WRITING EXTENDED SYSTEM TO RESTART FILE AT STEP 475000
WRITING COORDINATES TO RESTART FILE AT STEP 475000
FINISHED WRITING RESTART COORDINATES
WRITING VELOCITIES TO RESTART FILE AT STEP 475000
FINISHED WRITING RESTART VELOCITIES
TIMING: 480000  CPU: 573.708, 0.00119692/step  Wall: 601.066, 0.00120411/step, 143.508 ns/days, 0.0066895 hours remaining, 0.000000 MB of memory in use.
PERFORMANCE: 480000  averaging 138.006 ns/day, 0.00125212 sec/step with standard deviation 0.000431659
ENERGY:  480000       425.2911      1138.9857      1121.6958        67.0309        -114251.8873      9915.1398         0.0000         0.0000     18435.6285         -83148.1154       299.7054   -101583.7440    -82949.5061       301.7963            327.1462       327.2581    300470.4942         8.2613         8.1959

WRITING EXTENDED SYSTEM TO RESTART FILE AT STEP 480000
WRITING COORDINATES TO RESTART FILE AT STEP 480000
FINISHED WRITING RESTART COORDINATES
WRITING VELOCITIES TO RESTART FILE AT STEP 480000
FINISHED WRITING RESTART VELOCITIES
TIMING: 485000  CPU: 579.459, 0.00115024/step  Wall: 606.853, 0.00115741/step, 149.299 ns/days, 0.00482252 hours remaining, 0.000000 MB of memory in use.
PERFORMANCE: 485000  averaging 138.114 ns/day, 0.00125114 sec/step with standard deviation 0.000429513
ENERGY:  485000       469.0668      1114.5787      1098.1976        71.5078        -113421.1087      9523.3270         0.0000         0.0000     18551.8867         -82592.5441       301.5954   -101144.4307    -82941.6251       301.7602           -343.8981      -343.4720    301800.1662        12.6775        12.6296

WRITING EXTENDED SYSTEM TO RESTART FILE AT STEP 485000
WRITING COORDINATES TO RESTART FILE AT STEP 485000
FINISHED WRITING RESTART COORDINATES
WRITING VELOCITIES TO RESTART FILE AT STEP 485000
FINISHED WRITING RESTART VELOCITIES
TIMING: 490000  CPU: 585.296, 0.00116734/step  Wall: 612.739, 0.00117711/step, 146.8 ns/days, 0.00326975 hours remaining, 0.000000 MB of memory in use.
PERFORMANCE: 490000  averaging 138.197 ns/day, 0.00125039 sec/step with standard deviation 0.000427358
ENERGY:  490000       428.0628      1148.9479      1123.5903        81.3388        -113838.5253      9718.3214         0.0000         0.0000     18513.7246         -82824.5395       300.9750   -101338.2641    -82943.5351       301.6592            -22.9024       -30.6885    300465.8542        14.5126        14.1857

WRITING EXTENDED SYSTEM TO RESTART FILE AT STEP 490000
WRITING COORDINATES TO RESTART FILE AT STEP 490000
FINISHED WRITING RESTART COORDINATES
WRITING VELOCITIES TO RESTART FILE AT STEP 490000
FINISHED WRITING RESTART VELOCITIES
TIMING: 495000  CPU: 591.033, 0.00114744/step  Wall: 618.513, 0.00115498/step, 149.613 ns/days, 0.00160414 hours remaining, 0.000000 MB of memory in use.
PERFORMANCE: 495000  averaging 138.304 ns/day, 0.00124942 sec/step with standard deviation 0.00042528
ENERGY:  495000       436.8039      1115.3715      1115.7444        73.5471        -114059.9300      9670.9971         0.0000         0.0000     18691.2299         -82956.2362       303.8607   -101647.4660    -82949.9296       301.6903           -179.5150      -182.9731    300683.2641         6.5924         6.0489

WRITING EXTENDED SYSTEM TO RESTART FILE AT STEP 495000
WRITING COORDINATES TO RESTART FILE AT STEP 495000
FINISHED WRITING RESTART COORDINATES
WRITING VELOCITIES TO RESTART FILE AT STEP 495000
FINISHED WRITING RESTART VELOCITIES
TIMING: 500000  CPU: 596.804, 0.00115415/step  Wall: 624.312, 0.00115966/step, 149.009 ns/days, 0 hours remaining, 0.000000 MB of memory in use.
PERFORMANCE: 500000  averaging 138.403 ns/day, 0.00124853 sec/step with standard deviation 0.000423222
ETITLE:      TS           BOND          ANGLE          DIHED          IMPRP               ELECT            VDW       BOUNDARY           MISC        KINETIC               TOTAL           TEMP      POTENTIAL       TOTALAVG        TEMPAVG            PRESSURE      GPRESSURE         VOLUME       PRESSAVG      GPRESSAVG

ENERGY:  500000       428.6428      1110.7774      1107.2058        63.5233        -113945.7969      9867.4101         0.0000         0.0000     18679.9890         -82688.2485       303.6779   -101368.2375    -82946.9756       301.7136            206.1584       209.4741    300852.1975         4.2506         3.9766

WRITING EXTENDED SYSTEM TO RESTART FILE AT STEP 500000
WRITING COORDINATES TO RESTART FILE AT STEP 500000
FINISHED WRITING RESTART COORDINATES
WRITING VELOCITIES TO RESTART FILE AT STEP 500000
FINISHED WRITING RESTART VELOCITIES
WRITING EXTENDED SYSTEM TO OUTPUT FILE AT STEP 500000
WRITING COORDINATES TO OUTPUT FILE AT STEP 500000
WRITING VELOCITIES TO OUTPUT FILE AT STEP 500000
====================================================

WallClock: 625.489685  CPUTime: 620.501587  Memory: 0.000000 MB
[Partition 0][Node 0] End of program
