Charm++: standalone mode (not using charmrun)
Charm++> Running in Multicore mode: 12 threads (PEs)
Charm++> Using recursive bisection (scheme 3) for topology aware partitions
Converse/Charm++ Commit ID: v80000
CharmLB> Load balancer assumes all CPUs are same.
Charm++> Running on 1 hosts (2 sockets x 24 cores x 1 PUs = 48-way SMP)
Charm++> cpu topology info is gathered in 0.001 seconds.
Info: Built with CUDA version 11080
Pe 0 physical rank 0 will use CUDA device of pe 8
Pe 6 physical rank 6 will use CUDA device of pe 8
Pe 10 physical rank 10 will use CUDA device of pe 8
Pe 8 physical rank 8 binding to CUDA device 0 on sg012: 'NVIDIA A100-SXM4-80GB'  Mem: 81155MB  Rev: 8.0  PCI: 0:1:0
Pe 5 physical rank 5 will use CUDA device of pe 8
Pe 9 physical rank 9 will use CUDA device of pe 8
Pe 3 physical rank 3 will use CUDA device of pe 8
Pe 7 physical rank 7 will use CUDA device of pe 8
Pe 1 physical rank 1 will use CUDA device of pe 8
Pe 2 physical rank 2 will use CUDA device of pe 8
Pe 11 physical rank 11 will use CUDA device of pe 8
Pe 4 physical rank 4 will use CUDA device of pe 8
CharmLB> Load balancing instrumentation for communication is off.
Info: NAMD 3.1alpha2 for Linux-x86_64-multicore-CUDA
Info: 
Info: Please visit http://www.ks.uiuc.edu/Research/namd/
Info: for updates, documentation, and support information.
Info: 
Info: Please cite Phillips et al., J. Chem. Phys. 153:044130 (2020) doi:10.1063/5.0014475
Info: in all publications reporting results obtained with NAMD.
Info: 
Info: Based on Charm++/Converse 80000 for multicore-linux-x86_64
Info: Built Wed Feb 26 02:26:55 MST 2025 by athiru12 on sg005
Info: 1 NAMD  3.1alpha2  Linux-x86_64-multicore-CUDA  12    sg012  athiru12
Info: Running on 12 processors, 1 nodes, 1 physical nodes.
Info: CPU topology information available.
Info: Charm++/Converse parallel runtime startup completed at 0.784549 s
CkLoopLib is used in SMP with simple dynamic scheduling (converse-level notification)
Info: 0 MB of memory in use based on /proc/self/stat
Info: Configuration file is input/step5_vanilla_12_run.inp
Info: Changed directory to input
TCL: Suspending until startup complete.
Warning: Option "1-4scaling" has been deprecated. Instead use "oneFourScaling".
Warning: Option "CUDASOAintegrate" has been deprecated. Instead use "GPUresident".
Info: EXTENDED SYSTEM FILE   ../output/step4_equilibration.xsc
Info: Tuning parameters to improve GPU-resident performance
Info: Setting margin to 4
Warning: The Langevin gamma parameters differ over the particles,
Warning: requiring extra work per step to constrain rigid bonds.
Info: Enabling PMEOffload because PMEInterpOrder > 4.
Info: Running with GPU-resident mode
Warning: Always using force tables for GPU nonbonded kernel due to unsupported config parameters.
Info: SIMULATION PARAMETERS:
Info: TIMESTEP               2
Info: NUMBER OF STEPS        500000
Info: STEPS PER CYCLE        20
Info: PERIODIC CELL BASIS 1  69 0 0
Info: PERIODIC CELL BASIS 2  0 69 0
Info: PERIODIC CELL BASIS 3  0 0 69
Info: PERIODIC CELL CENTER   0 0 0
Info: WRAPPING WATERS AROUND PERIODIC BOUNDARIES ON OUTPUT.
Info: WRAPPING ALL CLUSTERS AROUND PERIODIC BOUNDARIES ON OUTPUT.
Info: LOAD BALANCER  Centralized
Info: LOAD BALANCING STRATEGY  New Load Balancers -- DEFAULT
Info: LDB PERIOD             4000 steps
Info: FIRST LDB TIMESTEP     100
Info: LAST LDB TIMESTEP     -1
Info: LDB BACKGROUND SCALING 1
Info: HOM BACKGROUND SCALING 1
Info: PME BACKGROUND SCALING 1
Info: MIN ATOMS PER PATCH    40
Info: EMPTY PATCH LOAD       40 ATOMS
Info: VELOCITY FILE          ../output/step4_equilibration.vel
Info: CENTER OF MASS MOVING INITIALLY? NO
Info: DIELECTRIC             1
Info: EXCLUDE                SCALED ONE-FOUR
Info: 1-4 ELECTROSTATICS SCALED BY 1
Info: MODIFIED 1-4 VDW PARAMETERS WILL BE USED
Info: NO DCD TRAJECTORY OUTPUT
Info: NO EXTENDED SYSTEM TRAJECTORY OUTPUT
Info: NO VELOCITY DCD OUTPUT
Info: NO FORCE DCD OUTPUT
Info: OUTPUT FILENAME        ../output/run-1/step5_vanilla_12_1
Info: BINARY OUTPUT FILES WILL BE USED
Info: RESTART FILENAME       ../output/run-1/step5_vanilla_12_1.restart
Info: RESTART FREQUENCY      5000
Info: BINARY RESTART FILES WILL BE USED
Info: SWITCHING ACTIVE
Info: VDW FORCE SWITCHING ACTIVE
Info: SWITCHING ON           10
Info: SWITCHING OFF          12
Info: PAIRLIST DISTANCE      16
Info: PAIRLIST SHRINK RATE   0.01
Info: PAIRLIST GROW RATE     0.01
Info: PAIRLIST TRIGGER       0.3
Info: PAIRLISTS PER CYCLE    2
Info: PAIRLISTS ENABLED
Info: MARGIN                 4
Info: HYDROGEN GROUP CUTOFF  2.5
Info: PATCH DIMENSION        22.5
Info: ENERGY OUTPUT STEPS    5000
Info: ENERGY EVALUATION STEPS    5000
Info: OUTPUT ENERGY PRECISION 4
Info: CROSSTERM ENERGY INCLUDED IN DIHEDRAL
Info: TIMING OUTPUT STEPS    5000
Info: LANGEVIN DYNAMICS ACTIVE
Info: LANGEVIN TEMPERATURE   303.15
Info: LANGEVIN USING BBK INTEGRATOR
Info: LANGEVIN DAMPING COEFFICIENT IS 1 INVERSE PS
Info: LANGEVIN DYNAMICS NOT APPLIED TO HYDROGENS
Info: LANGEVIN PISTON PRESSURE CONTROL ACTIVE
Info:        TARGET PRESSURE IS 1.01325 BAR
Info:     OSCILLATION PERIOD IS 50 FS
Info:             DECAY TIME IS 25 FS
Info:     PISTON TEMPERATURE IS 303.15 K
Info:       PRESSURE CONTROL IS GROUP-BASED
Info:    INITIAL STRAIN RATE IS 0 0 0
Info:       CELL FLUCTUATION IS ISOTROPIC
Info: PARTICLE MESH EWALD (PME) ACTIVE
Info: PME TOLERANCE               1e-06
Info: PME EWALD COEFFICIENT       0.257952
Info: PME INTERPOLATION ORDER     6
Info: PME GRID DIMENSIONS         72 72 72
Info: PME MAXIMUM GRID SPACING    1
Info: PME RECIPROCAL SUM OFFLOADED TO GPU
Info: PME CALCULATION WILL BE PERFORMED ON GPU
Info: FULL ELECTROSTATIC EVALUATION FREQUENCY      1
Info: USING VERLET I (r-RESPA) MTS SCHEME.
Info: C1 SPLITTING OF LONG RANGE ELECTROSTATICS
Info: PLACING ATOMS IN PATCHES BY HYDROGEN GROUPS
Info: RIGID BONDS TO HYDROGEN : ALL
Info:         ERROR TOLERANCE : 1e-08
Info:          MAX ITERATIONS : 100
Info: RIGID WATER USING SETTLE ALGORITHM
Info: RANDOM NUMBER SEED     1742590806
Info: USE HYDROGEN BONDS?    NO
Info: COORDINATE PDB         step3_input.pdb
Info: STRUCTURE FILE         step3_input.psf
Info: PARAMETER file: CHARMM format! 
Info: PARAMETERS             toppar/par_all36m_prot.prm
Info: PARAMETERS             toppar/par_all36_na.prm
Info: PARAMETERS             toppar/par_all36_carb.prm
Info: PARAMETERS             toppar/par_all36_lipid.prm
Info: PARAMETERS             toppar/par_all36_cgenff.prm
Info: PARAMETERS             toppar/par_interface.prm
Info: PARAMETERS             toppar/toppar_all36_moreions.str
Info: PARAMETERS             toppar/toppar_all36_nano_lig.str
Info: PARAMETERS             toppar/toppar_all36_nano_lig_patch.str
Info: PARAMETERS             toppar/toppar_all36_synthetic_polymer.str
Info: PARAMETERS             toppar/toppar_all36_synthetic_polymer_patch.str
Info: PARAMETERS             toppar/toppar_all36_polymer_solvent.str
Info: PARAMETERS             toppar/toppar_water_ions.str
Info: PARAMETERS             toppar/toppar_dum_noble_gases.str
Info: PARAMETERS             toppar/toppar_ions_won.str
Info: PARAMETERS             toppar/cam.str
Info: PARAMETERS             toppar/toppar_all36_prot_arg0.str
Info: PARAMETERS             toppar/toppar_all36_prot_c36m_d_aminoacids.str
Info: PARAMETERS             toppar/toppar_all36_prot_fluoro_alkanes.str
Info: PARAMETERS             toppar/toppar_all36_prot_heme.str
Info: PARAMETERS             toppar/toppar_all36_prot_na_combined.str
Info: PARAMETERS             toppar/toppar_all36_prot_retinol.str
Info: PARAMETERS             toppar/toppar_all36_prot_model.str
Info: PARAMETERS             toppar/toppar_all36_prot_modify_res.str
Info: PARAMETERS             toppar/toppar_all36_na_nad_ppi.str
Info: PARAMETERS             toppar/toppar_all36_na_rna_modified.str
Info: PARAMETERS             toppar/toppar_all36_lipid_sphingo.str
Info: PARAMETERS             toppar/toppar_all36_lipid_archaeal.str
Info: PARAMETERS             toppar/toppar_all36_lipid_bacterial.str
Info: PARAMETERS             toppar/toppar_all36_lipid_cardiolipin.str
Info: PARAMETERS             toppar/toppar_all36_lipid_cholesterol.str
Info: PARAMETERS             toppar/toppar_all36_lipid_dag.str
Info: PARAMETERS             toppar/toppar_all36_lipid_inositol.str
Info: PARAMETERS             toppar/toppar_all36_lipid_lnp.str
Info: PARAMETERS             toppar/toppar_all36_lipid_lps.str
Info: PARAMETERS             toppar/toppar_all36_lipid_mycobacterial.str
Info: PARAMETERS             toppar/toppar_all36_lipid_miscellaneous.str
Info: PARAMETERS             toppar/toppar_all36_lipid_model.str
Info: PARAMETERS             toppar/toppar_all36_lipid_prot.str
Info: PARAMETERS             toppar/toppar_all36_lipid_tag.str
Info: PARAMETERS             toppar/toppar_all36_lipid_yeast.str
Info: PARAMETERS             toppar/toppar_all36_lipid_hmmm.str
Info: PARAMETERS             toppar/toppar_all36_lipid_detergent.str
Info: PARAMETERS             toppar/toppar_all36_lipid_ether.str
Info: PARAMETERS             toppar/toppar_all36_lipid_oxidized.str
Info: PARAMETERS             toppar/toppar_all36_carb_glycolipid.str
Info: PARAMETERS             toppar/toppar_all36_carb_glycopeptide.str
Info: PARAMETERS             toppar/toppar_all36_carb_imlab.str
Info: PARAMETERS             toppar/toppar_all36_label_spin.str
Info: PARAMETERS             toppar/toppar_all36_label_fluorophore.str
Info: USING ARITHMETIC MEAN TO COMBINE L-J SIGMA PARAMETERS
Info: BINARY COORDINATES     ../output/step4_equilibration.coor
Warning: SKIPPING PART OF PARAMETER FILE AFTER RETURN STATEMENT

Warning: DUPLICATE DIHEDRAL ENTRY FOR HAL1-CTO1-C-NHL
PREVIOUS VALUES MULTIPLICITY: 1
  k=0  n=1  delta=0INCREASING MULTIPLICITY TO: 2
  k=0  n=3  delta=0

Warning: DUPLICATE DIHEDRAL ENTRY FOR HAL1-CTO1-C-O
PREVIOUS VALUES MULTIPLICITY: 1
  k=0  n=1  delta=0INCREASING MULTIPLICITY TO: 2
  k=0  n=2  delta=3.14159
Warning: SKIPPING PART OF PARAMETER FILE AFTER RETURN STATEMENT

Warning: DUPLICATE DIHEDRAL ENTRY FOR CTL2-CG2O5-CTL1-CTL3
PREVIOUS VALUES MULTIPLICITY: 1
  k=0.75  n=1  delta=0  k=0.18  n=2  delta=3.14159INCREASING MULTIPLICITY TO: 3
  k=0.065  n=3  delta=0

Warning: DUPLICATE BOND ENTRY FOR CEL1-CL
PREVIOUS VALUES  k=440  x0=1.489
   USING VALUES  k=300  x0=1.48
Info: SUMMARY OF PARAMETERS:
Info: 1988 BONDS
Info: 6776 ANGLES
Info: 19939 DIHEDRAL
Info: 430 IMPROPER
Info: 28 CROSSTERM
Info: 751 VDW
Info: 122 VDW_PAIRS
Info: 0 NBTHOLE_PAIRS
Warning: Ignored 9467 bonds with zero force constants.
Warning: Will get H-H distance in rigid H2O from H-O-H angle.
Info: TIME FOR READING PSF FILE: 0.0607696
Info: Reading pdb file step3_input.pdb
Info: TIME FOR READING PDB FILE: 0.0256124
Info: 
Info: ****************************
Info: STRUCTURE SUMMARY:
Info: 30423 ATOMS
Info: 20918 BONDS
Info: 13014 ANGLES
Info: 5187 DIHEDRALS
Info: 373 IMPROPERS
Info: 127 CROSSTERMS
Info: 0 EXCLUSIONS
Info: 29360 RIGID BONDS
Info: 61909 DEGREES OF FREEDOM
Info: 10530 HYDROGEN GROUPS
Info: 4 ATOMS IN LARGEST HYDROGEN GROUP
Info: 10530 MIGRATION GROUPS
Info: 4 ATOMS IN LARGEST MIGRATION GROUP
Info: TOTAL MASS = 186727 amu
Info: TOTAL CHARGE = 1.31875e-06 e
Info: MASS DENSITY = 0.943883 g/cm^3
Info: ATOM DENSITY = 0.0926093 atoms/A^3
Info: *****************************
Info: Reading from binary file ../output/step4_equilibration.coor
Info: 
Info: Entering startup at 0.935125 s, 0 MB of memory in use
Info: Startup phase 0 took 8.5612e-05 s, 0 MB of memory in use
Info: ADDED 39038 IMPLICIT EXCLUSIONS
Info: Startup phase 1 took 0.00592455 s, 0 MB of memory in use
Info: NONBONDED TABLE R-SQUARED SPACING: 0.0625
Info: NONBONDED TABLE SIZE: 769 POINTS
Info: INCONSISTENCY IN FAST TABLE ENERGY VS FORCE: 0.000325096 AT 11.9556
Info: INCONSISTENCY IN SCOR TABLE ENERGY VS FORCE: 0.000324844 AT 11.9556
Info: INCONSISTENCY IN VDWA TABLE ENERGY VS FORCE: 0.0040507 AT 0.251946
Info: INCONSISTENCY IN VDWB TABLE ENERGY VS FORCE: 0.00150189 AT 0.251946
Info: Startup phase 2 took 0.0110699 s, 0 MB of memory in use
Info: Startup phase 3 took 8.3788e-05 s, 0 MB of memory in use
Info: Startup phase 4 took 0.000297621 s, 0 MB of memory in use
Info: Startup phase 5 took 5.6576e-05 s, 0 MB of memory in use
Info: PATCH GRID IS 3 (PERIODIC) BY 3 (PERIODIC) BY 3 (PERIODIC)
Info: PATCH GRID IS 1-AWAY BY 1-AWAY BY 1-AWAY
Info: Reading from binary file ../output/step4_equilibration.vel
Info: REMOVING COM VELOCITY 0.0102651 -0.01707 0.00842024
Info: LARGEST PATCH (13) HAS 1316 ATOMS
Info: TORUS A SIZE 1 USING 0
Info: TORUS B SIZE 1 USING 0
Info: TORUS C SIZE 1 USING 0
Info: TORUS MINIMAL MESH SIZE IS 1 BY 1 BY 1
Info: Placed 100% of base nodes on same physical node as patch
Info: Startup phase 6 took 0.0123611 s, 0 MB of memory in use
Info: Use 3D box decompostion in PME FFT.
Info: PME using 1 x 1 x 1 pencil grid for FFT and reciprocal sum.
Info: Startup phase 7 took 0.000192683 s, 0 MB of memory in use
Info: Updated CUDA force table with 4096 elements.
Info: Updated CUDA LJ table with 751 x 751 elements.
Info: Startup phase 8 took 0.00585428 s, 0 MB of memory in use
Info: Startup phase 9 took 9.1031e-05 s, 0 MB of memory in use
Info: Startup phase 10 took 6.357e-05 s, 0 MB of memory in use
Info: Startup phase 11 took 0.006826 s, 0 MB of memory in use
LDB: Central LB being created...
Info: Startup phase 12 took 0.00227923 s, 0 MB of memory in use
Info: CREATING 663 COMPUTE OBJECTS
Info: Found 268 unique exclusion lists needing 4316 bytes
Info: useSync: 0 useProxySync: 0
Info: Startup phase 13 took 0.0230998 s, 0 MB of memory in use
Info: Startup phase 14 took 8.7745e-05 s, 0 MB of memory in use
Info: Startup phase 15 took 3.0377e-05 s, 0 MB of memory in use
Info: Finished startup at 1.00353 s, 0 MB of memory in use

TCL: Original numsteps 500000 will be ignored.
TCL: Running for 500000 steps
ETITLE:      TS           BOND          ANGLE          DIHED          IMPRP               ELECT            VDW       BOUNDARY           MISC        KINETIC               TOTAL           TEMP      POTENTIAL       TOTALAVG        TEMPAVG            PRESSURE      GPRESSURE         VOLUME       PRESSAVG      GPRESSAVG

ENERGY:       0       393.7845      1151.3864      1140.5717        75.7877        -111381.5648      9211.0936         0.0000         0.0000     18671.3312         -80737.6098       303.5372    -99408.9410    -80737.6098       303.5372          -1002.7072     -1000.5922    328509.0000     -1002.7072     -1000.5922

Info: Initial time: 12 CPUs 0.00130476 s/step 132.438 ns/day 0 MB memory
Info: Initial time: 12 CPUs 0.00119669 s/step 144.398 ns/day 0 MB memory
Info: Initial time: 12 CPUs 0.0011707 s/step 147.603 ns/day 0 MB memory
Info: Benchmark time: 12 CPUs 0.0011699 s/step 147.704 ns/day 0 MB memory
Info: Benchmark time: 12 CPUs 0.00122576 s/step 140.974 ns/day 0 MB memory
Info: Benchmark time: 12 CPUs 0.0011764 s/step 146.889 ns/day 0 MB memory
Info: Benchmark time: 12 CPUs 0.00115507 s/step 149.602 ns/day 0 MB memory
Info: Benchmark time: 12 CPUs 0.00117453 s/step 147.123 ns/day 0 MB memory
Info: Benchmark time: 12 CPUs 0.00115719 s/step 149.328 ns/day 0 MB memory
TIMING: 5000  CPU: 5.80851, 0.00115321/step  Wall: 5.88027, 0.0011656/step, 148.249 ns/days, 0.160271 hours remaining, 0.000000 MB of memory in use.
PERFORMANCE: 5000  averaging 148.249 ns/day, 0.0011656 sec/step with standard deviation 0
ENERGY:    5000       438.3121      1117.3788      1128.6191        78.9110        -113755.7631      9554.4514         0.0000         0.0000     18742.8481         -82695.2426       304.6998   -101438.0907    -81716.4262       304.1185           -463.2112      -462.7459    302235.1930      -732.9592      -731.6691

WRITING EXTENDED SYSTEM TO RESTART FILE AT STEP 5000
WRITING COORDINATES TO RESTART FILE AT STEP 5000
FINISHED WRITING RESTART COORDINATES
The last position output (seq=5000) takes 0.012 seconds, 0.000 MB of memory in use
WRITING VELOCITIES TO RESTART FILE AT STEP 5000
FINISHED WRITING RESTART VELOCITIES
The last velocity output (seq=5000) takes 0.011 seconds, 0.000 MB of memory in use
TIMING: 10000  CPU: 11.6408, 0.00116645/step  Wall: 11.7548, 0.00117491/step, 147.075 ns/days, 0.159919 hours remaining, 0.000000 MB of memory in use.
PERFORMANCE: 10000  averaging 147.66 ns/day, 0.00117026 sec/step with standard deviation 6.58085e-06
ENERGY:   10000       455.4257      1085.8805      1144.4045        65.7571        -113589.3928      9600.7213         0.0000         0.0000     18659.4108         -82577.7929       303.3434   -101237.2038    -82003.5485       303.8601           -251.7635      -249.2290    301981.7175      -572.5606      -570.8557

WRITING EXTENDED SYSTEM TO RESTART FILE AT STEP 10000
WRITING COORDINATES TO RESTART FILE AT STEP 10000
FINISHED WRITING RESTART COORDINATES
The last position output (seq=10000) takes 0.007 seconds, 0.000 MB of memory in use
WRITING VELOCITIES TO RESTART FILE AT STEP 10000
FINISHED WRITING RESTART VELOCITIES
The last velocity output (seq=10000) takes 0.007 seconds, 0.000 MB of memory in use
TIMING: 15000  CPU: 17.4377, 0.00115939/step  Wall: 17.5899, 0.00116702/step, 148.069 ns/days, 0.157224 hours remaining, 0.000000 MB of memory in use.
PERFORMANCE: 15000  averaging 147.796 ns/day, 0.00116918 sec/step with standard deviation 5.01441e-06
ENERGY:   15000       436.5135      1111.2153      1137.8464        76.2912        -113899.4500      9746.7984         0.0000         0.0000     18761.1230         -82629.6623       304.9969   -101390.7853    -82160.0769       304.1443              1.5947         1.9362    301445.8559      -429.0218      -427.6577

WRITING EXTENDED SYSTEM TO RESTART FILE AT STEP 15000
WRITING COORDINATES TO RESTART FILE AT STEP 15000
FINISHED WRITING RESTART COORDINATES
The last position output (seq=15000) takes 0.008 seconds, 0.000 MB of memory in use
WRITING VELOCITIES TO RESTART FILE AT STEP 15000
FINISHED WRITING RESTART VELOCITIES
The last velocity output (seq=15000) takes 0.008 seconds, 0.000 MB of memory in use
TIMING: 20000  CPU: 23.3481, 0.00118207/step  Wall: 23.5733, 0.00119666/step, 144.401 ns/days, 0.159555 hours remaining, 0.000000 MB of memory in use.
PERFORMANCE: 20000  averaging 146.932 ns/day, 0.00117605 sec/step with standard deviation 1.43395e-05
ENERGY:   20000       432.2946      1135.0701      1127.4016        74.6151        -114075.4684      9889.3728         0.0000         0.0000     18703.1246         -82713.5896       304.0540   -101416.7142    -82270.7795       304.1263             96.0021        95.6387    299604.7529      -324.0170      -322.9985

WRITING EXTENDED SYSTEM TO RESTART FILE AT STEP 20000
WRITING COORDINATES TO RESTART FILE AT STEP 20000
FINISHED WRITING RESTART COORDINATES
The last position output (seq=20000) takes 0.008 seconds, 0.000 MB of memory in use
WRITING VELOCITIES TO RESTART FILE AT STEP 20000
FINISHED WRITING RESTART VELOCITIES
The last velocity output (seq=20000) takes 0.008 seconds, 0.000 MB of memory in use
TIMING: 25000  CPU: 29.1185, 0.00115408/step  Wall: 29.4064, 0.00116662/step, 148.12 ns/days, 0.153929 hours remaining, 0.000000 MB of memory in use.
PERFORMANCE: 25000  averaging 147.168 ns/day, 0.00117416 sec/step with standard deviation 1.31152e-05
ENERGY:   25000       414.6645      1121.7311      1137.7691        76.9792        -114079.0191      9764.6870         0.0000         0.0000     18657.5245         -82905.6636       303.3127   -101563.1881    -82376.5935       303.9907           -131.2107      -130.0145    302005.5355      -291.8826      -290.8345

WRITING EXTENDED SYSTEM TO RESTART FILE AT STEP 25000
WRITING COORDINATES TO RESTART FILE AT STEP 25000
FINISHED WRITING RESTART COORDINATES
The last position output (seq=25000) takes 0.009 seconds, 0.000 MB of memory in use
WRITING VELOCITIES TO RESTART FILE AT STEP 25000
FINISHED WRITING RESTART VELOCITIES
The last velocity output (seq=25000) takes 0.008 seconds, 0.000 MB of memory in use
TIMING: 30000  CPU: 34.8801, 0.00115232/step  Wall: 35.2558, 0.00116989/step, 147.706 ns/days, 0.152736 hours remaining, 0.000000 MB of memory in use.
PERFORMANCE: 30000  averaging 147.258 ns/day, 0.00117345 sec/step with standard deviation 1.18596e-05
ENERGY:   30000       419.3462      1141.3618      1105.9116        70.0279        -114271.9605      9791.9918         0.0000         0.0000     18587.2946         -83156.0266       302.1710   -101743.3212    -82487.9411       303.7307            -61.0110       -64.2521    300089.5459      -258.9010      -258.4655

WRITING EXTENDED SYSTEM TO RESTART FILE AT STEP 30000
WRITING COORDINATES TO RESTART FILE AT STEP 30000
FINISHED WRITING RESTART COORDINATES
The last position output (seq=30000) takes 0.008 seconds, 0.000 MB of memory in use
WRITING VELOCITIES TO RESTART FILE AT STEP 30000
FINISHED WRITING RESTART VELOCITIES
TIMING: 35000  CPU: 40.9604, 0.00121605/step  Wall: 41.3946, 0.00122776/step, 140.744 ns/days, 0.158586 hours remaining, 0.000000 MB of memory in use.
PERFORMANCE: 35000  averaging 146.291 ns/day, 0.00118121 sec/step with standard deviation 2.3208e-05
ENERGY:   35000       473.8300      1157.2606      1116.0198        68.4395        -114087.4717      9693.8063         0.0000         0.0000     18643.7121         -82934.4034       303.0882   -101578.1155    -82543.7489       303.6504           -200.3653      -202.3244    300515.0010      -251.5840      -251.4479

WRITING EXTENDED SYSTEM TO RESTART FILE AT STEP 35000
WRITING COORDINATES TO RESTART FILE AT STEP 35000
FINISHED WRITING RESTART COORDINATES
The last position output (seq=35000) takes 0.007 seconds, 0.000 MB of memory in use
WRITING VELOCITIES TO RESTART FILE AT STEP 35000
FINISHED WRITING RESTART VELOCITIES
TIMING: 40000  CPU: 46.7743, 0.00116278/step  Wall: 47.2648, 0.00117403/step, 147.185 ns/days, 0.150015 hours remaining, 0.000000 MB of memory in use.
PERFORMANCE: 40000  averaging 146.402 ns/day, 0.00118031 sec/step with standard deviation 2.1636e-05
ENERGY:   40000       438.6942      1123.4487      1139.3432        75.9355        -114202.5245      9910.6472         0.0000         0.0000     18606.2458         -82908.2099       302.4791   -101514.4557    -82584.2445       303.5202             59.2624        55.4505    301834.2248      -217.0455      -217.3481

WRITING EXTENDED SYSTEM TO RESTART FILE AT STEP 40000
WRITING COORDINATES TO RESTART FILE AT STEP 40000
FINISHED WRITING RESTART COORDINATES
The last position output (seq=40000) takes 0.008 seconds, 0.000 MB of memory in use
WRITING VELOCITIES TO RESTART FILE AT STEP 40000
FINISHED WRITING RESTART VELOCITIES
TIMING: 45000  CPU: 53.0241, 0.00124997/step  Wall: 53.5855, 0.00126414/step, 136.694 ns/days, 0.159773 hours remaining, 0.000000 MB of memory in use.
PERFORMANCE: 45000  averaging 145.256 ns/day, 0.00118963 sec/step with standard deviation 3.4502e-05
ENERGY:   45000       442.3144      1123.3502      1126.7582        69.8557        -114260.6421      9883.9415         0.0000         0.0000     18559.5102         -83054.9119       301.7193   -101614.4221    -82631.3113       303.3402            164.0702       166.4967    299935.9402      -178.9339      -178.9636

WRITING EXTENDED SYSTEM TO RESTART FILE AT STEP 45000
WRITING COORDINATES TO RESTART FILE AT STEP 45000
FINISHED WRITING RESTART COORDINATES
The last position output (seq=45000) takes 0.008 seconds, 0.000 MB of memory in use
WRITING VELOCITIES TO RESTART FILE AT STEP 45000
FINISHED WRITING RESTART VELOCITIES
TIMING: 50000  CPU: 58.8173, 0.00115864/step  Wall: 59.4361, 0.00117013/step, 147.676 ns/days, 0.146266 hours remaining, 0.000000 MB of memory in use.
PERFORMANCE: 50000  averaging 145.494 ns/day, 0.00118768 sec/step with standard deviation 3.31082e-05
ETITLE:      TS           BOND          ANGLE          DIHED          IMPRP               ELECT            VDW       BOUNDARY           MISC        KINETIC               TOTAL           TEMP      POTENTIAL       TOTALAVG        TEMPAVG            PRESSURE      GPRESSURE         VOLUME       PRESSAVG      GPRESSAVG

ENERGY:   50000       395.9951      1111.4109      1142.1472        74.0221        -113930.7909      9659.6875         0.0000         0.0000     18537.7456         -83009.7826       301.3655   -101547.5282    -82665.7178       303.1606            -77.0020       -77.9078    301259.4165      -169.6674      -169.7767

WRITING EXTENDED SYSTEM TO RESTART FILE AT STEP 50000
WRITING COORDINATES TO RESTART FILE AT STEP 50000
FINISHED WRITING RESTART COORDINATES
The last position output (seq=50000) takes 0.008 seconds, 0.000 MB of memory in use
WRITING VELOCITIES TO RESTART FILE AT STEP 50000
FINISHED WRITING RESTART VELOCITIES
TIMING: 55000  CPU: 64.5836, 0.00115327/step  Wall: 65.2682, 0.00116641/step, 148.147 ns/days, 0.144181 hours remaining, 0.000000 MB of memory in use.
PERFORMANCE: 55000  averaging 145.731 ns/day, 0.00118574 sec/step with standard deviation 3.20571e-05
ENERGY:   55000       423.9391      1119.4350      1124.5636        78.0725        -113928.4392      9592.6781         0.0000         0.0000     18606.9504         -82982.8005       302.4905   -101589.7509    -82692.1413       303.1048           -191.9606      -193.5755    300336.3018      -171.5252      -171.7600

WRITING EXTENDED SYSTEM TO RESTART FILE AT STEP 55000
WRITING COORDINATES TO RESTART FILE AT STEP 55000
FINISHED WRITING RESTART COORDINATES
WRITING VELOCITIES TO RESTART FILE AT STEP 55000
FINISHED WRITING RESTART VELOCITIES
TIMING: 60000  CPU: 70.3544, 0.00115415/step  Wall: 71.0865, 0.00116366/step, 148.497 ns/days, 0.142225 hours remaining, 0.000000 MB of memory in use.
PERFORMANCE: 60000  averaging 145.958 ns/day, 0.0011839 sec/step with standard deviation 3.1223e-05
ENERGY:   60000       407.8724      1160.7260      1148.1339        64.5603        -114260.4478      9874.9940         0.0000         0.0000     18618.1196         -82986.0415       302.6721   -101604.1611    -82714.7490       303.0715             63.4048        61.9466    301328.3021      -153.4536      -153.7825

WRITING EXTENDED SYSTEM TO RESTART FILE AT STEP 60000
WRITING COORDINATES TO RESTART FILE AT STEP 60000
FINISHED WRITING RESTART COORDINATES
WRITING VELOCITIES TO RESTART FILE AT STEP 60000
FINISHED WRITING RESTART VELOCITIES
TIMING: 65000  CPU: 76.1834, 0.0011658/step  Wall: 76.9629, 0.00117529/step, 147.028 ns/days, 0.142014 hours remaining, 0.000000 MB of memory in use.
PERFORMANCE: 65000  averaging 146.04 ns/day, 0.00118324 sec/step with standard deviation 2.99891e-05
ENERGY:   65000       438.9438      1141.0216      1128.0591        65.0750        -114227.6379      9763.3259         0.0000         0.0000     18479.2097         -83212.0029       300.4139   -101691.2126    -82750.2672       302.8817            -29.2582       -30.1732    300399.5040      -144.5825      -144.9533

WRITING EXTENDED SYSTEM TO RESTART FILE AT STEP 65000
WRITING COORDINATES TO RESTART FILE AT STEP 65000
FINISHED WRITING RESTART COORDINATES
WRITING VELOCITIES TO RESTART FILE AT STEP 65000
FINISHED WRITING RESTART VELOCITIES
TIMING: 70000  CPU: 82.1837, 0.00120005/step  Wall: 83.0412, 0.00121566/step, 142.146 ns/days, 0.145203 hours remaining, 0.000000 MB of memory in use.
PERFORMANCE: 70000  averaging 145.754 ns/day, 0.00118556 sec/step with standard deviation 3.00868e-05
ENERGY:   70000       459.8838      1089.6768      1115.0714        73.7239        -113681.6515      9605.0946         0.0000         0.0000     18514.8381         -82823.3629       300.9931   -101338.2010    -82755.1402       302.7558           -127.0746      -124.0372    301017.7818      -143.4153      -143.5589

WRITING EXTENDED SYSTEM TO RESTART FILE AT STEP 70000
WRITING COORDINATES TO RESTART FILE AT STEP 70000
FINISHED WRITING RESTART COORDINATES
WRITING VELOCITIES TO RESTART FILE AT STEP 70000
FINISHED WRITING RESTART VELOCITIES
TIMING: 75000  CPU: 87.9561, 0.00115449/step  Wall: 88.8487, 0.0011615/step, 148.773 ns/days, 0.137122 hours remaining, 0.000000 MB of memory in use.
PERFORMANCE: 75000  averaging 145.952 ns/day, 0.00118395 sec/step with standard deviation 2.96502e-05
ENERGY:   75000       425.4390      1140.2951      1158.3346        81.2701        -114237.1937      9879.3868         0.0000         0.0000     18620.4482         -82932.0198       302.7100   -101552.4680    -82766.1952       302.7529            109.5231       110.1018    299807.5401      -127.6067      -127.7051

WRITING EXTENDED SYSTEM TO RESTART FILE AT STEP 75000
WRITING COORDINATES TO RESTART FILE AT STEP 75000
FINISHED WRITING RESTART COORDINATES
WRITING VELOCITIES TO RESTART FILE AT STEP 75000
FINISHED WRITING RESTART VELOCITIES
TIMING: 80000  CPU: 93.7194, 0.00115266/step  Wall: 94.6977, 0.00116981/step, 147.716 ns/days, 0.136478 hours remaining, 0.000000 MB of memory in use.
PERFORMANCE: 80000  averaging 146.061 ns/day, 0.00118307 sec/step with standard deviation 2.88621e-05
ENERGY:   80000       405.4344      1134.4061      1113.6900        72.9788        -114265.5400      9876.1578         0.0000         0.0000     18634.1886         -83028.6844       302.9333   -101662.8730    -82781.6357       302.7635             62.4911        63.8856    300523.0127      -116.4244      -116.4351

WRITING EXTENDED SYSTEM TO RESTART FILE AT STEP 80000
WRITING COORDINATES TO RESTART FILE AT STEP 80000
FINISHED WRITING RESTART COORDINATES
WRITING VELOCITIES TO RESTART FILE AT STEP 80000
FINISHED WRITING RESTART VELOCITIES
TIMING: 85000  CPU: 99.5189, 0.00115989/step  Wall: 100.538, 0.00116804/step, 147.941 ns/days, 0.134649 hours remaining, 0.000000 MB of memory in use.
PERFORMANCE: 85000  averaging 146.17 ns/day, 0.00118218 sec/step with standard deviation 2.81824e-05
ENERGY:   85000       413.3299      1101.5091      1118.0761        73.4430        -114317.8215      9854.1507         0.0000         0.0000     18673.5788         -83083.7339       303.5737   -101757.3127    -82798.4190       302.8085             68.2481        70.8534    300044.6407      -106.1649      -106.0301

WRITING EXTENDED SYSTEM TO RESTART FILE AT STEP 85000
WRITING COORDINATES TO RESTART FILE AT STEP 85000
FINISHED WRITING RESTART COORDINATES
WRITING VELOCITIES TO RESTART FILE AT STEP 85000
FINISHED WRITING RESTART VELOCITIES
TIMING: 90000  CPU: 105.323, 0.00116091/step  Wall: 106.384, 0.00116918/step, 147.796 ns/days, 0.133156 hours remaining, 0.000000 MB of memory in use.
PERFORMANCE: 90000  averaging 146.259 ns/day, 0.00118146 sec/step with standard deviation 2.75124e-05
ENERGY:   90000       425.0543      1129.3975      1130.7645        70.5607        -113980.0957      9671.4972         0.0000         0.0000     18342.0082         -83210.8132       298.1834   -101552.8214    -82820.1239       302.5651           -131.7239      -133.0849    300748.2384      -107.5101      -107.4541

WRITING EXTENDED SYSTEM TO RESTART FILE AT STEP 90000
WRITING COORDINATES TO RESTART FILE AT STEP 90000
FINISHED WRITING RESTART COORDINATES
WRITING VELOCITIES TO RESTART FILE AT STEP 90000
FINISHED WRITING RESTART VELOCITIES
TIMING: 95000  CPU: 111.114, 0.00115803/step  Wall: 112.262, 0.00117555/step, 146.995 ns/days, 0.132249 hours remaining, 0.000000 MB of memory in use.
PERFORMANCE: 95000  averaging 146.298 ns/day, 0.00118115 sec/step with standard deviation 2.67716e-05
ENERGY:   95000       407.3825      1087.8880      1127.5643        63.1620        -114393.5743     10000.9247         0.0000         0.0000     18542.6042         -83164.0486       301.4445   -101706.6528    -82837.3201       302.5091            244.9345       244.7743    299345.8647       -89.8878       -89.8427

WRITING EXTENDED SYSTEM TO RESTART FILE AT STEP 95000
WRITING COORDINATES TO RESTART FILE AT STEP 95000
FINISHED WRITING RESTART COORDINATES
WRITING VELOCITIES TO RESTART FILE AT STEP 95000
FINISHED WRITING RESTART VELOCITIES
TIMING: 100000  CPU: 116.926, 0.0011625/step  Wall: 118.123, 0.00117227/step, 147.407 ns/days, 0.130252 hours remaining, 0.000000 MB of memory in use.
PERFORMANCE: 100000  averaging 146.353 ns/day, 0.00118071 sec/step with standard deviation 2.61332e-05
ETITLE:      TS           BOND          ANGLE          DIHED          IMPRP               ELECT            VDW       BOUNDARY           MISC        KINETIC               TOTAL           TEMP      POTENTIAL       TOTALAVG        TEMPAVG            PRESSURE      GPRESSURE         VOLUME       PRESSAVG      GPRESSAVG

ENERGY:  100000       427.4320      1165.5456      1115.2082        69.1652        -114067.1139      9724.3390         0.0000         0.0000     18693.7775         -82871.6464       303.9021   -101565.4240    -82944.0220       302.5273             -6.1951        -3.2298    301349.5129       -40.0622       -39.9745

WRITING EXTENDED SYSTEM TO RESTART FILE AT STEP 100000
WRITING COORDINATES TO RESTART FILE AT STEP 100000
FINISHED WRITING RESTART COORDINATES
WRITING VELOCITIES TO RESTART FILE AT STEP 100000
FINISHED WRITING RESTART VELOCITIES
TIMING: 105000  CPU: 122.671, 0.00114902/step  Wall: 123.937, 0.00116286/step, 148.6 ns/days, 0.127591 hours remaining, 0.000000 MB of memory in use.
PERFORMANCE: 105000  averaging 146.459 ns/day, 0.00117986 sec/step with standard deviation 2.57676e-05
ENERGY:  105000       432.9203      1148.6738      1126.9773        60.8534        -114163.6770      9841.5069         0.0000         0.0000     18714.7460         -82837.9993       304.2430   -101552.7453    -82951.1598       302.5045             90.3317        87.9839    300424.6651       -12.3851       -12.4380

WRITING EXTENDED SYSTEM TO RESTART FILE AT STEP 105000
WRITING COORDINATES TO RESTART FILE AT STEP 105000
FINISHED WRITING RESTART COORDINATES
WRITING VELOCITIES TO RESTART FILE AT STEP 105000
FINISHED WRITING RESTART VELOCITIES
TIMING: 110000  CPU: 128.565, 0.00117884/step  Wall: 129.902, 0.00119292/step, 144.854 ns/days, 0.129234 hours remaining, 0.000000 MB of memory in use.
PERFORMANCE: 110000  averaging 146.385 ns/day, 0.00118045 sec/step with standard deviation 2.53005e-05
ENERGY:  110000       430.8092      1102.0160      1141.7266        67.4407        -113715.0800      9734.9810         0.0000         0.0000     18718.1010         -82520.0055       304.2975   -101238.1065    -82948.2704       302.5522            112.9153       115.7101    300732.3776         5.8488         5.8089

WRITING EXTENDED SYSTEM TO RESTART FILE AT STEP 110000
WRITING COORDINATES TO RESTART FILE AT STEP 110000
FINISHED WRITING RESTART COORDINATES
WRITING VELOCITIES TO RESTART FILE AT STEP 110000
FINISHED WRITING RESTART VELOCITIES
TIMING: 115000  CPU: 134.323, 0.00115161/step  Wall: 135.713, 0.00116221/step, 148.682 ns/days, 0.124292 hours remaining, 0.000000 MB of memory in use.
PERFORMANCE: 115000  averaging 146.483 ns/day, 0.00117966 sec/step with standard deviation 2.50097e-05
ENERGY:  115000       441.3068      1128.1818      1118.5520        65.3735        -113675.5238      9746.0721         0.0000         0.0000     18457.5399         -82718.4976       300.0616   -101176.0375    -82952.7122       302.3054           -129.6798      -125.6231    302457.8985        -0.7149        -0.5691

WRITING EXTENDED SYSTEM TO RESTART FILE AT STEP 115000
WRITING COORDINATES TO RESTART FILE AT STEP 115000
FINISHED WRITING RESTART COORDINATES
WRITING VELOCITIES TO RESTART FILE AT STEP 115000
FINISHED WRITING RESTART VELOCITIES
TIMING: 120000  CPU: 140.037, 0.00114274/step  Wall: 141.497, 0.00115675/step, 149.384 ns/days, 0.122102 hours remaining, 0.000000 MB of memory in use.
PERFORMANCE: 120000  averaging 146.602 ns/day, 0.0011787 sec/step with standard deviation 2.49028e-05
ENERGY:  120000       430.2974      1162.5303      1108.3785        74.3506        -113841.7357      9587.1476         0.0000         0.0000     18496.2463         -82982.7850       300.6908   -101479.0314    -82966.1720       302.1373           -179.9026      -178.2729    300788.1459       -14.5101       -14.2646

WRITING EXTENDED SYSTEM TO RESTART FILE AT STEP 120000
WRITING COORDINATES TO RESTART FILE AT STEP 120000
FINISHED WRITING RESTART COORDINATES
WRITING VELOCITIES TO RESTART FILE AT STEP 120000
FINISHED WRITING RESTART VELOCITIES
TIMING: 125000  CPU: 145.827, 0.00115788/step  Wall: 147.324, 0.00116545/step, 148.269 ns/days, 0.121401 hours remaining, 0.000000 MB of memory in use.
PERFORMANCE: 125000  averaging 146.668 ns/day, 0.00117817 sec/step with standard deviation 2.45222e-05
ENERGY:  125000       407.4289      1140.9670      1101.0291        71.0280        -114017.6021      9802.1236         0.0000         0.0000     18612.9655         -82882.0599       302.5883   -101495.0254    -82964.9918       302.1010             81.0137        76.7020    300913.3885        -3.8989        -3.9288

WRITING EXTENDED SYSTEM TO RESTART FILE AT STEP 125000
WRITING COORDINATES TO RESTART FILE AT STEP 125000
FINISHED WRITING RESTART COORDINATES
WRITING VELOCITIES TO RESTART FILE AT STEP 125000
FINISHED WRITING RESTART VELOCITIES
TIMING: 130000  CPU: 151.571, 0.00114887/step  Wall: 153.12, 0.00115919/step, 149.069 ns/days, 0.119139 hours remaining, 0.000000 MB of memory in use.
PERFORMANCE: 130000  averaging 146.759 ns/day, 0.00117744 sec/step with standard deviation 2.43133e-05
ENERGY:  130000       411.3605      1135.3972      1127.1249        70.7731        -114146.8052      9740.0530         0.0000         0.0000     18663.2293         -82998.8671       303.4055   -101662.0965    -82957.1338       302.1628              4.7413         6.5157    301035.0129        -0.6113        -0.3904

WRITING EXTENDED SYSTEM TO RESTART FILE AT STEP 130000
WRITING COORDINATES TO RESTART FILE AT STEP 130000
FINISHED WRITING RESTART COORDINATES
WRITING VELOCITIES TO RESTART FILE AT STEP 130000
FINISHED WRITING RESTART VELOCITIES
TIMING: 135000  CPU: 157.657, 0.00121719/step  Wall: 159.269, 0.00122988/step, 140.502 ns/days, 0.124696 hours remaining, 0.000000 MB of memory in use.
PERFORMANCE: 135000  averaging 146.517 ns/day, 0.00117938 sec/step with standard deviation 2.58887e-05
ENERGY:  135000       405.9541      1162.7482      1122.8435        74.4737        -113960.5439      9656.6725         0.0000         0.0000     18770.1300         -82767.7220       305.1433   -101537.8520    -82948.7997       302.2655            -44.4082       -42.4224    300428.4547         7.1866         7.6047

WRITING EXTENDED SYSTEM TO RESTART FILE AT STEP 135000
WRITING COORDINATES TO RESTART FILE AT STEP 135000
FINISHED WRITING RESTART COORDINATES
WRITING VELOCITIES TO RESTART FILE AT STEP 135000
FINISHED WRITING RESTART VELOCITIES
TIMING: 140000  CPU: 163.423, 0.00115331/step  Wall: 165.078, 0.00116173/step, 148.744 ns/days, 0.116173 hours remaining, 0.000000 MB of memory in use.
PERFORMANCE: 140000  averaging 146.595 ns/day, 0.00117875 sec/step with standard deviation 2.5623e-05
ENERGY:  140000       436.5779      1118.8058      1138.1567        89.5993        -113934.1242      9681.4352         0.0000         0.0000     18624.2654         -82845.2838       302.7720   -101469.5493    -82945.6534       302.2802           -120.1839      -125.9973    300385.5418        -1.7857        -1.4677

WRITING EXTENDED SYSTEM TO RESTART FILE AT STEP 140000
WRITING COORDINATES TO RESTART FILE AT STEP 140000
FINISHED WRITING RESTART COORDINATES
WRITING VELOCITIES TO RESTART FILE AT STEP 140000
FINISHED WRITING RESTART VELOCITIES
TIMING: 145000  CPU: 169.184, 0.00115206/step  Wall: 170.902, 0.00116478/step, 148.354 ns/days, 0.11486 hours remaining, 0.000000 MB of memory in use.
PERFORMANCE: 145000  averaging 146.655 ns/day, 0.00117827 sec/step with standard deviation 2.52948e-05
ENERGY:  145000       418.3482      1132.6394      1106.0717        67.9719        -113938.5111      9813.2663         0.0000         0.0000     18505.2934         -82894.9202       300.8379   -101400.2135    -82937.6539       302.2361             55.3313        53.7162    300809.5084        -7.2227        -7.1067

WRITING EXTENDED SYSTEM TO RESTART FILE AT STEP 145000
WRITING COORDINATES TO RESTART FILE AT STEP 145000
FINISHED WRITING RESTART COORDINATES
WRITING VELOCITIES TO RESTART FILE AT STEP 145000
FINISHED WRITING RESTART VELOCITIES
TIMING: 150000  CPU: 175.321, 0.0012274/step  Wall: 177.49, 0.00131765/step, 131.142 ns/days, 0.128105 hours remaining, 0.000000 MB of memory in use.
PERFORMANCE: 150000  averaging 146.079 ns/day, 0.00118292 sec/step with standard deviation 3.55715e-05
ETITLE:      TS           BOND          ANGLE          DIHED          IMPRP               ELECT            VDW       BOUNDARY           MISC        KINETIC               TOTAL           TEMP      POTENTIAL       TOTALAVG        TEMPAVG            PRESSURE      GPRESSURE         VOLUME       PRESSAVG      GPRESSAVG

ENERGY:  150000       417.0321      1122.7165      1119.6566        74.7934        -114146.2829      9817.6155         0.0000         0.0000     18335.5300         -83258.9386       298.0781   -101594.4687    -82950.1117       302.0717              3.4264         3.6342    299780.2334        -3.2013        -3.0296

WRITING EXTENDED SYSTEM TO RESTART FILE AT STEP 150000
WRITING COORDINATES TO RESTART FILE AT STEP 150000
FINISHED WRITING RESTART COORDINATES
WRITING VELOCITIES TO RESTART FILE AT STEP 150000
FINISHED WRITING RESTART VELOCITIES
TIMING: 155000  CPU: 181.09, 0.00115391/step  Wall: 183.296, 0.00116122/step, 148.809 ns/days, 0.111284 hours remaining, 0.000000 MB of memory in use.
PERFORMANCE: 155000  averaging 146.166 ns/day, 0.00118222 sec/step with standard deviation 3.519e-05
ENERGY:  155000       456.1606      1136.0766      1111.1760        74.4779        -114324.8801     10153.2554         0.0000         0.0000     18753.4674         -82640.2662       304.8724   -101393.7336    -82932.9849       302.1908            461.3418       462.3914    299891.7152        29.4638        29.7687

WRITING EXTENDED SYSTEM TO RESTART FILE AT STEP 155000
WRITING COORDINATES TO RESTART FILE AT STEP 155000
FINISHED WRITING RESTART COORDINATES
WRITING VELOCITIES TO RESTART FILE AT STEP 155000
FINISHED WRITING RESTART VELOCITIES
TIMING: 160000  CPU: 186.933, 0.0011685/step  Wall: 189.332, 0.00120712/step, 143.151 ns/days, 0.114006 hours remaining, 0.000000 MB of memory in use.
PERFORMANCE: 160000  averaging 146.07 ns/day, 0.001183 sec/step with standard deviation 3.48965e-05
ENERGY:  160000       444.4737      1154.8912      1133.2698        70.9785        -114302.6440      9901.2568         0.0000         0.0000     18523.6732         -83074.1008       301.1367   -101597.7740    -82937.3879       302.1141             88.9475        93.1455    299756.2216        30.7410        31.3287

WRITING EXTENDED SYSTEM TO RESTART FILE AT STEP 160000
WRITING COORDINATES TO RESTART FILE AT STEP 160000
FINISHED WRITING RESTART COORDINATES
WRITING VELOCITIES TO RESTART FILE AT STEP 160000
FINISHED WRITING RESTART VELOCITIES
TIMING: 165000  CPU: 192.703, 0.00115411/step  Wall: 195.142, 0.00116204/step, 148.704 ns/days, 0.108134 hours remaining, 0.000000 MB of memory in use.
PERFORMANCE: 165000  averaging 146.148 ns/day, 0.00118236 sec/step with standard deviation 3.45402e-05
ENERGY:  165000       412.3422      1149.6240      1112.6200        66.4670        -113974.1213      9709.4223         0.0000         0.0000     18515.2556         -83008.3902       300.9999   -101523.6458    -82927.2073       302.1434           -107.5799      -111.4957    300434.1039        26.8249        27.2625

WRITING EXTENDED SYSTEM TO RESTART FILE AT STEP 165000
WRITING COORDINATES TO RESTART FILE AT STEP 165000
FINISHED WRITING RESTART COORDINATES
WRITING VELOCITIES TO RESTART FILE AT STEP 165000
FINISHED WRITING RESTART VELOCITIES
TIMING: 170000  CPU: 198.499, 0.00115906/step  Wall: 200.976, 0.00116685/step, 148.091 ns/days, 0.106961 hours remaining, 0.000000 MB of memory in use.
PERFORMANCE: 170000  averaging 146.205 ns/day, 0.00118191 sec/step with standard deviation 3.41167e-05
ENERGY:  170000       438.4100      1115.5218      1086.5408        61.6060        -114076.9568      9831.4171         0.0000         0.0000     18590.5667         -82952.8943       302.2242   -101543.4611    -82933.6838       302.2049              6.8084         6.8596    300051.3812        33.5190        33.8074

WRITING EXTENDED SYSTEM TO RESTART FILE AT STEP 170000
WRITING COORDINATES TO RESTART FILE AT STEP 170000
FINISHED WRITING RESTART COORDINATES
WRITING VELOCITIES TO RESTART FILE AT STEP 170000
FINISHED WRITING RESTART VELOCITIES
TIMING: 175000  CPU: 205.188, 0.00133787/step  Wall: 207.772, 0.00135913/step, 127.14 ns/days, 0.1227 hours remaining, 0.000000 MB of memory in use.
PERFORMANCE: 175000  averaging 145.581 ns/day, 0.00118697 sec/step with standard deviation 4.50238e-05
ENERGY:  175000       420.9054      1163.2450      1122.7618        73.1766        -114270.1497      9672.3429         0.0000         0.0000     18740.5155         -83077.2026       304.6619   -101817.7181    -82940.9430       302.3025           -143.7784      -136.1758    300660.5365        20.8540        21.4935

WRITING EXTENDED SYSTEM TO RESTART FILE AT STEP 175000
WRITING COORDINATES TO RESTART FILE AT STEP 175000
FINISHED WRITING RESTART COORDINATES
WRITING VELOCITIES TO RESTART FILE AT STEP 175000
FINISHED WRITING RESTART VELOCITIES
TIMING: 180000  CPU: 210.955, 0.00115339/step  Wall: 213.576, 0.00116085/step, 148.857 ns/days, 0.103186 hours remaining, 0.000000 MB of memory in use.
PERFORMANCE: 180000  averaging 145.67 ns/day, 0.00118624 sec/step with standard deviation 4.4589e-05
ENERGY:  180000       400.4932      1163.7819      1135.2286        68.7490        -114030.9516      9816.1433         0.0000         0.0000     18610.7530         -82835.8027       302.5524   -101446.5557    -82931.2989       302.2835            -39.9485       -36.5529    302721.5808        15.7320        16.4716

WRITING EXTENDED SYSTEM TO RESTART FILE AT STEP 180000
WRITING COORDINATES TO RESTART FILE AT STEP 180000
FINISHED WRITING RESTART COORDINATES
WRITING VELOCITIES TO RESTART FILE AT STEP 180000
FINISHED WRITING RESTART VELOCITIES
TIMING: 185000  CPU: 217.792, 0.00136733/step  Wall: 220.455, 0.00137588/step, 125.592 ns/days, 0.12039 hours remaining, 0.000000 MB of memory in use.
PERFORMANCE: 185000  averaging 145.043 ns/day, 0.00119137 sec/step with standard deviation 5.38973e-05
ENERGY:  185000       452.9991      1107.5449      1110.4398        68.3469        -114017.4870      9859.7345         0.0000         0.0000     18548.9500         -82869.4718       301.5476   -101418.4218    -82920.5858       302.1822             15.8538        17.3510    301840.1637        13.1123        13.7965

WRITING EXTENDED SYSTEM TO RESTART FILE AT STEP 185000
WRITING COORDINATES TO RESTART FILE AT STEP 185000
FINISHED WRITING RESTART COORDINATES
WRITING VELOCITIES TO RESTART FILE AT STEP 185000
FINISHED WRITING RESTART VELOCITIES
TIMING: 190000  CPU: 223.529, 0.00114756/step  Wall: 226.234, 0.00115572/step, 149.517 ns/days, 0.0995207 hours remaining, 0.000000 MB of memory in use.
PERFORMANCE: 190000  averaging 145.158 ns/day, 0.00119043 sec/step with standard deviation 5.34775e-05
ENERGY:  190000       412.2773      1167.3133      1095.6771        73.4182        -114022.2058      9834.5956         0.0000         0.0000     18744.6960         -82694.2283       304.7298   -101438.9242    -82894.7565       302.5095             54.7704        57.8909    300675.6049        22.4370        23.3452

WRITING EXTENDED SYSTEM TO RESTART FILE AT STEP 190000
WRITING COORDINATES TO RESTART FILE AT STEP 190000
FINISHED WRITING RESTART COORDINATES
WRITING VELOCITIES TO RESTART FILE AT STEP 190000
FINISHED WRITING RESTART VELOCITIES
TIMING: 195000  CPU: 229.327, 0.00115963/step  Wall: 232.068, 0.00116679/step, 148.098 ns/days, 0.0988534 hours remaining, 0.000000 MB of memory in use.
PERFORMANCE: 195000  averaging 145.232 ns/day, 0.00118982 sec/step with standard deviation 5.29047e-05
ENERGY:  195000       402.8039      1125.7982      1102.7076        77.2525        -113947.2625      9877.8613         0.0000         0.0000     18663.7737         -82697.0653       303.4143   -101360.8390    -82871.4074       302.6080            308.2683       304.6465    299198.4926        25.6037        26.3389

WRITING EXTENDED SYSTEM TO RESTART FILE AT STEP 195000
WRITING COORDINATES TO RESTART FILE AT STEP 195000
FINISHED WRITING RESTART COORDINATES
WRITING VELOCITIES TO RESTART FILE AT STEP 195000
FINISHED WRITING RESTART VELOCITIES
TIMING: 200000  CPU: 235.204, 0.00117537/step  Wall: 238.114, 0.00120921/step, 142.904 ns/days, 0.100767 hours remaining, 0.000000 MB of memory in use.
PERFORMANCE: 200000  averaging 145.172 ns/day, 0.00119031 sec/step with standard deviation 5.23118e-05
ETITLE:      TS           BOND          ANGLE          DIHED          IMPRP               ELECT            VDW       BOUNDARY           MISC        KINETIC               TOTAL           TEMP      POTENTIAL       TOTALAVG        TEMPAVG            PRESSURE      GPRESSURE         VOLUME       PRESSAVG      GPRESSAVG

ENERGY:  200000       412.3690      1140.0767      1093.9938        73.8585        -114097.6302      9734.1468         0.0000         0.0000     18765.6572         -82877.5281       305.0706   -101643.1853    -82871.7015       302.6664            -91.6346       -88.1372    300291.7784        21.3317        22.0935

WRITING EXTENDED SYSTEM TO RESTART FILE AT STEP 200000
WRITING COORDINATES TO RESTART FILE AT STEP 200000
FINISHED WRITING RESTART COORDINATES
WRITING VELOCITIES TO RESTART FILE AT STEP 200000
FINISHED WRITING RESTART VELOCITIES
TIMING: 205000  CPU: 240.987, 0.00115655/step  Wall: 243.923, 0.00116174/step, 148.743 ns/days, 0.0951978 hours remaining, 0.000000 MB of memory in use.
PERFORMANCE: 205000  averaging 145.257 ns/day, 0.00118961 sec/step with standard deviation 5.18462e-05
ENERGY:  205000       433.3292      1129.4521      1151.8195        72.7335        -114247.7306      9817.6713         0.0000         0.0000     18569.7372         -83072.9877       301.8856   -101642.7250    -82883.4509       302.5485              6.3968        -0.3001    299921.7623        17.1349        17.6793

WRITING EXTENDED SYSTEM TO RESTART FILE AT STEP 205000
WRITING COORDINATES TO RESTART FILE AT STEP 205000
FINISHED WRITING RESTART COORDINATES
WRITING VELOCITIES TO RESTART FILE AT STEP 205000
FINISHED WRITING RESTART VELOCITIES
TIMING: 210000  CPU: 247.1, 0.00122255/step  Wall: 250.078, 0.00123107/step, 140.366 ns/days, 0.0991692 hours remaining, 0.000000 MB of memory in use.
PERFORMANCE: 210000  averaging 145.137 ns/day, 0.0011906 sec/step with standard deviation 5.1608e-05
ENERGY:  210000       464.2367      1115.2778      1122.4764        83.7487        -114008.1265      9728.1246         0.0000         0.0000     18519.2159         -82975.0464       301.0643   -101494.2623    -82906.2029       302.3869            119.1830       117.2663    299097.9385        17.4483        17.7571

WRITING EXTENDED SYSTEM TO RESTART FILE AT STEP 210000
WRITING COORDINATES TO RESTART FILE AT STEP 210000
FINISHED WRITING RESTART COORDINATES
WRITING VELOCITIES TO RESTART FILE AT STEP 210000
FINISHED WRITING RESTART VELOCITIES
TIMING: 215000  CPU: 252.848, 0.00114972/step  Wall: 255.883, 0.00116094/step, 148.845 ns/days, 0.0919075 hours remaining, 0.000000 MB of memory in use.
PERFORMANCE: 215000  averaging 145.221 ns/day, 0.00118991 sec/step with standard deviation 5.11901e-05
ENERGY:  215000       428.7349      1164.3175      1090.2585        70.0734        -114490.6514      9864.5077         0.0000         0.0000     18580.7154         -83292.0440       302.0640   -101872.7595    -82934.8803       302.4870            120.9029       124.8246    298811.0363        29.9775        30.2795

WRITING EXTENDED SYSTEM TO RESTART FILE AT STEP 215000
WRITING COORDINATES TO RESTART FILE AT STEP 215000
FINISHED WRITING RESTART COORDINATES
WRITING VELOCITIES TO RESTART FILE AT STEP 215000
FINISHED WRITING RESTART VELOCITIES
TIMING: 220000  CPU: 258.557, 0.00114176/step  Wall: 261.66, 0.0011554/step, 149.559 ns/days, 0.0898645 hours remaining, 0.000000 MB of memory in use.
PERFORMANCE: 220000  averaging 145.317 ns/day, 0.00118912 sec/step with standard deviation 5.08582e-05
ENERGY:  220000       452.0651      1121.1031      1138.2803        71.1942        -114013.6611      9733.7593         0.0000         0.0000     18434.8667         -83062.3925       299.6930   -101497.2592    -82938.8606       302.4371            -94.7490       -95.7455    300836.3350        34.2351        34.4059

WRITING EXTENDED SYSTEM TO RESTART FILE AT STEP 220000
WRITING COORDINATES TO RESTART FILE AT STEP 220000
FINISHED WRITING RESTART COORDINATES
WRITING VELOCITIES TO RESTART FILE AT STEP 220000
FINISHED WRITING RESTART VELOCITIES
TIMING: 225000  CPU: 264.319, 0.00115235/step  Wall: 267.471, 0.00116218/step, 148.686 ns/days, 0.0887779 hours remaining, 0.000000 MB of memory in use.
PERFORMANCE: 225000  averaging 145.39 ns/day, 0.00118853 sec/step with standard deviation 5.04371e-05
ENERGY:  225000       440.9619      1122.3944      1110.9045        69.2981        -113861.0306      9639.8296         0.0000         0.0000     18629.2825         -82848.3597       302.8536   -101477.6422    -82937.1756       302.4504           -263.8422      -264.6600    302139.3634        16.9923        17.3378

WRITING EXTENDED SYSTEM TO RESTART FILE AT STEP 225000
WRITING COORDINATES TO RESTART FILE AT STEP 225000
FINISHED WRITING RESTART COORDINATES
WRITING VELOCITIES TO RESTART FILE AT STEP 225000
FINISHED WRITING RESTART VELOCITIES
TIMING: 230000  CPU: 270.038, 0.00114381/step  Wall: 273.246, 0.00115515/step, 149.591 ns/days, 0.0866363 hours remaining, 0.000000 MB of memory in use.
PERFORMANCE: 230000  averaging 145.479 ns/day, 0.0011878 sec/step with standard deviation 5.01157e-05
ENERGY:  230000       439.3537      1144.6335      1115.3386        74.5754        -114246.0055      9869.0128         0.0000         0.0000     18649.6658         -82953.4257       303.1850   -101603.0915    -82934.9035       302.4393             82.1554        87.6382    300655.0315        20.8631        21.3939

WRITING EXTENDED SYSTEM TO RESTART FILE AT STEP 230000
WRITING COORDINATES TO RESTART FILE AT STEP 230000
FINISHED WRITING RESTART COORDINATES
WRITING VELOCITIES TO RESTART FILE AT STEP 230000
FINISHED WRITING RESTART VELOCITIES
TIMING: 235000  CPU: 275.803, 0.001153/step  Wall: 279.077, 0.00116605/step, 148.193 ns/days, 0.0858342 hours remaining, 0.000000 MB of memory in use.
PERFORMANCE: 235000  averaging 145.536 ns/day, 0.00118734 sec/step with standard deviation 4.96694e-05
ENERGY:  235000       414.4059      1087.7052      1116.6365        68.2733        -113966.4063      9764.2351         0.0000         0.0000     18620.1871         -82894.9632       302.7057   -101515.1503    -82941.2656       302.3175             70.8768        73.3295    301315.4087        26.6273        27.1815

WRITING EXTENDED SYSTEM TO RESTART FILE AT STEP 235000
WRITING COORDINATES TO RESTART FILE AT STEP 235000
FINISHED WRITING RESTART COORDINATES
WRITING VELOCITIES TO RESTART FILE AT STEP 235000
FINISHED WRITING RESTART VELOCITIES
TIMING: 240000  CPU: 281.546, 0.0011486/step  Wall: 284.873, 0.00115935/step, 149.049 ns/days, 0.0837308 hours remaining, 0.000000 MB of memory in use.
PERFORMANCE: 240000  averaging 145.607 ns/day, 0.00118675 sec/step with standard deviation 4.9304e-05
ENERGY:  240000       418.3309      1110.8078      1102.3084        75.4678        -114460.8823     10017.1310         0.0000         0.0000     18563.8540         -83172.9824       301.7899   -101736.8365    -82957.6505       302.2683             -0.3514        -4.1147    301537.7314        32.6189        33.2756

WRITING EXTENDED SYSTEM TO RESTART FILE AT STEP 240000
WRITING COORDINATES TO RESTART FILE AT STEP 240000
FINISHED WRITING RESTART COORDINATES
WRITING VELOCITIES TO RESTART FILE AT STEP 240000
FINISHED WRITING RESTART VELOCITIES
TIMING: 245000  CPU: 287.49, 0.00118873/step  Wall: 290.882, 0.0012017/step, 143.796 ns/days, 0.0851206 hours remaining, 0.000000 MB of memory in use.
PERFORMANCE: 245000  averaging 145.57 ns/day, 0.00118706 sec/step with standard deviation 4.88344e-05
ENERGY:  245000       370.3073      1116.6594      1108.4361        84.4736        -114095.6958      9981.4390         0.0000         0.0000     18555.4329         -82878.9475       301.6530   -101434.3803    -82956.8519       302.3091            183.4619       184.4316    301499.7972        39.0255        39.8114

WRITING EXTENDED SYSTEM TO RESTART FILE AT STEP 245000
WRITING COORDINATES TO RESTART FILE AT STEP 245000
FINISHED WRITING RESTART COORDINATES
WRITING VELOCITIES TO RESTART FILE AT STEP 245000
FINISHED WRITING RESTART VELOCITIES
TIMING: 250000  CPU: 293.23, 0.00114802/step  Wall: 296.673, 0.00115817/step, 149.201 ns/days, 0.0804286 hours remaining, 0.000000 MB of memory in use.
PERFORMANCE: 250000  averaging 145.641 ns/day, 0.00118648 sec/step with standard deviation 4.85058e-05
ETITLE:      TS           BOND          ANGLE          DIHED          IMPRP               ELECT            VDW       BOUNDARY           MISC        KINETIC               TOTAL           TEMP      POTENTIAL       TOTALAVG        TEMPAVG            PRESSURE      GPRESSURE         VOLUME       PRESSAVG      GPRESSAVG

ENERGY:  250000       444.7649      1145.8320      1116.7372        70.7854        -113965.4610      9668.4779         0.0000         0.0000     18626.9762         -82891.8874       302.8161   -101518.8636    -82938.4993       302.5460           -112.2705      -107.7949    301283.5975        33.2406        34.2399

WRITING EXTENDED SYSTEM TO RESTART FILE AT STEP 250000
WRITING COORDINATES TO RESTART FILE AT STEP 250000
FINISHED WRITING RESTART COORDINATES
WRITING VELOCITIES TO RESTART FILE AT STEP 250000
FINISHED WRITING RESTART VELOCITIES
TIMING: 255000  CPU: 298.956, 0.00114523/step  Wall: 302.465, 0.00115847/step, 149.163 ns/days, 0.0788402 hours remaining, 0.000000 MB of memory in use.
PERFORMANCE: 255000  averaging 145.708 ns/day, 0.00118593 sec/step with standard deviation 4.81783e-05
ENERGY:  255000       453.1082      1175.7819      1132.6991        80.7865        -113905.6577      9607.6514         0.0000         0.0000     18566.3212         -82889.3094       301.8300   -101455.6306    -82950.9515       302.3939            -89.0905       -88.4783    300724.7319         5.7190         6.6964

WRITING EXTENDED SYSTEM TO RESTART FILE AT STEP 255000
WRITING COORDINATES TO RESTART FILE AT STEP 255000
FINISHED WRITING RESTART COORDINATES
WRITING VELOCITIES TO RESTART FILE AT STEP 255000
FINISHED WRITING RESTART VELOCITIES
TIMING: 260000  CPU: 304.717, 0.00115219/step  Wall: 308.291, 0.0011652/step, 148.301 ns/days, 0.0776797 hours remaining, 0.000000 MB of memory in use.
PERFORMANCE: 260000  averaging 145.757 ns/day, 0.00118553 sec/step with standard deviation 4.77902e-05
ENERGY:  260000       442.4996      1170.4446      1110.8566        76.8107        -114214.9393      9839.2405         0.0000         0.0000     18620.9245         -82954.1627       302.7177   -101575.0872    -82944.9546       302.4729           -115.5003      -113.7257    301684.6244        -4.5034        -3.6471

WRITING EXTENDED SYSTEM TO RESTART FILE AT STEP 260000
WRITING COORDINATES TO RESTART FILE AT STEP 260000
FINISHED WRITING RESTART COORDINATES
WRITING VELOCITIES TO RESTART FILE AT STEP 260000
FINISHED WRITING RESTART VELOCITIES
TIMING: 265000  CPU: 310.471, 0.00115079/step  Wall: 314.087, 0.00115909/step, 149.083 ns/days, 0.0756626 hours remaining, 0.000000 MB of memory in use.
PERFORMANCE: 265000  averaging 145.818 ns/day, 0.00118504 sec/step with standard deviation 4.74677e-05
ENERGY:  265000       439.0742      1147.3269      1132.4526        69.4592        -113433.3878      9298.3492         0.0000         0.0000     18533.5353         -82813.1904       301.2970   -101346.7257    -82935.1946       302.4878           -446.3118      -444.1846    301600.8320       -21.4400       -20.2816

WRITING EXTENDED SYSTEM TO RESTART FILE AT STEP 265000
WRITING COORDINATES TO RESTART FILE AT STEP 265000
FINISHED WRITING RESTART COORDINATES
WRITING VELOCITIES TO RESTART FILE AT STEP 265000
FINISHED WRITING RESTART VELOCITIES
TIMING: 270000  CPU: 316.225, 0.00115091/step  Wall: 319.905, 0.00116378/step, 148.482 ns/days, 0.0743525 hours remaining, 0.000000 MB of memory in use.
PERFORMANCE: 270000  averaging 145.867 ns/day, 0.00118464 sec/step with standard deviation 4.71067e-05
ENERGY:  270000       424.7182      1139.1443      1119.5918        69.2498        -113743.3443      9572.1614         0.0000         0.0000     18685.0734         -82733.4054       303.7606   -101418.4788    -82924.2202       302.5646           -241.1723      -248.5144    302155.0781       -33.8390       -33.0503

WRITING EXTENDED SYSTEM TO RESTART FILE AT STEP 270000
WRITING COORDINATES TO RESTART FILE AT STEP 270000
FINISHED WRITING RESTART COORDINATES
WRITING VELOCITIES TO RESTART FILE AT STEP 270000
FINISHED WRITING RESTART VELOCITIES
TIMING: 275000  CPU: 322.295, 0.0012139/step  Wall: 326.021, 0.00122305/step, 141.286 ns/days, 0.0764405 hours remaining, 0.000000 MB of memory in use.
PERFORMANCE: 275000  averaging 145.781 ns/day, 0.00118534 sec/step with standard deviation 4.69549e-05
ENERGY:  275000       410.3191      1131.9680      1107.2672        70.3388        -114033.2651      9834.9330         0.0000         0.0000     18358.5387         -83119.9002       298.4521   -101478.4389    -82926.3550       302.2541            -61.1446       -60.8710    301778.8118       -29.7073       -29.2850

WRITING EXTENDED SYSTEM TO RESTART FILE AT STEP 275000
WRITING COORDINATES TO RESTART FILE AT STEP 275000
FINISHED WRITING RESTART COORDINATES
WRITING VELOCITIES TO RESTART FILE AT STEP 275000
FINISHED WRITING RESTART VELOCITIES
TIMING: 280000  CPU: 328.02, 0.00114507/step  Wall: 331.801, 0.001156/step, 149.482 ns/days, 0.0706441 hours remaining, 0.000000 MB of memory in use.
PERFORMANCE: 280000  averaging 145.845 ns/day, 0.00118482 sec/step with standard deviation 4.6691e-05
ENERGY:  280000       455.6612      1144.5560      1106.7330        78.0419        -113647.7793      9642.6146         0.0000         0.0000     18581.7693         -82638.4033       302.0812   -101220.1727    -82916.4851       302.2306             51.4937        52.7095    301033.6939       -25.1352       -24.8219

WRITING EXTENDED SYSTEM TO RESTART FILE AT STEP 280000
WRITING COORDINATES TO RESTART FILE AT STEP 280000
FINISHED WRITING RESTART COORDINATES
WRITING VELOCITIES TO RESTART FILE AT STEP 280000
FINISHED WRITING RESTART VELOCITIES
TIMING: 285000  CPU: 333.764, 0.00114874/step  Wall: 337.617, 0.00116336/step, 148.536 ns/days, 0.0694782 hours remaining, 0.000000 MB of memory in use.
PERFORMANCE: 285000  averaging 145.892 ns/day, 0.00118444 sec/step with standard deviation 4.63595e-05
ENERGY:  285000       416.5334      1097.8108      1102.9433        67.1118        -114195.1661      9701.4340         0.0000         0.0000     18665.7065         -83143.6263       303.4457   -101809.3328    -82930.1928       302.3255           -183.7498      -184.4127    300632.1154       -35.1154       -34.9101

WRITING EXTENDED SYSTEM TO RESTART FILE AT STEP 285000
WRITING COORDINATES TO RESTART FILE AT STEP 285000
FINISHED WRITING RESTART COORDINATES
WRITING VELOCITIES TO RESTART FILE AT STEP 285000
FINISHED WRITING RESTART VELOCITIES
TIMING: 290000  CPU: 339.472, 0.00114157/step  Wall: 343.384, 0.00115325/step, 149.838 ns/days, 0.0672727 hours remaining, 0.000000 MB of memory in use.
PERFORMANCE: 290000  averaging 145.958 ns/day, 0.0011839 sec/step with standard deviation 4.61332e-05
ENERGY:  290000       440.3340      1087.8134      1123.6247        68.4438        -113676.3126      9544.1081         0.0000         0.0000     18734.2773         -82677.7113       304.5605   -101411.9885    -82929.3669       302.3170           -303.6393      -299.2963    299899.2642       -53.0359       -52.7694

WRITING EXTENDED SYSTEM TO RESTART FILE AT STEP 290000
WRITING COORDINATES TO RESTART FILE AT STEP 290000
FINISHED WRITING RESTART COORDINATES
WRITING VELOCITIES TO RESTART FILE AT STEP 290000
FINISHED WRITING RESTART VELOCITIES
TIMING: 295000  CPU: 345.219, 0.00114943/step  Wall: 349.194, 0.00116203/step, 148.706 ns/days, 0.066171 hours remaining, 0.000000 MB of memory in use.
PERFORMANCE: 295000  averaging 146.004 ns/day, 0.00118353 sec/step with standard deviation 4.58224e-05
ENERGY:  295000       429.2535      1155.0236      1103.1262        69.6538        -114302.9296     10019.3064         0.0000         0.0000     18734.0013         -82792.5648       304.5560   -101526.5661    -82934.1419       302.3741            119.6100       125.7316    301221.0423       -62.4688       -61.7152

WRITING EXTENDED SYSTEM TO RESTART FILE AT STEP 295000
WRITING COORDINATES TO RESTART FILE AT STEP 295000
FINISHED WRITING RESTART COORDINATES
WRITING VELOCITIES TO RESTART FILE AT STEP 295000
FINISHED WRITING RESTART VELOCITIES
TIMING: 300000  CPU: 350.981, 0.00115233/step  Wall: 355.011, 0.00116351/step, 148.516 ns/days, 0.0646397 hours remaining, 0.000000 MB of memory in use.
PERFORMANCE: 300000  averaging 146.045 ns/day, 0.0011832 sec/step with standard deviation 4.55058e-05
ETITLE:      TS           BOND          ANGLE          DIHED          IMPRP               ELECT            VDW       BOUNDARY           MISC        KINETIC               TOTAL           TEMP      POTENTIAL       TOTALAVG        TEMPAVG            PRESSURE      GPRESSURE         VOLUME       PRESSAVG      GPRESSAVG

ENERGY:  300000       445.3936      1123.2340      1130.9919        72.3669        -114300.3854      9831.9914         0.0000         0.0000     18670.0993         -83026.3083       303.5171   -101696.4076    -82941.5809       302.2964            -49.2368       -46.2016    300717.8001       -60.3489       -59.6184

WRITING EXTENDED SYSTEM TO RESTART FILE AT STEP 300000
WRITING COORDINATES TO RESTART FILE AT STEP 300000
FINISHED WRITING RESTART COORDINATES
WRITING VELOCITIES TO RESTART FILE AT STEP 300000
FINISHED WRITING RESTART VELOCITIES
TIMING: 305000  CPU: 356.852, 0.00117421/step  Wall: 360.949, 0.00118756/step, 145.509 ns/days, 0.0643261 hours remaining, 0.000000 MB of memory in use.
PERFORMANCE: 305000  averaging 146.036 ns/day, 0.00118327 sec/step with standard deviation 4.51284e-05
ENERGY:  305000       449.8770      1082.6770      1129.8155        78.7454        -114173.5009      9887.3017         0.0000         0.0000     18735.7051         -82809.3793       304.5837   -101545.0844    -82928.4005       302.4313            -55.6497       -55.5245    300293.9373       -63.4512       -62.3796

WRITING EXTENDED SYSTEM TO RESTART FILE AT STEP 305000
WRITING COORDINATES TO RESTART FILE AT STEP 305000
FINISHED WRITING RESTART COORDINATES
WRITING VELOCITIES TO RESTART FILE AT STEP 305000
FINISHED WRITING RESTART VELOCITIES
TIMING: 310000  CPU: 362.602, 0.00115011/step  Wall: 366.776, 0.00116544/step, 148.27 ns/days, 0.0615094 hours remaining, 0.000000 MB of memory in use.
PERFORMANCE: 310000  averaging 146.072 ns/day, 0.00118298 sec/step with standard deviation 4.48142e-05
ENERGY:  310000       418.1486      1143.2445      1111.7127        72.4101        -114186.3734      9722.4995         0.0000         0.0000     18574.3420         -83144.0160       301.9604   -101718.3580    -82936.8490       302.4761            113.2731       110.5889    300185.1288       -63.7467       -62.7135

WRITING EXTENDED SYSTEM TO RESTART FILE AT STEP 310000
WRITING COORDINATES TO RESTART FILE AT STEP 310000
FINISHED WRITING RESTART COORDINATES
WRITING VELOCITIES TO RESTART FILE AT STEP 310000
FINISHED WRITING RESTART VELOCITIES
TIMING: 315000  CPU: 368.557, 0.00119099/step  Wall: 372.772, 0.00119914/step, 144.103 ns/days, 0.0616225 hours remaining, 0.000000 MB of memory in use.
PERFORMANCE: 315000  averaging 146.04 ns/day, 0.00118324 sec/step with standard deviation 4.4498e-05
ENERGY:  315000       437.8134      1097.9037      1115.0412        76.1010        -114261.3332      9789.8916         0.0000         0.0000     18570.1869         -83174.3954       301.8929   -101744.5823    -82930.9666       302.4676            205.1840       205.7659    298800.2527       -59.5327       -58.6664

WRITING EXTENDED SYSTEM TO RESTART FILE AT STEP 315000
WRITING COORDINATES TO RESTART FILE AT STEP 315000
FINISHED WRITING RESTART COORDINATES
WRITING VELOCITIES TO RESTART FILE AT STEP 315000
FINISHED WRITING RESTART VELOCITIES
TIMING: 320000  CPU: 374.284, 0.00114545/step  Wall: 378.567, 0.001159/step, 149.094 ns/days, 0.05795 hours remaining, 0.000000 MB of memory in use.
PERFORMANCE: 320000  averaging 146.087 ns/day, 0.00118286 sec/step with standard deviation 4.42472e-05
ENERGY:  320000       425.8296      1134.1235      1106.0211        66.8756        -113568.9014      9585.0605         0.0000         0.0000     18731.2476         -82519.7435       304.5112   -101250.9911    -82903.8341       302.7085           -357.8811      -350.8742    304572.0186       -72.6893       -71.4229

WRITING EXTENDED SYSTEM TO RESTART FILE AT STEP 320000
WRITING COORDINATES TO RESTART FILE AT STEP 320000
FINISHED WRITING RESTART COORDINATES
WRITING VELOCITIES TO RESTART FILE AT STEP 320000
FINISHED WRITING RESTART VELOCITIES
TIMING: 325000  CPU: 380.091, 0.00116133/step  Wall: 384.418, 0.00117016/step, 147.673 ns/days, 0.0568826 hours remaining, 0.000000 MB of memory in use.
PERFORMANCE: 325000  averaging 146.111 ns/day, 0.00118266 sec/step with standard deviation 4.39284e-05
ENERGY:  325000       448.7172      1099.3065      1119.4185        70.9509        -113956.5170      9588.4091         0.0000         0.0000     18787.4306         -82842.2842       305.4246   -101629.7148    -82903.5303       302.8370           -219.7109      -218.9537    300005.7451       -70.4827       -69.1376

WRITING EXTENDED SYSTEM TO RESTART FILE AT STEP 325000
WRITING COORDINATES TO RESTART FILE AT STEP 325000
FINISHED WRITING RESTART COORDINATES
WRITING VELOCITIES TO RESTART FILE AT STEP 325000
FINISHED WRITING RESTART VELOCITIES
TIMING: 330000  CPU: 385.82, 0.00114587/step  Wall: 390.201, 0.00115655/step, 149.41 ns/days, 0.0546148 hours remaining, 0.000000 MB of memory in use.
PERFORMANCE: 330000  averaging 146.16 ns/day, 0.00118227 sec/step with standard deviation 4.37076e-05
ENERGY:  330000       435.4187      1140.2912      1111.8513        72.8889        -114250.8038      9993.8687         0.0000         0.0000     18658.5066         -82837.9782       303.3287   -101496.4849    -82897.7580       302.8442            211.7057       212.1246    299931.6367       -64.0052       -62.9132

WRITING EXTENDED SYSTEM TO RESTART FILE AT STEP 330000
WRITING COORDINATES TO RESTART FILE AT STEP 330000
FINISHED WRITING RESTART COORDINATES
WRITING VELOCITIES TO RESTART FILE AT STEP 330000
FINISHED WRITING RESTART VELOCITIES
TIMING: 335000  CPU: 391.531, 0.00114208/step  Wall: 395.986, 0.00115705/step, 149.345 ns/days, 0.0530315 hours remaining, 0.000000 MB of memory in use.
PERFORMANCE: 335000  averaging 146.206 ns/day, 0.00118189 sec/step with standard deviation 4.34845e-05
ENERGY:  335000       424.0444      1130.9305      1129.3589        70.4052        -113816.5578      9680.1387         0.0000         0.0000     18733.0756         -82648.6045       304.5409   -101381.6801    -82885.4400       302.9360           -162.4176      -162.2941    301353.6257       -75.6699       -74.6944

WRITING EXTENDED SYSTEM TO RESTART FILE AT STEP 335000
WRITING COORDINATES TO RESTART FILE AT STEP 335000
FINISHED WRITING RESTART COORDINATES
WRITING VELOCITIES TO RESTART FILE AT STEP 335000
FINISHED WRITING RESTART VELOCITIES
TIMING: 340000  CPU: 397.453, 0.00118438/step  Wall: 401.952, 0.00119329/step, 144.81 ns/days, 0.0530349 hours remaining, 0.000000 MB of memory in use.
PERFORMANCE: 340000  averaging 146.186 ns/day, 0.00118206 sec/step with standard deviation 4.31809e-05
ENERGY:  340000       436.8765      1153.2504      1117.4549        75.0501        -114175.4330      9828.5899         0.0000         0.0000     18383.2609         -83180.9502       298.8541   -101564.2111    -82885.8384       302.7892             35.0606        39.4916    299547.7994       -73.8993       -72.5141

WRITING EXTENDED SYSTEM TO RESTART FILE AT STEP 340000
WRITING COORDINATES TO RESTART FILE AT STEP 340000
FINISHED WRITING RESTART COORDINATES
WRITING VELOCITIES TO RESTART FILE AT STEP 340000
FINISHED WRITING RESTART VELOCITIES
TIMING: 345000  CPU: 403.182, 0.0011459/step  Wall: 407.732, 0.00115589/step, 149.495 ns/days, 0.0497675 hours remaining, 0.000000 MB of memory in use.
PERFORMANCE: 345000  averaging 146.233 ns/day, 0.00118168 sec/step with standard deviation 4.29778e-05
ENERGY:  345000       451.6184      1126.5152      1121.7770        67.4656        -114153.3911      9708.7333         0.0000         0.0000     18745.5745         -82931.7071       304.7441   -101677.2816    -82888.4764       302.9437            -14.6003       -16.6496    300574.1724       -83.8024       -82.5682

WRITING EXTENDED SYSTEM TO RESTART FILE AT STEP 345000
WRITING COORDINATES TO RESTART FILE AT STEP 345000
FINISHED WRITING RESTART COORDINATES
WRITING VELOCITIES TO RESTART FILE AT STEP 345000
FINISHED WRITING RESTART VELOCITIES
TIMING: 350000  CPU: 408.915, 0.00114658/step  Wall: 413.534, 0.00116051/step, 148.901 ns/days, 0.0483544 hours remaining, 0.000000 MB of memory in use.
PERFORMANCE: 350000  averaging 146.27 ns/day, 0.00118138 sec/step with standard deviation 4.27402e-05
ETITLE:      TS           BOND          ANGLE          DIHED          IMPRP               ELECT            VDW       BOUNDARY           MISC        KINETIC               TOTAL           TEMP      POTENTIAL       TOTALAVG        TEMPAVG            PRESSURE      GPRESSURE         VOLUME       PRESSAVG      GPRESSAVG

ENERGY:  350000       421.9334      1139.4843      1108.9586        63.6807        -114050.7883      9690.7012         0.0000         0.0000     18737.7329         -82888.2973       304.6167   -101626.0302    -82888.2969       303.0338            -79.1071       -77.0690    301359.7983       -82.1443       -81.0319

WRITING EXTENDED SYSTEM TO RESTART FILE AT STEP 350000
WRITING COORDINATES TO RESTART FILE AT STEP 350000
FINISHED WRITING RESTART COORDINATES
WRITING VELOCITIES TO RESTART FILE AT STEP 350000
FINISHED WRITING RESTART VELOCITIES
TIMING: 355000  CPU: 414.667, 0.00115044/step  Wall: 419.341, 0.00116128/step, 148.801 ns/days, 0.0467739 hours remaining, 0.000000 MB of memory in use.
PERFORMANCE: 355000  averaging 146.305 ns/day, 0.00118109 sec/step with standard deviation 4.25008e-05
ENERGY:  355000       431.9474      1144.0153      1104.0030        61.9689        -114150.8313      9792.7098         0.0000         0.0000     18536.3558         -83079.8310       301.3429   -101616.1868    -82897.8230       303.0094            -83.3667       -81.3975    300664.7791       -81.8581       -80.6778

WRITING EXTENDED SYSTEM TO RESTART FILE AT STEP 355000
WRITING COORDINATES TO RESTART FILE AT STEP 355000
FINISHED WRITING RESTART COORDINATES
WRITING VELOCITIES TO RESTART FILE AT STEP 355000
FINISHED WRITING RESTART VELOCITIES
TIMING: 360000  CPU: 420.366, 0.00113971/step  Wall: 425.14, 0.00115986/step, 148.983 ns/days, 0.0451057 hours remaining, 0.000000 MB of memory in use.
PERFORMANCE: 360000  averaging 146.342 ns/day, 0.0011808 sec/step with standard deviation 4.22746e-05
ENERGY:  360000       446.3804      1144.5785      1107.5033        65.0410        -114515.3695      9959.8752         0.0000         0.0000     18608.2162         -83183.7749       302.5111   -101791.9912    -82909.3036       302.9991            -26.8323       -21.5009    300280.1707       -77.4247       -76.0666

WRITING EXTENDED SYSTEM TO RESTART FILE AT STEP 360000
WRITING COORDINATES TO RESTART FILE AT STEP 360000
FINISHED WRITING RESTART COORDINATES
WRITING VELOCITIES TO RESTART FILE AT STEP 360000
FINISHED WRITING RESTART VELOCITIES
TIMING: 365000  CPU: 426.296, 0.00118598/step  Wall: 431.116, 0.00119526/step, 144.571 ns/days, 0.0448223 hours remaining, 0.000000 MB of memory in use.
PERFORMANCE: 365000  averaging 146.317 ns/day, 0.001181 sec/step with standard deviation 4.20141e-05
ENERGY:  365000       425.6438      1183.3410      1132.1804        79.7206        -114077.5135      9838.1525         0.0000         0.0000     18692.1573         -82726.3178       303.8757   -101418.4752    -82904.9600       303.1280             -0.3882         1.4676    300815.7917       -55.1285       -53.7840

WRITING EXTENDED SYSTEM TO RESTART FILE AT STEP 365000
WRITING COORDINATES TO RESTART FILE AT STEP 365000
FINISHED WRITING RESTART COORDINATES
WRITING VELOCITIES TO RESTART FILE AT STEP 365000
FINISHED WRITING RESTART VELOCITIES
TIMING: 370000  CPU: 432.075, 0.00115591/step  Wall: 436.939, 0.00116464/step, 148.372 ns/days, 0.0420564 hours remaining, 0.000000 MB of memory in use.
PERFORMANCE: 370000  averaging 146.344 ns/day, 0.00118078 sec/step with standard deviation 4.17686e-05
ENERGY:  370000       410.4526      1177.0724      1093.0384        76.7673        -113963.6322      9610.7569         0.0000         0.0000     18474.7879         -83120.7566       300.3420   -101595.5445    -82924.3275       302.9571           -251.4877      -254.5827    300714.6325       -55.6442       -54.0874

WRITING EXTENDED SYSTEM TO RESTART FILE AT STEP 370000
WRITING COORDINATES TO RESTART FILE AT STEP 370000
FINISHED WRITING RESTART COORDINATES
WRITING VELOCITIES TO RESTART FILE AT STEP 370000
FINISHED WRITING RESTART VELOCITIES
TIMING: 375000  CPU: 437.798, 0.0011446/step  Wall: 442.699, 0.00115196/step, 150.005 ns/days, 0.0399986 hours remaining, 0.000000 MB of memory in use.
PERFORMANCE: 375000  averaging 146.392 ns/day, 0.00118039 sec/step with standard deviation 4.16187e-05
ENERGY:  375000       445.5720      1193.6018      1107.1525        74.1590        -114250.6137      9879.7255         0.0000         0.0000     18447.5596         -83102.8434       299.8993   -101550.4029    -82923.4747       303.0294             99.5764       101.4022    299982.7290       -47.6082       -45.9737

WRITING EXTENDED SYSTEM TO RESTART FILE AT STEP 375000
WRITING COORDINATES TO RESTART FILE AT STEP 375000
FINISHED WRITING RESTART COORDINATES
WRITING VELOCITIES TO RESTART FILE AT STEP 375000
FINISHED WRITING RESTART VELOCITIES
TIMING: 380000  CPU: 443.579, 0.00115616/step  Wall: 448.595, 0.00117924/step, 146.535 ns/days, 0.039308 hours remaining, 0.000000 MB of memory in use.
PERFORMANCE: 380000  averaging 146.394 ns/day, 0.00118038 sec/step with standard deviation 4.13405e-05
ENERGY:  380000       425.6986      1130.6705      1113.2101        74.1394        -113825.5110      9750.2393         0.0000         0.0000     18515.4145         -82816.1386       301.0025   -101331.5531    -82932.3614       302.9755             75.1032        75.6250    300796.7378       -46.4277       -44.8280

WRITING EXTENDED SYSTEM TO RESTART FILE AT STEP 380000
WRITING COORDINATES TO RESTART FILE AT STEP 380000
FINISHED WRITING RESTART COORDINATES
WRITING VELOCITIES TO RESTART FILE AT STEP 380000
FINISHED WRITING RESTART VELOCITIES
TIMING: 385000  CPU: 449.336, 0.00115132/step  Wall: 454.387, 0.00115826/step, 149.19 ns/days, 0.0369999 hours remaining, 0.000000 MB of memory in use.
PERFORMANCE: 385000  averaging 146.43 ns/day, 0.00118009 sec/step with standard deviation 4.11449e-05
ENERGY:  385000       450.7015      1150.4423      1100.7344        69.4578        -113986.5703      9690.8569         0.0000         0.0000     18518.5559         -83005.8214       301.0535   -101524.3773    -82925.4712       302.8559            -16.5531       -12.6532    301066.3741       -38.0679       -36.2400

WRITING EXTENDED SYSTEM TO RESTART FILE AT STEP 385000
WRITING COORDINATES TO RESTART FILE AT STEP 385000
FINISHED WRITING RESTART COORDINATES
WRITING VELOCITIES TO RESTART FILE AT STEP 385000
FINISHED WRITING RESTART VELOCITIES
TIMING: 390000  CPU: 455.071, 0.00114711/step  Wall: 460.16, 0.00115467/step, 149.654 ns/days, 0.0352815 hours remaining, 0.000000 MB of memory in use.
PERFORMANCE: 390000  averaging 146.47 ns/day, 0.00117976 sec/step with standard deviation 4.09781e-05
ENERGY:  390000       430.0367      1093.6249      1114.6646        71.5864        -114166.4160      9759.6589         0.0000         0.0000     18467.8553         -83228.9891       300.2293   -101696.8444    -82953.0351       302.6393             27.3782        27.0315    299791.5989       -21.5170       -19.9236

WRITING EXTENDED SYSTEM TO RESTART FILE AT STEP 390000
WRITING COORDINATES TO RESTART FILE AT STEP 390000
FINISHED WRITING RESTART COORDINATES
WRITING VELOCITIES TO RESTART FILE AT STEP 390000
FINISHED WRITING RESTART VELOCITIES
TIMING: 395000  CPU: 460.828, 0.00115138/step  Wall: 465.953, 0.00115848/step, 149.161 ns/days, 0.0337891 hours remaining, 0.000000 MB of memory in use.
PERFORMANCE: 395000  averaging 146.503 ns/day, 0.00117949 sec/step with standard deviation 4.07849e-05
ENERGY:  395000       403.8307      1152.5041      1107.8454        74.6079        -114148.5616      9721.9131         0.0000         0.0000     18634.3330         -83053.5274       302.9357   -101687.8603    -82966.0832       302.5583             22.3515        20.5940    299186.4693       -26.3799       -25.1805

WRITING EXTENDED SYSTEM TO RESTART FILE AT STEP 395000
WRITING COORDINATES TO RESTART FILE AT STEP 395000
FINISHED WRITING RESTART COORDINATES
WRITING VELOCITIES TO RESTART FILE AT STEP 395000
FINISHED WRITING RESTART VELOCITIES
TIMING: 400000  CPU: 466.568, 0.00114805/step  Wall: 471.734, 0.00115637/step, 149.433 ns/days, 0.0321213 hours remaining, 0.000000 MB of memory in use.
PERFORMANCE: 400000  averaging 146.539 ns/day, 0.00117921 sec/step with standard deviation 4.06083e-05
ETITLE:      TS           BOND          ANGLE          DIHED          IMPRP               ELECT            VDW       BOUNDARY           MISC        KINETIC               TOTAL           TEMP      POTENTIAL       TOTALAVG        TEMPAVG            PRESSURE      GPRESSURE         VOLUME       PRESSAVG      GPRESSAVG

ENERGY:  400000       462.8554      1123.3511      1108.0199        70.3369        -114147.9529      9745.7570         0.0000         0.0000     18616.9444         -83020.6881       302.6530   -101637.6326    -82965.8022       302.5151              1.4982         0.6652    300529.5826       -23.8432       -22.8371

WRITING EXTENDED SYSTEM TO RESTART FILE AT STEP 400000
WRITING COORDINATES TO RESTART FILE AT STEP 400000
FINISHED WRITING RESTART COORDINATES
WRITING VELOCITIES TO RESTART FILE AT STEP 400000
FINISHED WRITING RESTART VELOCITIES
TIMING: 405000  CPU: 473.053, 0.00129698/step  Wall: 478.29, 0.00131114/step, 131.794 ns/days, 0.0345995 hours remaining, 0.000000 MB of memory in use.
PERFORMANCE: 405000  averaging 146.337 ns/day, 0.00118083 sec/step with standard deviation 4.29339e-05
ENERGY:  405000       431.2376      1137.7787      1091.7601        73.4935        -114380.0823      9963.8156         0.0000         0.0000     18556.5696         -83125.4272       301.6715   -101681.9969    -82981.6046       302.3695             51.8115        55.8139    301304.3325       -18.4701       -17.2702

WRITING EXTENDED SYSTEM TO RESTART FILE AT STEP 405000
WRITING COORDINATES TO RESTART FILE AT STEP 405000
FINISHED WRITING RESTART COORDINATES
WRITING VELOCITIES TO RESTART FILE AT STEP 405000
FINISHED WRITING RESTART VELOCITIES
TIMING: 410000  CPU: 478.833, 0.00115597/step  Wall: 484.104, 0.00116287/step, 148.598 ns/days, 0.0290717 hours remaining, 0.000000 MB of memory in use.
PERFORMANCE: 410000  averaging 146.364 ns/day, 0.00118062 sec/step with standard deviation 4.27142e-05
ENERGY:  410000       426.5023      1142.0485      1097.2558        69.4019        -113996.8945      9499.6796         0.0000         0.0000     18423.5945         -83338.4118       299.5097   -101762.0064    -82991.3244       302.2470           -187.6772      -187.6926    300641.6036       -33.5176       -32.1843

WRITING EXTENDED SYSTEM TO RESTART FILE AT STEP 410000
WRITING COORDINATES TO RESTART FILE AT STEP 410000
FINISHED WRITING RESTART COORDINATES
WRITING VELOCITIES TO RESTART FILE AT STEP 410000
FINISHED WRITING RESTART VELOCITIES
TIMING: 415000  CPU: 484.851, 0.00120352/step  Wall: 490.151, 0.00120939/step, 142.882 ns/days, 0.0285549 hours remaining, 0.000000 MB of memory in use.
PERFORMANCE: 415000  averaging 146.321 ns/day, 0.00118096 sec/step with standard deviation 4.25702e-05
ENERGY:  415000       449.1145      1124.7986      1101.1478        67.5798        -113879.4682      9658.0468         0.0000         0.0000     18625.1129         -82853.6678       302.7858   -101478.7807    -82975.2880       302.2916            -56.3075       -54.7353    300839.9446       -46.5922       -45.2094

WRITING EXTENDED SYSTEM TO RESTART FILE AT STEP 415000
WRITING COORDINATES TO RESTART FILE AT STEP 415000
FINISHED WRITING RESTART COORDINATES
WRITING VELOCITIES TO RESTART FILE AT STEP 415000
FINISHED WRITING RESTART VELOCITIES
TIMING: 420000  CPU: 490.582, 0.00114625/step  Wall: 495.929, 0.0011555/step, 149.546 ns/days, 0.0256778 hours remaining, 0.000000 MB of memory in use.
PERFORMANCE: 420000  averaging 146.359 ns/day, 0.00118066 sec/step with standard deviation 4.24041e-05
ENERGY:  420000       410.6929      1134.4594      1101.6834        69.7554        -113972.7387      9752.0157         0.0000         0.0000     18488.9280         -83015.2038       300.5719   -101504.1318    -83000.0610       302.0946            -22.3924       -23.7501    301120.8264       -29.8178       -28.8531

WRITING EXTENDED SYSTEM TO RESTART FILE AT STEP 420000
WRITING COORDINATES TO RESTART FILE AT STEP 420000
FINISHED WRITING RESTART COORDINATES
WRITING VELOCITIES TO RESTART FILE AT STEP 420000
FINISHED WRITING RESTART VELOCITIES
TIMING: 425000  CPU: 496.337, 0.00115096/step  Wall: 501.718, 0.00115789/step, 149.237 ns/days, 0.0241226 hours remaining, 0.000000 MB of memory in use.
PERFORMANCE: 425000  averaging 146.392 ns/day, 0.00118039 sec/step with standard deviation 4.22232e-05
ENERGY:  425000       451.7083      1112.3693      1115.6005        84.1893        -114034.4034      9576.0113         0.0000         0.0000     18697.8289         -82996.6958       303.9679   -101694.5247    -83007.7816       302.0218           -258.6867      -254.3135    299840.1862       -31.7666       -30.6211

WRITING EXTENDED SYSTEM TO RESTART FILE AT STEP 425000
WRITING COORDINATES TO RESTART FILE AT STEP 425000
FINISHED WRITING RESTART COORDINATES
WRITING VELOCITIES TO RESTART FILE AT STEP 425000
FINISHED WRITING RESTART VELOCITIES
TIMING: 430000  CPU: 502.098, 0.00115233/step  Wall: 507.515, 0.00115926/step, 149.06 ns/days, 0.0225413 hours remaining, 0.000000 MB of memory in use.
PERFORMANCE: 430000  averaging 146.423 ns/day, 0.00118014 sec/step with standard deviation 4.20359e-05
ENERGY:  430000       427.1028      1134.3184      1120.2255        73.9200        -113993.3815      9457.0386         0.0000         0.0000     18579.0831         -83201.6930       302.0375   -101780.7761    -83025.9673       301.9573           -150.8399      -148.3558    299082.7318       -49.8939       -48.6452

WRITING EXTENDED SYSTEM TO RESTART FILE AT STEP 430000
WRITING COORDINATES TO RESTART FILE AT STEP 430000
FINISHED WRITING RESTART COORDINATES
WRITING VELOCITIES TO RESTART FILE AT STEP 430000
FINISHED WRITING RESTART VELOCITIES
TIMING: 435000  CPU: 507.831, 0.00114643/step  Wall: 513.281, 0.00115321/step, 149.842 ns/days, 0.0208219 hours remaining, 0.000000 MB of memory in use.
PERFORMANCE: 435000  averaging 146.461 ns/day, 0.00117984 sec/step with standard deviation 4.18904e-05
ENERGY:  435000       439.9873      1134.2273      1138.9353        60.0101        -114147.7083      9782.8061         0.0000         0.0000     18585.3288         -83006.4135       302.1390   -101591.7422    -83043.8578       301.8372            -56.2614       -57.9755    301884.9601       -44.5860       -43.4292

WRITING EXTENDED SYSTEM TO RESTART FILE AT STEP 435000
WRITING COORDINATES TO RESTART FILE AT STEP 435000
FINISHED WRITING RESTART COORDINATES
WRITING VELOCITIES TO RESTART FILE AT STEP 435000
FINISHED WRITING RESTART VELOCITIES
TIMING: 440000  CPU: 513.599, 0.00115363/step  Wall: 519.081, 0.00116012/step, 148.95 ns/days, 0.0193353 hours remaining, 0.000000 MB of memory in use.
PERFORMANCE: 440000  averaging 146.489 ns/day, 0.00117961 sec/step with standard deviation 4.1702e-05
ENERGY:  440000       420.9559      1103.7117      1105.3279        72.4135        -114305.3729      9889.3059         0.0000         0.0000     18452.4660         -83261.1920       299.9791   -101713.6580    -83047.8699       301.8934           -115.5816      -114.6845    300817.8677       -52.1182       -51.1380

WRITING EXTENDED SYSTEM TO RESTART FILE AT STEP 440000
WRITING COORDINATES TO RESTART FILE AT STEP 440000
FINISHED WRITING RESTART COORDINATES
WRITING VELOCITIES TO RESTART FILE AT STEP 440000
FINISHED WRITING RESTART VELOCITIES
TIMING: 445000  CPU: 519.328, 0.00114587/step  Wall: 524.849, 0.00115348/step, 149.808 ns/days, 0.0176226 hours remaining, 0.000000 MB of memory in use.
PERFORMANCE: 445000  averaging 146.525 ns/day, 0.00117932 sec/step with standard deviation 4.15568e-05
ENERGY:  445000       424.6099      1136.0158      1120.8366        71.2281        -114329.9200      9868.4191         0.0000         0.0000     18627.7949         -83081.0155       302.8294   -101708.8104    -83055.3353       301.7977            109.3897       105.5447    300370.2044       -45.9187       -45.0283

WRITING EXTENDED SYSTEM TO RESTART FILE AT STEP 445000
WRITING COORDINATES TO RESTART FILE AT STEP 445000
FINISHED WRITING RESTART COORDINATES
WRITING VELOCITIES TO RESTART FILE AT STEP 445000
FINISHED WRITING RESTART VELOCITIES
TIMING: 450000  CPU: 525.086, 0.0011515/step  Wall: 530.632, 0.00115665/step, 149.397 ns/days, 0.0160646 hours remaining, 0.000000 MB of memory in use.
PERFORMANCE: 450000  averaging 146.557 ns/day, 0.00117907 sec/step with standard deviation 4.13917e-05
ETITLE:      TS           BOND          ANGLE          DIHED          IMPRP               ELECT            VDW       BOUNDARY           MISC        KINETIC               TOTAL           TEMP      POTENTIAL       TOTALAVG        TEMPAVG            PRESSURE      GPRESSURE         VOLUME       PRESSAVG      GPRESSAVG

ENERGY:  450000       397.6783      1130.6559      1107.9120        60.2850        -114116.0487      9752.4469         0.0000         0.0000     18622.6016         -83044.4691       302.7450   -101667.0707    -83063.1439       301.7041             -8.4091        -6.1911    300853.6188       -42.3838       -41.4844

WRITING EXTENDED SYSTEM TO RESTART FILE AT STEP 450000
WRITING COORDINATES TO RESTART FILE AT STEP 450000
FINISHED WRITING RESTART COORDINATES
WRITING VELOCITIES TO RESTART FILE AT STEP 450000
FINISHED WRITING RESTART VELOCITIES
TIMING: 455000  CPU: 531.484, 0.00127974/step  Wall: 537.067, 0.00128704/step, 134.262 ns/days, 0.016088 hours remaining, 0.000000 MB of memory in use.
PERFORMANCE: 455000  averaging 146.409 ns/day, 0.00118025 sec/step with standard deviation 4.2689e-05
ENERGY:  455000       446.6838      1168.1880      1098.2761        68.6106        -113803.2777      9576.1636         0.0000         0.0000     18516.6623         -82928.6933       301.0227   -101445.3556    -83055.5870       301.6881           -132.7848      -141.9234    299876.8147       -44.8547       -44.5107

WRITING EXTENDED SYSTEM TO RESTART FILE AT STEP 455000
WRITING COORDINATES TO RESTART FILE AT STEP 455000
FINISHED WRITING RESTART COORDINATES
WRITING VELOCITIES TO RESTART FILE AT STEP 455000
FINISHED WRITING RESTART VELOCITIES
TIMING: 460000  CPU: 537.216, 0.00114626/step  Wall: 542.833, 0.00115323/step, 149.84 ns/days, 0.0128137 hours remaining, 0.000000 MB of memory in use.
PERFORMANCE: 460000  averaging 146.446 ns/day, 0.00117996 sec/step with standard deviation 4.25471e-05
ENERGY:  460000       455.1337      1132.1721      1130.8725        81.2139        -114307.2149      9934.1782         0.0000         0.0000     18686.1376         -82887.5068       303.7779   -101573.6445    -83040.7736       301.7514            114.7386       108.6358    300159.4617       -37.7761       -38.0039

WRITING EXTENDED SYSTEM TO RESTART FILE AT STEP 460000
WRITING COORDINATES TO RESTART FILE AT STEP 460000
FINISHED WRITING RESTART COORDINATES
WRITING VELOCITIES TO RESTART FILE AT STEP 460000
FINISHED WRITING RESTART VELOCITIES
TIMING: 465000  CPU: 542.954, 0.00114765/step  Wall: 548.607, 0.00115484/step, 149.631 ns/days, 0.0112276 hours remaining, 0.000000 MB of memory in use.
PERFORMANCE: 465000  averaging 146.479 ns/day, 0.00117969 sec/step with standard deviation 4.23954e-05
ENERGY:  465000       454.3722      1097.3331      1101.3594        67.8904        -114024.1759      9724.1430         0.0000         0.0000     18496.3158         -83082.7620       300.6920   -101579.0778    -83058.5958       301.5922            -79.5568       -83.9948    300015.0293       -41.7345       -42.2770

WRITING EXTENDED SYSTEM TO RESTART FILE AT STEP 465000
WRITING COORDINATES TO RESTART FILE AT STEP 465000
FINISHED WRITING RESTART COORDINATES
WRITING VELOCITIES TO RESTART FILE AT STEP 465000
FINISHED WRITING RESTART VELOCITIES
TIMING: 470000  CPU: 548.704, 0.00114996/step  Wall: 554.393, 0.00115708/step, 149.342 ns/days, 0.00964232 hours remaining, 0.000000 MB of memory in use.
PERFORMANCE: 470000  averaging 146.509 ns/day, 0.00117945 sec/step with standard deviation 4.22313e-05
ENERGY:  470000       456.0834      1159.5134      1123.7426        80.7711        -114082.2146      9736.7452         0.0000         0.0000     18620.7447         -82904.6141       302.7148   -101525.3588    -83047.7887       301.7109           -119.0657      -119.2753    300228.4798       -35.1134       -35.5116

WRITING EXTENDED SYSTEM TO RESTART FILE AT STEP 470000
WRITING COORDINATES TO RESTART FILE AT STEP 470000
FINISHED WRITING RESTART COORDINATES
WRITING VELOCITIES TO RESTART FILE AT STEP 470000
FINISHED WRITING RESTART VELOCITIES
TIMING: 475000  CPU: 554.456, 0.0011504/step  Wall: 560.178, 0.0011571/step, 149.339 ns/days, 0.00803539 hours remaining, 0.000000 MB of memory in use.
PERFORMANCE: 475000  averaging 146.538 ns/day, 0.00117921 sec/step with standard deviation 4.20686e-05
ENERGY:  475000       429.2045      1204.0193      1102.8739        66.3667        -114111.8747      9520.6563         0.0000         0.0000     18518.4782         -83270.2759       301.0523   -101788.7541    -83056.1603       301.7685           -206.3950      -206.8802    300383.9238       -50.4120       -50.9258

WRITING EXTENDED SYSTEM TO RESTART FILE AT STEP 475000
WRITING COORDINATES TO RESTART FILE AT STEP 475000
FINISHED WRITING RESTART COORDINATES
WRITING VELOCITIES TO RESTART FILE AT STEP 475000
FINISHED WRITING RESTART VELOCITIES
TIMING: 480000  CPU: 560.291, 0.00116715/step  Wall: 566.051, 0.00117456/step, 147.118 ns/days, 0.00652536 hours remaining, 0.000000 MB of memory in use.
PERFORMANCE: 480000  averaging 146.544 ns/day, 0.00117916 sec/step with standard deviation 4.18493e-05
ENERGY:  480000       423.2218      1119.6901      1120.4850        73.9030        -114143.3960      9889.5581         0.0000         0.0000     18524.9737         -82991.5644       301.1579   -101516.5381    -83064.9316       301.7763            215.1493       213.8654    300291.1977       -43.4097       -44.0137

WRITING EXTENDED SYSTEM TO RESTART FILE AT STEP 480000
WRITING COORDINATES TO RESTART FILE AT STEP 480000
FINISHED WRITING RESTART COORDINATES
WRITING VELOCITIES TO RESTART FILE AT STEP 480000
FINISHED WRITING RESTART VELOCITIES
TIMING: 485000  CPU: 565.999, 0.00114152/step  Wall: 571.793, 0.00114829/step, 150.485 ns/days, 0.00478452 hours remaining, 0.000000 MB of memory in use.
PERFORMANCE: 485000  averaging 146.584 ns/day, 0.00117885 sec/step with standard deviation 4.17486e-05
ENERGY:  485000       422.3255      1121.9086      1126.6058        76.5895        -114017.5227      9920.2988         0.0000         0.0000     18633.8563         -82715.9382       302.9279   -101349.7945    -83050.4374       301.8700            349.0055       353.6534    300293.7541       -25.1318       -25.6984

WRITING EXTENDED SYSTEM TO RESTART FILE AT STEP 485000
WRITING COORDINATES TO RESTART FILE AT STEP 485000
FINISHED WRITING RESTART COORDINATES
WRITING VELOCITIES TO RESTART FILE AT STEP 485000
FINISHED WRITING RESTART VELOCITIES
TIMING: 490000  CPU: 571.751, 0.00115034/step  Wall: 577.581, 0.00115769/step, 149.262 ns/days, 0.00321582 hours remaining, 0.000000 MB of memory in use.
PERFORMANCE: 490000  averaging 146.611 ns/day, 0.00117863 sec/step with standard deviation 4.15878e-05
ENERGY:  490000       427.3455      1126.8382      1115.7188        80.2494        -114658.3767     10111.0397         0.0000         0.0000     18523.1755         -83274.0094       301.1286   -101797.1849    -83052.6885       301.9150            175.7462       175.1478    299859.9827       -17.7134       -18.2926

WRITING EXTENDED SYSTEM TO RESTART FILE AT STEP 490000
WRITING COORDINATES TO RESTART FILE AT STEP 490000
FINISHED WRITING RESTART COORDINATES
WRITING VELOCITIES TO RESTART FILE AT STEP 490000
FINISHED WRITING RESTART VELOCITIES
TIMING: 495000  CPU: 577.477, 0.00114527/step  Wall: 583.338, 0.00115131/step, 150.09 ns/days, 0.00159904 hours remaining, 0.000000 MB of memory in use.
PERFORMANCE: 495000  averaging 146.645 ns/day, 0.00117835 sec/step with standard deviation 4.14661e-05
ENERGY:  495000       433.4944      1130.9378      1105.5325        63.2054        -113870.7771      9720.2385         0.0000         0.0000     18654.2068         -82763.1617       303.2588   -101417.3685    -83038.1702       301.9311           -110.2736      -113.3668    301917.5801       -24.3446       -24.9906

WRITING EXTENDED SYSTEM TO RESTART FILE AT STEP 495000
WRITING COORDINATES TO RESTART FILE AT STEP 495000
FINISHED WRITING RESTART COORDINATES
WRITING VELOCITIES TO RESTART FILE AT STEP 495000
FINISHED WRITING RESTART VELOCITIES
TIMING: 500000  CPU: 583.244, 0.00115335/step  Wall: 589.138, 0.00116014/step, 148.947 ns/days, 0 hours remaining, 0.000000 MB of memory in use.
PERFORMANCE: 500000  averaging 146.668 ns/day, 0.00117817 sec/step with standard deviation 4.12963e-05
ETITLE:      TS           BOND          ANGLE          DIHED          IMPRP               ELECT            VDW       BOUNDARY           MISC        KINETIC               TOTAL           TEMP      POTENTIAL       TOTALAVG        TEMPAVG            PRESSURE      GPRESSURE         VOLUME       PRESSAVG      GPRESSAVG

ENERGY:  500000       421.9074      1105.4661      1133.0093        74.7098        -114115.6336      9780.3120         0.0000         0.0000     18539.5749         -83060.6541       301.3952   -101600.2290    -83040.1685       301.8682           -162.4383      -162.8865    301211.1799       -32.5415       -33.1682

WRITING EXTENDED SYSTEM TO RESTART FILE AT STEP 500000
WRITING COORDINATES TO RESTART FILE AT STEP 500000
FINISHED WRITING RESTART COORDINATES
WRITING VELOCITIES TO RESTART FILE AT STEP 500000
FINISHED WRITING RESTART VELOCITIES
WRITING EXTENDED SYSTEM TO OUTPUT FILE AT STEP 500000
WRITING COORDINATES TO OUTPUT FILE AT STEP 500000
WRITING VELOCITIES TO OUTPUT FILE AT STEP 500000
====================================================

WallClock: 590.246582  CPUTime: 586.214722  Memory: 0.000000 MB
[Partition 0][Node 0] End of program
