Charm++: standalone mode (not using charmrun)
Charm++> Running in Multicore mode: 6 threads (PEs)
Charm++> Using recursive bisection (scheme 3) for topology aware partitions
Converse/Charm++ Commit ID: v80000
CharmLB> Load balancer assumes all CPUs are same.
Charm++> Running on 1 hosts (2 sockets x 24 cores x 1 PUs = 48-way SMP)
Charm++> cpu topology info is gathered in 0.001 seconds.
Info: Built with CUDA version 11080
Pe 0 physical rank 0 will use CUDA device of pe 4
Pe 5 physical rank 5 will use CUDA device of pe 4
Pe 1 physical rank 1 will use CUDA device of pe 4
Pe 3 physical rank 3 will use CUDA device of pe 4
Pe 2 physical rank 2 will use CUDA device of pe 4
Pe 4 physical rank 4 binding to CUDA device 0 on sg012: 'NVIDIA A100-SXM4-80GB'  Mem: 81155MB  Rev: 8.0  PCI: 0:1:0
CharmLB> Load balancing instrumentation for communication is off.
Info: NAMD 3.1alpha2 for Linux-x86_64-multicore-CUDA
Info: 
Info: Please visit http://www.ks.uiuc.edu/Research/namd/
Info: for updates, documentation, and support information.
Info: 
Info: Please cite Phillips et al., J. Chem. Phys. 153:044130 (2020) doi:10.1063/5.0014475
Info: in all publications reporting results obtained with NAMD.
Info: 
Info: Based on Charm++/Converse 80000 for multicore-linux-x86_64
Info: Built Wed Feb 26 02:26:55 MST 2025 by athiru12 on sg005
Info: 1 NAMD  3.1alpha2  Linux-x86_64-multicore-CUDA  6    sg012  athiru12
Info: Running on 6 processors, 1 nodes, 1 physical nodes.
Info: CPU topology information available.
Info: Charm++/Converse parallel runtime startup completed at 0.765898 s
CkLoopLib is used in SMP with simple dynamic scheduling (converse-level notification)
Info: 0 MB of memory in use based on /proc/self/stat
Info: Configuration file is input/step5_vanilla_6_run.inp
Info: Changed directory to input
TCL: Suspending until startup complete.
Warning: Option "1-4scaling" has been deprecated. Instead use "oneFourScaling".
Warning: Option "CUDASOAintegrate" has been deprecated. Instead use "GPUresident".
Info: EXTENDED SYSTEM FILE   ../output/step4_equilibration.xsc
Info: Tuning parameters to improve GPU-resident performance
Info: Setting margin to 4
Warning: The Langevin gamma parameters differ over the particles,
Warning: requiring extra work per step to constrain rigid bonds.
Info: Enabling PMEOffload because PMEInterpOrder > 4.
Info: Running with GPU-resident mode
Warning: Always using force tables for GPU nonbonded kernel due to unsupported config parameters.
Info: SIMULATION PARAMETERS:
Info: TIMESTEP               2
Info: NUMBER OF STEPS        500000
Info: STEPS PER CYCLE        20
Info: PERIODIC CELL BASIS 1  69 0 0
Info: PERIODIC CELL BASIS 2  0 69 0
Info: PERIODIC CELL BASIS 3  0 0 69
Info: PERIODIC CELL CENTER   0 0 0
Info: WRAPPING WATERS AROUND PERIODIC BOUNDARIES ON OUTPUT.
Info: WRAPPING ALL CLUSTERS AROUND PERIODIC BOUNDARIES ON OUTPUT.
Info: LOAD BALANCER  Centralized
Info: LOAD BALANCING STRATEGY  New Load Balancers -- DEFAULT
Info: LDB PERIOD             4000 steps
Info: FIRST LDB TIMESTEP     100
Info: LAST LDB TIMESTEP     -1
Info: LDB BACKGROUND SCALING 1
Info: HOM BACKGROUND SCALING 1
Info: PME BACKGROUND SCALING 1
Info: MIN ATOMS PER PATCH    40
Info: EMPTY PATCH LOAD       40 ATOMS
Info: VELOCITY FILE          ../output/step4_equilibration.vel
Info: CENTER OF MASS MOVING INITIALLY? NO
Info: DIELECTRIC             1
Info: EXCLUDE                SCALED ONE-FOUR
Info: 1-4 ELECTROSTATICS SCALED BY 1
Info: MODIFIED 1-4 VDW PARAMETERS WILL BE USED
Info: NO DCD TRAJECTORY OUTPUT
Info: NO EXTENDED SYSTEM TRAJECTORY OUTPUT
Info: NO VELOCITY DCD OUTPUT
Info: NO FORCE DCD OUTPUT
Info: OUTPUT FILENAME        ../output/run-1/step5_vanilla_6_1
Info: BINARY OUTPUT FILES WILL BE USED
Info: RESTART FILENAME       ../output/run-1/step5_vanilla_6_1.restart
Info: RESTART FREQUENCY      5000
Info: BINARY RESTART FILES WILL BE USED
Info: SWITCHING ACTIVE
Info: VDW FORCE SWITCHING ACTIVE
Info: SWITCHING ON           10
Info: SWITCHING OFF          12
Info: PAIRLIST DISTANCE      16
Info: PAIRLIST SHRINK RATE   0.01
Info: PAIRLIST GROW RATE     0.01
Info: PAIRLIST TRIGGER       0.3
Info: PAIRLISTS PER CYCLE    2
Info: PAIRLISTS ENABLED
Info: MARGIN                 4
Info: HYDROGEN GROUP CUTOFF  2.5
Info: PATCH DIMENSION        22.5
Info: ENERGY OUTPUT STEPS    5000
Info: ENERGY EVALUATION STEPS    5000
Info: OUTPUT ENERGY PRECISION 4
Info: CROSSTERM ENERGY INCLUDED IN DIHEDRAL
Info: TIMING OUTPUT STEPS    5000
Info: LANGEVIN DYNAMICS ACTIVE
Info: LANGEVIN TEMPERATURE   303.15
Info: LANGEVIN USING BBK INTEGRATOR
Info: LANGEVIN DAMPING COEFFICIENT IS 1 INVERSE PS
Info: LANGEVIN DYNAMICS NOT APPLIED TO HYDROGENS
Info: LANGEVIN PISTON PRESSURE CONTROL ACTIVE
Info:        TARGET PRESSURE IS 1.01325 BAR
Info:     OSCILLATION PERIOD IS 50 FS
Info:             DECAY TIME IS 25 FS
Info:     PISTON TEMPERATURE IS 303.15 K
Info:       PRESSURE CONTROL IS GROUP-BASED
Info:    INITIAL STRAIN RATE IS 0 0 0
Info:       CELL FLUCTUATION IS ISOTROPIC
Info: PARTICLE MESH EWALD (PME) ACTIVE
Info: PME TOLERANCE               1e-06
Info: PME EWALD COEFFICIENT       0.257952
Info: PME INTERPOLATION ORDER     6
Info: PME GRID DIMENSIONS         72 72 72
Info: PME MAXIMUM GRID SPACING    1
Info: PME RECIPROCAL SUM OFFLOADED TO GPU
Info: PME CALCULATION WILL BE PERFORMED ON GPU
Info: FULL ELECTROSTATIC EVALUATION FREQUENCY      1
Info: USING VERLET I (r-RESPA) MTS SCHEME.
Info: C1 SPLITTING OF LONG RANGE ELECTROSTATICS
Info: PLACING ATOMS IN PATCHES BY HYDROGEN GROUPS
Info: RIGID BONDS TO HYDROGEN : ALL
Info:         ERROR TOLERANCE : 1e-08
Info:          MAX ITERATIONS : 100
Info: RIGID WATER USING SETTLE ALGORITHM
Info: RANDOM NUMBER SEED     1742583534
Info: USE HYDROGEN BONDS?    NO
Info: COORDINATE PDB         step3_input.pdb
Info: STRUCTURE FILE         step3_input.psf
Info: PARAMETER file: CHARMM format! 
Info: PARAMETERS             toppar/par_all36m_prot.prm
Info: PARAMETERS             toppar/par_all36_na.prm
Info: PARAMETERS             toppar/par_all36_carb.prm
Info: PARAMETERS             toppar/par_all36_lipid.prm
Info: PARAMETERS             toppar/par_all36_cgenff.prm
Info: PARAMETERS             toppar/par_interface.prm
Info: PARAMETERS             toppar/toppar_all36_moreions.str
Info: PARAMETERS             toppar/toppar_all36_nano_lig.str
Info: PARAMETERS             toppar/toppar_all36_nano_lig_patch.str
Info: PARAMETERS             toppar/toppar_all36_synthetic_polymer.str
Info: PARAMETERS             toppar/toppar_all36_synthetic_polymer_patch.str
Info: PARAMETERS             toppar/toppar_all36_polymer_solvent.str
Info: PARAMETERS             toppar/toppar_water_ions.str
Info: PARAMETERS             toppar/toppar_dum_noble_gases.str
Info: PARAMETERS             toppar/toppar_ions_won.str
Info: PARAMETERS             toppar/cam.str
Info: PARAMETERS             toppar/toppar_all36_prot_arg0.str
Info: PARAMETERS             toppar/toppar_all36_prot_c36m_d_aminoacids.str
Info: PARAMETERS             toppar/toppar_all36_prot_fluoro_alkanes.str
Info: PARAMETERS             toppar/toppar_all36_prot_heme.str
Info: PARAMETERS             toppar/toppar_all36_prot_na_combined.str
Info: PARAMETERS             toppar/toppar_all36_prot_retinol.str
Info: PARAMETERS             toppar/toppar_all36_prot_model.str
Info: PARAMETERS             toppar/toppar_all36_prot_modify_res.str
Info: PARAMETERS             toppar/toppar_all36_na_nad_ppi.str
Info: PARAMETERS             toppar/toppar_all36_na_rna_modified.str
Info: PARAMETERS             toppar/toppar_all36_lipid_sphingo.str
Info: PARAMETERS             toppar/toppar_all36_lipid_archaeal.str
Info: PARAMETERS             toppar/toppar_all36_lipid_bacterial.str
Info: PARAMETERS             toppar/toppar_all36_lipid_cardiolipin.str
Info: PARAMETERS             toppar/toppar_all36_lipid_cholesterol.str
Info: PARAMETERS             toppar/toppar_all36_lipid_dag.str
Info: PARAMETERS             toppar/toppar_all36_lipid_inositol.str
Info: PARAMETERS             toppar/toppar_all36_lipid_lnp.str
Info: PARAMETERS             toppar/toppar_all36_lipid_lps.str
Info: PARAMETERS             toppar/toppar_all36_lipid_mycobacterial.str
Info: PARAMETERS             toppar/toppar_all36_lipid_miscellaneous.str
Info: PARAMETERS             toppar/toppar_all36_lipid_model.str
Info: PARAMETERS             toppar/toppar_all36_lipid_prot.str
Info: PARAMETERS             toppar/toppar_all36_lipid_tag.str
Info: PARAMETERS             toppar/toppar_all36_lipid_yeast.str
Info: PARAMETERS             toppar/toppar_all36_lipid_hmmm.str
Info: PARAMETERS             toppar/toppar_all36_lipid_detergent.str
Info: PARAMETERS             toppar/toppar_all36_lipid_ether.str
Info: PARAMETERS             toppar/toppar_all36_lipid_oxidized.str
Info: PARAMETERS             toppar/toppar_all36_carb_glycolipid.str
Info: PARAMETERS             toppar/toppar_all36_carb_glycopeptide.str
Info: PARAMETERS             toppar/toppar_all36_carb_imlab.str
Info: PARAMETERS             toppar/toppar_all36_label_spin.str
Info: PARAMETERS             toppar/toppar_all36_label_fluorophore.str
Info: USING ARITHMETIC MEAN TO COMBINE L-J SIGMA PARAMETERS
Info: BINARY COORDINATES     ../output/step4_equilibration.coor
Warning: SKIPPING PART OF PARAMETER FILE AFTER RETURN STATEMENT

Warning: DUPLICATE DIHEDRAL ENTRY FOR HAL1-CTO1-C-NHL
PREVIOUS VALUES MULTIPLICITY: 1
  k=0  n=1  delta=0INCREASING MULTIPLICITY TO: 2
  k=0  n=3  delta=0

Warning: DUPLICATE DIHEDRAL ENTRY FOR HAL1-CTO1-C-O
PREVIOUS VALUES MULTIPLICITY: 1
  k=0  n=1  delta=0INCREASING MULTIPLICITY TO: 2
  k=0  n=2  delta=3.14159
Warning: SKIPPING PART OF PARAMETER FILE AFTER RETURN STATEMENT

Warning: DUPLICATE DIHEDRAL ENTRY FOR CTL2-CG2O5-CTL1-CTL3
PREVIOUS VALUES MULTIPLICITY: 1
  k=0.75  n=1  delta=0  k=0.18  n=2  delta=3.14159INCREASING MULTIPLICITY TO: 3
  k=0.065  n=3  delta=0

Warning: DUPLICATE BOND ENTRY FOR CEL1-CL
PREVIOUS VALUES  k=440  x0=1.489
   USING VALUES  k=300  x0=1.48
Info: SUMMARY OF PARAMETERS:
Info: 1988 BONDS
Info: 6776 ANGLES
Info: 19939 DIHEDRAL
Info: 430 IMPROPER
Info: 28 CROSSTERM
Info: 751 VDW
Info: 122 VDW_PAIRS
Info: 0 NBTHOLE_PAIRS
Warning: Ignored 9467 bonds with zero force constants.
Warning: Will get H-H distance in rigid H2O from H-O-H angle.
Info: TIME FOR READING PSF FILE: 0.0604074
Info: Reading pdb file step3_input.pdb
Info: TIME FOR READING PDB FILE: 0.0255439
Info: 
Info: ****************************
Info: STRUCTURE SUMMARY:
Info: 30423 ATOMS
Info: 20918 BONDS
Info: 13014 ANGLES
Info: 5187 DIHEDRALS
Info: 373 IMPROPERS
Info: 127 CROSSTERMS
Info: 0 EXCLUSIONS
Info: 29360 RIGID BONDS
Info: 61909 DEGREES OF FREEDOM
Info: 10530 HYDROGEN GROUPS
Info: 4 ATOMS IN LARGEST HYDROGEN GROUP
Info: 10530 MIGRATION GROUPS
Info: 4 ATOMS IN LARGEST MIGRATION GROUP
Info: TOTAL MASS = 186727 amu
Info: TOTAL CHARGE = 1.31875e-06 e
Info: MASS DENSITY = 0.943883 g/cm^3
Info: ATOM DENSITY = 0.0926093 atoms/A^3
Info: *****************************
Info: Reading from binary file ../output/step4_equilibration.coor
Info: 
Info: Entering startup at 0.916608 s, 0 MB of memory in use
Info: Startup phase 0 took 5.5264e-05 s, 0 MB of memory in use
Info: ADDED 39038 IMPLICIT EXCLUSIONS
Info: Startup phase 1 took 0.00604772 s, 0 MB of memory in use
Info: NONBONDED TABLE R-SQUARED SPACING: 0.0625
Info: NONBONDED TABLE SIZE: 769 POINTS
Info: INCONSISTENCY IN FAST TABLE ENERGY VS FORCE: 0.000325096 AT 11.9556
Info: INCONSISTENCY IN SCOR TABLE ENERGY VS FORCE: 0.000324844 AT 11.9556
Info: INCONSISTENCY IN VDWA TABLE ENERGY VS FORCE: 0.0040507 AT 0.251946
Info: INCONSISTENCY IN VDWB TABLE ENERGY VS FORCE: 0.00150189 AT 0.251946
Info: Startup phase 2 took 0.0110377 s, 0 MB of memory in use
Info: Startup phase 3 took 4.1458e-05 s, 0 MB of memory in use
Info: Startup phase 4 took 0.000180249 s, 0 MB of memory in use
Info: Startup phase 5 took 3.0297e-05 s, 0 MB of memory in use
Info: PATCH GRID IS 3 (PERIODIC) BY 3 (PERIODIC) BY 3 (PERIODIC)
Info: PATCH GRID IS 1-AWAY BY 1-AWAY BY 1-AWAY
Info: Reading from binary file ../output/step4_equilibration.vel
Info: REMOVING COM VELOCITY 0.0102651 -0.01707 0.00842024
Info: LARGEST PATCH (13) HAS 1316 ATOMS
Info: TORUS A SIZE 1 USING 0
Info: TORUS B SIZE 1 USING 0
Info: TORUS C SIZE 1 USING 0
Info: TORUS MINIMAL MESH SIZE IS 1 BY 1 BY 1
Info: Placed 100% of base nodes on same physical node as patch
Info: Startup phase 6 took 0.0121301 s, 0 MB of memory in use
Info: Use 3D box decompostion in PME FFT.
Info: PME using 1 x 1 x 1 pencil grid for FFT and reciprocal sum.
Info: Startup phase 7 took 0.000139763 s, 0 MB of memory in use
Info: Updated CUDA force table with 4096 elements.
Info: Updated CUDA LJ table with 751 x 751 elements.
Info: Startup phase 8 took 0.00571466 s, 0 MB of memory in use
Info: Startup phase 9 took 7.6985e-05 s, 0 MB of memory in use
Info: Startup phase 10 took 3.1309e-05 s, 0 MB of memory in use
Info: Startup phase 11 took 0.00522683 s, 0 MB of memory in use
LDB: Central LB being created...
Info: Startup phase 12 took 0.00215792 s, 0 MB of memory in use
Info: CREATING 615 COMPUTE OBJECTS
Info: Found 268 unique exclusion lists needing 4316 bytes
Info: useSync: 0 useProxySync: 0
Info: Startup phase 13 took 0.0171841 s, 0 MB of memory in use
Info: Startup phase 14 took 4.9884e-05 s, 0 MB of memory in use
Info: Startup phase 15 took 2.2352e-05 s, 0 MB of memory in use
Info: Finished startup at 0.976735 s, 0 MB of memory in use

TCL: Original numsteps 500000 will be ignored.
TCL: Running for 500000 steps
ETITLE:      TS           BOND          ANGLE          DIHED          IMPRP               ELECT            VDW       BOUNDARY           MISC        KINETIC               TOTAL           TEMP      POTENTIAL       TOTALAVG        TEMPAVG            PRESSURE      GPRESSURE         VOLUME       PRESSAVG      GPRESSAVG

ENERGY:       0       393.7845      1151.3864      1140.5717        75.7877        -111381.5648      9211.0936         0.0000         0.0000     18671.3312         -80737.6099       303.5372    -99408.9411    -80737.6099       303.5372          -1002.7070     -1000.5921    328509.0000     -1002.7070     -1000.5921

Info: Initial time: 6 CPUs 0.00133511 s/step 129.427 ns/day 0 MB memory
Info: Initial time: 6 CPUs 0.00126691 s/step 136.395 ns/day 0 MB memory
Info: Initial time: 6 CPUs 0.0011886 s/step 145.382 ns/day 0 MB memory
Info: Benchmark time: 6 CPUs 0.001158 s/step 149.223 ns/day 0 MB memory
Info: Benchmark time: 6 CPUs 0.00115424 s/step 149.709 ns/day 0 MB memory
Info: Benchmark time: 6 CPUs 0.00112766 s/step 153.237 ns/day 0 MB memory
Info: Benchmark time: 6 CPUs 0.00111579 s/step 154.868 ns/day 0 MB memory
Info: Benchmark time: 6 CPUs 0.00120201 s/step 143.76 ns/day 0 MB memory
Info: Benchmark time: 6 CPUs 0.00116917 s/step 147.797 ns/day 0 MB memory
TIMING: 5000  CPU: 5.82105, 0.00115417/step  Wall: 5.84377, 0.00115931/step, 149.054 ns/days, 0.159405 hours remaining, 0.000000 MB of memory in use.
PERFORMANCE: 5000  averaging 149.054 ns/day, 0.00115931 sec/step with standard deviation 0
ENERGY:    5000       409.8496      1110.3100      1117.9768        76.9246        -113762.5872      9631.6801         0.0000         0.0000     18732.0464         -82683.7998       304.5242   -101415.8462    -81710.7048       304.0307           -159.4668      -162.1131    301108.9585      -581.0869      -581.3526

WRITING EXTENDED SYSTEM TO RESTART FILE AT STEP 5000
WRITING COORDINATES TO RESTART FILE AT STEP 5000
FINISHED WRITING RESTART COORDINATES
The last position output (seq=5000) takes 0.006 seconds, 0.000 MB of memory in use
WRITING VELOCITIES TO RESTART FILE AT STEP 5000
FINISHED WRITING RESTART VELOCITIES
The last velocity output (seq=5000) takes 0.006 seconds, 0.000 MB of memory in use
TIMING: 10000  CPU: 11.623, 0.0011604/step  Wall: 11.6713, 0.00116551/step, 148.261 ns/days, 0.15864 hours remaining, 0.000000 MB of memory in use.
PERFORMANCE: 10000  averaging 148.656 ns/day, 0.00116241 sec/step with standard deviation 4.38723e-06
ENERGY:   10000       414.6229      1107.9889      1111.6086        65.3979        -114189.6287      9805.6401         0.0000         0.0000     18575.7603         -83108.6100       301.9835   -101684.3703    -82176.6732       303.3483            191.7780       188.9764    299098.2405      -323.4653      -324.5762

WRITING EXTENDED SYSTEM TO RESTART FILE AT STEP 10000
WRITING COORDINATES TO RESTART FILE AT STEP 10000
FINISHED WRITING RESTART COORDINATES
The last position output (seq=10000) takes 0.007 seconds, 0.000 MB of memory in use
WRITING VELOCITIES TO RESTART FILE AT STEP 10000
FINISHED WRITING RESTART VELOCITIES
The last velocity output (seq=10000) takes 0.007 seconds, 0.000 MB of memory in use
TIMING: 15000  CPU: 17.4039, 0.00115617/step  Wall: 17.4852, 0.00116277/step, 148.611 ns/days, 0.156651 hours remaining, 0.000000 MB of memory in use.
PERFORMANCE: 15000  averaging 148.641 ns/day, 0.00116253 sec/step with standard deviation 3.10899e-06
ENERGY:   15000       427.5862      1171.9037      1103.4345        83.8975        -114249.2269      9828.5600         0.0000         0.0000     18547.5039         -83086.3412       301.5241   -101633.8451    -82404.0902       302.8922             23.8168        21.5738    300645.4916      -236.6448      -238.0387

WRITING EXTENDED SYSTEM TO RESTART FILE AT STEP 15000
WRITING COORDINATES TO RESTART FILE AT STEP 15000
FINISHED WRITING RESTART COORDINATES
The last position output (seq=15000) takes 0.008 seconds, 0.000 MB of memory in use
WRITING VELOCITIES TO RESTART FILE AT STEP 15000
FINISHED WRITING RESTART VELOCITIES
The last velocity output (seq=15000) takes 0.008 seconds, 0.000 MB of memory in use
TIMING: 20000  CPU: 24.2094, 0.0013611/step  Wall: 26.1129, 0.00172555/step, 100.142 ns/days, 0.230073 hours remaining, 0.000000 MB of memory in use.
PERFORMANCE: 20000  averaging 132.588 ns/day, 0.00130329 sec/step with standard deviation 0.00028152
ENERGY:   20000       414.9886      1106.8740      1134.4693        71.2280        -114283.5254      9921.0085         0.0000         0.0000     18583.0395         -83051.9175       302.1018   -101634.9569    -82533.6557       302.7342            417.9925       417.0326    298924.8231      -105.7173      -107.0245

WRITING EXTENDED SYSTEM TO RESTART FILE AT STEP 20000
WRITING COORDINATES TO RESTART FILE AT STEP 20000
FINISHED WRITING RESTART COORDINATES
The last position output (seq=20000) takes 0.008 seconds, 0.000 MB of memory in use
WRITING VELOCITIES TO RESTART FILE AT STEP 20000
FINISHED WRITING RESTART VELOCITIES
The last velocity output (seq=20000) takes 0.008 seconds, 0.000 MB of memory in use
TIMING: 25000  CPU: 29.9781, 0.00115374/step  Wall: 31.9153, 0.00116048/step, 148.904 ns/days, 0.153119 hours remaining, 0.000000 MB of memory in use.
PERFORMANCE: 25000  averaging 135.559 ns/day, 0.00127472 sec/step with standard deviation 0.00025203
ENERGY:   25000       411.6238      1173.2959      1124.8086        78.2881        -114233.2151      9736.5591         0.0000         0.0000     18702.1110         -83006.5287       304.0376   -101708.6397    -82612.4678       302.9514            -47.2869       -50.2729    300622.7583       -95.9789       -97.5659

WRITING EXTENDED SYSTEM TO RESTART FILE AT STEP 25000
WRITING COORDINATES TO RESTART FILE AT STEP 25000
FINISHED WRITING RESTART COORDINATES
The last position output (seq=25000) takes 0.009 seconds, 0.000 MB of memory in use
WRITING VELOCITIES TO RESTART FILE AT STEP 25000
FINISHED WRITING RESTART VELOCITIES
The last velocity output (seq=25000) takes 0.007 seconds, 0.000 MB of memory in use
TIMING: 30000  CPU: 35.7346, 0.0011513/step  Wall: 37.6989, 0.00115671/step, 149.389 ns/days, 0.151015 hours remaining, 0.000000 MB of memory in use.
PERFORMANCE: 30000  averaging 137.683 ns/day, 0.00125506 sec/step with standard deviation 0.000230513
ENERGY:   30000       436.5043      1136.6737      1116.8953        79.6928        -113916.0289      9809.4422         0.0000         0.0000     18624.0288         -82712.7916       302.7682   -101336.8205    -82626.7998       302.9252             77.3242        77.2653    300864.9757       -71.2213       -72.5900

WRITING EXTENDED SYSTEM TO RESTART FILE AT STEP 30000
WRITING COORDINATES TO RESTART FILE AT STEP 30000
FINISHED WRITING RESTART COORDINATES
The last position output (seq=30000) takes 0.008 seconds, 0.000 MB of memory in use
WRITING VELOCITIES TO RESTART FILE AT STEP 30000
FINISHED WRITING RESTART VELOCITIES
TIMING: 35000  CPU: 41.5034, 0.00115377/step  Wall: 43.5022, 0.00116067/step, 148.879 ns/days, 0.14992 hours remaining, 0.000000 MB of memory in use.
PERFORMANCE: 35000  averaging 139.178 ns/day, 0.00124157 sec/step with standard deviation 0.000213431
ENERGY:   35000       403.2923      1164.1955      1122.8968        74.8980        -114343.2131      9838.9593         0.0000         0.0000     18479.6758         -83259.2953       300.4215   -101738.9712    -82705.8618       302.6122            135.6808       133.6151    298799.5697       -45.3586       -46.8143

WRITING EXTENDED SYSTEM TO RESTART FILE AT STEP 35000
WRITING COORDINATES TO RESTART FILE AT STEP 35000
FINISHED WRITING RESTART COORDINATES
The last position output (seq=35000) takes 0.009 seconds, 0.000 MB of memory in use
WRITING VELOCITIES TO RESTART FILE AT STEP 35000
FINISHED WRITING RESTART VELOCITIES
TIMING: 40000  CPU: 47.2693, 0.00115316/step  Wall: 49.294, 0.00115835/step, 149.177 ns/days, 0.148012 hours remaining, 0.000000 MB of memory in use.
PERFORMANCE: 40000  averaging 140.354 ns/day, 0.00123117 sec/step with standard deviation 0.000199778
ENERGY:   40000       442.4843      1163.7475      1118.3677        79.8158        -114255.6956      9998.8185         0.0000         0.0000     18754.2221         -82698.2397       304.8847   -101452.4618    -82705.0149       302.8647            236.9851       238.6625    300460.3012       -13.9870       -15.0947

WRITING EXTENDED SYSTEM TO RESTART FILE AT STEP 40000
WRITING COORDINATES TO RESTART FILE AT STEP 40000
FINISHED WRITING RESTART COORDINATES
The last position output (seq=40000) takes 0.008 seconds, 0.000 MB of memory in use
WRITING VELOCITIES TO RESTART FILE AT STEP 40000
FINISHED WRITING RESTART VELOCITIES
TIMING: 45000  CPU: 53.0069, 0.00114753/step  Wall: 55.0648, 0.00115416/step, 149.72 ns/days, 0.145873 hours remaining, 0.000000 MB of memory in use.
PERFORMANCE: 45000  averaging 141.337 ns/day, 0.00122261 sec/step with standard deviation 0.00018863
ENERGY:   45000       432.2296      1153.2923      1131.2854        74.3157        -113659.3424      9514.5309         0.0000         0.0000     18731.2772         -82622.4113       304.5117   -101353.6885    -82696.7545       303.0294           -315.6369      -312.0571    301033.5112       -44.1520       -44.7909

WRITING EXTENDED SYSTEM TO RESTART FILE AT STEP 45000
WRITING COORDINATES TO RESTART FILE AT STEP 45000
FINISHED WRITING RESTART COORDINATES
The last position output (seq=45000) takes 0.008 seconds, 0.000 MB of memory in use
WRITING VELOCITIES TO RESTART FILE AT STEP 45000
FINISHED WRITING RESTART VELOCITIES
TIMING: 50000  CPU: 58.7784, 0.0011543/step  Wall: 60.8619, 0.00115942/step, 149.04 ns/days, 0.144928 hours remaining, 0.000000 MB of memory in use.
PERFORMANCE: 50000  averaging 142.071 ns/day, 0.00121629 sec/step with standard deviation 0.000178961
ETITLE:      TS           BOND          ANGLE          DIHED          IMPRP               ELECT            VDW       BOUNDARY           MISC        KINETIC               TOTAL           TEMP      POTENTIAL       TOTALAVG        TEMPAVG            PRESSURE      GPRESSURE         VOLUME       PRESSAVG      GPRESSAVG

ENERGY:   50000       441.5658      1130.7455      1097.0850        72.9167        -114509.0165     10015.1516         0.0000         0.0000     18494.0286         -83257.5232       300.6548   -101751.5517    -82747.7335       302.8136             11.8917        13.3865    299383.7090       -39.0571       -39.5021

WRITING EXTENDED SYSTEM TO RESTART FILE AT STEP 50000
WRITING COORDINATES TO RESTART FILE AT STEP 50000
FINISHED WRITING RESTART COORDINATES
The last position output (seq=50000) takes 0.009 seconds, 0.000 MB of memory in use
WRITING VELOCITIES TO RESTART FILE AT STEP 50000
FINISHED WRITING RESTART VELOCITIES
TIMING: 55000  CPU: 64.5472, 0.00115377/step  Wall: 66.6547, 0.00115855/step, 149.152 ns/days, 0.14321 hours remaining, 0.000000 MB of memory in use.
PERFORMANCE: 55000  averaging 142.687 ns/day, 0.00121104 sec/step with standard deviation 0.000170667
ENERGY:   55000       441.4755      1140.8394      1118.1377        76.3314        -113832.0675      9591.8959         0.0000         0.0000     18580.5119         -82882.8756       302.0607   -101463.3875    -82758.9953       302.7508           -286.3272      -285.5393    300814.7527       -59.6630       -60.0052

WRITING EXTENDED SYSTEM TO RESTART FILE AT STEP 55000
WRITING COORDINATES TO RESTART FILE AT STEP 55000
FINISHED WRITING RESTART COORDINATES
WRITING VELOCITIES TO RESTART FILE AT STEP 55000
FINISHED WRITING RESTART VELOCITIES
TIMING: 60000  CPU: 70.2689, 0.00114434/step  Wall: 72.4112, 0.00115131/step, 150.089 ns/days, 0.140716 hours remaining, 0.000000 MB of memory in use.
PERFORMANCE: 60000  averaging 143.276 ns/day, 0.00120607 sec/step with standard deviation 0.000163636
ENERGY:   60000       420.8745      1118.2475      1099.5289        82.9078        -114061.9884      9691.0849         0.0000         0.0000     18700.5026         -82948.8422       304.0114   -101649.3448    -82773.5989       302.8478            -74.6152       -84.6203    300705.7892       -60.8131       -61.8986

WRITING EXTENDED SYSTEM TO RESTART FILE AT STEP 60000
WRITING COORDINATES TO RESTART FILE AT STEP 60000
FINISHED WRITING RESTART COORDINATES
WRITING VELOCITIES TO RESTART FILE AT STEP 60000
FINISHED WRITING RESTART VELOCITIES
TIMING: 65000  CPU: 76.0595, 0.00115812/step  Wall: 78.2325, 0.00116426/step, 148.421 ns/days, 0.140681 hours remaining, 0.000000 MB of memory in use.
PERFORMANCE: 65000  averaging 143.659 ns/day, 0.00120285 sec/step with standard deviation 0.000157098
ENERGY:   65000       390.8104      1165.1841      1114.0713        67.6549        -114460.2376      9899.6614         0.0000         0.0000     18621.6727         -83201.1827       302.7299   -101822.8554    -82804.1406       302.8394            177.3856       179.5716    300035.4271       -43.7989       -44.6508

WRITING EXTENDED SYSTEM TO RESTART FILE AT STEP 65000
WRITING COORDINATES TO RESTART FILE AT STEP 65000
FINISHED WRITING RESTART COORDINATES
WRITING VELOCITIES TO RESTART FILE AT STEP 65000
FINISHED WRITING RESTART VELOCITIES
TIMING: 70000  CPU: 81.9438, 0.00117684/step  Wall: 84.4207, 0.00123763/step, 139.621 ns/days, 0.147828 hours remaining, 0.000000 MB of memory in use.
PERFORMANCE: 70000  averaging 143.363 ns/day, 0.00120534 sec/step with standard deviation 0.000151221
ENERGY:   70000       407.0371      1154.6304      1126.8763        67.3496        -114097.3979      9956.6619         0.0000         0.0000     18674.3498         -82710.4928       303.5862   -101384.8426    -82797.8974       302.8892            254.2139       256.3215    300978.4779       -23.9314       -24.5860

WRITING EXTENDED SYSTEM TO RESTART FILE AT STEP 70000
WRITING COORDINATES TO RESTART FILE AT STEP 70000
FINISHED WRITING RESTART COORDINATES
WRITING VELOCITIES TO RESTART FILE AT STEP 70000
FINISHED WRITING RESTART VELOCITIES
TIMING: 75000  CPU: 87.6781, 0.00114686/step  Wall: 90.1824, 0.00115234/step, 149.956 ns/days, 0.13604 hours remaining, 0.000000 MB of memory in use.
PERFORMANCE: 75000  averaging 143.784 ns/day, 0.0012018 sec/step with standard deviation 0.000146361
ENERGY:   75000       455.2247      1122.3664      1112.2209        73.7160        -114196.5997      9938.0326         0.0000         0.0000     18753.0368         -82742.0024       304.8654   -101495.0392    -82794.4040       303.0127            -74.4391       -72.5524    300791.2630       -27.0882       -27.5839

WRITING EXTENDED SYSTEM TO RESTART FILE AT STEP 75000
WRITING COORDINATES TO RESTART FILE AT STEP 75000
FINISHED WRITING RESTART COORDINATES
WRITING VELOCITIES TO RESTART FILE AT STEP 75000
FINISHED WRITING RESTART VELOCITIES
TIMING: 80000  CPU: 93.4701, 0.00115841/step  Wall: 96, 0.00116352/step, 148.515 ns/days, 0.135744 hours remaining, 0.000000 MB of memory in use.
PERFORMANCE: 80000  averaging 144.071 ns/day, 0.00119941 sec/step with standard deviation 0.000141722
ENERGY:   80000       435.0930      1107.3697      1126.5796        71.1289        -114475.6014      9911.3933         0.0000         0.0000     18494.3426         -83329.6944       300.6599   -101824.0369    -82825.8917       302.8743             32.9664        31.7724    299419.4257       -23.5555       -24.0923

WRITING EXTENDED SYSTEM TO RESTART FILE AT STEP 80000
WRITING COORDINATES TO RESTART FILE AT STEP 80000
FINISHED WRITING RESTART COORDINATES
WRITING VELOCITIES TO RESTART FILE AT STEP 80000
FINISHED WRITING RESTART VELOCITIES
TIMING: 85000  CPU: 99.1912, 0.00114422/step  Wall: 101.745, 0.00114904/step, 150.386 ns/days, 0.132459 hours remaining, 0.000000 MB of memory in use.
PERFORMANCE: 85000  averaging 144.428 ns/day, 0.00119645 sec/step with standard deviation 0.000137764
ENERGY:   85000       428.5189      1082.9979      1128.5524        74.7004        -114297.7953      9872.3713         0.0000         0.0000     18500.6731         -83209.9814       300.7628   -101710.6545    -82847.2300       302.7570            168.8425       167.6361    299047.0176       -12.8668       -13.4407

WRITING EXTENDED SYSTEM TO RESTART FILE AT STEP 85000
WRITING COORDINATES TO RESTART FILE AT STEP 85000
FINISHED WRITING RESTART COORDINATES
WRITING VELOCITIES TO RESTART FILE AT STEP 85000
FINISHED WRITING RESTART VELOCITIES
TIMING: 90000  CPU: 104.962, 0.00115411/step  Wall: 107.541, 0.00115923/step, 149.064 ns/days, 0.132024 hours remaining, 0.000000 MB of memory in use.
PERFORMANCE: 90000  averaging 144.678 ns/day, 0.00119438 sec/step with standard deviation 0.000133939
ENERGY:   90000       404.1359      1143.1946      1131.1509        82.6886        -114468.8779     10037.9503         0.0000         0.0000     18591.5476         -83078.2099       302.2401   -101669.7575    -82859.3868       302.7298            247.0988       247.7420    300039.6580         0.8156         0.3057

WRITING EXTENDED SYSTEM TO RESTART FILE AT STEP 90000
WRITING COORDINATES TO RESTART FILE AT STEP 90000
FINISHED WRITING RESTART COORDINATES
WRITING VELOCITIES TO RESTART FILE AT STEP 90000
FINISHED WRITING RESTART VELOCITIES
TIMING: 95000  CPU: 110.861, 0.0011798/step  Wall: 113.486, 0.00118887/step, 145.348 ns/days, 0.133748 hours remaining, 0.000000 MB of memory in use.
PERFORMANCE: 95000  averaging 144.713 ns/day, 0.00119409 sec/step with standard deviation 0.000130171
ENERGY:   95000       462.0924      1108.5579      1105.7869        71.1047        -113625.2660      9533.6727         0.0000         0.0000     18374.3659         -82969.6854       298.7094   -101344.0513    -82864.9017       302.5288           -217.2099      -222.1561    300951.0899       -10.0856       -10.8174

WRITING EXTENDED SYSTEM TO RESTART FILE AT STEP 95000
WRITING COORDINATES TO RESTART FILE AT STEP 95000
FINISHED WRITING RESTART COORDINATES
WRITING VELOCITIES TO RESTART FILE AT STEP 95000
FINISHED WRITING RESTART VELOCITIES
TIMING: 100000  CPU: 116.622, 0.00115231/step  Wall: 119.271, 0.00115708/step, 149.341 ns/days, 0.128565 hours remaining, 0.000000 MB of memory in use.
PERFORMANCE: 100000  averaging 144.937 ns/day, 0.00119224 sec/step with standard deviation 0.000126969
ETITLE:      TS           BOND          ANGLE          DIHED          IMPRP               ELECT            VDW       BOUNDARY           MISC        KINETIC               TOTAL           TEMP      POTENTIAL       TOTALAVG        TEMPAVG            PRESSURE      GPRESSURE         VOLUME       PRESSAVG      GPRESSAVG

ENERGY:  100000       450.2553      1094.8933      1138.8112        72.8424        -113970.8727      9782.6810         0.0000         0.0000     18827.9331         -82603.4564       306.0830   -101431.3894    -82958.1941       302.6561              6.8114         0.2022    300996.9046        40.3903        39.2223

WRITING EXTENDED SYSTEM TO RESTART FILE AT STEP 100000
WRITING COORDINATES TO RESTART FILE AT STEP 100000
FINISHED WRITING RESTART COORDINATES
WRITING VELOCITIES TO RESTART FILE AT STEP 100000
FINISHED WRITING RESTART VELOCITIES
TIMING: 105000  CPU: 122.39, 0.00115349/step  Wall: 125.067, 0.00115916/step, 149.073 ns/days, 0.127186 hours remaining, 0.000000 MB of memory in use.
PERFORMANCE: 105000  averaging 145.129 ns/day, 0.00119066 sec/step with standard deviation 0.000123964
ENERGY:  105000       435.0534      1093.1263      1116.5434        70.5817        -114272.6337      9921.0469         0.0000         0.0000     18709.9757         -82926.3061       304.1654   -101636.2818    -82970.3194       302.6381            141.5095       135.0693    300352.7653        55.4391        54.0815

WRITING EXTENDED SYSTEM TO RESTART FILE AT STEP 105000
WRITING COORDINATES TO RESTART FILE AT STEP 105000
FINISHED WRITING RESTART COORDINATES
WRITING VELOCITIES TO RESTART FILE AT STEP 105000
FINISHED WRITING RESTART VELOCITIES
TIMING: 110000  CPU: 128.118, 0.00114563/step  Wall: 130.819, 0.00115048/step, 150.199 ns/days, 0.124635 hours remaining, 0.000000 MB of memory in use.
PERFORMANCE: 110000  averaging 145.352 ns/day, 0.00118884 sec/step with standard deviation 0.00012128
ENERGY:  110000       438.1218      1139.4444      1127.0938        76.2983        -113992.3716      9725.2181         0.0000         0.0000     18581.3740         -82904.8213       302.0747   -101486.1953    -82960.1300       302.6427            -73.7286       -74.8824    301284.5831        42.1638        40.8885

WRITING EXTENDED SYSTEM TO RESTART FILE AT STEP 110000
WRITING COORDINATES TO RESTART FILE AT STEP 110000
FINISHED WRITING RESTART COORDINATES
WRITING VELOCITIES TO RESTART FILE AT STEP 110000
FINISHED WRITING RESTART VELOCITIES
TIMING: 115000  CPU: 133.858, 0.00114792/step  Wall: 136.583, 0.00115266/step, 149.915 ns/days, 0.12327 hours remaining, 0.000000 MB of memory in use.
PERFORMANCE: 115000  averaging 145.545 ns/day, 0.00118726 sec/step with standard deviation 0.000118731
ENERGY:  115000       451.3001      1138.3195      1122.4595        67.8745        -114095.4448      9740.3633         0.0000         0.0000     18564.8244         -83010.3034       301.8057   -101575.1278    -82956.3281       302.6568           -132.3979      -137.8680    301647.9490        34.3530        32.9164

WRITING EXTENDED SYSTEM TO RESTART FILE AT STEP 115000
WRITING COORDINATES TO RESTART FILE AT STEP 115000
FINISHED WRITING RESTART COORDINATES
WRITING VELOCITIES TO RESTART FILE AT STEP 115000
FINISHED WRITING RESTART VELOCITIES
TIMING: 120000  CPU: 139.779, 0.00118433/step  Wall: 142.531, 0.00118975/step, 145.241 ns/days, 0.125584 hours remaining, 0.000000 MB of memory in use.
PERFORMANCE: 120000  averaging 145.532 ns/day, 0.00118737 sec/step with standard deviation 0.000116123
ENERGY:  120000       413.5730      1121.1482      1099.3009        67.1129        -114047.2283      9761.8689         0.0000         0.0000     18496.6575         -83087.5670       300.6975   -101584.2245    -82958.1105       302.5865           -144.2123      -143.8264    301577.8988         6.2428         4.8735

WRITING EXTENDED SYSTEM TO RESTART FILE AT STEP 120000
WRITING COORDINATES TO RESTART FILE AT STEP 120000
FINISHED WRITING RESTART COORDINATES
WRITING VELOCITIES TO RESTART FILE AT STEP 120000
FINISHED WRITING RESTART VELOCITIES
TIMING: 125000  CPU: 145.524, 0.0011489/step  Wall: 148.298, 0.00115339/step, 149.819 ns/days, 0.120145 hours remaining, 0.000000 MB of memory in use.
PERFORMANCE: 125000  averaging 145.699 ns/day, 0.00118601 sec/step with standard deviation 0.000113881
ENERGY:  125000       417.1262      1127.0389      1127.7032        68.6326        -114069.0902      9553.6912         0.0000         0.0000     18599.0310         -83175.8672       302.3618   -101774.8982    -82966.5775       302.5027           -220.2629      -221.6177    300102.5750        -2.4060        -3.6938

WRITING EXTENDED SYSTEM TO RESTART FILE AT STEP 125000
WRITING COORDINATES TO RESTART FILE AT STEP 125000
FINISHED WRITING RESTART COORDINATES
WRITING VELOCITIES TO RESTART FILE AT STEP 125000
FINISHED WRITING RESTART VELOCITIES
TIMING: 130000  CPU: 151.286, 0.0011524/step  Wall: 154.084, 0.0011571/step, 149.339 ns/days, 0.118924 hours remaining, 0.000000 MB of memory in use.
PERFORMANCE: 130000  averaging 145.835 ns/day, 0.0011849 sec/step with standard deviation 0.000111724
ENERGY:  130000       438.7671      1087.6330      1144.3266        78.3356        -113947.3438      9663.9434         0.0000         0.0000     18535.0617         -82999.2764       301.3219   -101534.3381    -82980.9017       302.4304           -227.4207      -227.5546    300736.8341       -17.6432       -18.9347

WRITING EXTENDED SYSTEM TO RESTART FILE AT STEP 130000
WRITING COORDINATES TO RESTART FILE AT STEP 130000
FINISHED WRITING RESTART COORDINATES
WRITING VELOCITIES TO RESTART FILE AT STEP 130000
FINISHED WRITING RESTART VELOCITIES
TIMING: 135000  CPU: 157.062, 0.00115517/step  Wall: 159.883, 0.00115984/step, 148.986 ns/days, 0.117595 hours remaining, 0.000000 MB of memory in use.
PERFORMANCE: 135000  averaging 145.95 ns/day, 0.00118397 sec/step with standard deviation 0.00010966
ENERGY:  135000       458.1184      1079.9547      1148.2819        72.5319        -114314.3983      9940.4008         0.0000         0.0000     18648.5093         -82966.6012       303.1662   -101615.1105    -82966.2670       302.5677            129.3457       126.3477    299664.2514       -17.9600       -19.2981

WRITING EXTENDED SYSTEM TO RESTART FILE AT STEP 135000
WRITING COORDINATES TO RESTART FILE AT STEP 135000
FINISHED WRITING RESTART COORDINATES
WRITING VELOCITIES TO RESTART FILE AT STEP 135000
FINISHED WRITING RESTART VELOCITIES
TIMING: 140000  CPU: 162.81, 0.0011497/step  Wall: 165.655, 0.00115444/step, 149.683 ns/days, 0.115444 hours remaining, 0.000000 MB of memory in use.
PERFORMANCE: 140000  averaging 146.08 ns/day, 0.00118291 sec/step with standard deviation 0.000107755
ENERGY:  140000       418.9375      1132.8867      1123.4146        82.4100        -114345.0053     10023.0637         0.0000         0.0000     18506.7388         -83057.5539       300.8614   -101564.2927    -82984.2327       302.3665            148.3608       145.8863    301262.9646       -22.3912       -23.9369

WRITING EXTENDED SYSTEM TO RESTART FILE AT STEP 140000
WRITING COORDINATES TO RESTART FILE AT STEP 140000
FINISHED WRITING RESTART COORDINATES
WRITING VELOCITIES TO RESTART FILE AT STEP 140000
FINISHED WRITING RESTART VELOCITIES
TIMING: 145000  CPU: 168.501, 0.00113818/step  Wall: 171.37, 0.00114286/step, 151.199 ns/days, 0.112699 hours remaining, 0.000000 MB of memory in use.
PERFORMANCE: 145000  averaging 146.251 ns/day, 0.00118153 sec/step with standard deviation 0.000106074
ENERGY:  145000       451.7785      1115.7738      1119.1586        80.9388        -114049.4208      9688.8662         0.0000         0.0000     18487.6662         -83105.2387       300.5514   -101592.9049    -83008.3741       302.1685            -45.7474       -47.2514    300164.6769        -8.8967       -10.6966

WRITING EXTENDED SYSTEM TO RESTART FILE AT STEP 145000
WRITING COORDINATES TO RESTART FILE AT STEP 145000
FINISHED WRITING RESTART COORDINATES
WRITING VELOCITIES TO RESTART FILE AT STEP 145000
FINISHED WRITING RESTART VELOCITIES
TIMING: 150000  CPU: 174.235, 0.00114673/step  Wall: 177.127, 0.00115142/step, 150.076 ns/days, 0.111943 hours remaining, 0.000000 MB of memory in use.
PERFORMANCE: 150000  averaging 146.375 ns/day, 0.00118053 sec/step with standard deviation 0.000104374
ETITLE:      TS           BOND          ANGLE          DIHED          IMPRP               ELECT            VDW       BOUNDARY           MISC        KINETIC               TOTAL           TEMP      POTENTIAL       TOTALAVG        TEMPAVG            PRESSURE      GPRESSURE         VOLUME       PRESSAVG      GPRESSAVG

ENERGY:  150000       413.7165      1110.4411      1142.5033        71.2297        -113968.6598      9799.0306         0.0000         0.0000     18521.9285         -82909.8102       301.1083   -101431.7386    -82990.9884       302.1912             80.0406        78.4252    300808.8002        -5.4893        -7.4447

WRITING EXTENDED SYSTEM TO RESTART FILE AT STEP 150000
WRITING COORDINATES TO RESTART FILE AT STEP 150000
FINISHED WRITING RESTART COORDINATES
WRITING VELOCITIES TO RESTART FILE AT STEP 150000
FINISHED WRITING RESTART VELOCITIES
TIMING: 155000  CPU: 179.959, 0.00114481/step  Wall: 182.875, 0.00114966/step, 150.305 ns/days, 0.110176 hours remaining, 0.000000 MB of memory in use.
PERFORMANCE: 155000  averaging 146.499 ns/day, 0.00117953 sec/step with standard deviation 0.00010277
ENERGY:  155000       447.4664      1062.3690      1134.7946        76.4582        -114162.1208      9765.6507         0.0000         0.0000     18704.1507         -82971.2312       304.0707   -101675.3819    -82995.4062       302.2917             24.2005        25.1140    299976.2997        10.0371         8.0880

WRITING EXTENDED SYSTEM TO RESTART FILE AT STEP 155000
WRITING COORDINATES TO RESTART FILE AT STEP 155000
FINISHED WRITING RESTART COORDINATES
WRITING VELOCITIES TO RESTART FILE AT STEP 155000
FINISHED WRITING RESTART VELOCITIES
TIMING: 160000  CPU: 185.705, 0.00114931/step  Wall: 188.645, 0.00115397/step, 149.744 ns/days, 0.108986 hours remaining, 0.000000 MB of memory in use.
PERFORMANCE: 160000  averaging 146.598 ns/day, 0.00117873 sec/step with standard deviation 0.000101199
ENERGY:  160000       389.7718      1140.2473      1141.2851        68.6472        -114456.6588      9794.8032         0.0000         0.0000     18393.7599         -83528.1444       299.0247   -101921.9042    -83024.3713       302.0423             85.2445        84.8871    299974.3938        18.0301        16.5633

WRITING EXTENDED SYSTEM TO RESTART FILE AT STEP 160000
WRITING COORDINATES TO RESTART FILE AT STEP 160000
FINISHED WRITING RESTART COORDINATES
WRITING VELOCITIES TO RESTART FILE AT STEP 160000
FINISHED WRITING RESTART VELOCITIES
TIMING: 165000  CPU: 191.463, 0.00115145/step  Wall: 194.426, 0.00115627/step, 149.446 ns/days, 0.107598 hours remaining, 0.000000 MB of memory in use.
PERFORMANCE: 165000  averaging 146.683 ns/day, 0.00117805 sec/step with standard deviation 9.96824e-05
ENERGY:  165000       423.1380      1074.6500      1123.5229        64.6772        -113779.6387      9694.7646         0.0000         0.0000     18486.9277         -82911.9583       300.5393   -101398.8860    -83009.9101       301.9328            104.8778       107.2490    301595.5070        14.4047        12.9472

WRITING EXTENDED SYSTEM TO RESTART FILE AT STEP 165000
WRITING COORDINATES TO RESTART FILE AT STEP 165000
FINISHED WRITING RESTART COORDINATES
WRITING VELOCITIES TO RESTART FILE AT STEP 165000
FINISHED WRITING RESTART VELOCITIES
TIMING: 170000  CPU: 197.21, 0.00114946/step  Wall: 200.204, 0.00115559/step, 149.535 ns/days, 0.105929 hours remaining, 0.000000 MB of memory in use.
PERFORMANCE: 170000  averaging 146.765 ns/day, 0.00117739 sec/step with standard deviation 9.8236e-05
ENERGY:  170000       410.3466      1083.8191      1113.6431        69.4902        -113951.7889      9627.5563         0.0000         0.0000     18758.5096         -82888.4240       304.9544   -101646.9336    -83018.8067       302.0012           -136.6941      -133.0775    301228.2399        -5.1407        -6.5227

WRITING EXTENDED SYSTEM TO RESTART FILE AT STEP 170000
WRITING COORDINATES TO RESTART FILE AT STEP 170000
FINISHED WRITING RESTART COORDINATES
WRITING VELOCITIES TO RESTART FILE AT STEP 170000
FINISHED WRITING RESTART VELOCITIES
TIMING: 175000  CPU: 202.931, 0.00114421/step  Wall: 205.949, 0.00114889/step, 150.406 ns/days, 0.10372 hours remaining, 0.000000 MB of memory in use.
PERFORMANCE: 175000  averaging 146.866 ns/day, 0.00117658 sec/step with standard deviation 9.69004e-05
ENERGY:  175000       439.8437      1148.3012      1138.7799        67.8346        -114187.7457      9964.3645         0.0000         0.0000     18564.5495         -82864.0722       301.8012   -101428.6218    -83024.9101       301.8480            107.3309       105.8164    300245.3827         3.9478         2.3957

WRITING EXTENDED SYSTEM TO RESTART FILE AT STEP 175000
WRITING COORDINATES TO RESTART FILE AT STEP 175000
FINISHED WRITING RESTART COORDINATES
WRITING VELOCITIES TO RESTART FILE AT STEP 175000
FINISHED WRITING RESTART VELOCITIES
TIMING: 180000  CPU: 208.66, 0.0011458/step  Wall: 211.716, 0.00115352/step, 149.803 ns/days, 0.102535 hours remaining, 0.000000 MB of memory in use.
PERFORMANCE: 180000  averaging 146.946 ns/day, 0.00117594 sec/step with standard deviation 9.55834e-05
ENERGY:  180000       420.6500      1122.8705      1109.4871        64.4961        -114231.8537      9717.4679         0.0000         0.0000     18522.8958         -83273.9864       301.1241   -101796.8822    -83022.1247       301.8712           -227.1512      -229.3850    300770.9478        -9.0581       -10.6622

WRITING EXTENDED SYSTEM TO RESTART FILE AT STEP 180000
WRITING COORDINATES TO RESTART FILE AT STEP 180000
FINISHED WRITING RESTART COORDINATES
WRITING VELOCITIES TO RESTART FILE AT STEP 180000
FINISHED WRITING RESTART VELOCITIES
TIMING: 185000  CPU: 214.953, 0.00125867/step  Wall: 218.04, 0.00126473/step, 136.63 ns/days, 0.110664 hours remaining, 0.000000 MB of memory in use.
PERFORMANCE: 185000  averaging 146.647 ns/day, 0.00117834 sec/step with standard deviation 9.53702e-05
ENERGY:  185000       451.3073      1102.4004      1109.8195        63.7148        -114250.9228      9806.0654         0.0000         0.0000     18592.3615         -83125.2539       302.2534   -101717.6154    -83017.8884       301.9457             35.1304        34.3427    300803.0130       -15.7437       -17.3268

WRITING EXTENDED SYSTEM TO RESTART FILE AT STEP 185000
WRITING COORDINATES TO RESTART FILE AT STEP 185000
FINISHED WRITING RESTART COORDINATES
WRITING VELOCITIES TO RESTART FILE AT STEP 185000
FINISHED WRITING RESTART VELOCITIES
TIMING: 190000  CPU: 220.659, 0.00114123/step  Wall: 223.771, 0.00114615/step, 150.765 ns/days, 0.0986967 hours remaining, 0.000000 MB of memory in use.
PERFORMANCE: 190000  averaging 146.753 ns/day, 0.00117749 sec/step with standard deviation 9.42174e-05
ENERGY:  190000       413.3227      1130.0531      1107.4374        74.5193        -114065.5852      9755.9020         0.0000         0.0000     18534.1300         -83050.2206       301.3067   -101584.3507    -83016.4889       301.8991            -64.1006       -62.6627    300574.2339       -31.3037       -32.8471

WRITING EXTENDED SYSTEM TO RESTART FILE AT STEP 190000
WRITING COORDINATES TO RESTART FILE AT STEP 190000
FINISHED WRITING RESTART COORDINATES
WRITING VELOCITIES TO RESTART FILE AT STEP 190000
FINISHED WRITING RESTART VELOCITIES
TIMING: 195000  CPU: 226.41, 0.00115015/step  Wall: 229.545, 0.00115485/step, 149.63 ns/days, 0.0978411 hours remaining, 0.000000 MB of memory in use.
PERFORMANCE: 195000  averaging 146.825 ns/day, 0.00117691 sec/step with standard deviation 9.30401e-05
ENERGY:  195000       445.5886      1159.0625      1122.8804        72.1302        -114033.8096      9619.8947         0.0000         0.0000     18644.6793         -82969.5739       303.1039   -101614.2532    -83016.4833       302.1188           -254.0223      -257.3287    300208.7540       -33.1443       -34.6057

WRITING EXTENDED SYSTEM TO RESTART FILE AT STEP 195000
WRITING COORDINATES TO RESTART FILE AT STEP 195000
FINISHED WRITING RESTART COORDINATES
WRITING VELOCITIES TO RESTART FILE AT STEP 195000
FINISHED WRITING RESTART VELOCITIES
TIMING: 200000  CPU: 232.109, 0.0011398/step  Wall: 235.268, 0.0011447/step, 150.956 ns/days, 0.0953918 hours remaining, 0.000000 MB of memory in use.
PERFORMANCE: 200000  averaging 146.926 ns/day, 0.00117611 sec/step with standard deviation 9.19806e-05
ETITLE:      TS           BOND          ANGLE          DIHED          IMPRP               ELECT            VDW       BOUNDARY           MISC        KINETIC               TOTAL           TEMP      POTENTIAL       TOTALAVG        TEMPAVG            PRESSURE      GPRESSURE         VOLUME       PRESSAVG      GPRESSAVG

ENERGY:  200000       437.5741      1142.7985      1131.5734        63.6700        -114052.3558      9673.3428         0.0000         0.0000     18647.6427         -82955.7543       303.1521   -101603.3970    -83034.0982       301.9722              7.1347         4.3821    300809.3117       -33.1281       -34.3967

WRITING EXTENDED SYSTEM TO RESTART FILE AT STEP 200000
WRITING COORDINATES TO RESTART FILE AT STEP 200000
FINISHED WRITING RESTART COORDINATES
WRITING VELOCITIES TO RESTART FILE AT STEP 200000
FINISHED WRITING RESTART VELOCITIES
TIMING: 205000  CPU: 237.849, 0.00114788/step  Wall: 241.04, 0.00115432/step, 149.698 ns/days, 0.0945904 hours remaining, 0.000000 MB of memory in use.
PERFORMANCE: 205000  averaging 146.992 ns/day, 0.00117557 sec/step with standard deviation 9.08873e-05
ENERGY:  205000       442.1147      1080.8915      1117.7812        65.7373        -113983.3839      9778.8168         0.0000         0.0000     18541.3228         -82956.7195       301.4236   -101498.0423    -83035.6189       301.8352            188.5805       192.0574    300126.5738       -30.7746       -31.5473

WRITING EXTENDED SYSTEM TO RESTART FILE AT STEP 205000
WRITING COORDINATES TO RESTART FILE AT STEP 205000
FINISHED WRITING RESTART COORDINATES
WRITING VELOCITIES TO RESTART FILE AT STEP 205000
FINISHED WRITING RESTART VELOCITIES
TIMING: 210000  CPU: 243.589, 0.00114818/step  Wall: 246.811, 0.00115427/step, 149.704 ns/days, 0.0929833 hours remaining, 0.000000 MB of memory in use.
PERFORMANCE: 210000  averaging 147.055 ns/day, 0.00117507 sec/step with standard deviation 8.98322e-05
ENERGY:  210000       457.8158      1109.5629      1123.6202        65.6975        -113853.5774      9644.5562         0.0000         0.0000     18665.6777         -82786.6471       303.4453   -101452.3248    -83029.7102       301.9037           -328.1092      -325.4645    302255.2902       -43.4936       -44.0764

WRITING EXTENDED SYSTEM TO RESTART FILE AT STEP 210000
WRITING COORDINATES TO RESTART FILE AT STEP 210000
FINISHED WRITING RESTART COORDINATES
WRITING VELOCITIES TO RESTART FILE AT STEP 210000
FINISHED WRITING RESTART VELOCITIES
TIMING: 215000  CPU: 249.325, 0.00114706/step  Wall: 252.577, 0.00115311/step, 149.856 ns/days, 0.0912879 hours remaining, 0.000000 MB of memory in use.
PERFORMANCE: 215000  averaging 147.119 ns/day, 0.00117456 sec/step with standard deviation 8.88194e-05
ENERGY:  215000       441.8701      1105.4568      1108.1432        71.6967        -114305.4435      9916.9200         0.0000         0.0000     18468.7571         -83192.5997       300.2440   -101661.3568    -83038.8250       301.8256             94.4260        93.6273    300702.4146       -32.1524       -32.5016

WRITING EXTENDED SYSTEM TO RESTART FILE AT STEP 215000
WRITING COORDINATES TO RESTART FILE AT STEP 215000
FINISHED WRITING RESTART COORDINATES
WRITING VELOCITIES TO RESTART FILE AT STEP 215000
FINISHED WRITING RESTART VELOCITIES
TIMING: 220000  CPU: 255.067, 0.00114837/step  Wall: 258.342, 0.0011531/step, 149.857 ns/days, 0.0896858 hours remaining, 0.000000 MB of memory in use.
PERFORMANCE: 220000  averaging 147.18 ns/day, 0.00117407 sec/step with standard deviation 8.78402e-05
ENERGY:  220000       444.0150      1084.7901      1119.8806        62.7972        -114477.8524     10245.4036         0.0000         0.0000     18580.8630         -82940.1029       302.0664   -101520.9659    -83031.4518       301.8940            403.4877       407.0092    301075.2156        -4.7674        -4.9599

WRITING EXTENDED SYSTEM TO RESTART FILE AT STEP 220000
WRITING COORDINATES TO RESTART FILE AT STEP 220000
FINISHED WRITING RESTART COORDINATES
WRITING VELOCITIES TO RESTART FILE AT STEP 220000
FINISHED WRITING RESTART VELOCITIES
TIMING: 225000  CPU: 260.851, 0.00115695/step  Wall: 264.158, 0.00116321/step, 148.555 ns/days, 0.0888562 hours remaining, 0.000000 MB of memory in use.
PERFORMANCE: 225000  averaging 147.211 ns/day, 0.00117383 sec/step with standard deviation 8.68513e-05
ENERGY:  225000       433.3383      1125.9647      1128.6722        83.1051        -113977.4279      9722.8106         0.0000         0.0000     18469.4729         -83014.0641       300.2556   -101483.5369    -83023.3616       301.7887            -40.4134       -39.3445    300615.0747         4.2251         4.1538

WRITING EXTENDED SYSTEM TO RESTART FILE AT STEP 225000
WRITING COORDINATES TO RESTART FILE AT STEP 225000
FINISHED WRITING RESTART COORDINATES
WRITING VELOCITIES TO RESTART FILE AT STEP 225000
FINISHED WRITING RESTART VELOCITIES
TIMING: 230000  CPU: 266.588, 0.00114737/step  Wall: 269.928, 0.00115401/step, 149.738 ns/days, 0.086551 hours remaining, 0.000000 MB of memory in use.
PERFORMANCE: 230000  averaging 147.265 ns/day, 0.0011734 sec/step with standard deviation 8.59306e-05
ENERGY:  230000       478.3053      1171.8504      1131.1817        71.8241        -114014.5371      9782.7788         0.0000         0.0000     18642.4823         -82736.1145       303.0682   -101378.5968    -83010.2035       301.8760           -115.6078      -113.8755    300983.6652         9.8157         9.8377

WRITING EXTENDED SYSTEM TO RESTART FILE AT STEP 230000
WRITING COORDINATES TO RESTART FILE AT STEP 230000
FINISHED WRITING RESTART COORDINATES
WRITING VELOCITIES TO RESTART FILE AT STEP 230000
FINISHED WRITING RESTART VELOCITIES
TIMING: 235000  CPU: 272.286, 0.0011395/step  Wall: 275.65, 0.00114433/step, 151.005 ns/days, 0.0842357 hours remaining, 0.000000 MB of memory in use.
PERFORMANCE: 235000  averaging 147.342 ns/day, 0.00117278 sec/step with standard deviation 8.50971e-05
ENERGY:  235000       429.6525      1146.9935      1109.0134        74.8429        -113809.1014      9632.5654         0.0000         0.0000     18444.2616         -82971.7722       299.8457   -101416.0338    -83010.4621       301.7100           -202.4745      -199.7768    300868.2161        -6.7753        -6.4685

WRITING EXTENDED SYSTEM TO RESTART FILE AT STEP 235000
WRITING COORDINATES TO RESTART FILE AT STEP 235000
FINISHED WRITING RESTART COORDINATES
WRITING VELOCITIES TO RESTART FILE AT STEP 235000
FINISHED WRITING RESTART VELOCITIES
TIMING: 240000  CPU: 278.05, 0.0011528/step  Wall: 281.445, 0.00115891/step, 149.106 ns/days, 0.083699 hours remaining, 0.000000 MB of memory in use.
PERFORMANCE: 240000  averaging 147.379 ns/day, 0.00117249 sec/step with standard deviation 8.42107e-05
ENERGY:  240000       427.2238      1137.6352      1111.8563        68.9165        -113710.2953      9656.4342         0.0000         0.0000     18590.5414         -82717.6879       302.2238   -101308.2293    -82993.4688       301.7781           -101.8106      -102.6944    300954.0369       -19.2839       -18.8975

WRITING EXTENDED SYSTEM TO RESTART FILE AT STEP 240000
WRITING COORDINATES TO RESTART FILE AT STEP 240000
FINISHED WRITING RESTART COORDINATES
WRITING VELOCITIES TO RESTART FILE AT STEP 240000
FINISHED WRITING RESTART VELOCITIES
TIMING: 245000  CPU: 283.794, 0.0011489/step  Wall: 287.213, 0.00115366/step, 149.784 ns/days, 0.0817178 hours remaining, 0.000000 MB of memory in use.
PERFORMANCE: 245000  averaging 147.427 ns/day, 0.00117211 sec/step with standard deviation 8.33723e-05
ENERGY:  245000       450.8332      1106.2743      1113.1539        71.0233        -114243.5149      9974.9877         0.0000         0.0000     18603.1226         -82924.1199       302.4283   -101527.2425    -82984.4129       301.8720            172.1312       172.6901    300353.3085        -8.3899        -7.9004

WRITING EXTENDED SYSTEM TO RESTART FILE AT STEP 245000
WRITING COORDINATES TO RESTART FILE AT STEP 245000
FINISHED WRITING RESTART COORDINATES
WRITING VELOCITIES TO RESTART FILE AT STEP 245000
FINISHED WRITING RESTART VELOCITIES
TIMING: 250000  CPU: 289.547, 0.00115053/step  Wall: 292.989, 0.00115526/step, 149.577 ns/days, 0.0802264 hours remaining, 0.000000 MB of memory in use.
PERFORMANCE: 250000  averaging 147.469 ns/day, 0.00117177 sec/step with standard deviation 8.25515e-05
ETITLE:      TS           BOND          ANGLE          DIHED          IMPRP               ELECT            VDW       BOUNDARY           MISC        KINETIC               TOTAL           TEMP      POTENTIAL       TOTALAVG        TEMPAVG            PRESSURE      GPRESSURE         VOLUME       PRESSAVG      GPRESSAVG

ENERGY:  250000       381.6024      1139.5878      1109.1130        75.4832        -114548.3659      9895.8737         0.0000         0.0000     18612.4947         -83334.2112       302.5807   -101946.7059    -83005.6329       301.9456             -4.6429        -3.0202    301332.4886       -12.6241       -11.9727

WRITING EXTENDED SYSTEM TO RESTART FILE AT STEP 250000
WRITING COORDINATES TO RESTART FILE AT STEP 250000
FINISHED WRITING RESTART COORDINATES
WRITING VELOCITIES TO RESTART FILE AT STEP 250000
FINISHED WRITING RESTART VELOCITIES
TIMING: 255000  CPU: 295.289, 0.00114833/step  Wall: 298.754, 0.00115303/step, 149.867 ns/days, 0.0784698 hours remaining, 0.000000 MB of memory in use.
PERFORMANCE: 255000  averaging 147.516 ns/day, 0.0011714 sec/step with standard deviation 8.1764e-05
ENERGY:  255000       441.5332      1116.6843      1119.1768        63.6529        -114236.5360      9769.2310         0.0000         0.0000     18643.5454         -83082.7124       303.0855   -101726.2578    -83011.2070       301.8963            -47.6560       -50.5443    300470.2286       -16.2169       -15.7556

WRITING EXTENDED SYSTEM TO RESTART FILE AT STEP 255000
WRITING COORDINATES TO RESTART FILE AT STEP 255000
FINISHED WRITING RESTART COORDINATES
WRITING VELOCITIES TO RESTART FILE AT STEP 255000
FINISHED WRITING RESTART VELOCITIES
TIMING: 260000  CPU: 301.049, 0.0011522/step  Wall: 304.539, 0.00115696/step, 149.356 ns/days, 0.0771309 hours remaining, 0.000000 MB of memory in use.
PERFORMANCE: 260000  averaging 147.551 ns/day, 0.00117112 sec/step with standard deviation 8.09832e-05
ENERGY:  260000       442.5552      1138.2364      1123.7542        71.1303        -114002.6652      9870.8871         0.0000         0.0000     18347.8285         -83008.2735       298.2780   -101356.1020    -82985.2134       301.8590            -35.3129       -31.1020    300556.1286       -22.2448       -21.5551

WRITING EXTENDED SYSTEM TO RESTART FILE AT STEP 260000
WRITING COORDINATES TO RESTART FILE AT STEP 260000
FINISHED WRITING RESTART COORDINATES
WRITING VELOCITIES TO RESTART FILE AT STEP 260000
FINISHED WRITING RESTART VELOCITIES
TIMING: 265000  CPU: 306.781, 0.00114632/step  Wall: 310.303, 0.00115284/step, 149.89 ns/days, 0.0752551 hours remaining, 0.000000 MB of memory in use.
PERFORMANCE: 265000  averaging 147.594 ns/day, 0.00117078 sec/step with standard deviation 8.024e-05
ENERGY:  265000       417.5056      1138.7270      1137.9249        70.4956        -113872.5727      9618.8856         0.0000         0.0000     18412.0691         -83076.9649       299.3224   -101489.0340    -82993.4638       301.7982             53.8247        51.5950    300409.0156       -24.7975       -24.3378

WRITING EXTENDED SYSTEM TO RESTART FILE AT STEP 265000
WRITING COORDINATES TO RESTART FILE AT STEP 265000
FINISHED WRITING RESTART COORDINATES
WRITING VELOCITIES TO RESTART FILE AT STEP 265000
FINISHED WRITING RESTART VELOCITIES
TIMING: 270000  CPU: 312.492, 0.00114221/step  Wall: 316.045, 0.00114825/step, 150.49 ns/days, 0.0733605 hours remaining, 0.000000 MB of memory in use.
PERFORMANCE: 270000  averaging 147.647 ns/day, 0.00117036 sec/step with standard deviation 7.95385e-05
ENERGY:  270000       442.6485      1117.7026      1101.9023        70.0406        -114261.2331      9827.0761         0.0000         0.0000     18504.2886         -83197.5745       300.8216   -101701.8630    -83008.9213       301.5915           -112.6134      -115.2180    299533.0622       -23.5934       -23.4448

WRITING EXTENDED SYSTEM TO RESTART FILE AT STEP 270000
WRITING COORDINATES TO RESTART FILE AT STEP 270000
FINISHED WRITING RESTART COORDINATES
WRITING VELOCITIES TO RESTART FILE AT STEP 270000
FINISHED WRITING RESTART VELOCITIES
TIMING: 275000  CPU: 318.235, 0.00114854/step  Wall: 321.819, 0.00115481/step, 149.634 ns/days, 0.0721759 hours remaining, 0.000000 MB of memory in use.
PERFORMANCE: 275000  averaging 147.682 ns/day, 0.00117008 sec/step with standard deviation 7.88265e-05
ENERGY:  275000       439.1420      1132.2827      1096.5854        76.5252        -114084.0165      9683.6627         0.0000         0.0000     18608.9224         -83046.8961       302.5226   -101655.8185    -83018.0625       301.6276           -103.4372      -103.5601    301501.1955       -34.1318       -33.9136

WRITING EXTENDED SYSTEM TO RESTART FILE AT STEP 275000
WRITING COORDINATES TO RESTART FILE AT STEP 275000
FINISHED WRITING RESTART COORDINATES
WRITING VELOCITIES TO RESTART FILE AT STEP 275000
FINISHED WRITING RESTART VELOCITIES
TIMING: 280000  CPU: 323.997, 0.00115249/step  Wall: 327.606, 0.00115745/step, 149.293 ns/days, 0.0707333 hours remaining, 0.000000 MB of memory in use.
PERFORMANCE: 280000  averaging 147.711 ns/day, 0.00116985 sec/step with standard deviation 7.81248e-05
ENERGY:  280000       434.5704      1091.3156      1120.2662        68.7503        -114178.4719      9776.9093         0.0000         0.0000     18436.2421         -83250.4179       299.7154   -101686.6600    -83016.8841       301.5571             31.1305        28.3728    300632.4109       -21.2178       -21.0257

WRITING EXTENDED SYSTEM TO RESTART FILE AT STEP 280000
WRITING COORDINATES TO RESTART FILE AT STEP 280000
FINISHED WRITING RESTART COORDINATES
WRITING VELOCITIES TO RESTART FILE AT STEP 280000
FINISHED WRITING RESTART VELOCITIES
TIMING: 285000  CPU: 329.688, 0.00113823/step  Wall: 333.329, 0.00114463/step, 150.966 ns/days, 0.0683599 hours remaining, 0.000000 MB of memory in use.
PERFORMANCE: 285000  averaging 147.767 ns/day, 0.00116941 sec/step with standard deviation 7.74962e-05
ENERGY:  285000       418.5889      1165.9262      1098.8901        80.1056        -113915.8666      9560.9825         0.0000         0.0000     18810.1024         -82781.2709       305.7932   -101591.3733    -82999.6849       301.7341           -218.0026      -221.1556    300783.6925       -33.8744       -33.8007

WRITING EXTENDED SYSTEM TO RESTART FILE AT STEP 285000
WRITING COORDINATES TO RESTART FILE AT STEP 285000
FINISHED WRITING RESTART COORDINATES
WRITING VELOCITIES TO RESTART FILE AT STEP 285000
FINISHED WRITING RESTART VELOCITIES
TIMING: 290000  CPU: 335.4, 0.00114234/step  Wall: 339.067, 0.0011475/step, 150.589 ns/days, 0.0669373 hours remaining, 0.000000 MB of memory in use.
PERFORMANCE: 290000  averaging 147.815 ns/day, 0.00116903 sec/step with standard deviation 7.68672e-05
ENERGY:  290000       397.4652      1129.5934      1137.3450        72.9856        -114297.5190     10110.2479         0.0000         0.0000     18430.4837         -83019.3981       299.6217   -101449.8819    -82998.1438       301.6499            526.8454       526.1091    300353.1513        -4.3271        -4.3621

WRITING EXTENDED SYSTEM TO RESTART FILE AT STEP 290000
WRITING COORDINATES TO RESTART FILE AT STEP 290000
FINISHED WRITING RESTART COORDINATES
WRITING VELOCITIES TO RESTART FILE AT STEP 290000
FINISHED WRITING RESTART VELOCITIES
TIMING: 295000  CPU: 341.107, 0.00114139/step  Wall: 344.806, 0.00114785/step, 150.542 ns/days, 0.0653638 hours remaining, 0.000000 MB of memory in use.
PERFORMANCE: 295000  averaging 147.86 ns/day, 0.00116867 sec/step with standard deviation 7.62516e-05
ENERGY:  295000       419.6738      1080.9029      1135.9155        65.1639        -113948.3431      9702.9954         0.0000         0.0000     18677.8014         -82865.8902       303.6424   -101543.6916    -82992.9596       301.6768           -184.3943      -182.0140    301113.1199        -0.8457        -0.5963

WRITING EXTENDED SYSTEM TO RESTART FILE AT STEP 295000
WRITING COORDINATES TO RESTART FILE AT STEP 295000
FINISHED WRITING RESTART COORDINATES
WRITING VELOCITIES TO RESTART FILE AT STEP 295000
FINISHED WRITING RESTART VELOCITIES
TIMING: 300000  CPU: 346.829, 0.00114438/step  Wall: 350.561, 0.00115108/step, 150.12 ns/days, 0.0639487 hours remaining, 0.000000 MB of memory in use.
PERFORMANCE: 300000  averaging 147.897 ns/day, 0.00116838 sec/step with standard deviation 7.56368e-05
ETITLE:      TS           BOND          ANGLE          DIHED          IMPRP               ELECT            VDW       BOUNDARY           MISC        KINETIC               TOTAL           TEMP      POTENTIAL       TOTALAVG        TEMPAVG            PRESSURE      GPRESSURE         VOLUME       PRESSAVG      GPRESSAVG

ENERGY:  300000       405.4798      1134.5088      1116.3878        74.1300        -113913.2897      9561.3819         0.0000         0.0000     18631.9755         -82989.4259       302.8974   -101621.4014    -82994.6432       301.6641           -160.2594      -157.0787    299353.3028        -9.2154        -8.6694

WRITING EXTENDED SYSTEM TO RESTART FILE AT STEP 300000
WRITING COORDINATES TO RESTART FILE AT STEP 300000
FINISHED WRITING RESTART COORDINATES
WRITING VELOCITIES TO RESTART FILE AT STEP 300000
FINISHED WRITING RESTART VELOCITIES
TIMING: 305000  CPU: 352.541, 0.00114242/step  Wall: 356.305, 0.00114869/step, 150.432 ns/days, 0.0622206 hours remaining, 0.000000 MB of memory in use.
PERFORMANCE: 305000  averaging 147.938 ns/day, 0.00116806 sec/step with standard deviation 7.50462e-05
ENERGY:  305000       416.1317      1060.1861      1114.1689        70.2686        -113968.2240      9650.4128         0.0000         0.0000     18732.6080         -82924.4478       304.5333   -101657.0559    -82993.0296       301.8196           -203.6696      -201.1920    301622.8320       -28.8279       -28.3319

WRITING EXTENDED SYSTEM TO RESTART FILE AT STEP 305000
WRITING COORDINATES TO RESTART FILE AT STEP 305000
FINISHED WRITING RESTART COORDINATES
WRITING VELOCITIES TO RESTART FILE AT STEP 305000
FINISHED WRITING RESTART VELOCITIES
TIMING: 310000  CPU: 358.295, 0.00115073/step  Wall: 362.082, 0.00115548/step, 149.548 ns/days, 0.0609836 hours remaining, 0.000000 MB of memory in use.
PERFORMANCE: 310000  averaging 147.964 ns/day, 0.00116785 sec/step with standard deviation 7.44456e-05
ENERGY:  310000       427.7797      1115.9405      1103.0037        82.2349        -114343.8666     10014.2469         0.0000         0.0000     18542.4963         -83058.1647       301.4427   -101600.6609    -83006.6055       301.7194            169.2483       166.8441    299664.1344        -3.9600        -3.7164

WRITING EXTENDED SYSTEM TO RESTART FILE AT STEP 310000
WRITING COORDINATES TO RESTART FILE AT STEP 310000
FINISHED WRITING RESTART COORDINATES
WRITING VELOCITIES TO RESTART FILE AT STEP 310000
FINISHED WRITING RESTART VELOCITIES
TIMING: 315000  CPU: 364.036, 0.00114818/step  Wall: 367.848, 0.00115311/step, 149.856 ns/days, 0.0592569 hours remaining, 0.000000 MB of memory in use.
PERFORMANCE: 315000  averaging 147.993 ns/day, 0.00116762 sec/step with standard deviation 7.38662e-05
ENERGY:  315000       442.5807      1130.5593      1104.1343        73.4762        -114031.8344      9690.2899         0.0000         0.0000     18598.9781         -82991.8159       302.3609   -101590.7939    -82996.5663       301.8253            -68.3809       -70.7610    300191.3564       -12.1004       -11.9358

WRITING EXTENDED SYSTEM TO RESTART FILE AT STEP 315000
WRITING COORDINATES TO RESTART FILE AT STEP 315000
FINISHED WRITING RESTART COORDINATES
WRITING VELOCITIES TO RESTART FILE AT STEP 315000
FINISHED WRITING RESTART VELOCITIES
TIMING: 320000  CPU: 369.773, 0.00114742/step  Wall: 373.61, 0.00115255/step, 149.929 ns/days, 0.0576274 hours remaining, 0.000000 MB of memory in use.
PERFORMANCE: 320000  averaging 148.023 ns/day, 0.00116739 sec/step with standard deviation 7.33018e-05
ENERGY:  320000       418.9869      1102.6808      1107.4485        66.1324        -113919.7174      9652.4642         0.0000         0.0000     18662.8422         -82909.1624       303.3992   -101572.0046    -82995.0193       301.8919           -282.1421      -280.7302    300833.5487       -46.3819       -46.3228

WRITING EXTENDED SYSTEM TO RESTART FILE AT STEP 320000
WRITING COORDINATES TO RESTART FILE AT STEP 320000
FINISHED WRITING RESTART COORDINATES
WRITING VELOCITIES TO RESTART FILE AT STEP 320000
FINISHED WRITING RESTART VELOCITIES
TIMING: 325000  CPU: 375.505, 0.00114636/step  Wall: 379.374, 0.0011527/step, 149.909 ns/days, 0.0560342 hours remaining, 0.000000 MB of memory in use.
PERFORMANCE: 325000  averaging 148.052 ns/day, 0.00116716 sec/step with standard deviation 7.27497e-05
ENERGY:  325000       432.6614      1110.2689      1104.7780        67.1076        -113811.2927      9610.0423         0.0000         0.0000     18588.4243         -82898.0103       302.1894   -101486.4346    -82989.2166       301.9886            -51.6973       -47.6220    301275.8426       -46.9461       -46.7367

WRITING EXTENDED SYSTEM TO RESTART FILE AT STEP 325000
WRITING COORDINATES TO RESTART FILE AT STEP 325000
FINISHED WRITING RESTART COORDINATES
WRITING VELOCITIES TO RESTART FILE AT STEP 325000
FINISHED WRITING RESTART VELOCITIES
TIMING: 330000  CPU: 381.233, 0.0011457/step  Wall: 385.14, 0.00115313/step, 149.853 ns/days, 0.0544533 hours remaining, 0.000000 MB of memory in use.
PERFORMANCE: 330000  averaging 148.079 ns/day, 0.00116695 sec/step with standard deviation 7.22086e-05
ENERGY:  330000       431.9929      1101.6456      1121.3484        73.9103        -114494.2459     10035.9724         0.0000         0.0000     18604.4227         -83124.9536       302.4494   -101729.3763    -83008.6585       301.9577            146.4126       142.0738    299114.8510       -33.8451       -33.9392

WRITING EXTENDED SYSTEM TO RESTART FILE AT STEP 330000
WRITING COORDINATES TO RESTART FILE AT STEP 330000
FINISHED WRITING RESTART COORDINATES
WRITING VELOCITIES TO RESTART FILE AT STEP 330000
FINISHED WRITING RESTART VELOCITIES
TIMING: 335000  CPU: 386.966, 0.00114652/step  Wall: 390.908, 0.0011536/step, 149.792 ns/days, 0.0528732 hours remaining, 0.000000 MB of memory in use.
PERFORMANCE: 335000  averaging 148.104 ns/day, 0.00116675 sec/step with standard deviation 7.1678e-05
ENERGY:  335000       412.3166      1112.9443      1108.4479        75.1197        -114080.0585      9724.3989         0.0000         0.0000     18443.3762         -83203.4547       299.8313   -101646.8310    -83020.2426       301.9570            -61.8117       -60.4020    300633.1728       -26.8119       -26.9705

WRITING EXTENDED SYSTEM TO RESTART FILE AT STEP 335000
WRITING COORDINATES TO RESTART FILE AT STEP 335000
FINISHED WRITING RESTART COORDINATES
WRITING VELOCITIES TO RESTART FILE AT STEP 335000
FINISHED WRITING RESTART VELOCITIES
TIMING: 340000  CPU: 392.678, 0.0011424/step  Wall: 396.643, 0.00114714/step, 150.636 ns/days, 0.0509839 hours remaining, 0.000000 MB of memory in use.
PERFORMANCE: 340000  averaging 148.141 ns/day, 0.00116646 sec/step with standard deviation 7.11808e-05
ENERGY:  340000       434.8618      1147.0044      1109.1334        73.7727        -114153.8630      9899.0806         0.0000         0.0000     18617.4009         -82872.6092       302.6604   -101490.0101    -83027.9887       301.9788             79.1312        77.9643    300002.1852       -17.7648       -17.9375

WRITING EXTENDED SYSTEM TO RESTART FILE AT STEP 340000
WRITING COORDINATES TO RESTART FILE AT STEP 340000
FINISHED WRITING RESTART COORDINATES
WRITING VELOCITIES TO RESTART FILE AT STEP 340000
FINISHED WRITING RESTART VELOCITIES
TIMING: 345000  CPU: 398.378, 0.00114007/step  Wall: 402.379, 0.00114705/step, 150.647 ns/days, 0.0493869 hours remaining, 0.000000 MB of memory in use.
PERFORMANCE: 345000  averaging 148.176 ns/day, 0.00116618 sec/step with standard deviation 7.06941e-05
ENERGY:  345000       410.9720      1113.5341      1135.0037        73.5147        -114355.1432      9886.4298         0.0000         0.0000     18593.8955         -83141.7934       302.2783   -101735.6889    -83038.8724       301.9713            186.1582       187.7247    300877.6253       -17.0635       -17.1858

WRITING EXTENDED SYSTEM TO RESTART FILE AT STEP 345000
WRITING COORDINATES TO RESTART FILE AT STEP 345000
FINISHED WRITING RESTART COORDINATES
WRITING VELOCITIES TO RESTART FILE AT STEP 345000
FINISHED WRITING RESTART VELOCITIES
TIMING: 350000  CPU: 404.062, 0.00113687/step  Wall: 408.1, 0.00114436/step, 151.002 ns/days, 0.0476816 hours remaining, 0.000000 MB of memory in use.
PERFORMANCE: 350000  averaging 148.216 ns/day, 0.00116587 sec/step with standard deviation 7.02284e-05
ETITLE:      TS           BOND          ANGLE          DIHED          IMPRP               ELECT            VDW       BOUNDARY           MISC        KINETIC               TOTAL           TEMP      POTENTIAL       TOTALAVG        TEMPAVG            PRESSURE      GPRESSURE         VOLUME       PRESSAVG      GPRESSAVG

ENERGY:  350000       427.3483      1115.9807      1122.1957        70.5011        -114019.7844      9712.4489         0.0000         0.0000     18731.9069         -82839.4028       304.5219   -101571.3098    -83014.1320       302.0683           -108.4440      -108.6940    300415.8432       -22.2535       -22.4695

WRITING EXTENDED SYSTEM TO RESTART FILE AT STEP 350000
WRITING COORDINATES TO RESTART FILE AT STEP 350000
FINISHED WRITING RESTART COORDINATES
WRITING VELOCITIES TO RESTART FILE AT STEP 350000
FINISHED WRITING RESTART VELOCITIES
TIMING: 355000  CPU: 409.798, 0.00114704/step  Wall: 413.859, 0.0011517/step, 150.04 ns/days, 0.0463878 hours remaining, 0.000000 MB of memory in use.
PERFORMANCE: 355000  averaging 148.241 ns/day, 0.00116567 sec/step with standard deviation 6.97453e-05
ENERGY:  355000       407.7341      1084.6486      1108.2473        77.0109        -114230.7476      9820.2748         0.0000         0.0000     18651.2331         -83081.5988       303.2104   -101732.8318    -83014.0763       302.0746             79.0269        78.1763    299796.2434       -15.9194       -16.0335

WRITING EXTENDED SYSTEM TO RESTART FILE AT STEP 355000
WRITING COORDINATES TO RESTART FILE AT STEP 355000
FINISHED WRITING RESTART COORDINATES
WRITING VELOCITIES TO RESTART FILE AT STEP 355000
FINISHED WRITING RESTART VELOCITIES
TIMING: 360000  CPU: 415.514, 0.00114332/step  Wall: 419.599, 0.00114805/step, 150.516 ns/days, 0.0446464 hours remaining, 0.000000 MB of memory in use.
PERFORMANCE: 360000  averaging 148.272 ns/day, 0.00116542 sec/step with standard deviation 6.92835e-05
ENERGY:  360000       435.9370      1115.0190      1126.0346        63.6898        -114135.3314      9734.7709         0.0000         0.0000     18579.4954         -83080.3846       302.0442   -101659.8801    -83017.6818       302.2629           -168.8256      -166.6865    300362.4855       -22.5950       -22.8127

WRITING EXTENDED SYSTEM TO RESTART FILE AT STEP 360000
WRITING COORDINATES TO RESTART FILE AT STEP 360000
FINISHED WRITING RESTART COORDINATES
WRITING VELOCITIES TO RESTART FILE AT STEP 360000
FINISHED WRITING RESTART VELOCITIES
TIMING: 365000  CPU: 421.532, 0.00120362/step  Wall: 425.65, 0.0012102/step, 142.786 ns/days, 0.0453826 hours remaining, 0.000000 MB of memory in use.
PERFORMANCE: 365000  averaging 148.194 ns/day, 0.00116604 sec/step with standard deviation 6.9e-05
ENERGY:  365000       423.2611      1121.4802      1101.6672        80.3708        -114016.5440      9678.5454         0.0000         0.0000     18478.6805         -83132.5389       300.4053   -101611.2194    -83020.4605       302.3171           -108.5730      -108.1801    301363.5694       -30.7149       -30.8015

WRITING EXTENDED SYSTEM TO RESTART FILE AT STEP 365000
WRITING COORDINATES TO RESTART FILE AT STEP 365000
FINISHED WRITING RESTART COORDINATES
WRITING VELOCITIES TO RESTART FILE AT STEP 365000
FINISHED WRITING RESTART VELOCITIES
TIMING: 370000  CPU: 427.241, 0.00114179/step  Wall: 431.383, 0.00114654/step, 150.715 ns/days, 0.0414027 hours remaining, 0.000000 MB of memory in use.
PERFORMANCE: 370000  averaging 148.228 ns/day, 0.00116577 sec/step with standard deviation 6.85632e-05
ENERGY:  370000       467.1575      1135.1949      1117.8174        87.9824        -113885.5056      9663.7779         0.0000         0.0000     18268.6617         -83144.9140       296.9910   -101413.5756    -83017.8275       302.1255            -54.8414       -55.7220    298861.6779       -27.8263       -27.8267

WRITING EXTENDED SYSTEM TO RESTART FILE AT STEP 370000
WRITING COORDINATES TO RESTART FILE AT STEP 370000
FINISHED WRITING RESTART COORDINATES
WRITING VELOCITIES TO RESTART FILE AT STEP 370000
FINISHED WRITING RESTART VELOCITIES
TIMING: 375000  CPU: 432.971, 0.00114599/step  Wall: 437.145, 0.00115252/step, 149.932 ns/days, 0.0400182 hours remaining, 0.000000 MB of memory in use.
PERFORMANCE: 375000  averaging 148.25 ns/day, 0.0011656 sec/step with standard deviation 6.81156e-05
ENERGY:  375000       410.7531      1155.1252      1122.2952        65.1633        -114531.8645     10143.5000         0.0000         0.0000     18445.5474         -83189.4805       299.8666   -101635.0279    -83024.9567       301.9927            300.2388       300.4534    299466.8269        -7.6425        -7.6260

WRITING EXTENDED SYSTEM TO RESTART FILE AT STEP 375000
WRITING COORDINATES TO RESTART FILE AT STEP 375000
FINISHED WRITING RESTART COORDINATES
WRITING VELOCITIES TO RESTART FILE AT STEP 375000
FINISHED WRITING RESTART VELOCITIES
TIMING: 380000  CPU: 438.685, 0.00114272/step  Wall: 442.893, 0.00114956/step, 150.318 ns/days, 0.0383188 hours remaining, 0.000000 MB of memory in use.
PERFORMANCE: 380000  averaging 148.277 ns/day, 0.00116538 sec/step with standard deviation 6.76849e-05
ENERGY:  380000       438.6554      1112.8145      1130.5363        71.6474        -113890.5455      9702.6745         0.0000         0.0000     18618.2553         -82815.9621       302.6743   -101434.2174    -83003.2339       302.1407             25.0994        27.2563    300324.7663        -7.9441        -7.6818

WRITING EXTENDED SYSTEM TO RESTART FILE AT STEP 380000
WRITING COORDINATES TO RESTART FILE AT STEP 380000
FINISHED WRITING RESTART COORDINATES
WRITING VELOCITIES TO RESTART FILE AT STEP 380000
FINISHED WRITING RESTART VELOCITIES
TIMING: 385000  CPU: 444.372, 0.00113745/step  Wall: 448.621, 0.00114548/step, 150.853 ns/days, 0.0365919 hours remaining, 0.000000 MB of memory in use.
PERFORMANCE: 385000  averaging 148.31 ns/day, 0.00116513 sec/step with standard deviation 6.72764e-05
ENERGY:  385000       420.2689      1142.9603      1105.4688        66.6461        -114603.4007      9920.2359         0.0000         0.0000     18693.5821         -83254.2385       303.8989   -101947.8206    -83026.8823       302.0460             97.9119        96.6453    299389.3374         7.8517         8.2082

WRITING EXTENDED SYSTEM TO RESTART FILE AT STEP 385000
WRITING COORDINATES TO RESTART FILE AT STEP 385000
FINISHED WRITING RESTART COORDINATES
WRITING VELOCITIES TO RESTART FILE AT STEP 385000
FINISHED WRITING RESTART VELOCITIES
TIMING: 390000  CPU: 450.082, 0.00114208/step  Wall: 454.357, 0.00114725/step, 150.621 ns/days, 0.0350548 hours remaining, 0.000000 MB of memory in use.
PERFORMANCE: 390000  averaging 148.339 ns/day, 0.0011649 sec/step with standard deviation 6.68688e-05
ENERGY:  390000       424.8189      1144.5938      1133.2502        70.1735        -114467.8178     10103.7443         0.0000         0.0000     18519.3733         -83071.8638       301.0668   -101591.2371    -83029.5056       302.1182            237.9247       235.6359    301792.1313        -6.5944        -6.3154

WRITING EXTENDED SYSTEM TO RESTART FILE AT STEP 390000
WRITING COORDINATES TO RESTART FILE AT STEP 390000
FINISHED WRITING RESTART COORDINATES
WRITING VELOCITIES TO RESTART FILE AT STEP 390000
FINISHED WRITING RESTART VELOCITIES
TIMING: 395000  CPU: 455.789, 0.00114126/step  Wall: 460.095, 0.00114761/step, 150.574 ns/days, 0.0334719 hours remaining, 0.000000 MB of memory in use.
PERFORMANCE: 395000  averaging 148.367 ns/day, 0.00116468 sec/step with standard deviation 6.64672e-05
ENERGY:  395000       425.9064      1109.4105      1131.9366        77.5969        -113976.9747      9658.6825         0.0000         0.0000     18620.4276         -82953.0143       302.7096   -101573.4419    -83033.8618       302.0716            -13.9596       -13.0137    300851.2751         1.9274         2.1346

WRITING EXTENDED SYSTEM TO RESTART FILE AT STEP 395000
WRITING COORDINATES TO RESTART FILE AT STEP 395000
FINISHED WRITING RESTART COORDINATES
WRITING VELOCITIES TO RESTART FILE AT STEP 395000
FINISHED WRITING RESTART VELOCITIES
TIMING: 400000  CPU: 461.513, 0.00114493/step  Wall: 465.845, 0.00114997/step, 150.265 ns/days, 0.0319435 hours remaining, 0.000000 MB of memory in use.
PERFORMANCE: 400000  averaging 148.391 ns/day, 0.00116449 sec/step with standard deviation 6.60657e-05
ETITLE:      TS           BOND          ANGLE          DIHED          IMPRP               ELECT            VDW       BOUNDARY           MISC        KINETIC               TOTAL           TEMP      POTENTIAL       TOTALAVG        TEMPAVG            PRESSURE      GPRESSURE         VOLUME       PRESSAVG      GPRESSAVG

ENERGY:  400000       440.2720      1151.7397      1152.2877        75.9490        -113913.6359      9645.5308         0.0000         0.0000     18625.2206         -82822.6360       302.7876   -101447.8566    -83025.5223       302.0661           -190.9491      -194.0568    300880.7935         0.3929         0.2857

WRITING EXTENDED SYSTEM TO RESTART FILE AT STEP 400000
WRITING COORDINATES TO RESTART FILE AT STEP 400000
FINISHED WRITING RESTART COORDINATES
WRITING VELOCITIES TO RESTART FILE AT STEP 400000
FINISHED WRITING RESTART VELOCITIES
TIMING: 405000  CPU: 467.204, 0.00113806/step  Wall: 471.562, 0.0011435/step, 151.114 ns/days, 0.0301758 hours remaining, 0.000000 MB of memory in use.
PERFORMANCE: 405000  averaging 148.424 ns/day, 0.00116423 sec/step with standard deviation 6.56929e-05
ENERGY:  405000       464.0882      1140.4522      1115.9426        66.8084        -113770.7915      9632.5371         0.0000         0.0000     18634.0748         -82716.8883       302.9315   -101350.9630    -83015.1443       301.9860           -185.9025      -187.0511    301040.7414         1.2812         0.9927

WRITING EXTENDED SYSTEM TO RESTART FILE AT STEP 405000
WRITING COORDINATES TO RESTART FILE AT STEP 405000
FINISHED WRITING RESTART COORDINATES
WRITING VELOCITIES TO RESTART FILE AT STEP 405000
FINISHED WRITING RESTART VELOCITIES
TIMING: 410000  CPU: 472.922, 0.0011437/step  Wall: 477.313, 0.00115024/step, 150.229 ns/days, 0.0287561 hours remaining, 0.000000 MB of memory in use.
PERFORMANCE: 410000  averaging 148.445 ns/day, 0.00116406 sec/step with standard deviation 6.53044e-05
ENERGY:  410000       416.2366      1141.9769      1123.9489        71.3711        -113844.5151      9713.5600         0.0000         0.0000     18746.0250         -82631.3966       304.7515   -101377.4216    -82993.8059       302.1514           -207.9206      -208.3673    301130.8202       -17.5772       -17.7678

WRITING EXTENDED SYSTEM TO RESTART FILE AT STEP 410000
WRITING COORDINATES TO RESTART FILE AT STEP 410000
FINISHED WRITING RESTART COORDINATES
WRITING VELOCITIES TO RESTART FILE AT STEP 410000
FINISHED WRITING RESTART VELOCITIES
TIMING: 415000  CPU: 478.609, 0.00113733/step  Wall: 483.033, 0.00114386/step, 151.068 ns/days, 0.0270077 hours remaining, 0.000000 MB of memory in use.
PERFORMANCE: 415000  averaging 148.476 ns/day, 0.00116382 sec/step with standard deviation 6.49428e-05
ENERGY:  415000       432.9834      1107.9692      1122.3737        64.3180        -114245.1871      9988.7635         0.0000         0.0000     18373.1590         -83155.6204       298.6898   -101528.7794    -83001.9962       301.9679            129.3258       131.1890    301106.2096        -7.6919        -7.6703

WRITING EXTENDED SYSTEM TO RESTART FILE AT STEP 415000
WRITING COORDINATES TO RESTART FILE AT STEP 415000
FINISHED WRITING RESTART COORDINATES
WRITING VELOCITIES TO RESTART FILE AT STEP 415000
FINISHED WRITING RESTART VELOCITIES
TIMING: 420000  CPU: 484.306, 0.00113938/step  Wall: 488.753, 0.00114408/step, 151.039 ns/days, 0.0254239 hours remaining, 0.000000 MB of memory in use.
PERFORMANCE: 420000  averaging 148.506 ns/day, 0.00116359 sec/step with standard deviation 6.45864e-05
ENERGY:  420000       421.6881      1132.5416      1132.7910        76.2655        -114433.6580      9941.0901         0.0000         0.0000     18667.5912         -83061.6904       303.4764   -101729.2817    -83009.6226       301.9717            117.0000       122.0169    300105.3498        12.2652        12.4670

WRITING EXTENDED SYSTEM TO RESTART FILE AT STEP 420000
WRITING COORDINATES TO RESTART FILE AT STEP 420000
FINISHED WRITING RESTART COORDINATES
WRITING VELOCITIES TO RESTART FILE AT STEP 420000
FINISHED WRITING RESTART VELOCITIES
TIMING: 425000  CPU: 489.984, 0.00113576/step  Wall: 494.464, 0.00114223/step, 151.283 ns/days, 0.0237964 hours remaining, 0.000000 MB of memory in use.
PERFORMANCE: 425000  averaging 148.539 ns/day, 0.00116333 sec/step with standard deviation 6.42426e-05
ENERGY:  425000       422.8443      1142.7922      1127.0420        70.1707        -114311.2423      9886.1299         0.0000         0.0000     18525.7645         -83136.4988       301.1707   -101662.2633    -83021.5470       301.9208              8.7571        12.1615    300110.1827        15.2880        15.4562

WRITING EXTENDED SYSTEM TO RESTART FILE AT STEP 425000
WRITING COORDINATES TO RESTART FILE AT STEP 425000
FINISHED WRITING RESTART COORDINATES
WRITING VELOCITIES TO RESTART FILE AT STEP 425000
FINISHED WRITING RESTART VELOCITIES
TIMING: 430000  CPU: 495.684, 0.00113984/step  Wall: 500.197, 0.0011466/step, 150.706 ns/days, 0.0222951 hours remaining, 0.000000 MB of memory in use.
PERFORMANCE: 430000  averaging 148.563 ns/day, 0.00116314 sec/step with standard deviation 6.3889e-05
ENERGY:  430000       417.3826      1118.6016      1144.3305        74.7917        -113806.2464      9713.9865         0.0000         0.0000     18793.9647         -82543.1888       305.5308   -101337.1535    -82992.4587       302.0749            -23.6591       -16.3056    301533.8212         6.7844         7.5372

WRITING EXTENDED SYSTEM TO RESTART FILE AT STEP 430000
WRITING COORDINATES TO RESTART FILE AT STEP 430000
FINISHED WRITING RESTART COORDINATES
WRITING VELOCITIES TO RESTART FILE AT STEP 430000
FINISHED WRITING RESTART VELOCITIES
TIMING: 435000  CPU: 501.391, 0.00114142/step  Wall: 505.928, 0.00114621/step, 150.758 ns/days, 0.0206954 hours remaining, 0.000000 MB of memory in use.
PERFORMANCE: 435000  averaging 148.588 ns/day, 0.00116295 sec/step with standard deviation 6.35424e-05
ENERGY:  435000       432.7853      1123.4576      1112.6803        77.1772        -114306.0240      9913.0409         0.0000         0.0000     18669.8716         -82977.0112       303.5134   -101646.8828    -82981.1366       302.2590             96.9217        96.7659    301075.2962        14.7210        15.3956

WRITING EXTENDED SYSTEM TO RESTART FILE AT STEP 435000
WRITING COORDINATES TO RESTART FILE AT STEP 435000
FINISHED WRITING RESTART COORDINATES
WRITING VELOCITIES TO RESTART FILE AT STEP 435000
FINISHED WRITING RESTART VELOCITIES
TIMING: 440000  CPU: 507.095, 0.00114091/step  Wall: 511.666, 0.00114757/step, 150.579 ns/days, 0.0191262 hours remaining, 0.000000 MB of memory in use.
PERFORMANCE: 440000  averaging 148.611 ns/day, 0.00116277 sec/step with standard deviation 6.31974e-05
ENERGY:  440000       444.3185      1139.6037      1112.9632        69.1518        -114164.3677      9653.7536         0.0000         0.0000     18574.2426         -83170.3342       301.9588   -101744.5768    -82996.0228       302.2239           -150.7156      -147.1264    300500.1952         3.2287         4.1411

WRITING EXTENDED SYSTEM TO RESTART FILE AT STEP 440000
WRITING COORDINATES TO RESTART FILE AT STEP 440000
FINISHED WRITING RESTART COORDINATES
WRITING VELOCITIES TO RESTART FILE AT STEP 440000
FINISHED WRITING RESTART VELOCITIES
TIMING: 445000  CPU: 513.251, 0.00123122/step  Wall: 517.862, 0.00123918/step, 139.447 ns/days, 0.0189319 hours remaining, 0.000000 MB of memory in use.
PERFORMANCE: 445000  averaging 148.501 ns/day, 0.00116363 sec/step with standard deviation 6.33572e-05
ENERGY:  445000       429.3298      1139.1913      1116.3416        58.6751        -114139.2005      9793.1515         0.0000         0.0000     18643.4439         -82959.0673       303.0838   -101602.5112    -82986.8865       302.2642           -252.5772      -249.9193    300041.6519       -18.7081       -17.7411

WRITING EXTENDED SYSTEM TO RESTART FILE AT STEP 445000
WRITING COORDINATES TO RESTART FILE AT STEP 445000
FINISHED WRITING RESTART COORDINATES
WRITING VELOCITIES TO RESTART FILE AT STEP 445000
FINISHED WRITING RESTART VELOCITIES
TIMING: 450000  CPU: 518.964, 0.00114247/step  Wall: 523.605, 0.00114852/step, 150.454 ns/days, 0.0159517 hours remaining, 0.000000 MB of memory in use.
PERFORMANCE: 450000  averaging 148.522 ns/day, 0.00116346 sec/step with standard deviation 6.30204e-05
ETITLE:      TS           BOND          ANGLE          DIHED          IMPRP               ELECT            VDW       BOUNDARY           MISC        KINETIC               TOTAL           TEMP      POTENTIAL       TOTALAVG        TEMPAVG            PRESSURE      GPRESSURE         VOLUME       PRESSAVG      GPRESSAVG

ENERGY:  450000       451.9638      1151.2791      1119.8933        82.5955        -113620.5481      9586.6554         0.0000         0.0000     18371.9169         -82856.2440       298.6696   -101228.1609    -82987.7286       301.9716           -108.6976      -113.5390    301067.9445       -18.7207       -17.9834

WRITING EXTENDED SYSTEM TO RESTART FILE AT STEP 450000
WRITING COORDINATES TO RESTART FILE AT STEP 450000
FINISHED WRITING RESTART COORDINATES
WRITING VELOCITIES TO RESTART FILE AT STEP 450000
FINISHED WRITING RESTART VELOCITIES
TIMING: 455000  CPU: 524.698, 0.00114694/step  Wall: 529.373, 0.00115372/step, 149.777 ns/days, 0.0144215 hours remaining, 0.000000 MB of memory in use.
PERFORMANCE: 455000  averaging 148.536 ns/day, 0.00116335 sec/step with standard deviation 6.26776e-05
ENERGY:  455000       436.5873      1124.1005      1132.5459        77.0680        -113653.2627      9738.1758         0.0000         0.0000     18714.5341         -82430.2512       304.2395   -101144.7853    -82955.1612       302.0230            114.7654       111.2969    300041.3373       -16.9338       -16.3273

WRITING EXTENDED SYSTEM TO RESTART FILE AT STEP 455000
WRITING COORDINATES TO RESTART FILE AT STEP 455000
FINISHED WRITING RESTART COORDINATES
WRITING VELOCITIES TO RESTART FILE AT STEP 455000
FINISHED WRITING RESTART VELOCITIES
TIMING: 460000  CPU: 530.429, 0.00114604/step  Wall: 535.139, 0.00115307/step, 149.86 ns/days, 0.0128119 hours remaining, 0.000000 MB of memory in use.
PERFORMANCE: 460000  averaging 148.55 ns/day, 0.00116324 sec/step with standard deviation 6.23415e-05
ENERGY:  460000       393.2141      1114.1319      1093.1700        75.5717        -114239.2550      9918.0798         0.0000         0.0000     18672.7427         -82972.3448       303.5601   -101645.0875    -82949.7592       302.0988            269.2102       267.9152    299911.0620         4.9680         5.4027

WRITING EXTENDED SYSTEM TO RESTART FILE AT STEP 460000
WRITING COORDINATES TO RESTART FILE AT STEP 460000
FINISHED WRITING RESTART COORDINATES
WRITING VELOCITIES TO RESTART FILE AT STEP 460000
FINISHED WRITING RESTART VELOCITIES
TIMING: 465000  CPU: 536.129, 0.00114015/step  Wall: 540.94, 0.00116023/step, 148.936 ns/days, 0.01128 hours remaining, 0.000000 MB of memory in use.
PERFORMANCE: 465000  averaging 148.554 ns/day, 0.00116321 sec/step with standard deviation 6.20025e-05
ENERGY:  465000       452.0897      1084.3856      1113.3456        72.7861        -114051.0131      9876.0903         0.0000         0.0000     18665.2889         -82787.0269       303.4389   -101452.3158    -82932.4836       302.2505             52.6691        53.4749    301917.5186        13.0301        13.4855

WRITING EXTENDED SYSTEM TO RESTART FILE AT STEP 465000
WRITING COORDINATES TO RESTART FILE AT STEP 465000
FINISHED WRITING RESTART COORDINATES
WRITING VELOCITIES TO RESTART FILE AT STEP 465000
FINISHED WRITING RESTART VELOCITIES
TIMING: 470000  CPU: 541.886, 0.0011514/step  Wall: 546.721, 0.00115631/step, 149.441 ns/days, 0.00963594 hours remaining, 0.000000 MB of memory in use.
PERFORMANCE: 470000  averaging 148.564 ns/day, 0.00116314 sec/step with standard deviation 6.16724e-05
ENERGY:  470000       393.1734      1113.4441      1115.4865        70.5615        -113958.9931      9753.5219         0.0000         0.0000     18623.0696         -82889.7361       302.7526   -101512.8057    -82919.7247       302.5386             -5.3784        -9.8287    302288.4588        15.5032        15.7802

WRITING EXTENDED SYSTEM TO RESTART FILE AT STEP 470000
WRITING COORDINATES TO RESTART FILE AT STEP 470000
FINISHED WRITING RESTART COORDINATES
WRITING VELOCITIES TO RESTART FILE AT STEP 470000
FINISHED WRITING RESTART VELOCITIES
TIMING: 475000  CPU: 547.606, 0.001144/step  Wall: 552.472, 0.00115014/step, 150.242 ns/days, 0.0079871 hours remaining, 0.000000 MB of memory in use.
PERFORMANCE: 475000  averaging 148.581 ns/day, 0.001163 sec/step with standard deviation 6.13579e-05
ENERGY:  475000       417.6898      1136.6484      1108.4526        68.6623        -113881.4077      9645.2344         0.0000         0.0000     18578.8993         -82925.8208       302.0345   -101504.7201    -82906.5417       302.6470            -46.1684       -47.5876    301143.0276        -1.8171        -1.6219

WRITING EXTENDED SYSTEM TO RESTART FILE AT STEP 475000
WRITING COORDINATES TO RESTART FILE AT STEP 475000
FINISHED WRITING RESTART COORDINATES
WRITING VELOCITIES TO RESTART FILE AT STEP 475000
FINISHED WRITING RESTART VELOCITIES
TIMING: 480000  CPU: 553.289, 0.00113658/step  Wall: 558.188, 0.00114322/step, 151.152 ns/days, 0.00635124 hours remaining, 0.000000 MB of memory in use.
PERFORMANCE: 480000  averaging 148.608 ns/day, 0.00116279 sec/step with standard deviation 6.10675e-05
ENERGY:  480000       448.0680      1184.6232      1095.4515        78.6682        -114274.0712      9730.8421         0.0000         0.0000     18559.2839         -83177.1344       301.7156   -101736.4183    -82924.6003       302.5990             11.5323         7.2837    300111.1713        -2.4955        -2.6205

WRITING EXTENDED SYSTEM TO RESTART FILE AT STEP 480000
WRITING COORDINATES TO RESTART FILE AT STEP 480000
FINISHED WRITING RESTART COORDINATES
WRITING VELOCITIES TO RESTART FILE AT STEP 480000
FINISHED WRITING RESTART VELOCITIES
TIMING: 485000  CPU: 559.008, 0.00114365/step  Wall: 563.94, 0.00115037/step, 150.213 ns/days, 0.00479321 hours remaining, 0.000000 MB of memory in use.
PERFORMANCE: 485000  averaging 148.624 ns/day, 0.00116267 sec/step with standard deviation 6.07617e-05
ENERGY:  485000       428.1287      1156.6946      1126.4985        84.1325        -114004.9855      9752.5073         0.0000         0.0000     18688.8616         -82768.1623       303.8222   -101457.0239    -82900.2965       302.5952             90.8400        90.7532    300715.5605        -2.8491        -2.9151

WRITING EXTENDED SYSTEM TO RESTART FILE AT STEP 485000
WRITING COORDINATES TO RESTART FILE AT STEP 485000
FINISHED WRITING RESTART COORDINATES
WRITING VELOCITIES TO RESTART FILE AT STEP 485000
FINISHED WRITING RESTART VELOCITIES
TIMING: 490000  CPU: 564.753, 0.00114901/step  Wall: 569.718, 0.00115553/step, 149.542 ns/days, 0.00320981 hours remaining, 0.000000 MB of memory in use.
PERFORMANCE: 490000  averaging 148.633 ns/day, 0.00116259 sec/step with standard deviation 6.0452e-05
ENERGY:  490000       413.0580      1151.2172      1122.0078        61.8403        -114304.2207      9846.0491         0.0000         0.0000     18670.0109         -83040.0373       303.5157   -101710.0482    -82898.7052       302.7176             35.9900        36.0844    301133.3527       -12.9458       -12.8927

WRITING EXTENDED SYSTEM TO RESTART FILE AT STEP 490000
WRITING COORDINATES TO RESTART FILE AT STEP 490000
FINISHED WRITING RESTART COORDINATES
WRITING VELOCITIES TO RESTART FILE AT STEP 490000
FINISHED WRITING RESTART VELOCITIES
TIMING: 495000  CPU: 570.485, 0.00114645/step  Wall: 575.488, 0.00115407/step, 149.73 ns/days, 0.00160288 hours remaining, 0.000000 MB of memory in use.
PERFORMANCE: 495000  averaging 148.644 ns/day, 0.00116251 sec/step with standard deviation 6.01489e-05
ENERGY:  495000       423.5177      1093.1374      1127.7646        69.5314        -114412.0836      9925.0765         0.0000         0.0000     18492.6149         -83280.4410       300.6318   -101773.0559    -82915.0765       302.6137            200.0625       202.9406    299153.1374        -2.2447        -2.0950

WRITING EXTENDED SYSTEM TO RESTART FILE AT STEP 495000
WRITING COORDINATES TO RESTART FILE AT STEP 495000
FINISHED WRITING RESTART COORDINATES
WRITING VELOCITIES TO RESTART FILE AT STEP 495000
FINISHED WRITING RESTART VELOCITIES
TIMING: 500000  CPU: 576.24, 0.00115094/step  Wall: 581.275, 0.00115742/step, 149.298 ns/days, 0 hours remaining, 0.000000 MB of memory in use.
PERFORMANCE: 500000  averaging 148.651 ns/day, 0.00116246 sec/step with standard deviation 5.98465e-05
ETITLE:      TS           BOND          ANGLE          DIHED          IMPRP               ELECT            VDW       BOUNDARY           MISC        KINETIC               TOTAL           TEMP      POTENTIAL       TOTALAVG        TEMPAVG            PRESSURE      GPRESSURE         VOLUME       PRESSAVG      GPRESSAVG

ENERGY:  500000       426.7697      1096.4395      1139.5846        76.0063        -113950.5997      9677.0148         0.0000         0.0000     18727.6649         -82807.1199       304.4530   -101534.7848    -82914.3007       302.6970           -111.6081      -109.5972    302333.3396         1.7223         2.1280

WRITING EXTENDED SYSTEM TO RESTART FILE AT STEP 500000
WRITING COORDINATES TO RESTART FILE AT STEP 500000
FINISHED WRITING RESTART COORDINATES
WRITING VELOCITIES TO RESTART FILE AT STEP 500000
FINISHED WRITING RESTART VELOCITIES
WRITING EXTENDED SYSTEM TO OUTPUT FILE AT STEP 500000
WRITING COORDINATES TO OUTPUT FILE AT STEP 500000
WRITING VELOCITIES TO OUTPUT FILE AT STEP 500000
====================================================

WallClock: 582.269714  CPUTime: 578.614990  Memory: 0.000000 MB
[Partition 0][Node 0] End of program
