Charm++: standalone mode (not using charmrun)
Charm++> Running in Multicore mode: 10 threads (PEs)
Charm++> Using recursive bisection (scheme 3) for topology aware partitions
Converse/Charm++ Commit ID: v80000
CharmLB> Load balancer assumes all CPUs are same.
Charm++> Running on 1 hosts (2 sockets x 24 cores x 1 PUs = 48-way SMP)
Charm++> cpu topology info is gathered in 0.001 seconds.
Info: Built with CUDA version 11080
Pe 6 physical rank 6 will use CUDA device of pe 8
Pe 7 physical rank 7 will use CUDA device of pe 8
Pe 2 physical rank 2 will use CUDA device of pe 8
Pe 9 physical rank 9 will use CUDA device of pe 8
Pe 0 physical rank 0 will use CUDA device of pe 8
Pe 5 physical rank 5 will use CUDA device of pe 8
Pe 8 physical rank 8 binding to CUDA device 0 on sg012: 'NVIDIA A100-SXM4-80GB'  Mem: 81155MB  Rev: 8.0  PCI: 0:1:0
Pe 3 physical rank 3 will use CUDA device of pe 8
Pe 4 physical rank 4 will use CUDA device of pe 8
Pe 1 physical rank 1 will use CUDA device of pe 8
CharmLB> Load balancing instrumentation for communication is off.
Info: NAMD 3.1alpha2 for Linux-x86_64-multicore-CUDA
Info: 
Info: Please visit http://www.ks.uiuc.edu/Research/namd/
Info: for updates, documentation, and support information.
Info: 
Info: Please cite Phillips et al., J. Chem. Phys. 153:044130 (2020) doi:10.1063/5.0014475
Info: in all publications reporting results obtained with NAMD.
Info: 
Info: Based on Charm++/Converse 80000 for multicore-linux-x86_64
Info: Built Fri Dec 13 00:05:25 MST 2024 by athiru12 on sg031
Info: 1 NAMD  3.1alpha2  Linux-x86_64-multicore-CUDA  10    sg012  athiru12
Info: Running on 10 processors, 1 nodes, 1 physical nodes.
Info: CPU topology information available.
Info: Charm++/Converse parallel runtime startup completed at 0.819657 s
CkLoopLib is used in SMP with simple dynamic scheduling (converse-level notification)
Info: 0 MB of memory in use based on /proc/self/stat
Info: Configuration file is input/step5_imdv3_10_run.inp
Info: Changed directory to input
TCL: Suspending until startup complete.
Warning: Option "1-4scaling" has been deprecated. Instead use "oneFourScaling".
Warning: Option "CUDASOAintegrate" has been deprecated. Instead use "GPUresident".
Info: EXTENDED SYSTEM FILE   ../output/step4_equilibration.xsc
Info: Tuning parameters to improve GPU-resident performance
Info: Setting margin to 4
Warning: The Langevin gamma parameters differ over the particles,
Warning: requiring extra work per step to constrain rigid bonds.
Info: Enabling PMEOffload because PMEInterpOrder > 4.
Info: Running with GPU-resident mode
Warning: Always using force tables for GPU nonbonded kernel due to unsupported config parameters.
Info: SIMULATION PARAMETERS:
Info: TIMESTEP               2
Info: NUMBER OF STEPS        500000
Info: STEPS PER CYCLE        20
Info: PERIODIC CELL BASIS 1  69 0 0
Info: PERIODIC CELL BASIS 2  0 69 0
Info: PERIODIC CELL BASIS 3  0 0 69
Info: PERIODIC CELL CENTER   0 0 0
Info: WRAPPING WATERS AROUND PERIODIC BOUNDARIES ON OUTPUT.
Info: WRAPPING ALL CLUSTERS AROUND PERIODIC BOUNDARIES ON OUTPUT.
Info: LOAD BALANCER  Centralized
Info: LOAD BALANCING STRATEGY  New Load Balancers -- DEFAULT
Info: LDB PERIOD             4000 steps
Info: FIRST LDB TIMESTEP     100
Info: LAST LDB TIMESTEP     -1
Info: LDB BACKGROUND SCALING 1
Info: HOM BACKGROUND SCALING 1
Info: PME BACKGROUND SCALING 1
Info: MIN ATOMS PER PATCH    40
Info: EMPTY PATCH LOAD       40 ATOMS
Info: VELOCITY FILE          ../output/step4_equilibration.vel
Info: CENTER OF MASS MOVING INITIALLY? NO
Info: DIELECTRIC             1
Info: EXCLUDE                SCALED ONE-FOUR
Info: 1-4 ELECTROSTATICS SCALED BY 1
Info: MODIFIED 1-4 VDW PARAMETERS WILL BE USED
Info: NO DCD TRAJECTORY OUTPUT
Info: NO EXTENDED SYSTEM TRAJECTORY OUTPUT
Info: NO VELOCITY DCD OUTPUT
Info: NO FORCE DCD OUTPUT
Info: OUTPUT FILENAME        ../output/run-1/step5_imdv3_10_1
Info: BINARY OUTPUT FILES WILL BE USED
Info: RESTART FILENAME       ../output/run-1/step5_imdv3_10_1.restart
Info: RESTART FREQUENCY      5000
Info: BINARY RESTART FILES WILL BE USED
Info: SWITCHING ACTIVE
Info: VDW FORCE SWITCHING ACTIVE
Info: SWITCHING ON           10
Info: SWITCHING OFF          12
Info: PAIRLIST DISTANCE      16
Info: PAIRLIST SHRINK RATE   0.01
Info: PAIRLIST GROW RATE     0.01
Info: PAIRLIST TRIGGER       0.3
Info: PAIRLISTS PER CYCLE    2
Info: PAIRLISTS ENABLED
Info: MARGIN                 4
Info: HYDROGEN GROUP CUTOFF  2.5
Info: PATCH DIMENSION        22.5
Info: ENERGY OUTPUT STEPS    5000
Info: ENERGY EVALUATION STEPS    5000
Info: OUTPUT ENERGY PRECISION 4
Info: CROSSTERM ENERGY INCLUDED IN DIHEDRAL
Info: TIMING OUTPUT STEPS    5000
Info: LANGEVIN DYNAMICS ACTIVE
Info: LANGEVIN TEMPERATURE   303.15
Info: LANGEVIN USING BBK INTEGRATOR
Info: LANGEVIN DAMPING COEFFICIENT IS 1 INVERSE PS
Info: LANGEVIN DYNAMICS NOT APPLIED TO HYDROGENS
Info: LANGEVIN PISTON PRESSURE CONTROL ACTIVE
Info:        TARGET PRESSURE IS 1.01325 BAR
Info:     OSCILLATION PERIOD IS 50 FS
Info:             DECAY TIME IS 25 FS
Info:     PISTON TEMPERATURE IS 303.15 K
Info:       PRESSURE CONTROL IS GROUP-BASED
Info:    INITIAL STRAIN RATE IS 0 0 0
Info:       CELL FLUCTUATION IS ISOTROPIC
Info: PARTICLE MESH EWALD (PME) ACTIVE
Info: PME TOLERANCE               1e-06
Info: PME EWALD COEFFICIENT       0.257952
Info: PME INTERPOLATION ORDER     6
Info: PME GRID DIMENSIONS         72 72 72
Info: PME MAXIMUM GRID SPACING    1
Info: PME RECIPROCAL SUM OFFLOADED TO GPU
Info: PME CALCULATION WILL BE PERFORMED ON GPU
Info: FULL ELECTROSTATIC EVALUATION FREQUENCY      1
Info: USING VERLET I (r-RESPA) MTS SCHEME.
Info: C1 SPLITTING OF LONG RANGE ELECTROSTATICS
Info: PLACING ATOMS IN PATCHES BY HYDROGEN GROUPS
Info: RIGID BONDS TO HYDROGEN : ALL
Info:         ERROR TOLERANCE : 1e-08
Info:          MAX ITERATIONS : 100
Info: RIGID WATER USING SETTLE ALGORITHM
Info: RANDOM NUMBER SEED     1742588983
Info: USE HYDROGEN BONDS?    NO
Info: COORDINATE PDB         step3_input.pdb
Info: STRUCTURE FILE         step3_input.psf
Info: PARAMETER file: CHARMM format! 
Info: PARAMETERS             toppar/par_all36m_prot.prm
Info: PARAMETERS             toppar/par_all36_na.prm
Info: PARAMETERS             toppar/par_all36_carb.prm
Info: PARAMETERS             toppar/par_all36_lipid.prm
Info: PARAMETERS             toppar/par_all36_cgenff.prm
Info: PARAMETERS             toppar/par_interface.prm
Info: PARAMETERS             toppar/toppar_all36_moreions.str
Info: PARAMETERS             toppar/toppar_all36_nano_lig.str
Info: PARAMETERS             toppar/toppar_all36_nano_lig_patch.str
Info: PARAMETERS             toppar/toppar_all36_synthetic_polymer.str
Info: PARAMETERS             toppar/toppar_all36_synthetic_polymer_patch.str
Info: PARAMETERS             toppar/toppar_all36_polymer_solvent.str
Info: PARAMETERS             toppar/toppar_water_ions.str
Info: PARAMETERS             toppar/toppar_dum_noble_gases.str
Info: PARAMETERS             toppar/toppar_ions_won.str
Info: PARAMETERS             toppar/cam.str
Info: PARAMETERS             toppar/toppar_all36_prot_arg0.str
Info: PARAMETERS             toppar/toppar_all36_prot_c36m_d_aminoacids.str
Info: PARAMETERS             toppar/toppar_all36_prot_fluoro_alkanes.str
Info: PARAMETERS             toppar/toppar_all36_prot_heme.str
Info: PARAMETERS             toppar/toppar_all36_prot_na_combined.str
Info: PARAMETERS             toppar/toppar_all36_prot_retinol.str
Info: PARAMETERS             toppar/toppar_all36_prot_model.str
Info: PARAMETERS             toppar/toppar_all36_prot_modify_res.str
Info: PARAMETERS             toppar/toppar_all36_na_nad_ppi.str
Info: PARAMETERS             toppar/toppar_all36_na_rna_modified.str
Info: PARAMETERS             toppar/toppar_all36_lipid_sphingo.str
Info: PARAMETERS             toppar/toppar_all36_lipid_archaeal.str
Info: PARAMETERS             toppar/toppar_all36_lipid_bacterial.str
Info: PARAMETERS             toppar/toppar_all36_lipid_cardiolipin.str
Info: PARAMETERS             toppar/toppar_all36_lipid_cholesterol.str
Info: PARAMETERS             toppar/toppar_all36_lipid_dag.str
Info: PARAMETERS             toppar/toppar_all36_lipid_inositol.str
Info: PARAMETERS             toppar/toppar_all36_lipid_lnp.str
Info: PARAMETERS             toppar/toppar_all36_lipid_lps.str
Info: PARAMETERS             toppar/toppar_all36_lipid_mycobacterial.str
Info: PARAMETERS             toppar/toppar_all36_lipid_miscellaneous.str
Info: PARAMETERS             toppar/toppar_all36_lipid_model.str
Info: PARAMETERS             toppar/toppar_all36_lipid_prot.str
Info: PARAMETERS             toppar/toppar_all36_lipid_tag.str
Info: PARAMETERS             toppar/toppar_all36_lipid_yeast.str
Info: PARAMETERS             toppar/toppar_all36_lipid_hmmm.str
Info: PARAMETERS             toppar/toppar_all36_lipid_detergent.str
Info: PARAMETERS             toppar/toppar_all36_lipid_ether.str
Info: PARAMETERS             toppar/toppar_all36_lipid_oxidized.str
Info: PARAMETERS             toppar/toppar_all36_carb_glycolipid.str
Info: PARAMETERS             toppar/toppar_all36_carb_glycopeptide.str
Info: PARAMETERS             toppar/toppar_all36_carb_imlab.str
Info: PARAMETERS             toppar/toppar_all36_label_spin.str
Info: PARAMETERS             toppar/toppar_all36_label_fluorophore.str
Info: USING ARITHMETIC MEAN TO COMBINE L-J SIGMA PARAMETERS
Info: BINARY COORDINATES     ../output/step4_equilibration.coor
Warning: SKIPPING PART OF PARAMETER FILE AFTER RETURN STATEMENT

Warning: DUPLICATE DIHEDRAL ENTRY FOR HAL1-CTO1-C-NHL
PREVIOUS VALUES MULTIPLICITY: 1
  k=0  n=1  delta=0
INCREASING MULTIPLICITY TO: 2
  k=0  n=3  delta=0

Warning: DUPLICATE DIHEDRAL ENTRY FOR HAL1-CTO1-C-O
PREVIOUS VALUES MULTIPLICITY: 1
  k=0  n=1  delta=0
INCREASING MULTIPLICITY TO: 2
  k=0  n=2  delta=3.14159
Warning: SKIPPING PART OF PARAMETER FILE AFTER RETURN STATEMENT

Warning: DUPLICATE DIHEDRAL ENTRY FOR CTL2-CG2O5-CTL1-CTL3
PREVIOUS VALUES MULTIPLICITY: 1
  k=0.75  n=1  delta=0
  k=0.18  n=2  delta=3.14159
INCREASING MULTIPLICITY TO: 3
  k=0.065  n=3  delta=0

Warning: DUPLICATE BOND ENTRY FOR CEL1-CL
PREVIOUS VALUES  k=440  x0=1.489
   USING VALUES  k=300  x0=1.48
Info: SUMMARY OF PARAMETERS:
Info: 1988 BONDS
Info: 6776 ANGLES
Info: 19939 DIHEDRAL
Info: 430 IMPROPER
Info: 28 CROSSTERM
Info: 751 VDW
Info: 122 VDW_PAIRS
Info: 0 NBTHOLE_PAIRS
Warning: Ignored 9467 bonds with zero force constants.
Warning: Will get H-H distance in rigid H2O from H-O-H angle.
Info: TIME FOR READING PSF FILE: 0.0586259
Info: Reading pdb file step3_input.pdb
Info: TIME FOR READING PDB FILE: 0.0258087
Info: 
Info: ****************************
Info: STRUCTURE SUMMARY:
Info: 30423 ATOMS
Info: 20918 BONDS
Info: 13014 ANGLES
Info: 5187 DIHEDRALS
Info: 373 IMPROPERS
Info: 127 CROSSTERMS
Info: 0 EXCLUSIONS
Info: 29360 RIGID BONDS
Info: 61909 DEGREES OF FREEDOM
Info: 10530 HYDROGEN GROUPS
Info: 4 ATOMS IN LARGEST HYDROGEN GROUP
Info: 10530 MIGRATION GROUPS
Info: 4 ATOMS IN LARGEST MIGRATION GROUP
Info: TOTAL MASS = 186727 amu
Info: TOTAL CHARGE = 1.31875e-06 e
Info: MASS DENSITY = 0.943883 g/cm^3
Info: ATOM DENSITY = 0.0926093 atoms/A^3
Info: *****************************
Info: Reading from binary file ../output/step4_equilibration.coor
Info: 
Info: Entering startup at 0.978255 s, 0 MB of memory in use
Info: Startup phase 0 took 8.0372e-05 s, 0 MB of memory in use
Info: ADDED 39038 IMPLICIT EXCLUSIONS
Info: Startup phase 1 took 0.00591507 s, 0 MB of memory in use
Info: NONBONDED TABLE R-SQUARED SPACING: 0.0625
Info: NONBONDED TABLE SIZE: 769 POINTS
Info: INCONSISTENCY IN FAST TABLE ENERGY VS FORCE: 0.000325096 AT 11.9556
Info: INCONSISTENCY IN SCOR TABLE ENERGY VS FORCE: 0.000324844 AT 11.9556
Info: INCONSISTENCY IN VDWA TABLE ENERGY VS FORCE: 0.0040507 AT 0.251946
Info: INCONSISTENCY IN VDWB TABLE ENERGY VS FORCE: 0.00150189 AT 0.251946
Info: Startup phase 2 took 0.011012 s, 0 MB of memory in use
Info: Startup phase 3 took 7.9931e-05 s, 0 MB of memory in use
Info: Startup phase 4 took 0.000401646 s, 0 MB of memory in use
Info: Startup phase 5 took 6.4652e-05 s, 0 MB of memory in use
Info: PATCH GRID IS 3 (PERIODIC) BY 3 (PERIODIC) BY 3 (PERIODIC)
Info: PATCH GRID IS 1-AWAY BY 1-AWAY BY 1-AWAY
Info: Reading from binary file ../output/step4_equilibration.vel
Info: REMOVING COM VELOCITY 0.0102651 -0.01707 0.00842024
Info: LARGEST PATCH (13) HAS 1316 ATOMS
Info: TORUS A SIZE 1 USING 0
Info: TORUS B SIZE 1 USING 0
Info: TORUS C SIZE 1 USING 0
Info: TORUS MINIMAL MESH SIZE IS 1 BY 1 BY 1
Info: Placed 100% of base nodes on same physical node as patch
Info: Startup phase 6 took 0.0125782 s, 0 MB of memory in use
Info: Use 3D box decompostion in PME FFT.
Info: PME using 1 x 1 x 1 pencil grid for FFT and reciprocal sum.
Info: Startup phase 7 took 0.000177724 s, 0 MB of memory in use
Info: Updated CUDA force table with 4096 elements.
Info: Updated CUDA LJ table with 751 x 751 elements.
Info: Startup phase 8 took 0.00575153 s, 0 MB of memory in use
Info: Startup phase 9 took 9.1322e-05 s, 0 MB of memory in use
Info: Startup phase 10 took 5.854e-05 s, 0 MB of memory in use
Info: Startup phase 11 took 0.00716257 s, 0 MB of memory in use
LDB: Central LB being created...
Info: Startup phase 12 took 0.00231838 s, 0 MB of memory in use
Info: CREATING 647 COMPUTE OBJECTS
Info: Found 268 unique exclusion lists needing 4316 bytes
Info: useSync: 0 useProxySync: 0
Info: Startup phase 13 took 0.0205943 s, 0 MB of memory in use
Info: Startup phase 14 took 7.1325e-05 s, 0 MB of memory in use
Info: Startup phase 15 took 2.5668e-05 s, 0 MB of memory in use
Info: Finished startup at 1.04464 s, 0 MB of memory in use

TCL: Original numsteps 500000 will be ignored.
TCL: Running for 500000 steps
ETITLE:      TS           BOND          ANGLE          DIHED          IMPRP               ELECT            VDW       BOUNDARY           MISC        KINETIC               TOTAL           TEMP      POTENTIAL       TOTALAVG        TEMPAVG            PRESSURE      GPRESSURE         VOLUME       PRESSAVG      GPRESSAVG

ENERGY:       0       393.7845      1151.3864      1140.5717        75.7877        -111381.5648      9211.0936         0.0000         0.0000     18671.3312         -80737.6099       303.5372    -99408.9411    -80737.6099       303.5372          -1002.7071     -1000.5921    328509.0000     -1002.7071     -1000.5921

Info: Initial time: 10 CPUs 0.00129023 s/step 133.93 ns/day 0 MB memory
Info: Initial time: 10 CPUs 0.00119503 s/step 144.598 ns/day 0 MB memory
Info: Initial time: 10 CPUs 0.00116372 s/step 148.49 ns/day 0 MB memory
Info: Benchmark time: 10 CPUs 0.00116696 s/step 148.077 ns/day 0 MB memory
Info: Benchmark time: 10 CPUs 0.00132019 s/step 130.89 ns/day 0 MB memory
Info: Benchmark time: 10 CPUs 0.00115394 s/step 149.748 ns/day 0 MB memory
Info: Benchmark time: 10 CPUs 0.00113383 s/step 152.404 ns/day 0 MB memory
Info: Benchmark time: 10 CPUs 0.00112156 s/step 154.071 ns/day 0 MB memory
Info: Benchmark time: 10 CPUs 0.00120247 s/step 143.704 ns/day 0 MB memory
TIMING: 5000  CPU: 5.88983, 0.00116376/step  Wall: 5.88817, 0.00116811/step, 147.932 ns/days, 0.160615 hours remaining, 0.000000 MB of memory in use.
PERFORMANCE: 5000  averaging 147.932 ns/day, 0.00116811 sec/step with standard deviation 0
ENERGY:    5000       436.0376      1109.2334      1144.4103        72.8320        -114000.1078      9953.3271         0.0000         0.0000     18676.2911         -82607.9763       303.6178   -101284.2674    -81672.7931       303.5775            264.2708       263.3156    300227.6725      -369.2182      -368.6383

WRITING EXTENDED SYSTEM TO RESTART FILE AT STEP 5000
WRITING COORDINATES TO RESTART FILE AT STEP 5000
FINISHED WRITING RESTART COORDINATES
The last position output (seq=5000) takes 0.007 seconds, 0.000 MB of memory in use
WRITING VELOCITIES TO RESTART FILE AT STEP 5000
FINISHED WRITING RESTART VELOCITIES
The last velocity output (seq=5000) takes 0.007 seconds, 0.000 MB of memory in use
TIMING: 10000  CPU: 11.6846, 0.00115896/step  Wall: 11.7174, 0.00116585/step, 148.218 ns/days, 0.158685 hours remaining, 0.000000 MB of memory in use.
PERFORMANCE: 10000  averaging 148.075 ns/day, 0.00116698 sec/step with standard deviation 1.59427e-06
ENERGY:   10000       392.5283      1091.1402      1145.8393        71.2390        -113804.2619      9811.7014         0.0000         0.0000     18757.3169         -82534.4967       304.9350   -101291.8137    -81960.0276       304.0300              3.2138         3.1435    302711.6381      -245.0742      -244.7110

WRITING EXTENDED SYSTEM TO RESTART FILE AT STEP 10000
WRITING COORDINATES TO RESTART FILE AT STEP 10000
FINISHED WRITING RESTART COORDINATES
The last position output (seq=10000) takes 0.008 seconds, 0.000 MB of memory in use
WRITING VELOCITIES TO RESTART FILE AT STEP 10000
FINISHED WRITING RESTART VELOCITIES
The last velocity output (seq=10000) takes 0.007 seconds, 0.000 MB of memory in use
TIMING: 15000  CPU: 17.7916, 0.0012214/step  Wall: 17.8513, 0.00122677/step, 140.858 ns/days, 0.165273 hours remaining, 0.000000 MB of memory in use.
PERFORMANCE: 15000  averaging 145.588 ns/day, 0.00118691 sec/step with standard deviation 3.4536e-05
ENERGY:   15000       423.2876      1103.4285      1118.7300        68.5787        -113811.1054      9620.3258         0.0000         0.0000     18586.9989         -82889.7560       302.1662   -101476.7548    -82192.4597       303.5640           -176.8841      -178.1770    301217.0828      -228.0267      -228.0775

WRITING EXTENDED SYSTEM TO RESTART FILE AT STEP 15000
WRITING COORDINATES TO RESTART FILE AT STEP 15000
FINISHED WRITING RESTART COORDINATES
The last position output (seq=15000) takes 0.008 seconds, 0.000 MB of memory in use
WRITING VELOCITIES TO RESTART FILE AT STEP 15000
FINISHED WRITING RESTART VELOCITIES
The last velocity output (seq=15000) takes 0.008 seconds, 0.000 MB of memory in use
TIMING: 20000  CPU: 23.5288, 0.00114743/step  Wall: 23.6136, 0.00115248/step, 149.938 ns/days, 0.153664 hours remaining, 0.000000 MB of memory in use.
PERFORMANCE: 20000  averaging 146.652 ns/day, 0.0011783 sec/step with standard deviation 3.30383e-05
ENERGY:   20000       417.5428      1106.5277      1136.8401        77.6538        -114208.8630      9856.9035         0.0000         0.0000     18626.1579         -82987.2372       302.8028   -101613.3951    -82351.4152       303.4118            108.4546       112.5587    300491.1725      -160.7304      -159.9503

WRITING EXTENDED SYSTEM TO RESTART FILE AT STEP 20000
WRITING COORDINATES TO RESTART FILE AT STEP 20000
FINISHED WRITING RESTART COORDINATES
The last position output (seq=20000) takes 0.011 seconds, 0.000 MB of memory in use
WRITING VELOCITIES TO RESTART FILE AT STEP 20000
FINISHED WRITING RESTART VELOCITIES
The last velocity output (seq=20000) takes 0.010 seconds, 0.000 MB of memory in use
TIMING: 25000  CPU: 29.3179, 0.00115783/step  Wall: 29.4304, 0.00116334/step, 148.538 ns/days, 0.153496 hours remaining, 0.000000 MB of memory in use.
PERFORMANCE: 25000  averaging 147.025 ns/day, 0.00117531 sec/step with standard deviation 2.93837e-05
ENERGY:   25000       429.5783      1122.6452      1146.6487        65.0267        -113855.8513      9562.0050         0.0000         0.0000     18750.9640         -82778.9834       304.8317   -101529.9474    -82422.6766       303.6485            -61.0151       -62.6511    301000.7533      -144.1112      -143.7337

WRITING EXTENDED SYSTEM TO RESTART FILE AT STEP 25000
WRITING COORDINATES TO RESTART FILE AT STEP 25000
FINISHED WRITING RESTART COORDINATES
The last position output (seq=25000) takes 0.009 seconds, 0.000 MB of memory in use
WRITING VELOCITIES TO RESTART FILE AT STEP 25000
FINISHED WRITING RESTART VELOCITIES
The last velocity output (seq=25000) takes 0.008 seconds, 0.000 MB of memory in use
TIMING: 30000  CPU: 35.3344, 0.0012033/step  Wall: 35.5121, 0.00121636/step, 142.064 ns/days, 0.158802 hours remaining, 0.000000 MB of memory in use.
PERFORMANCE: 30000  averaging 146.174 ns/day, 0.00118215 sec/step with standard deviation 3.11697e-05
ENERGY:   30000       429.8981      1186.5751      1110.6893        70.0518        -113954.8962      9653.5747         0.0000         0.0000     18627.6677         -82876.4395       302.8273   -101504.1071    -82487.4998       303.5312           -134.8696      -136.4523    301126.6676      -142.7910      -142.6935

WRITING EXTENDED SYSTEM TO RESTART FILE AT STEP 30000
WRITING COORDINATES TO RESTART FILE AT STEP 30000
FINISHED WRITING RESTART COORDINATES
The last position output (seq=30000) takes 0.008 seconds, 0.000 MB of memory in use
WRITING VELOCITIES TO RESTART FILE AT STEP 30000
FINISHED WRITING RESTART VELOCITIES
TIMING: 35000  CPU: 41.0873, 0.00115057/step  Wall: 41.3264, 0.00116285/step, 148.601 ns/days, 0.150201 hours remaining, 0.000000 MB of memory in use.
PERFORMANCE: 35000  averaging 146.516 ns/day, 0.00117939 sec/step with standard deviation 2.93746e-05
ENERGY:   35000       408.4662      1126.0071      1131.7863        63.2950        -114326.5274      9950.7517         0.0000         0.0000     18655.1576         -82991.0634       303.2742   -101646.2211    -82550.4453       303.4990            127.2956       131.3402    300190.9695      -109.0301      -108.4393

WRITING EXTENDED SYSTEM TO RESTART FILE AT STEP 35000
WRITING COORDINATES TO RESTART FILE AT STEP 35000
FINISHED WRITING RESTART COORDINATES
The last position output (seq=35000) takes 0.008 seconds, 0.000 MB of memory in use
WRITING VELOCITIES TO RESTART FILE AT STEP 35000
FINISHED WRITING RESTART VELOCITIES
TIMING: 40000  CPU: 46.8847, 0.00115948/step  Wall: 47.1593, 0.00116659/step, 148.124 ns/days, 0.149064 hours remaining, 0.000000 MB of memory in use.
PERFORMANCE: 40000  averaging 146.715 ns/day, 0.00117779 sec/step with standard deviation 2.75696e-05
ENERGY:   40000       427.8013      1129.4282      1124.9433        79.0480        -113794.6636      9691.0008         0.0000         0.0000     18620.1817         -82722.2602       302.7056   -101342.4419    -82569.5358       303.4109            -14.9261       -16.6500    301558.3306       -98.5741       -98.2405

WRITING EXTENDED SYSTEM TO RESTART FILE AT STEP 40000
WRITING COORDINATES TO RESTART FILE AT STEP 40000
FINISHED WRITING RESTART COORDINATES
The last position output (seq=40000) takes 0.009 seconds, 0.000 MB of memory in use
WRITING VELOCITIES TO RESTART FILE AT STEP 40000
FINISHED WRITING RESTART VELOCITIES
TIMING: 45000  CPU: 52.6986, 0.00116279/step  Wall: 53.0088, 0.0011699/step, 147.705 ns/days, 0.147862 hours remaining, 0.000000 MB of memory in use.
PERFORMANCE: 45000  averaging 146.824 ns/day, 0.00117692 sec/step with standard deviation 2.59229e-05
ENERGY:   45000       434.8987      1102.2121      1116.6354        69.3942        -113943.0524      9578.3418         0.0000         0.0000     18608.8885         -83032.6817       302.5220   -101641.5702    -82615.8504       303.3220           -167.5021      -168.1756    300587.2011      -105.4669      -105.2340

WRITING EXTENDED SYSTEM TO RESTART FILE AT STEP 45000
WRITING COORDINATES TO RESTART FILE AT STEP 45000
FINISHED WRITING RESTART COORDINATES
The last position output (seq=45000) takes 0.008 seconds, 0.000 MB of memory in use
WRITING VELOCITIES TO RESTART FILE AT STEP 45000
FINISHED WRITING RESTART VELOCITIES
TIMING: 50000  CPU: 58.4893, 0.00115812/step  Wall: 58.8648, 0.00117119/step, 147.542 ns/days, 0.146399 hours remaining, 0.000000 MB of memory in use.
PERFORMANCE: 50000  averaging 146.896 ns/day, 0.00117634 sec/step with standard deviation 2.45072e-05
ETITLE:      TS           BOND          ANGLE          DIHED          IMPRP               ELECT            VDW       BOUNDARY           MISC        KINETIC               TOTAL           TEMP      POTENTIAL       TOTALAVG        TEMPAVG            PRESSURE      GPRESSURE         VOLUME       PRESSAVG      GPRESSAVG

ENERGY:   50000       426.4363      1096.9860      1117.5803        75.6803        -113601.9059      9486.8188         0.0000         0.0000     18672.3365         -82726.0676       303.5535   -101398.4041    -82625.8702       303.3430           -304.8915      -304.9407    302477.2094      -123.5964      -123.3891

WRITING EXTENDED SYSTEM TO RESTART FILE AT STEP 50000
WRITING COORDINATES TO RESTART FILE AT STEP 50000
FINISHED WRITING RESTART COORDINATES
The last position output (seq=50000) takes 0.009 seconds, 0.000 MB of memory in use
WRITING VELOCITIES TO RESTART FILE AT STEP 50000
FINISHED WRITING RESTART VELOCITIES
TIMING: 55000  CPU: 64.2496, 0.00115208/step  Wall: 64.6669, 0.00116042/step, 148.912 ns/days, 0.143441 hours remaining, 0.000000 MB of memory in use.
PERFORMANCE: 55000  averaging 147.077 ns/day, 0.0011749 sec/step with standard deviation 2.37403e-05
ENERGY:   55000       460.1742      1126.1369      1114.1052        72.4283        -114064.0466      9707.8090         0.0000         0.0000     18616.5062         -82966.8868       302.6459   -101583.3931    -82654.2882       303.2849            -24.8289       -25.8364    300191.3662      -115.3658      -115.2598

WRITING EXTENDED SYSTEM TO RESTART FILE AT STEP 55000
WRITING COORDINATES TO RESTART FILE AT STEP 55000
FINISHED WRITING RESTART COORDINATES
WRITING VELOCITIES TO RESTART FILE AT STEP 55000
FINISHED WRITING RESTART VELOCITIES
TIMING: 60000  CPU: 70.0488, 0.00115982/step  Wall: 70.5414, 0.0011749/step, 147.076 ns/days, 0.143599 hours remaining, 0.000000 MB of memory in use.
PERFORMANCE: 60000  averaging 147.077 ns/day, 0.0011749 sec/step with standard deviation 2.26355e-05
ENERGY:   60000       415.7803      1156.4223      1101.3040        74.6287        -113971.9105      9744.0212         0.0000         0.0000     18481.1790         -82998.5749       300.4459   -101479.7540    -82680.7718       303.0666             89.1263        91.2636    300373.0032       -99.6356       -99.3733

WRITING EXTENDED SYSTEM TO RESTART FILE AT STEP 60000
WRITING COORDINATES TO RESTART FILE AT STEP 60000
FINISHED WRITING RESTART COORDINATES
WRITING VELOCITIES TO RESTART FILE AT STEP 60000
FINISHED WRITING RESTART VELOCITIES
TIMING: 65000  CPU: 75.8258, 0.00115541/step  Wall: 76.3814, 0.001168/step, 147.945 ns/days, 0.141134 hours remaining, 0.000000 MB of memory in use.
PERFORMANCE: 65000  averaging 147.143 ns/day, 0.00117437 sec/step with standard deviation 2.1756e-05
ENERGY:   65000       460.9893      1146.0245      1123.5327        66.9699        -114311.6037      9805.9759         0.0000         0.0000     18713.8500         -82994.2614       304.2284   -101708.1114    -82703.1639       303.1495             43.0415        41.0129    300678.6478       -89.4444       -89.3458

WRITING EXTENDED SYSTEM TO RESTART FILE AT STEP 65000
WRITING COORDINATES TO RESTART FILE AT STEP 65000
FINISHED WRITING RESTART COORDINATES
WRITING VELOCITIES TO RESTART FILE AT STEP 65000
FINISHED WRITING RESTART VELOCITIES
TIMING: 70000  CPU: 81.5748, 0.0011498/step  Wall: 82.1973, 0.00116319/step, 148.557 ns/days, 0.138936 hours remaining, 0.000000 MB of memory in use.
PERFORMANCE: 70000  averaging 147.243 ns/day, 0.00117357 sec/step with standard deviation 2.11149e-05
ENERGY:   70000       429.4665      1145.4684      1113.8077        71.3993        -114032.6132      9875.8707         0.0000         0.0000     18718.9645         -82677.6362       304.3115   -101396.6007    -82701.4621       303.2270            168.8866       163.4021    300646.4817       -72.2224       -72.4959

WRITING EXTENDED SYSTEM TO RESTART FILE AT STEP 70000
WRITING COORDINATES TO RESTART FILE AT STEP 70000
FINISHED WRITING RESTART COORDINATES
WRITING VELOCITIES TO RESTART FILE AT STEP 70000
FINISHED WRITING RESTART VELOCITIES
TIMING: 75000  CPU: 87.2967, 0.00114437/step  Wall: 87.9827, 0.00115708/step, 149.342 ns/days, 0.136599 hours remaining, 0.000000 MB of memory in use.
PERFORMANCE: 75000  averaging 147.381 ns/day, 0.00117247 sec/step with standard deviation 2.07876e-05
ENERGY:   75000       391.8948      1158.4943      1098.8923        65.1608        -114366.0159      9967.4044         0.0000         0.0000     18520.0625         -83164.1069       301.0780   -101684.1693    -82730.3774       303.0927            370.2961       367.1444    298758.7782       -44.5649       -45.0184

WRITING EXTENDED SYSTEM TO RESTART FILE AT STEP 75000
WRITING COORDINATES TO RESTART FILE AT STEP 75000
FINISHED WRITING RESTART COORDINATES
WRITING VELOCITIES TO RESTART FILE AT STEP 75000
FINISHED WRITING RESTART VELOCITIES
TIMING: 80000  CPU: 93.039, 0.00114846/step  Wall: 93.769, 0.00115725/step, 149.319 ns/days, 0.135013 hours remaining, 0.000000 MB of memory in use.
PERFORMANCE: 80000  averaging 147.501 ns/day, 0.00117152 sec/step with standard deviation 2.04398e-05
ENERGY:   80000       446.3339      1098.9654      1098.5372        69.0792        -114205.7259      9991.6753         0.0000         0.0000     18694.6620         -82806.4729       303.9165   -101501.1349    -82734.8536       303.1412            226.3212       226.9813    300359.3872       -28.6305       -29.0184

WRITING EXTENDED SYSTEM TO RESTART FILE AT STEP 80000
WRITING COORDINATES TO RESTART FILE AT STEP 80000
FINISHED WRITING RESTART COORDINATES
WRITING VELOCITIES TO RESTART FILE AT STEP 80000
FINISHED WRITING RESTART VELOCITIES
TIMING: 85000  CPU: 98.7664, 0.00114548/step  Wall: 99.5377, 0.00115375/step, 149.773 ns/days, 0.133001 hours remaining, 0.000000 MB of memory in use.
PERFORMANCE: 85000  averaging 147.633 ns/day, 0.00117047 sec/step with standard deviation 2.02546e-05
ENERGY:   85000       448.5050      1175.4586      1107.8746        71.4389        -114266.7242      9770.8045         0.0000         0.0000     18743.9764         -82948.6662       304.7182   -101692.6426    -82746.7321       303.2288           -108.6001      -113.8881    302055.2410       -33.0732       -33.7334

WRITING EXTENDED SYSTEM TO RESTART FILE AT STEP 85000
WRITING COORDINATES TO RESTART FILE AT STEP 85000
FINISHED WRITING RESTART COORDINATES
WRITING VELOCITIES TO RESTART FILE AT STEP 85000
FINISHED WRITING RESTART VELOCITIES
TIMING: 90000  CPU: 104.53, 0.00115274/step  Wall: 105.374, 0.00116722/step, 148.043 ns/days, 0.132934 hours remaining, 0.000000 MB of memory in use.
PERFORMANCE: 90000  averaging 147.656 ns/day, 0.00117029 sec/step with standard deviation 1.96647e-05
ENERGY:   90000       415.9396      1142.9158      1106.4985        78.7632        -114140.0557      9711.5194         0.0000         0.0000     18504.9709         -83179.4483       300.8327   -101684.4192    -82769.5066       303.1027           -121.3814      -121.8483    300068.1593       -37.7210       -38.3710

WRITING EXTENDED SYSTEM TO RESTART FILE AT STEP 90000
WRITING COORDINATES TO RESTART FILE AT STEP 90000
FINISHED WRITING RESTART COORDINATES
WRITING VELOCITIES TO RESTART FILE AT STEP 90000
FINISHED WRITING RESTART VELOCITIES
TIMING: 95000  CPU: 110.344, 0.00116279/step  Wall: 111.235, 0.00117227/step, 147.407 ns/days, 0.13188 hours remaining, 0.000000 MB of memory in use.
PERFORMANCE: 95000  averaging 147.642 ns/day, 0.0011704 sec/step with standard deviation 1.91161e-05
ENERGY:   95000       412.8557      1098.4624      1113.9469        74.4501        -114254.8057      9969.6909         0.0000         0.0000     18597.5176         -82987.8821       302.3372   -101585.3997    -82780.4254       303.0644            153.6567       149.9081    301107.0454       -28.1521       -28.9571

WRITING EXTENDED SYSTEM TO RESTART FILE AT STEP 95000
WRITING COORDINATES TO RESTART FILE AT STEP 95000
FINISHED WRITING RESTART COORDINATES
WRITING VELOCITIES TO RESTART FILE AT STEP 95000
FINISHED WRITING RESTART VELOCITIES
TIMING: 100000  CPU: 116.082, 0.00114763/step  Wall: 117.044, 0.00116185/step, 148.728 ns/days, 0.129095 hours remaining, 0.000000 MB of memory in use.
PERFORMANCE: 100000  averaging 147.696 ns/day, 0.00116997 sec/step with standard deviation 1.87039e-05
ETITLE:      TS           BOND          ANGLE          DIHED          IMPRP               ELECT            VDW       BOUNDARY           MISC        KINETIC               TOTAL           TEMP      POTENTIAL       TOTALAVG        TEMPAVG            PRESSURE      GPRESSURE         VOLUME       PRESSAVG      GPRESSAVG

ENERGY:  100000       434.4046      1130.2367      1132.2185        62.8571        -113977.1143      9749.9996         0.0000         0.0000     18612.7928         -82854.6049       302.5855   -101467.3977    -82886.2751       303.0168             24.0280        23.8282    299848.3272        23.1846        22.2640

WRITING EXTENDED SYSTEM TO RESTART FILE AT STEP 100000
WRITING COORDINATES TO RESTART FILE AT STEP 100000
FINISHED WRITING RESTART COORDINATES
WRITING VELOCITIES TO RESTART FILE AT STEP 100000
FINISHED WRITING RESTART VELOCITIES
TIMING: 105000  CPU: 121.88, 0.00115946/step  Wall: 122.885, 0.00116805/step, 147.939 ns/days, 0.128161 hours remaining, 0.000000 MB of memory in use.
PERFORMANCE: 105000  averaging 147.708 ns/day, 0.00116988 sec/step with standard deviation 1.82352e-05
ENERGY:  105000       418.8784      1130.9325      1115.7375        67.2755        -114329.5070     10046.6195         0.0000         0.0000     18875.6430         -82674.4206       306.8586   -101550.0636    -82889.5973       303.1788            231.3001       227.4252    301294.1874        21.5361        20.4694

WRITING EXTENDED SYSTEM TO RESTART FILE AT STEP 105000
WRITING COORDINATES TO RESTART FILE AT STEP 105000
FINISHED WRITING RESTART COORDINATES
WRITING VELOCITIES TO RESTART FILE AT STEP 105000
FINISHED WRITING RESTART VELOCITIES
TIMING: 110000  CPU: 127.616, 0.0011473/step  Wall: 128.685, 0.00115998/step, 148.968 ns/days, 0.125665 hours remaining, 0.000000 MB of memory in use.
PERFORMANCE: 110000  averaging 147.765 ns/day, 0.00116943 sec/step with standard deviation 1.79203e-05
ENERGY:  110000       429.1417      1116.6018      1122.5214        74.2659        -113851.5541      9732.8394         0.0000         0.0000     18823.3688         -82552.8151       306.0088   -101376.1839    -82890.5133       303.2325            -22.3840       -21.9011    300238.6018        20.2562        19.2172

WRITING EXTENDED SYSTEM TO RESTART FILE AT STEP 110000
WRITING COORDINATES TO RESTART FILE AT STEP 110000
FINISHED WRITING RESTART COORDINATES
WRITING VELOCITIES TO RESTART FILE AT STEP 110000
FINISHED WRITING RESTART VELOCITIES
TIMING: 115000  CPU: 133.353, 0.00114745/step  Wall: 134.487, 0.00116055/step, 148.895 ns/days, 0.124114 hours remaining, 0.000000 MB of memory in use.
PERFORMANCE: 115000  averaging 147.813 ns/day, 0.00116904 sec/step with standard deviation 1.76059e-05
ENERGY:  115000       438.6257      1166.0271      1118.0881        85.0830        -114287.2966      9960.0579         0.0000         0.0000     18642.5065         -82876.9082       303.0686   -101519.4148    -82889.8709       303.2777            -24.2798       -26.6337    300830.5278        27.8864        26.7944

WRITING EXTENDED SYSTEM TO RESTART FILE AT STEP 115000
WRITING COORDINATES TO RESTART FILE AT STEP 115000
FINISHED WRITING RESTART COORDINATES
WRITING VELOCITIES TO RESTART FILE AT STEP 115000
FINISHED WRITING RESTART VELOCITIES
TIMING: 120000  CPU: 139.156, 0.00116048/step  Wall: 140.398, 0.00118219/step, 146.17 ns/days, 0.124786 hours remaining, 0.000000 MB of memory in use.
PERFORMANCE: 120000  averaging 147.744 ns/day, 0.00116959 sec/step with standard deviation 1.74267e-05
ENERGY:  120000       448.2331      1168.3078      1096.4116        75.1426        -113919.8360      9847.3108         0.0000         0.0000     18493.0020         -82791.4281       300.6381   -101284.4301    -82880.0804       303.1694             83.8059        86.5508    301417.0611        26.6540        25.4940

WRITING EXTENDED SYSTEM TO RESTART FILE AT STEP 120000
WRITING COORDINATES TO RESTART FILE AT STEP 120000
FINISHED WRITING RESTART COORDINATES
WRITING VELOCITIES TO RESTART FILE AT STEP 120000
FINISHED WRITING RESTART VELOCITIES
TIMING: 125000  CPU: 144.888, 0.00114647/step  Wall: 146.181, 0.00115646/step, 149.422 ns/days, 0.120464 hours remaining, 0.000000 MB of memory in use.
PERFORMANCE: 125000  averaging 147.811 ns/day, 0.00116906 sec/step with standard deviation 1.72607e-05
ENERGY:  125000       413.8625      1157.1325      1113.0409        76.2648        -113865.6678      9703.4550         0.0000         0.0000     18615.3177         -82786.5944       302.6266   -101401.9121    -82880.4610       303.0592           -149.9170      -144.3080    300913.5337        22.2089        21.4111

WRITING EXTENDED SYSTEM TO RESTART FILE AT STEP 125000
WRITING COORDINATES TO RESTART FILE AT STEP 125000
FINISHED WRITING RESTART COORDINATES
WRITING VELOCITIES TO RESTART FILE AT STEP 125000
FINISHED WRITING RESTART VELOCITIES
TIMING: 130000  CPU: 150.639, 0.00115021/step  Wall: 151.983, 0.00116047/step, 148.905 ns/days, 0.119271 hours remaining, 0.000000 MB of memory in use.
PERFORMANCE: 130000  averaging 147.852 ns/day, 0.00116873 sec/step with standard deviation 1.69958e-05
ENERGY:  130000       421.0210      1132.1589      1100.3043        64.4247        -114055.5185      9944.0390         0.0000         0.0000     18498.5491         -82895.0215       300.7283   -101393.5706    -82881.3901       302.9542            191.0466       191.2697    301589.8753        38.5047        37.7972

WRITING EXTENDED SYSTEM TO RESTART FILE AT STEP 130000
WRITING COORDINATES TO RESTART FILE AT STEP 130000
FINISHED WRITING RESTART COORDINATES
WRITING VELOCITIES TO RESTART FILE AT STEP 130000
FINISHED WRITING RESTART VELOCITIES
TIMING: 135000  CPU: 156.4, 0.00115218/step  Wall: 157.79, 0.00116147/step, 148.777 ns/days, 0.11776 hours remaining, 0.000000 MB of memory in use.
PERFORMANCE: 135000  averaging 147.886 ns/day, 0.00116846 sec/step with standard deviation 1.67243e-05
ENERGY:  135000       441.1789      1127.7708      1101.3593        68.1962        -113932.7886      9717.6017         0.0000         0.0000     18789.4477         -82687.2341       305.4574   -101476.6818    -82866.1986       303.0634             78.4533        78.6591    300112.9845        36.0626        35.1632

WRITING EXTENDED SYSTEM TO RESTART FILE AT STEP 135000
WRITING COORDINATES TO RESTART FILE AT STEP 135000
FINISHED WRITING RESTART COORDINATES
WRITING VELOCITIES TO RESTART FILE AT STEP 135000
FINISHED WRITING RESTART VELOCITIES
TIMING: 140000  CPU: 162.103, 0.00114066/step  Wall: 163.571, 0.00115607/step, 149.472 ns/days, 0.115607 hours remaining, 0.000000 MB of memory in use.
PERFORMANCE: 140000  averaging 147.943 ns/day, 0.00116802 sec/step with standard deviation 1.6578e-05
ENERGY:  140000       398.5953      1132.6506      1125.9372        72.5320        -114023.3005      9950.3956         0.0000         0.0000     18516.5893         -82826.6005       301.0216   -101343.1898    -82871.4156       302.9792             79.4474        83.2961    301641.9069        40.7812        40.1605

WRITING EXTENDED SYSTEM TO RESTART FILE AT STEP 140000
WRITING COORDINATES TO RESTART FILE AT STEP 140000
FINISHED WRITING RESTART COORDINATES
WRITING VELOCITIES TO RESTART FILE AT STEP 140000
FINISHED WRITING RESTART VELOCITIES
TIMING: 145000  CPU: 168.012, 0.00118169/step  Wall: 169.547, 0.00119536/step, 144.559 ns/days, 0.117875 hours remaining, 0.000000 MB of memory in use.
PERFORMANCE: 145000  averaging 147.823 ns/day, 0.00116896 sec/step with standard deviation 1.70523e-05
ENERGY:  145000       445.9435      1113.1042      1122.3259        67.6658        -114351.3366      9934.8747         0.0000         0.0000     18653.2904         -83014.1320       303.2439   -101667.4224    -82870.4881       303.0152            -11.8084       -13.5605    301280.6510        48.5659        47.8912

WRITING EXTENDED SYSTEM TO RESTART FILE AT STEP 145000
WRITING COORDINATES TO RESTART FILE AT STEP 145000
FINISHED WRITING RESTART COORDINATES
WRITING VELOCITIES TO RESTART FILE AT STEP 145000
FINISHED WRITING RESTART VELOCITIES
TIMING: 150000  CPU: 173.727, 0.00114305/step  Wall: 175.332, 0.00115687/step, 149.369 ns/days, 0.112473 hours remaining, 0.000000 MB of memory in use.
PERFORMANCE: 150000  averaging 147.874 ns/day, 0.00116856 sec/step with standard deviation 1.69006e-05
ETITLE:      TS           BOND          ANGLE          DIHED          IMPRP               ELECT            VDW       BOUNDARY           MISC        KINETIC               TOTAL           TEMP      POTENTIAL       TOTALAVG        TEMPAVG            PRESSURE      GPRESSURE         VOLUME       PRESSAVG      GPRESSAVG

ENERGY:  150000       431.6928      1172.0551      1134.1731        85.7388        -113849.5897      9676.3450         0.0000         0.0000     18835.7717         -82513.8134       306.2105   -101349.5850    -82859.8754       303.1481            -39.7989       -43.8350    300651.0292        61.8206        60.9465

WRITING EXTENDED SYSTEM TO RESTART FILE AT STEP 150000
WRITING COORDINATES TO RESTART FILE AT STEP 150000
FINISHED WRITING RESTART COORDINATES
WRITING VELOCITIES TO RESTART FILE AT STEP 150000
FINISHED WRITING RESTART VELOCITIES
TIMING: 155000  CPU: 179.445, 0.00114355/step  Wall: 181.116, 0.00115676/step, 149.383 ns/days, 0.110856 hours remaining, 0.000000 MB of memory in use.
PERFORMANCE: 155000  averaging 147.922 ns/day, 0.00116818 sec/step with standard deviation 1.67511e-05
ENERGY:  155000       453.0149      1182.1916      1116.8724        79.8682        -114500.9243      9931.0120         0.0000         0.0000     18611.3930         -83126.5723       302.5628   -101737.9653    -82867.8597       303.1439             34.3459        40.0930    300107.5172        64.7793        64.2430

WRITING EXTENDED SYSTEM TO RESTART FILE AT STEP 155000
WRITING COORDINATES TO RESTART FILE AT STEP 155000
FINISHED WRITING RESTART COORDINATES
WRITING VELOCITIES TO RESTART FILE AT STEP 155000
FINISHED WRITING RESTART VELOCITIES
TIMING: 160000  CPU: 185.16, 0.00114305/step  Wall: 186.875, 0.00115189/step, 150.014 ns/days, 0.10879 hours remaining, 0.000000 MB of memory in use.
PERFORMANCE: 160000  averaging 147.987 ns/day, 0.00116767 sec/step with standard deviation 1.67285e-05
ENERGY:  160000       433.2060      1112.6390      1117.5605        67.8144        -114392.6926     10000.2580         0.0000         0.0000     18528.6886         -83132.5260       301.2182   -101661.2146    -82874.5573       303.1826            254.9299       253.5405    301270.7906        73.0695        72.3568

WRITING EXTENDED SYSTEM TO RESTART FILE AT STEP 160000
WRITING COORDINATES TO RESTART FILE AT STEP 160000
FINISHED WRITING RESTART COORDINATES
WRITING VELOCITIES TO RESTART FILE AT STEP 160000
FINISHED WRITING RESTART VELOCITIES
TIMING: 165000  CPU: 190.865, 0.00114098/step  Wall: 192.648, 0.00115462/step, 149.66 ns/days, 0.107443 hours remaining, 0.000000 MB of memory in use.
PERFORMANCE: 165000  averaging 148.037 ns/day, 0.00116728 sec/step with standard deviation 1.66211e-05
ENERGY:  165000       434.2954      1091.7361      1087.7942        71.4787        -114117.8992      9719.0888         0.0000         0.0000     18715.0145         -82998.4914       304.2473   -101713.5059    -82874.7688       303.1835           -117.7786      -117.6089    301048.2157        65.0285        64.4257

WRITING EXTENDED SYSTEM TO RESTART FILE AT STEP 165000
WRITING COORDINATES TO RESTART FILE AT STEP 165000
FINISHED WRITING RESTART COORDINATES
WRITING VELOCITIES TO RESTART FILE AT STEP 165000
FINISHED WRITING RESTART VELOCITIES
TIMING: 170000  CPU: 196.61, 0.00114893/step  Wall: 198.438, 0.00115795/step, 149.229 ns/days, 0.106145 hours remaining, 0.000000 MB of memory in use.
PERFORMANCE: 170000  averaging 148.072 ns/day, 0.001167 sec/step with standard deviation 1.64453e-05
ENERGY:  170000       447.0149      1133.1915      1110.5946        73.9323        -114295.4625      9806.0564         0.0000         0.0000     18658.2846         -83066.3883       303.3251   -101724.6729    -82894.2064       303.1342             35.8047        35.0791    299862.2514        58.3744        58.0096

WRITING EXTENDED SYSTEM TO RESTART FILE AT STEP 170000
WRITING COORDINATES TO RESTART FILE AT STEP 170000
FINISHED WRITING RESTART COORDINATES
WRITING VELOCITIES TO RESTART FILE AT STEP 170000
FINISHED WRITING RESTART VELOCITIES
TIMING: 175000  CPU: 202.332, 0.00114449/step  Wall: 204.211, 0.00115472/step, 149.646 ns/days, 0.104246 hours remaining, 0.000000 MB of memory in use.
PERFORMANCE: 175000  averaging 148.116 ns/day, 0.00116665 sec/step with standard deviation 1.63341e-05
ENERGY:  175000       420.3004      1113.2922      1144.6784        69.0194        -114131.8610     10002.6626         0.0000         0.0000     18705.8347         -82676.0732       304.0981   -101381.9079    -82869.8047       303.2852            372.3509       372.6372    300609.9101        58.4771        58.2842

WRITING EXTENDED SYSTEM TO RESTART FILE AT STEP 175000
WRITING COORDINATES TO RESTART FILE AT STEP 175000
FINISHED WRITING RESTART COORDINATES
WRITING VELOCITIES TO RESTART FILE AT STEP 175000
FINISHED WRITING RESTART VELOCITIES
TIMING: 180000  CPU: 208.047, 0.00114305/step  Wall: 209.989, 0.00115546/step, 149.551 ns/days, 0.102707 hours remaining, 0.000000 MB of memory in use.
PERFORMANCE: 180000  averaging 148.156 ns/day, 0.00116634 sec/step with standard deviation 1.62068e-05
ENERGY:  180000       412.0034      1132.6050      1127.4857        65.4364        -114214.0660      9841.1491         0.0000         0.0000     18590.8251         -83044.5614       302.2284   -101635.3865    -82881.7091       303.2008            -38.5949       -37.7360    300784.8966        45.2313        45.0484

WRITING EXTENDED SYSTEM TO RESTART FILE AT STEP 180000
WRITING COORDINATES TO RESTART FILE AT STEP 180000
FINISHED WRITING RESTART COORDINATES
WRITING VELOCITIES TO RESTART FILE AT STEP 180000
FINISHED WRITING RESTART VELOCITIES
TIMING: 185000  CPU: 213.798, 0.00115018/step  Wall: 215.784, 0.00115897/step, 149.097 ns/days, 0.10141 hours remaining, 0.000000 MB of memory in use.
PERFORMANCE: 185000  averaging 148.181 ns/day, 0.00116614 sec/step with standard deviation 1.60259e-05
ENERGY:  185000       419.6328      1134.3266      1124.2737        69.7465        -114379.2242      9992.1688         0.0000         0.0000     18727.1885         -82911.8872       304.4452   -101639.0757    -82879.8701       303.1871            165.6242       166.3339    300722.3605        58.9425        59.0595

WRITING EXTENDED SYSTEM TO RESTART FILE AT STEP 185000
WRITING COORDINATES TO RESTART FILE AT STEP 185000
FINISHED WRITING RESTART COORDINATES
WRITING VELOCITIES TO RESTART FILE AT STEP 185000
FINISHED WRITING RESTART VELOCITIES
TIMING: 190000  CPU: 219.492, 0.00113885/step  Wall: 221.547, 0.00115261/step, 149.921 ns/days, 0.0992521 hours remaining, 0.000000 MB of memory in use.
PERFORMANCE: 190000  averaging 148.226 ns/day, 0.00116578 sec/step with standard deviation 1.59596e-05
ENERGY:  190000       400.9980      1128.2753      1089.8170        72.0936        -114401.2903      9970.3920         0.0000         0.0000     18504.9952         -83234.7192       300.8331   -101739.7144    -82882.6337       303.1872            114.8429       119.3438    302406.0454        70.7537        71.1191

WRITING EXTENDED SYSTEM TO RESTART FILE AT STEP 190000
WRITING COORDINATES TO RESTART FILE AT STEP 190000
FINISHED WRITING RESTART COORDINATES
WRITING VELOCITIES TO RESTART FILE AT STEP 190000
FINISHED WRITING RESTART VELOCITIES
TIMING: 195000  CPU: 225.17, 0.0011356/step  Wall: 227.267, 0.00114408/step, 151.039 ns/days, 0.0969286 hours remaining, 0.000000 MB of memory in use.
PERFORMANCE: 195000  averaging 148.297 ns/day, 0.00116523 sec/step with standard deviation 1.61273e-05
ENERGY:  195000       417.5532      1131.1121      1120.5104        78.9925        -114121.0945      9648.7163         0.0000         0.0000     18610.2893         -83113.9207       302.5448   -101724.2100    -82888.9356       303.1975           -100.9562      -103.1281    300461.9599        58.0231        58.4673

WRITING EXTENDED SYSTEM TO RESTART FILE AT STEP 195000
WRITING COORDINATES TO RESTART FILE AT STEP 195000
FINISHED WRITING RESTART COORDINATES
WRITING VELOCITIES TO RESTART FILE AT STEP 195000
FINISHED WRITING RESTART VELOCITIES
TIMING: 200000  CPU: 230.893, 0.00114452/step  Wall: 233.048, 0.0011563/step, 149.442 ns/days, 0.0963585 hours remaining, 0.000000 MB of memory in use.
PERFORMANCE: 200000  averaging 148.326 ns/day, 0.001165 sec/step with standard deviation 1.59816e-05
ETITLE:      TS           BOND          ANGLE          DIHED          IMPRP               ELECT            VDW       BOUNDARY           MISC        KINETIC               TOTAL           TEMP      POTENTIAL       TOTALAVG        TEMPAVG            PRESSURE      GPRESSURE         VOLUME       PRESSAVG      GPRESSAVG

ENERGY:  200000       432.4101      1155.5168      1120.4442        71.0053        -114593.1420     10077.9213         0.0000         0.0000     18451.7108         -83284.1334       299.9668   -101735.8442    -82910.4120       303.0666            173.0917       171.9926    302083.3113        65.4763        65.8755

WRITING EXTENDED SYSTEM TO RESTART FILE AT STEP 200000
WRITING COORDINATES TO RESTART FILE AT STEP 200000
FINISHED WRITING RESTART COORDINATES
WRITING VELOCITIES TO RESTART FILE AT STEP 200000
FINISHED WRITING RESTART VELOCITIES
TIMING: 205000  CPU: 236.616, 0.00114452/step  Wall: 238.844, 0.00115914/step, 149.076 ns/days, 0.0949853 hours remaining, 0.000000 MB of memory in use.
PERFORMANCE: 205000  averaging 148.344 ns/day, 0.00116486 sec/step with standard deviation 1.58071e-05
ENERGY:  205000       448.4920      1180.7404      1107.7680        84.3041        -114262.1499      9706.1691         0.0000         0.0000     18604.4893         -83130.1871       302.4505   -101734.6765    -82933.2004       302.8462           -194.3269      -193.0006    299845.7582        44.1949        44.8542

WRITING EXTENDED SYSTEM TO RESTART FILE AT STEP 205000
WRITING COORDINATES TO RESTART FILE AT STEP 205000
FINISHED WRITING RESTART COORDINATES
WRITING VELOCITIES TO RESTART FILE AT STEP 205000
FINISHED WRITING RESTART VELOCITIES
TIMING: 210000  CPU: 242.401, 0.00115716/step  Wall: 244.663, 0.00116367/step, 148.495 ns/days, 0.0937404 hours remaining, 0.000000 MB of memory in use.
PERFORMANCE: 210000  averaging 148.347 ns/day, 0.00116483 sec/step with standard deviation 1.56143e-05
ENERGY:  210000       396.5782      1092.6043      1125.2720        75.3879        -114375.3770      9883.9095         0.0000         0.0000     18712.7451         -83088.8801       304.2104   -101801.6252    -82960.0036       302.7563             98.8818        99.3656    300080.7173        50.2582        50.9175

WRITING EXTENDED SYSTEM TO RESTART FILE AT STEP 210000
WRITING COORDINATES TO RESTART FILE AT STEP 210000
FINISHED WRITING RESTART COORDINATES
WRITING VELOCITIES TO RESTART FILE AT STEP 210000
FINISHED WRITING RESTART VELOCITIES
TIMING: 215000  CPU: 248.141, 0.00114787/step  Wall: 250.444, 0.00115628/step, 149.445 ns/days, 0.0915388 hours remaining, 0.000000 MB of memory in use.
PERFORMANCE: 215000  averaging 148.373 ns/day, 0.00116463 sec/step with standard deviation 1.54823e-05
ENERGY:  215000       429.6814      1123.0783      1115.9822        65.0733        -114215.4746      9516.3304         0.0000         0.0000     18521.3140         -83444.0151       301.0984   -101965.3291    -82988.3590       302.6578           -432.7896      -433.1279    300061.7171        29.8327        30.5928

WRITING EXTENDED SYSTEM TO RESTART FILE AT STEP 215000
WRITING COORDINATES TO RESTART FILE AT STEP 215000
FINISHED WRITING RESTART COORDINATES
WRITING VELOCITIES TO RESTART FILE AT STEP 215000
FINISHED WRITING RESTART VELOCITIES
TIMING: 220000  CPU: 253.889, 0.00114974/step  Wall: 256.248, 0.0011609/step, 148.85 ns/days, 0.090292 hours remaining, 0.000000 MB of memory in use.
PERFORMANCE: 220000  averaging 148.384 ns/day, 0.00116455 sec/step with standard deviation 1.53116e-05
ENERGY:  220000       430.7866      1120.1050      1117.0463        71.8808        -114017.8154      9836.6204         0.0000         0.0000     18426.7757         -83014.6006       299.5615   -101441.3763    -82999.5176       302.6039            125.3214       120.3342    300500.7123        31.9085        32.2820

WRITING EXTENDED SYSTEM TO RESTART FILE AT STEP 220000
WRITING COORDINATES TO RESTART FILE AT STEP 220000
FINISHED WRITING RESTART COORDINATES
WRITING VELOCITIES TO RESTART FILE AT STEP 220000
FINISHED WRITING RESTART VELOCITIES
TIMING: 225000  CPU: 259.631, 0.00114823/step  Wall: 262.04, 0.00115835/step, 149.177 ns/days, 0.0884854 hours remaining, 0.000000 MB of memory in use.
PERFORMANCE: 225000  averaging 148.401 ns/day, 0.00116441 sec/step with standard deviation 1.51647e-05
ENERGY:  225000       399.6636      1157.0406      1115.1991        72.2992        -113967.9847      9609.5705         0.0000         0.0000     18613.3652         -83000.8466       302.5948   -101614.2118    -83010.2302       302.6023              6.9071         5.8762    299589.8761        39.7497        39.7912

WRITING EXTENDED SYSTEM TO RESTART FILE AT STEP 225000
WRITING COORDINATES TO RESTART FILE AT STEP 225000
FINISHED WRITING RESTART COORDINATES
WRITING VELOCITIES TO RESTART FILE AT STEP 225000
FINISHED WRITING RESTART VELOCITIES
TIMING: 230000  CPU: 265.35, 0.0011438/step  Wall: 267.832, 0.00115835/step, 149.177 ns/days, 0.0868764 hours remaining, 0.000000 MB of memory in use.
PERFORMANCE: 230000  averaging 148.418 ns/day, 0.00116428 sec/step with standard deviation 1.50219e-05
ENERGY:  230000       433.8475      1073.2572      1124.9074        79.5050        -114282.3331      9874.9507         0.0000         0.0000     18496.6443         -83199.2209       300.6973   -101695.8652    -83025.4402       302.6008             46.3332        46.6791    300678.0829        32.5140        32.5617

WRITING EXTENDED SYSTEM TO RESTART FILE AT STEP 230000
WRITING COORDINATES TO RESTART FILE AT STEP 230000
FINISHED WRITING RESTART COORDINATES
WRITING VELOCITIES TO RESTART FILE AT STEP 230000
FINISHED WRITING RESTART VELOCITIES
TIMING: 235000  CPU: 271.115, 0.00115316/step  Wall: 273.638, 0.00116115/step, 148.818 ns/days, 0.0854735 hours remaining, 0.000000 MB of memory in use.
PERFORMANCE: 235000  averaging 148.426 ns/day, 0.00116421 sec/step with standard deviation 1.48647e-05
ENERGY:  235000       409.6599      1109.7345      1100.1481        68.6405        -113763.2144      9605.4886         0.0000         0.0000     18606.0642         -82863.4786       302.4761   -101469.5428    -83034.2524       302.4517            -57.7977       -61.5999    300485.9622        25.7015        25.5487

WRITING EXTENDED SYSTEM TO RESTART FILE AT STEP 235000
WRITING COORDINATES TO RESTART FILE AT STEP 235000
FINISHED WRITING RESTART COORDINATES
WRITING VELOCITIES TO RESTART FILE AT STEP 235000
FINISHED WRITING RESTART VELOCITIES
TIMING: 240000  CPU: 276.87, 0.00115088/step  Wall: 279.433, 0.00115905/step, 149.087 ns/days, 0.0837093 hours remaining, 0.000000 MB of memory in use.
PERFORMANCE: 240000  averaging 148.44 ns/day, 0.00116411 sec/step with standard deviation 1.47246e-05
ENERGY:  240000       445.3918      1176.0747      1124.6760        75.5339        -114302.1678      9885.3980         0.0000         0.0000     18565.5296         -83029.5637       301.8172   -101595.0933    -83044.4006       302.4915              0.7484        -2.8312    300240.7046        21.7665        21.2424

WRITING EXTENDED SYSTEM TO RESTART FILE AT STEP 240000
WRITING COORDINATES TO RESTART FILE AT STEP 240000
FINISHED WRITING RESTART COORDINATES
WRITING VELOCITIES TO RESTART FILE AT STEP 240000
FINISHED WRITING RESTART VELOCITIES
TIMING: 245000  CPU: 282.59, 0.00114397/step  Wall: 285.206, 0.00115459/step, 149.664 ns/days, 0.0817835 hours remaining, 0.000000 MB of memory in use.
PERFORMANCE: 245000  averaging 148.465 ns/day, 0.00116391 sec/step with standard deviation 1.46337e-05
ENERGY:  245000       448.6367      1130.1044      1114.0289        75.9394        -114111.7226      9760.1547         0.0000         0.0000     18643.2755         -82939.5831       303.0811   -101582.8586    -83040.6731       302.4834             21.1086        22.4678    300409.6323        23.4124        23.0438

WRITING EXTENDED SYSTEM TO RESTART FILE AT STEP 245000
WRITING COORDINATES TO RESTART FILE AT STEP 245000
FINISHED WRITING RESTART COORDINATES
WRITING VELOCITIES TO RESTART FILE AT STEP 245000
FINISHED WRITING RESTART VELOCITIES
TIMING: 250000  CPU: 288.366, 0.00115525/step  Wall: 291.066, 0.00117196/step, 147.445 ns/days, 0.0813864 hours remaining, 0.000000 MB of memory in use.
PERFORMANCE: 250000  averaging 148.444 ns/day, 0.00116407 sec/step with standard deviation 1.45283e-05
ETITLE:      TS           BOND          ANGLE          DIHED          IMPRP               ELECT            VDW       BOUNDARY           MISC        KINETIC               TOTAL           TEMP      POTENTIAL       TOTALAVG        TEMPAVG            PRESSURE      GPRESSURE         VOLUME       PRESSAVG      GPRESSAVG

ENERGY:  250000       443.3201      1132.4647      1118.1234        69.2413        -113967.3284      9675.7212         0.0000         0.0000     18558.4455         -82970.0122       301.7020   -101528.4576    -83063.4831       302.2580            -84.2326       -87.0139    300691.5321        21.1907        20.8848

WRITING EXTENDED SYSTEM TO RESTART FILE AT STEP 250000
WRITING COORDINATES TO RESTART FILE AT STEP 250000
FINISHED WRITING RESTART COORDINATES
WRITING VELOCITIES TO RESTART FILE AT STEP 250000
FINISHED WRITING RESTART VELOCITIES
TIMING: 255000  CPU: 294.119, 0.00115061/step  Wall: 296.853, 0.00115743/step, 149.297 ns/days, 0.0787694 hours remaining, 0.000000 MB of memory in use.
PERFORMANCE: 255000  averaging 148.461 ns/day, 0.00116394 sec/step with standard deviation 1.44123e-05
ENERGY:  255000       441.5140      1146.4309      1138.0027        72.3317        -114119.9920      9568.9496         0.0000         0.0000     18328.9721         -83423.7911       297.9715   -101752.7632    -83078.3440       302.0284           -240.7786      -242.7973    301069.4634         7.4345         6.7403

WRITING EXTENDED SYSTEM TO RESTART FILE AT STEP 255000
WRITING COORDINATES TO RESTART FILE AT STEP 255000
FINISHED WRITING RESTART COORDINATES
WRITING VELOCITIES TO RESTART FILE AT STEP 255000
FINISHED WRITING RESTART VELOCITIES
TIMING: 260000  CPU: 299.863, 0.00114878/step  Wall: 302.631, 0.00115571/step, 149.518 ns/days, 0.0770474 hours remaining, 0.000000 MB of memory in use.
PERFORMANCE: 260000  averaging 148.481 ns/day, 0.00116378 sec/step with standard deviation 1.43159e-05
ENERGY:  260000       415.9544      1149.0212      1137.8569        70.9425        -114091.7422      9777.9781         0.0000         0.0000     18563.0095         -82976.9796       301.7762   -101539.9891    -83070.5667       302.0563            -78.9678       -79.9416    300668.4824        -9.2604        -9.9338

WRITING EXTENDED SYSTEM TO RESTART FILE AT STEP 260000
WRITING COORDINATES TO RESTART FILE AT STEP 260000
FINISHED WRITING RESTART COORDINATES
WRITING VELOCITIES TO RESTART FILE AT STEP 260000
FINISHED WRITING RESTART VELOCITIES
TIMING: 265000  CPU: 305.593, 0.00114611/step  Wall: 308.395, 0.00115265/step, 149.916 ns/days, 0.0752424 hours remaining, 0.000000 MB of memory in use.
PERFORMANCE: 265000  averaging 148.508 ns/day, 0.00116357 sec/step with standard deviation 1.42599e-05
ENERGY:  265000       434.9727      1143.7853      1128.1650        67.1206        -114157.2445      9986.0017         0.0000         0.0000     18670.8267         -82726.3724       303.5290   -101397.1992    -83056.9607       302.0204            368.1359       365.3738    299908.0477        15.0353        14.2154

WRITING EXTENDED SYSTEM TO RESTART FILE AT STEP 265000
WRITING COORDINATES TO RESTART FILE AT STEP 265000
FINISHED WRITING RESTART COORDINATES
WRITING VELOCITIES TO RESTART FILE AT STEP 265000
FINISHED WRITING RESTART VELOCITIES
TIMING: 270000  CPU: 311.342, 0.00114963/step  Wall: 314.177, 0.00115648/step, 149.42 ns/days, 0.0738859 hours remaining, 0.000000 MB of memory in use.
PERFORMANCE: 270000  averaging 148.525 ns/day, 0.00116344 sec/step with standard deviation 1.41577e-05
ENERGY:  270000       426.3823      1134.7400      1124.6977        73.7100        -113985.5155      9667.2913         0.0000         0.0000     18496.5153         -83062.1789       300.6952   -101558.6943    -83056.7503       301.8889           -201.6523      -195.5539    300486.0872         3.1625         2.6837

WRITING EXTENDED SYSTEM TO RESTART FILE AT STEP 270000
WRITING COORDINATES TO RESTART FILE AT STEP 270000
FINISHED WRITING RESTART COORDINATES
WRITING VELOCITIES TO RESTART FILE AT STEP 270000
FINISHED WRITING RESTART VELOCITIES
TIMING: 275000  CPU: 317.052, 0.00114202/step  Wall: 319.921, 0.00114874/step, 150.426 ns/days, 0.0717961 hours remaining, 0.000000 MB of memory in use.
PERFORMANCE: 275000  averaging 148.559 ns/day, 0.00116318 sec/step with standard deviation 1.41655e-05
ENERGY:  275000       416.3458      1134.2669      1132.2344        73.1572        -114296.9056      9874.2362         0.0000         0.0000     18656.5849         -83010.0802       303.2974   -101666.6652    -83073.4506       301.8488            -25.0237       -23.9554    301310.9068       -16.7063       -17.1459

WRITING EXTENDED SYSTEM TO RESTART FILE AT STEP 275000
WRITING COORDINATES TO RESTART FILE AT STEP 275000
FINISHED WRITING RESTART COORDINATES
WRITING VELOCITIES TO RESTART FILE AT STEP 275000
FINISHED WRITING RESTART VELOCITIES
TIMING: 280000  CPU: 322.821, 0.00115388/step  Wall: 325.725, 0.00116086/step, 148.855 ns/days, 0.0709416 hours remaining, 0.000000 MB of memory in use.
PERFORMANCE: 280000  averaging 148.564 ns/day, 0.00116313 sec/step with standard deviation 1.40395e-05
ENERGY:  280000       420.3804      1100.8087      1114.1317        67.6047        -113911.7638      9615.3462         0.0000         0.0000     18760.0735         -82833.4187       304.9798   -101593.4922    -83062.8935       301.9864            -66.6617       -66.8316    300690.4350       -18.1096       -18.6007

WRITING EXTENDED SYSTEM TO RESTART FILE AT STEP 280000
WRITING COORDINATES TO RESTART FILE AT STEP 280000
FINISHED WRITING RESTART COORDINATES
WRITING VELOCITIES TO RESTART FILE AT STEP 280000
FINISHED WRITING RESTART VELOCITIES
TIMING: 285000  CPU: 328.582, 0.00115221/step  Wall: 331.519, 0.00115881/step, 149.118 ns/days, 0.0692069 hours remaining, 0.000000 MB of memory in use.
PERFORMANCE: 285000  averaging 148.574 ns/day, 0.00116306 sec/step with standard deviation 1.39253e-05
ENERGY:  285000       431.1756      1117.1909      1114.5990        64.7947        -113846.2235      9641.5653         0.0000         0.0000     18673.7838         -82803.1142       303.5770   -101476.8980    -83057.4548       301.9430           -252.7459      -252.7800    302065.2463       -39.0281       -39.5564

WRITING EXTENDED SYSTEM TO RESTART FILE AT STEP 285000
WRITING COORDINATES TO RESTART FILE AT STEP 285000
FINISHED WRITING RESTART COORDINATES
WRITING VELOCITIES TO RESTART FILE AT STEP 285000
FINISHED WRITING RESTART VELOCITIES
TIMING: 290000  CPU: 334.308, 0.00114512/step  Wall: 337.277, 0.00115161/step, 150.051 ns/days, 0.0671771 hours remaining, 0.000000 MB of memory in use.
PERFORMANCE: 290000  averaging 148.599 ns/day, 0.00116286 sec/step with standard deviation 1.38843e-05
ENERGY:  290000       423.8436      1144.5320      1122.5755        74.0288        -114180.9458      9917.7022         0.0000         0.0000     18655.0373         -82843.2264       303.2723   -101498.2637    -83037.8802       302.0650             80.6701        82.9891    301092.0524       -40.7367       -41.3741

WRITING EXTENDED SYSTEM TO RESTART FILE AT STEP 290000
WRITING COORDINATES TO RESTART FILE AT STEP 290000
FINISHED WRITING RESTART COORDINATES
WRITING VELOCITIES TO RESTART FILE AT STEP 290000
FINISHED WRITING RESTART VELOCITIES
TIMING: 295000  CPU: 340.019, 0.00114237/step  Wall: 343.022, 0.00114897/step, 150.395 ns/days, 0.0654277 hours remaining, 0.000000 MB of memory in use.
PERFORMANCE: 295000  averaging 148.629 ns/day, 0.00116263 sec/step with standard deviation 1.38823e-05
ENERGY:  295000       465.7334      1131.3159      1107.0406        81.2458        -114265.2817      9899.9482         0.0000         0.0000     18657.4360         -82922.5618       303.3113   -101579.9978    -83028.3122       302.1033            104.4089       107.3434    300084.5606       -30.4685       -30.8506

WRITING EXTENDED SYSTEM TO RESTART FILE AT STEP 295000
WRITING COORDINATES TO RESTART FILE AT STEP 295000
FINISHED WRITING RESTART COORDINATES
WRITING VELOCITIES TO RESTART FILE AT STEP 295000
FINISHED WRITING RESTART VELOCITIES
TIMING: 300000  CPU: 345.77, 0.0011501/step  Wall: 348.809, 0.00115738/step, 149.302 ns/days, 0.0642991 hours remaining, 0.000000 MB of memory in use.
PERFORMANCE: 300000  averaging 148.64 ns/day, 0.00116254 sec/step with standard deviation 1.37808e-05
ETITLE:      TS           BOND          ANGLE          DIHED          IMPRP               ELECT            VDW       BOUNDARY           MISC        KINETIC               TOTAL           TEMP      POTENTIAL       TOTALAVG        TEMPAVG            PRESSURE      GPRESSURE         VOLUME       PRESSAVG      GPRESSAVG

ENERGY:  300000       420.2355      1126.1599      1118.3649        71.0895        -113845.9805      9682.1353         0.0000         0.0000     18522.8146         -82905.1808       301.1228   -101427.9954    -83009.3646       302.1611           -137.5223      -135.0405    301938.7758       -45.9992       -46.2022

WRITING EXTENDED SYSTEM TO RESTART FILE AT STEP 300000
WRITING COORDINATES TO RESTART FILE AT STEP 300000
FINISHED WRITING RESTART COORDINATES
WRITING VELOCITIES TO RESTART FILE AT STEP 300000
FINISHED WRITING RESTART VELOCITIES
TIMING: 305000  CPU: 351.479, 0.00114187/step  Wall: 354.556, 0.0011495/step, 150.326 ns/days, 0.0622648 hours remaining, 0.000000 MB of memory in use.
PERFORMANCE: 305000  averaging 148.668 ns/day, 0.00116232 sec/step with standard deviation 1.3767e-05
ENERGY:  305000       424.3986      1066.7642      1157.8941        76.4803        -113966.7187      9665.5597         0.0000         0.0000     18407.7347         -83167.8871       299.2519   -101575.6218    -83011.2496       302.0012             -3.1010        -7.9149    299040.1287       -36.4379       -36.9479

WRITING EXTENDED SYSTEM TO RESTART FILE AT STEP 305000
WRITING COORDINATES TO RESTART FILE AT STEP 305000
FINISHED WRITING RESTART COORDINATES
WRITING VELOCITIES TO RESTART FILE AT STEP 305000
FINISHED WRITING RESTART VELOCITIES
TIMING: 310000  CPU: 357.227, 0.00114958/step  Wall: 360.338, 0.00115637/step, 149.433 ns/days, 0.0610306 hours remaining, 0.000000 MB of memory in use.
PERFORMANCE: 310000  averaging 148.68 ns/day, 0.00116223 sec/step with standard deviation 1.36746e-05
ENERGY:  310000       427.1832      1233.7058      1148.2649        73.7389        -114102.4504      9783.0496         0.0000         0.0000     18570.8883         -82865.6196       301.9043   -101436.5080    -83000.0866       301.8859             68.1582        67.4608    299791.5752       -37.9741       -38.5432

WRITING EXTENDED SYSTEM TO RESTART FILE AT STEP 310000
WRITING COORDINATES TO RESTART FILE AT STEP 310000
FINISHED WRITING RESTART COORDINATES
WRITING VELOCITIES TO RESTART FILE AT STEP 310000
FINISHED WRITING RESTART VELOCITIES
TIMING: 315000  CPU: 362.968, 0.00114814/step  Wall: 366.113, 0.00115493/step, 149.619 ns/days, 0.0593506 hours remaining, 0.000000 MB of memory in use.
PERFORMANCE: 315000  averaging 148.695 ns/day, 0.00116211 sec/step with standard deviation 1.3595e-05
ENERGY:  315000       415.6221      1112.2398      1094.6193        74.2563        -113817.2111      9583.8010         0.0000         0.0000     18633.9624         -82902.7103       302.9297   -101536.6727    -82973.0213       301.9774           -132.2907      -132.3726    300844.1775       -22.9491       -23.5054

WRITING EXTENDED SYSTEM TO RESTART FILE AT STEP 315000
WRITING COORDINATES TO RESTART FILE AT STEP 315000
FINISHED WRITING RESTART COORDINATES
WRITING VELOCITIES TO RESTART FILE AT STEP 315000
FINISHED WRITING RESTART VELOCITIES
TIMING: 320000  CPU: 368.709, 0.00114815/step  Wall: 371.886, 0.00115456/step, 149.668 ns/days, 0.0577279 hours remaining, 0.000000 MB of memory in use.
PERFORMANCE: 320000  averaging 148.71 ns/day, 0.00116199 sec/step with standard deviation 1.35197e-05
ENERGY:  320000       433.2616      1117.3119      1134.1828        80.5701        -114165.6416      9818.2891         0.0000         0.0000     18691.3235         -82890.7027       303.8622   -101582.0262    -82966.8265       302.1925            -20.2709       -20.9549    300560.0864       -30.2287       -30.5699

WRITING EXTENDED SYSTEM TO RESTART FILE AT STEP 320000
WRITING COORDINATES TO RESTART FILE AT STEP 320000
FINISHED WRITING RESTART COORDINATES
WRITING VELOCITIES TO RESTART FILE AT STEP 320000
FINISHED WRITING RESTART VELOCITIES
TIMING: 325000  CPU: 374.485, 0.00115534/step  Wall: 377.811, 0.00118504/step, 145.818 ns/days, 0.0576062 hours remaining, 0.000000 MB of memory in use.
PERFORMANCE: 325000  averaging 148.664 ns/day, 0.00116235 sec/step with standard deviation 1.37149e-05
ENERGY:  325000       420.4235      1131.4915      1119.1053        68.2893        -113976.0427      9806.1997         0.0000         0.0000     18594.6497         -82835.8836       302.2906   -101430.5333    -82958.5783       302.1772            139.7765       137.5304    300838.7357       -23.5853       -23.9872

WRITING EXTENDED SYSTEM TO RESTART FILE AT STEP 325000
WRITING COORDINATES TO RESTART FILE AT STEP 325000
FINISHED WRITING RESTART COORDINATES
WRITING VELOCITIES TO RESTART FILE AT STEP 325000
FINISHED WRITING RESTART VELOCITIES
TIMING: 330000  CPU: 380.238, 0.00115058/step  Wall: 383.597, 0.00115722/step, 149.323 ns/days, 0.0546467 hours remaining, 0.000000 MB of memory in use.
PERFORMANCE: 330000  averaging 148.674 ns/day, 0.00116227 sec/step with standard deviation 1.36236e-05
ENERGY:  330000       417.7546      1124.4725      1091.8048        78.1714        -114168.3679      9795.2175         0.0000         0.0000     18342.8856         -83318.0615       298.1977   -101660.9470    -82964.5203       302.0523            -42.0386       -46.3200    299969.8513       -28.0039       -28.6371

WRITING EXTENDED SYSTEM TO RESTART FILE AT STEP 330000
WRITING COORDINATES TO RESTART FILE AT STEP 330000
FINISHED WRITING RESTART COORDINATES
WRITING VELOCITIES TO RESTART FILE AT STEP 330000
FINISHED WRITING RESTART VELOCITIES
TIMING: 335000  CPU: 385.973, 0.0011469/step  Wall: 389.366, 0.00115369/step, 149.781 ns/days, 0.0528773 hours remaining, 0.000000 MB of memory in use.
PERFORMANCE: 335000  averaging 148.691 ns/day, 0.00116214 sec/step with standard deviation 1.35606e-05
ENERGY:  335000       418.8312      1156.2317      1118.8037        75.1575        -114359.8903      9768.0335         0.0000         0.0000     18635.1621         -83187.6706       302.9492   -101822.8327    -82980.7299       302.0759             50.8843        51.2041    299788.5754       -22.5698       -22.9969

WRITING EXTENDED SYSTEM TO RESTART FILE AT STEP 335000
WRITING COORDINATES TO RESTART FILE AT STEP 335000
FINISHED WRITING RESTART COORDINATES
WRITING VELOCITIES TO RESTART FILE AT STEP 335000
FINISHED WRITING RESTART VELOCITIES
TIMING: 340000  CPU: 391.713, 0.00114803/step  Wall: 395.139, 0.00115467/step, 149.653 ns/days, 0.0513186 hours remaining, 0.000000 MB of memory in use.
PERFORMANCE: 340000  averaging 148.705 ns/day, 0.00116203 sec/step with standard deviation 1.34895e-05
ENERGY:  340000       455.4239      1147.2187      1148.8692        82.7483        -113957.0331      9544.2557         0.0000         0.0000     18573.3930         -83005.1244       301.9450   -101578.5174    -82979.5080       302.0823           -270.3102      -273.0902    299719.0942       -36.1227       -36.5099

WRITING EXTENDED SYSTEM TO RESTART FILE AT STEP 340000
WRITING COORDINATES TO RESTART FILE AT STEP 340000
FINISHED WRITING RESTART COORDINATES
WRITING VELOCITIES TO RESTART FILE AT STEP 340000
FINISHED WRITING RESTART VELOCITIES
TIMING: 345000  CPU: 397.475, 0.00115245/step  Wall: 400.934, 0.00115903/step, 149.09 ns/days, 0.0499026 hours remaining, 0.000000 MB of memory in use.
PERFORMANCE: 345000  averaging 148.71 ns/day, 0.00116199 sec/step with standard deviation 1.33948e-05
ENERGY:  345000       421.5675      1102.2254      1108.6892        71.0168        -114029.5615      9747.3346         0.0000         0.0000     18616.3500         -82962.3781       302.6433   -101578.7281    -82980.6477       302.0604             92.0882        89.4859    300840.1094       -32.5737       -33.1590

WRITING EXTENDED SYSTEM TO RESTART FILE AT STEP 345000
WRITING COORDINATES TO RESTART FILE AT STEP 345000
FINISHED WRITING RESTART COORDINATES
WRITING VELOCITIES TO RESTART FILE AT STEP 345000
FINISHED WRITING RESTART VELOCITIES
TIMING: 350000  CPU: 403.251, 0.00115516/step  Wall: 406.745, 0.00116213/step, 148.693 ns/days, 0.0484219 hours remaining, 0.000000 MB of memory in use.
PERFORMANCE: 350000  averaging 148.71 ns/day, 0.00116199 sec/step with standard deviation 1.32974e-05
ETITLE:      TS           BOND          ANGLE          DIHED          IMPRP               ELECT            VDW       BOUNDARY           MISC        KINETIC               TOTAL           TEMP      POTENTIAL       TOTALAVG        TEMPAVG            PRESSURE      GPRESSURE         VOLUME       PRESSAVG      GPRESSAVG

ENERGY:  350000       416.5891      1143.2443      1143.0233        76.3297        -113852.0422      9561.4973         0.0000         0.0000     18767.1270         -82744.2314       305.0945   -101511.3584    -82969.3587       302.2300           -151.0227      -149.4263    300694.7986       -35.9132       -36.2796

WRITING EXTENDED SYSTEM TO RESTART FILE AT STEP 350000
WRITING COORDINATES TO RESTART FILE AT STEP 350000
FINISHED WRITING RESTART COORDINATES
WRITING VELOCITIES TO RESTART FILE AT STEP 350000
FINISHED WRITING RESTART VELOCITIES
TIMING: 355000  CPU: 408.969, 0.00114353/step  Wall: 412.497, 0.00115055/step, 150.189 ns/days, 0.0463415 hours remaining, 0.000000 MB of memory in use.
PERFORMANCE: 355000  averaging 148.731 ns/day, 0.00116183 sec/step with standard deviation 1.32718e-05
ENERGY:  355000       431.3345      1096.0196      1153.2088        82.7159        -113901.3717      9681.7559         0.0000         0.0000     18387.4193         -83068.9177       298.9217   -101456.3370    -82951.6150       302.2775            -67.8883       -66.3085    300937.5975       -27.2687       -27.4551

WRITING EXTENDED SYSTEM TO RESTART FILE AT STEP 355000
WRITING COORDINATES TO RESTART FILE AT STEP 355000
FINISHED WRITING RESTART COORDINATES
WRITING VELOCITIES TO RESTART FILE AT STEP 355000
FINISHED WRITING RESTART VELOCITIES
TIMING: 360000  CPU: 414.718, 0.00114985/step  Wall: 418.281, 0.00115668/step, 149.393 ns/days, 0.0449819 hours remaining, 0.000000 MB of memory in use.
PERFORMANCE: 360000  averaging 148.74 ns/day, 0.00116176 sec/step with standard deviation 1.3192e-05
ENERGY:  360000       416.6431      1143.5035      1113.4188        75.0009        -114569.3763     10030.2591         0.0000         0.0000     18479.2356         -83311.3153       300.4143   -101790.5509    -82968.3318       302.2095            181.9779       186.3054    300193.3416       -14.2214       -14.1428

WRITING EXTENDED SYSTEM TO RESTART FILE AT STEP 360000
WRITING COORDINATES TO RESTART FILE AT STEP 360000
FINISHED WRITING RESTART COORDINATES
WRITING VELOCITIES TO RESTART FILE AT STEP 360000
FINISHED WRITING RESTART VELOCITIES
TIMING: 365000  CPU: 420.417, 0.00113976/step  Wall: 424.013, 0.00114639/step, 150.734 ns/days, 0.0429897 hours remaining, 0.000000 MB of memory in use.
PERFORMANCE: 365000  averaging 148.767 ns/day, 0.00116155 sec/step with standard deviation 1.32229e-05
ENERGY:  365000       402.8973      1131.0055      1107.4785        71.9822        -114502.2404      9954.3072         0.0000         0.0000     18489.2148         -83345.3550       300.5765   -101834.5697    -82999.2809       302.0618            260.4977       265.6793    298992.7430       -19.6033       -19.1275

WRITING EXTENDED SYSTEM TO RESTART FILE AT STEP 365000
WRITING COORDINATES TO RESTART FILE AT STEP 365000
FINISHED WRITING RESTART COORDINATES
WRITING VELOCITIES TO RESTART FILE AT STEP 365000
FINISHED WRITING RESTART VELOCITIES
TIMING: 370000  CPU: 426.163, 0.00114929/step  Wall: 429.794, 0.00115622/step, 149.452 ns/days, 0.0417525 hours remaining, 0.000000 MB of memory in use.
PERFORMANCE: 370000  averaging 148.776 ns/day, 0.00116148 sec/step with standard deviation 1.31466e-05
ENERGY:  370000       459.8956      1110.3635      1122.9731        79.5016        -113764.7268      9623.0343         0.0000         0.0000     18640.3532         -82728.6055       303.0336   -101368.9587    -82982.6022       302.1787           -142.9555      -144.0692    300403.4766       -16.6685       -16.5533

WRITING EXTENDED SYSTEM TO RESTART FILE AT STEP 370000
WRITING COORDINATES TO RESTART FILE AT STEP 370000
FINISHED WRITING RESTART COORDINATES
WRITING VELOCITIES TO RESTART FILE AT STEP 370000
FINISHED WRITING RESTART VELOCITIES
TIMING: 375000  CPU: 431.929, 0.00115325/step  Wall: 435.604, 0.00116212/step, 148.693 ns/days, 0.0403515 hours remaining, 0.000000 MB of memory in use.
PERFORMANCE: 375000  averaging 148.775 ns/day, 0.00116148 sec/step with standard deviation 1.30577e-05
ENERGY:  375000       412.8879      1145.5023      1126.9654        74.2138        -114568.0322     10054.6722         0.0000         0.0000     18546.5802         -83207.2105       301.5091   -101753.7907    -82992.4588       302.0893            413.4312       413.6206    298479.8867         5.2543         5.3255

WRITING EXTENDED SYSTEM TO RESTART FILE AT STEP 375000
WRITING COORDINATES TO RESTART FILE AT STEP 375000
FINISHED WRITING RESTART COORDINATES
WRITING VELOCITIES TO RESTART FILE AT STEP 375000
FINISHED WRITING RESTART VELOCITIES
TIMING: 380000  CPU: 437.642, 0.00114253/step  Wall: 441.352, 0.00114944/step, 150.334 ns/days, 0.0383146 hours remaining, 0.000000 MB of memory in use.
PERFORMANCE: 380000  averaging 148.795 ns/day, 0.00116133 sec/step with standard deviation 1.30438e-05
ENERGY:  380000       414.4027      1123.0346      1129.9052        72.6994        -114336.0194      9919.7750         0.0000         0.0000     18558.6679         -83117.5346       301.7056   -101676.2025    -83006.6646       301.9256            147.1795       149.0251    299616.6918        15.9463        16.1184

WRITING EXTENDED SYSTEM TO RESTART FILE AT STEP 380000
WRITING COORDINATES TO RESTART FILE AT STEP 380000
FINISHED WRITING RESTART COORDINATES
WRITING VELOCITIES TO RESTART FILE AT STEP 380000
FINISHED WRITING RESTART VELOCITIES
TIMING: 385000  CPU: 443.367, 0.00114498/step  Wall: 447.113, 0.00115217/step, 149.978 ns/days, 0.0368054 hours remaining, 0.000000 MB of memory in use.
PERFORMANCE: 385000  averaging 148.811 ns/day, 0.00116121 sec/step with standard deviation 1.29996e-05
ENERGY:  385000       445.5406      1107.6969      1127.1632        63.0518        -113851.1617      9544.0992         0.0000         0.0000     18607.2307         -82956.3794       302.4951   -101563.6100    -83014.3278       301.8715           -361.0802      -362.9054    300521.8120        10.5296        10.6121

WRITING EXTENDED SYSTEM TO RESTART FILE AT STEP 385000
WRITING COORDINATES TO RESTART FILE AT STEP 385000
FINISHED WRITING RESTART COORDINATES
WRITING VELOCITIES TO RESTART FILE AT STEP 385000
FINISHED WRITING RESTART VELOCITIES
TIMING: 390000  CPU: 449.102, 0.00114711/step  Wall: 452.883, 0.00115412/step, 149.724 ns/days, 0.0352648 hours remaining, 0.000000 MB of memory in use.
PERFORMANCE: 390000  averaging 148.822 ns/day, 0.00116112 sec/step with standard deviation 1.29398e-05
ENERGY:  390000       441.1519      1182.8480      1113.1403        72.3421        -114696.6203     10227.7509         0.0000         0.0000     18510.7664         -83148.6207       300.9269   -101659.3871    -83029.5975       301.7543            354.6357       355.2171    299363.5394        24.2279        24.2235

WRITING EXTENDED SYSTEM TO RESTART FILE AT STEP 390000
WRITING COORDINATES TO RESTART FILE AT STEP 390000
FINISHED WRITING RESTART COORDINATES
WRITING VELOCITIES TO RESTART FILE AT STEP 390000
FINISHED WRITING RESTART VELOCITIES
TIMING: 395000  CPU: 454.833, 0.00114607/step  Wall: 458.652, 0.00115388/step, 149.756 ns/days, 0.0336547 hours remaining, 0.000000 MB of memory in use.
PERFORMANCE: 395000  averaging 148.834 ns/day, 0.00116102 sec/step with standard deviation 1.28824e-05
ENERGY:  395000       435.5430      1119.1499      1107.5957        75.4536        -113916.3157      9558.1016         0.0000         0.0000     18711.4177         -82909.0541       304.1888   -101620.4718    -83028.9221       301.7981            -38.3562       -36.5194    300419.6493        17.0896        17.0303

WRITING EXTENDED SYSTEM TO RESTART FILE AT STEP 395000
WRITING COORDINATES TO RESTART FILE AT STEP 395000
FINISHED WRITING RESTART COORDINATES
WRITING VELOCITIES TO RESTART FILE AT STEP 395000
FINISHED WRITING RESTART VELOCITIES
TIMING: 400000  CPU: 460.576, 0.00114869/step  Wall: 464.431, 0.00115575/step, 149.513 ns/days, 0.0321042 hours remaining, 0.000000 MB of memory in use.
PERFORMANCE: 400000  averaging 148.842 ns/day, 0.00116096 sec/step with standard deviation 1.28142e-05
ETITLE:      TS           BOND          ANGLE          DIHED          IMPRP               ELECT            VDW       BOUNDARY           MISC        KINETIC               TOTAL           TEMP      POTENTIAL       TOTALAVG        TEMPAVG            PRESSURE      GPRESSURE         VOLUME       PRESSAVG      GPRESSAVG

ENERGY:  400000       448.5708      1167.8085      1121.4617        67.6661        -113795.6836      9547.7598         0.0000         0.0000     18491.0867         -82951.3301       300.6070   -101442.4168    -83031.2296       301.7723           -245.3018      -244.1529    300407.0815        11.7006        11.5747

WRITING EXTENDED SYSTEM TO RESTART FILE AT STEP 400000
WRITING COORDINATES TO RESTART FILE AT STEP 400000
FINISHED WRITING RESTART COORDINATES
WRITING VELOCITIES TO RESTART FILE AT STEP 400000
FINISHED WRITING RESTART VELOCITIES
TIMING: 405000  CPU: 466.32, 0.00114867/step  Wall: 470.213, 0.00115638/step, 149.432 ns/days, 0.0305156 hours remaining, 0.000000 MB of memory in use.
PERFORMANCE: 405000  averaging 148.85 ns/day, 0.0011609 sec/step with standard deviation 1.2744e-05
ENERGY:  405000       444.9447      1086.8535      1139.1121        72.5649        -114167.7856      9917.3753         0.0000         0.0000     18653.7770         -82853.1581       303.2518   -101506.9351    -83015.4932       301.9723             29.3818        27.0348    301982.6829        13.3248        13.3222

WRITING EXTENDED SYSTEM TO RESTART FILE AT STEP 405000
WRITING COORDINATES TO RESTART FILE AT STEP 405000
FINISHED WRITING RESTART COORDINATES
WRITING VELOCITIES TO RESTART FILE AT STEP 405000
FINISHED WRITING RESTART VELOCITIES
TIMING: 410000  CPU: 472.075, 0.00115112/step  Wall: 476.004, 0.00115814/step, 149.205 ns/days, 0.0289535 hours remaining, 0.000000 MB of memory in use.
PERFORMANCE: 410000  averaging 148.854 ns/day, 0.00116087 sec/step with standard deviation 1.26688e-05
ENERGY:  410000       445.2121      1095.0269      1112.2489        67.4520        -114146.4184      9823.7982         0.0000         0.0000     18608.9655         -82993.7148       302.5233   -101602.6804    -83021.8979       302.0033            167.2237       166.7651    300192.2377        18.2781        18.2874

WRITING EXTENDED SYSTEM TO RESTART FILE AT STEP 410000
WRITING COORDINATES TO RESTART FILE AT STEP 410000
FINISHED WRITING RESTART COORDINATES
WRITING VELOCITIES TO RESTART FILE AT STEP 410000
FINISHED WRITING RESTART VELOCITIES
TIMING: 415000  CPU: 477.829, 0.00115079/step  Wall: 481.795, 0.00115814/step, 149.205 ns/days, 0.0273449 hours remaining, 0.000000 MB of memory in use.
PERFORMANCE: 415000  averaging 148.858 ns/day, 0.00116084 sec/step with standard deviation 1.25949e-05
ENERGY:  415000       436.3086      1112.5658      1122.5449        77.5843        -114330.1532      9849.9531         0.0000         0.0000     18559.2090         -83171.9874       301.7144   -101731.1964    -83035.3618       301.9425            -99.7055       -98.5489    301064.4159        19.9073        19.9786

WRITING EXTENDED SYSTEM TO RESTART FILE AT STEP 415000
WRITING COORDINATES TO RESTART FILE AT STEP 415000
FINISHED WRITING RESTART COORDINATES
WRITING VELOCITIES TO RESTART FILE AT STEP 415000
FINISHED WRITING RESTART VELOCITIES
TIMING: 420000  CPU: 483.584, 0.0011509/step  Wall: 487.585, 0.00115807/step, 149.214 ns/days, 0.0257349 hours remaining, 0.000000 MB of memory in use.
PERFORMANCE: 420000  averaging 148.862 ns/day, 0.0011608 sec/step with standard deviation 1.25224e-05
ENERGY:  420000       437.9604      1111.5992      1100.6090        73.4434        -114124.8161      9816.3081         0.0000         0.0000     18680.2860         -82904.6101       303.6827   -101584.8961    -83036.0571       301.9336            -34.3218       -32.9392    301153.8586        19.2048        19.3794

WRITING EXTENDED SYSTEM TO RESTART FILE AT STEP 420000
WRITING COORDINATES TO RESTART FILE AT STEP 420000
FINISHED WRITING RESTART COORDINATES
WRITING VELOCITIES TO RESTART FILE AT STEP 420000
FINISHED WRITING RESTART VELOCITIES
TIMING: 425000  CPU: 489.315, 0.0011463/step  Wall: 493.353, 0.00115357/step, 149.795 ns/days, 0.0240328 hours remaining, 0.000000 MB of memory in use.
PERFORMANCE: 425000  averaging 148.873 ns/day, 0.00116072 sec/step with standard deviation 1.24723e-05
ENERGY:  425000       459.9535      1142.9851      1123.3765        68.7790        -114211.3726      9839.0731         0.0000         0.0000     18602.1585         -82975.0469       302.4126   -101577.2055    -83043.0153       301.9397             53.3630        52.6737    300540.4102        14.8841        15.1366

WRITING EXTENDED SYSTEM TO RESTART FILE AT STEP 425000
WRITING COORDINATES TO RESTART FILE AT STEP 425000
FINISHED WRITING RESTART COORDINATES
WRITING VELOCITIES TO RESTART FILE AT STEP 425000
FINISHED WRITING RESTART VELOCITIES
TIMING: 430000  CPU: 495.063, 0.00114958/step  Wall: 499.137, 0.00115683/step, 149.374 ns/days, 0.0224938 hours remaining, 0.000000 MB of memory in use.
PERFORMANCE: 430000  averaging 148.879 ns/day, 0.00116067 sec/step with standard deviation 1.24058e-05
ENERGY:  430000       434.4846      1098.4233      1087.2059        71.1826        -113765.9273      9694.2562         0.0000         0.0000     18705.0329         -82675.3418       304.0851   -101380.3747    -83010.8793       302.2340              1.4341        -3.9029    301920.6395        17.0577        17.2574

WRITING EXTENDED SYSTEM TO RESTART FILE AT STEP 430000
WRITING COORDINATES TO RESTART FILE AT STEP 430000
FINISHED WRITING RESTART COORDINATES
WRITING VELOCITIES TO RESTART FILE AT STEP 430000
FINISHED WRITING RESTART VELOCITIES
TIMING: 435000  CPU: 500.807, 0.00114869/step  Wall: 504.916, 0.00115587/step, 149.498 ns/days, 0.0208698 hours remaining, 0.000000 MB of memory in use.
PERFORMANCE: 435000  averaging 148.886 ns/day, 0.00116062 sec/step with standard deviation 1.23442e-05
ENERGY:  435000       439.9528      1101.3111      1120.4056        73.5425        -114014.2837      9779.5618         0.0000         0.0000     18803.9539         -82695.5561       305.6932   -101499.5100    -82986.2736       302.3712             77.3239        77.1699    300577.2758        18.3797        18.5557

WRITING EXTENDED SYSTEM TO RESTART FILE AT STEP 435000
WRITING COORDINATES TO RESTART FILE AT STEP 435000
FINISHED WRITING RESTART COORDINATES
WRITING VELOCITIES TO RESTART FILE AT STEP 435000
FINISHED WRITING RESTART VELOCITIES
TIMING: 440000  CPU: 506.571, 0.00115299/step  Wall: 510.734, 0.00116347/step, 148.521 ns/days, 0.0193912 hours remaining, 0.000000 MB of memory in use.
PERFORMANCE: 440000  averaging 148.882 ns/day, 0.00116065 sec/step with standard deviation 1.22769e-05
ENERGY:  440000       419.9118      1129.8760      1105.7613        78.2340        -114247.2950      9877.2584         0.0000         0.0000     18732.4828         -82903.7707       304.5313   -101636.2535    -82981.2059       302.5005            -45.0464       -42.5742    301257.6016        29.6429        30.0815

WRITING EXTENDED SYSTEM TO RESTART FILE AT STEP 440000
WRITING COORDINATES TO RESTART FILE AT STEP 440000
FINISHED WRITING RESTART COORDINATES
WRITING VELOCITIES TO RESTART FILE AT STEP 440000
FINISHED WRITING RESTART VELOCITIES
TIMING: 445000  CPU: 512.263, 0.00113837/step  Wall: 516.462, 0.00114577/step, 150.816 ns/days, 0.0175048 hours remaining, 0.000000 MB of memory in use.
PERFORMANCE: 445000  averaging 148.904 ns/day, 0.00116048 sec/step with standard deviation 1.23084e-05
ENERGY:  445000       426.4732      1106.8767      1130.3073        73.1762        -114199.7218      9703.5147         0.0000         0.0000     18361.6227         -83397.7511       298.5023   -101759.3738    -83002.9746       302.2935           -141.3066      -140.3539    298556.6201        17.9732        18.5895

WRITING EXTENDED SYSTEM TO RESTART FILE AT STEP 445000
WRITING COORDINATES TO RESTART FILE AT STEP 445000
FINISHED WRITING RESTART COORDINATES
WRITING VELOCITIES TO RESTART FILE AT STEP 445000
FINISHED WRITING RESTART VELOCITIES
TIMING: 450000  CPU: 517.998, 0.001147/step  Wall: 522.232, 0.00115394/step, 149.747 ns/days, 0.016027 hours remaining, 0.000000 MB of memory in use.
PERFORMANCE: 450000  averaging 148.913 ns/day, 0.00116041 sec/step with standard deviation 1.22585e-05
ETITLE:      TS           BOND          ANGLE          DIHED          IMPRP               ELECT            VDW       BOUNDARY           MISC        KINETIC               TOTAL           TEMP      POTENTIAL       TOTALAVG        TEMPAVG            PRESSURE      GPRESSURE         VOLUME       PRESSAVG      GPRESSAVG

ENERGY:  450000       394.3273      1144.8595      1108.2053        83.1543        -114183.6993      9753.9827         0.0000         0.0000     18677.6785         -83021.4917       303.6404   -101699.1702    -83016.8376       302.2208             55.4205        51.1628    300894.7213        28.2953        28.6190

WRITING EXTENDED SYSTEM TO RESTART FILE AT STEP 450000
WRITING COORDINATES TO RESTART FILE AT STEP 450000
FINISHED WRITING RESTART COORDINATES
WRITING VELOCITIES TO RESTART FILE AT STEP 450000
FINISHED WRITING RESTART VELOCITIES
TIMING: 455000  CPU: 523.719, 0.0011442/step  Wall: 527.988, 0.00115126/step, 150.096 ns/days, 0.0143908 hours remaining, 0.000000 MB of memory in use.
PERFORMANCE: 455000  averaging 148.926 ns/day, 0.00116031 sec/step with standard deviation 1.22279e-05
ENERGY:  455000       419.3335      1130.4352      1124.0123        71.8075        -113895.1710      9646.8850         0.0000         0.0000     18618.6470         -82884.0504       302.6807   -101502.6974    -83007.5942       302.4087           -202.6627      -205.9743    300811.3734        21.5566        21.6357

WRITING EXTENDED SYSTEM TO RESTART FILE AT STEP 455000
WRITING COORDINATES TO RESTART FILE AT STEP 455000
FINISHED WRITING RESTART COORDINATES
WRITING VELOCITIES TO RESTART FILE AT STEP 455000
FINISHED WRITING RESTART VELOCITIES
TIMING: 460000  CPU: 529.452, 0.00114652/step  Wall: 533.756, 0.00115342/step, 149.815 ns/days, 0.0128158 hours remaining, 0.000000 MB of memory in use.
PERFORMANCE: 460000  averaging 148.935 ns/day, 0.00116023 sec/step with standard deviation 1.21817e-05
ENERGY:  460000       437.8109      1136.8174      1132.7035        72.7430        -113674.1298      9698.5689         0.0000         0.0000     18626.5558         -82568.9303       302.8093   -101195.4860    -82970.4750       302.5285             39.8890        44.8590    301071.0781        14.4522        14.5634

WRITING EXTENDED SYSTEM TO RESTART FILE AT STEP 460000
WRITING COORDINATES TO RESTART FILE AT STEP 460000
FINISHED WRITING RESTART COORDINATES
WRITING VELOCITIES TO RESTART FILE AT STEP 460000
FINISHED WRITING RESTART VELOCITIES
TIMING: 465000  CPU: 535.175, 0.00114456/step  Wall: 539.512, 0.00115136/step, 150.084 ns/days, 0.0111938 hours remaining, 0.000000 MB of memory in use.
PERFORMANCE: 465000  averaging 148.948 ns/day, 0.00116014 sec/step with standard deviation 1.21502e-05
ENERGY:  465000       446.8049      1134.5102      1116.7542        71.0667        -113683.3750      9638.6575         0.0000         0.0000     18619.1780         -82656.4035       302.6893   -101275.5815    -82936.0274       302.6341            -67.1466       -66.5686    302051.0851        -1.9300        -2.0490

WRITING EXTENDED SYSTEM TO RESTART FILE AT STEP 465000
WRITING COORDINATES TO RESTART FILE AT STEP 465000
FINISHED WRITING RESTART COORDINATES
WRITING VELOCITIES TO RESTART FILE AT STEP 465000
FINISHED WRITING RESTART VELOCITIES
TIMING: 470000  CPU: 540.904, 0.00114596/step  Wall: 545.28, 0.00115361/step, 149.791 ns/days, 0.00961341 hours remaining, 0.000000 MB of memory in use.
PERFORMANCE: 470000  averaging 148.957 ns/day, 0.00116007 sec/step with standard deviation 1.21034e-05
ENERGY:  470000       432.3738      1111.3881      1135.1454        65.7890        -114309.5518     10060.7616         0.0000         0.0000     18465.8316         -83038.2621       300.1964   -101504.0938    -82951.5102       302.4923            330.1798       327.0518    301157.7474        21.7267        21.5070

WRITING EXTENDED SYSTEM TO RESTART FILE AT STEP 470000
WRITING COORDINATES TO RESTART FILE AT STEP 470000
FINISHED WRITING RESTART COORDINATES
WRITING VELOCITIES TO RESTART FILE AT STEP 470000
FINISHED WRITING RESTART VELOCITIES
TIMING: 475000  CPU: 546.676, 0.00115428/step  Wall: 551.089, 0.00116165/step, 148.754 ns/days, 0.00806703 hours remaining, 0.000000 MB of memory in use.
PERFORMANCE: 475000  averaging 148.954 ns/day, 0.00116009 sec/step with standard deviation 1.204e-05
ENERGY:  475000       400.4724      1146.0332      1129.9313        85.9757        -114140.1042      9749.7980         0.0000         0.0000     18621.7231         -83006.1706       302.7307   -101627.8936    -82941.4582       302.5533            -83.1583       -83.0701    300380.0897        -3.1028        -3.3275

WRITING EXTENDED SYSTEM TO RESTART FILE AT STEP 475000
WRITING COORDINATES TO RESTART FILE AT STEP 475000
FINISHED WRITING RESTART COORDINATES
WRITING VELOCITIES TO RESTART FILE AT STEP 475000
FINISHED WRITING RESTART VELOCITIES
TIMING: 480000  CPU: 552.453, 0.00115553/step  Wall: 556.912, 0.00116474/step, 148.359 ns/days, 0.0064708 hours remaining, 0.000000 MB of memory in use.
PERFORMANCE: 480000  averaging 148.948 ns/day, 0.00116013 sec/step with standard deviation 1.19859e-05
ENERGY:  480000       440.7839      1124.7824      1115.2922        72.7311        -114671.2263     10289.1167         0.0000         0.0000     18537.0895         -83091.4305       301.3548   -101628.5200    -82940.1530       302.5358            594.5785       594.4401    299628.2025        19.2672        18.9432

WRITING EXTENDED SYSTEM TO RESTART FILE AT STEP 480000
WRITING COORDINATES TO RESTART FILE AT STEP 480000
FINISHED WRITING RESTART COORDINATES
WRITING VELOCITIES TO RESTART FILE AT STEP 480000
FINISHED WRITING RESTART VELOCITIES
TIMING: 485000  CPU: 558.223, 0.001154/step  Wall: 562.717, 0.00116097/step, 148.84 ns/days, 0.00483739 hours remaining, 0.000000 MB of memory in use.
PERFORMANCE: 485000  averaging 148.947 ns/day, 0.00116014 sec/step with standard deviation 1.19236e-05
ENERGY:  485000       415.2615      1138.2126      1085.6322        65.5658        -114268.3062      9948.8807         0.0000         0.0000     18445.9909         -83168.7624       299.8738   -101614.7533    -82950.7722       302.4047            115.9918       112.1522    301052.1020        43.1208        42.6961

WRITING EXTENDED SYSTEM TO RESTART FILE AT STEP 485000
WRITING COORDINATES TO RESTART FILE AT STEP 485000
FINISHED WRITING RESTART COORDINATES
WRITING VELOCITIES TO RESTART FILE AT STEP 485000
FINISHED WRITING RESTART VELOCITIES
TIMING: 490000  CPU: 563.943, 0.00114387/step  Wall: 568.47, 0.00115055/step, 150.19 ns/days, 0.00319596 hours remaining, 0.000000 MB of memory in use.
PERFORMANCE: 490000  averaging 148.96 ns/day, 0.00116005 sec/step with standard deviation 1.19015e-05
ENERGY:  490000       461.9717      1137.3279      1110.9392        64.0699        -114072.2964      9688.9386         0.0000         0.0000     18724.9386         -82884.1106       304.4087   -101609.0492    -82937.5467       302.5788           -168.4005      -162.9950    301632.0796        16.9690        16.7855

WRITING EXTENDED SYSTEM TO RESTART FILE AT STEP 490000
WRITING COORDINATES TO RESTART FILE AT STEP 490000
FINISHED WRITING RESTART COORDINATES
WRITING VELOCITIES TO RESTART FILE AT STEP 490000
FINISHED WRITING RESTART VELOCITIES
TIMING: 495000  CPU: 569.756, 0.00116264/step  Wall: 574.318, 0.0011697/step, 147.73 ns/days, 0.00162458 hours remaining, 0.000000 MB of memory in use.
PERFORMANCE: 495000  averaging 148.947 ns/day, 0.00116014 sec/step with standard deviation 1.18803e-05
ENERGY:  495000       410.8446      1126.3665      1154.4918        69.5114        -113911.6078      9679.1153         0.0000         0.0000     18575.1976         -82896.0806       301.9743   -101471.2782    -82936.8980       302.4681            -60.3244       -63.3212    300299.2570        15.8706        15.4454

WRITING EXTENDED SYSTEM TO RESTART FILE AT STEP 495000
WRITING COORDINATES TO RESTART FILE AT STEP 495000
FINISHED WRITING RESTART COORDINATES
WRITING VELOCITIES TO RESTART FILE AT STEP 495000
FINISHED WRITING RESTART VELOCITIES
TIMING: 500000  CPU: 575.512, 0.00115118/step  Wall: 580.108, 0.0011579/step, 149.235 ns/days, 0 hours remaining, 0.000000 MB of memory in use.
PERFORMANCE: 500000  averaging 148.95 ns/day, 0.00116012 sec/step with standard deviation 1.18223e-05
ETITLE:      TS           BOND          ANGLE          DIHED          IMPRP               ELECT            VDW       BOUNDARY           MISC        KINETIC               TOTAL           TEMP      POTENTIAL       TOTALAVG        TEMPAVG            PRESSURE      GPRESSURE         VOLUME       PRESSAVG      GPRESSAVG

ENERGY:  500000       429.7554      1216.0686      1144.1435        73.2224        -114132.3821      9720.8823         0.0000         0.0000     18617.5543         -82930.7556       302.6629   -101548.3099    -82935.8693       302.5709            -51.5314       -53.9774    299896.7462        25.5591        24.9542

WRITING EXTENDED SYSTEM TO RESTART FILE AT STEP 500000
WRITING COORDINATES TO RESTART FILE AT STEP 500000
FINISHED WRITING RESTART COORDINATES
WRITING VELOCITIES TO RESTART FILE AT STEP 500000
FINISHED WRITING RESTART VELOCITIES
WRITING EXTENDED SYSTEM TO OUTPUT FILE AT STEP 500000
WRITING COORDINATES TO OUTPUT FILE AT STEP 500000
WRITING VELOCITIES TO OUTPUT FILE AT STEP 500000
====================================================

WallClock: 581.164917  CPUTime: 576.917175  Memory: 0.000000 MB
[Partition 0][Node 0] End of program
