Charm++: standalone mode (not using charmrun)
Charm++> Running in Multicore mode: 10 threads (PEs)
Charm++> Using recursive bisection (scheme 3) for topology aware partitions
Converse/Charm++ Commit ID: v80000
CharmLB> Load balancer assumes all CPUs are same.
Charm++> Running on 1 hosts (2 sockets x 24 cores x 1 PUs = 48-way SMP)
Charm++> cpu topology info is gathered in 0.001 seconds.
Info: Built with CUDA version 11080
Pe 0 physical rank 0 will use CUDA device of pe 8
Pe 2 physical rank 2 will use CUDA device of pe 8
Pe 4 physical rank 4 will use CUDA device of pe 8
Pe 6 physical rank 6 will use CUDA device of pe 8
Pe 8 physical rank 8 binding to CUDA device 0 on sg012: 'NVIDIA A100-SXM4-80GB'  Mem: 81155MB  Rev: 8.0  PCI: 0:1:0
Pe 5 physical rank 5 will use CUDA device of pe 8
Pe 1 physical rank 1 will use CUDA device of pe 8
Pe 9 physical rank 9 will use CUDA device of pe 8
Pe 7 physical rank 7 will use CUDA device of pe 8
Pe 3 physical rank 3 will use CUDA device of pe 8
CharmLB> Load balancing instrumentation for communication is off.
Info: NAMD 3.1alpha2 for Linux-x86_64-multicore-CUDA
Info: 
Info: Please visit http://www.ks.uiuc.edu/Research/namd/
Info: for updates, documentation, and support information.
Info: 
Info: Please cite Phillips et al., J. Chem. Phys. 153:044130 (2020) doi:10.1063/5.0014475
Info: in all publications reporting results obtained with NAMD.
Info: 
Info: Based on Charm++/Converse 80000 for multicore-linux-x86_64
Info: Built Wed Feb 26 02:26:55 MST 2025 by athiru12 on sg005
Info: 1 NAMD  3.1alpha2  Linux-x86_64-multicore-CUDA  10    sg012  athiru12
Info: Running on 10 processors, 1 nodes, 1 physical nodes.
Info: CPU topology information available.
Info: Charm++/Converse parallel runtime startup completed at 0.775411 s
CkLoopLib is used in SMP with simple dynamic scheduling (converse-level notification)
Info: 0 MB of memory in use based on /proc/self/stat
Info: Configuration file is input/step5_vanilla_10_run.inp
Info: Changed directory to input
TCL: Suspending until startup complete.
Warning: Option "1-4scaling" has been deprecated. Instead use "oneFourScaling".
Warning: Option "CUDASOAintegrate" has been deprecated. Instead use "GPUresident".
Info: EXTENDED SYSTEM FILE   ../output/step4_equilibration.xsc
Info: Tuning parameters to improve GPU-resident performance
Info: Setting margin to 4
Warning: The Langevin gamma parameters differ over the particles,
Warning: requiring extra work per step to constrain rigid bonds.
Info: Enabling PMEOffload because PMEInterpOrder > 4.
Info: Running with GPU-resident mode
Warning: Always using force tables for GPU nonbonded kernel due to unsupported config parameters.
Info: SIMULATION PARAMETERS:
Info: TIMESTEP               2
Info: NUMBER OF STEPS        500000
Info: STEPS PER CYCLE        20
Info: PERIODIC CELL BASIS 1  69 0 0
Info: PERIODIC CELL BASIS 2  0 69 0
Info: PERIODIC CELL BASIS 3  0 0 69
Info: PERIODIC CELL CENTER   0 0 0
Info: WRAPPING WATERS AROUND PERIODIC BOUNDARIES ON OUTPUT.
Info: WRAPPING ALL CLUSTERS AROUND PERIODIC BOUNDARIES ON OUTPUT.
Info: LOAD BALANCER  Centralized
Info: LOAD BALANCING STRATEGY  New Load Balancers -- DEFAULT
Info: LDB PERIOD             4000 steps
Info: FIRST LDB TIMESTEP     100
Info: LAST LDB TIMESTEP     -1
Info: LDB BACKGROUND SCALING 1
Info: HOM BACKGROUND SCALING 1
Info: PME BACKGROUND SCALING 1
Info: MIN ATOMS PER PATCH    40
Info: EMPTY PATCH LOAD       40 ATOMS
Info: VELOCITY FILE          ../output/step4_equilibration.vel
Info: CENTER OF MASS MOVING INITIALLY? NO
Info: DIELECTRIC             1
Info: EXCLUDE                SCALED ONE-FOUR
Info: 1-4 ELECTROSTATICS SCALED BY 1
Info: MODIFIED 1-4 VDW PARAMETERS WILL BE USED
Info: NO DCD TRAJECTORY OUTPUT
Info: NO EXTENDED SYSTEM TRAJECTORY OUTPUT
Info: NO VELOCITY DCD OUTPUT
Info: NO FORCE DCD OUTPUT
Info: OUTPUT FILENAME        ../output/run-1/step5_vanilla_10_1
Info: BINARY OUTPUT FILES WILL BE USED
Info: RESTART FILENAME       ../output/run-1/step5_vanilla_10_1.restart
Info: RESTART FREQUENCY      5000
Info: BINARY RESTART FILES WILL BE USED
Info: SWITCHING ACTIVE
Info: VDW FORCE SWITCHING ACTIVE
Info: SWITCHING ON           10
Info: SWITCHING OFF          12
Info: PAIRLIST DISTANCE      16
Info: PAIRLIST SHRINK RATE   0.01
Info: PAIRLIST GROW RATE     0.01
Info: PAIRLIST TRIGGER       0.3
Info: PAIRLISTS PER CYCLE    2
Info: PAIRLISTS ENABLED
Info: MARGIN                 4
Info: HYDROGEN GROUP CUTOFF  2.5
Info: PATCH DIMENSION        22.5
Info: ENERGY OUTPUT STEPS    5000
Info: ENERGY EVALUATION STEPS    5000
Info: OUTPUT ENERGY PRECISION 4
Info: CROSSTERM ENERGY INCLUDED IN DIHEDRAL
Info: TIMING OUTPUT STEPS    5000
Info: LANGEVIN DYNAMICS ACTIVE
Info: LANGEVIN TEMPERATURE   303.15
Info: LANGEVIN USING BBK INTEGRATOR
Info: LANGEVIN DAMPING COEFFICIENT IS 1 INVERSE PS
Info: LANGEVIN DYNAMICS NOT APPLIED TO HYDROGENS
Info: LANGEVIN PISTON PRESSURE CONTROL ACTIVE
Info:        TARGET PRESSURE IS 1.01325 BAR
Info:     OSCILLATION PERIOD IS 50 FS
Info:             DECAY TIME IS 25 FS
Info:     PISTON TEMPERATURE IS 303.15 K
Info:       PRESSURE CONTROL IS GROUP-BASED
Info:    INITIAL STRAIN RATE IS 0 0 0
Info:       CELL FLUCTUATION IS ISOTROPIC
Info: PARTICLE MESH EWALD (PME) ACTIVE
Info: PME TOLERANCE               1e-06
Info: PME EWALD COEFFICIENT       0.257952
Info: PME INTERPOLATION ORDER     6
Info: PME GRID DIMENSIONS         72 72 72
Info: PME MAXIMUM GRID SPACING    1
Info: PME RECIPROCAL SUM OFFLOADED TO GPU
Info: PME CALCULATION WILL BE PERFORMED ON GPU
Info: FULL ELECTROSTATIC EVALUATION FREQUENCY      1
Info: USING VERLET I (r-RESPA) MTS SCHEME.
Info: C1 SPLITTING OF LONG RANGE ELECTROSTATICS
Info: PLACING ATOMS IN PATCHES BY HYDROGEN GROUPS
Info: RIGID BONDS TO HYDROGEN : ALL
Info:         ERROR TOLERANCE : 1e-08
Info:          MAX ITERATIONS : 100
Info: RIGID WATER USING SETTLE ALGORITHM
Info: RANDOM NUMBER SEED     1742587054
Info: USE HYDROGEN BONDS?    NO
Info: COORDINATE PDB         step3_input.pdb
Info: STRUCTURE FILE         step3_input.psf
Info: PARAMETER file: CHARMM format! 
Info: PARAMETERS             toppar/par_all36m_prot.prm
Info: PARAMETERS             toppar/par_all36_na.prm
Info: PARAMETERS             toppar/par_all36_carb.prm
Info: PARAMETERS             toppar/par_all36_lipid.prm
Info: PARAMETERS             toppar/par_all36_cgenff.prm
Info: PARAMETERS             toppar/par_interface.prm
Info: PARAMETERS             toppar/toppar_all36_moreions.str
Info: PARAMETERS             toppar/toppar_all36_nano_lig.str
Info: PARAMETERS             toppar/toppar_all36_nano_lig_patch.str
Info: PARAMETERS             toppar/toppar_all36_synthetic_polymer.str
Info: PARAMETERS             toppar/toppar_all36_synthetic_polymer_patch.str
Info: PARAMETERS             toppar/toppar_all36_polymer_solvent.str
Info: PARAMETERS             toppar/toppar_water_ions.str
Info: PARAMETERS             toppar/toppar_dum_noble_gases.str
Info: PARAMETERS             toppar/toppar_ions_won.str
Info: PARAMETERS             toppar/cam.str
Info: PARAMETERS             toppar/toppar_all36_prot_arg0.str
Info: PARAMETERS             toppar/toppar_all36_prot_c36m_d_aminoacids.str
Info: PARAMETERS             toppar/toppar_all36_prot_fluoro_alkanes.str
Info: PARAMETERS             toppar/toppar_all36_prot_heme.str
Info: PARAMETERS             toppar/toppar_all36_prot_na_combined.str
Info: PARAMETERS             toppar/toppar_all36_prot_retinol.str
Info: PARAMETERS             toppar/toppar_all36_prot_model.str
Info: PARAMETERS             toppar/toppar_all36_prot_modify_res.str
Info: PARAMETERS             toppar/toppar_all36_na_nad_ppi.str
Info: PARAMETERS             toppar/toppar_all36_na_rna_modified.str
Info: PARAMETERS             toppar/toppar_all36_lipid_sphingo.str
Info: PARAMETERS             toppar/toppar_all36_lipid_archaeal.str
Info: PARAMETERS             toppar/toppar_all36_lipid_bacterial.str
Info: PARAMETERS             toppar/toppar_all36_lipid_cardiolipin.str
Info: PARAMETERS             toppar/toppar_all36_lipid_cholesterol.str
Info: PARAMETERS             toppar/toppar_all36_lipid_dag.str
Info: PARAMETERS             toppar/toppar_all36_lipid_inositol.str
Info: PARAMETERS             toppar/toppar_all36_lipid_lnp.str
Info: PARAMETERS             toppar/toppar_all36_lipid_lps.str
Info: PARAMETERS             toppar/toppar_all36_lipid_mycobacterial.str
Info: PARAMETERS             toppar/toppar_all36_lipid_miscellaneous.str
Info: PARAMETERS             toppar/toppar_all36_lipid_model.str
Info: PARAMETERS             toppar/toppar_all36_lipid_prot.str
Info: PARAMETERS             toppar/toppar_all36_lipid_tag.str
Info: PARAMETERS             toppar/toppar_all36_lipid_yeast.str
Info: PARAMETERS             toppar/toppar_all36_lipid_hmmm.str
Info: PARAMETERS             toppar/toppar_all36_lipid_detergent.str
Info: PARAMETERS             toppar/toppar_all36_lipid_ether.str
Info: PARAMETERS             toppar/toppar_all36_lipid_oxidized.str
Info: PARAMETERS             toppar/toppar_all36_carb_glycolipid.str
Info: PARAMETERS             toppar/toppar_all36_carb_glycopeptide.str
Info: PARAMETERS             toppar/toppar_all36_carb_imlab.str
Info: PARAMETERS             toppar/toppar_all36_label_spin.str
Info: PARAMETERS             toppar/toppar_all36_label_fluorophore.str
Info: USING ARITHMETIC MEAN TO COMBINE L-J SIGMA PARAMETERS
Info: BINARY COORDINATES     ../output/step4_equilibration.coor
Warning: SKIPPING PART OF PARAMETER FILE AFTER RETURN STATEMENT

Warning: DUPLICATE DIHEDRAL ENTRY FOR HAL1-CTO1-C-NHL
PREVIOUS VALUES MULTIPLICITY: 1
  k=0  n=1  delta=0INCREASING MULTIPLICITY TO: 2
  k=0  n=3  delta=0

Warning: DUPLICATE DIHEDRAL ENTRY FOR HAL1-CTO1-C-O
PREVIOUS VALUES MULTIPLICITY: 1
  k=0  n=1  delta=0INCREASING MULTIPLICITY TO: 2
  k=0  n=2  delta=3.14159
Warning: SKIPPING PART OF PARAMETER FILE AFTER RETURN STATEMENT

Warning: DUPLICATE DIHEDRAL ENTRY FOR CTL2-CG2O5-CTL1-CTL3
PREVIOUS VALUES MULTIPLICITY: 1
  k=0.75  n=1  delta=0  k=0.18  n=2  delta=3.14159INCREASING MULTIPLICITY TO: 3
  k=0.065  n=3  delta=0

Warning: DUPLICATE BOND ENTRY FOR CEL1-CL
PREVIOUS VALUES  k=440  x0=1.489
   USING VALUES  k=300  x0=1.48
Info: SUMMARY OF PARAMETERS:
Info: 1988 BONDS
Info: 6776 ANGLES
Info: 19939 DIHEDRAL
Info: 430 IMPROPER
Info: 28 CROSSTERM
Info: 751 VDW
Info: 122 VDW_PAIRS
Info: 0 NBTHOLE_PAIRS
Warning: Ignored 9467 bonds with zero force constants.
Warning: Will get H-H distance in rigid H2O from H-O-H angle.
Info: TIME FOR READING PSF FILE: 0.0616983
Info: Reading pdb file step3_input.pdb
Info: TIME FOR READING PDB FILE: 0.0256975
Info: 
Info: ****************************
Info: STRUCTURE SUMMARY:
Info: 30423 ATOMS
Info: 20918 BONDS
Info: 13014 ANGLES
Info: 5187 DIHEDRALS
Info: 373 IMPROPERS
Info: 127 CROSSTERMS
Info: 0 EXCLUSIONS
Info: 29360 RIGID BONDS
Info: 61909 DEGREES OF FREEDOM
Info: 10530 HYDROGEN GROUPS
Info: 4 ATOMS IN LARGEST HYDROGEN GROUP
Info: 10530 MIGRATION GROUPS
Info: 4 ATOMS IN LARGEST MIGRATION GROUP
Info: TOTAL MASS = 186727 amu
Info: TOTAL CHARGE = 1.31875e-06 e
Info: MASS DENSITY = 0.943883 g/cm^3
Info: ATOM DENSITY = 0.0926093 atoms/A^3
Info: *****************************
Info: Reading from binary file ../output/step4_equilibration.coor
Info: 
Info: Entering startup at 0.927988 s, 0 MB of memory in use
Info: Startup phase 0 took 9.2163e-05 s, 0 MB of memory in use
Info: ADDED 39038 IMPLICIT EXCLUSIONS
Info: Startup phase 1 took 0.00591145 s, 0 MB of memory in use
Info: NONBONDED TABLE R-SQUARED SPACING: 0.0625
Info: NONBONDED TABLE SIZE: 769 POINTS
Info: INCONSISTENCY IN FAST TABLE ENERGY VS FORCE: 0.000325096 AT 11.9556
Info: INCONSISTENCY IN SCOR TABLE ENERGY VS FORCE: 0.000324844 AT 11.9556
Info: INCONSISTENCY IN VDWA TABLE ENERGY VS FORCE: 0.0040507 AT 0.251946
Info: INCONSISTENCY IN VDWB TABLE ENERGY VS FORCE: 0.00150189 AT 0.251946
Info: Startup phase 2 took 0.0108611 s, 0 MB of memory in use
Info: Startup phase 3 took 6.3119e-05 s, 0 MB of memory in use
Info: Startup phase 4 took 0.000314582 s, 0 MB of memory in use
Info: Startup phase 5 took 6.0715e-05 s, 0 MB of memory in use
Info: PATCH GRID IS 3 (PERIODIC) BY 3 (PERIODIC) BY 3 (PERIODIC)
Info: PATCH GRID IS 1-AWAY BY 1-AWAY BY 1-AWAY
Info: Reading from binary file ../output/step4_equilibration.vel
Info: REMOVING COM VELOCITY 0.0102651 -0.01707 0.00842024
Info: LARGEST PATCH (13) HAS 1316 ATOMS
Info: TORUS A SIZE 1 USING 0
Info: TORUS B SIZE 1 USING 0
Info: TORUS C SIZE 1 USING 0
Info: TORUS MINIMAL MESH SIZE IS 1 BY 1 BY 1
Info: Placed 100% of base nodes on same physical node as patch
Info: Startup phase 6 took 0.0217355 s, 0 MB of memory in use
Info: Use 3D box decompostion in PME FFT.
Info: PME using 1 x 1 x 1 pencil grid for FFT and reciprocal sum.
Info: Startup phase 7 took 0.000167776 s, 0 MB of memory in use
Info: Updated CUDA force table with 4096 elements.
Info: Updated CUDA LJ table with 751 x 751 elements.
Info: Startup phase 8 took 0.00573988 s, 0 MB of memory in use
Info: Startup phase 9 took 8.7125e-05 s, 0 MB of memory in use
Info: Startup phase 10 took 4.9262e-05 s, 0 MB of memory in use
Info: Startup phase 11 took 0.00697483 s, 0 MB of memory in use
LDB: Central LB being created...
Info: Startup phase 12 took 0.00215028 s, 0 MB of memory in use
Info: CREATING 647 COMPUTE OBJECTS
Info: Found 268 unique exclusion lists needing 4316 bytes
Info: useSync: 0 useProxySync: 0
Info: Startup phase 13 took 0.020617 s, 0 MB of memory in use
Info: Startup phase 14 took 7.8387e-05 s, 0 MB of memory in use
Info: Startup phase 15 took 2.4627e-05 s, 0 MB of memory in use
Info: Finished startup at 1.00292 s, 0 MB of memory in use

TCL: Original numsteps 500000 will be ignored.
TCL: Running for 500000 steps
ETITLE:      TS           BOND          ANGLE          DIHED          IMPRP               ELECT            VDW       BOUNDARY           MISC        KINETIC               TOTAL           TEMP      POTENTIAL       TOTALAVG        TEMPAVG            PRESSURE      GPRESSURE         VOLUME       PRESSAVG      GPRESSAVG

ENERGY:       0       393.7845      1151.3864      1140.5717        75.7877        -111381.5648      9211.0936         0.0000         0.0000     18671.3312         -80737.6098       303.5372    -99408.9410    -80737.6098       303.5372          -1002.7072     -1000.5922    328509.0000     -1002.7072     -1000.5922

Info: Initial time: 10 CPUs 0.00130218 s/step 132.701 ns/day 0 MB memory
Info: Initial time: 10 CPUs 0.00121853 s/step 141.81 ns/day 0 MB memory
Info: Initial time: 10 CPUs 0.0011712 s/step 147.541 ns/day 0 MB memory
Info: Benchmark time: 10 CPUs 0.00117417 s/step 147.168 ns/day 0 MB memory
Info: Benchmark time: 10 CPUs 0.0011532 s/step 149.843 ns/day 0 MB memory
Info: Benchmark time: 10 CPUs 0.00115236 s/step 149.953 ns/day 0 MB memory
Info: Benchmark time: 10 CPUs 0.00113379 s/step 152.409 ns/day 0 MB memory
Info: Benchmark time: 10 CPUs 0.00118889 s/step 145.346 ns/day 0 MB memory
Info: Benchmark time: 10 CPUs 0.00116606 s/step 148.192 ns/day 0 MB memory
TIMING: 5000  CPU: 5.83833, 0.00115683/step  Wall: 5.85681, 0.00116174/step, 148.742 ns/days, 0.15974 hours remaining, 0.000000 MB of memory in use.
PERFORMANCE: 5000  averaging 148.742 ns/day, 0.00116174 sec/step with standard deviation 0
ENERGY:    5000       400.1512      1170.7489      1134.0668        78.3481        -113810.3287      9725.1310         0.0000         0.0000     18710.0486         -82591.8341       304.1666   -101301.8826    -81664.7220       303.8519             12.1868        11.0065    300487.5232      -495.2602      -494.7929

WRITING EXTENDED SYSTEM TO RESTART FILE AT STEP 5000
WRITING COORDINATES TO RESTART FILE AT STEP 5000
FINISHED WRITING RESTART COORDINATES
The last position output (seq=5000) takes 0.006 seconds, 0.000 MB of memory in use
WRITING VELOCITIES TO RESTART FILE AT STEP 5000
FINISHED WRITING RESTART VELOCITIES
The last velocity output (seq=5000) takes 0.006 seconds, 0.000 MB of memory in use
TIMING: 10000  CPU: 12.4743, 0.0013272/step  Wall: 12.5498, 0.0013386/step, 129.09 ns/days, 0.182199 hours remaining, 0.000000 MB of memory in use.
PERFORMANCE: 10000  averaging 138.221 ns/day, 0.00125017 sec/step with standard deviation 0.000125058
ENERGY:   10000       435.1786      1124.9448      1141.7859        65.7689        -114301.7883      9799.8875         0.0000         0.0000     18606.3134         -83127.9092       302.4802   -101734.2226    -82152.4510       303.3946             -2.3036        -2.2074    300534.8798      -330.9413      -330.5977

WRITING EXTENDED SYSTEM TO RESTART FILE AT STEP 10000
WRITING COORDINATES TO RESTART FILE AT STEP 10000
FINISHED WRITING RESTART COORDINATES
The last position output (seq=10000) takes 0.008 seconds, 0.000 MB of memory in use
WRITING VELOCITIES TO RESTART FILE AT STEP 10000
FINISHED WRITING RESTART VELOCITIES
The last velocity output (seq=10000) takes 0.007 seconds, 0.000 MB of memory in use
TIMING: 15000  CPU: 18.2697, 0.00115907/step  Wall: 18.3709, 0.00116421/step, 148.427 ns/days, 0.156845 hours remaining, 0.000000 MB of memory in use.
PERFORMANCE: 15000  averaging 141.463 ns/day, 0.00122152 sec/step with standard deviation 0.000101405
ENERGY:   15000       429.6722      1140.8645      1169.7247        72.3987        -114307.2832      9808.9148         0.0000         0.0000     18503.2928         -83182.4154       300.8054   -101685.7082    -82409.9421       302.7473             67.4309        63.9106    298678.7886      -231.3482      -231.9706

WRITING EXTENDED SYSTEM TO RESTART FILE AT STEP 15000
WRITING COORDINATES TO RESTART FILE AT STEP 15000
FINISHED WRITING RESTART COORDINATES
The last position output (seq=15000) takes 0.009 seconds, 0.000 MB of memory in use
WRITING VELOCITIES TO RESTART FILE AT STEP 15000
FINISHED WRITING RESTART VELOCITIES
The last velocity output (seq=15000) takes 0.008 seconds, 0.000 MB of memory in use
TIMING: 20000  CPU: 24.0334, 0.00115275/step  Wall: 24.1701, 0.00115984/step, 148.986 ns/days, 0.154645 hours remaining, 0.000000 MB of memory in use.
PERFORMANCE: 20000  averaging 143.272 ns/day, 0.0012061 sec/step with standard deviation 8.83537e-05
ENERGY:   20000       404.3794      1127.9505      1132.7346        67.1879        -114394.1959     10070.6050         0.0000         0.0000     18814.0461         -82777.2924       305.8573   -101591.3385    -82483.4122       303.3693            313.8588       312.1601    301205.1222      -122.3068      -123.1445

WRITING EXTENDED SYSTEM TO RESTART FILE AT STEP 20000
WRITING COORDINATES TO RESTART FILE AT STEP 20000
FINISHED WRITING RESTART COORDINATES
The last position output (seq=20000) takes 0.009 seconds, 0.000 MB of memory in use
WRITING VELOCITIES TO RESTART FILE AT STEP 20000
FINISHED WRITING RESTART VELOCITIES
The last velocity output (seq=20000) takes 0.008 seconds, 0.000 MB of memory in use
TIMING: 25000  CPU: 34.5143, 0.00209617/step  Wall: 34.717, 0.00210939/step, 81.9195 ns/days, 0.278322 hours remaining, 0.000000 MB of memory in use.
PERFORMANCE: 25000  averaging 124.607 ns/day, 0.00138676 sec/step with standard deviation 0.000411147
ENERGY:   25000       426.1135      1109.3504      1115.8239        71.1195        -113809.3706      9604.4552         0.0000         0.0000     18748.5861         -82733.9220       304.7931   -101482.5081    -82525.1638       303.6066            -46.0203       -45.7158    300971.7460      -109.5924      -110.2397

WRITING EXTENDED SYSTEM TO RESTART FILE AT STEP 25000
WRITING COORDINATES TO RESTART FILE AT STEP 25000
FINISHED WRITING RESTART COORDINATES
The last position output (seq=25000) takes 0.009 seconds, 0.000 MB of memory in use
WRITING VELOCITIES TO RESTART FILE AT STEP 25000
FINISHED WRITING RESTART VELOCITIES
The last velocity output (seq=25000) takes 0.008 seconds, 0.000 MB of memory in use
TIMING: 30000  CPU: 46.6654, 0.00243022/step  Wall: 46.9159, 0.00243977/step, 70.8263 ns/days, 0.318526 hours remaining, 0.000000 MB of memory in use.
PERFORMANCE: 30000  averaging 110.609 ns/day, 0.00156226 sec/step with standard deviation 0.000565721
ENERGY:   30000       434.6142      1114.7519      1127.5262        71.8320        -113820.7425      9469.6596         0.0000         0.0000     18401.4778         -83200.8807       299.1502   -101602.3585    -82621.6948       302.9700           -447.2561      -444.7396    301310.2574      -157.8301      -158.0254

WRITING EXTENDED SYSTEM TO RESTART FILE AT STEP 30000
WRITING COORDINATES TO RESTART FILE AT STEP 30000
FINISHED WRITING RESTART COORDINATES
The last position output (seq=30000) takes 0.008 seconds, 0.000 MB of memory in use
WRITING VELOCITIES TO RESTART FILE AT STEP 30000
FINISHED WRITING RESTART VELOCITIES
TIMING: 35000  CPU: 58.8006, 0.00242704/step  Wall: 59.098, 0.00243643/step, 70.9233 ns/days, 0.314706 hours remaining, 0.000000 MB of memory in use.
PERFORMANCE: 35000  averaging 102.422 ns/day, 0.00168714 sec/step with standard deviation 0.000613082
ENERGY:   35000       453.7468      1110.6163      1140.6322        77.1989        -114212.4724     10029.7063         0.0000         0.0000     18686.0900         -82714.4820       303.7771   -101400.5720    -82633.2932       303.0709             83.9591        84.8152    301120.8699      -127.6064      -127.6703

WRITING EXTENDED SYSTEM TO RESTART FILE AT STEP 35000
WRITING COORDINATES TO RESTART FILE AT STEP 35000
FINISHED WRITING RESTART COORDINATES
The last position output (seq=35000) takes 0.110 seconds, 0.000 MB of memory in use
WRITING VELOCITIES TO RESTART FILE AT STEP 35000
FINISHED WRITING RESTART VELOCITIES
TIMING: 40000  CPU: 64.7871, 0.00119729/step  Wall: 65.1432, 0.00120903/step, 142.924 ns/days, 0.154488 hours remaining, 0.000000 MB of memory in use.
PERFORMANCE: 40000  averaging 106.183 ns/day, 0.00162738 sec/step with standard deviation 0.000592239
ENERGY:   40000       425.1142      1134.8616      1136.9151        69.0649        -114336.0498     10021.6931         0.0000         0.0000     18645.2948         -82903.1059       303.1139   -101548.4008    -82663.2724       303.0757            367.3739       371.0798    299737.9682       -72.6086       -72.2537

WRITING EXTENDED SYSTEM TO RESTART FILE AT STEP 40000
WRITING COORDINATES TO RESTART FILE AT STEP 40000
FINISHED WRITING RESTART COORDINATES
The last position output (seq=40000) takes 0.007 seconds, 0.000 MB of memory in use
WRITING VELOCITIES TO RESTART FILE AT STEP 40000
FINISHED WRITING RESTART VELOCITIES
TIMING: 45000  CPU: 70.5318, 0.00114895/step  Wall: 70.9213, 0.00115562/step, 149.53 ns/days, 0.146057 hours remaining, 0.000000 MB of memory in use.
PERFORMANCE: 45000  averaging 109.717 ns/day, 0.00157496 sec/step with standard deviation 0.000575875
ENERGY:   45000       417.7200      1119.6538      1154.6173        70.1678        -114188.9576      9878.7942         0.0000         0.0000     18691.9879         -82856.0166       303.8730   -101548.0044    -82682.5468       303.1554            154.0775       157.6018    299843.9685       -49.9400       -49.2681

WRITING EXTENDED SYSTEM TO RESTART FILE AT STEP 45000
WRITING COORDINATES TO RESTART FILE AT STEP 45000
FINISHED WRITING RESTART COORDINATES
The last position output (seq=45000) takes 0.009 seconds, 0.000 MB of memory in use
WRITING VELOCITIES TO RESTART FILE AT STEP 45000
FINISHED WRITING RESTART VELOCITIES
TIMING: 50000  CPU: 76.2806, 0.00114975/step  Wall: 76.7069, 0.00115711/step, 149.337 ns/days, 0.144639 hours remaining, 0.000000 MB of memory in use.
PERFORMANCE: 50000  averaging 112.707 ns/day, 0.00153318 sec/step with standard deviation 0.000558788
ETITLE:      TS           BOND          ANGLE          DIHED          IMPRP               ELECT            VDW       BOUNDARY           MISC        KINETIC               TOTAL           TEMP      POTENTIAL       TOTALAVG        TEMPAVG            PRESSURE      GPRESSURE         VOLUME       PRESSAVG      GPRESSAVG

ENERGY:   50000       441.2152      1143.4937      1114.4228        69.6231        -113676.7793      9459.6878         0.0000         0.0000     18778.6662         -82669.6705       305.2821   -101448.3367    -82681.3762       303.3487           -630.7168      -631.4757    302878.2739      -102.7379      -102.1961

WRITING EXTENDED SYSTEM TO RESTART FILE AT STEP 50000
WRITING COORDINATES TO RESTART FILE AT STEP 50000
FINISHED WRITING RESTART COORDINATES
The last position output (seq=50000) takes 0.008 seconds, 0.000 MB of memory in use
WRITING VELOCITIES TO RESTART FILE AT STEP 50000
FINISHED WRITING RESTART VELOCITIES
TIMING: 55000  CPU: 82.0386, 0.00115161/step  Wall: 82.5013, 0.00115889/step, 149.108 ns/days, 0.143252 hours remaining, 0.000000 MB of memory in use.
PERFORMANCE: 55000  averaging 115.265 ns/day, 0.00149915 sec/step with standard deviation 0.000541991
ENERGY:   55000       445.2641      1187.2822      1133.2491        69.9128        -113990.8715      9720.8389         0.0000         0.0000     18657.9278         -82776.3965       303.3193   -101434.3243    -82689.2946       303.3463             37.8382        39.9315    300227.5128       -91.0232       -90.3521

WRITING EXTENDED SYSTEM TO RESTART FILE AT STEP 55000
WRITING COORDINATES TO RESTART FILE AT STEP 55000
FINISHED WRITING RESTART COORDINATES
WRITING VELOCITIES TO RESTART FILE AT STEP 55000
FINISHED WRITING RESTART VELOCITIES
TIMING: 60000  CPU: 90.9203, 0.00177634/step  Wall: 91.4267, 0.00178507/step, 96.8031 ns/days, 0.218175 hours remaining, 0.000000 MB of memory in use.
PERFORMANCE: 60000  averaging 113.462 ns/day, 0.00152298 sec/step with standard deviation 0.000523318
ENERGY:   60000       425.0357      1107.1395      1139.4189        68.1245        -113714.0030      9616.1207         0.0000         0.0000     18627.9563         -82730.2073       302.8320   -101358.1636    -82692.4417       303.3067           -122.2981      -117.1672    300638.0409       -93.4290       -92.4148

WRITING EXTENDED SYSTEM TO RESTART FILE AT STEP 60000
WRITING COORDINATES TO RESTART FILE AT STEP 60000
FINISHED WRITING RESTART COORDINATES
WRITING VELOCITIES TO RESTART FILE AT STEP 60000
FINISHED WRITING RESTART VELOCITIES
TIMING: 65000  CPU: 96.6507, 0.00114607/step  Wall: 97.1858, 0.00115182/step, 150.023 ns/days, 0.139179 hours remaining, 0.000000 MB of memory in use.
PERFORMANCE: 65000  averaging 115.63 ns/day, 0.00149443 sec/step with standard deviation 0.000511504
ENERGY:   65000       420.3729      1141.4356      1116.3890        76.9599        -114472.7314      9949.2805         0.0000         0.0000     18714.0929         -83054.2005       304.2323   -101768.2934    -82718.2816       303.3728            103.0228       100.9289    300103.3113       -79.3967       -78.6045

WRITING EXTENDED SYSTEM TO RESTART FILE AT STEP 65000
WRITING COORDINATES TO RESTART FILE AT STEP 65000
FINISHED WRITING RESTART COORDINATES
WRITING VELOCITIES TO RESTART FILE AT STEP 65000
FINISHED WRITING RESTART VELOCITIES
TIMING: 70000  CPU: 102.445, 0.00115896/step  Wall: 103.007, 0.00116418/step, 148.43 ns/days, 0.139055 hours remaining, 0.000000 MB of memory in use.
PERFORMANCE: 70000  averaging 117.484 ns/day, 0.00147084 sec/step with standard deviation 0.0004993
ENERGY:   70000       450.1393      1122.3762      1139.0969        70.3976        -114032.0513      9619.8203         0.0000         0.0000     18764.0928         -82866.1282       305.0452   -101630.2209    -82728.1381       303.4843           -244.2184      -241.5647    301062.3981       -90.3848       -89.4686

WRITING EXTENDED SYSTEM TO RESTART FILE AT STEP 70000
WRITING COORDINATES TO RESTART FILE AT STEP 70000
FINISHED WRITING RESTART COORDINATES
WRITING VELOCITIES TO RESTART FILE AT STEP 70000
FINISHED WRITING RESTART VELOCITIES
TIMING: 75000  CPU: 108.185, 0.00114799/step  Wall: 108.78, 0.00115476/step, 149.642 ns/days, 0.136325 hours remaining, 0.000000 MB of memory in use.
PERFORMANCE: 75000  averaging 119.192 ns/day, 0.00144976 sec/step with standard deviation 0.00048801
ENERGY:   75000       423.3068      1099.9771      1127.6168        68.6550        -113975.5942      9636.1415         0.0000         0.0000     18401.6806         -83218.2164       299.1535   -101619.8970    -82758.7680       303.2136           -213.9369      -211.5626    300746.1018       -98.1068       -97.0994

WRITING EXTENDED SYSTEM TO RESTART FILE AT STEP 75000
WRITING COORDINATES TO RESTART FILE AT STEP 75000
FINISHED WRITING RESTART COORDINATES
WRITING VELOCITIES TO RESTART FILE AT STEP 75000
FINISHED WRITING RESTART VELOCITIES
TIMING: 80000  CPU: 113.925, 0.00114782/step  Wall: 114.555, 0.00115482/step, 149.633 ns/days, 0.134729 hours remaining, 0.000000 MB of memory in use.
PERFORMANCE: 80000  averaging 120.727 ns/day, 0.00143133 sec/step with standard deviation 0.000477194
ENERGY:   80000       432.4087      1121.0041      1150.9081        71.5657        -114625.8111     10125.8681         0.0000         0.0000     18577.9951         -83146.0612       302.0198   -101724.0564    -82781.5499       303.1434            338.5836       340.5585    300387.8212       -72.4192       -71.3549

WRITING EXTENDED SYSTEM TO RESTART FILE AT STEP 80000
WRITING COORDINATES TO RESTART FILE AT STEP 80000
FINISHED WRITING RESTART COORDINATES
WRITING VELOCITIES TO RESTART FILE AT STEP 80000
FINISHED WRITING RESTART VELOCITIES
TIMING: 85000  CPU: 119.681, 0.00115138/step  Wall: 120.345, 0.00115802/step, 149.22 ns/days, 0.133494 hours remaining, 0.000000 MB of memory in use.
PERFORMANCE: 85000  averaging 122.098 ns/day, 0.00141525 sec/step with standard deviation 0.000466772
ENERGY:   85000       461.9201      1101.8945      1136.6933        70.2240        -113849.5076      9715.5363         0.0000         0.0000     18575.2339         -82788.0054       301.9749   -101363.2393    -82781.9086       303.0785           -131.1118      -126.9627    301035.6832       -75.6799       -74.4442

WRITING EXTENDED SYSTEM TO RESTART FILE AT STEP 85000
WRITING COORDINATES TO RESTART FILE AT STEP 85000
FINISHED WRITING RESTART COORDINATES
WRITING VELOCITIES TO RESTART FILE AT STEP 85000
FINISHED WRITING RESTART VELOCITIES
TIMING: 90000  CPU: 125.452, 0.00115407/step  Wall: 126.152, 0.00116153/step, 148.769 ns/days, 0.132286 hours remaining, 0.000000 MB of memory in use.
PERFORMANCE: 90000  averaging 123.327 ns/day, 0.00140116 sec/step with standard deviation 0.000456767
ENERGY:   90000       403.1564      1092.8302      1102.9446        65.1859        -113827.0024      9712.5999         0.0000         0.0000     18426.2341         -83024.0513       299.5527   -101450.2854    -82794.6529       302.8929            -15.5403       -14.1893    301424.2348       -72.5146       -71.2729

WRITING EXTENDED SYSTEM TO RESTART FILE AT STEP 90000
WRITING COORDINATES TO RESTART FILE AT STEP 90000
FINISHED WRITING RESTART COORDINATES
WRITING VELOCITIES TO RESTART FILE AT STEP 90000
FINISHED WRITING RESTART VELOCITIES
TIMING: 95000  CPU: 131.233, 0.00115623/step  Wall: 131.968, 0.0011632/step, 148.556 ns/days, 0.13086 hours remaining, 0.000000 MB of memory in use.
PERFORMANCE: 95000  averaging 124.439 ns/day, 0.00138863 sec/step with standard deviation 0.000447242
ENERGY:   95000       430.5328      1127.7780      1153.3990        80.5954        -114203.3828      9847.9558         0.0000         0.0000     18689.8489         -82873.2729       303.8382   -101563.1218    -82798.5839       302.9402            145.3640       145.8708    300153.7975       -61.6207       -60.4157

WRITING EXTENDED SYSTEM TO RESTART FILE AT STEP 95000
WRITING COORDINATES TO RESTART FILE AT STEP 95000
FINISHED WRITING RESTART COORDINATES
WRITING VELOCITIES TO RESTART FILE AT STEP 95000
FINISHED WRITING RESTART VELOCITIES
TIMING: 100000  CPU: 137.014, 0.00115628/step  Wall: 137.783, 0.00116301/step, 148.58 ns/days, 0.129223 hours remaining, 0.000000 MB of memory in use.
PERFORMANCE: 100000  averaging 125.458 ns/day, 0.00137735 sec/step with standard deviation 0.000438227
ETITLE:      TS           BOND          ANGLE          DIHED          IMPRP               ELECT            VDW       BOUNDARY           MISC        KINETIC               TOTAL           TEMP      POTENTIAL       TOTALAVG        TEMPAVG            PRESSURE      GPRESSURE         VOLUME       PRESSAVG      GPRESSAVG

ENERGY:  100000       420.7841      1133.4910      1128.2317        83.6970        -113780.3284      9711.4128         0.0000         0.0000     18502.9831         -82799.7286       300.8004   -101302.7117    -82901.6899       302.8034              5.2579         5.9802    300663.5305       -11.2224       -10.0871

WRITING EXTENDED SYSTEM TO RESTART FILE AT STEP 100000
WRITING COORDINATES TO RESTART FILE AT STEP 100000
FINISHED WRITING RESTART COORDINATES
WRITING VELOCITIES TO RESTART FILE AT STEP 100000
FINISHED WRITING RESTART VELOCITIES
TIMING: 105000  CPU: 142.729, 0.00114302/step  Wall: 143.54, 0.00115125/step, 150.098 ns/days, 0.126318 hours remaining, 0.000000 MB of memory in use.
PERFORMANCE: 105000  averaging 126.446 ns/day, 0.00136659 sec/step with standard deviation 0.000429971
ENERGY:  105000       438.4395      1217.8871      1113.4126        66.1669        -114036.4955      9588.9042         0.0000         0.0000     18482.6626         -83129.0226       300.4700   -101611.6852    -82928.5493       302.6185           -319.3135      -317.8740    301521.5707       -27.7974       -26.5311

WRITING EXTENDED SYSTEM TO RESTART FILE AT STEP 105000
WRITING COORDINATES TO RESTART FILE AT STEP 105000
FINISHED WRITING RESTART COORDINATES
WRITING VELOCITIES TO RESTART FILE AT STEP 105000
FINISHED WRITING RESTART VELOCITIES
TIMING: 110000  CPU: 152.361, 0.00192639/step  Wall: 153.226, 0.00193728/step, 89.197 ns/days, 0.209873 hours remaining, 0.000000 MB of memory in use.
PERFORMANCE: 110000  averaging 124.091 ns/day, 0.00139253 sec/step with standard deviation 0.000436894
ENERGY:  110000       417.5072      1135.8048      1107.6302        64.9893        -113730.8601      9697.7769         0.0000         0.0000     18717.3282         -82589.8235       304.2849   -101307.1517    -82901.6450       302.7088             44.3105        42.5654    301039.1102       -25.4667       -24.2924

WRITING EXTENDED SYSTEM TO RESTART FILE AT STEP 110000
WRITING COORDINATES TO RESTART FILE AT STEP 110000
FINISHED WRITING RESTART COORDINATES
WRITING VELOCITIES TO RESTART FILE AT STEP 110000
FINISHED WRITING RESTART VELOCITIES
TIMING: 115000  CPU: 164.463, 0.00242033/step  Wall: 165.425, 0.00243979/step, 70.8257 ns/days, 0.260922 hours remaining, 0.000000 MB of memory in use.
PERFORMANCE: 115000  averaging 120.162 ns/day, 0.00143806 sec/step with standard deviation 0.000479464
ENERGY:  115000       436.1699      1151.7389      1149.0064        79.7992        -113816.1873      9783.1297         0.0000         0.0000     18642.4430         -82573.9002       303.0675   -101216.3432    -82871.2192       302.8219             -0.4207         3.9651    301191.2663       -28.8593       -27.2897

WRITING EXTENDED SYSTEM TO RESTART FILE AT STEP 115000
WRITING COORDINATES TO RESTART FILE AT STEP 115000
FINISHED WRITING RESTART COORDINATES
WRITING VELOCITIES TO RESTART FILE AT STEP 115000
FINISHED WRITING RESTART VELOCITIES
TIMING: 120000  CPU: 176.533, 0.00241403/step  Wall: 177.585, 0.00243201/step, 71.0523 ns/days, 0.256712 hours remaining, 0.000000 MB of memory in use.
PERFORMANCE: 120000  averaging 116.798 ns/day, 0.00147947 sec/step with standard deviation 0.000510935
ENERGY:  120000       420.3831      1099.5242      1153.3445        84.8288        -113980.6680      9787.1270         0.0000         0.0000     18839.3398         -82596.1206       306.2685   -101435.4605    -82862.1606       302.8424             31.2938        29.0534    300983.2225       -42.9876       -41.4450

WRITING EXTENDED SYSTEM TO RESTART FILE AT STEP 120000
WRITING COORDINATES TO RESTART FILE AT STEP 120000
FINISHED WRITING RESTART COORDINATES
WRITING VELOCITIES TO RESTART FILE AT STEP 120000
FINISHED WRITING RESTART VELOCITIES
TIMING: 125000  CPU: 186.83, 0.00205943/step  Wall: 187.964, 0.00207574/step, 83.2475 ns/days, 0.216223 hours remaining, 0.000000 MB of memory in use.
PERFORMANCE: 125000  averaging 114.945 ns/day, 0.00150333 sec/step with standard deviation 0.000514197
ENERGY:  125000       428.7794      1142.7690      1143.4564        72.1509        -113921.4132      9811.1793         0.0000         0.0000     18703.2676         -82619.8105       304.0564   -101323.0781    -82856.4551       302.8056            100.1846       102.6772    300397.8806       -35.6773       -34.0254

WRITING EXTENDED SYSTEM TO RESTART FILE AT STEP 125000
WRITING COORDINATES TO RESTART FILE AT STEP 125000
FINISHED WRITING RESTART COORDINATES
WRITING VELOCITIES TO RESTART FILE AT STEP 125000
FINISHED WRITING RESTART VELOCITIES
TIMING: 130000  CPU: 192.547, 0.00114339/step  Wall: 193.721, 0.00115145/step, 150.072 ns/days, 0.118343 hours remaining, 0.000000 MB of memory in use.
PERFORMANCE: 130000  averaging 115.989 ns/day, 0.00148979 sec/step with standard deviation 0.000508512
ENERGY:  130000       437.2447      1116.1310      1130.2229        71.1375        -113991.2887      9832.1495         0.0000         0.0000     18704.8319         -82699.5712       304.0818   -101404.4031    -82831.3896       303.0522             77.8561        70.8970    301467.1514        -9.4217        -8.2436

WRITING EXTENDED SYSTEM TO RESTART FILE AT STEP 130000
WRITING COORDINATES TO RESTART FILE AT STEP 130000
FINISHED WRITING RESTART COORDINATES
WRITING VELOCITIES TO RESTART FILE AT STEP 130000
FINISHED WRITING RESTART VELOCITIES
TIMING: 135000  CPU: 198.311, 0.00115277/step  Wall: 199.532, 0.00116224/step, 148.678 ns/days, 0.117838 hours remaining, 0.000000 MB of memory in use.
PERFORMANCE: 135000  averaging 116.942 ns/day, 0.00147766 sec/step with standard deviation 0.000502606
ENERGY:  135000       436.8346      1083.0302      1166.2204        75.9482        -113927.0407      9863.4774         0.0000         0.0000     18781.5709         -82519.9589       305.3293   -101301.5299    -82821.6634       303.1298             35.6319        38.7144    301392.2683       -11.8381       -10.5486

WRITING EXTENDED SYSTEM TO RESTART FILE AT STEP 135000
WRITING COORDINATES TO RESTART FILE AT STEP 135000
FINISHED WRITING RESTART COORDINATES
WRITING VELOCITIES TO RESTART FILE AT STEP 135000
FINISHED WRITING RESTART VELOCITIES
TIMING: 140000  CPU: 204.042, 0.00114607/step  Wall: 205.336, 0.0011608/step, 148.863 ns/days, 0.11608 hours remaining, 0.000000 MB of memory in use.
PERFORMANCE: 140000  averaging 117.844 ns/day, 0.00146634 sec/step with standard deviation 0.000496833
ENERGY:  140000       420.2066      1091.2953      1122.2077        67.4294        -113948.8556      9714.4356         0.0000         0.0000     18496.5804         -83036.7007       300.6963   -101533.2810    -82828.3432       303.0089            -47.7148       -47.3608    301145.8447       -32.5925       -31.4706

WRITING EXTENDED SYSTEM TO RESTART FILE AT STEP 140000
WRITING COORDINATES TO RESTART FILE AT STEP 140000
FINISHED WRITING RESTART COORDINATES
WRITING VELOCITIES TO RESTART FILE AT STEP 140000
FINISHED WRITING RESTART VELOCITIES
TIMING: 145000  CPU: 209.761, 0.00114392/step  Wall: 211.104, 0.00115347/step, 149.809 ns/days, 0.113745 hours remaining, 0.000000 MB of memory in use.
PERFORMANCE: 145000  averaging 118.718 ns/day, 0.00145555 sec/step with standard deviation 0.000491327
ENERGY:  145000       439.7576      1088.5763      1137.1846        76.5315        -114028.8792      9745.4271         0.0000         0.0000     18461.5878         -83079.8143       300.1274   -101541.4021    -82839.5331       302.8216            -66.9678       -60.3203    301081.2634       -43.6448       -42.3667

WRITING EXTENDED SYSTEM TO RESTART FILE AT STEP 145000
WRITING COORDINATES TO RESTART FILE AT STEP 145000
FINISHED WRITING RESTART COORDINATES
WRITING VELOCITIES TO RESTART FILE AT STEP 145000
FINISHED WRITING RESTART VELOCITIES
TIMING: 150000  CPU: 215.512, 0.00115017/step  Wall: 216.921, 0.00116345/step, 148.523 ns/days, 0.113114 hours remaining, 0.000000 MB of memory in use.
PERFORMANCE: 150000  averaging 119.517 ns/day, 0.00144582 sec/step with standard deviation 0.000485718
ETITLE:      TS           BOND          ANGLE          DIHED          IMPRP               ELECT            VDW       BOUNDARY           MISC        KINETIC               TOTAL           TEMP      POTENTIAL       TOTALAVG        TEMPAVG            PRESSURE      GPRESSURE         VOLUME       PRESSAVG      GPRESSAVG

ENERGY:  150000       454.3964      1192.1668      1133.6438        69.4146        -114281.4637      9915.7490         0.0000         0.0000     18614.8059         -82901.2870       302.6182   -101516.0929    -82851.1139       302.6884            125.8199       123.1563    301455.2307        -5.8179        -4.6351

WRITING EXTENDED SYSTEM TO RESTART FILE AT STEP 150000
WRITING COORDINATES TO RESTART FILE AT STEP 150000
FINISHED WRITING RESTART COORDINATES
WRITING VELOCITIES TO RESTART FILE AT STEP 150000
FINISHED WRITING RESTART VELOCITIES
TIMING: 155000  CPU: 221.225, 0.00114269/step  Wall: 222.69, 0.00115393/step, 149.748 ns/days, 0.110585 hours remaining, 0.000000 MB of memory in use.
PERFORMANCE: 155000  averaging 120.301 ns/day, 0.0014364 sec/step with standard deviation 0.000480423
ENERGY:  155000       459.2967      1130.6186      1133.0127        77.1449        -113942.5645      9592.3452         0.0000         0.0000     18639.9110         -82910.2354       303.0264   -101550.1465    -82857.8058       302.6738           -219.4496      -219.4555    300835.2127       -18.6823       -17.6045

WRITING EXTENDED SYSTEM TO RESTART FILE AT STEP 155000
WRITING COORDINATES TO RESTART FILE AT STEP 155000
FINISHED WRITING RESTART COORDINATES
WRITING VELOCITIES TO RESTART FILE AT STEP 155000
FINISHED WRITING RESTART VELOCITIES
TIMING: 160000  CPU: 226.957, 0.00114627/step  Wall: 228.463, 0.00115444/step, 149.683 ns/days, 0.109031 hours remaining, 0.000000 MB of memory in use.
PERFORMANCE: 160000  averaging 121.043 ns/day, 0.00142759 sec/step with standard deviation 0.000475232
ENERGY:  160000       424.1678      1129.5752      1111.9154        70.7864        -113525.8946      9521.1930         0.0000         0.0000     18768.2004         -82500.0564       305.1120   -101268.2568    -82846.2983       302.7878           -197.0877      -197.7404    302295.6739       -22.4218       -21.6331

WRITING EXTENDED SYSTEM TO RESTART FILE AT STEP 160000
WRITING COORDINATES TO RESTART FILE AT STEP 160000
FINISHED WRITING RESTART COORDINATES
WRITING VELOCITIES TO RESTART FILE AT STEP 160000
FINISHED WRITING RESTART VELOCITIES
TIMING: 165000  CPU: 232.703, 0.00114923/step  Wall: 234.276, 0.00116258/step, 148.635 ns/days, 0.108185 hours remaining, 0.000000 MB of memory in use.
PERFORMANCE: 165000  averaging 121.728 ns/day, 0.00141956 sec/step with standard deviation 0.000470017
ENERGY:  165000       453.9782      1086.2920      1119.3371        78.1467        -114446.8682     10084.8174         0.0000         0.0000     18661.0827         -82963.2141       303.3706   -101624.2968    -82841.7490       302.7447            331.7410       335.1584    300730.6111       -10.9859        -9.9217

WRITING EXTENDED SYSTEM TO RESTART FILE AT STEP 165000
WRITING COORDINATES TO RESTART FILE AT STEP 165000
FINISHED WRITING RESTART COORDINATES
WRITING VELOCITIES TO RESTART FILE AT STEP 165000
FINISHED WRITING RESTART VELOCITIES
TIMING: 170000  CPU: 243.243, 0.00210794/step  Wall: 244.896, 0.00212405/step, 81.3542 ns/days, 0.194704 hours remaining, 0.000000 MB of memory in use.
PERFORMANCE: 170000  averaging 119.977 ns/day, 0.00144028 sec/step with standard deviation 0.00047835
ENERGY:  170000       408.5754      1147.3334      1116.6127        80.3548        -114322.7193      9942.9699         0.0000         0.0000     18629.5610         -82997.3121       302.8581   -101626.8731    -82848.3082       302.6353            183.9104       185.4632    300842.7361        10.4205        11.4297

WRITING EXTENDED SYSTEM TO RESTART FILE AT STEP 170000
WRITING COORDINATES TO RESTART FILE AT STEP 170000
FINISHED WRITING RESTART COORDINATES
WRITING VELOCITIES TO RESTART FILE AT STEP 170000
FINISHED WRITING RESTART VELOCITIES
TIMING: 175000  CPU: 248.985, 0.0011484/step  Wall: 250.693, 0.00115943/step, 149.038 ns/days, 0.104671 hours remaining, 0.000000 MB of memory in use.
PERFORMANCE: 175000  averaging 120.649 ns/day, 0.00143226 sec/step with standard deviation 0.000473648
ENERGY:  175000       445.0082      1144.7640      1122.0306        84.6277        -114174.1855      9757.4763         0.0000         0.0000     18665.1794         -82955.0993       303.4372   -101620.2787    -82835.1523       302.8495            -45.4241       -37.7820    300508.8521        18.8462        20.1188

WRITING EXTENDED SYSTEM TO RESTART FILE AT STEP 175000
WRITING COORDINATES TO RESTART FILE AT STEP 175000
FINISHED WRITING RESTART COORDINATES
WRITING VELOCITIES TO RESTART FILE AT STEP 175000
FINISHED WRITING RESTART VELOCITIES
TIMING: 180000  CPU: 254.743, 0.00115165/step  Wall: 256.501, 0.00116161/step, 148.759 ns/days, 0.103254 hours remaining, 0.000000 MB of memory in use.
PERFORMANCE: 180000  averaging 121.285 ns/day, 0.00142474 sec/step with standard deviation 0.000469007
ENERGY:  180000       412.9825      1094.2274      1123.5867        69.6106        -113971.7798      9720.8738         0.0000         0.0000     18573.5302         -82976.9686       301.9472   -101550.4988    -82826.6977       302.8459            -80.9300       -77.9714    300885.4272        -2.1295        -0.8077

WRITING EXTENDED SYSTEM TO RESTART FILE AT STEP 180000
WRITING COORDINATES TO RESTART FILE AT STEP 180000
FINISHED WRITING RESTART COORDINATES
WRITING VELOCITIES TO RESTART FILE AT STEP 180000
FINISHED WRITING RESTART VELOCITIES
TIMING: 185000  CPU: 260.441, 0.00113961/step  Wall: 262.261, 0.00115189/step, 150.015 ns/days, 0.10079 hours remaining, 0.000000 MB of memory in use.
PERFORMANCE: 185000  averaging 121.916 ns/day, 0.00141736 sec/step with standard deviation 0.000464617
ENERGY:  185000       425.0391      1155.6272      1117.9930        79.9143        -114165.1952      9867.2856         0.0000         0.0000     18605.0920         -82914.2441       302.4603   -101519.3361    -82833.0096       302.8702             54.0003        51.7452    301286.9970         7.1261         8.1277

WRITING EXTENDED SYSTEM TO RESTART FILE AT STEP 185000
WRITING COORDINATES TO RESTART FILE AT STEP 185000
FINISHED WRITING RESTART COORDINATES
WRITING VELOCITIES TO RESTART FILE AT STEP 185000
FINISHED WRITING RESTART VELOCITIES
TIMING: 190000  CPU: 266.137, 0.00113913/step  Wall: 268.026, 0.00115304/step, 149.864 ns/days, 0.0992898 hours remaining, 0.000000 MB of memory in use.
PERFORMANCE: 190000  averaging 122.518 ns/day, 0.00141041 sec/step with standard deviation 0.000460297
ENERGY:  190000       457.1249      1086.4178      1136.9181        71.4950        -113881.8890      9719.6565         0.0000         0.0000     18612.9933         -82797.2835       302.5888   -101410.2768    -82821.6712       303.0220            -41.1298       -38.6922    301233.0627         5.8466         6.9025

WRITING EXTENDED SYSTEM TO RESTART FILE AT STEP 190000
WRITING COORDINATES TO RESTART FILE AT STEP 190000
FINISHED WRITING RESTART COORDINATES
WRITING VELOCITIES TO RESTART FILE AT STEP 190000
FINISHED WRITING RESTART VELOCITIES
TIMING: 195000  CPU: 271.87, 0.00114664/step  Wall: 273.823, 0.00115947/step, 149.034 ns/days, 0.0982326 hours remaining, 0.000000 MB of memory in use.
PERFORMANCE: 195000  averaging 123.079 ns/day, 0.00140397 sec/step with standard deviation 0.000455974
ENERGY:  195000       459.3246      1099.2473      1126.7062        72.8417        -114039.3164      9771.5543         0.0000         0.0000     18547.6003         -82962.0420       301.5257   -101509.6422    -82826.1097       302.9063            -88.7374       -87.6830    299713.1396        -5.8584        -4.7752

WRITING EXTENDED SYSTEM TO RESTART FILE AT STEP 195000
WRITING COORDINATES TO RESTART FILE AT STEP 195000
FINISHED WRITING RESTART COORDINATES
WRITING VELOCITIES TO RESTART FILE AT STEP 195000
FINISHED WRITING RESTART VELOCITIES
TIMING: 200000  CPU: 277.556, 0.00113723/step  Wall: 279.587, 0.00115274/step, 149.904 ns/days, 0.0960618 hours remaining, 0.000000 MB of memory in use.
PERFORMANCE: 200000  averaging 123.632 ns/day, 0.00139769 sec/step with standard deviation 0.00045184
ETITLE:      TS           BOND          ANGLE          DIHED          IMPRP               ELECT            VDW       BOUNDARY           MISC        KINETIC               TOTAL           TEMP      POTENTIAL       TOTALAVG        TEMPAVG            PRESSURE      GPRESSURE         VOLUME       PRESSAVG      GPRESSAVG

ENERGY:  200000       436.7752      1100.6164      1089.5771        75.4017        -113790.5082      9650.2341         0.0000         0.0000     18597.4225         -82840.4812       302.3356   -101437.9037    -82828.1473       302.9831             22.6294        21.2731    300260.3967        -4.9899        -4.0105

WRITING EXTENDED SYSTEM TO RESTART FILE AT STEP 200000
WRITING COORDINATES TO RESTART FILE AT STEP 200000
FINISHED WRITING RESTART COORDINATES
WRITING VELOCITIES TO RESTART FILE AT STEP 200000
FINISHED WRITING RESTART VELOCITIES
TIMING: 205000  CPU: 283.333, 0.0011555/step  Wall: 285.41, 0.00116472/step, 148.362 ns/days, 0.0954425 hours remaining, 0.000000 MB of memory in use.
PERFORMANCE: 205000  averaging 124.137 ns/day, 0.00139201 sec/step with standard deviation 0.000447637
ENERGY:  205000       402.5679      1114.5426      1143.4623        65.4491        -113940.0357      9564.6130         0.0000         0.0000     18423.7797         -83225.6210       299.5128   -101649.4007    -82832.9772       302.9352           -307.3391      -311.6214    301578.9685        -4.3912        -3.6979

WRITING EXTENDED SYSTEM TO RESTART FILE AT STEP 205000
WRITING COORDINATES TO RESTART FILE AT STEP 205000
FINISHED WRITING RESTART COORDINATES
WRITING VELOCITIES TO RESTART FILE AT STEP 205000
FINISHED WRITING RESTART VELOCITIES
TIMING: 210000  CPU: 289.026, 0.0011386/step  Wall: 291.174, 0.00115264/step, 149.916 ns/days, 0.0928518 hours remaining, 0.000000 MB of memory in use.
PERFORMANCE: 210000  averaging 124.647 ns/day, 0.00138631 sec/step with standard deviation 0.000443685
ENERGY:  210000       430.0167      1085.0974      1126.4889        67.3850        -113816.1167      9447.8793         0.0000         0.0000     18623.7381         -83035.5112       302.7635   -101659.2493    -82855.2616       302.8592           -267.0700      -266.0940    299898.5906       -19.9602       -19.1309

WRITING EXTENDED SYSTEM TO RESTART FILE AT STEP 210000
WRITING COORDINATES TO RESTART FILE AT STEP 210000
FINISHED WRITING RESTART COORDINATES
WRITING VELOCITIES TO RESTART FILE AT STEP 210000
FINISHED WRITING RESTART VELOCITIES
TIMING: 215000  CPU: 296.036, 0.00140192/step  Wall: 298.245, 0.00141434/step, 122.177 ns/days, 0.111969 hours remaining, 0.000000 MB of memory in use.
PERFORMANCE: 215000  averaging 124.589 ns/day, 0.00138696 sec/step with standard deviation 0.000438392
ENERGY:  215000       426.9150      1114.6517      1128.2526        76.8420        -113951.7586      9669.6879         0.0000         0.0000     18598.1325         -82937.2769       302.3472   -101535.4094    -82873.4304       302.8232           -158.9045      -164.1286    301639.2575       -27.8844       -27.5356

WRITING EXTENDED SYSTEM TO RESTART FILE AT STEP 215000
WRITING COORDINATES TO RESTART FILE AT STEP 215000
FINISHED WRITING RESTART COORDINATES
WRITING VELOCITIES TO RESTART FILE AT STEP 215000
FINISHED WRITING RESTART VELOCITIES
TIMING: 220000  CPU: 301.743, 0.00114142/step  Wall: 303.993, 0.00114948/step, 150.328 ns/days, 0.0894043 hours remaining, 0.000000 MB of memory in use.
PERFORMANCE: 220000  averaging 125.075 ns/day, 0.00138157 sec/step with standard deviation 0.000434741
ENERGY:  220000       432.1907      1139.8855      1122.8833        87.3010        -113846.3695      9829.1334         0.0000         0.0000     18596.5663         -82638.4092       302.3217   -101234.9756    -82875.5449       302.6258             96.8544        99.0242    299963.3836       -24.6063       -24.0370

WRITING EXTENDED SYSTEM TO RESTART FILE AT STEP 220000
WRITING COORDINATES TO RESTART FILE AT STEP 220000
FINISHED WRITING RESTART COORDINATES
WRITING VELOCITIES TO RESTART FILE AT STEP 220000
FINISHED WRITING RESTART VELOCITIES
TIMING: 225000  CPU: 307.448, 0.00114095/step  Wall: 309.779, 0.00115728/step, 149.316 ns/days, 0.0884034 hours remaining, 0.000000 MB of memory in use.
PERFORMANCE: 225000  averaging 125.528 ns/day, 0.00137658 sec/step with standard deviation 0.000431071
ENERGY:  225000       449.6857      1140.4937      1103.3575        74.5486        -114288.2584      9755.9548         0.0000         0.0000     18813.8161         -82950.4021       305.8535   -101764.2182    -82892.0745       302.7157            -84.0440       -78.1777    299508.2848       -33.8178       -33.0798

WRITING EXTENDED SYSTEM TO RESTART FILE AT STEP 225000
WRITING COORDINATES TO RESTART FILE AT STEP 225000
FINISHED WRITING RESTART COORDINATES
WRITING VELOCITIES TO RESTART FILE AT STEP 225000
FINISHED WRITING RESTART VELOCITIES
TIMING: 230000  CPU: 313.152, 0.00114083/step  Wall: 315.537, 0.00115154/step, 150.06 ns/days, 0.0863653 hours remaining, 0.000000 MB of memory in use.
PERFORMANCE: 230000  averaging 125.976 ns/day, 0.00137169 sec/step with standard deviation 0.000427544
ENERGY:  230000       401.4882      1113.5647      1113.9365        80.7947        -114261.3757      9943.8004         0.0000         0.0000     18663.3338         -82944.4575       303.4072   -101607.7912    -82904.3188       302.6819            249.7459       250.3027    301012.3731       -25.2233       -24.1095

WRITING EXTENDED SYSTEM TO RESTART FILE AT STEP 230000
WRITING COORDINATES TO RESTART FILE AT STEP 230000
FINISHED WRITING RESTART COORDINATES
WRITING VELOCITIES TO RESTART FILE AT STEP 230000
FINISHED WRITING RESTART VELOCITIES
TIMING: 235000  CPU: 318.857, 0.00114101/step  Wall: 321.323, 0.00115727/step, 149.317 ns/days, 0.0851878 hours remaining, 0.000000 MB of memory in use.
PERFORMANCE: 235000  averaging 126.396 ns/day, 0.00136713 sec/step with standard deviation 0.000424026
ENERGY:  235000       394.3016      1103.5177      1120.9351        76.5555        -114051.9761      9682.9991         0.0000         0.0000     18647.2401         -83026.4271       303.1455   -101673.6671    -82929.6422       302.5728           -157.7907      -158.7129    299893.5875       -34.8944       -33.9808

WRITING EXTENDED SYSTEM TO RESTART FILE AT STEP 235000
WRITING COORDINATES TO RESTART FILE AT STEP 235000
FINISHED WRITING RESTART COORDINATES
WRITING VELOCITIES TO RESTART FILE AT STEP 235000
FINISHED WRITING RESTART VELOCITIES
TIMING: 240000  CPU: 325.716, 0.00137171/step  Wall: 328.248, 0.00138506/step, 124.76 ns/days, 0.100032 hours remaining, 0.000000 MB of memory in use.
PERFORMANCE: 240000  averaging 126.362 ns/day, 0.0013675 sec/step with standard deviation 0.000419499
ENERGY:  240000       426.2954      1099.3228      1103.9645        57.4705        -114072.7942      9883.9150         0.0000         0.0000     18515.9472         -82985.8789       301.0111   -101501.8261    -82927.1011       302.5885             75.7721        76.0492    302018.7919       -28.7201       -27.8103

WRITING EXTENDED SYSTEM TO RESTART FILE AT STEP 240000
WRITING COORDINATES TO RESTART FILE AT STEP 240000
FINISHED WRITING RESTART COORDINATES
WRITING VELOCITIES TO RESTART FILE AT STEP 240000
FINISHED WRITING RESTART VELOCITIES
TIMING: 245000  CPU: 331.444, 0.00114562/step  Wall: 334.018, 0.00115394/step, 149.748 ns/days, 0.0817371 hours remaining, 0.000000 MB of memory in use.
PERFORMANCE: 245000  averaging 126.766 ns/day, 0.00136314 sec/step with standard deviation 0.000416226
ENERGY:  245000       416.2468      1094.8180      1118.1278        78.0055        -114240.9529      9857.0033         0.0000         0.0000     18700.2758         -82976.4757       304.0077   -101676.7515    -82921.9342       302.7825            -56.2288       -55.3013    301315.9650       -28.1831       -27.5594

WRITING EXTENDED SYSTEM TO RESTART FILE AT STEP 245000
WRITING COORDINATES TO RESTART FILE AT STEP 245000
FINISHED WRITING RESTART COORDINATES
WRITING VELOCITIES TO RESTART FILE AT STEP 245000
FINISHED WRITING RESTART VELOCITIES
TIMING: 250000  CPU: 337.123, 0.00113581/step  Wall: 339.774, 0.00115117/step, 150.108 ns/days, 0.0799422 hours remaining, 0.000000 MB of memory in use.
PERFORMANCE: 250000  averaging 127.161 ns/day, 0.0013589 sec/step with standard deviation 0.000413046
ETITLE:      TS           BOND          ANGLE          DIHED          IMPRP               ELECT            VDW       BOUNDARY           MISC        KINETIC               TOTAL           TEMP      POTENTIAL       TOTALAVG        TEMPAVG            PRESSURE      GPRESSURE         VOLUME       PRESSAVG      GPRESSAVG

ENERGY:  250000       442.5887      1112.3427      1131.1311        74.9433        -114421.5863      9888.3744         0.0000         0.0000     18475.5837         -83296.6224       300.3549   -101772.2061    -82941.7009       302.6693           -163.7303      -159.7528    302073.3932       -42.6606       -41.7049

WRITING EXTENDED SYSTEM TO RESTART FILE AT STEP 250000
WRITING COORDINATES TO RESTART FILE AT STEP 250000
FINISHED WRITING RESTART COORDINATES
WRITING VELOCITIES TO RESTART FILE AT STEP 250000
FINISHED WRITING RESTART VELOCITIES
TIMING: 255000  CPU: 348.439, 0.00226321/step  Wall: 351.174, 0.00227992/step, 75.792 ns/days, 0.155161 hours remaining, 0.000000 MB of memory in use.
PERFORMANCE: 255000  averaging 125.494 ns/day, 0.00137696 sec/step with standard deviation 0.000428751
ENERGY:  255000       436.4935      1123.9805      1110.3581        65.3224        -113944.4515      9647.4499         0.0000         0.0000     18636.4615         -82924.3855       302.9703   -101560.8471    -82942.4084       302.6665             -0.3682        -2.3297    300221.4149       -31.7066       -30.8486

WRITING EXTENDED SYSTEM TO RESTART FILE AT STEP 255000
WRITING COORDINATES TO RESTART FILE AT STEP 255000
FINISHED WRITING RESTART COORDINATES
WRITING VELOCITIES TO RESTART FILE AT STEP 255000
FINISHED WRITING RESTART VELOCITIES
TIMING: 260000  CPU: 355.76, 0.00146419/step  Wall: 358.579, 0.00148113/step, 116.668 ns/days, 0.098742 hours remaining, 0.000000 MB of memory in use.
PERFORMANCE: 260000  averaging 125.311 ns/day, 0.00137897 sec/step with standard deviation 0.000424773
ENERGY:  260000       448.9993      1118.5058      1123.7010        67.1425        -114325.6447      9935.8823         0.0000         0.0000     18430.9449         -83200.4690       299.6292   -101631.4138    -82977.4291       302.3924             66.2961        64.0349    300505.3261       -18.5374       -17.7598

WRITING EXTENDED SYSTEM TO RESTART FILE AT STEP 260000
WRITING COORDINATES TO RESTART FILE AT STEP 260000
FINISHED WRITING RESTART COORDINATES
WRITING VELOCITIES TO RESTART FILE AT STEP 260000
FINISHED WRITING RESTART VELOCITIES
TIMING: 265000  CPU: 367.809, 0.00240986/step  Wall: 370.731, 0.00243042/step, 71.0989 ns/days, 0.158652 hours remaining, 0.000000 MB of memory in use.
PERFORMANCE: 265000  averaging 123.534 ns/day, 0.0013988 sec/step with standard deviation 0.000444771
ENERGY:  265000       399.7555      1121.3067      1147.2524        74.3071        -113888.5773      9691.4239         0.0000         0.0000     18656.1865         -82798.3451       303.2910   -101454.5317    -82969.1856       302.3884            -29.0572       -31.6490    301128.9620       -36.5773       -36.1002

WRITING EXTENDED SYSTEM TO RESTART FILE AT STEP 265000
WRITING COORDINATES TO RESTART FILE AT STEP 265000
FINISHED WRITING RESTART COORDINATES
WRITING VELOCITIES TO RESTART FILE AT STEP 265000
FINISHED WRITING RESTART VELOCITIES
TIMING: 270000  CPU: 373.555, 0.00114924/step  Wall: 376.534, 0.00116063/step, 148.885 ns/days, 0.0741512 hours remaining, 0.000000 MB of memory in use.
PERFORMANCE: 270000  averaging 123.925 ns/day, 0.00139439 sec/step with standard deviation 0.000441746
ENERGY:  270000       438.0984      1086.1315      1119.5442        71.3346        -114136.7092      9757.0492         0.0000         0.0000     18593.3198         -83071.2315       302.2689   -101664.5513    -82972.8816       302.3590            -55.6291       -55.2396    300281.4616       -48.5543       -48.1353

WRITING EXTENDED SYSTEM TO RESTART FILE AT STEP 270000
WRITING COORDINATES TO RESTART FILE AT STEP 270000
FINISHED WRITING RESTART COORDINATES
WRITING VELOCITIES TO RESTART FILE AT STEP 270000
FINISHED WRITING RESTART VELOCITIES
TIMING: 275000  CPU: 379.331, 0.00115503/step  Wall: 382.404, 0.00117396/step, 147.194 ns/days, 0.0733724 hours remaining, 0.000000 MB of memory in use.
PERFORMANCE: 275000  averaging 124.282 ns/day, 0.00139039 sec/step with standard deviation 0.000438645
ENERGY:  275000       455.5665      1091.9250      1105.1805        74.5060        -114234.4093      9686.2946         0.0000         0.0000     18733.2772         -83087.6597       304.5442   -101820.9369    -82979.5096       302.4143           -125.6942      -122.4524    300050.8396       -52.5678       -52.3688

WRITING EXTENDED SYSTEM TO RESTART FILE AT STEP 275000
WRITING COORDINATES TO RESTART FILE AT STEP 275000
FINISHED WRITING RESTART COORDINATES
WRITING VELOCITIES TO RESTART FILE AT STEP 275000
FINISHED WRITING RESTART VELOCITIES
TIMING: 280000  CPU: 385.05, 0.00114394/step  Wall: 388.175, 0.00115405/step, 149.734 ns/days, 0.0705252 hours remaining, 0.000000 MB of memory in use.
PERFORMANCE: 280000  averaging 124.66 ns/day, 0.00138617 sec/step with standard deviation 0.000435785
ENERGY:  280000       425.0263      1186.1864      1140.8105        78.6954        -114131.6483      9681.2370         0.0000         0.0000     18534.7085         -83084.9842       301.3161   -101619.6927    -82984.9104       302.3828           -140.1758      -139.1112    301327.8556       -55.5301       -55.4258

WRITING EXTENDED SYSTEM TO RESTART FILE AT STEP 280000
WRITING COORDINATES TO RESTART FILE AT STEP 280000
FINISHED WRITING RESTART COORDINATES
WRITING VELOCITIES TO RESTART FILE AT STEP 280000
FINISHED WRITING RESTART VELOCITIES
TIMING: 285000  CPU: 390.787, 0.00114734/step  Wall: 393.953, 0.00115575/step, 149.514 ns/days, 0.0690238 hours remaining, 0.000000 MB of memory in use.
PERFORMANCE: 285000  averaging 125.025 ns/day, 0.00138212 sec/step with standard deviation 0.000432953
ENERGY:  285000       441.2088      1161.1272      1114.1069        69.0241        -113697.1469      9612.0799         0.0000         0.0000     18641.2056         -82658.3944       303.0474   -101299.6000    -82972.1179       302.4121           -107.1400      -107.2506    300949.9071       -63.5871       -63.3756

WRITING EXTENDED SYSTEM TO RESTART FILE AT STEP 285000
WRITING COORDINATES TO RESTART FILE AT STEP 285000
FINISHED WRITING RESTART COORDINATES
WRITING VELOCITIES TO RESTART FILE AT STEP 285000
FINISHED WRITING RESTART VELOCITIES
TIMING: 290000  CPU: 396.515, 0.0011456/step  Wall: 399.742, 0.00115777/step, 149.252 ns/days, 0.0675368 hours remaining, 0.000000 MB of memory in use.
PERFORMANCE: 290000  averaging 125.376 ns/day, 0.00137826 sec/step with standard deviation 0.000430149
ENERGY:  290000       427.2239      1163.2492      1133.2584        64.6080        -114046.0357      9810.5458         0.0000         0.0000     18591.3263         -82855.8240       302.2365   -101447.1503    -82975.0449       302.3945             80.7023        81.4394    300224.9490       -57.4955       -57.3690

WRITING EXTENDED SYSTEM TO RESTART FILE AT STEP 290000
WRITING COORDINATES TO RESTART FILE AT STEP 290000
FINISHED WRITING RESTART COORDINATES
WRITING VELOCITIES TO RESTART FILE AT STEP 290000
FINISHED WRITING RESTART VELOCITIES
TIMING: 295000  CPU: 402.251, 0.00114719/step  Wall: 405.521, 0.00115571/step, 149.519 ns/days, 0.065811 hours remaining, 0.000000 MB of memory in use.
PERFORMANCE: 295000  averaging 125.72 ns/day, 0.00137448 sec/step with standard deviation 0.000427407
ENERGY:  295000       398.7469      1118.7446      1128.8082        71.8424        -113973.7308      9564.0223         0.0000         0.0000     18474.7345         -83216.8317       300.3411   -101691.5663    -82987.7844       302.3353           -103.7281      -102.1330    299487.0834       -58.2450       -58.0915

WRITING EXTENDED SYSTEM TO RESTART FILE AT STEP 295000
WRITING COORDINATES TO RESTART FILE AT STEP 295000
FINISHED WRITING RESTART COORDINATES
WRITING VELOCITIES TO RESTART FILE AT STEP 295000
FINISHED WRITING RESTART VELOCITIES
TIMING: 300000  CPU: 407.962, 0.00114228/step  Wall: 411.293, 0.00115448/step, 149.678 ns/days, 0.0641378 hours remaining, 0.000000 MB of memory in use.
PERFORMANCE: 300000  averaging 126.056 ns/day, 0.00137082 sec/step with standard deviation 0.000424721
ETITLE:      TS           BOND          ANGLE          DIHED          IMPRP               ELECT            VDW       BOUNDARY           MISC        KINETIC               TOTAL           TEMP      POTENTIAL       TOTALAVG        TEMPAVG            PRESSURE      GPRESSURE         VOLUME       PRESSAVG      GPRESSAVG

ENERGY:  300000       426.5859      1110.2344      1149.1219        68.5579        -114288.5121      9773.5927         0.0000         0.0000     18611.7636         -83148.6558       302.5688   -101760.4194    -83003.1931       302.3469            -59.5048       -62.5609    299873.4460       -62.3517       -62.2832

WRITING EXTENDED SYSTEM TO RESTART FILE AT STEP 300000
WRITING COORDINATES TO RESTART FILE AT STEP 300000
FINISHED WRITING RESTART COORDINATES
WRITING VELOCITIES TO RESTART FILE AT STEP 300000
FINISHED WRITING RESTART VELOCITIES
TIMING: 305000  CPU: 413.693, 0.00114612/step  Wall: 417.069, 0.00115512/step, 149.595 ns/days, 0.0625691 hours remaining, 0.000000 MB of memory in use.
PERFORMANCE: 305000  averaging 126.382 ns/day, 0.00136728 sec/step with standard deviation 0.000422071
ENERGY:  305000       442.0658      1092.4044      1124.4179        70.3459        -114271.3203      9873.3213         0.0000         0.0000     18432.3523         -83236.4127       299.6521   -101668.7650    -83003.7327       302.3539            132.1934       129.5940    300003.0332       -40.3751       -40.2225

WRITING EXTENDED SYSTEM TO RESTART FILE AT STEP 305000
WRITING COORDINATES TO RESTART FILE AT STEP 305000
FINISHED WRITING RESTART COORDINATES
WRITING VELOCITIES TO RESTART FILE AT STEP 305000
FINISHED WRITING RESTART VELOCITIES
TIMING: 310000  CPU: 419.387, 0.0011388/step  Wall: 422.829, 0.00115214/step, 149.981 ns/days, 0.0608075 hours remaining, 0.000000 MB of memory in use.
PERFORMANCE: 310000  averaging 126.704 ns/day, 0.00136381 sec/step with standard deviation 0.000419488
ENERGY:  310000       409.7806      1086.6146      1134.9643        74.9885        -114197.1123      9819.0000         0.0000         0.0000     18479.7659         -83191.9983       300.4229   -101671.7643    -83011.5571       302.2369            -79.1093       -79.8492    301087.2909       -30.9770       -30.9102

WRITING EXTENDED SYSTEM TO RESTART FILE AT STEP 310000
WRITING COORDINATES TO RESTART FILE AT STEP 310000
FINISHED WRITING RESTART COORDINATES
WRITING VELOCITIES TO RESTART FILE AT STEP 310000
FINISHED WRITING RESTART VELOCITIES
TIMING: 315000  CPU: 425.13, 0.00114859/step  Wall: 428.634, 0.00116096/step, 148.842 ns/days, 0.0596605 hours remaining, 0.000000 MB of memory in use.
PERFORMANCE: 315000  averaging 127.004 ns/day, 0.00136059 sec/step with standard deviation 0.000416875
ENERGY:  315000       440.9215      1109.3322      1122.3881        74.8780        -113690.6994      9765.6800         0.0000         0.0000     18654.5609         -82522.9385       303.2645   -101177.4994    -82990.8402       302.2827            179.1225       178.8457    300632.5343       -14.0757       -13.7615

WRITING EXTENDED SYSTEM TO RESTART FILE AT STEP 315000
WRITING COORDINATES TO RESTART FILE AT STEP 315000
FINISHED WRITING RESTART COORDINATES
WRITING VELOCITIES TO RESTART FILE AT STEP 315000
FINISHED WRITING RESTART VELOCITIES
TIMING: 320000  CPU: 430.883, 0.00115069/step  Wall: 434.435, 0.00116007/step, 148.957 ns/days, 0.0580035 hours remaining, 0.000000 MB of memory in use.
PERFORMANCE: 320000  averaging 127.297 ns/day, 0.00135746 sec/step with standard deviation 0.000414312
ENERGY:  320000       427.1788      1068.5939      1113.4385        63.3455        -114192.6991      9920.0011         0.0000         0.0000     18589.9185         -83010.2228       302.2137   -101600.1413    -83009.4308       302.2773            105.7057       100.3672    300049.2178       -13.6331       -13.6944

WRITING EXTENDED SYSTEM TO RESTART FILE AT STEP 320000
WRITING COORDINATES TO RESTART FILE AT STEP 320000
FINISHED WRITING RESTART COORDINATES
WRITING VELOCITIES TO RESTART FILE AT STEP 320000
FINISHED WRITING RESTART VELOCITIES
TIMING: 325000  CPU: 436.616, 0.00114665/step  Wall: 440.222, 0.00115756/step, 149.28 ns/days, 0.0562701 hours remaining, 0.000000 MB of memory in use.
PERFORMANCE: 325000  averaging 127.586 ns/day, 0.00135438 sec/step with standard deviation 0.00041181
ENERGY:  325000       423.6088      1147.9051      1148.0658        71.3215        -113862.3492      9607.6734         0.0000         0.0000     18741.2870         -82722.4877       304.6744   -101463.7747    -82998.0351       302.2184            -24.7274       -26.2518    300898.8725       -10.6673       -11.0981

WRITING EXTENDED SYSTEM TO RESTART FILE AT STEP 325000
WRITING COORDINATES TO RESTART FILE AT STEP 325000
FINISHED WRITING RESTART COORDINATES
WRITING VELOCITIES TO RESTART FILE AT STEP 325000
FINISHED WRITING RESTART VELOCITIES
TIMING: 330000  CPU: 442.326, 0.00114196/step  Wall: 446.012, 0.00115787/step, 149.239 ns/days, 0.0546773 hours remaining, 0.000000 MB of memory in use.
PERFORMANCE: 330000  averaging 127.867 ns/day, 0.0013514 sec/step with standard deviation 0.000409345
ENERGY:  330000       436.4022      1091.2040      1120.5579        77.3594        -113553.9130      9518.3560         0.0000         0.0000     18566.7377         -82743.2958       301.8368   -101310.0335    -82987.9770       302.1399           -284.4281      -282.1913    301504.8418       -37.3760       -37.7228

WRITING EXTENDED SYSTEM TO RESTART FILE AT STEP 330000
WRITING COORDINATES TO RESTART FILE AT STEP 330000
FINISHED WRITING RESTART COORDINATES
WRITING VELOCITIES TO RESTART FILE AT STEP 330000
FINISHED WRITING RESTART VELOCITIES
TIMING: 335000  CPU: 448.055, 0.00114573/step  Wall: 451.768, 0.00115128/step, 150.094 ns/days, 0.0527671 hours remaining, 0.000000 MB of memory in use.
PERFORMANCE: 335000  averaging 128.15 ns/day, 0.00134842 sec/step with standard deviation 0.000406967
ENERGY:  335000       442.2872      1117.4395      1112.2694        75.7912        -114120.4338      9806.3382         0.0000         0.0000     18441.9839         -83124.3243       299.8087   -101566.3082    -82992.8719       301.9730           -104.2158      -103.4448    300515.5550       -34.6973       -34.9594

WRITING EXTENDED SYSTEM TO RESTART FILE AT STEP 335000
WRITING COORDINATES TO RESTART FILE AT STEP 335000
FINISHED WRITING RESTART COORDINATES
WRITING VELOCITIES TO RESTART FILE AT STEP 335000
FINISHED WRITING RESTART VELOCITIES
TIMING: 340000  CPU: 453.798, 0.00114866/step  Wall: 457.55, 0.00115634/step, 149.437 ns/days, 0.0513929 hours remaining, 0.000000 MB of memory in use.
PERFORMANCE: 340000  averaging 128.419 ns/day, 0.00134559 sec/step with standard deviation 0.00040459
ENERGY:  340000       406.2974      1091.5980      1104.1611        64.6032        -114295.0499      9839.7504         0.0000         0.0000     18753.4771         -83035.1627       304.8726   -101788.6398    -82995.3361       302.1661            -86.4099       -84.8602    301251.5686       -42.8063       -43.0048

WRITING EXTENDED SYSTEM TO RESTART FILE AT STEP 340000
WRITING COORDINATES TO RESTART FILE AT STEP 340000
FINISHED WRITING RESTART COORDINATES
WRITING VELOCITIES TO RESTART FILE AT STEP 340000
FINISHED WRITING RESTART VELOCITIES
TIMING: 345000  CPU: 461.714, 0.00158315/step  Wall: 470.557, 0.00260153/step, 66.4225 ns/days, 0.11201 hours remaining, 0.000000 MB of memory in use.
PERFORMANCE: 345000  averaging 126.705 ns/day, 0.0013638 sec/step with standard deviation 0.000429122
ENERGY:  345000       425.7039      1131.2821      1124.6858        69.3538        -113953.9019      9874.7935         0.0000         0.0000     18719.2802         -82608.8025       304.3167   -101328.0827    -82976.9524       302.1816            224.1263       226.5522    301407.2582       -28.7886       -28.9122

WRITING EXTENDED SYSTEM TO RESTART FILE AT STEP 345000
WRITING COORDINATES TO RESTART FILE AT STEP 345000
FINISHED WRITING RESTART COORDINATES
WRITING VELOCITIES TO RESTART FILE AT STEP 345000
FINISHED WRITING RESTART VELOCITIES
TIMING: 350000  CPU: 468.272, 0.00131165/step  Wall: 477.153, 0.00131915/step, 130.994 ns/days, 0.0549645 hours remaining, 0.000000 MB of memory in use.
PERFORMANCE: 350000  averaging 126.765 ns/day, 0.00136316 sec/step with standard deviation 0.000426035
ETITLE:      TS           BOND          ANGLE          DIHED          IMPRP               ELECT            VDW       BOUNDARY           MISC        KINETIC               TOTAL           TEMP      POTENTIAL       TOTALAVG        TEMPAVG            PRESSURE      GPRESSURE         VOLUME       PRESSAVG      GPRESSAVG

ENERGY:  350000       414.2022      1145.8692      1130.8387        73.9163        -114380.9368      9950.0632         0.0000         0.0000     18611.0881         -83054.9590       302.5578   -101666.0471    -82964.8693       302.2917             77.2667        81.2830    300964.8772       -16.7387       -16.8604

WRITING EXTENDED SYSTEM TO RESTART FILE AT STEP 350000
WRITING COORDINATES TO RESTART FILE AT STEP 350000
FINISHED WRITING RESTART COORDINATES
WRITING VELOCITIES TO RESTART FILE AT STEP 350000
FINISHED WRITING RESTART VELOCITIES
TIMING: 355000  CPU: 474.045, 0.00115459/step  Wall: 482.952, 0.00115981/step, 148.99 ns/days, 0.0467147 hours remaining, 0.000000 MB of memory in use.
PERFORMANCE: 355000  averaging 127.031 ns/day, 0.00136029 sec/step with standard deviation 0.000423669
ENERGY:  355000       444.7971      1118.5457      1122.1617        72.4223        -113975.9683      9845.6597         0.0000         0.0000     18571.6929         -82800.6889       301.9174   -101372.3818    -82958.6844       302.2390             35.1787        35.6400    301196.9772       -14.9614       -14.9619

WRITING EXTENDED SYSTEM TO RESTART FILE AT STEP 355000
WRITING COORDINATES TO RESTART FILE AT STEP 355000
FINISHED WRITING RESTART COORDINATES
WRITING VELOCITIES TO RESTART FILE AT STEP 355000
FINISHED WRITING RESTART VELOCITIES
TIMING: 360000  CPU: 479.783, 0.00114759/step  Wall: 488.731, 0.00115568/step, 149.522 ns/days, 0.0449431 hours remaining, 0.000000 MB of memory in use.
PERFORMANCE: 360000  averaging 127.297 ns/day, 0.00135745 sec/step with standard deviation 0.000421365
ENERGY:  360000       414.2689      1094.6611      1139.0192        74.3248        -113735.1500      9738.6332         0.0000         0.0000     18622.4121         -82651.8307       302.7419   -101274.2428    -82931.2525       302.3947            124.7441       131.8121    300957.5554       -12.0390       -11.5730

WRITING EXTENDED SYSTEM TO RESTART FILE AT STEP 360000
WRITING COORDINATES TO RESTART FILE AT STEP 360000
FINISHED WRITING RESTART COORDINATES
WRITING VELOCITIES TO RESTART FILE AT STEP 360000
FINISHED WRITING RESTART VELOCITIES
TIMING: 365000  CPU: 489.822, 0.00200774/step  Wall: 498.823, 0.00201838/step, 85.6133 ns/days, 0.0756892 hours remaining, 0.000000 MB of memory in use.
PERFORMANCE: 365000  averaging 126.454 ns/day, 0.00136651 sec/step with standard deviation 0.000425519
ENERGY:  365000       397.5498      1059.9773      1141.7501        77.3009        -114187.0145      9751.2011         0.0000         0.0000     18504.5639         -83254.6714       300.8261   -101759.2354    -82954.0688       302.2714            132.7836       133.8854    300775.6029        -3.9470        -3.2963

WRITING EXTENDED SYSTEM TO RESTART FILE AT STEP 365000
WRITING COORDINATES TO RESTART FILE AT STEP 365000
FINISHED WRITING RESTART COORDINATES
WRITING VELOCITIES TO RESTART FILE AT STEP 365000
FINISHED WRITING RESTART VELOCITIES
TIMING: 370000  CPU: 501.999, 0.00243536/step  Wall: 511.047, 0.00244486/step, 70.679 ns/days, 0.0882864 hours remaining, 0.000000 MB of memory in use.
PERFORMANCE: 370000  averaging 125.12 ns/day, 0.00138108 sec/step with standard deviation 0.000440795
ENERGY:  370000       437.8809      1098.8001      1113.8576        67.2243        -114303.6267      9971.7065         0.0000         0.0000     18574.1108         -83040.0465       301.9567   -101614.1572    -82952.5096       302.2558            140.2390       141.3075    299309.9726         5.8465         6.5311

WRITING EXTENDED SYSTEM TO RESTART FILE AT STEP 370000
WRITING COORDINATES TO RESTART FILE AT STEP 370000
FINISHED WRITING RESTART COORDINATES
WRITING VELOCITIES TO RESTART FILE AT STEP 370000
FINISHED WRITING RESTART VELOCITIES
TIMING: 375000  CPU: 507.773, 0.0011548/step  Wall: 516.847, 0.00116/step, 148.966 ns/days, 0.0402777 hours remaining, 0.000000 MB of memory in use.
PERFORMANCE: 375000  averaging 125.387 ns/day, 0.00137813 sec/step with standard deviation 0.00043855
ENERGY:  375000       408.8989      1157.2460      1109.1519        65.2965        -114105.8614      9686.8186         0.0000         0.0000     18687.2939         -82991.1555       303.7967   -101678.4494    -82947.6844       302.2184            109.5828       105.6644    299645.2946        17.6103        17.9369

WRITING EXTENDED SYSTEM TO RESTART FILE AT STEP 375000
WRITING COORDINATES TO RESTART FILE AT STEP 375000
FINISHED WRITING RESTART COORDINATES
WRITING VELOCITIES TO RESTART FILE AT STEP 375000
FINISHED WRITING RESTART VELOCITIES
TIMING: 380000  CPU: 513.479, 0.0011412/step  Wall: 522.588, 0.00114832/step, 150.481 ns/days, 0.0382772 hours remaining, 0.000000 MB of memory in use.
PERFORMANCE: 380000  averaging 125.663 ns/day, 0.00137511 sec/step with standard deviation 0.000436414
ENERGY:  380000       458.8434      1124.2997      1121.1130        70.5053        -113851.4325      9630.6131         0.0000         0.0000     18599.2610         -82846.7970       302.3655   -101446.0580    -82935.7750       302.2709           -180.4365      -181.1789    300020.6606        15.5973        15.8335

WRITING EXTENDED SYSTEM TO RESTART FILE AT STEP 380000
WRITING COORDINATES TO RESTART FILE AT STEP 380000
FINISHED WRITING RESTART COORDINATES
WRITING VELOCITIES TO RESTART FILE AT STEP 380000
FINISHED WRITING RESTART VELOCITIES
TIMING: 385000  CPU: 519.242, 0.00115276/step  Wall: 528.387, 0.00115975/step, 148.997 ns/days, 0.0370477 hours remaining, 0.000000 MB of memory in use.
PERFORMANCE: 385000  averaging 125.919 ns/day, 0.00137231 sec/step with standard deviation 0.000434227
ENERGY:  385000       427.6828      1083.0833      1107.9378        73.7689        -113937.8330      9834.7704         0.0000         0.0000     18705.5453         -82705.0444       304.0934   -101410.5897    -82938.1075       302.3232            -63.3501       -56.2063    302102.4628        17.7868        18.3857

WRITING EXTENDED SYSTEM TO RESTART FILE AT STEP 385000
WRITING COORDINATES TO RESTART FILE AT STEP 385000
FINISHED WRITING RESTART COORDINATES
WRITING VELOCITIES TO RESTART FILE AT STEP 385000
FINISHED WRITING RESTART VELOCITIES
TIMING: 390000  CPU: 524.984, 0.00114839/step  Wall: 534.162, 0.001155/step, 149.611 ns/days, 0.0352915 hours remaining, 0.000000 MB of memory in use.
PERFORMANCE: 390000  averaging 126.175 ns/day, 0.00136952 sec/step with standard deviation 0.000432099
ENERGY:  390000       457.2196      1105.4135      1130.0889        73.1041        -114075.3991      9720.9289         0.0000         0.0000     18766.4808         -82822.1634       305.0840   -101588.6442    -82936.4245       302.4656           -206.8290      -212.1810    301453.0146         3.4102         3.7047

WRITING EXTENDED SYSTEM TO RESTART FILE AT STEP 390000
WRITING COORDINATES TO RESTART FILE AT STEP 390000
FINISHED WRITING RESTART COORDINATES
WRITING VELOCITIES TO RESTART FILE AT STEP 390000
FINISHED WRITING RESTART VELOCITIES
TIMING: 395000  CPU: 535.396, 0.00208231/step  Wall: 544.622, 0.002092/step, 82.6003 ns/days, 0.0610168 hours remaining, 0.000000 MB of memory in use.
PERFORMANCE: 395000  averaging 125.338 ns/day, 0.00137867 sec/step with standard deviation 0.000436948
ENERGY:  395000       423.0931      1116.5527      1125.2978        87.7292        -114203.3301      9782.2550         0.0000         0.0000     18564.4316         -83103.9707       301.7993   -101668.4022    -82930.7814       302.5385            -91.3958       -91.3311    301076.3408         4.0268         4.2448

WRITING EXTENDED SYSTEM TO RESTART FILE AT STEP 395000
WRITING COORDINATES TO RESTART FILE AT STEP 395000
FINISHED WRITING RESTART COORDINATES
WRITING VELOCITIES TO RESTART FILE AT STEP 395000
FINISHED WRITING RESTART VELOCITIES
TIMING: 400000  CPU: 547.475, 0.00241576/step  Wall: 556.746, 0.00242479/step, 71.2638 ns/days, 0.0673554 hours remaining, 0.000000 MB of memory in use.
PERFORMANCE: 400000  averaging 124.161 ns/day, 0.00139174 sec/step with standard deviation 0.000449651
ETITLE:      TS           BOND          ANGLE          DIHED          IMPRP               ELECT            VDW       BOUNDARY           MISC        KINETIC               TOTAL           TEMP      POTENTIAL       TOTALAVG        TEMPAVG            PRESSURE      GPRESSURE         VOLUME       PRESSAVG      GPRESSAVG

ENERGY:  400000       398.9084      1134.6294      1112.6146        86.9101        -114645.4611     10073.1299         0.0000         0.0000     18581.9558         -83257.3128       302.0842   -101839.2686    -82936.2143       302.5143            167.9690       164.9565    300379.1496        15.4005        15.6207

WRITING EXTENDED SYSTEM TO RESTART FILE AT STEP 400000
WRITING COORDINATES TO RESTART FILE AT STEP 400000
FINISHED WRITING RESTART COORDINATES
WRITING VELOCITIES TO RESTART FILE AT STEP 400000
FINISHED WRITING RESTART VELOCITIES
TIMING: 405000  CPU: 553.203, 0.00114566/step  Wall: 562.509, 0.00115253/step, 149.931 ns/days, 0.030414 hours remaining, 0.000000 MB of memory in use.
PERFORMANCE: 405000  averaging 124.425 ns/day, 0.00138879 sec/step with standard deviation 0.000447622
ENERGY:  405000       431.3071      1110.2669      1104.3272        69.0123        -114029.6348      9670.6340         0.0000         0.0000     18717.6927         -82926.3947       304.2909   -101644.0874    -82920.7134       302.7462           -155.8407      -158.2802    300663.7302         0.9988         1.2270

WRITING EXTENDED SYSTEM TO RESTART FILE AT STEP 405000
WRITING COORDINATES TO RESTART FILE AT STEP 405000
FINISHED WRITING RESTART COORDINATES
WRITING VELOCITIES TO RESTART FILE AT STEP 405000
FINISHED WRITING RESTART VELOCITIES
TIMING: 410000  CPU: 559.135, 0.0011864/step  Wall: 568.476, 0.00119341/step, 144.795 ns/days, 0.0298353 hours remaining, 0.000000 MB of memory in use.
PERFORMANCE: 410000  averaging 124.639 ns/day, 0.00138641 sec/step with standard deviation 0.000445373
ENERGY:  410000       436.3439      1123.3615      1124.6731        75.5944        -114164.3169      9858.7794         0.0000         0.0000     18396.3300         -83149.2345       299.0665   -101545.5645    -82918.5752       302.6784           -139.3960      -141.5766    301842.9149        -2.0155        -1.8594

WRITING EXTENDED SYSTEM TO RESTART FILE AT STEP 410000
WRITING COORDINATES TO RESTART FILE AT STEP 410000
FINISHED WRITING RESTART COORDINATES
WRITING VELOCITIES TO RESTART FILE AT STEP 410000
FINISHED WRITING RESTART VELOCITIES
TIMING: 415000  CPU: 564.87, 0.00114706/step  Wall: 574.246, 0.00115413/step, 149.723 ns/days, 0.0272503 hours remaining, 0.000000 MB of memory in use.
PERFORMANCE: 415000  averaging 124.891 ns/day, 0.00138361 sec/step with standard deviation 0.000443383
ENERGY:  415000       434.3809      1126.4250      1114.4047        82.9812        -114117.8305      9804.7073         0.0000         0.0000     18523.3086         -83031.6229       301.1308   -101554.9315    -82944.0094       302.5717             67.8694        72.9791    300037.6843        -7.5782        -7.1527

WRITING EXTENDED SYSTEM TO RESTART FILE AT STEP 415000
WRITING COORDINATES TO RESTART FILE AT STEP 415000
FINISHED WRITING RESTART COORDINATES
WRITING VELOCITIES TO RESTART FILE AT STEP 415000
FINISHED WRITING RESTART VELOCITIES
TIMING: 420000  CPU: 570.594, 0.00114476/step  Wall: 580.007, 0.00115211/step, 149.986 ns/days, 0.0256023 hours remaining, 0.000000 MB of memory in use.
PERFORMANCE: 420000  averaging 125.14 ns/day, 0.00138085 sec/step with standard deviation 0.000441427
ENERGY:  420000       437.2885      1123.2918      1162.7909        73.4155        -114293.3565      9889.3259         0.0000         0.0000     18471.8849         -83135.3591       300.2948   -101607.2440    -82950.2662       302.4758            225.2063       225.0519    300627.5748        -1.6032        -0.9185

WRITING EXTENDED SYSTEM TO RESTART FILE AT STEP 420000
WRITING COORDINATES TO RESTART FILE AT STEP 420000
FINISHED WRITING RESTART COORDINATES
WRITING VELOCITIES TO RESTART FILE AT STEP 420000
FINISHED WRITING RESTART VELOCITIES
TIMING: 425000  CPU: 576.327, 0.00114653/step  Wall: 585.774, 0.00115344/step, 149.813 ns/days, 0.02403 hours remaining, 0.000000 MB of memory in use.
PERFORMANCE: 425000  averaging 125.383 ns/day, 0.00137818 sec/step with standard deviation 0.000439484
ENERGY:  425000       457.8539      1079.3684      1148.7452        80.5771        -114023.6842      9726.1852         0.0000         0.0000     18659.9130         -82871.0414       303.3515   -101530.9543    -82957.6939       302.4096           -168.5064      -171.4578    300601.7389        -8.7921        -8.1788

WRITING EXTENDED SYSTEM TO RESTART FILE AT STEP 425000
WRITING COORDINATES TO RESTART FILE AT STEP 425000
FINISHED WRITING RESTART COORDINATES
WRITING VELOCITIES TO RESTART FILE AT STEP 425000
FINISHED WRITING RESTART VELOCITIES
TIMING: 430000  CPU: 582.027, 0.00114001/step  Wall: 591.509, 0.00114691/step, 150.666 ns/days, 0.022301 hours remaining, 0.000000 MB of memory in use.
PERFORMANCE: 430000  averaging 125.628 ns/day, 0.00137549 sec/step with standard deviation 0.000437603
ENERGY:  430000       416.6585      1089.9447      1112.3369        69.0165        -114227.5650      9793.1939         0.0000         0.0000     18689.0464         -83057.3682       303.8252   -101746.4146    -82973.3975       302.5090            -78.9804       -78.6796    300871.6816         1.4803         1.9968

WRITING EXTENDED SYSTEM TO RESTART FILE AT STEP 430000
WRITING COORDINATES TO RESTART FILE AT STEP 430000
FINISHED WRITING RESTART COORDINATES
WRITING VELOCITIES TO RESTART FILE AT STEP 430000
FINISHED WRITING RESTART VELOCITIES
TIMING: 435000  CPU: 589.862, 0.00156709/step  Wall: 599.414, 0.0015811/step, 109.291 ns/days, 0.0285476 hours remaining, 0.000000 MB of memory in use.
PERFORMANCE: 435000  averaging 125.412 ns/day, 0.00137785 sec/step with standard deviation 0.000435609
ENERGY:  435000       426.0452      1100.3481      1131.7614        81.4054        -113944.8869      9814.3995         0.0000         0.0000     18673.0215         -82717.9058       303.5646   -101390.9273    -82953.0766       302.6968            117.0442       120.6696    299682.0516        12.5433        13.2025

WRITING EXTENDED SYSTEM TO RESTART FILE AT STEP 435000
WRITING COORDINATES TO RESTART FILE AT STEP 435000
FINISHED WRITING RESTART COORDINATES
WRITING VELOCITIES TO RESTART FILE AT STEP 435000
FINISHED WRITING RESTART VELOCITIES
TIMING: 440000  CPU: 595.642, 0.00115591/step  Wall: 605.22, 0.00116119/step, 148.812 ns/days, 0.0193532 hours remaining, 0.000000 MB of memory in use.
PERFORMANCE: 440000  averaging 125.637 ns/day, 0.00137539 sec/step with standard deviation 0.000433714
ENERGY:  440000       435.2322      1118.9690      1129.5530        75.7143        -113817.8376      9584.4418         0.0000         0.0000     18630.4770         -82843.4505       302.8730   -101473.9275    -82943.4910       302.5968            -77.8078       -80.6878    300441.1627        12.9734        13.4111

WRITING EXTENDED SYSTEM TO RESTART FILE AT STEP 440000
WRITING COORDINATES TO RESTART FILE AT STEP 440000
FINISHED WRITING RESTART COORDINATES
WRITING VELOCITIES TO RESTART FILE AT STEP 440000
FINISHED WRITING RESTART VELOCITIES
TIMING: 445000  CPU: 601.698, 0.00121131/step  Wall: 611.321, 0.0012202/step, 141.616 ns/days, 0.0186419 hours remaining, 0.000000 MB of memory in use.
PERFORMANCE: 445000  averaging 125.796 ns/day, 0.00137365 sec/step with standard deviation 0.000431556
ENERGY:  445000       452.7289      1134.5363      1150.2465        76.6315        -114227.7747      9935.7876         0.0000         0.0000     18516.6537         -82961.1903       301.0226   -101477.8440    -82961.1104       302.4321            -63.6277       -62.3698    300956.2845        -1.4143        -1.0350

WRITING EXTENDED SYSTEM TO RESTART FILE AT STEP 445000
WRITING COORDINATES TO RESTART FILE AT STEP 445000
FINISHED WRITING RESTART COORDINATES
WRITING VELOCITIES TO RESTART FILE AT STEP 445000
FINISHED WRITING RESTART VELOCITIES
TIMING: 450000  CPU: 607.418, 0.00114384/step  Wall: 617.076, 0.00115102/step, 150.128 ns/days, 0.0159864 hours remaining, 0.000000 MB of memory in use.
PERFORMANCE: 450000  averaging 126.023 ns/day, 0.00137117 sec/step with standard deviation 0.000429766
ETITLE:      TS           BOND          ANGLE          DIHED          IMPRP               ELECT            VDW       BOUNDARY           MISC        KINETIC               TOTAL           TEMP      POTENTIAL       TOTALAVG        TEMPAVG            PRESSURE      GPRESSURE         VOLUME       PRESSAVG      GPRESSAVG

ENERGY:  450000       426.5541      1128.9907      1111.6292        74.9895        -113252.1380      9457.6806         0.0000         0.0000     18717.6667         -82334.6272       304.2904   -101052.2939    -82925.0938       302.5188           -158.8304      -164.0107    300203.5756       -13.2192       -13.2997

WRITING EXTENDED SYSTEM TO RESTART FILE AT STEP 450000
WRITING COORDINATES TO RESTART FILE AT STEP 450000
FINISHED WRITING RESTART COORDINATES
WRITING VELOCITIES TO RESTART FILE AT STEP 450000
FINISHED WRITING RESTART VELOCITIES
TIMING: 455000  CPU: 613.161, 0.0011486/step  Wall: 622.853, 0.00115531/step, 149.57 ns/days, 0.0144414 hours remaining, 0.000000 MB of memory in use.
PERFORMANCE: 455000  averaging 126.242 ns/day, 0.0013688 sec/step with standard deviation 0.000427971
ENERGY:  455000       427.3294      1139.6359      1118.7268        68.7469        -114295.0238      9801.1577         0.0000         0.0000     18572.5058         -83166.9213       301.9306   -101739.4271    -82943.4054       302.5194             66.1694        67.8258    299001.4393       -11.6696       -11.6904

WRITING EXTENDED SYSTEM TO RESTART FILE AT STEP 455000
WRITING COORDINATES TO RESTART FILE AT STEP 455000
FINISHED WRITING RESTART COORDINATES
WRITING VELOCITIES TO RESTART FILE AT STEP 455000
FINISHED WRITING RESTART VELOCITIES
TIMING: 460000  CPU: 621.643, 0.0016965/step  Wall: 631.468, 0.00172309/step, 100.285 ns/days, 0.0191455 hours remaining, 0.000000 MB of memory in use.
PERFORMANCE: 460000  averaging 125.888 ns/day, 0.00137265 sec/step with standard deviation 0.000427212
ENERGY:  460000       448.6110      1142.5322      1111.4085        71.8520        -114491.8078      9946.8103         0.0000         0.0000     18638.6262         -83131.9676       303.0055   -101770.5939    -82967.4123       302.5326            252.6702       252.2998    299130.9481        -5.2733        -5.6660

WRITING EXTENDED SYSTEM TO RESTART FILE AT STEP 460000
WRITING COORDINATES TO RESTART FILE AT STEP 460000
FINISHED WRITING RESTART COORDINATES
WRITING VELOCITIES TO RESTART FILE AT STEP 460000
FINISHED WRITING RESTART VELOCITIES
TIMING: 465000  CPU: 627.363, 0.00114389/step  Wall: 637.224, 0.00115111/step, 150.116 ns/days, 0.0111914 hours remaining, 0.000000 MB of memory in use.
PERFORMANCE: 465000  averaging 126.106 ns/day, 0.00137027 sec/step with standard deviation 0.000425505
ENERGY:  465000       428.2679      1199.0491      1120.3922        85.7777        -114280.0923      9735.9062         0.0000         0.0000     18609.5919         -83101.1073       302.5335   -101710.6991    -82959.7341       302.6180            -51.0958       -53.6387    300465.4219       -14.4673       -15.0422

WRITING EXTENDED SYSTEM TO RESTART FILE AT STEP 465000
WRITING COORDINATES TO RESTART FILE AT STEP 465000
FINISHED WRITING RESTART COORDINATES
WRITING VELOCITIES TO RESTART FILE AT STEP 465000
FINISHED WRITING RESTART VELOCITIES
TIMING: 470000  CPU: 635.863, 0.00170008/step  Wall: 645.778, 0.00171075/step, 101.009 ns/days, 0.0142562 hours remaining, 0.000000 MB of memory in use.
PERFORMANCE: 470000  averaging 125.774 ns/day, 0.00137389 sec/step with standard deviation 0.000424665
ENERGY:  470000       441.9967      1091.9365      1145.5944        77.7878        -114541.3248     10025.6791         0.0000         0.0000     18575.2892         -83183.0411       301.9758   -101758.3304    -82966.8838       302.6189            360.1395       354.1444    298937.1679        -3.4723        -4.4003

WRITING EXTENDED SYSTEM TO RESTART FILE AT STEP 470000
WRITING COORDINATES TO RESTART FILE AT STEP 470000
FINISHED WRITING RESTART COORDINATES
WRITING VELOCITIES TO RESTART FILE AT STEP 470000
FINISHED WRITING RESTART VELOCITIES
TIMING: 475000  CPU: 641.609, 0.00114921/step  Wall: 651.549, 0.00115426/step, 149.706 ns/days, 0.00801573 hours remaining, 0.000000 MB of memory in use.
PERFORMANCE: 475000  averaging 125.986 ns/day, 0.00137158 sec/step with standard deviation 0.000423001
ENERGY:  475000       413.3262      1106.9082      1128.6229        73.5874        -113860.5716      9602.9592         0.0000         0.0000     18559.0645         -82976.1032       301.7121   -101535.1677    -82966.1312       302.5147              7.7556         4.0187    299469.2489        -8.5636        -9.4826

WRITING EXTENDED SYSTEM TO RESTART FILE AT STEP 475000
WRITING COORDINATES TO RESTART FILE AT STEP 475000
FINISHED WRITING RESTART COORDINATES
WRITING VELOCITIES TO RESTART FILE AT STEP 475000
FINISHED WRITING RESTART VELOCITIES
TIMING: 480000  CPU: 648.599, 0.00139795/step  Wall: 661.416, 0.00197344/step, 87.563 ns/days, 0.0109635 hours remaining, 0.000000 MB of memory in use.
PERFORMANCE: 480000  averaging 125.413 ns/day, 0.00137785 sec/step with standard deviation 0.000425229
ENERGY:  480000       448.1695      1126.0394      1115.8905        65.3906        -114219.2601      9829.4272         0.0000         0.0000     18670.3375         -82964.0053       303.5210   -101634.3428    -82971.9916       302.5725             32.7782        33.4040    300485.1490         2.0971         1.2465

WRITING EXTENDED SYSTEM TO RESTART FILE AT STEP 480000
WRITING COORDINATES TO RESTART FILE AT STEP 480000
FINISHED WRITING RESTART COORDINATES
WRITING VELOCITIES TO RESTART FILE AT STEP 480000
FINISHED WRITING RESTART VELOCITIES
TIMING: 485000  CPU: 654.314, 0.00114297/step  Wall: 667.165, 0.0011498/step, 150.288 ns/days, 0.00479082 hours remaining, 0.000000 MB of memory in use.
PERFORMANCE: 485000  averaging 125.627 ns/day, 0.0013755 sec/step with standard deviation 0.000423642
ENERGY:  485000       437.4688      1136.0219      1135.4743        76.7960        -114398.3566      9945.7234         0.0000         0.0000     18551.6623         -83115.2098       301.5917   -101666.8721    -82992.4999       302.4474            -12.7760        -8.0402    300952.0377         4.6258         3.6548

WRITING EXTENDED SYSTEM TO RESTART FILE AT STEP 485000
WRITING COORDINATES TO RESTART FILE AT STEP 485000
FINISHED WRITING RESTART COORDINATES
WRITING VELOCITIES TO RESTART FILE AT STEP 485000
FINISHED WRITING RESTART VELOCITIES
TIMING: 490000  CPU: 662.479, 0.00163306/step  Wall: 675.373, 0.00164163/step, 105.261 ns/days, 0.00456007 hours remaining, 0.000000 MB of memory in use.
PERFORMANCE: 490000  averaging 125.38 ns/day, 0.00137821 sec/step with standard deviation 0.000422309
ENERGY:  490000       424.6925      1113.5468      1099.1249        80.5966        -113856.3151      9832.5739         0.0000         0.0000     18426.3871         -82879.3932       299.5551   -101305.7804    -82995.3613       302.1710             90.6889        94.1124    300278.1850        19.5017        18.9695

WRITING EXTENDED SYSTEM TO RESTART FILE AT STEP 490000
WRITING COORDINATES TO RESTART FILE AT STEP 490000
FINISHED WRITING RESTART COORDINATES
WRITING VELOCITIES TO RESTART FILE AT STEP 490000
FINISHED WRITING RESTART VELOCITIES
TIMING: 495000  CPU: 668.188, 0.0011419/step  Wall: 681.109, 0.00114712/step, 150.639 ns/days, 0.00159322 hours remaining, 0.000000 MB of memory in use.
PERFORMANCE: 495000  averaging 125.592 ns/day, 0.00137588 sec/step with standard deviation 0.00042079
ENERGY:  495000       428.8766      1117.4332      1129.6242        75.9973        -113628.7078      9408.1848         0.0000         0.0000     18776.9766         -82691.6151       305.2546   -101468.5917    -82974.7436       302.3437           -438.3547      -437.4001    300916.3791         2.1537         1.6660

WRITING EXTENDED SYSTEM TO RESTART FILE AT STEP 495000
WRITING COORDINATES TO RESTART FILE AT STEP 495000
FINISHED WRITING RESTART COORDINATES
WRITING VELOCITIES TO RESTART FILE AT STEP 495000
FINISHED WRITING RESTART VELOCITIES
TIMING: 500000  CPU: 674.102, 0.00118269/step  Wall: 687.259, 0.00123005/step, 140.483 ns/days, 0 hours remaining, 0.000000 MB of memory in use.
PERFORMANCE: 500000  averaging 125.726 ns/day, 0.00137442 sec/step with standard deviation 0.000418914
ETITLE:      TS           BOND          ANGLE          DIHED          IMPRP               ELECT            VDW       BOUNDARY           MISC        KINETIC               TOTAL           TEMP      POTENTIAL       TOTALAVG        TEMPAVG            PRESSURE      GPRESSURE         VOLUME       PRESSAVG      GPRESSAVG

ENERGY:  500000       410.8163      1140.5814      1109.7621        79.7475        -114462.7205     10031.7188         0.0000         0.0000     18603.5143         -83086.5801       302.4347   -101690.0944    -82966.2069       302.3612            258.9268       260.8253    300413.5030         6.7016         6.4595

WRITING EXTENDED SYSTEM TO RESTART FILE AT STEP 500000
WRITING COORDINATES TO RESTART FILE AT STEP 500000
FINISHED WRITING RESTART COORDINATES
WRITING VELOCITIES TO RESTART FILE AT STEP 500000
FINISHED WRITING RESTART VELOCITIES
WRITING EXTENDED SYSTEM TO OUTPUT FILE AT STEP 500000
WRITING COORDINATES TO OUTPUT FILE AT STEP 500000
WRITING VELOCITIES TO OUTPUT FILE AT STEP 500000
====================================================

WallClock: 688.344971  CPUTime: 672.563171  Memory: 0.000000 MB
[Partition 0][Node 0] End of program
