Charm++: standalone mode (not using charmrun)
Charm++> Running in Multicore mode: 6 threads (PEs)
Charm++> Using recursive bisection (scheme 3) for topology aware partitions
Converse/Charm++ Commit ID: v80000
CharmLB> Load balancer assumes all CPUs are same.
Charm++> Running on 1 hosts (2 sockets x 24 cores x 1 PUs = 48-way SMP)
Charm++> cpu topology info is gathered in 0.010 seconds.
Info: Built with CUDA version 11080
Pe 3 physical rank 3 will use CUDA device of pe 4
Pe 4 physical rank 4 binding to CUDA device 0 on sg012: 'NVIDIA A100-SXM4-80GB'  Mem: 81155MB  Rev: 8.0  PCI: 0:1:0
Pe 0 physical rank 0 will use CUDA device of pe 4
Pe 2 physical rank 2 will use CUDA device of pe 4
Pe 5 physical rank 5 will use CUDA device of pe 4
Pe 1 physical rank 1 will use CUDA device of pe 4
CharmLB> Load balancing instrumentation for communication is off.
Info: NAMD 3.1alpha2 for Linux-x86_64-multicore-CUDA
Info: 
Info: Please visit http://www.ks.uiuc.edu/Research/namd/
Info: for updates, documentation, and support information.
Info: 
Info: Please cite Phillips et al., J. Chem. Phys. 153:044130 (2020) doi:10.1063/5.0014475
Info: in all publications reporting results obtained with NAMD.
Info: 
Info: Based on Charm++/Converse 80000 for multicore-linux-x86_64
Info: Built Fri Dec 13 00:05:25 MST 2024 by athiru12 on sg031
Info: 1 NAMD  3.1alpha2  Linux-x86_64-multicore-CUDA  6    sg012  athiru12
Info: Running on 6 processors, 1 nodes, 1 physical nodes.
Info: CPU topology information available.
Info: Charm++/Converse parallel runtime startup completed at 0.896607 s
CkLoopLib is used in SMP with simple dynamic scheduling (converse-level notification)
Info: 0 MB of memory in use based on /proc/self/stat
Info: Configuration file is input/step5_imdv3_6_run.inp
Info: Changed directory to input
TCL: Suspending until startup complete.
Warning: Option "1-4scaling" has been deprecated. Instead use "oneFourScaling".
Warning: Option "CUDASOAintegrate" has been deprecated. Instead use "GPUresident".
Info: EXTENDED SYSTEM FILE   ../output/step4_equilibration.xsc
Info: Tuning parameters to improve GPU-resident performance
Info: Setting margin to 4
Warning: The Langevin gamma parameters differ over the particles,
Warning: requiring extra work per step to constrain rigid bonds.
Info: Enabling PMEOffload because PMEInterpOrder > 4.
Info: Running with GPU-resident mode
Warning: Always using force tables for GPU nonbonded kernel due to unsupported config parameters.
Info: SIMULATION PARAMETERS:
Info: TIMESTEP               2
Info: NUMBER OF STEPS        500000
Info: STEPS PER CYCLE        20
Info: PERIODIC CELL BASIS 1  69 0 0
Info: PERIODIC CELL BASIS 2  0 69 0
Info: PERIODIC CELL BASIS 3  0 0 69
Info: PERIODIC CELL CENTER   0 0 0
Info: WRAPPING WATERS AROUND PERIODIC BOUNDARIES ON OUTPUT.
Info: WRAPPING ALL CLUSTERS AROUND PERIODIC BOUNDARIES ON OUTPUT.
Info: LOAD BALANCER  Centralized
Info: LOAD BALANCING STRATEGY  New Load Balancers -- DEFAULT
Info: LDB PERIOD             4000 steps
Info: FIRST LDB TIMESTEP     100
Info: LAST LDB TIMESTEP     -1
Info: LDB BACKGROUND SCALING 1
Info: HOM BACKGROUND SCALING 1
Info: PME BACKGROUND SCALING 1
Info: MIN ATOMS PER PATCH    40
Info: EMPTY PATCH LOAD       40 ATOMS
Info: VELOCITY FILE          ../output/step4_equilibration.vel
Info: CENTER OF MASS MOVING INITIALLY? NO
Info: DIELECTRIC             1
Info: EXCLUDE                SCALED ONE-FOUR
Info: 1-4 ELECTROSTATICS SCALED BY 1
Info: MODIFIED 1-4 VDW PARAMETERS WILL BE USED
Info: NO DCD TRAJECTORY OUTPUT
Info: NO EXTENDED SYSTEM TRAJECTORY OUTPUT
Info: NO VELOCITY DCD OUTPUT
Info: NO FORCE DCD OUTPUT
Info: OUTPUT FILENAME        ../output/run-1/step5_imdv3_6_1
Info: BINARY OUTPUT FILES WILL BE USED
Info: RESTART FILENAME       ../output/run-1/step5_imdv3_6_1.restart
Info: RESTART FREQUENCY      5000
Info: BINARY RESTART FILES WILL BE USED
Info: SWITCHING ACTIVE
Info: VDW FORCE SWITCHING ACTIVE
Info: SWITCHING ON           10
Info: SWITCHING OFF          12
Info: PAIRLIST DISTANCE      16
Info: PAIRLIST SHRINK RATE   0.01
Info: PAIRLIST GROW RATE     0.01
Info: PAIRLIST TRIGGER       0.3
Info: PAIRLISTS PER CYCLE    2
Info: PAIRLISTS ENABLED
Info: MARGIN                 4
Info: HYDROGEN GROUP CUTOFF  2.5
Info: PATCH DIMENSION        22.5
Info: ENERGY OUTPUT STEPS    5000
Info: ENERGY EVALUATION STEPS    5000
Info: OUTPUT ENERGY PRECISION 4
Info: CROSSTERM ENERGY INCLUDED IN DIHEDRAL
Info: TIMING OUTPUT STEPS    5000
Info: LANGEVIN DYNAMICS ACTIVE
Info: LANGEVIN TEMPERATURE   303.15
Info: LANGEVIN USING BBK INTEGRATOR
Info: LANGEVIN DAMPING COEFFICIENT IS 1 INVERSE PS
Info: LANGEVIN DYNAMICS NOT APPLIED TO HYDROGENS
Info: LANGEVIN PISTON PRESSURE CONTROL ACTIVE
Info:        TARGET PRESSURE IS 1.01325 BAR
Info:     OSCILLATION PERIOD IS 50 FS
Info:             DECAY TIME IS 25 FS
Info:     PISTON TEMPERATURE IS 303.15 K
Info:       PRESSURE CONTROL IS GROUP-BASED
Info:    INITIAL STRAIN RATE IS 0 0 0
Info:       CELL FLUCTUATION IS ISOTROPIC
Info: PARTICLE MESH EWALD (PME) ACTIVE
Info: PME TOLERANCE               1e-06
Info: PME EWALD COEFFICIENT       0.257952
Info: PME INTERPOLATION ORDER     6
Info: PME GRID DIMENSIONS         72 72 72
Info: PME MAXIMUM GRID SPACING    1
Info: PME RECIPROCAL SUM OFFLOADED TO GPU
Info: PME CALCULATION WILL BE PERFORMED ON GPU
Info: FULL ELECTROSTATIC EVALUATION FREQUENCY      1
Info: USING VERLET I (r-RESPA) MTS SCHEME.
Info: C1 SPLITTING OF LONG RANGE ELECTROSTATICS
Info: PLACING ATOMS IN PATCHES BY HYDROGEN GROUPS
Info: RIGID BONDS TO HYDROGEN : ALL
Info:         ERROR TOLERANCE : 1e-08
Info:          MAX ITERATIONS : 100
Info: RIGID WATER USING SETTLE ALGORITHM
Info: RANDOM NUMBER SEED     1742585290
Info: USE HYDROGEN BONDS?    NO
Info: COORDINATE PDB         step3_input.pdb
Info: STRUCTURE FILE         step3_input.psf
Info: PARAMETER file: CHARMM format! 
Info: PARAMETERS             toppar/par_all36m_prot.prm
Info: PARAMETERS             toppar/par_all36_na.prm
Info: PARAMETERS             toppar/par_all36_carb.prm
Info: PARAMETERS             toppar/par_all36_lipid.prm
Info: PARAMETERS             toppar/par_all36_cgenff.prm
Info: PARAMETERS             toppar/par_interface.prm
Info: PARAMETERS             toppar/toppar_all36_moreions.str
Info: PARAMETERS             toppar/toppar_all36_nano_lig.str
Info: PARAMETERS             toppar/toppar_all36_nano_lig_patch.str
Info: PARAMETERS             toppar/toppar_all36_synthetic_polymer.str
Info: PARAMETERS             toppar/toppar_all36_synthetic_polymer_patch.str
Info: PARAMETERS             toppar/toppar_all36_polymer_solvent.str
Info: PARAMETERS             toppar/toppar_water_ions.str
Info: PARAMETERS             toppar/toppar_dum_noble_gases.str
Info: PARAMETERS             toppar/toppar_ions_won.str
Info: PARAMETERS             toppar/cam.str
Info: PARAMETERS             toppar/toppar_all36_prot_arg0.str
Info: PARAMETERS             toppar/toppar_all36_prot_c36m_d_aminoacids.str
Info: PARAMETERS             toppar/toppar_all36_prot_fluoro_alkanes.str
Info: PARAMETERS             toppar/toppar_all36_prot_heme.str
Info: PARAMETERS             toppar/toppar_all36_prot_na_combined.str
Info: PARAMETERS             toppar/toppar_all36_prot_retinol.str
Info: PARAMETERS             toppar/toppar_all36_prot_model.str
Info: PARAMETERS             toppar/toppar_all36_prot_modify_res.str
Info: PARAMETERS             toppar/toppar_all36_na_nad_ppi.str
Info: PARAMETERS             toppar/toppar_all36_na_rna_modified.str
Info: PARAMETERS             toppar/toppar_all36_lipid_sphingo.str
Info: PARAMETERS             toppar/toppar_all36_lipid_archaeal.str
Info: PARAMETERS             toppar/toppar_all36_lipid_bacterial.str
Info: PARAMETERS             toppar/toppar_all36_lipid_cardiolipin.str
Info: PARAMETERS             toppar/toppar_all36_lipid_cholesterol.str
Info: PARAMETERS             toppar/toppar_all36_lipid_dag.str
Info: PARAMETERS             toppar/toppar_all36_lipid_inositol.str
Info: PARAMETERS             toppar/toppar_all36_lipid_lnp.str
Info: PARAMETERS             toppar/toppar_all36_lipid_lps.str
Info: PARAMETERS             toppar/toppar_all36_lipid_mycobacterial.str
Info: PARAMETERS             toppar/toppar_all36_lipid_miscellaneous.str
Info: PARAMETERS             toppar/toppar_all36_lipid_model.str
Info: PARAMETERS             toppar/toppar_all36_lipid_prot.str
Info: PARAMETERS             toppar/toppar_all36_lipid_tag.str
Info: PARAMETERS             toppar/toppar_all36_lipid_yeast.str
Info: PARAMETERS             toppar/toppar_all36_lipid_hmmm.str
Info: PARAMETERS             toppar/toppar_all36_lipid_detergent.str
Info: PARAMETERS             toppar/toppar_all36_lipid_ether.str
Info: PARAMETERS             toppar/toppar_all36_lipid_oxidized.str
Info: PARAMETERS             toppar/toppar_all36_carb_glycolipid.str
Info: PARAMETERS             toppar/toppar_all36_carb_glycopeptide.str
Info: PARAMETERS             toppar/toppar_all36_carb_imlab.str
Info: PARAMETERS             toppar/toppar_all36_label_spin.str
Info: PARAMETERS             toppar/toppar_all36_label_fluorophore.str
Info: USING ARITHMETIC MEAN TO COMBINE L-J SIGMA PARAMETERS
Info: BINARY COORDINATES     ../output/step4_equilibration.coor
Warning: SKIPPING PART OF PARAMETER FILE AFTER RETURN STATEMENT

Warning: DUPLICATE DIHEDRAL ENTRY FOR HAL1-CTO1-C-NHL
PREVIOUS VALUES MULTIPLICITY: 1
  k=0  n=1  delta=0
INCREASING MULTIPLICITY TO: 2
  k=0  n=3  delta=0

Warning: DUPLICATE DIHEDRAL ENTRY FOR HAL1-CTO1-C-O
PREVIOUS VALUES MULTIPLICITY: 1
  k=0  n=1  delta=0
INCREASING MULTIPLICITY TO: 2
  k=0  n=2  delta=3.14159
Warning: SKIPPING PART OF PARAMETER FILE AFTER RETURN STATEMENT

Warning: DUPLICATE DIHEDRAL ENTRY FOR CTL2-CG2O5-CTL1-CTL3
PREVIOUS VALUES MULTIPLICITY: 1
  k=0.75  n=1  delta=0
  k=0.18  n=2  delta=3.14159
INCREASING MULTIPLICITY TO: 3
  k=0.065  n=3  delta=0

Warning: DUPLICATE BOND ENTRY FOR CEL1-CL
PREVIOUS VALUES  k=440  x0=1.489
   USING VALUES  k=300  x0=1.48
Info: SUMMARY OF PARAMETERS:
Info: 1988 BONDS
Info: 6776 ANGLES
Info: 19939 DIHEDRAL
Info: 430 IMPROPER
Info: 28 CROSSTERM
Info: 751 VDW
Info: 122 VDW_PAIRS
Info: 0 NBTHOLE_PAIRS
Warning: Ignored 9467 bonds with zero force constants.
Warning: Will get H-H distance in rigid H2O from H-O-H angle.
Info: TIME FOR READING PSF FILE: 0.0608032
Info: Reading pdb file step3_input.pdb
Info: TIME FOR READING PDB FILE: 0.0250156
Info: 
Info: ****************************
Info: STRUCTURE SUMMARY:
Info: 30423 ATOMS
Info: 20918 BONDS
Info: 13014 ANGLES
Info: 5187 DIHEDRALS
Info: 373 IMPROPERS
Info: 127 CROSSTERMS
Info: 0 EXCLUSIONS
Info: 29360 RIGID BONDS
Info: 61909 DEGREES OF FREEDOM
Info: 10530 HYDROGEN GROUPS
Info: 4 ATOMS IN LARGEST HYDROGEN GROUP
Info: 10530 MIGRATION GROUPS
Info: 4 ATOMS IN LARGEST MIGRATION GROUP
Info: TOTAL MASS = 186727 amu
Info: TOTAL CHARGE = 1.31875e-06 e
Info: MASS DENSITY = 0.943883 g/cm^3
Info: ATOM DENSITY = 0.0926093 atoms/A^3
Info: *****************************
Info: Reading from binary file ../output/step4_equilibration.coor
Info: 
Info: Entering startup at 1.10414 s, 0 MB of memory in use
Info: Startup phase 0 took 7.978e-05 s, 0 MB of memory in use
Info: ADDED 39038 IMPLICIT EXCLUSIONS
Info: Startup phase 1 took 0.00584138 s, 0 MB of memory in use
Info: NONBONDED TABLE R-SQUARED SPACING: 0.0625
Info: NONBONDED TABLE SIZE: 769 POINTS
Info: INCONSISTENCY IN FAST TABLE ENERGY VS FORCE: 0.000325096 AT 11.9556
Info: INCONSISTENCY IN SCOR TABLE ENERGY VS FORCE: 0.000324844 AT 11.9556
Info: INCONSISTENCY IN VDWA TABLE ENERGY VS FORCE: 0.0040507 AT 0.251946
Info: INCONSISTENCY IN VDWB TABLE ENERGY VS FORCE: 0.00150189 AT 0.251946
Info: Startup phase 2 took 0.0107174 s, 0 MB of memory in use
Info: Startup phase 3 took 4.0186e-05 s, 0 MB of memory in use
Info: Startup phase 4 took 0.000207711 s, 0 MB of memory in use
Info: Startup phase 5 took 4.1678e-05 s, 0 MB of memory in use
Info: PATCH GRID IS 3 (PERIODIC) BY 3 (PERIODIC) BY 3 (PERIODIC)
Info: PATCH GRID IS 1-AWAY BY 1-AWAY BY 1-AWAY
Info: Reading from binary file ../output/step4_equilibration.vel
Info: REMOVING COM VELOCITY 0.0102651 -0.01707 0.00842024
Info: LARGEST PATCH (13) HAS 1316 ATOMS
Info: TORUS A SIZE 1 USING 0
Info: TORUS B SIZE 1 USING 0
Info: TORUS C SIZE 1 USING 0
Info: TORUS MINIMAL MESH SIZE IS 1 BY 1 BY 1
Info: Placed 100% of base nodes on same physical node as patch
Info: Startup phase 6 took 0.0147961 s, 0 MB of memory in use
Info: Use 3D box decompostion in PME FFT.
Info: PME using 1 x 1 x 1 pencil grid for FFT and reciprocal sum.
Info: Startup phase 7 took 0.00872106 s, 0 MB of memory in use
Info: Updated CUDA force table with 4096 elements.
Info: Updated CUDA LJ table with 751 x 751 elements.
Info: Startup phase 8 took 0.00582887 s, 0 MB of memory in use
Info: Startup phase 9 took 5.4693e-05 s, 0 MB of memory in use
Info: Startup phase 10 took 3.156e-05 s, 0 MB of memory in use
Info: Startup phase 11 took 0.00511719 s, 0 MB of memory in use
LDB: Central LB being created...
Info: Startup phase 12 took 0.287886 s, 0 MB of memory in use
Info: CREATING 615 COMPUTE OBJECTS
Info: Found 268 unique exclusion lists needing 4316 bytes
Info: useSync: 0 useProxySync: 0
Info: Startup phase 13 took 0.974445 s, 0 MB of memory in use
Info: Startup phase 14 took 7.0523e-05 s, 0 MB of memory in use
Info: Startup phase 15 took 3.2632e-05 s, 0 MB of memory in use
Info: Finished startup at 2.41805 s, 0 MB of memory in use

TCL: Original numsteps 500000 will be ignored.
TCL: Running for 500000 steps
ETITLE:      TS           BOND          ANGLE          DIHED          IMPRP               ELECT            VDW       BOUNDARY           MISC        KINETIC               TOTAL           TEMP      POTENTIAL       TOTALAVG        TEMPAVG            PRESSURE      GPRESSURE         VOLUME       PRESSAVG      GPRESSAVG

ENERGY:       0       393.7845      1151.3864      1140.5717        75.7877        -111381.5648      9211.0936         0.0000         0.0000     18671.3312         -80737.6098       303.5372    -99408.9410    -80737.6098       303.5372          -1002.7073     -1000.5923    328509.0000     -1002.7073     -1000.5923

Info: Initial time: 6 CPUs 0.00612817 s/step 28.1976 ns/day 0 MB memory
Info: Initial time: 6 CPUs 0.00126792 s/step 136.286 ns/day 0 MB memory
Info: Initial time: 6 CPUs 0.00117765 s/step 146.733 ns/day 0 MB memory
Info: Benchmark time: 6 CPUs 0.00117529 s/step 147.028 ns/day 0 MB memory
Info: Benchmark time: 6 CPUs 0.00117443 s/step 147.135 ns/day 0 MB memory
Info: Benchmark time: 6 CPUs 0.0012124 s/step 142.527 ns/day 0 MB memory
Info: Benchmark time: 6 CPUs 0.00114838 s/step 150.473 ns/day 0 MB memory
Info: Benchmark time: 6 CPUs 0.0011715 s/step 147.504 ns/day 0 MB memory
Info: Benchmark time: 6 CPUs 0.00116466 s/step 148.369 ns/day 0 MB memory
TIMING: 5000  CPU: 6.27655, 0.00115785/step  Wall: 8.13473, 0.00125872/step, 137.282 ns/days, 0.173075 hours remaining, 0.000000 MB of memory in use.
PERFORMANCE: 5000  averaging 137.282 ns/day, 0.00125872 sec/step with standard deviation 0
ENERGY:    5000       442.7070      1160.0334      1142.0415        70.5670        -113896.0731      9711.0165         0.0000         0.0000     18703.4278         -82666.2800       304.0590   -101369.7077    -81701.9449       303.7981            -85.6944       -84.3464    302153.9436      -544.2009      -542.4694

WRITING EXTENDED SYSTEM TO RESTART FILE AT STEP 5000
WRITING COORDINATES TO RESTART FILE AT STEP 5000
FINISHED WRITING RESTART COORDINATES
The last position output (seq=5000) takes 0.007 seconds, 0.000 MB of memory in use
WRITING VELOCITIES TO RESTART FILE AT STEP 5000
FINISHED WRITING RESTART VELOCITIES
The last velocity output (seq=5000) takes 0.007 seconds, 0.000 MB of memory in use
TIMING: 10000  CPU: 12.0514, 0.00115497/step  Wall: 13.9383, 0.0011607/step, 148.875 ns/days, 0.157985 hours remaining, 0.000000 MB of memory in use.
PERFORMANCE: 10000  averaging 142.844 ns/day, 0.00120971 sec/step with standard deviation 6.93115e-05
ENERGY:   10000       438.0525      1102.8816      1131.6220        86.5980        -113967.0099      9823.5129         0.0000         0.0000     18587.4144         -82796.9285       302.1729   -101384.3429    -82066.9395       303.2564            -48.4842       -45.9098    300619.5606      -378.9620      -376.9495

WRITING EXTENDED SYSTEM TO RESTART FILE AT STEP 10000
WRITING COORDINATES TO RESTART FILE AT STEP 10000
FINISHED WRITING RESTART COORDINATES
The last position output (seq=10000) takes 0.009 seconds, 0.000 MB of memory in use
WRITING VELOCITIES TO RESTART FILE AT STEP 10000
FINISHED WRITING RESTART VELOCITIES
The last velocity output (seq=10000) takes 0.008 seconds, 0.000 MB of memory in use
TIMING: 15000  CPU: 17.7974, 0.00114919/step  Wall: 19.7157, 0.00115548/step, 149.548 ns/days, 0.155669 hours remaining, 0.000000 MB of memory in use.
PERFORMANCE: 15000  averaging 145.011 ns/day, 0.00119164 sec/step with standard deviation 5.81576e-05
ENERGY:   15000       460.8863      1114.8105      1140.7726        74.3018        -113945.5492      9598.8081         0.0000         0.0000     18590.9152         -82965.0546       302.2299   -101555.9698    -82291.4682       302.9997           -164.5543      -165.0431    299762.7717      -325.3601      -323.9729

WRITING EXTENDED SYSTEM TO RESTART FILE AT STEP 15000
WRITING COORDINATES TO RESTART FILE AT STEP 15000
FINISHED WRITING RESTART COORDINATES
The last position output (seq=15000) takes 0.011 seconds, 0.000 MB of memory in use
WRITING VELOCITIES TO RESTART FILE AT STEP 15000
FINISHED WRITING RESTART VELOCITIES
The last velocity output (seq=15000) takes 0.011 seconds, 0.000 MB of memory in use
TIMING: 20000  CPU: 23.5779, 0.0011561/step  Wall: 25.5242, 0.00116172/step, 148.746 ns/days, 0.154895 hours remaining, 0.000000 MB of memory in use.
PERFORMANCE: 20000  averaging 145.927 ns/day, 0.00118416 sec/step with standard deviation 4.97866e-05
ENERGY:   20000       431.5290      1112.9343      1136.0416        74.9955        -114107.1759      9802.6047         0.0000         0.0000     18698.4775         -82850.5933       303.9785   -101549.0707    -82403.2933       303.1955           -114.9258      -117.2713    300386.8823      -283.2732      -282.6326

WRITING EXTENDED SYSTEM TO RESTART FILE AT STEP 20000
WRITING COORDINATES TO RESTART FILE AT STEP 20000
FINISHED WRITING RESTART COORDINATES
The last position output (seq=20000) takes 0.011 seconds, 0.000 MB of memory in use
WRITING VELOCITIES TO RESTART FILE AT STEP 20000
FINISHED WRITING RESTART VELOCITIES
The last velocity output (seq=20000) takes 0.009 seconds, 0.000 MB of memory in use
TIMING: 25000  CPU: 29.3593, 0.00115628/step  Wall: 31.3336, 0.00116188/step, 148.725 ns/days, 0.153304 hours remaining, 0.000000 MB of memory in use.
PERFORMANCE: 25000  averaging 146.478 ns/day, 0.0011797 sec/step with standard deviation 4.42525e-05
ENERGY:   25000       429.5781      1111.0279      1119.0598        80.0171        -113772.2169      9471.5806         0.0000         0.0000     18520.7791         -83040.1743       301.0897   -101560.9533    -82509.4401       302.8445           -235.9705      -237.3209    299697.9664      -275.3894      -275.0806

WRITING EXTENDED SYSTEM TO RESTART FILE AT STEP 25000
WRITING COORDINATES TO RESTART FILE AT STEP 25000
FINISHED WRITING RESTART COORDINATES
The last position output (seq=25000) takes 0.012 seconds, 0.000 MB of memory in use
WRITING VELOCITIES TO RESTART FILE AT STEP 25000
FINISHED WRITING RESTART VELOCITIES
The last velocity output (seq=25000) takes 0.011 seconds, 0.000 MB of memory in use
TIMING: 30000  CPU: 35.1201, 0.00115217/step  Wall: 37.1361, 0.00116049/step, 148.903 ns/days, 0.151508 hours remaining, 0.000000 MB of memory in use.
PERFORMANCE: 30000  averaging 146.876 ns/day, 0.0011765 sec/step with standard deviation 4.03506e-05
ENERGY:   30000       407.1027      1159.6448      1110.8852        75.8340        -113937.3611      9661.5703         0.0000         0.0000     18794.9425         -82727.3816       305.5467   -101522.3241    -82540.5746       303.2305            -16.1697       -19.1588    300743.4511      -238.3581      -238.5204

WRITING EXTENDED SYSTEM TO RESTART FILE AT STEP 30000
WRITING COORDINATES TO RESTART FILE AT STEP 30000
FINISHED WRITING RESTART COORDINATES
The last position output (seq=30000) takes 0.010 seconds, 0.000 MB of memory in use
WRITING VELOCITIES TO RESTART FILE AT STEP 30000
FINISHED WRITING RESTART VELOCITIES
TIMING: 35000  CPU: 40.8927, 0.00115453/step  Wall: 42.946, 0.00116198/step, 148.712 ns/days, 0.150089 hours remaining, 0.000000 MB of memory in use.
PERFORMANCE: 35000  averaging 147.136 ns/day, 0.00117442 sec/step with standard deviation 3.72414e-05
ENERGY:   35000       429.0543      1162.3857      1104.8207        73.5729        -114140.2529      9917.3979         0.0000         0.0000     18406.4123         -83046.6090       299.2304   -101453.0214    -82603.8289       302.7305            118.7442       119.5513    301181.3220      -193.7203      -193.7614

WRITING EXTENDED SYSTEM TO RESTART FILE AT STEP 35000
WRITING COORDINATES TO RESTART FILE AT STEP 35000
FINISHED WRITING RESTART COORDINATES
The last position output (seq=35000) takes 0.009 seconds, 0.000 MB of memory in use
WRITING VELOCITIES TO RESTART FILE AT STEP 35000
FINISHED WRITING RESTART VELOCITIES
TIMING: 40000  CPU: 46.6849, 0.00115844/step  Wall: 48.7669, 0.0011642/step, 148.429 ns/days, 0.148758 hours remaining, 0.000000 MB of memory in use.
PERFORMANCE: 40000  averaging 147.296 ns/day, 0.00117315 sec/step with standard deviation 3.4668e-05
ENERGY:   40000       422.5148      1124.9764      1124.2497        82.9798        -114373.6431      9944.3608         0.0000         0.0000     18627.2275         -83047.3341       302.8202   -101674.5615    -82653.1072       302.7405            209.4618       208.2594    301233.0375      -148.9223      -149.0924

WRITING EXTENDED SYSTEM TO RESTART FILE AT STEP 40000
WRITING COORDINATES TO RESTART FILE AT STEP 40000
FINISHED WRITING RESTART COORDINATES
The last position output (seq=40000) takes 0.011 seconds, 0.000 MB of memory in use
WRITING VELOCITIES TO RESTART FILE AT STEP 40000
FINISHED WRITING RESTART VELOCITIES
TIMING: 45000  CPU: 52.4642, 0.00115584/step  Wall: 54.5837, 0.00116334/step, 148.537 ns/days, 0.147034 hours remaining, 0.000000 MB of memory in use.
PERFORMANCE: 45000  averaging 147.433 ns/day, 0.00117206 sec/step with standard deviation 3.25932e-05
ENERGY:   45000       444.0166      1138.8160      1109.1550        79.8066        -114325.4743      9863.1829         0.0000         0.0000     18701.8921         -82988.6052       304.0340   -101690.4973    -82686.6570       302.8698            122.7586       119.6960    299605.9710      -121.7542      -122.2136

WRITING EXTENDED SYSTEM TO RESTART FILE AT STEP 45000
WRITING COORDINATES TO RESTART FILE AT STEP 45000
FINISHED WRITING RESTART COORDINATES
The last position output (seq=45000) takes 0.013 seconds, 0.000 MB of memory in use
WRITING VELOCITIES TO RESTART FILE AT STEP 45000
FINISHED WRITING RESTART VELOCITIES
TIMING: 50000  CPU: 58.2125, 0.00114967/step  Wall: 60.3761, 0.00115848/step, 149.16 ns/days, 0.14481 hours remaining, 0.000000 MB of memory in use.
PERFORMANCE: 50000  averaging 147.604 ns/day, 0.0011707 sec/step with standard deviation 3.10274e-05
ETITLE:      TS           BOND          ANGLE          DIHED          IMPRP               ELECT            VDW       BOUNDARY           MISC        KINETIC               TOTAL           TEMP      POTENTIAL       TOTALAVG        TEMPAVG            PRESSURE      GPRESSURE         VOLUME       PRESSAVG      GPRESSAVG

ENERGY:   50000       421.5010      1146.7340      1115.5424        81.1633        -113982.3381      9771.4518         0.0000         0.0000     18709.1409         -82736.8047       304.1518   -101445.9456    -82691.2159       302.9864            122.6541       121.5869    301054.1922       -99.5353      -100.0499

WRITING EXTENDED SYSTEM TO RESTART FILE AT STEP 50000
WRITING COORDINATES TO RESTART FILE AT STEP 50000
FINISHED WRITING RESTART COORDINATES
The last position output (seq=50000) takes 0.009 seconds, 0.000 MB of memory in use
WRITING VELOCITIES TO RESTART FILE AT STEP 50000
FINISHED WRITING RESTART VELOCITIES
TIMING: 55000  CPU: 63.9915, 0.00115579/step  Wall: 66.1888, 0.00116255/step, 148.639 ns/days, 0.143704 hours remaining, 0.000000 MB of memory in use.
PERFORMANCE: 55000  averaging 147.698 ns/day, 0.00116996 sec/step with standard deviation 2.95376e-05
ENERGY:   55000       416.4964      1144.2243      1107.9558        67.1014        -113625.7405      9771.4068         0.0000         0.0000     18534.5101         -82584.0458       301.3129   -101118.5559    -82682.2851       302.8469            151.6554       154.9422    301933.1761       -78.6027       -78.8006

WRITING EXTENDED SYSTEM TO RESTART FILE AT STEP 55000
WRITING COORDINATES TO RESTART FILE AT STEP 55000
FINISHED WRITING RESTART COORDINATES
WRITING VELOCITIES TO RESTART FILE AT STEP 55000
FINISHED WRITING RESTART VELOCITIES
TIMING: 60000  CPU: 69.7366, 0.00114902/step  Wall: 71.9702, 0.00115628/step, 149.444 ns/days, 0.141324 hours remaining, 0.000000 MB of memory in use.
PERFORMANCE: 60000  averaging 147.842 ns/day, 0.00116882 sec/step with standard deviation 2.84383e-05
ENERGY:   60000       429.0086      1121.2606      1135.4451        75.1800        -114056.3334      9801.1171         0.0000         0.0000     18632.7852         -82861.5366       302.9105   -101494.3219    -82696.0737       302.8518             55.6213        60.8546    301443.0995       -68.2778       -68.0579

WRITING EXTENDED SYSTEM TO RESTART FILE AT STEP 60000
WRITING COORDINATES TO RESTART FILE AT STEP 60000
FINISHED WRITING RESTART COORDINATES
WRITING VELOCITIES TO RESTART FILE AT STEP 60000
FINISHED WRITING RESTART VELOCITIES
TIMING: 65000  CPU: 75.5005, 0.00115279/step  Wall: 77.8716, 0.00118026/step, 146.408 ns/days, 0.142615 hours remaining, 0.000000 MB of memory in use.
PERFORMANCE: 65000  averaging 147.73 ns/day, 0.0011697 sec/step with standard deviation 2.7412e-05
ENERGY:   65000       459.6890      1190.6971      1137.3622        79.8197        -113956.2822      9588.7266         0.0000         0.0000     18726.3968         -82773.5908       304.4324   -101499.9876    -82701.6106       302.9647           -185.4893      -188.4253    300270.4429       -76.6500       -76.6555

WRITING EXTENDED SYSTEM TO RESTART FILE AT STEP 65000
WRITING COORDINATES TO RESTART FILE AT STEP 65000
FINISHED WRITING RESTART COORDINATES
WRITING VELOCITIES TO RESTART FILE AT STEP 65000
FINISHED WRITING RESTART VELOCITIES
TIMING: 70000  CPU: 81.2625, 0.00115238/step  Wall: 83.661, 0.00115789/step, 149.236 ns/days, 0.138304 hours remaining, 0.000000 MB of memory in use.
PERFORMANCE: 70000  averaging 147.837 ns/day, 0.00116886 sec/step with standard deviation 2.65249e-05
ENERGY:   70000       397.0569      1135.7505      1134.2718        76.3591        -114226.4636      9859.9246         0.0000         0.0000     18455.4715         -83167.6292       300.0280   -101623.1007    -82732.6785       302.7689             47.7794        43.3595    299447.7079       -68.3547       -68.6545

WRITING EXTENDED SYSTEM TO RESTART FILE AT STEP 70000
WRITING COORDINATES TO RESTART FILE AT STEP 70000
FINISHED WRITING RESTART COORDINATES
WRITING VELOCITIES TO RESTART FILE AT STEP 70000
FINISHED WRITING RESTART VELOCITIES
TIMING: 75000  CPU: 87.0189, 0.00115128/step  Wall: 89.4505, 0.0011579/step, 149.236 ns/days, 0.136696 hours remaining, 0.000000 MB of memory in use.
PERFORMANCE: 75000  averaging 147.929 ns/day, 0.00116813 sec/step with standard deviation 2.57162e-05
ENERGY:   75000       431.2237      1129.6836      1099.7161        68.6192        -114270.6886      9870.0832         0.0000         0.0000     18409.8479         -83261.5148       299.2863   -101671.3627    -82765.7308       302.5513            171.9648       175.6581    299775.9735       -53.3348       -53.3850

WRITING EXTENDED SYSTEM TO RESTART FILE AT STEP 75000
WRITING COORDINATES TO RESTART FILE AT STEP 75000
FINISHED WRITING RESTART COORDINATES
WRITING VELOCITIES TO RESTART FILE AT STEP 75000
FINISHED WRITING RESTART VELOCITIES
TIMING: 80000  CPU: 92.7636, 0.00114895/step  Wall: 95.2305, 0.001156/step, 149.482 ns/days, 0.134866 hours remaining, 0.000000 MB of memory in use.
PERFORMANCE: 80000  averaging 148.025 ns/day, 0.00116737 sec/step with standard deviation 2.50286e-05
ENERGY:   80000       390.6855      1118.5661      1110.3317        66.1846        -114195.1821      9921.5698         0.0000         0.0000     18539.0181         -83048.8264       301.3862   -101587.8445    -82782.3835       302.4827            270.1758       268.2132    299834.4651       -34.3047       -34.4675

WRITING EXTENDED SYSTEM TO RESTART FILE AT STEP 80000
WRITING COORDINATES TO RESTART FILE AT STEP 80000
FINISHED WRITING RESTART COORDINATES
WRITING VELOCITIES TO RESTART FILE AT STEP 80000
FINISHED WRITING RESTART VELOCITIES
TIMING: 85000  CPU: 98.5426, 0.0011558/step  Wall: 101.043, 0.00116259/step, 148.634 ns/days, 0.13402 hours remaining, 0.000000 MB of memory in use.
PERFORMANCE: 85000  averaging 148.061 ns/day, 0.00116709 sec/step with standard deviation 2.42616e-05
ENERGY:   85000       393.2658      1148.2581      1133.6636        74.2311        -114014.2377      9832.7833         0.0000         0.0000     18653.9609         -82778.0749       303.2548   -101432.0358    -82782.1441       302.5256            120.1773       125.6186    299576.3555       -25.7224       -25.5738

WRITING EXTENDED SYSTEM TO RESTART FILE AT STEP 85000
WRITING COORDINATES TO RESTART FILE AT STEP 85000
FINISHED WRITING RESTART COORDINATES
WRITING VELOCITIES TO RESTART FILE AT STEP 85000
FINISHED WRITING RESTART VELOCITIES
TIMING: 90000  CPU: 104.299, 0.00115124/step  Wall: 106.834, 0.00115819/step, 149.199 ns/days, 0.131905 hours remaining, 0.000000 MB of memory in use.
PERFORMANCE: 90000  averaging 148.124 ns/day, 0.00116659 sec/step with standard deviation 2.36305e-05
ENERGY:   90000       419.5287      1178.5255      1129.6126        82.1838        -114013.5706      9531.0189         0.0000         0.0000     18547.0623         -83125.6388       301.5169   -101672.7011    -82800.2228       302.4725           -235.9546      -237.6784    299920.8542       -36.7872       -36.7372

WRITING EXTENDED SYSTEM TO RESTART FILE AT STEP 90000
WRITING COORDINATES TO RESTART FILE AT STEP 90000
FINISHED WRITING RESTART COORDINATES
WRITING VELOCITIES TO RESTART FILE AT STEP 90000
FINISHED WRITING RESTART VELOCITIES
TIMING: 95000  CPU: 110.073, 0.00115477/step  Wall: 112.641, 0.00116139/step, 148.787 ns/days, 0.130657 hours remaining, 0.000000 MB of memory in use.
PERFORMANCE: 95000  averaging 148.159 ns/day, 0.00116632 sec/step with standard deviation 2.29956e-05
ENERGY:   95000       411.9975      1088.1714      1109.6483        70.4465        -114578.8497     10012.0816         0.0000         0.0000     18670.6103         -83215.8941       303.5254   -101886.5043    -82821.0063       302.5252            326.1840       325.5796    300709.7756       -18.6387       -18.6214

WRITING EXTENDED SYSTEM TO RESTART FILE AT STEP 95000
WRITING COORDINATES TO RESTART FILE AT STEP 95000
FINISHED WRITING RESTART COORDINATES
WRITING VELOCITIES TO RESTART FILE AT STEP 95000
FINISHED WRITING RESTART VELOCITIES
TIMING: 100000  CPU: 115.848, 0.00115499/step  Wall: 118.444, 0.00116054/step, 148.897 ns/days, 0.128949 hours remaining, 0.000000 MB of memory in use.
PERFORMANCE: 100000  averaging 148.195 ns/day, 0.00116603 sec/step with standard deviation 2.24196e-05
ETITLE:      TS           BOND          ANGLE          DIHED          IMPRP               ELECT            VDW       BOUNDARY           MISC        KINETIC               TOTAL           TEMP      POTENTIAL       TOTALAVG        TEMPAVG            PRESSURE      GPRESSURE         VOLUME       PRESSAVG      GPRESSAVG

ENERGY:  100000       395.9782      1119.0647      1136.4198        64.1501        -114624.6389     10225.8651         0.0000         0.0000     18668.7935         -83014.3676       303.4959   -101683.1611    -82934.8442       302.5231            328.1106       328.9885    299704.0663        47.9022        47.8577

WRITING EXTENDED SYSTEM TO RESTART FILE AT STEP 100000
WRITING COORDINATES TO RESTART FILE AT STEP 100000
FINISHED WRITING RESTART COORDINATES
WRITING VELOCITIES TO RESTART FILE AT STEP 100000
FINISHED WRITING RESTART VELOCITIES
TIMING: 105000  CPU: 121.624, 0.00115526/step  Wall: 124.254, 0.00116203/step, 148.705 ns/days, 0.127501 hours remaining, 0.000000 MB of memory in use.
PERFORMANCE: 105000  averaging 148.219 ns/day, 0.00116584 sec/step with standard deviation 2.18693e-05
ENERGY:  105000       451.1993      1139.1657      1123.5737        69.9908        -114304.3335     10000.8283         0.0000         0.0000     18708.2236         -82811.3521       304.1369   -101519.5757    -82942.0978       302.5270            172.2929       167.5403    300962.4087        60.8016        60.4520

WRITING EXTENDED SYSTEM TO RESTART FILE AT STEP 105000
WRITING COORDINATES TO RESTART FILE AT STEP 105000
FINISHED WRITING RESTART COORDINATES
WRITING VELOCITIES TO RESTART FILE AT STEP 105000
FINISHED WRITING RESTART VELOCITIES
TIMING: 110000  CPU: 127.394, 0.00115402/step  Wall: 130.062, 0.00116156/step, 148.765 ns/days, 0.125836 hours remaining, 0.000000 MB of memory in use.
PERFORMANCE: 110000  averaging 148.244 ns/day, 0.00116564 sec/step with standard deviation 2.13617e-05
ENERGY:  110000       430.6580      1067.1837      1083.3810        68.0009        -114247.9004      9980.1138         0.0000         0.0000     18499.7219         -83118.8412       300.7473   -101618.5630    -82958.1935       302.4557            145.5159       143.7066    300738.5253        70.5016        69.9328

WRITING EXTENDED SYSTEM TO RESTART FILE AT STEP 110000
WRITING COORDINATES TO RESTART FILE AT STEP 110000
FINISHED WRITING RESTART COORDINATES
WRITING VELOCITIES TO RESTART FILE AT STEP 110000
FINISHED WRITING RESTART VELOCITIES
TIMING: 115000  CPU: 133.127, 0.00114663/step  Wall: 135.827, 0.00115307/step, 149.861 ns/days, 0.123314 hours remaining, 0.000000 MB of memory in use.
PERFORMANCE: 115000  averaging 148.314 ns/day, 0.0011651 sec/step with standard deviation 2.10348e-05
ENERGY:  115000       420.8101      1143.5674      1139.8940        75.1685        -113914.7384      9642.6817         0.0000         0.0000     18537.9078         -82954.7089       301.3681   -101492.6167    -82957.6762       302.4126            -93.7234       -93.3411    301361.3073        74.0431        73.5179

WRITING EXTENDED SYSTEM TO RESTART FILE AT STEP 115000
WRITING COORDINATES TO RESTART FILE AT STEP 115000
FINISHED WRITING RESTART COORDINATES
WRITING VELOCITIES TO RESTART FILE AT STEP 115000
FINISHED WRITING RESTART VELOCITIES
TIMING: 120000  CPU: 138.888, 0.00115221/step  Wall: 141.62, 0.00115852/step, 149.156 ns/days, 0.122288 hours remaining, 0.000000 MB of memory in use.
PERFORMANCE: 120000  averaging 148.349 ns/day, 0.00116482 sec/step with standard deviation 2.06162e-05
ENERGY:  120000       435.3578      1144.8934      1113.8160        75.1494        -114102.2164      9885.9609         0.0000         0.0000     18620.2067         -82826.8322       302.7060   -101447.0390    -82956.4881       302.3490            199.8762       203.2233    299040.6833        89.7832        89.5427

WRITING EXTENDED SYSTEM TO RESTART FILE AT STEP 120000
WRITING COORDINATES TO RESTART FILE AT STEP 120000
FINISHED WRITING RESTART COORDINATES
WRITING VELOCITIES TO RESTART FILE AT STEP 120000
FINISHED WRITING RESTART VELOCITIES
TIMING: 125000  CPU: 144.66, 0.00115433/step  Wall: 147.425, 0.00116105/step, 148.831 ns/days, 0.120942 hours remaining, 0.000000 MB of memory in use.
PERFORMANCE: 125000  averaging 148.368 ns/day, 0.00116467 sec/step with standard deviation 2.01962e-05
ENERGY:  125000       429.8618      1135.2623      1126.9175        67.2238        -114124.2726      9635.9409         0.0000         0.0000     18454.3140         -83274.7524       300.0091   -101729.0664    -82968.2170       302.2950           -135.4219      -136.8524    300758.1725        94.8107        94.5661

WRITING EXTENDED SYSTEM TO RESTART FILE AT STEP 125000
WRITING COORDINATES TO RESTART FILE AT STEP 125000
FINISHED WRITING RESTART COORDINATES
WRITING VELOCITIES TO RESTART FILE AT STEP 125000
FINISHED WRITING RESTART VELOCITIES
TIMING: 130000  CPU: 150.448, 0.00115764/step  Wall: 153.248, 0.00116459/step, 148.378 ns/days, 0.119694 hours remaining, 0.000000 MB of memory in use.
PERFORMANCE: 130000  averaging 148.368 ns/day, 0.00116467 sec/step with standard deviation 1.97882e-05
ENERGY:  130000       415.0042      1113.2175      1115.9830        75.0577        -113845.8976      9743.9394         0.0000         0.0000     18599.6203         -82783.0753       302.3714   -101382.6956    -82971.0017       302.1362             40.8177        41.8209    300797.2731        97.6600        97.6151

WRITING EXTENDED SYSTEM TO RESTART FILE AT STEP 130000
WRITING COORDINATES TO RESTART FILE AT STEP 130000
FINISHED WRITING RESTART COORDINATES
WRITING VELOCITIES TO RESTART FILE AT STEP 130000
FINISHED WRITING RESTART VELOCITIES
TIMING: 135000  CPU: 156.481, 0.00120666/step  Wall: 159.307, 0.00121185/step, 142.591 ns/days, 0.122869 hours remaining, 0.000000 MB of memory in use.
PERFORMANCE: 135000  averaging 148.146 ns/day, 0.00116642 sec/step with standard deviation 2.14237e-05
ENERGY:  135000       406.2577      1110.6391      1111.8077        64.3922        -114130.8928      9783.8104         0.0000         0.0000     18709.4793         -82944.5064       304.1573   -101653.9857    -82965.8966       302.3826            -95.2647       -96.8441    301438.4925        86.9596        86.7953

WRITING EXTENDED SYSTEM TO RESTART FILE AT STEP 135000
WRITING COORDINATES TO RESTART FILE AT STEP 135000
FINISHED WRITING RESTART COORDINATES
WRITING VELOCITIES TO RESTART FILE AT STEP 135000
FINISHED WRITING RESTART VELOCITIES
TIMING: 140000  CPU: 162.245, 0.00115274/step  Wall: 165.104, 0.00115933/step, 149.052 ns/days, 0.115933 hours remaining, 0.000000 MB of memory in use.
PERFORMANCE: 140000  averaging 148.178 ns/day, 0.00116616 sec/step with standard deviation 2.10658e-05
ENERGY:  140000       420.7315      1146.5863      1140.3537        74.8656        -114081.1438      9845.0687         0.0000         0.0000     18519.3474         -82934.1906       301.0664   -101453.5380    -82960.2394       302.2949             80.5962        77.6995    299761.9021        80.5163        80.2673

WRITING EXTENDED SYSTEM TO RESTART FILE AT STEP 140000
WRITING COORDINATES TO RESTART FILE AT STEP 140000
FINISHED WRITING RESTART COORDINATES
WRITING VELOCITIES TO RESTART FILE AT STEP 140000
FINISHED WRITING RESTART VELOCITIES
TIMING: 145000  CPU: 167.952, 0.00114147/step  Wall: 170.845, 0.00114812/step, 150.507 ns/days, 0.113217 hours remaining, 0.000000 MB of memory in use.
PERFORMANCE: 145000  averaging 148.257 ns/day, 0.00116554 sec/step with standard deviation 2.09559e-05
ENERGY:  145000       452.8996      1113.8322      1120.6620        70.8229        -113845.0692      9644.1091         0.0000         0.0000     18605.3308         -82837.4126       302.4642   -101442.7434    -82952.6798       302.2164           -250.2143      -253.9654    302158.3195        61.8677        61.5843

WRITING EXTENDED SYSTEM TO RESTART FILE AT STEP 145000
WRITING COORDINATES TO RESTART FILE AT STEP 145000
FINISHED WRITING RESTART COORDINATES
WRITING VELOCITIES TO RESTART FILE AT STEP 145000
FINISHED WRITING RESTART VELOCITIES
TIMING: 150000  CPU: 173.714, 0.00115227/step  Wall: 176.648, 0.00116074/step, 148.87 ns/days, 0.11285 hours remaining, 0.000000 MB of memory in use.
PERFORMANCE: 150000  averaging 148.278 ns/day, 0.00116538 sec/step with standard deviation 2.061e-05
ETITLE:      TS           BOND          ANGLE          DIHED          IMPRP               ELECT            VDW       BOUNDARY           MISC        KINETIC               TOTAL           TEMP      POTENTIAL       TOTALAVG        TEMPAVG            PRESSURE      GPRESSURE         VOLUME       PRESSAVG      GPRESSAVG

ENERGY:  150000       461.0430      1155.9707      1139.3994        83.1253        -114397.9572      9952.0682         0.0000         0.0000     18512.0559         -83094.2948       300.9479   -101606.3506    -82970.5543       302.0562            146.3944       146.4917    299964.3016        63.0547        62.8295

WRITING EXTENDED SYSTEM TO RESTART FILE AT STEP 150000
WRITING COORDINATES TO RESTART FILE AT STEP 150000
FINISHED WRITING RESTART COORDINATES
WRITING VELOCITIES TO RESTART FILE AT STEP 150000
FINISHED WRITING RESTART VELOCITIES
TIMING: 155000  CPU: 179.522, 0.00116163/step  Wall: 182.482, 0.00116682/step, 148.095 ns/days, 0.11182 hours remaining, 0.000000 MB of memory in use.
PERFORMANCE: 155000  averaging 148.272 ns/day, 0.00116543 sec/step with standard deviation 2.02653e-05
ENERGY:  155000       403.2852      1151.9624      1132.1746        73.1789        -114074.5108      9783.8419         0.0000         0.0000     18444.1895         -83085.8782       299.8446   -101530.0677    -82995.6459       301.9828            -46.4192       -45.4597    300548.2422        53.1510        52.8094

WRITING EXTENDED SYSTEM TO RESTART FILE AT STEP 155000
WRITING COORDINATES TO RESTART FILE AT STEP 155000
FINISHED WRITING RESTART COORDINATES
WRITING VELOCITIES TO RESTART FILE AT STEP 155000
FINISHED WRITING RESTART VELOCITIES
TIMING: 160000  CPU: 185.271, 0.00114973/step  Wall: 188.265, 0.00115652/step, 149.414 ns/days, 0.109227 hours remaining, 0.000000 MB of memory in use.
PERFORMANCE: 160000  averaging 148.307 ns/day, 0.00116515 sec/step with standard deviation 1.99978e-05
ENERGY:  160000       411.4730      1132.0098      1122.8508        72.8272        -114076.7725      9785.1345         0.0000         0.0000     18608.6608         -82943.8163       302.5183   -101552.4772    -82999.7599       301.9632            -36.9836       -37.7944    300493.1723        48.5207        47.8769

WRITING EXTENDED SYSTEM TO RESTART FILE AT STEP 160000
WRITING COORDINATES TO RESTART FILE AT STEP 160000
FINISHED WRITING RESTART COORDINATES
WRITING VELOCITIES TO RESTART FILE AT STEP 160000
FINISHED WRITING RESTART VELOCITIES
TIMING: 165000  CPU: 191.028, 0.00115139/step  Wall: 194.056, 0.00115812/step, 149.208 ns/days, 0.107769 hours remaining, 0.000000 MB of memory in use.
PERFORMANCE: 165000  averaging 148.334 ns/day, 0.00116494 sec/step with standard deviation 1.97209e-05
ENERGY:  165000       429.5123      1108.6806      1129.9258        69.1697        -114208.8168      9941.8840         0.0000         0.0000     18648.3495         -82881.2950       303.1636   -101529.6445    -83005.1451       301.8997            138.1798       138.2426    301488.5039        64.7042        64.2103

WRITING EXTENDED SYSTEM TO RESTART FILE AT STEP 165000
WRITING COORDINATES TO RESTART FILE AT STEP 165000
FINISHED WRITING RESTART COORDINATES
WRITING VELOCITIES TO RESTART FILE AT STEP 165000
FINISHED WRITING RESTART VELOCITIES
TIMING: 170000  CPU: 196.79, 0.00115255/step  Wall: 199.855, 0.00115987/step, 148.983 ns/days, 0.106321 hours remaining, 0.000000 MB of memory in use.
PERFORMANCE: 170000  averaging 148.353 ns/day, 0.00116479 sec/step with standard deviation 1.94393e-05
ENERGY:  170000       409.8125      1124.5840      1120.6326        68.8709        -113830.2864      9666.0843         0.0000         0.0000     18717.2387         -82723.0635       304.2835   -101440.3021    -82982.9168       302.1125             21.9739        23.8338    302012.0587        63.4139        63.2341

WRITING EXTENDED SYSTEM TO RESTART FILE AT STEP 170000
WRITING COORDINATES TO RESTART FILE AT STEP 170000
FINISHED WRITING RESTART COORDINATES
WRITING VELOCITIES TO RESTART FILE AT STEP 170000
FINISHED WRITING RESTART VELOCITIES
TIMING: 175000  CPU: 202.541, 0.00115006/step  Wall: 205.64, 0.00115709/step, 149.34 ns/days, 0.10446 hours remaining, 0.000000 MB of memory in use.
PERFORMANCE: 175000  averaging 148.381 ns/day, 0.00116457 sec/step with standard deviation 1.91954e-05
ENERGY:  175000       408.0107      1124.4467      1120.9820        67.1582        -113838.9188      9854.1989         0.0000         0.0000     18545.2349         -82718.8873       301.4872   -101264.1222    -82955.7854       302.2226            -47.9374       -48.5206    303042.0414        52.4188        52.0251

WRITING EXTENDED SYSTEM TO RESTART FILE AT STEP 175000
WRITING COORDINATES TO RESTART FILE AT STEP 175000
FINISHED WRITING RESTART COORDINATES
WRITING VELOCITIES TO RESTART FILE AT STEP 175000
FINISHED WRITING RESTART VELOCITIES
TIMING: 180000  CPU: 208.262, 0.00114436/step  Wall: 211.397, 0.00115129/step, 150.093 ns/days, 0.102336 hours remaining, 0.000000 MB of memory in use.
PERFORMANCE: 180000  averaging 148.428 ns/day, 0.0011642 sec/step with standard deviation 1.90483e-05
ENERGY:  180000       433.8091      1139.5586      1107.8938        72.0106        -114232.1742      9686.4187         0.0000         0.0000     18586.4474         -83206.0361       302.1572   -101792.4835    -82963.6459       302.2611           -181.2961      -180.4535    299884.2204        29.8452        29.5918

WRITING EXTENDED SYSTEM TO RESTART FILE AT STEP 180000
WRITING COORDINATES TO RESTART FILE AT STEP 180000
FINISHED WRITING RESTART COORDINATES
WRITING VELOCITIES TO RESTART FILE AT STEP 180000
FINISHED WRITING RESTART VELOCITIES
TIMING: 185000  CPU: 214.019, 0.00115139/step  Wall: 217.188, 0.00115829/step, 149.186 ns/days, 0.10135 hours remaining, 0.000000 MB of memory in use.
PERFORMANCE: 185000  averaging 148.449 ns/day, 0.00116404 sec/step with standard deviation 1.8807e-05
ENERGY:  185000       424.7805      1100.7951      1116.3079        59.3125        -114273.1030      9886.0471         0.0000         0.0000     18526.8330         -83159.0269       301.1881   -101685.8599    -82982.6935       302.1578            118.5190       119.1979    300682.6155        29.7623        29.2708

WRITING EXTENDED SYSTEM TO RESTART FILE AT STEP 185000
WRITING COORDINATES TO RESTART FILE AT STEP 185000
FINISHED WRITING RESTART COORDINATES
WRITING VELOCITIES TO RESTART FILE AT STEP 185000
FINISHED WRITING RESTART VELOCITIES
TIMING: 190000  CPU: 219.768, 0.00114982/step  Wall: 222.972, 0.00115666/step, 149.396 ns/days, 0.0996012 hours remaining, 0.000000 MB of memory in use.
PERFORMANCE: 190000  averaging 148.473 ns/day, 0.00116384 sec/step with standard deviation 1.85897e-05
ENERGY:  190000       415.8879      1120.9166      1113.6487        75.5081        -114402.0691      9831.9332         0.0000         0.0000     18571.2818         -83272.8927       301.9107   -101844.1745    -82990.0562       302.1775            187.8147       191.0015    299071.0202        50.9507        50.7048

WRITING EXTENDED SYSTEM TO RESTART FILE AT STEP 190000
WRITING COORDINATES TO RESTART FILE AT STEP 190000
FINISHED WRITING RESTART COORDINATES
WRITING VELOCITIES TO RESTART FILE AT STEP 190000
FINISHED WRITING RESTART VELOCITIES
TIMING: 195000  CPU: 225.504, 0.00114719/step  Wall: 228.75, 0.00115564/step, 149.527 ns/days, 0.0979086 hours remaining, 0.000000 MB of memory in use.
PERFORMANCE: 195000  averaging 148.5 ns/day, 0.00116363 sec/step with standard deviation 1.83904e-05
ENERGY:  195000       444.2333      1119.1356      1099.5908        73.9110        -114485.6626     10064.7188         0.0000         0.0000     18508.9840         -83175.0892       300.8979   -101684.0732    -82988.0160       302.0461            195.9006       196.8819    301239.0400        44.4366        44.2699

WRITING EXTENDED SYSTEM TO RESTART FILE AT STEP 195000
WRITING COORDINATES TO RESTART FILE AT STEP 195000
FINISHED WRITING RESTART COORDINATES
WRITING VELOCITIES TO RESTART FILE AT STEP 195000
FINISHED WRITING RESTART VELOCITIES
TIMING: 200000  CPU: 231.256, 0.00115031/step  Wall: 234.541, 0.00115819/step, 149.199 ns/days, 0.0965157 hours remaining, 0.000000 MB of memory in use.
PERFORMANCE: 200000  averaging 148.518 ns/day, 0.0011635 sec/step with standard deviation 1.81735e-05
ETITLE:      TS           BOND          ANGLE          DIHED          IMPRP               ELECT            VDW       BOUNDARY           MISC        KINETIC               TOTAL           TEMP      POTENTIAL       TOTALAVG        TEMPAVG            PRESSURE      GPRESSURE         VOLUME       PRESSAVG      GPRESSAVG

ENERGY:  200000       438.6342      1155.9531      1083.3278        64.4624        -113961.8852      9757.3403         0.0000         0.0000     18637.8070         -82824.3604       302.9922   -101462.1674    -82978.5156       302.0209             10.4370         8.2667    299958.3961        28.5529        28.2338

WRITING EXTENDED SYSTEM TO RESTART FILE AT STEP 200000
WRITING COORDINATES TO RESTART FILE AT STEP 200000
FINISHED WRITING RESTART COORDINATES
WRITING VELOCITIES TO RESTART FILE AT STEP 200000
FINISHED WRITING RESTART VELOCITIES
TIMING: 205000  CPU: 236.994, 0.00114765/step  Wall: 240.313, 0.00115446/step, 149.68 ns/days, 0.0946018 hours remaining, 0.000000 MB of memory in use.
PERFORMANCE: 205000  averaging 148.546 ns/day, 0.00116328 sec/step with standard deviation 1.80003e-05
ENERGY:  205000       449.3711      1080.3457      1109.3440        72.8323        -114000.1135      9601.7542         0.0000         0.0000     18567.8031         -83118.6632       301.8541   -101686.4662    -82993.8812       301.9068           -193.3240      -189.6732    301141.0795        10.2720        10.3731

WRITING EXTENDED SYSTEM TO RESTART FILE AT STEP 205000
WRITING COORDINATES TO RESTART FILE AT STEP 205000
FINISHED WRITING RESTART COORDINATES
WRITING VELOCITIES TO RESTART FILE AT STEP 205000
FINISHED WRITING RESTART VELOCITIES
TIMING: 210000  CPU: 242.756, 0.00115231/step  Wall: 246.11, 0.0011593/step, 149.056 ns/days, 0.093388 hours remaining, 0.000000 MB of memory in use.
PERFORMANCE: 210000  averaging 148.558 ns/day, 0.00116318 sec/step with standard deviation 1.779e-05
ENERGY:  210000       428.1380      1081.5466      1093.9641        69.8027        -113759.1348      9731.5845         0.0000         0.0000     18696.7687         -82657.3303       303.9507   -101354.0990    -82970.8056       302.0669           -151.4057      -157.3991    301245.4217        -4.5741        -4.6822

WRITING EXTENDED SYSTEM TO RESTART FILE AT STEP 210000
WRITING COORDINATES TO RESTART FILE AT STEP 210000
FINISHED WRITING RESTART COORDINATES
WRITING VELOCITIES TO RESTART FILE AT STEP 210000
FINISHED WRITING RESTART VELOCITIES
TIMING: 215000  CPU: 248.491, 0.00114701/step  Wall: 251.877, 0.0011534/step, 149.818 ns/days, 0.0913108 hours remaining, 0.000000 MB of memory in use.
PERFORMANCE: 215000  averaging 148.587 ns/day, 0.00116296 sec/step with standard deviation 1.76402e-05
ENERGY:  215000       435.7383      1130.1526      1117.1920        72.0458        -113834.8754      9778.9316         0.0000         0.0000     18600.8816         -82699.9335       302.3919   -101300.8151    -82958.0668       302.1181             95.8367       100.7887    300547.5258         4.9040         5.0243

WRITING EXTENDED SYSTEM TO RESTART FILE AT STEP 215000
WRITING COORDINATES TO RESTART FILE AT STEP 215000
FINISHED WRITING RESTART COORDINATES
WRITING VELOCITIES TO RESTART FILE AT STEP 215000
FINISHED WRITING RESTART VELOCITIES
TIMING: 220000  CPU: 254.254, 0.00115269/step  Wall: 257.673, 0.00115929/step, 149.056 ns/days, 0.0901672 hours remaining, 0.000000 MB of memory in use.
PERFORMANCE: 220000  averaging 148.598 ns/day, 0.00116287 sec/step with standard deviation 1.74426e-05
ENERGY:  220000       459.4867      1164.8054      1134.1341        82.5711        -113967.0765      9656.7515         0.0000         0.0000     18445.5890         -83023.7386       299.8673   -101469.3276    -82967.9122       301.9762            -67.0308       -69.3147    299477.1143        -8.4414        -8.6026

WRITING EXTENDED SYSTEM TO RESTART FILE AT STEP 220000
WRITING COORDINATES TO RESTART FILE AT STEP 220000
FINISHED WRITING RESTART COORDINATES
WRITING VELOCITIES TO RESTART FILE AT STEP 220000
FINISHED WRITING RESTART VELOCITIES
TIMING: 225000  CPU: 259.985, 0.00114618/step  Wall: 263.437, 0.00115275/step, 149.903 ns/days, 0.0880569 hours remaining, 0.000000 MB of memory in use.
PERFORMANCE: 225000  averaging 148.626 ns/day, 0.00116265 sec/step with standard deviation 1.73092e-05
ENERGY:  225000       430.7267      1085.9821      1103.7625        77.5275        -113526.3229      9576.7887         0.0000         0.0000     18570.1320         -82681.4034       301.8920   -101251.5354    -82938.2447       302.0703           -172.3875      -166.0959    301971.5642       -10.2897       -10.0648

WRITING EXTENDED SYSTEM TO RESTART FILE AT STEP 225000
WRITING COORDINATES TO RESTART FILE AT STEP 225000
FINISHED WRITING RESTART COORDINATES
WRITING VELOCITIES TO RESTART FILE AT STEP 225000
FINISHED WRITING RESTART VELOCITIES
TIMING: 230000  CPU: 265.742, 0.00115133/step  Wall: 269.226, 0.00115785/step, 149.242 ns/days, 0.086839 hours remaining, 0.000000 MB of memory in use.
PERFORMANCE: 230000  averaging 148.64 ns/day, 0.00116254 sec/step with standard deviation 1.71304e-05
ENERGY:  230000       436.7286      1089.5153      1077.2166        74.5919        -114014.3369      9759.8167         0.0000         0.0000     18757.2555         -82819.2123       304.9340   -101576.4678    -82940.0516       302.1985            -75.2554       -71.3565    301498.2837       -16.0933       -15.7236

WRITING EXTENDED SYSTEM TO RESTART FILE AT STEP 230000
WRITING COORDINATES TO RESTART FILE AT STEP 230000
FINISHED WRITING RESTART COORDINATES
WRITING VELOCITIES TO RESTART FILE AT STEP 230000
FINISHED WRITING RESTART VELOCITIES
TIMING: 235000  CPU: 271.498, 0.00115122/step  Wall: 275.016, 0.00115809/step, 149.211 ns/days, 0.0852485 hours remaining, 0.000000 MB of memory in use.
PERFORMANCE: 235000  averaging 148.652 ns/day, 0.00116245 sec/step with standard deviation 1.69556e-05
ENERGY:  235000       395.0260      1173.0938      1109.8186        76.5594        -113797.6764      9520.1139         0.0000         0.0000     18643.3701         -82879.6946       303.0826   -101523.0647    -82936.8110       302.1447           -187.3728      -184.8776    302172.2914       -20.6987       -20.1253

WRITING EXTENDED SYSTEM TO RESTART FILE AT STEP 235000
WRITING COORDINATES TO RESTART FILE AT STEP 235000
FINISHED WRITING RESTART COORDINATES
WRITING VELOCITIES TO RESTART FILE AT STEP 235000
FINISHED WRITING RESTART VELOCITIES
TIMING: 240000  CPU: 277.251, 0.00115069/step  Wall: 280.794, 0.00115559/step, 149.533 ns/days, 0.0834596 hours remaining, 0.000000 MB of memory in use.
PERFORMANCE: 240000  averaging 148.67 ns/day, 0.00116231 sec/step with standard deviation 1.68034e-05
ENERGY:  240000       466.0426      1121.5892      1135.7243        65.5118        -114372.7296      9988.6168         0.0000         0.0000     18717.5129         -82877.7319       304.2879   -101595.2448    -82933.9880       302.3058             -6.6396        -3.0486    300835.2349       -25.0605       -24.1627

WRITING EXTENDED SYSTEM TO RESTART FILE AT STEP 240000
WRITING COORDINATES TO RESTART FILE AT STEP 240000
FINISHED WRITING RESTART COORDINATES
WRITING VELOCITIES TO RESTART FILE AT STEP 240000
FINISHED WRITING RESTART VELOCITIES
TIMING: 245000  CPU: 283.006, 0.00115085/step  Wall: 286.581, 0.00115737/step, 149.303 ns/days, 0.0819807 hours remaining, 0.000000 MB of memory in use.
PERFORMANCE: 245000  averaging 148.683 ns/day, 0.0011622 sec/step with standard deviation 1.66423e-05
ENERGY:  245000       443.5589      1119.6157      1119.9979        69.1675        -114140.2158      9836.3594         0.0000         0.0000     18638.6033         -82912.9131       303.0051   -101551.5164    -82937.7631       302.3328            -96.0606      -102.6974    302220.4870       -17.3528       -16.5993

WRITING EXTENDED SYSTEM TO RESTART FILE AT STEP 245000
WRITING COORDINATES TO RESTART FILE AT STEP 245000
FINISHED WRITING RESTART COORDINATES
WRITING VELOCITIES TO RESTART FILE AT STEP 245000
FINISHED WRITING RESTART VELOCITIES
TIMING: 250000  CPU: 288.791, 0.00115714/step  Wall: 292.42, 0.00116769/step, 147.985 ns/days, 0.0810894 hours remaining, 0.000000 MB of memory in use.
PERFORMANCE: 250000  averaging 148.669 ns/day, 0.00116231 sec/step with standard deviation 1.64899e-05
ETITLE:      TS           BOND          ANGLE          DIHED          IMPRP               ELECT            VDW       BOUNDARY           MISC        KINETIC               TOTAL           TEMP      POTENTIAL       TOTALAVG        TEMPAVG            PRESSURE      GPRESSURE         VOLUME       PRESSAVG      GPRESSAVG

ENERGY:  250000       396.4365      1138.7285      1117.4524        72.5288        -114660.7211     10033.7791         0.0000         0.0000     18679.6982         -83222.0977       303.6732   -101901.7958    -82944.1532       302.4691            314.5311       312.0114    299127.5346        -8.9460        -8.3233

WRITING EXTENDED SYSTEM TO RESTART FILE AT STEP 250000
WRITING COORDINATES TO RESTART FILE AT STEP 250000
FINISHED WRITING RESTART COORDINATES
WRITING VELOCITIES TO RESTART FILE AT STEP 250000
FINISHED WRITING RESTART VELOCITIES
TIMING: 255000  CPU: 294.564, 0.00115453/step  Wall: 298.227, 0.00116155/step, 148.767 ns/days, 0.0790496 hours remaining, 0.000000 MB of memory in use.
PERFORMANCE: 255000  averaging 148.671 ns/day, 0.0011623 sec/step with standard deviation 1.63245e-05
ENERGY:  255000       420.7589      1136.3780      1114.3511        74.8987        -114142.4927      9846.3444         0.0000         0.0000     18494.6455         -83055.1160       300.6648   -101549.7615    -82942.6151       302.5101             70.8205        65.3390    301136.6038        -3.0840        -2.7834

WRITING EXTENDED SYSTEM TO RESTART FILE AT STEP 255000
WRITING COORDINATES TO RESTART FILE AT STEP 255000
FINISHED WRITING RESTART COORDINATES
WRITING VELOCITIES TO RESTART FILE AT STEP 255000
FINISHED WRITING RESTART VELOCITIES
TIMING: 260000  CPU: 300.348, 0.00115689/step  Wall: 304.044, 0.0011634/step, 148.53 ns/days, 0.0775599 hours remaining, 0.000000 MB of memory in use.
PERFORMANCE: 260000  averaging 148.668 ns/day, 0.00116232 sec/step with standard deviation 1.61644e-05
ENERGY:  260000       456.0469      1103.4218      1125.9570        68.0800        -114184.9606      9732.0368         0.0000         0.0000     18508.2693         -83191.1488       300.8863   -101699.4181    -82954.9817       302.4285           -204.4857      -209.5238    301666.9467       -11.4591       -11.3699

WRITING EXTENDED SYSTEM TO RESTART FILE AT STEP 260000
WRITING COORDINATES TO RESTART FILE AT STEP 260000
FINISHED WRITING RESTART COORDINATES
WRITING VELOCITIES TO RESTART FILE AT STEP 260000
FINISHED WRITING RESTART VELOCITIES
TIMING: 265000  CPU: 306.126, 0.00115548/step  Wall: 309.857, 0.00116256/step, 148.637 ns/days, 0.0758895 hours remaining, 0.000000 MB of memory in use.
PERFORMANCE: 265000  averaging 148.668 ns/day, 0.00116233 sec/step with standard deviation 1.60082e-05
ENERGY:  265000       411.0209      1144.0201      1126.5391        65.8774        -114442.1983      9819.3749         0.0000         0.0000     18693.7784         -83181.5875       303.9021   -101875.3660    -82969.9964       302.4654             43.2137        43.7213    298846.4295       -16.2074       -16.0959

WRITING EXTENDED SYSTEM TO RESTART FILE AT STEP 265000
WRITING COORDINATES TO RESTART FILE AT STEP 265000
FINISHED WRITING RESTART COORDINATES
WRITING VELOCITIES TO RESTART FILE AT STEP 265000
FINISHED WRITING RESTART VELOCITIES
TIMING: 270000  CPU: 311.884, 0.00115164/step  Wall: 315.641, 0.00115681/step, 149.377 ns/days, 0.0739071 hours remaining, 0.000000 MB of memory in use.
PERFORMANCE: 270000  averaging 148.681 ns/day, 0.00116222 sec/step with standard deviation 1.58743e-05
ENERGY:  270000       430.9493      1096.4660      1126.0504        74.0881        -113935.7034      9862.4959         0.0000         0.0000     18515.9947         -82829.6590       301.0119   -101345.6537    -82975.3261       302.3019            -55.1201       -47.4825    301369.4952       -20.0621       -19.6617

WRITING EXTENDED SYSTEM TO RESTART FILE AT STEP 270000
WRITING COORDINATES TO RESTART FILE AT STEP 270000
FINISHED WRITING RESTART COORDINATES
WRITING VELOCITIES TO RESTART FILE AT STEP 270000
FINISHED WRITING RESTART VELOCITIES
TIMING: 275000  CPU: 317.664, 0.00115606/step  Wall: 321.456, 0.00116293/step, 148.59 ns/days, 0.0726834 hours remaining, 0.000000 MB of memory in use.
PERFORMANCE: 275000  averaging 148.679 ns/day, 0.00116224 sec/step with standard deviation 1.57269e-05
ENERGY:  275000       444.0018      1138.4623      1130.0632        67.7706        -114044.4557      9699.9408         0.0000         0.0000     18434.5765         -83129.6405       299.6883   -101564.2170    -82995.8638       302.2119           -195.8494      -196.2706    300330.9519       -27.4577       -27.0492

WRITING EXTENDED SYSTEM TO RESTART FILE AT STEP 275000
WRITING COORDINATES TO RESTART FILE AT STEP 275000
FINISHED WRITING RESTART COORDINATES
WRITING VELOCITIES TO RESTART FILE AT STEP 275000
FINISHED WRITING RESTART VELOCITIES
TIMING: 280000  CPU: 323.435, 0.00115411/step  Wall: 327.26, 0.00116086/step, 148.855 ns/days, 0.0709415 hours remaining, 0.000000 MB of memory in use.
PERFORMANCE: 280000  averaging 148.682 ns/day, 0.00116221 sec/step with standard deviation 1.55843e-05
ENERGY:  280000       399.7245      1113.4833      1130.7284        74.0142        -114442.1599     10151.2683         0.0000         0.0000     18544.5567         -83028.3845       301.4762   -101572.9412    -82986.9812       302.1779            417.9203       419.9970    300103.4385         2.5031         2.9733

WRITING EXTENDED SYSTEM TO RESTART FILE AT STEP 280000
WRITING COORDINATES TO RESTART FILE AT STEP 280000
FINISHED WRITING RESTART COORDINATES
WRITING VELOCITIES TO RESTART FILE AT STEP 280000
FINISHED WRITING RESTART VELOCITIES
TIMING: 285000  CPU: 329.175, 0.00114803/step  Wall: 333.033, 0.00115462/step, 149.659 ns/days, 0.0689567 hours remaining, 0.000000 MB of memory in use.
PERFORMANCE: 285000  averaging 148.699 ns/day, 0.00116208 sec/step with standard deviation 1.54772e-05
ENERGY:  285000       439.8995      1121.4530      1137.8191        68.2279        -113925.6008      9775.7509         0.0000         0.0000     18540.7414         -82841.7091       301.4142   -101382.4505    -82971.1153       302.1892              7.9272         7.6182    300632.0151        -3.0265        -2.6057

WRITING EXTENDED SYSTEM TO RESTART FILE AT STEP 285000
WRITING COORDINATES TO RESTART FILE AT STEP 285000
FINISHED WRITING RESTART COORDINATES
WRITING VELOCITIES TO RESTART FILE AT STEP 285000
FINISHED WRITING RESTART VELOCITIES
TIMING: 290000  CPU: 334.91, 0.00114698/step  Wall: 338.8, 0.0011533/step, 149.831 ns/days, 0.0672759 hours remaining, 0.000000 MB of memory in use.
PERFORMANCE: 290000  averaging 148.718 ns/day, 0.00116193 sec/step with standard deviation 1.53841e-05
ENERGY:  290000       458.6587      1132.5310      1116.3531        63.9108        -113901.8401      9676.6584         0.0000         0.0000     18495.3593         -82958.3687       300.6764   -101453.7280    -82955.3891       302.1275            -92.7912       -96.3292    300936.0790       -17.0568       -16.9722

WRITING EXTENDED SYSTEM TO RESTART FILE AT STEP 290000
WRITING COORDINATES TO RESTART FILE AT STEP 290000
FINISHED WRITING RESTART COORDINATES
WRITING VELOCITIES TO RESTART FILE AT STEP 290000
FINISHED WRITING RESTART VELOCITIES
TIMING: 295000  CPU: 340.663, 0.00115051/step  Wall: 344.585, 0.00115694/step, 149.36 ns/days, 0.0658811 hours remaining, 0.000000 MB of memory in use.
PERFORMANCE: 295000  averaging 148.729 ns/day, 0.00116184 sec/step with standard deviation 1.52647e-05
ENERGY:  295000       441.4393      1128.4787      1111.8072        73.1755        -113979.7565      9672.4763         0.0000         0.0000     18616.8818         -82935.4977       302.6520   -101552.3795    -82943.4095       302.2152           -122.7745      -123.9756    301466.0104       -32.9905       -33.0151

WRITING EXTENDED SYSTEM TO RESTART FILE AT STEP 295000
WRITING COORDINATES TO RESTART FILE AT STEP 295000
FINISHED WRITING RESTART COORDINATES
WRITING VELOCITIES TO RESTART FILE AT STEP 295000
FINISHED WRITING RESTART VELOCITIES
TIMING: 300000  CPU: 346.786, 0.00122467/step  Wall: 351.585, 0.00140003/step, 123.426 ns/days, 0.0777796 hours remaining, 0.000000 MB of memory in use.
PERFORMANCE: 300000  averaging 148.223 ns/day, 0.00116581 sec/step with standard deviation 3.4273e-05
ETITLE:      TS           BOND          ANGLE          DIHED          IMPRP               ELECT            VDW       BOUNDARY           MISC        KINETIC               TOTAL           TEMP      POTENTIAL       TOTALAVG        TEMPAVG            PRESSURE      GPRESSURE         VOLUME       PRESSAVG      GPRESSAVG

ENERGY:  300000       429.3371      1173.5697      1133.5837        85.9346        -113848.0819      9725.4032         0.0000         0.0000     18735.2524         -82565.0012       304.5763   -101300.2536    -82930.4416       302.2944            105.4752       106.9376    301292.1943       -28.2386       -28.0816

WRITING EXTENDED SYSTEM TO RESTART FILE AT STEP 300000
WRITING COORDINATES TO RESTART FILE AT STEP 300000
FINISHED WRITING RESTART COORDINATES
WRITING VELOCITIES TO RESTART FILE AT STEP 300000
FINISHED WRITING RESTART VELOCITIES
TIMING: 305000  CPU: 352.532, 0.00114925/step  Wall: 357.363, 0.00115572/step, 149.518 ns/days, 0.0626013 hours remaining, 0.000000 MB of memory in use.
PERFORMANCE: 305000  averaging 148.244 ns/day, 0.00116565 sec/step with standard deviation 3.40108e-05
ENERGY:  305000       457.4799      1158.7421      1092.4757        63.6588        -114296.1786     10006.5173         0.0000         0.0000     18515.8693         -83001.4356       301.0098   -101517.3048    -82924.5802       302.2522            232.4249       235.2471    301048.8048        -6.9512        -6.8356

WRITING EXTENDED SYSTEM TO RESTART FILE AT STEP 305000
WRITING COORDINATES TO RESTART FILE AT STEP 305000
FINISHED WRITING RESTART COORDINATES
WRITING VELOCITIES TO RESTART FILE AT STEP 305000
FINISHED WRITING RESTART VELOCITIES
TIMING: 310000  CPU: 358.292, 0.00115188/step  Wall: 363.159, 0.00115921/step, 149.068 ns/days, 0.0611803 hours remaining, 0.000000 MB of memory in use.
PERFORMANCE: 310000  averaging 148.257 ns/day, 0.00116554 sec/step with standard deviation 3.37408e-05
ENERGY:  310000       429.5510      1108.5281      1138.3083        68.6907        -113900.9225      9692.7621         0.0000         0.0000     18629.4623         -82833.6200       302.8565   -101463.0823    -82933.3947       302.1974           -181.4762      -175.6560    300863.1472        -8.4547        -7.7484

WRITING EXTENDED SYSTEM TO RESTART FILE AT STEP 310000
WRITING COORDINATES TO RESTART FILE AT STEP 310000
FINISHED WRITING RESTART COORDINATES
WRITING VELOCITIES TO RESTART FILE AT STEP 310000
FINISHED WRITING RESTART VELOCITIES
TIMING: 315000  CPU: 364.041, 0.00114993/step  Wall: 368.941, 0.0011563/step, 149.443 ns/days, 0.0594208 hours remaining, 0.000000 MB of memory in use.
PERFORMANCE: 315000  averaging 148.276 ns/day, 0.0011654 sec/step with standard deviation 3.34878e-05
ENERGY:  315000       483.4469      1109.0014      1153.0860        67.5553        -114007.2447      9833.0270         0.0000         0.0000     18629.8616         -82731.2666       302.8630   -101361.1282    -82934.9613       302.2210           -100.0243       -98.0122    302520.8495       -18.2478       -17.6884

WRITING EXTENDED SYSTEM TO RESTART FILE AT STEP 315000
WRITING COORDINATES TO RESTART FILE AT STEP 315000
FINISHED WRITING RESTART COORDINATES
WRITING VELOCITIES TO RESTART FILE AT STEP 315000
FINISHED WRITING RESTART VELOCITIES
TIMING: 320000  CPU: 369.78, 0.00114776/step  Wall: 374.712, 0.00115433/step, 149.698 ns/days, 0.0577164 hours remaining, 0.000000 MB of memory in use.
PERFORMANCE: 320000  averaging 148.298 ns/day, 0.00116522 sec/step with standard deviation 3.32498e-05
ENERGY:  320000       400.2040      1150.5336      1105.4233        77.9292        -114275.1827      9959.6567         0.0000         0.0000     18513.2223         -83068.2138       300.9668   -101581.4360    -82937.1851       302.2760             21.5328        20.9300    301538.1379       -13.8196       -13.1762

WRITING EXTENDED SYSTEM TO RESTART FILE AT STEP 320000
WRITING COORDINATES TO RESTART FILE AT STEP 320000
FINISHED WRITING RESTART COORDINATES
WRITING VELOCITIES TO RESTART FILE AT STEP 320000
FINISHED WRITING RESTART VELOCITIES
TIMING: 325000  CPU: 375.548, 0.00115356/step  Wall: 380.514, 0.00116026/step, 148.932 ns/days, 0.0564014 hours remaining, 0.000000 MB of memory in use.
PERFORMANCE: 325000  averaging 148.308 ns/day, 0.00116515 sec/step with standard deviation 3.29948e-05
ENERGY:  325000       401.5670      1129.2075      1127.3664        76.2299        -114092.6648      9859.4254         0.0000         0.0000     18560.4844         -82938.3842       301.7351   -101498.8686    -82950.0341       302.2681            185.3101       181.7996    300377.9458         4.0653         4.2186

WRITING EXTENDED SYSTEM TO RESTART FILE AT STEP 325000
WRITING COORDINATES TO RESTART FILE AT STEP 325000
FINISHED WRITING RESTART COORDINATES
WRITING VELOCITIES TO RESTART FILE AT STEP 325000
FINISHED WRITING RESTART VELOCITIES
TIMING: 330000  CPU: 381.285, 0.00114746/step  Wall: 386.283, 0.00115376/step, 149.771 ns/days, 0.0544831 hours remaining, 0.000000 MB of memory in use.
PERFORMANCE: 330000  averaging 148.329 ns/day, 0.00116497 sec/step with standard deviation 3.277e-05
ENERGY:  330000       466.2198      1137.2932      1120.8144        68.3965        -113989.0869      9696.8086         0.0000         0.0000     18501.8058         -82997.7487       300.7812   -101499.5545    -82958.9610       302.0605            -96.0007       -94.7857    300826.5531         3.0280         3.0471

WRITING EXTENDED SYSTEM TO RESTART FILE AT STEP 330000
WRITING COORDINATES TO RESTART FILE AT STEP 330000
FINISHED WRITING RESTART COORDINATES
WRITING VELOCITIES TO RESTART FILE AT STEP 330000
FINISHED WRITING RESTART VELOCITIES
TIMING: 335000  CPU: 387.04, 0.001151/step  Wall: 392.073, 0.00115817/step, 149.201 ns/days, 0.0530829 hours remaining, 0.000000 MB of memory in use.
PERFORMANCE: 335000  averaging 148.342 ns/day, 0.00116487 sec/step with standard deviation 3.25314e-05
ENERGY:  335000       426.3148      1094.0097      1127.3837        77.6051        -114169.6876      9728.4786         0.0000         0.0000     18603.4358         -83112.4599       302.4334   -101715.8957    -82970.5992       302.0280           -132.8584      -125.4741    300127.2750         5.7538         6.0173

WRITING EXTENDED SYSTEM TO RESTART FILE AT STEP 335000
WRITING COORDINATES TO RESTART FILE AT STEP 335000
FINISHED WRITING RESTART COORDINATES
WRITING VELOCITIES TO RESTART FILE AT STEP 335000
FINISHED WRITING RESTART VELOCITIES
TIMING: 340000  CPU: 392.809, 0.00115377/step  Wall: 397.877, 0.00116081/step, 148.862 ns/days, 0.0515914 hours remaining, 0.000000 MB of memory in use.
PERFORMANCE: 340000  averaging 148.35 ns/day, 0.00116481 sec/step with standard deviation 3.22914e-05
ENERGY:  340000       440.1031      1143.3658      1135.9910        76.0002        -113880.7849      9894.9975         0.0000         0.0000     18487.0745         -82703.2527       300.5417   -101190.3273    -82961.8753       301.8407            197.7979       197.5487    300672.1479        15.9756        16.0471

WRITING EXTENDED SYSTEM TO RESTART FILE AT STEP 340000
WRITING COORDINATES TO RESTART FILE AT STEP 340000
FINISHED WRITING RESTART COORDINATES
WRITING VELOCITIES TO RESTART FILE AT STEP 340000
FINISHED WRITING RESTART VELOCITIES
TIMING: 345000  CPU: 398.517, 0.0011416/step  Wall: 403.62, 0.00114847/step, 150.461 ns/days, 0.0494479 hours remaining, 0.000000 MB of memory in use.
PERFORMANCE: 345000  averaging 148.38 ns/day, 0.00116458 sec/step with standard deviation 3.21135e-05
ENERGY:  345000       440.4200      1129.6210      1116.8068        71.8961        -113982.7548      9673.8636         0.0000         0.0000     18652.1799         -82897.9675       303.2258   -101550.1474    -82961.1280       301.8518           -132.6616      -133.0360    300806.3715        14.1456        14.5302

WRITING EXTENDED SYSTEM TO RESTART FILE AT STEP 345000
WRITING COORDINATES TO RESTART FILE AT STEP 345000
FINISHED WRITING RESTART COORDINATES
WRITING VELOCITIES TO RESTART FILE AT STEP 345000
FINISHED WRITING RESTART VELOCITIES
TIMING: 350000  CPU: 404.281, 0.00115286/step  Wall: 409.418, 0.0011597/step, 149.004 ns/days, 0.0483208 hours remaining, 0.000000 MB of memory in use.
PERFORMANCE: 350000  averaging 148.389 ns/day, 0.00116451 sec/step with standard deviation 3.18852e-05
ETITLE:      TS           BOND          ANGLE          DIHED          IMPRP               ELECT            VDW       BOUNDARY           MISC        KINETIC               TOTAL           TEMP      POTENTIAL       TOTALAVG        TEMPAVG            PRESSURE      GPRESSURE         VOLUME       PRESSAVG      GPRESSAVG

ENERGY:  350000       444.1460      1112.4635      1110.5555        80.1754        -114200.4917      9826.7235         0.0000         0.0000     18647.8810         -82978.5466       303.1559   -101626.4277    -82948.9504       301.8259             82.8890        80.2629    300689.9351         2.5635         2.9428

WRITING EXTENDED SYSTEM TO RESTART FILE AT STEP 350000
WRITING COORDINATES TO RESTART FILE AT STEP 350000
FINISHED WRITING RESTART COORDINATES
WRITING VELOCITIES TO RESTART FILE AT STEP 350000
FINISHED WRITING RESTART VELOCITIES
TIMING: 355000  CPU: 410.042, 0.00115224/step  Wall: 415.212, 0.00115881/step, 149.118 ns/days, 0.0466745 hours remaining, 0.000000 MB of memory in use.
PERFORMANCE: 355000  averaging 148.399 ns/day, 0.00116443 sec/step with standard deviation 3.16639e-05
ENERGY:  355000       455.2874      1096.3249      1111.0972        65.3010        -113988.8120      9720.8857         0.0000         0.0000     18748.8033         -82791.1125       304.7966   -101539.9158    -82935.7503       302.0325            -40.7023       -39.5544    300034.3776        -3.0127        -2.3019

WRITING EXTENDED SYSTEM TO RESTART FILE AT STEP 355000
WRITING COORDINATES TO RESTART FILE AT STEP 355000
FINISHED WRITING RESTART COORDINATES
WRITING VELOCITIES TO RESTART FILE AT STEP 355000
FINISHED WRITING RESTART VELOCITIES
TIMING: 360000  CPU: 415.781, 0.00114781/step  Wall: 420.985, 0.00115456/step, 149.667 ns/days, 0.0448997 hours remaining, 0.000000 MB of memory in use.
PERFORMANCE: 360000  averaging 148.417 ns/day, 0.00116429 sec/step with standard deviation 3.14616e-05
ENERGY:  360000       411.7094      1138.1407      1107.5622        77.7123        -113767.8812      9502.5266         0.0000         0.0000     18710.5708         -82819.6591       304.1751   -101530.2299    -82917.1758       302.1969           -300.6362      -296.0874    300700.5784        -7.8202        -6.6301

WRITING EXTENDED SYSTEM TO RESTART FILE AT STEP 360000
WRITING COORDINATES TO RESTART FILE AT STEP 360000
FINISHED WRITING RESTART COORDINATES
WRITING VELOCITIES TO RESTART FILE AT STEP 360000
FINISHED WRITING RESTART VELOCITIES
TIMING: 365000  CPU: 421.556, 0.00115497/step  Wall: 426.793, 0.00116165/step, 148.754 ns/days, 0.0435618 hours remaining, 0.000000 MB of memory in use.
PERFORMANCE: 365000  averaging 148.421 ns/day, 0.00116425 sec/step with standard deviation 3.12439e-05
ENERGY:  365000       423.5590      1126.4986      1098.3628        72.9570        -113698.4586      9611.4149         0.0000         0.0000     18419.8547         -82945.8116       299.4489   -101365.6663    -82905.3870       301.9743           -127.1831      -124.8196    300956.5071       -16.3400       -15.0571

WRITING EXTENDED SYSTEM TO RESTART FILE AT STEP 365000
WRITING COORDINATES TO RESTART FILE AT STEP 365000
FINISHED WRITING RESTART COORDINATES
WRITING VELOCITIES TO RESTART FILE AT STEP 365000
FINISHED WRITING RESTART VELOCITIES
TIMING: 370000  CPU: 427.291, 0.00114699/step  Wall: 432.559, 0.00115316/step, 149.849 ns/days, 0.0416419 hours remaining, 0.000000 MB of memory in use.
PERFORMANCE: 370000  averaging 148.44 ns/day, 0.0011641 sec/step with standard deviation 3.10559e-05
ENERGY:  370000       442.2815      1169.4482      1089.3289        79.0749        -113929.1049      9910.4227         0.0000         0.0000     18710.1162         -82528.4325       304.1677   -101238.5488    -82890.3257       302.1321            139.3630       140.3285    301591.3393        -6.6159        -5.6666

WRITING EXTENDED SYSTEM TO RESTART FILE AT STEP 370000
WRITING COORDINATES TO RESTART FILE AT STEP 370000
FINISHED WRITING RESTART COORDINATES
WRITING VELOCITIES TO RESTART FILE AT STEP 370000
FINISHED WRITING RESTART VELOCITIES
TIMING: 375000  CPU: 433.018, 0.00114528/step  Wall: 438.321, 0.0011523/step, 149.96 ns/days, 0.0400105 hours remaining, 0.000000 MB of memory in use.
PERFORMANCE: 375000  averaging 148.461 ns/day, 0.00116395 sec/step with standard deviation 3.08754e-05
ENERGY:  375000       417.3447      1123.8860      1123.7447        71.9994        -113752.4075      9544.7088         0.0000         0.0000     18657.1174         -82813.6065       303.3061   -101470.7239    -82874.5239       302.3130           -176.6478      -175.2426    300516.2546        -5.6558        -4.6152

WRITING EXTENDED SYSTEM TO RESTART FILE AT STEP 375000
WRITING COORDINATES TO RESTART FILE AT STEP 375000
FINISHED WRITING RESTART COORDINATES
WRITING VELOCITIES TO RESTART FILE AT STEP 375000
FINISHED WRITING RESTART VELOCITIES
TIMING: 380000  CPU: 438.752, 0.00114688/step  Wall: 444.086, 0.00115309/step, 149.859 ns/days, 0.0384362 hours remaining, 0.000000 MB of memory in use.
PERFORMANCE: 380000  averaging 148.479 ns/day, 0.0011638 sec/step with standard deviation 3.06942e-05
ENERGY:  380000       400.1327      1119.1235      1104.7574        77.6997        -114047.3715      9669.5177         0.0000         0.0000     18392.4565         -83283.6840       299.0035   -101676.1405    -82887.2889       302.1893           -143.6141      -144.2898    301334.4505       -33.7325       -32.8295

WRITING EXTENDED SYSTEM TO RESTART FILE AT STEP 380000
WRITING COORDINATES TO RESTART FILE AT STEP 380000
FINISHED WRITING RESTART COORDINATES
WRITING VELOCITIES TO RESTART FILE AT STEP 380000
FINISHED WRITING RESTART VELOCITIES
TIMING: 385000  CPU: 444.494, 0.00114839/step  Wall: 449.861, 0.00115497/step, 149.614 ns/days, 0.0368949 hours remaining, 0.000000 MB of memory in use.
PERFORMANCE: 385000  averaging 148.493 ns/day, 0.00116369 sec/step with standard deviation 3.05082e-05
ENERGY:  385000       431.7848      1137.1963      1122.2074        80.0479        -114419.5161      9673.9000         0.0000         0.0000     18597.0469         -83377.3328       302.3295   -101974.3796    -82914.0701       302.2351           -316.4992      -313.1403    300594.6946       -49.9538       -48.8674

WRITING EXTENDED SYSTEM TO RESTART FILE AT STEP 385000
WRITING COORDINATES TO RESTART FILE AT STEP 385000
FINISHED WRITING RESTART COORDINATES
WRITING VELOCITIES TO RESTART FILE AT STEP 385000
FINISHED WRITING RESTART VELOCITIES
TIMING: 390000  CPU: 450.228, 0.00114671/step  Wall: 455.628, 0.00115348/step, 149.808 ns/days, 0.0352452 hours remaining, 0.000000 MB of memory in use.
PERFORMANCE: 390000  averaging 148.51 ns/day, 0.00116356 sec/step with standard deviation 3.03315e-05
ENERGY:  390000       408.3585      1088.8287      1121.3370        69.9292        -113722.6399      9586.3580         0.0000         0.0000     18473.3596         -82974.4689       300.3188   -101447.8285    -82914.8751       302.2172           -133.6849      -133.0492    300473.3203       -51.9985       -50.7034

WRITING EXTENDED SYSTEM TO RESTART FILE AT STEP 390000
WRITING COORDINATES TO RESTART FILE AT STEP 390000
FINISHED WRITING RESTART COORDINATES
WRITING VELOCITIES TO RESTART FILE AT STEP 390000
FINISHED WRITING RESTART VELOCITIES
TIMING: 395000  CPU: 455.943, 0.00114317/step  Wall: 461.376, 0.00114952/step, 150.323 ns/days, 0.0335278 hours remaining, 0.000000 MB of memory in use.
PERFORMANCE: 395000  averaging 148.533 ns/day, 0.00116338 sec/step with standard deviation 3.01778e-05
ENERGY:  395000       430.2615      1171.5961      1117.0818        70.6608        -113848.0229      9599.1352         0.0000         0.0000     18572.1927         -82887.0949       301.9255   -101459.2876    -82912.4550       302.1809           -121.6677      -125.9698    301059.9829       -51.9432       -50.8031

WRITING EXTENDED SYSTEM TO RESTART FILE AT STEP 395000
WRITING COORDINATES TO RESTART FILE AT STEP 395000
FINISHED WRITING RESTART COORDINATES
WRITING VELOCITIES TO RESTART FILE AT STEP 395000
FINISHED WRITING RESTART VELOCITIES
TIMING: 400000  CPU: 461.687, 0.00114865/step  Wall: 467.153, 0.00115534/step, 149.566 ns/days, 0.0320929 hours remaining, 0.000000 MB of memory in use.
PERFORMANCE: 400000  averaging 148.546 ns/day, 0.00116328 sec/step with standard deviation 2.99996e-05
ETITLE:      TS           BOND          ANGLE          DIHED          IMPRP               ELECT            VDW       BOUNDARY           MISC        KINETIC               TOTAL           TEMP      POTENTIAL       TOTALAVG        TEMPAVG            PRESSURE      GPRESSURE         VOLUME       PRESSAVG      GPRESSAVG

ENERGY:  400000       433.1031      1149.4343      1124.7695        71.3170        -113825.3840      9569.9299         0.0000         0.0000     18629.1553         -82847.6750       302.8515   -101476.8303    -82926.5887       302.0946           -467.9744      -469.0973    301935.4880       -80.6157       -79.6049

WRITING EXTENDED SYSTEM TO RESTART FILE AT STEP 400000
WRITING COORDINATES TO RESTART FILE AT STEP 400000
FINISHED WRITING RESTART COORDINATES
WRITING VELOCITIES TO RESTART FILE AT STEP 400000
FINISHED WRITING RESTART VELOCITIES
TIMING: 405000  CPU: 467.428, 0.0011483/step  Wall: 472.927, 0.00115484/step, 149.631 ns/days, 0.030475 hours remaining, 0.000000 MB of memory in use.
PERFORMANCE: 405000  averaging 148.559 ns/day, 0.00116317 sec/step with standard deviation 2.98263e-05
ENERGY:  405000       421.2344      1103.0784      1122.7061        77.4438        -114045.1198      9563.1698         0.0000         0.0000     18468.6761         -83288.8111       300.2426   -101757.4872    -82940.9574       302.0563           -323.2863      -318.9427    300317.1022      -108.4012      -107.3144

WRITING EXTENDED SYSTEM TO RESTART FILE AT STEP 405000
WRITING COORDINATES TO RESTART FILE AT STEP 405000
FINISHED WRITING RESTART COORDINATES
WRITING VELOCITIES TO RESTART FILE AT STEP 405000
FINISHED WRITING RESTART VELOCITIES
TIMING: 410000  CPU: 473.146, 0.00114365/step  Wall: 478.679, 0.00115032/step, 150.219 ns/days, 0.0287581 hours remaining, 0.000000 MB of memory in use.
PERFORMANCE: 410000  averaging 148.579 ns/day, 0.00116302 sec/step with standard deviation 2.96755e-05
ENERGY:  410000       424.6762      1130.4087      1110.2737        75.6452        -114275.0971      9888.8036         0.0000         0.0000     18628.0936         -83017.1961       302.8343   -101645.2896    -82950.1362       302.0552             10.1189        12.5772    301413.9541       -98.8215       -97.9027

WRITING EXTENDED SYSTEM TO RESTART FILE AT STEP 410000
WRITING COORDINATES TO RESTART FILE AT STEP 410000
FINISHED WRITING RESTART COORDINATES
WRITING VELOCITIES TO RESTART FILE AT STEP 410000
FINISHED WRITING RESTART VELOCITIES
TIMING: 415000  CPU: 478.862, 0.00114322/step  Wall: 484.43, 0.00115038/step, 150.212 ns/days, 0.0271617 hours remaining, 0.000000 MB of memory in use.
PERFORMANCE: 415000  averaging 148.598 ns/day, 0.00116287 sec/step with standard deviation 2.95266e-05
ENERGY:  415000       412.7644      1138.6955      1106.5460        79.2018        -114002.2047      9894.1617         0.0000         0.0000     18638.3139         -82732.5214       303.0004   -101370.8353    -82950.1990       302.0620             65.1293        65.0655    301947.4796       -90.5638       -89.7488

WRITING EXTENDED SYSTEM TO RESTART FILE AT STEP 415000
WRITING COORDINATES TO RESTART FILE AT STEP 415000
FINISHED WRITING RESTART COORDINATES
WRITING VELOCITIES TO RESTART FILE AT STEP 415000
FINISHED WRITING RESTART VELOCITIES
TIMING: 420000  CPU: 484.61, 0.00114955/step  Wall: 490.211, 0.00115621/step, 149.454 ns/days, 0.0256935 hours remaining, 0.000000 MB of memory in use.
PERFORMANCE: 420000  averaging 148.609 ns/day, 0.00116279 sec/step with standard deviation 2.93572e-05
ENERGY:  420000       450.7684      1133.8119      1107.2742        70.9216        -114446.1186      9984.7540         0.0000         0.0000     18619.0367         -83079.5518       302.6870   -101698.5884    -82950.7659       302.1480            129.8742       129.0955    299886.2717       -85.1467       -84.3405

WRITING EXTENDED SYSTEM TO RESTART FILE AT STEP 420000
WRITING COORDINATES TO RESTART FILE AT STEP 420000
FINISHED WRITING RESTART COORDINATES
WRITING VELOCITIES TO RESTART FILE AT STEP 420000
FINISHED WRITING RESTART VELOCITIES
TIMING: 425000  CPU: 490.363, 0.00115063/step  Wall: 495.998, 0.00115739/step, 149.301 ns/days, 0.0241123 hours remaining, 0.000000 MB of memory in use.
PERFORMANCE: 425000  averaging 148.617 ns/day, 0.00116272 sec/step with standard deviation 2.91878e-05
ENERGY:  425000       467.5018      1132.4336      1114.6990        79.0997        -113841.1098      9624.7107         0.0000         0.0000     18421.6357         -83001.0291       299.4779   -101422.6649    -82953.8981       302.0352           -252.2120      -250.6539    300410.5448      -107.0228      -105.9632

WRITING EXTENDED SYSTEM TO RESTART FILE AT STEP 425000
WRITING COORDINATES TO RESTART FILE AT STEP 425000
FINISHED WRITING RESTART COORDINATES
WRITING VELOCITIES TO RESTART FILE AT STEP 425000
FINISHED WRITING RESTART VELOCITIES
TIMING: 430000  CPU: 496.129, 0.00115304/step  Wall: 501.803, 0.00116086/step, 148.855 ns/days, 0.0225724 hours remaining, 0.000000 MB of memory in use.
PERFORMANCE: 430000  averaging 148.619 ns/day, 0.0011627 sec/step with standard deviation 2.90163e-05
ENERGY:  430000       431.6358      1142.7695      1127.3284        66.2633        -113794.9752      9694.8777         0.0000         0.0000     18556.7855         -82775.3151       301.6750   -101332.1006    -82942.7765       302.0799              0.5447        -2.2928    300766.3906      -102.1955      -101.3386

WRITING EXTENDED SYSTEM TO RESTART FILE AT STEP 430000
WRITING COORDINATES TO RESTART FILE AT STEP 430000
FINISHED WRITING RESTART COORDINATES
WRITING VELOCITIES TO RESTART FILE AT STEP 430000
FINISHED WRITING RESTART VELOCITIES
TIMING: 435000  CPU: 501.909, 0.00115607/step  Wall: 507.67, 0.00117336/step, 147.27 ns/days, 0.0211856 hours remaining, 0.000000 MB of memory in use.
PERFORMANCE: 435000  averaging 148.604 ns/day, 0.00116282 sec/step with standard deviation 2.88697e-05
ENERGY:  435000       440.9543      1151.3227      1105.9124        70.0828        -114072.5929      9703.2412         0.0000         0.0000     18615.9498         -82985.1297       302.6368   -101601.0795    -82936.4099       302.0900           -127.7871      -125.9784    300483.3311      -101.9420      -101.3638

WRITING EXTENDED SYSTEM TO RESTART FILE AT STEP 435000
WRITING COORDINATES TO RESTART FILE AT STEP 435000
FINISHED WRITING RESTART COORDINATES
WRITING VELOCITIES TO RESTART FILE AT STEP 435000
FINISHED WRITING RESTART VELOCITIES
TIMING: 440000  CPU: 507.649, 0.001148/step  Wall: 513.443, 0.00115461/step, 149.661 ns/days, 0.0192435 hours remaining, 0.000000 MB of memory in use.
PERFORMANCE: 440000  averaging 148.616 ns/day, 0.00116273 sec/step with standard deviation 2.87167e-05
ENERGY:  440000       419.7903      1117.2052      1161.9680        70.1108        -114085.2741      9662.2908         0.0000         0.0000     18827.3361         -82826.5730       306.0733   -101653.9091    -82942.5760       302.3666           -129.8222      -127.7569    300277.2834      -118.3230      -117.6291

WRITING EXTENDED SYSTEM TO RESTART FILE AT STEP 440000
WRITING COORDINATES TO RESTART FILE AT STEP 440000
FINISHED WRITING RESTART COORDINATES
WRITING VELOCITIES TO RESTART FILE AT STEP 440000
FINISHED WRITING RESTART VELOCITIES
TIMING: 445000  CPU: 513.389, 0.00114809/step  Wall: 519.216, 0.00115473/step, 149.645 ns/days, 0.0176418 hours remaining, 0.000000 MB of memory in use.
PERFORMANCE: 445000  averaging 148.627 ns/day, 0.00116264 sec/step with standard deviation 2.85656e-05
ENERGY:  445000       440.1036      1082.2819      1119.1828        71.1716        -114506.5385      9940.8251         0.0000         0.0000     18489.3834         -83363.5901       300.5793   -101852.9735    -82965.8571       302.2343            183.3438       180.8504    299978.3141      -102.5227      -101.9347

WRITING EXTENDED SYSTEM TO RESTART FILE AT STEP 445000
WRITING COORDINATES TO RESTART FILE AT STEP 445000
FINISHED WRITING RESTART COORDINATES
WRITING VELOCITIES TO RESTART FILE AT STEP 445000
FINISHED WRITING RESTART VELOCITIES
TIMING: 450000  CPU: 519.118, 0.00114581/step  Wall: 524.977, 0.00115216/step, 149.979 ns/days, 0.0160022 hours remaining, 0.000000 MB of memory in use.
PERFORMANCE: 450000  averaging 148.642 ns/day, 0.00116252 sec/step with standard deviation 2.84262e-05
ETITLE:      TS           BOND          ANGLE          DIHED          IMPRP               ELECT            VDW       BOUNDARY           MISC        KINETIC               TOTAL           TEMP      POTENTIAL       TOTALAVG        TEMPAVG            PRESSURE      GPRESSURE         VOLUME       PRESSAVG      GPRESSAVG

ENERGY:  450000       413.8995      1102.2442      1113.5556        56.1069        -114337.5705     10015.9649         0.0000         0.0000     18634.5348         -83001.2646       302.9390   -101635.7994    -82966.9930       302.2234             30.2693        29.1904    301997.3551      -105.1537      -104.4884

WRITING EXTENDED SYSTEM TO RESTART FILE AT STEP 450000
WRITING COORDINATES TO RESTART FILE AT STEP 450000
FINISHED WRITING RESTART COORDINATES
WRITING VELOCITIES TO RESTART FILE AT STEP 450000
FINISHED WRITING RESTART VELOCITIES
TIMING: 455000  CPU: 524.862, 0.00114878/step  Wall: 530.753, 0.00115513/step, 149.593 ns/days, 0.0144391 hours remaining, 0.000000 MB of memory in use.
PERFORMANCE: 455000  averaging 148.652 ns/day, 0.00116244 sec/step with standard deviation 2.82784e-05
ENERGY:  455000       437.9607      1155.9104      1117.8675        72.6522        -114009.2443      9710.6543         0.0000         0.0000     18752.7560         -82761.4431       304.8609   -101514.1991    -82965.5095       302.2267            -64.5850       -66.7771    300720.9904      -106.3478      -105.8495

WRITING EXTENDED SYSTEM TO RESTART FILE AT STEP 455000
WRITING COORDINATES TO RESTART FILE AT STEP 455000
FINISHED WRITING RESTART COORDINATES
WRITING VELOCITIES TO RESTART FILE AT STEP 455000
FINISHED WRITING RESTART VELOCITIES
TIMING: 460000  CPU: 530.553, 0.00113814/step  Wall: 536.478, 0.0011451/step, 150.903 ns/days, 0.0127234 hours remaining, 0.000000 MB of memory in use.
PERFORMANCE: 460000  averaging 148.677 ns/day, 0.00116225 sec/step with standard deviation 2.81807e-05
ENERGY:  460000       455.5498      1130.1188      1113.9024        73.9266        -114222.4578      9751.3534         0.0000         0.0000     18719.1127         -82978.4942       304.3139   -101697.6069    -82973.4513       302.2336             -5.6200        -4.5852    301357.9811       -91.5970       -91.2744

WRITING EXTENDED SYSTEM TO RESTART FILE AT STEP 460000
WRITING COORDINATES TO RESTART FILE AT STEP 460000
FINISHED WRITING RESTART COORDINATES
WRITING VELOCITIES TO RESTART FILE AT STEP 460000
FINISHED WRITING RESTART VELOCITIES
TIMING: 465000  CPU: 536.33, 0.00115541/step  Wall: 542.311, 0.00116648/step, 148.138 ns/days, 0.0113408 hours remaining, 0.000000 MB of memory in use.
PERFORMANCE: 465000  averaging 148.671 ns/day, 0.0011623 sec/step with standard deviation 2.80305e-05
ENERGY:  465000       417.0125      1133.1467      1098.2932        67.6085        -113969.7616      9615.4042         0.0000         0.0000     18575.6232         -83062.6734       301.9813   -101638.2966    -82979.2944       302.3602           -148.8026      -148.8476    300548.6110       -92.6780       -92.4758

WRITING EXTENDED SYSTEM TO RESTART FILE AT STEP 465000
WRITING COORDINATES TO RESTART FILE AT STEP 465000
FINISHED WRITING RESTART COORDINATES
WRITING VELOCITIES TO RESTART FILE AT STEP 465000
FINISHED WRITING RESTART VELOCITIES
TIMING: 470000  CPU: 542.049, 0.00114372/step  Wall: 548.066, 0.00115101/step, 150.129 ns/days, 0.00959176 hours remaining, 0.000000 MB of memory in use.
PERFORMANCE: 470000  averaging 148.686 ns/day, 0.00116218 sec/step with standard deviation 2.79037e-05
ENERGY:  470000       419.1806      1079.7546      1110.9433        78.4550        -114478.6835     10114.7314         0.0000         0.0000     18573.0221         -83102.5965       301.9390   -101675.6186    -83008.0026       302.2488            242.9016       242.8548    299736.9631       -87.5011       -87.3495

WRITING EXTENDED SYSTEM TO RESTART FILE AT STEP 470000
WRITING COORDINATES TO RESTART FILE AT STEP 470000
FINISHED WRITING RESTART COORDINATES
WRITING VELOCITIES TO RESTART FILE AT STEP 470000
FINISHED WRITING RESTART VELOCITIES
TIMING: 475000  CPU: 547.749, 0.00114009/step  Wall: 553.801, 0.0011471/step, 150.641 ns/days, 0.00796597 hours remaining, 0.000000 MB of memory in use.
PERFORMANCE: 475000  averaging 148.706 ns/day, 0.00116202 sec/step with standard deviation 2.7798e-05
ENERGY:  475000       422.9561      1095.9567      1119.8518        75.8552        -114175.6008      9814.1626         0.0000         0.0000     18681.8361         -82964.9823       303.7079   -101646.8184    -83015.5714       302.2689            125.0792       128.4716    300747.6101       -72.4147       -72.1638

WRITING EXTENDED SYSTEM TO RESTART FILE AT STEP 475000
WRITING COORDINATES TO RESTART FILE AT STEP 475000
FINISHED WRITING RESTART COORDINATES
WRITING VELOCITIES TO RESTART FILE AT STEP 475000
FINISHED WRITING RESTART VELOCITIES
TIMING: 480000  CPU: 553.492, 0.0011485/step  Wall: 559.577, 0.00115509/step, 149.599 ns/days, 0.00641717 hours remaining, 0.000000 MB of memory in use.
PERFORMANCE: 480000  averaging 148.716 ns/day, 0.00116195 sec/step with standard deviation 2.76603e-05
ENERGY:  480000       450.1494      1142.5201      1120.9005        87.1352        -113863.6336      9548.0953         0.0000         0.0000     18602.9491         -82911.8840       302.4255   -101514.8332    -82996.9814       302.4400           -333.9937      -331.0850    300961.4448       -81.9337       -81.5035

WRITING EXTENDED SYSTEM TO RESTART FILE AT STEP 480000
WRITING COORDINATES TO RESTART FILE AT STEP 480000
FINISHED WRITING RESTART COORDINATES
WRITING VELOCITIES TO RESTART FILE AT STEP 480000
FINISHED WRITING RESTART VELOCITIES
TIMING: 485000  CPU: 559.237, 0.00114904/step  Wall: 565.354, 0.00115553/step, 149.541 ns/days, 0.00481472 hours remaining, 0.000000 MB of memory in use.
PERFORMANCE: 485000  averaging 148.724 ns/day, 0.00116188 sec/step with standard deviation 2.75236e-05
ENERGY:  485000       433.0913      1135.8935      1136.5957        77.3956        -114399.2223      9950.1453         0.0000         0.0000     18674.8552         -82991.2459       303.5945   -101666.1011    -82977.6770       302.5032             72.4915        68.2576    299232.9310       -62.4842       -62.4336

WRITING EXTENDED SYSTEM TO RESTART FILE AT STEP 485000
WRITING COORDINATES TO RESTART FILE AT STEP 485000
FINISHED WRITING RESTART COORDINATES
WRITING VELOCITIES TO RESTART FILE AT STEP 485000
FINISHED WRITING RESTART VELOCITIES
TIMING: 490000  CPU: 564.962, 0.0011451/step  Wall: 571.113, 0.00115179/step, 150.028 ns/days, 0.00319941 hours remaining, 0.000000 MB of memory in use.
PERFORMANCE: 490000  averaging 148.737 ns/day, 0.00116178 sec/step with standard deviation 2.74004e-05
ENERGY:  490000       413.3436      1136.0155      1090.2953        70.5326        -113658.9675      9538.4434         0.0000         0.0000     18420.6851         -82989.6521       299.4624   -101410.3372    -82978.4362       302.4604           -123.7322      -122.9576    301387.9565       -61.9865       -61.9291

WRITING EXTENDED SYSTEM TO RESTART FILE AT STEP 490000
WRITING COORDINATES TO RESTART FILE AT STEP 490000
FINISHED WRITING RESTART COORDINATES
WRITING VELOCITIES TO RESTART FILE AT STEP 490000
FINISHED WRITING RESTART VELOCITIES
TIMING: 495000  CPU: 570.717, 0.00115087/step  Wall: 576.899, 0.00115716/step, 149.332 ns/days, 0.00160716 hours remaining, 0.000000 MB of memory in use.
PERFORMANCE: 495000  averaging 148.743 ns/day, 0.00116173 sec/step with standard deviation 2.72642e-05
ENERGY:  495000       475.8486      1066.7294      1111.0440        65.7117        -113628.7298      9408.7289         0.0000         0.0000     18673.2494         -82827.4179       303.5684   -101500.6673    -82975.4523       302.5425           -441.3627      -439.1824    300998.3544       -77.9713       -77.5897

WRITING EXTENDED SYSTEM TO RESTART FILE AT STEP 495000
WRITING COORDINATES TO RESTART FILE AT STEP 495000
FINISHED WRITING RESTART COORDINATES
WRITING VELOCITIES TO RESTART FILE AT STEP 495000
FINISHED WRITING RESTART VELOCITIES
TIMING: 500000  CPU: 576.43, 0.00114264/step  Wall: 582.646, 0.00114929/step, 150.353 ns/days, 0 hours remaining, 0.000000 MB of memory in use.
PERFORMANCE: 500000  averaging 148.759 ns/day, 0.00116161 sec/step with standard deviation 2.71546e-05
ETITLE:      TS           BOND          ANGLE          DIHED          IMPRP               ELECT            VDW       BOUNDARY           MISC        KINETIC               TOTAL           TEMP      POTENTIAL       TOTALAVG        TEMPAVG            PRESSURE      GPRESSURE         VOLUME       PRESSAVG      GPRESSAVG

ENERGY:  500000       428.7775      1123.0439      1122.8316        73.8237        -114101.3017      9890.8269         0.0000         0.0000     18728.2996         -82733.6986       304.4633   -101461.9982    -82969.7535       302.6231            227.4365       225.9736    300380.3718       -43.2007       -42.8361

WRITING EXTENDED SYSTEM TO RESTART FILE AT STEP 500000
WRITING COORDINATES TO RESTART FILE AT STEP 500000
FINISHED WRITING RESTART COORDINATES
WRITING VELOCITIES TO RESTART FILE AT STEP 500000
FINISHED WRITING RESTART VELOCITIES
WRITING EXTENDED SYSTEM TO OUTPUT FILE AT STEP 500000
WRITING COORDINATES TO OUTPUT FILE AT STEP 500000
WRITING VELOCITIES TO OUTPUT FILE AT STEP 500000
====================================================

WallClock: 584.127686  CPUTime: 579.641357  Memory: 0.000000 MB
[Partition 0][Node 0] End of program
