Charm++: standalone mode (not using charmrun)
Charm++> Running in Multicore mode: 6 threads (PEs)
Charm++> Using recursive bisection (scheme 3) for topology aware partitions
Converse/Charm++ Commit ID: v80000
CharmLB> Load balancer assumes all CPUs are same.
Charm++> Running on 1 hosts (2 sockets x 24 cores x 1 PUs = 48-way SMP)
Charm++> cpu topology info is gathered in 0.001 seconds.
Info: Built with CUDA version 11080
Pe 0 physical rank 0 will use CUDA device of pe 4
Pe 5 physical rank 5 will use CUDA device of pe 4
Pe 2 physical rank 2 will use CUDA device of pe 4
Pe 1 physical rank 1 will use CUDA device of pe 4
Pe 3 physical rank 3 will use CUDA device of pe 4
Pe 4 physical rank 4 binding to CUDA device 0 on sg012: 'NVIDIA A100-SXM4-80GB'  Mem: 81155MB  Rev: 8.0  PCI: 0:1:0
CharmLB> Load balancing instrumentation for communication is off.
Info: NAMD 3.1alpha2 for Linux-x86_64-multicore-CUDA
Info: 
Info: Please visit http://www.ks.uiuc.edu/Research/namd/
Info: for updates, documentation, and support information.
Info: 
Info: Please cite Phillips et al., J. Chem. Phys. 153:044130 (2020) doi:10.1063/5.0014475
Info: in all publications reporting results obtained with NAMD.
Info: 
Info: Based on Charm++/Converse 80000 for multicore-linux-x86_64
Info: Built Wed Feb 26 02:26:55 MST 2025 by athiru12 on sg005
Info: 1 NAMD  3.1alpha2  Linux-x86_64-multicore-CUDA  6    sg012  athiru12
Info: Running on 6 processors, 1 nodes, 1 physical nodes.
Info: CPU topology information available.
Info: Charm++/Converse parallel runtime startup completed at 0.763178 s
CkLoopLib is used in SMP with simple dynamic scheduling (converse-level notification)
Info: 0 MB of memory in use based on /proc/self/stat
Info: Configuration file is input/step5_vanilla_6_run.inp
Info: Changed directory to input
TCL: Suspending until startup complete.
Warning: Option "1-4scaling" has been deprecated. Instead use "oneFourScaling".
Warning: Option "CUDASOAintegrate" has been deprecated. Instead use "GPUresident".
Info: EXTENDED SYSTEM FILE   ../output/step4_equilibration.xsc
Info: Tuning parameters to improve GPU-resident performance
Info: Setting margin to 4
Warning: The Langevin gamma parameters differ over the particles,
Warning: requiring extra work per step to constrain rigid bonds.
Info: Enabling PMEOffload because PMEInterpOrder > 4.
Info: Running with GPU-resident mode
Warning: Always using force tables for GPU nonbonded kernel due to unsupported config parameters.
Info: SIMULATION PARAMETERS:
Info: TIMESTEP               2
Info: NUMBER OF STEPS        500000
Info: STEPS PER CYCLE        20
Info: PERIODIC CELL BASIS 1  69 0 0
Info: PERIODIC CELL BASIS 2  0 69 0
Info: PERIODIC CELL BASIS 3  0 0 69
Info: PERIODIC CELL CENTER   0 0 0
Info: WRAPPING WATERS AROUND PERIODIC BOUNDARIES ON OUTPUT.
Info: WRAPPING ALL CLUSTERS AROUND PERIODIC BOUNDARIES ON OUTPUT.
Info: LOAD BALANCER  Centralized
Info: LOAD BALANCING STRATEGY  New Load Balancers -- DEFAULT
Info: LDB PERIOD             4000 steps
Info: FIRST LDB TIMESTEP     100
Info: LAST LDB TIMESTEP     -1
Info: LDB BACKGROUND SCALING 1
Info: HOM BACKGROUND SCALING 1
Info: PME BACKGROUND SCALING 1
Info: MIN ATOMS PER PATCH    40
Info: EMPTY PATCH LOAD       40 ATOMS
Info: VELOCITY FILE          ../output/step4_equilibration.vel
Info: CENTER OF MASS MOVING INITIALLY? NO
Info: DIELECTRIC             1
Info: EXCLUDE                SCALED ONE-FOUR
Info: 1-4 ELECTROSTATICS SCALED BY 1
Info: MODIFIED 1-4 VDW PARAMETERS WILL BE USED
Info: NO DCD TRAJECTORY OUTPUT
Info: NO EXTENDED SYSTEM TRAJECTORY OUTPUT
Info: NO VELOCITY DCD OUTPUT
Info: NO FORCE DCD OUTPUT
Info: OUTPUT FILENAME        ../output/run-2/step5_vanilla_6_1
Info: BINARY OUTPUT FILES WILL BE USED
Info: RESTART FILENAME       ../output/run-2/step5_vanilla_6_1.restart
Info: RESTART FREQUENCY      5000
Info: BINARY RESTART FILES WILL BE USED
Info: SWITCHING ACTIVE
Info: VDW FORCE SWITCHING ACTIVE
Info: SWITCHING ON           10
Info: SWITCHING OFF          12
Info: PAIRLIST DISTANCE      16
Info: PAIRLIST SHRINK RATE   0.01
Info: PAIRLIST GROW RATE     0.01
Info: PAIRLIST TRIGGER       0.3
Info: PAIRLISTS PER CYCLE    2
Info: PAIRLISTS ENABLED
Info: MARGIN                 4
Info: HYDROGEN GROUP CUTOFF  2.5
Info: PATCH DIMENSION        22.5
Info: ENERGY OUTPUT STEPS    5000
Info: ENERGY EVALUATION STEPS    5000
Info: OUTPUT ENERGY PRECISION 4
Info: CROSSTERM ENERGY INCLUDED IN DIHEDRAL
Info: TIMING OUTPUT STEPS    5000
Info: LANGEVIN DYNAMICS ACTIVE
Info: LANGEVIN TEMPERATURE   303.15
Info: LANGEVIN USING BBK INTEGRATOR
Info: LANGEVIN DAMPING COEFFICIENT IS 1 INVERSE PS
Info: LANGEVIN DYNAMICS NOT APPLIED TO HYDROGENS
Info: LANGEVIN PISTON PRESSURE CONTROL ACTIVE
Info:        TARGET PRESSURE IS 1.01325 BAR
Info:     OSCILLATION PERIOD IS 50 FS
Info:             DECAY TIME IS 25 FS
Info:     PISTON TEMPERATURE IS 303.15 K
Info:       PRESSURE CONTROL IS GROUP-BASED
Info:    INITIAL STRAIN RATE IS 0 0 0
Info:       CELL FLUCTUATION IS ISOTROPIC
Info: PARTICLE MESH EWALD (PME) ACTIVE
Info: PME TOLERANCE               1e-06
Info: PME EWALD COEFFICIENT       0.257952
Info: PME INTERPOLATION ORDER     6
Info: PME GRID DIMENSIONS         72 72 72
Info: PME MAXIMUM GRID SPACING    1
Info: PME RECIPROCAL SUM OFFLOADED TO GPU
Info: PME CALCULATION WILL BE PERFORMED ON GPU
Info: FULL ELECTROSTATIC EVALUATION FREQUENCY      1
Info: USING VERLET I (r-RESPA) MTS SCHEME.
Info: C1 SPLITTING OF LONG RANGE ELECTROSTATICS
Info: PLACING ATOMS IN PATCHES BY HYDROGEN GROUPS
Info: RIGID BONDS TO HYDROGEN : ALL
Info:         ERROR TOLERANCE : 1e-08
Info:          MAX ITERATIONS : 100
Info: RIGID WATER USING SETTLE ALGORITHM
Info: RANDOM NUMBER SEED     1742584117
Info: USE HYDROGEN BONDS?    NO
Info: COORDINATE PDB         step3_input.pdb
Info: STRUCTURE FILE         step3_input.psf
Info: PARAMETER file: CHARMM format! 
Info: PARAMETERS             toppar/par_all36m_prot.prm
Info: PARAMETERS             toppar/par_all36_na.prm
Info: PARAMETERS             toppar/par_all36_carb.prm
Info: PARAMETERS             toppar/par_all36_lipid.prm
Info: PARAMETERS             toppar/par_all36_cgenff.prm
Info: PARAMETERS             toppar/par_interface.prm
Info: PARAMETERS             toppar/toppar_all36_moreions.str
Info: PARAMETERS             toppar/toppar_all36_nano_lig.str
Info: PARAMETERS             toppar/toppar_all36_nano_lig_patch.str
Info: PARAMETERS             toppar/toppar_all36_synthetic_polymer.str
Info: PARAMETERS             toppar/toppar_all36_synthetic_polymer_patch.str
Info: PARAMETERS             toppar/toppar_all36_polymer_solvent.str
Info: PARAMETERS             toppar/toppar_water_ions.str
Info: PARAMETERS             toppar/toppar_dum_noble_gases.str
Info: PARAMETERS             toppar/toppar_ions_won.str
Info: PARAMETERS             toppar/cam.str
Info: PARAMETERS             toppar/toppar_all36_prot_arg0.str
Info: PARAMETERS             toppar/toppar_all36_prot_c36m_d_aminoacids.str
Info: PARAMETERS             toppar/toppar_all36_prot_fluoro_alkanes.str
Info: PARAMETERS             toppar/toppar_all36_prot_heme.str
Info: PARAMETERS             toppar/toppar_all36_prot_na_combined.str
Info: PARAMETERS             toppar/toppar_all36_prot_retinol.str
Info: PARAMETERS             toppar/toppar_all36_prot_model.str
Info: PARAMETERS             toppar/toppar_all36_prot_modify_res.str
Info: PARAMETERS             toppar/toppar_all36_na_nad_ppi.str
Info: PARAMETERS             toppar/toppar_all36_na_rna_modified.str
Info: PARAMETERS             toppar/toppar_all36_lipid_sphingo.str
Info: PARAMETERS             toppar/toppar_all36_lipid_archaeal.str
Info: PARAMETERS             toppar/toppar_all36_lipid_bacterial.str
Info: PARAMETERS             toppar/toppar_all36_lipid_cardiolipin.str
Info: PARAMETERS             toppar/toppar_all36_lipid_cholesterol.str
Info: PARAMETERS             toppar/toppar_all36_lipid_dag.str
Info: PARAMETERS             toppar/toppar_all36_lipid_inositol.str
Info: PARAMETERS             toppar/toppar_all36_lipid_lnp.str
Info: PARAMETERS             toppar/toppar_all36_lipid_lps.str
Info: PARAMETERS             toppar/toppar_all36_lipid_mycobacterial.str
Info: PARAMETERS             toppar/toppar_all36_lipid_miscellaneous.str
Info: PARAMETERS             toppar/toppar_all36_lipid_model.str
Info: PARAMETERS             toppar/toppar_all36_lipid_prot.str
Info: PARAMETERS             toppar/toppar_all36_lipid_tag.str
Info: PARAMETERS             toppar/toppar_all36_lipid_yeast.str
Info: PARAMETERS             toppar/toppar_all36_lipid_hmmm.str
Info: PARAMETERS             toppar/toppar_all36_lipid_detergent.str
Info: PARAMETERS             toppar/toppar_all36_lipid_ether.str
Info: PARAMETERS             toppar/toppar_all36_lipid_oxidized.str
Info: PARAMETERS             toppar/toppar_all36_carb_glycolipid.str
Info: PARAMETERS             toppar/toppar_all36_carb_glycopeptide.str
Info: PARAMETERS             toppar/toppar_all36_carb_imlab.str
Info: PARAMETERS             toppar/toppar_all36_label_spin.str
Info: PARAMETERS             toppar/toppar_all36_label_fluorophore.str
Info: USING ARITHMETIC MEAN TO COMBINE L-J SIGMA PARAMETERS
Info: BINARY COORDINATES     ../output/step4_equilibration.coor
Warning: SKIPPING PART OF PARAMETER FILE AFTER RETURN STATEMENT

Warning: DUPLICATE DIHEDRAL ENTRY FOR HAL1-CTO1-C-NHL
PREVIOUS VALUES MULTIPLICITY: 1
  k=0  n=1  delta=0INCREASING MULTIPLICITY TO: 2
  k=0  n=3  delta=0

Warning: DUPLICATE DIHEDRAL ENTRY FOR HAL1-CTO1-C-O
PREVIOUS VALUES MULTIPLICITY: 1
  k=0  n=1  delta=0INCREASING MULTIPLICITY TO: 2
  k=0  n=2  delta=3.14159
Warning: SKIPPING PART OF PARAMETER FILE AFTER RETURN STATEMENT

Warning: DUPLICATE DIHEDRAL ENTRY FOR CTL2-CG2O5-CTL1-CTL3
PREVIOUS VALUES MULTIPLICITY: 1
  k=0.75  n=1  delta=0  k=0.18  n=2  delta=3.14159INCREASING MULTIPLICITY TO: 3
  k=0.065  n=3  delta=0

Warning: DUPLICATE BOND ENTRY FOR CEL1-CL
PREVIOUS VALUES  k=440  x0=1.489
   USING VALUES  k=300  x0=1.48
Info: SUMMARY OF PARAMETERS:
Info: 1988 BONDS
Info: 6776 ANGLES
Info: 19939 DIHEDRAL
Info: 430 IMPROPER
Info: 28 CROSSTERM
Info: 751 VDW
Info: 122 VDW_PAIRS
Info: 0 NBTHOLE_PAIRS
Warning: Ignored 9467 bonds with zero force constants.
Warning: Will get H-H distance in rigid H2O from H-O-H angle.
Info: TIME FOR READING PSF FILE: 0.060476
Info: Reading pdb file step3_input.pdb
Info: TIME FOR READING PDB FILE: 0.0255076
Info: 
Info: ****************************
Info: STRUCTURE SUMMARY:
Info: 30423 ATOMS
Info: 20918 BONDS
Info: 13014 ANGLES
Info: 5187 DIHEDRALS
Info: 373 IMPROPERS
Info: 127 CROSSTERMS
Info: 0 EXCLUSIONS
Info: 29360 RIGID BONDS
Info: 61909 DEGREES OF FREEDOM
Info: 10530 HYDROGEN GROUPS
Info: 4 ATOMS IN LARGEST HYDROGEN GROUP
Info: 10530 MIGRATION GROUPS
Info: 4 ATOMS IN LARGEST MIGRATION GROUP
Info: TOTAL MASS = 186727 amu
Info: TOTAL CHARGE = 1.31875e-06 e
Info: MASS DENSITY = 0.943883 g/cm^3
Info: ATOM DENSITY = 0.0926093 atoms/A^3
Info: *****************************
Info: Reading from binary file ../output/step4_equilibration.coor
Info: 
Info: Entering startup at 0.913332 s, 0 MB of memory in use
Info: Startup phase 0 took 5.33e-05 s, 0 MB of memory in use
Info: ADDED 39038 IMPLICIT EXCLUSIONS
Info: Startup phase 1 took 0.00620808 s, 0 MB of memory in use
Info: NONBONDED TABLE R-SQUARED SPACING: 0.0625
Info: NONBONDED TABLE SIZE: 769 POINTS
Info: INCONSISTENCY IN FAST TABLE ENERGY VS FORCE: 0.000325096 AT 11.9556
Info: INCONSISTENCY IN SCOR TABLE ENERGY VS FORCE: 0.000324844 AT 11.9556
Info: INCONSISTENCY IN VDWA TABLE ENERGY VS FORCE: 0.0040507 AT 0.251946
Info: INCONSISTENCY IN VDWB TABLE ENERGY VS FORCE: 0.00150189 AT 0.251946
Info: Startup phase 2 took 0.0113494 s, 0 MB of memory in use
Info: Startup phase 3 took 5.6457e-05 s, 0 MB of memory in use
Info: Startup phase 4 took 0.000149431 s, 0 MB of memory in use
Info: Startup phase 5 took 2.9215e-05 s, 0 MB of memory in use
Info: PATCH GRID IS 3 (PERIODIC) BY 3 (PERIODIC) BY 3 (PERIODIC)
Info: PATCH GRID IS 1-AWAY BY 1-AWAY BY 1-AWAY
Info: Reading from binary file ../output/step4_equilibration.vel
Info: REMOVING COM VELOCITY 0.0102651 -0.01707 0.00842024
Info: LARGEST PATCH (13) HAS 1316 ATOMS
Info: TORUS A SIZE 1 USING 0
Info: TORUS B SIZE 1 USING 0
Info: TORUS C SIZE 1 USING 0
Info: TORUS MINIMAL MESH SIZE IS 1 BY 1 BY 1
Info: Placed 100% of base nodes on same physical node as patch
Info: Startup phase 6 took 0.0123033 s, 0 MB of memory in use
Info: Use 3D box decompostion in PME FFT.
Info: PME using 1 x 1 x 1 pencil grid for FFT and reciprocal sum.
Info: Startup phase 7 took 0.00010606 s, 0 MB of memory in use
Info: Updated CUDA force table with 4096 elements.
Info: Updated CUDA LJ table with 751 x 751 elements.
Info: Startup phase 8 took 0.00563505 s, 0 MB of memory in use
Info: Startup phase 9 took 4.9603e-05 s, 0 MB of memory in use
Info: Startup phase 10 took 3.0247e-05 s, 0 MB of memory in use
Info: Startup phase 11 took 0.00503717 s, 0 MB of memory in use
LDB: Central LB being created...
Info: Startup phase 12 took 0.00205855 s, 0 MB of memory in use
Info: CREATING 615 COMPUTE OBJECTS
Info: Found 268 unique exclusion lists needing 4316 bytes
Info: useSync: 0 useProxySync: 0
Info: Startup phase 13 took 0.0168037 s, 0 MB of memory in use
Info: Startup phase 14 took 5.5434e-05 s, 0 MB of memory in use
Info: Startup phase 15 took 2.141e-05 s, 0 MB of memory in use
Info: Finished startup at 0.973278 s, 0 MB of memory in use

TCL: Original numsteps 500000 will be ignored.
TCL: Running for 500000 steps
ETITLE:      TS           BOND          ANGLE          DIHED          IMPRP               ELECT            VDW       BOUNDARY           MISC        KINETIC               TOTAL           TEMP      POTENTIAL       TOTALAVG        TEMPAVG            PRESSURE      GPRESSURE         VOLUME       PRESSAVG      GPRESSAVG

ENERGY:       0       393.7845      1151.3864      1140.5717        75.7877        -111381.5648      9211.0936         0.0000         0.0000     18671.3312         -80737.6099       303.5372    -99408.9411    -80737.6099       303.5372          -1002.7076     -1000.5926    328509.0000     -1002.7076     -1000.5926

Info: Initial time: 6 CPUs 0.00118818 s/step 145.433 ns/day 0 MB memory
Info: Initial time: 6 CPUs 0.00116495 s/step 148.332 ns/day 0 MB memory
Info: Initial time: 6 CPUs 0.00116465 s/step 148.371 ns/day 0 MB memory
Info: Benchmark time: 6 CPUs 0.00115774 s/step 149.256 ns/day 0 MB memory
Info: Benchmark time: 6 CPUs 0.0011367 s/step 152.019 ns/day 0 MB memory
Info: Benchmark time: 6 CPUs 0.00112183 s/step 154.034 ns/day 0 MB memory
Info: Benchmark time: 6 CPUs 0.0011146 s/step 155.033 ns/day 0 MB memory
Info: Benchmark time: 6 CPUs 0.00110301 s/step 156.662 ns/day 0 MB memory
Info: Benchmark time: 6 CPUs 0.00121401 s/step 142.338 ns/day 0 MB memory
TIMING: 5000  CPU: 5.78016, 0.00114539/step  Wall: 5.7916, 0.00114935/step, 150.346 ns/days, 0.158036 hours remaining, 0.000000 MB of memory in use.
PERFORMANCE: 5000  averaging 150.346 ns/day, 0.00114935 sec/step with standard deviation 0
ENERGY:    5000       425.9211      1103.8948      1143.7849        62.7356        -113867.8361      9752.5947         0.0000         0.0000     18612.6095         -82766.2955       302.5825   -101378.9050    -81751.9527       303.0599             18.3649        17.5809    302436.6721      -492.1713      -491.5058

WRITING EXTENDED SYSTEM TO RESTART FILE AT STEP 5000
WRITING COORDINATES TO RESTART FILE AT STEP 5000
FINISHED WRITING RESTART COORDINATES
The last position output (seq=5000) takes 0.006 seconds, 0.000 MB of memory in use
WRITING VELOCITIES TO RESTART FILE AT STEP 5000
FINISHED WRITING RESTART VELOCITIES
The last velocity output (seq=5000) takes 0.006 seconds, 0.000 MB of memory in use
TIMING: 10000  CPU: 11.5461, 0.00115318/step  Wall: 11.5868, 0.00115904/step, 149.09 ns/days, 0.157758 hours remaining, 0.000000 MB of memory in use.
PERFORMANCE: 10000  averaging 149.715 ns/day, 0.00115419 sec/step with standard deviation 6.84724e-06
ENERGY:   10000       438.2141      1114.7020      1151.2647        81.1993        -114018.9334      9718.0611         0.0000         0.0000     18585.6048         -82929.8872       302.1435   -101515.4921    -82144.5976       302.7544            -80.9103       -82.0741    301085.1282      -355.0843      -355.0286

WRITING EXTENDED SYSTEM TO RESTART FILE AT STEP 10000
WRITING COORDINATES TO RESTART FILE AT STEP 10000
FINISHED WRITING RESTART COORDINATES
The last position output (seq=10000) takes 0.007 seconds, 0.000 MB of memory in use
WRITING VELOCITIES TO RESTART FILE AT STEP 10000
FINISHED WRITING RESTART VELOCITIES
The last velocity output (seq=10000) takes 0.007 seconds, 0.000 MB of memory in use
TIMING: 15000  CPU: 17.5657, 0.00120392/step  Wall: 17.6297, 0.00120859/step, 142.977 ns/days, 0.162824 hours remaining, 0.000000 MB of memory in use.
PERFORMANCE: 15000  averaging 147.399 ns/day, 0.00117232 sec/step with standard deviation 3.17751e-05
ENERGY:   15000       454.0792      1128.4310      1119.3282        72.4731        -113877.5444      9685.5684         0.0000         0.0000     18597.6308         -82820.0338       302.3390   -101417.6646    -82313.4566       302.6506           -234.9730      -232.9956    301545.7852      -325.0565      -324.5203

WRITING EXTENDED SYSTEM TO RESTART FILE AT STEP 15000
WRITING COORDINATES TO RESTART FILE AT STEP 15000
FINISHED WRITING RESTART COORDINATES
The last position output (seq=15000) takes 0.009 seconds, 0.000 MB of memory in use
WRITING VELOCITIES TO RESTART FILE AT STEP 15000
FINISHED WRITING RESTART VELOCITIES
The last velocity output (seq=15000) takes 0.008 seconds, 0.000 MB of memory in use
TIMING: 20000  CPU: 23.3276, 0.00115237/step  Wall: 23.4157, 0.0011572/step, 149.325 ns/days, 0.154294 hours remaining, 0.000000 MB of memory in use.
PERFORMANCE: 20000  averaging 147.876 ns/day, 0.00116854 sec/step with standard deviation 2.70233e-05
ENERGY:   20000       432.0246      1075.7995      1130.7458        76.8059        -114132.0909      9873.7224         0.0000         0.0000     18534.4752         -83008.5174       301.3123   -101542.9926    -82452.4688       302.3829           -152.5929      -148.3977    301350.0189      -290.5638      -289.2958

WRITING EXTENDED SYSTEM TO RESTART FILE AT STEP 20000
WRITING COORDINATES TO RESTART FILE AT STEP 20000
FINISHED WRITING RESTART COORDINATES
The last position output (seq=20000) takes 0.008 seconds, 0.000 MB of memory in use
WRITING VELOCITIES TO RESTART FILE AT STEP 20000
FINISHED WRITING RESTART VELOCITIES
The last velocity output (seq=20000) takes 0.007 seconds, 0.000 MB of memory in use
TIMING: 25000  CPU: 29.0926, 0.00115302/step  Wall: 29.2065, 0.00115815/step, 149.203 ns/days, 0.152812 hours remaining, 0.000000 MB of memory in use.
PERFORMANCE: 25000  averaging 148.14 ns/day, 0.00116647 sec/step with standard deviation 2.38599e-05
ENERGY:   25000       446.0842      1121.3543      1105.2435        73.9760        -114143.6557      9534.7866         0.0000         0.0000     18482.2260         -83379.9851       300.4629   -101862.2111    -82607.0548       302.0629           -459.7130      -466.2589    300650.4585      -318.7553      -318.7897

WRITING EXTENDED SYSTEM TO RESTART FILE AT STEP 25000
WRITING COORDINATES TO RESTART FILE AT STEP 25000
FINISHED WRITING RESTART COORDINATES
The last position output (seq=25000) takes 0.008 seconds, 0.000 MB of memory in use
WRITING VELOCITIES TO RESTART FILE AT STEP 25000
FINISHED WRITING RESTART VELOCITIES
The last velocity output (seq=25000) takes 0.008 seconds, 0.000 MB of memory in use
TIMING: 30000  CPU: 34.8687, 0.0011552/step  Wall: 35.0091, 0.00116051/step, 148.9 ns/days, 0.151511 hours remaining, 0.000000 MB of memory in use.
PERFORMANCE: 30000  averaging 148.266 ns/day, 0.00116547 sec/step with standard deviation 2.14789e-05
ENERGY:   30000       406.1673      1137.7768      1134.1790        67.5870        -114301.3488      9778.9998         0.0000         0.0000     18498.9606         -83277.6784       300.7350   -101776.6390    -82702.8582       301.8732             50.4153        52.8442    299854.7818      -266.0166      -265.6991

WRITING EXTENDED SYSTEM TO RESTART FILE AT STEP 30000
WRITING COORDINATES TO RESTART FILE AT STEP 30000
FINISHED WRITING RESTART COORDINATES
The last position output (seq=30000) takes 0.007 seconds, 0.000 MB of memory in use
WRITING VELOCITIES TO RESTART FILE AT STEP 30000
FINISHED WRITING RESTART VELOCITIES
TIMING: 35000  CPU: 40.6353, 0.00115332/step  Wall: 40.7982, 0.00115784/step, 149.244 ns/days, 0.149554 hours remaining, 0.000000 MB of memory in use.
PERFORMANCE: 35000  averaging 148.405 ns/day, 0.00116438 sec/step with standard deviation 1.98188e-05
ENERGY:   35000       434.0913      1147.6262      1110.3112        69.9046        -113867.4804      9654.3245         0.0000         0.0000     18530.4389         -82920.7838       301.2467   -101451.2227    -82730.0989       301.7949            -91.6267       -96.0050    300749.0361      -244.2179      -244.4874

WRITING EXTENDED SYSTEM TO RESTART FILE AT STEP 35000
WRITING COORDINATES TO RESTART FILE AT STEP 35000
FINISHED WRITING RESTART COORDINATES
The last position output (seq=35000) takes 0.009 seconds, 0.000 MB of memory in use
WRITING VELOCITIES TO RESTART FILE AT STEP 35000
FINISHED WRITING RESTART VELOCITIES
TIMING: 40000  CPU: 46.851, 0.00124315/step  Wall: 47.2788, 0.00129611/step, 133.322 ns/days, 0.165614 hours remaining, 0.000000 MB of memory in use.
PERFORMANCE: 40000  averaging 146.335 ns/day, 0.00118085 sec/step with standard deviation 5.00578e-05
ENERGY:   40000       422.7026      1130.9823      1125.4781        81.8006        -114269.2679      9869.0660         0.0000         0.0000     18687.7315         -82951.5067       303.8038   -101639.2382    -82754.6998       302.0181             96.5729        96.6098    300531.2095      -206.3523      -206.5877

WRITING EXTENDED SYSTEM TO RESTART FILE AT STEP 40000
WRITING COORDINATES TO RESTART FILE AT STEP 40000
FINISHED WRITING RESTART COORDINATES
The last position output (seq=40000) takes 0.009 seconds, 0.000 MB of memory in use
WRITING VELOCITIES TO RESTART FILE AT STEP 40000
FINISHED WRITING RESTART VELOCITIES
TIMING: 45000  CPU: 52.5695, 0.00114369/step  Wall: 53.0234, 0.00114892/step, 150.403 ns/days, 0.14521 hours remaining, 0.000000 MB of memory in use.
PERFORMANCE: 45000  averaging 146.776 ns/day, 0.0011773 sec/step with standard deviation 4.80194e-05
ENERGY:   45000       433.3541      1149.6319      1120.8945        70.7964        -113854.4817      9643.4754         0.0000         0.0000     18525.6961         -82910.6333       301.1696   -101436.3293    -82770.2931       301.9333              4.9049         2.2479    300342.2288      -185.2265      -185.7041

WRITING EXTENDED SYSTEM TO RESTART FILE AT STEP 45000
WRITING COORDINATES TO RESTART FILE AT STEP 45000
FINISHED WRITING RESTART COORDINATES
The last position output (seq=45000) takes 0.010 seconds, 0.000 MB of memory in use
WRITING VELOCITIES TO RESTART FILE AT STEP 45000
FINISHED WRITING RESTART VELOCITIES
TIMING: 50000  CPU: 58.3631, 0.00115873/step  Wall: 58.8423, 0.00116379/step, 148.48 ns/days, 0.145474 hours remaining, 0.000000 MB of memory in use.
PERFORMANCE: 50000  averaging 146.945 ns/day, 0.00117595 sec/step with standard deviation 4.54743e-05
ETITLE:      TS           BOND          ANGLE          DIHED          IMPRP               ELECT            VDW       BOUNDARY           MISC        KINETIC               TOTAL           TEMP      POTENTIAL       TOTALAVG        TEMPAVG            PRESSURE      GPRESSURE         VOLUME       PRESSAVG      GPRESSAVG

ENERGY:   50000       424.8164      1145.7520      1118.2125        73.0963        -114233.4704      9872.1183         0.0000         0.0000     18556.3840         -83043.0908       301.6685   -101599.4748    -82795.0929       301.9092             20.7608        22.0235    299447.7688      -166.5004      -166.8198

WRITING EXTENDED SYSTEM TO RESTART FILE AT STEP 50000
WRITING COORDINATES TO RESTART FILE AT STEP 50000
FINISHED WRITING RESTART COORDINATES
The last position output (seq=50000) takes 0.008 seconds, 0.000 MB of memory in use
WRITING VELOCITIES TO RESTART FILE AT STEP 50000
FINISHED WRITING RESTART VELOCITIES
TIMING: 55000  CPU: 64.1234, 0.00115206/step  Wall: 64.6403, 0.0011596/step, 149.017 ns/days, 0.14334 hours remaining, 0.000000 MB of memory in use.
PERFORMANCE: 55000  averaging 147.131 ns/day, 0.00117446 sec/step with standard deviation 4.34214e-05
ENERGY:   55000       432.0433      1130.7403      1119.0751        82.4830        -113957.5645      9725.0434         0.0000         0.0000     18736.8990         -82731.2806       304.6031   -101468.1796    -82789.7752       302.1337            -67.7217       -68.9217    299915.3293      -158.2689      -158.6616

WRITING EXTENDED SYSTEM TO RESTART FILE AT STEP 55000
WRITING COORDINATES TO RESTART FILE AT STEP 55000
FINISHED WRITING RESTART COORDINATES
WRITING VELOCITIES TO RESTART FILE AT STEP 55000
FINISHED WRITING RESTART VELOCITIES
TIMING: 60000  CPU: 69.8923, 0.00115377/step  Wall: 70.4344, 0.00115882/step, 149.117 ns/days, 0.141634 hours remaining, 0.000000 MB of memory in use.
PERFORMANCE: 60000  averaging 147.294 ns/day, 0.00117316 sec/step with standard deviation 4.16462e-05
ENERGY:   60000       427.2055      1153.0135      1124.0035        75.3467        -113622.1294      9476.4175         0.0000         0.0000     18581.0641         -82785.0787       302.0697   -101366.1428    -82789.4139       302.1288           -212.8836      -213.4024    301436.3864      -162.4700      -162.8724

WRITING EXTENDED SYSTEM TO RESTART FILE AT STEP 60000
WRITING COORDINATES TO RESTART FILE AT STEP 60000
FINISHED WRITING RESTART COORDINATES
WRITING VELOCITIES TO RESTART FILE AT STEP 60000
FINISHED WRITING RESTART VELOCITIES
TIMING: 65000  CPU: 75.6692, 0.00115538/step  Wall: 76.2388, 0.00116088/step, 148.853 ns/days, 0.140273 hours remaining, 0.000000 MB of memory in use.
PERFORMANCE: 65000  averaging 147.413 ns/day, 0.00117222 sec/step with standard deviation 4.00185e-05
ENERGY:   65000       397.5900      1147.6200      1112.4930        71.5362        -114563.9700     10049.7169         0.0000         0.0000     18627.4398         -83157.5741       302.8236   -101785.0139    -82815.7111       302.1784            252.6017       249.2908    300538.5162      -132.8220      -133.4322

WRITING EXTENDED SYSTEM TO RESTART FILE AT STEP 65000
WRITING COORDINATES TO RESTART FILE AT STEP 65000
FINISHED WRITING RESTART COORDINATES
WRITING VELOCITIES TO RESTART FILE AT STEP 65000
FINISHED WRITING RESTART VELOCITIES
TIMING: 70000  CPU: 81.4269, 0.00115154/step  Wall: 82.0214, 0.00115652/step, 149.414 ns/days, 0.13814 hours remaining, 0.000000 MB of memory in use.
PERFORMANCE: 70000  averaging 147.554 ns/day, 0.00117109 sec/step with standard deviation 3.86767e-05
ENERGY:   70000       442.7210      1144.3528      1135.3535        75.3458        -114476.4476      9947.0359         0.0000         0.0000     18604.7859         -83126.8528       302.4554   -101731.6387    -82836.4539       302.1969             17.5792        15.9784    301088.7368      -122.7953      -123.4715

WRITING EXTENDED SYSTEM TO RESTART FILE AT STEP 70000
WRITING COORDINATES TO RESTART FILE AT STEP 70000
FINISHED WRITING RESTART COORDINATES
WRITING VELOCITIES TO RESTART FILE AT STEP 70000
FINISHED WRITING RESTART VELOCITIES
TIMING: 75000  CPU: 87.1946, 0.00115354/step  Wall: 87.8136, 0.00115845/step, 149.165 ns/days, 0.136761 hours remaining, 0.000000 MB of memory in use.
PERFORMANCE: 75000  averaging 147.661 ns/day, 0.00117025 sec/step with standard deviation 3.74126e-05
ENERGY:   75000       424.9876      1129.3568      1117.3211        79.3299        -114115.9461      9685.7826         0.0000         0.0000     18613.7270         -83065.4411       302.6007   -101679.1681    -82850.7656       302.2221            -64.9689       -63.4779    300172.5326      -119.1811      -119.7219

WRITING EXTENDED SYSTEM TO RESTART FILE AT STEP 75000
WRITING COORDINATES TO RESTART FILE AT STEP 75000
FINISHED WRITING RESTART COORDINATES
WRITING VELOCITIES TO RESTART FILE AT STEP 75000
FINISHED WRITING RESTART VELOCITIES
TIMING: 80000  CPU: 92.9433, 0.00114975/step  Wall: 93.5879, 0.00115485/step, 149.63 ns/days, 0.134732 hours remaining, 0.000000 MB of memory in use.
PERFORMANCE: 80000  averaging 147.782 ns/day, 0.00116929 sec/step with standard deviation 3.63485e-05
ENERGY:   80000       399.3753      1129.4439      1123.0844        69.3778        -113611.5611      9436.9794         0.0000         0.0000     18719.3139         -82733.9865       304.3172   -101453.3003    -82843.8962       302.3453           -205.8031      -205.4122    300876.6957      -124.2765      -124.7625

WRITING EXTENDED SYSTEM TO RESTART FILE AT STEP 80000
WRITING COORDINATES TO RESTART FILE AT STEP 80000
FINISHED WRITING RESTART COORDINATES
WRITING VELOCITIES TO RESTART FILE AT STEP 80000
FINISHED WRITING RESTART VELOCITIES
TIMING: 85000  CPU: 98.7032, 0.00115197/step  Wall: 99.3799, 0.00115841/step, 149.17 ns/days, 0.133539 hours remaining, 0.000000 MB of memory in use.
PERFORMANCE: 85000  averaging 147.863 ns/day, 0.00116865 sec/step with standard deviation 3.52931e-05
ENERGY:   85000       448.2330      1120.5983      1131.5714        68.8568        -113876.0674      9663.5910         0.0000         0.0000     18515.7988         -82927.4182       301.0087   -101443.2169    -82848.5363       302.2711           -194.9447      -195.8909    301529.6894      -128.2025      -128.7141

WRITING EXTENDED SYSTEM TO RESTART FILE AT STEP 85000
WRITING COORDINATES TO RESTART FILE AT STEP 85000
FINISHED WRITING RESTART COORDINATES
WRITING VELOCITIES TO RESTART FILE AT STEP 85000
FINISHED WRITING RESTART VELOCITIES
TIMING: 90000  CPU: 104.496, 0.00115861/step  Wall: 105.197, 0.00116348/step, 148.52 ns/days, 0.132508 hours remaining, 0.000000 MB of memory in use.
PERFORMANCE: 90000  averaging 147.899 ns/day, 0.00116836 sec/step with standard deviation 3.42609e-05
ENERGY:   90000       438.6967      1140.4877      1139.2493        72.7094        -114166.5320      9740.1774         0.0000         0.0000     18576.3522         -83058.8592       301.9931   -101635.2114    -82859.6059       302.2564           -105.3237      -105.9074    299670.4562      -126.9984      -127.5137

WRITING EXTENDED SYSTEM TO RESTART FILE AT STEP 90000
WRITING COORDINATES TO RESTART FILE AT STEP 90000
FINISHED WRITING RESTART COORDINATES
WRITING VELOCITIES TO RESTART FILE AT STEP 90000
FINISHED WRITING RESTART VELOCITIES
TIMING: 95000  CPU: 110.277, 0.00115615/step  Wall: 111.004, 0.00116125/step, 148.805 ns/days, 0.130641 hours remaining, 0.000000 MB of memory in use.
PERFORMANCE: 95000  averaging 147.947 ns/day, 0.00116799 sec/step with standard deviation 3.33356e-05
ENERGY:   95000       424.0361      1117.9084      1113.2815        79.1576        -113699.6333      9560.1688         0.0000         0.0000     18593.9573         -82811.1236       302.2793   -101405.0809    -82857.1818       302.2576           -116.7390      -113.1780    299599.6514      -126.4854      -126.7969

WRITING EXTENDED SYSTEM TO RESTART FILE AT STEP 95000
WRITING COORDINATES TO RESTART FILE AT STEP 95000
FINISHED WRITING RESTART COORDINATES
WRITING VELOCITIES TO RESTART FILE AT STEP 95000
FINISHED WRITING RESTART VELOCITIES
TIMING: 100000  CPU: 116.077, 0.00116003/step  Wall: 116.826, 0.00116457/step, 148.381 ns/days, 0.129397 hours remaining, 0.000000 MB of memory in use.
PERFORMANCE: 100000  averaging 147.968 ns/day, 0.00116782 sec/step with standard deviation 3.24555e-05
ETITLE:      TS           BOND          ANGLE          DIHED          IMPRP               ELECT            VDW       BOUNDARY           MISC        KINETIC               TOTAL           TEMP      POTENTIAL       TOTALAVG        TEMPAVG            PRESSURE      GPRESSURE         VOLUME       PRESSAVG      GPRESSAVG

ENERGY:  100000       420.2778      1067.2610      1133.8414        68.8113        -114285.8435      9884.9160         0.0000         0.0000     18658.6620         -83052.0740       303.3312   -101710.7360    -82972.9050       302.2473            164.8203       167.8996    299509.6607       -68.1090       -68.3723

WRITING EXTENDED SYSTEM TO RESTART FILE AT STEP 100000
WRITING COORDINATES TO RESTART FILE AT STEP 100000
FINISHED WRITING RESTART COORDINATES
WRITING VELOCITIES TO RESTART FILE AT STEP 100000
FINISHED WRITING RESTART VELOCITIES
TIMING: 105000  CPU: 121.825, 0.00114967/step  Wall: 122.598, 0.0011543/step, 149.701 ns/days, 0.126652 hours remaining, 0.000000 MB of memory in use.
PERFORMANCE: 105000  averaging 148.05 ns/day, 0.00116717 sec/step with standard deviation 3.17709e-05
ENERGY:  105000       427.9887      1128.5647      1136.7765        76.4436        -114396.1818     10023.4417         0.0000         0.0000     18546.4937         -83056.4730       301.5077   -101602.9666    -82987.4139       302.1936            -70.7155       -76.4987    301507.8379       -72.5631       -73.0763

WRITING EXTENDED SYSTEM TO RESTART FILE AT STEP 105000
WRITING COORDINATES TO RESTART FILE AT STEP 105000
FINISHED WRITING RESTART COORDINATES
WRITING VELOCITIES TO RESTART FILE AT STEP 105000
FINISHED WRITING RESTART VELOCITIES
TIMING: 110000  CPU: 127.613, 0.00115744/step  Wall: 128.41, 0.00116232/step, 148.668 ns/days, 0.125918 hours remaining, 0.000000 MB of memory in use.
PERFORMANCE: 110000  averaging 148.078 ns/day, 0.00116695 sec/step with standard deviation 3.10225e-05
ENERGY:  110000       437.1462      1127.9248      1147.6407        76.7098        -114409.7875      9866.1615         0.0000         0.0000     18825.9018         -82928.3027       306.0500   -101754.2045    -82987.3347       302.3889             37.6471        41.4408    300094.1535       -66.6352       -66.9006

WRITING EXTENDED SYSTEM TO RESTART FILE AT STEP 110000
WRITING COORDINATES TO RESTART FILE AT STEP 110000
FINISHED WRITING RESTART COORDINATES
WRITING VELOCITIES TO RESTART FILE AT STEP 110000
FINISHED WRITING RESTART VELOCITIES
TIMING: 115000  CPU: 133.368, 0.0011511/step  Wall: 134.191, 0.00115627/step, 149.446 ns/days, 0.123657 hours remaining, 0.000000 MB of memory in use.
PERFORMANCE: 115000  averaging 148.137 ns/day, 0.00116649 sec/step with standard deviation 3.03909e-05
ENERGY:  115000       440.3883      1144.3164      1129.6146        64.0361        -114257.8426      9797.8418         0.0000         0.0000     18510.8059         -83170.8395       300.9275   -101681.6454    -83004.8750       302.3183            187.5769       190.2953    298791.2165       -45.5077       -45.7360

WRITING EXTENDED SYSTEM TO RESTART FILE AT STEP 115000
WRITING COORDINATES TO RESTART FILE AT STEP 115000
FINISHED WRITING RESTART COORDINATES
WRITING VELOCITIES TO RESTART FILE AT STEP 115000
FINISHED WRITING RESTART VELOCITIES
TIMING: 120000  CPU: 139.098, 0.00114586/step  Wall: 139.946, 0.00115103/step, 150.127 ns/days, 0.121497 hours remaining, 0.000000 MB of memory in use.
PERFORMANCE: 120000  averaging 148.219 ns/day, 0.00116584 sec/step with standard deviation 2.989e-05
ENERGY:  120000       416.5653      1127.9343      1129.8621        69.1653        -114110.4053      9714.1455         0.0000         0.0000     18738.9947         -82913.7381       304.6372   -101652.7328    -83000.1360       302.4845           -158.9936      -160.6232    299903.0724       -45.8277       -46.3473

WRITING EXTENDED SYSTEM TO RESTART FILE AT STEP 120000
WRITING COORDINATES TO RESTART FILE AT STEP 120000
FINISHED WRITING RESTART COORDINATES
WRITING VELOCITIES TO RESTART FILE AT STEP 120000
FINISHED WRITING RESTART VELOCITIES
TIMING: 125000  CPU: 144.867, 0.00115382/step  Wall: 145.741, 0.00115896/step, 149.099 ns/days, 0.120725 hours remaining, 0.000000 MB of memory in use.
PERFORMANCE: 125000  averaging 148.254 ns/day, 0.00116557 sec/step with standard deviation 2.92931e-05
ENERGY:  125000       442.0764      1128.4199      1123.2360        68.3656        -113528.3619      9350.5068         0.0000         0.0000     18567.1758         -82848.5814       301.8439   -101415.7572    -82973.5658       302.5536           -449.1006      -451.1436    302131.9117       -45.2971       -45.5915

WRITING EXTENDED SYSTEM TO RESTART FILE AT STEP 125000
WRITING COORDINATES TO RESTART FILE AT STEP 125000
FINISHED WRITING RESTART COORDINATES
WRITING VELOCITIES TO RESTART FILE AT STEP 125000
FINISHED WRITING RESTART VELOCITIES
TIMING: 130000  CPU: 150.643, 0.00115533/step  Wall: 151.541, 0.00116006/step, 148.957 ns/days, 0.119229 hours remaining, 0.000000 MB of memory in use.
PERFORMANCE: 130000  averaging 148.281 ns/day, 0.00116536 sec/step with standard deviation 2.87215e-05
ENERGY:  130000       431.1531      1126.0470      1124.9220        60.7749        -114110.0730      9740.6315         0.0000         0.0000     18576.1442         -83050.4004       301.9897   -101626.5446    -82962.2019       302.6163            -11.6091       -11.0338    299574.9423       -48.3983       -48.7854

WRITING EXTENDED SYSTEM TO RESTART FILE AT STEP 130000
WRITING COORDINATES TO RESTART FILE AT STEP 130000
FINISHED WRITING RESTART COORDINATES
WRITING VELOCITIES TO RESTART FILE AT STEP 130000
FINISHED WRITING RESTART VELOCITIES
TIMING: 135000  CPU: 156.394, 0.00115016/step  Wall: 157.316, 0.00115499/step, 149.611 ns/days, 0.117104 hours remaining, 0.000000 MB of memory in use.
PERFORMANCE: 135000  averaging 148.33 ns/day, 0.00116497 sec/step with standard deviation 2.82343e-05
ENERGY:  135000       401.9896      1123.6472      1114.4277        75.9408        -113990.5849      9815.4858         0.0000         0.0000     18591.9268         -82867.1672       302.2463   -101459.0939    -82959.5211       302.6663             83.0656        80.7239    300710.1959       -39.6637       -39.9490

WRITING EXTENDED SYSTEM TO RESTART FILE AT STEP 135000
WRITING COORDINATES TO RESTART FILE AT STEP 135000
FINISHED WRITING RESTART COORDINATES
WRITING VELOCITIES TO RESTART FILE AT STEP 135000
FINISHED WRITING RESTART VELOCITIES
TIMING: 140000  CPU: 162.127, 0.00114657/step  Wall: 163.072, 0.00115122/step, 150.101 ns/days, 0.115122 hours remaining, 0.000000 MB of memory in use.
PERFORMANCE: 140000  averaging 148.392 ns/day, 0.00116448 sec/step with standard deviation 2.78281e-05
ENERGY:  140000       413.7965      1153.3722      1113.6700        74.4704        -114051.5435      9660.3003         0.0000         0.0000     18619.2123         -83016.7218       302.6899   -101635.9341    -82962.7818       302.6106           -163.2176      -162.9441    300517.5509       -52.6532       -52.9267

WRITING EXTENDED SYSTEM TO RESTART FILE AT STEP 140000
WRITING COORDINATES TO RESTART FILE AT STEP 140000
FINISHED WRITING RESTART COORDINATES
WRITING VELOCITIES TO RESTART FILE AT STEP 140000
FINISHED WRITING RESTART VELOCITIES
TIMING: 145000  CPU: 167.91, 0.00115662/step  Wall: 168.879, 0.00116131/step, 148.798 ns/days, 0.114518 hours remaining, 0.000000 MB of memory in use.
PERFORMANCE: 145000  averaging 148.406 ns/day, 0.00116437 sec/step with standard deviation 2.7333e-05
ENERGY:  145000       410.7877      1125.0925      1122.5260        74.5626        -114040.3948      9648.4086         0.0000         0.0000     18533.3073         -83125.7100       301.2933   -101659.0173    -82973.5357       302.6168             28.2551        27.6600    299706.1575       -51.4857       -51.6561

WRITING EXTENDED SYSTEM TO RESTART FILE AT STEP 145000
WRITING COORDINATES TO RESTART FILE AT STEP 145000
FINISHED WRITING RESTART COORDINATES
WRITING VELOCITIES TO RESTART FILE AT STEP 145000
FINISHED WRITING RESTART VELOCITIES
TIMING: 150000  CPU: 174.558, 0.00132962/step  Wall: 176.793, 0.00158279/step, 109.174 ns/days, 0.153882 hours remaining, 0.000000 MB of memory in use.
PERFORMANCE: 150000  averaging 146.65 ns/day, 0.00117832 sec/step with standard deviation 8.09759e-05
ETITLE:      TS           BOND          ANGLE          DIHED          IMPRP               ELECT            VDW       BOUNDARY           MISC        KINETIC               TOTAL           TEMP      POTENTIAL       TOTALAVG        TEMPAVG            PRESSURE      GPRESSURE         VOLUME       PRESSAVG      GPRESSAVG

ENERGY:  150000       411.4638      1102.4375      1129.6236        72.5784        -114082.7834      9712.1147         0.0000         0.0000     18633.7085         -83020.8568       302.9255   -101654.5653    -82972.4240       302.6797           -122.2604      -122.6914    301670.2125       -58.6368       -58.8918

WRITING EXTENDED SYSTEM TO RESTART FILE AT STEP 150000
WRITING COORDINATES TO RESTART FILE AT STEP 150000
FINISHED WRITING RESTART COORDINATES
WRITING VELOCITIES TO RESTART FILE AT STEP 150000
FINISHED WRITING RESTART VELOCITIES
TIMING: 155000  CPU: 180.309, 0.00115025/step  Wall: 182.569, 0.0011553/step, 149.571 ns/days, 0.110716 hours remaining, 0.000000 MB of memory in use.
PERFORMANCE: 155000  averaging 146.742 ns/day, 0.00117758 sec/step with standard deviation 7.97221e-05
ENERGY:  155000       439.5758      1151.7060      1130.7787        66.6619        -114400.6626     10018.8457         0.0000         0.0000     18453.8283         -83139.2661       300.0013   -101593.0944    -82992.8233       302.4496            362.2497       356.1115    299611.9493       -37.1382       -37.6402

WRITING EXTENDED SYSTEM TO RESTART FILE AT STEP 155000
WRITING COORDINATES TO RESTART FILE AT STEP 155000
FINISHED WRITING RESTART COORDINATES
WRITING VELOCITIES TO RESTART FILE AT STEP 155000
FINISHED WRITING RESTART VELOCITIES
TIMING: 160000  CPU: 186.085, 0.00115514/step  Wall: 188.387, 0.00116356/step, 148.51 ns/days, 0.109892 hours remaining, 0.000000 MB of memory in use.
PERFORMANCE: 160000  averaging 146.797 ns/day, 0.00117714 sec/step with standard deviation 7.84649e-05
ENERGY:  160000       434.2432      1148.6768      1123.9474        74.5969        -114287.4026      9905.0720         0.0000         0.0000     18461.8917         -83138.9746       300.1323   -101600.8663    -83010.5180       302.3527            122.9411       121.2137    300606.5825       -20.3470       -20.9094

WRITING EXTENDED SYSTEM TO RESTART FILE AT STEP 160000
WRITING COORDINATES TO RESTART FILE AT STEP 160000
FINISHED WRITING RESTART COORDINATES
WRITING VELOCITIES TO RESTART FILE AT STEP 160000
FINISHED WRITING RESTART VELOCITIES
TIMING: 165000  CPU: 191.83, 0.00114891/step  Wall: 194.156, 0.00115376/step, 149.771 ns/days, 0.107364 hours remaining, 0.000000 MB of memory in use.
PERFORMANCE: 165000  averaging 146.885 ns/day, 0.00117643 sec/step with standard deviation 7.73363e-05
ENERGY:  165000       395.2428      1110.0437      1139.7616        62.2712        -114348.2875      9942.6040         0.0000         0.0000     18339.8994         -83358.4650       298.1491   -101698.3643    -83020.5626       302.1190            358.5115       357.5298    298554.7381       -15.0515       -15.4974

WRITING EXTENDED SYSTEM TO RESTART FILE AT STEP 165000
WRITING COORDINATES TO RESTART FILE AT STEP 165000
FINISHED WRITING RESTART COORDINATES
WRITING VELOCITIES TO RESTART FILE AT STEP 165000
FINISHED WRITING RESTART VELOCITIES
TIMING: 170000  CPU: 197.551, 0.00114434/step  Wall: 199.912, 0.0011512/step, 150.104 ns/days, 0.105527 hours remaining, 0.000000 MB of memory in use.
PERFORMANCE: 170000  averaging 146.978 ns/day, 0.00117569 sec/step with standard deviation 7.62783e-05
ENERGY:  170000       438.8859      1153.3961      1118.1891        67.1015        -114195.5665      9785.2723         0.0000         0.0000     18590.7428         -83041.9787       302.2271   -101632.7215    -83016.3189       302.1076            -48.7839       -50.2299    300669.1384       -18.3696       -18.8078

WRITING EXTENDED SYSTEM TO RESTART FILE AT STEP 170000
WRITING COORDINATES TO RESTART FILE AT STEP 170000
FINISHED WRITING RESTART COORDINATES
WRITING VELOCITIES TO RESTART FILE AT STEP 170000
FINISHED WRITING RESTART VELOCITIES
TIMING: 175000  CPU: 203.345, 0.00115869/step  Wall: 205.733, 0.00116413/step, 148.437 ns/days, 0.105095 hours remaining, 0.000000 MB of memory in use.
PERFORMANCE: 175000  averaging 147.019 ns/day, 0.00117536 sec/step with standard deviation 7.51735e-05
ENERGY:  175000       475.2148      1126.7722      1119.5101        72.4748        -114403.3770     10034.0678         0.0000         0.0000     18714.1472         -82861.1901       304.2332   -101575.3373    -83006.1063       302.1892             77.9874        79.7975    301292.8262       -11.2218       -11.6441

WRITING EXTENDED SYSTEM TO RESTART FILE AT STEP 175000
WRITING COORDINATES TO RESTART FILE AT STEP 175000
FINISHED WRITING RESTART COORDINATES
WRITING VELOCITIES TO RESTART FILE AT STEP 175000
FINISHED WRITING RESTART VELOCITIES
TIMING: 180000  CPU: 209.111, 0.0011533/step  Wall: 211.534, 0.00116024/step, 148.935 ns/days, 0.103132 hours remaining, 0.000000 MB of memory in use.
PERFORMANCE: 180000  averaging 147.072 ns/day, 0.00117494 sec/step with standard deviation 7.41347e-05
ENERGY:  180000       441.7244      1098.6740      1120.2486        70.3646        -113950.0581      9685.8648         0.0000         0.0000     18576.8678         -82956.3138       302.0015   -101533.1817    -83017.2227       302.0734           -239.7244      -242.9980    301416.2181       -12.9179       -13.5234

WRITING EXTENDED SYSTEM TO RESTART FILE AT STEP 180000
WRITING COORDINATES TO RESTART FILE AT STEP 180000
FINISHED WRITING RESTART COORDINATES
WRITING VELOCITIES TO RESTART FILE AT STEP 180000
FINISHED WRITING RESTART VELOCITIES
TIMING: 185000  CPU: 214.863, 0.0011504/step  Wall: 217.311, 0.00115547/step, 149.55 ns/days, 0.101104 hours remaining, 0.000000 MB of memory in use.
PERFORMANCE: 185000  averaging 147.137 ns/day, 0.00117441 sec/step with standard deviation 7.31678e-05
ENERGY:  185000       441.3322      1080.3165      1109.2324        72.2034        -114239.9244      9831.8213         0.0000         0.0000     18625.9758         -83079.0427       302.7998   -101705.0185    -83024.8039       302.1630             54.4433        59.9602    298956.8169        -0.4485        -0.7308

WRITING EXTENDED SYSTEM TO RESTART FILE AT STEP 185000
WRITING COORDINATES TO RESTART FILE AT STEP 185000
FINISHED WRITING RESTART COORDINATES
WRITING VELOCITIES TO RESTART FILE AT STEP 185000
FINISHED WRITING RESTART VELOCITIES
TIMING: 190000  CPU: 220.631, 0.00115349/step  Wall: 223.103, 0.00115841/step, 149.17 ns/days, 0.0997518 hours remaining, 0.000000 MB of memory in use.
PERFORMANCE: 190000  averaging 147.19 ns/day, 0.00117399 sec/step with standard deviation 7.2219e-05
ENERGY:  190000       430.1964      1163.9547      1118.4020        75.2643        -114201.1902      9898.8853         0.0000         0.0000     18663.0275         -82851.4600       303.4022   -101514.4875    -83014.4340       302.2334            -45.5922       -47.7751    300894.4922         2.5381         2.1758

WRITING EXTENDED SYSTEM TO RESTART FILE AT STEP 190000
WRITING COORDINATES TO RESTART FILE AT STEP 190000
FINISHED WRITING RESTART COORDINATES
WRITING VELOCITIES TO RESTART FILE AT STEP 190000
FINISHED WRITING RESTART VELOCITIES
TIMING: 195000  CPU: 226.413, 0.00115644/step  Wall: 228.908, 0.001161/step, 148.838 ns/days, 0.0983621 hours remaining, 0.000000 MB of memory in use.
PERFORMANCE: 195000  averaging 147.232 ns/day, 0.00117366 sec/step with standard deviation 7.12928e-05
ENERGY:  195000       419.5873      1162.0707      1129.5926        75.2389        -113867.6180      9754.5256         0.0000         0.0000     18432.6798         -82893.9231       299.6574   -101326.6029    -83018.5739       302.1023             75.3927        70.2153    300547.3825        12.1447        11.3455

WRITING EXTENDED SYSTEM TO RESTART FILE AT STEP 195000
WRITING COORDINATES TO RESTART FILE AT STEP 195000
FINISHED WRITING RESTART COORDINATES
WRITING VELOCITIES TO RESTART FILE AT STEP 195000
FINISHED WRITING RESTART VELOCITIES
TIMING: 200000  CPU: 232.189, 0.00115514/step  Wall: 234.707, 0.00115981/step, 148.99 ns/days, 0.0966507 hours remaining, 0.000000 MB of memory in use.
PERFORMANCE: 200000  averaging 147.275 ns/day, 0.00117331 sec/step with standard deviation 7.04069e-05
ETITLE:      TS           BOND          ANGLE          DIHED          IMPRP               ELECT            VDW       BOUNDARY           MISC        KINETIC               TOTAL           TEMP      POTENTIAL       TOTALAVG        TEMPAVG            PRESSURE      GPRESSURE         VOLUME       PRESSAVG      GPRESSAVG

ENERGY:  200000       459.2328      1131.5069      1126.1647        66.9869        -114426.2046      9981.0043         0.0000         0.0000     18595.7656         -83065.5433       302.3087   -101661.3089    -83019.2474       302.0512             45.2567        43.2171    300333.5207         6.1665         5.1113

WRITING EXTENDED SYSTEM TO RESTART FILE AT STEP 200000
WRITING COORDINATES TO RESTART FILE AT STEP 200000
FINISHED WRITING RESTART COORDINATES
WRITING VELOCITIES TO RESTART FILE AT STEP 200000
FINISHED WRITING RESTART VELOCITIES
TIMING: 205000  CPU: 237.992, 0.0011607/step  Wall: 240.545, 0.00116751/step, 148.008 ns/days, 0.0956706 hours remaining, 0.000000 MB of memory in use.
PERFORMANCE: 205000  averaging 147.293 ns/day, 0.00117317 sec/step with standard deviation 6.95271e-05
ENERGY:  205000       401.1791      1145.5446      1115.6804        68.4584        -113963.1437      9805.9073         0.0000         0.0000     18537.2673         -82889.1066       301.3577   -101426.3739    -83010.8791       302.0437             42.3336        44.1316    300692.3591        11.8190        11.1429

WRITING EXTENDED SYSTEM TO RESTART FILE AT STEP 205000
WRITING COORDINATES TO RESTART FILE AT STEP 205000
FINISHED WRITING RESTART COORDINATES
WRITING VELOCITIES TO RESTART FILE AT STEP 205000
FINISHED WRITING RESTART VELOCITIES
TIMING: 210000  CPU: 243.755, 0.0011525/step  Wall: 246.33, 0.001157/step, 149.352 ns/days, 0.0932029 hours remaining, 0.000000 MB of memory in use.
PERFORMANCE: 210000  averaging 147.342 ns/day, 0.00117278 sec/step with standard deviation 6.87193e-05
ENERGY:  210000       427.7344      1141.4182      1120.4715        73.0267        -113675.3935      9541.7717         0.0000         0.0000     18778.4977         -82592.4734       305.2794   -101370.9711    -82994.0876       302.0052           -335.2421      -331.2872    303652.1581        -6.8255        -7.4935

WRITING EXTENDED SYSTEM TO RESTART FILE AT STEP 210000
WRITING COORDINATES TO RESTART FILE AT STEP 210000
FINISHED WRITING RESTART COORDINATES
WRITING VELOCITIES TO RESTART FILE AT STEP 210000
FINISHED WRITING RESTART VELOCITIES
TIMING: 215000  CPU: 249.523, 0.00115373/step  Wall: 252.123, 0.00115857/step, 149.149 ns/days, 0.0917204 hours remaining, 0.000000 MB of memory in use.
PERFORMANCE: 215000  averaging 147.383 ns/day, 0.00117245 sec/step with standard deviation 6.79309e-05
ENERGY:  215000       430.8602      1154.2993      1111.5486        64.5923        -114168.7729      9803.1391         0.0000         0.0000     18484.4367         -83119.8968       300.4989   -101604.3335    -82991.5405       301.9837            -39.2122       -36.7777    301122.2287       -18.1650       -18.8472

WRITING EXTENDED SYSTEM TO RESTART FILE AT STEP 215000
WRITING COORDINATES TO RESTART FILE AT STEP 215000
FINISHED WRITING RESTART COORDINATES
WRITING VELOCITIES TO RESTART FILE AT STEP 215000
FINISHED WRITING RESTART VELOCITIES
TIMING: 220000  CPU: 255.286, 0.00115246/step  Wall: 257.908, 0.00115714/step, 149.333 ns/days, 0.09 hours remaining, 0.000000 MB of memory in use.
PERFORMANCE: 220000  averaging 147.427 ns/day, 0.00117211 sec/step with standard deviation 6.7176e-05
ENERGY:  220000       451.3296      1146.7193      1131.3597        68.9971        -114043.1711      9613.9679         0.0000         0.0000     18609.6373         -83021.1601       302.5342   -101630.7974    -82996.9116       301.8786           -209.2647      -210.9762    299984.9199       -20.6785       -21.3648

WRITING EXTENDED SYSTEM TO RESTART FILE AT STEP 220000
WRITING COORDINATES TO RESTART FILE AT STEP 220000
FINISHED WRITING RESTART COORDINATES
WRITING VELOCITIES TO RESTART FILE AT STEP 220000
FINISHED WRITING RESTART VELOCITIES
TIMING: 225000  CPU: 262.566, 0.00145615/step  Wall: 265.707, 0.00155972/step, 110.789 ns/days, 0.119145 hours remaining, 0.000000 MB of memory in use.
PERFORMANCE: 225000  averaging 146.351 ns/day, 0.00118072 sec/step with standard deviation 8.8027e-05
ENERGY:  225000       418.0536      1152.0262      1147.8118        72.6748        -113819.5761      9601.4810         0.0000         0.0000     18553.5398         -82873.9890       301.6222   -101427.5288    -82998.1820       301.8675           -282.4802      -278.4179    301537.0572       -12.3475       -12.7286

WRITING EXTENDED SYSTEM TO RESTART FILE AT STEP 225000
WRITING COORDINATES TO RESTART FILE AT STEP 225000
FINISHED WRITING RESTART COORDINATES
WRITING VELOCITIES TO RESTART FILE AT STEP 225000
FINISHED WRITING RESTART VELOCITIES
TIMING: 230000  CPU: 268.288, 0.00114435/step  Wall: 271.453, 0.00114924/step, 150.36 ns/days, 0.0861929 hours remaining, 0.000000 MB of memory in use.
PERFORMANCE: 230000  averaging 146.436 ns/day, 0.00118004 sec/step with standard deviation 8.71671e-05
ENERGY:  230000       397.2994      1191.5796      1105.3346        78.1921        -114212.8257      9875.4023         0.0000         0.0000     18630.8679         -82934.1498       302.8794   -101565.0177    -82992.3694       301.9120            281.7520       282.8961    299607.1614         2.3206         1.9679

WRITING EXTENDED SYSTEM TO RESTART FILE AT STEP 230000
WRITING COORDINATES TO RESTART FILE AT STEP 230000
FINISHED WRITING RESTART COORDINATES
WRITING VELOCITIES TO RESTART FILE AT STEP 230000
FINISHED WRITING RESTART VELOCITIES
TIMING: 235000  CPU: 274.009, 0.00114428/step  Wall: 277.198, 0.00114893/step, 150.401 ns/days, 0.0845741 hours remaining, 0.000000 MB of memory in use.
PERFORMANCE: 235000  averaging 146.518 ns/day, 0.00117937 sec/step with standard deviation 8.63337e-05
ENERGY:  235000       406.0497      1098.5361      1095.9236        75.9830        -114267.3331      9848.6422         0.0000         0.0000     18611.0356         -83131.1628       302.5570   -101742.1984    -83005.5692       301.9275             87.0292        91.5997    299611.5884         2.5187         2.5117

WRITING EXTENDED SYSTEM TO RESTART FILE AT STEP 235000
WRITING COORDINATES TO RESTART FILE AT STEP 235000
FINISHED WRITING RESTART COORDINATES
WRITING VELOCITIES TO RESTART FILE AT STEP 235000
FINISHED WRITING RESTART VELOCITIES
TIMING: 240000  CPU: 279.741, 0.00114626/step  Wall: 282.954, 0.00115125/step, 150.098 ns/days, 0.0831455 hours remaining, 0.000000 MB of memory in use.
PERFORMANCE: 240000  averaging 146.591 ns/day, 0.00117879 sec/step with standard deviation 8.55068e-05
ENERGY:  240000       457.2918      1142.5681      1114.5318        71.6157        -113773.1582      9670.2817         0.0000         0.0000     18729.1638         -82587.7053       304.4773   -101316.8691    -82984.1184       302.0169           -260.8850      -259.9329    301909.9131        -2.3646        -2.3377

WRITING EXTENDED SYSTEM TO RESTART FILE AT STEP 240000
WRITING COORDINATES TO RESTART FILE AT STEP 240000
FINISHED WRITING RESTART COORDINATES
WRITING VELOCITIES TO RESTART FILE AT STEP 240000
FINISHED WRITING RESTART VELOCITIES
TIMING: 245000  CPU: 285.509, 0.00115359/step  Wall: 288.747, 0.00115856/step, 149.151 ns/days, 0.0820645 hours remaining, 0.000000 MB of memory in use.
PERFORMANCE: 245000  averaging 146.643 ns/day, 0.00117837 sec/step with standard deviation 8.46607e-05
ENERGY:  245000       412.6162      1151.3353      1133.9267        67.5147        -114064.5554      9832.0364         0.0000         0.0000     18773.6869         -82693.4392       305.2012   -101467.1262    -82962.5049       302.2123             34.5932        31.4402    300105.8218        -2.0477        -2.1487

WRITING EXTENDED SYSTEM TO RESTART FILE AT STEP 245000
WRITING COORDINATES TO RESTART FILE AT STEP 245000
FINISHED WRITING RESTART COORDINATES
WRITING VELOCITIES TO RESTART FILE AT STEP 245000
FINISHED WRITING RESTART VELOCITIES
TIMING: 250000  CPU: 291.31, 0.00116021/step  Wall: 294.573, 0.00116519/step, 148.303 ns/days, 0.0809157 hours remaining, 0.000000 MB of memory in use.
PERFORMANCE: 250000  averaging 146.675 ns/day, 0.00117811 sec/step with standard deviation 8.38131e-05
ETITLE:      TS           BOND          ANGLE          DIHED          IMPRP               ELECT            VDW       BOUNDARY           MISC        KINETIC               TOTAL           TEMP      POTENTIAL       TOTALAVG        TEMPAVG            PRESSURE      GPRESSURE         VOLUME       PRESSAVG      GPRESSAVG

ENERGY:  250000       390.0062      1132.8806      1112.6794        86.1682        -114160.8253      9811.2553         0.0000         0.0000     18643.1333         -82984.7022       303.0788   -101627.8354    -82960.6971       302.2199             25.4804        23.0166    300691.2339         5.3393         5.1367

WRITING EXTENDED SYSTEM TO RESTART FILE AT STEP 250000
WRITING COORDINATES TO RESTART FILE AT STEP 250000
FINISHED WRITING RESTART COORDINATES
WRITING VELOCITIES TO RESTART FILE AT STEP 250000
FINISHED WRITING RESTART VELOCITIES
TIMING: 255000  CPU: 297.058, 0.00114969/step  Wall: 300.344, 0.00115432/step, 149.698 ns/days, 0.0785582 hours remaining, 0.000000 MB of memory in use.
PERFORMANCE: 255000  averaging 146.734 ns/day, 0.00117764 sec/step with standard deviation 8.30376e-05
ENERGY:  255000       412.8128      1127.3740      1105.5858        70.4451        -113982.0682      9637.2748         0.0000         0.0000     18625.6126         -83002.9631       302.7939   -101628.5757    -82953.8820       302.3596            -41.8154       -37.4945    300949.2223       -14.8639       -14.5436

WRITING EXTENDED SYSTEM TO RESTART FILE AT STEP 255000
WRITING COORDINATES TO RESTART FILE AT STEP 255000
FINISHED WRITING RESTART COORDINATES
WRITING VELOCITIES TO RESTART FILE AT STEP 255000
FINISHED WRITING RESTART VELOCITIES
TIMING: 260000  CPU: 302.83, 0.00115439/step  Wall: 306.142, 0.00115956/step, 149.022 ns/days, 0.0773042 hours remaining, 0.000000 MB of memory in use.
PERFORMANCE: 260000  averaging 146.777 ns/day, 0.0011773 sec/step with standard deviation 8.22577e-05
ENERGY:  260000       421.3849      1094.0458      1128.1414        56.7832        -114188.9306     10049.4011         0.0000         0.0000     18756.6721         -82682.5023       304.9245   -101439.1744    -82931.0584       302.5992            121.5050       121.6595    302474.5536       -14.9358       -14.5213

WRITING EXTENDED SYSTEM TO RESTART FILE AT STEP 260000
WRITING COORDINATES TO RESTART FILE AT STEP 260000
FINISHED WRITING RESTART COORDINATES
WRITING VELOCITIES TO RESTART FILE AT STEP 260000
FINISHED WRITING RESTART VELOCITIES
TIMING: 265000  CPU: 308.57, 0.0011479/step  Wall: 311.905, 0.00115249/step, 149.936 ns/days, 0.0752322 hours remaining, 0.000000 MB of memory in use.
PERFORMANCE: 265000  averaging 146.835 ns/day, 0.00117683 sec/step with standard deviation 8.15341e-05
ENERGY:  265000       420.4280      1144.4843      1109.1291        71.5431        -114053.6927      9676.9801         0.0000         0.0000     18408.7594         -83222.3688       299.2686   -101631.1282    -82924.2536       302.6551           -193.2544      -190.6548    301258.1702       -42.5240       -41.9305

WRITING EXTENDED SYSTEM TO RESTART FILE AT STEP 265000
WRITING COORDINATES TO RESTART FILE AT STEP 265000
FINISHED WRITING RESTART COORDINATES
WRITING VELOCITIES TO RESTART FILE AT STEP 265000
FINISHED WRITING RESTART VELOCITIES
TIMING: 270000  CPU: 314.355, 0.001157/step  Wall: 317.716, 0.0011622/step, 148.684 ns/days, 0.0742516 hours remaining, 0.000000 MB of memory in use.
PERFORMANCE: 270000  averaging 146.869 ns/day, 0.00117656 sec/step with standard deviation 8.07858e-05
ENERGY:  270000       419.3733      1127.2958      1144.3976        67.4596        -114442.0494      9932.1160         0.0000         0.0000     18633.3121         -83118.0949       302.9191   -101751.4071    -82928.0594       302.6897             39.6099        37.9259    301319.3661       -38.1044       -37.5227

WRITING EXTENDED SYSTEM TO RESTART FILE AT STEP 270000
WRITING COORDINATES TO RESTART FILE AT STEP 270000
FINISHED WRITING RESTART COORDINATES
WRITING VELOCITIES TO RESTART FILE AT STEP 270000
FINISHED WRITING RESTART VELOCITIES
TIMING: 275000  CPU: 320.074, 0.00114394/step  Wall: 323.459, 0.00114877/step, 150.422 ns/days, 0.0717982 hours remaining, 0.000000 MB of memory in use.
PERFORMANCE: 275000  averaging 146.932 ns/day, 0.00117605 sec/step with standard deviation 8.0122e-05
ENERGY:  275000       446.4318      1140.0792      1139.9577        67.5633        -114140.4850      9791.7649         0.0000         0.0000     18542.1742         -83012.5138       301.4375   -101554.6881    -82935.6256       302.5500             16.5317        10.3407    299452.7088       -41.1771       -40.9956

WRITING EXTENDED SYSTEM TO RESTART FILE AT STEP 275000
WRITING COORDINATES TO RESTART FILE AT STEP 275000
FINISHED WRITING RESTART COORDINATES
WRITING VELOCITIES TO RESTART FILE AT STEP 275000
FINISHED WRITING RESTART VELOCITIES
TIMING: 280000  CPU: 325.855, 0.00115613/step  Wall: 329.268, 0.0011617/step, 148.747 ns/days, 0.0709929 hours remaining, 0.000000 MB of memory in use.
PERFORMANCE: 280000  averaging 146.964 ns/day, 0.0011758 sec/step with standard deviation 7.94134e-05
ENERGY:  280000       423.9962      1113.4099      1112.0751        71.5846        -114067.8314      9813.1501         0.0000         0.0000     18731.7891         -82801.8264       304.5200   -101533.6155    -82927.9012       302.6759             37.8023        41.0697    300162.4879       -27.3008       -26.7922

WRITING EXTENDED SYSTEM TO RESTART FILE AT STEP 280000
WRITING COORDINATES TO RESTART FILE AT STEP 280000
FINISHED WRITING RESTART COORDINATES
WRITING VELOCITIES TO RESTART FILE AT STEP 280000
FINISHED WRITING RESTART VELOCITIES
TIMING: 285000  CPU: 331.588, 0.00114663/step  Wall: 335.052, 0.00115683/step, 149.374 ns/days, 0.0690883 hours remaining, 0.000000 MB of memory in use.
PERFORMANCE: 285000  averaging 147.006 ns/day, 0.00117546 sec/step with standard deviation 7.87413e-05
ENERGY:  285000       445.0139      1089.6668      1137.1554        85.6468        -114445.0236      9951.2997         0.0000         0.0000     18581.5840         -83154.6570       302.0782   -101736.2410    -82931.6819       302.6398             83.0091        80.6744    301107.6321       -25.8725       -25.7565

WRITING EXTENDED SYSTEM TO RESTART FILE AT STEP 285000
WRITING COORDINATES TO RESTART FILE AT STEP 285000
FINISHED WRITING RESTART COORDINATES
WRITING VELOCITIES TO RESTART FILE AT STEP 285000
FINISHED WRITING RESTART VELOCITIES
TIMING: 290000  CPU: 337.356, 0.00115361/step  Wall: 340.842, 0.00115809/step, 149.211 ns/days, 0.0675552 hours remaining, 0.000000 MB of memory in use.
PERFORMANCE: 290000  averaging 147.043 ns/day, 0.00117516 sec/step with standard deviation 7.80808e-05
ENERGY:  290000       420.3724      1137.5572      1107.5651        59.0154        -114106.2322      9720.8520         0.0000         0.0000     18592.7505         -83068.1195       302.2597   -101660.8701    -82942.5149       302.5827            -98.2441       -99.8095    299977.8287       -28.5051       -28.3582

WRITING EXTENDED SYSTEM TO RESTART FILE AT STEP 290000
WRITING COORDINATES TO RESTART FILE AT STEP 290000
FINISHED WRITING RESTART COORDINATES
WRITING VELOCITIES TO RESTART FILE AT STEP 290000
FINISHED WRITING RESTART VELOCITIES
TIMING: 295000  CPU: 343.081, 0.00114493/step  Wall: 346.591, 0.00114968/step, 150.303 ns/days, 0.0654679 hours remaining, 0.000000 MB of memory in use.
PERFORMANCE: 295000  averaging 147.097 ns/day, 0.00117473 sec/step with standard deviation 7.74758e-05
ENERGY:  295000       382.4733      1116.9086      1118.1006        73.0354        -113879.1707      9729.4542         0.0000         0.0000     18832.0806         -82627.1180       306.1504   -101459.1985    -82929.1746       302.9073            152.4190       158.6901    300860.6789       -24.6538       -23.9345

WRITING EXTENDED SYSTEM TO RESTART FILE AT STEP 295000
WRITING COORDINATES TO RESTART FILE AT STEP 295000
FINISHED WRITING RESTART COORDINATES
WRITING VELOCITIES TO RESTART FILE AT STEP 295000
FINISHED WRITING RESTART VELOCITIES
TIMING: 300000  CPU: 348.825, 0.00114885/step  Wall: 352.359, 0.00115371/step, 149.778 ns/days, 0.064095 hours remaining, 0.000000 MB of memory in use.
PERFORMANCE: 300000  averaging 147.141 ns/day, 0.00117438 sec/step with standard deviation 7.68644e-05
ETITLE:      TS           BOND          ANGLE          DIHED          IMPRP               ELECT            VDW       BOUNDARY           MISC        KINETIC               TOTAL           TEMP      POTENTIAL       TOTALAVG        TEMPAVG            PRESSURE      GPRESSURE         VOLUME       PRESSAVG      GPRESSAVG

ENERGY:  300000       422.1110      1150.3493      1145.0917        72.3656        -113893.2535      9831.0737         0.0000         0.0000     18774.2032         -82498.0590       305.2095   -101272.2622    -82900.8004       303.0524             24.8192        26.8039    301739.4961       -25.6757       -24.7551

WRITING EXTENDED SYSTEM TO RESTART FILE AT STEP 300000
WRITING COORDINATES TO RESTART FILE AT STEP 300000
FINISHED WRITING RESTART COORDINATES
WRITING VELOCITIES TO RESTART FILE AT STEP 300000
FINISHED WRITING RESTART VELOCITIES
TIMING: 305000  CPU: 354.589, 0.00115275/step  Wall: 358.151, 0.00115826/step, 149.19 ns/days, 0.0627389 hours remaining, 0.000000 MB of memory in use.
PERFORMANCE: 305000  averaging 147.174 ns/day, 0.00117412 sec/step with standard deviation 7.62491e-05
ENERGY:  305000       459.0446      1125.3368      1116.6737        68.7923        -114126.1476      9900.2492         0.0000         0.0000     18487.4723         -82968.5787       300.5482   -101456.0510    -82904.7740       303.0119             74.6263        74.1737    299886.0043       -24.0610       -23.2530

WRITING EXTENDED SYSTEM TO RESTART FILE AT STEP 305000
WRITING COORDINATES TO RESTART FILE AT STEP 305000
FINISHED WRITING RESTART COORDINATES
WRITING VELOCITIES TO RESTART FILE AT STEP 305000
FINISHED WRITING RESTART VELOCITIES
TIMING: 310000  CPU: 360.355, 0.00115321/step  Wall: 363.953, 0.00116051/step, 148.901 ns/days, 0.0612489 hours remaining, 0.000000 MB of memory in use.
PERFORMANCE: 310000  averaging 147.202 ns/day, 0.0011739 sec/step with standard deviation 7.56413e-05
ENERGY:  310000       411.6556      1112.5385      1106.4361        80.5227        -114563.8856     10080.0016         0.0000         0.0000     18753.7530         -83018.9781       304.8771   -101772.7311    -82926.0992       302.9918            423.9334       425.0666    298563.3731        13.8977        14.5647

WRITING EXTENDED SYSTEM TO RESTART FILE AT STEP 310000
WRITING COORDINATES TO RESTART FILE AT STEP 310000
FINISHED WRITING RESTART COORDINATES
WRITING VELOCITIES TO RESTART FILE AT STEP 310000
FINISHED WRITING RESTART VELOCITIES
TIMING: 315000  CPU: 366.249, 0.00117889/step  Wall: 369.919, 0.00119311/step, 144.832 ns/days, 0.0613124 hours remaining, 0.000000 MB of memory in use.
PERFORMANCE: 315000  averaging 147.164 ns/day, 0.0011742 sec/step with standard deviation 7.50678e-05
ENERGY:  315000       435.7528      1117.9252      1131.6822        74.0419        -114284.2945      9620.1706         0.0000         0.0000     18668.3346         -83236.3872       303.4885   -101904.7219    -82931.9238       303.1413           -148.2300      -143.3118    299642.2337         8.4468         9.2380

WRITING EXTENDED SYSTEM TO RESTART FILE AT STEP 315000
WRITING COORDINATES TO RESTART FILE AT STEP 315000
FINISHED WRITING RESTART COORDINATES
WRITING VELOCITIES TO RESTART FILE AT STEP 315000
FINISHED WRITING RESTART VELOCITIES
TIMING: 320000  CPU: 371.989, 0.00114788/step  Wall: 375.693, 0.00115484/step, 149.631 ns/days, 0.057742 hours remaining, 0.000000 MB of memory in use.
PERFORMANCE: 320000  averaging 147.202 ns/day, 0.0011739 sec/step with standard deviation 7.4509e-05
ENERGY:  320000       438.5269      1099.3960      1117.3330        67.7418        -113710.1111      9501.7609         0.0000         0.0000     18702.7322         -82782.6204       304.0476   -101485.3525    -82919.9968       303.2169           -169.7139      -176.9628    300351.0896        10.4244        10.9386

WRITING EXTENDED SYSTEM TO RESTART FILE AT STEP 320000
WRITING COORDINATES TO RESTART FILE AT STEP 320000
FINISHED WRITING RESTART COORDINATES
WRITING VELOCITIES TO RESTART FILE AT STEP 320000
FINISHED WRITING RESTART VELOCITIES
TIMING: 325000  CPU: 377.766, 0.0011554/step  Wall: 381.503, 0.00116196/step, 148.715 ns/days, 0.0564841 hours remaining, 0.000000 MB of memory in use.
PERFORMANCE: 325000  averaging 147.225 ns/day, 0.00117372 sec/step with standard deviation 7.39394e-05
ENERGY:  325000       464.6079      1155.0121      1130.3848        77.0654        -114176.9990      9961.7834         0.0000         0.0000     18658.4673         -82729.6781       303.3280   -101388.1454    -82912.7812       303.3022            144.2440       142.1178    300898.8899        31.7606        31.9654

WRITING EXTENDED SYSTEM TO RESTART FILE AT STEP 325000
WRITING COORDINATES TO RESTART FILE AT STEP 325000
FINISHED WRITING RESTART COORDINATES
WRITING VELOCITIES TO RESTART FILE AT STEP 325000
FINISHED WRITING RESTART VELOCITIES
TIMING: 330000  CPU: 383.544, 0.00115566/step  Wall: 387.306, 0.00116067/step, 148.879 ns/days, 0.0548095 hours remaining, 0.000000 MB of memory in use.
PERFORMANCE: 330000  averaging 147.249 ns/day, 0.00117352 sec/step with standard deviation 7.3386e-05
ENERGY:  330000       410.9862      1162.1574      1110.3078        63.5857        -113939.7189      9628.7272         0.0000         0.0000     18524.5722         -83039.3824       301.1513   -101563.9547    -82918.0429       303.2158            -59.0579       -55.4932    299577.8817        14.7201        15.0460

WRITING EXTENDED SYSTEM TO RESTART FILE AT STEP 330000
WRITING COORDINATES TO RESTART FILE AT STEP 330000
FINISHED WRITING RESTART COORDINATES
WRITING VELOCITIES TO RESTART FILE AT STEP 330000
FINISHED WRITING RESTART VELOCITIES
TIMING: 335000  CPU: 389.312, 0.00115354/step  Wall: 393.097, 0.00115819/step, 149.198 ns/days, 0.0530839 hours remaining, 0.000000 MB of memory in use.
PERFORMANCE: 335000  averaging 147.278 ns/day, 0.00117329 sec/step with standard deviation 7.2852e-05
ENERGY:  335000       411.4002      1118.6699      1130.6220        69.0050        -114246.5577     10044.0988         0.0000         0.0000     18475.1050         -82997.6568       300.3471   -101472.7618    -82911.3676       303.1053            133.9812       136.7971    301874.2076        17.0677        17.3058

WRITING EXTENDED SYSTEM TO RESTART FILE AT STEP 335000
WRITING COORDINATES TO RESTART FILE AT STEP 335000
FINISHED WRITING RESTART COORDINATES
WRITING VELOCITIES TO RESTART FILE AT STEP 335000
FINISHED WRITING RESTART VELOCITIES
TIMING: 340000  CPU: 395.104, 0.00115836/step  Wall: 398.915, 0.0011635/step, 148.518 ns/days, 0.051711 hours remaining, 0.000000 MB of memory in use.
PERFORMANCE: 340000  averaging 147.296 ns/day, 0.00117315 sec/step with standard deviation 7.23161e-05
ENERGY:  340000       416.8092      1132.8813      1139.1055        70.6040        -114045.7660      9652.6409         0.0000         0.0000     18663.4213         -82970.3037       303.4086   -101633.7249    -82930.4975       303.0519           -145.7745      -145.9406    300258.6855        22.8232        23.0055

WRITING EXTENDED SYSTEM TO RESTART FILE AT STEP 340000
WRITING COORDINATES TO RESTART FILE AT STEP 340000
FINISHED WRITING RESTART COORDINATES
WRITING VELOCITIES TO RESTART FILE AT STEP 340000
FINISHED WRITING RESTART VELOCITIES
TIMING: 345000  CPU: 400.843, 0.00114779/step  Wall: 404.677, 0.00115242/step, 149.945 ns/days, 0.049618 hours remaining, 0.000000 MB of memory in use.
PERFORMANCE: 345000  averaging 147.334 ns/day, 0.00117285 sec/step with standard deviation 7.18257e-05
ENERGY:  345000       454.8783      1174.1737      1139.2127        75.5647        -114086.3013      9853.2227         0.0000         0.0000     18641.3054         -82747.9439       303.0490   -101389.2492    -82933.2227       302.9443            183.2300       186.2446    300616.9483        30.2551        30.7457

WRITING EXTENDED SYSTEM TO RESTART FILE AT STEP 345000
WRITING COORDINATES TO RESTART FILE AT STEP 345000
FINISHED WRITING RESTART COORDINATES
WRITING VELOCITIES TO RESTART FILE AT STEP 345000
FINISHED WRITING RESTART VELOCITIES
TIMING: 350000  CPU: 406.59, 0.00114954/step  Wall: 410.448, 0.00115424/step, 149.709 ns/days, 0.0480932 hours remaining, 0.000000 MB of memory in use.
PERFORMANCE: 350000  averaging 147.367 ns/day, 0.00117258 sec/step with standard deviation 7.1338e-05
ETITLE:      TS           BOND          ANGLE          DIHED          IMPRP               ELECT            VDW       BOUNDARY           MISC        KINETIC               TOTAL           TEMP      POTENTIAL       TOTALAVG        TEMPAVG            PRESSURE      GPRESSURE         VOLUME       PRESSAVG      GPRESSAVG

ENERGY:  350000       399.6587      1152.0174      1116.4060        63.8848        -114371.8753     10017.9191         0.0000         0.0000     18662.0201         -82959.9692       303.3858   -101621.9893    -82931.9861       302.9596            415.2227       410.1434    299602.1742        49.7422        50.1020

WRITING EXTENDED SYSTEM TO RESTART FILE AT STEP 350000
WRITING COORDINATES TO RESTART FILE AT STEP 350000
FINISHED WRITING RESTART COORDINATES
WRITING VELOCITIES TO RESTART FILE AT STEP 350000
FINISHED WRITING RESTART VELOCITIES
TIMING: 355000  CPU: 412.329, 0.00114771/step  Wall: 416.209, 0.00115228/step, 149.964 ns/days, 0.0464112 hours remaining, 0.000000 MB of memory in use.
PERFORMANCE: 355000  averaging 147.403 ns/day, 0.00117229 sec/step with standard deviation 7.08676e-05
ENERGY:  355000       449.9222      1185.4788      1122.6605        66.6951        -114220.6207      9868.4985         0.0000         0.0000     18479.7234         -83047.6422       300.4222   -101527.3656    -82934.2200       302.8411            108.7006       111.6315    299470.4559        57.2680        57.5583

WRITING EXTENDED SYSTEM TO RESTART FILE AT STEP 355000
WRITING COORDINATES TO RESTART FILE AT STEP 355000
FINISHED WRITING RESTART COORDINATES
WRITING VELOCITIES TO RESTART FILE AT STEP 355000
FINISHED WRITING RESTART VELOCITIES
TIMING: 360000  CPU: 418.09, 0.00115219/step  Wall: 421.994, 0.00115699/step, 149.354 ns/days, 0.0449939 hours remaining, 0.000000 MB of memory in use.
PERFORMANCE: 360000  averaging 147.43 ns/day, 0.00117208 sec/step with standard deviation 7.03899e-05
ENERGY:  360000       442.4223      1181.4514      1115.4613        75.7023        -113857.1035      9744.5230         0.0000         0.0000     18547.5579         -82749.9854       301.5250   -101297.5433    -82937.5942       302.6711             38.7702        40.5381    301505.2611        53.1312        53.5022

WRITING EXTENDED SYSTEM TO RESTART FILE AT STEP 360000
WRITING COORDINATES TO RESTART FILE AT STEP 360000
FINISHED WRITING RESTART COORDINATES
WRITING VELOCITIES TO RESTART FILE AT STEP 360000
FINISHED WRITING RESTART VELOCITIES
TIMING: 365000  CPU: 423.861, 0.00115433/step  Wall: 427.791, 0.00115931/step, 149.054 ns/days, 0.0434741 hours remaining, 0.000000 MB of memory in use.
PERFORMANCE: 365000  averaging 147.452 ns/day, 0.00117191 sec/step with standard deviation 6.99153e-05
ENERGY:  365000       440.5654      1097.7096      1119.3731        68.6355        -113938.3031      9702.3991         0.0000         0.0000     18726.4698         -82783.1506       304.4335   -101509.6204    -82915.6333       302.9293            -37.5053       -32.8933    300856.7483        60.9187        61.3903

WRITING EXTENDED SYSTEM TO RESTART FILE AT STEP 365000
WRITING COORDINATES TO RESTART FILE AT STEP 365000
FINISHED WRITING RESTART COORDINATES
WRITING VELOCITIES TO RESTART FILE AT STEP 365000
FINISHED WRITING RESTART VELOCITIES
TIMING: 370000  CPU: 429.618, 0.00115128/step  Wall: 433.573, 0.00115647/step, 149.42 ns/days, 0.0417614 hours remaining, 0.000000 MB of memory in use.
PERFORMANCE: 370000  averaging 147.478 ns/day, 0.0011717 sec/step with standard deviation 6.9458e-05
ENERGY:  370000       441.8578      1116.7919      1131.9545        71.8215        -113806.8497      9621.6572         0.0000         0.0000     18581.6188         -82841.1480       302.0787   -101422.7669    -82901.7859       302.8873           -237.2359      -232.1799    301720.2296        47.0764        47.8850

WRITING EXTENDED SYSTEM TO RESTART FILE AT STEP 370000
WRITING COORDINATES TO RESTART FILE AT STEP 370000
FINISHED WRITING RESTART COORDINATES
WRITING VELOCITIES TO RESTART FILE AT STEP 370000
FINISHED WRITING RESTART VELOCITIES
TIMING: 375000  CPU: 435.423, 0.00116107/step  Wall: 439.41, 0.00116743/step, 148.017 ns/days, 0.0405359 hours remaining, 0.000000 MB of memory in use.
PERFORMANCE: 375000  averaging 147.485 ns/day, 0.00117164 sec/step with standard deviation 6.89889e-05
ENERGY:  375000       416.6265      1111.4898      1110.3031        74.8613        -113638.1516      9539.7795         0.0000         0.0000     18444.0280         -82941.0633       299.8419   -101385.0913    -82898.2134       302.8075           -296.7894      -294.4576    300105.0282        31.4103        32.6451

WRITING EXTENDED SYSTEM TO RESTART FILE AT STEP 375000
WRITING COORDINATES TO RESTART FILE AT STEP 375000
FINISHED WRITING RESTART COORDINATES
WRITING VELOCITIES TO RESTART FILE AT STEP 375000
FINISHED WRITING RESTART VELOCITIES
TIMING: 380000  CPU: 441.196, 0.00115456/step  Wall: 445.208, 0.00115955/step, 149.023 ns/days, 0.0386518 hours remaining, 0.000000 MB of memory in use.
PERFORMANCE: 380000  averaging 147.505 ns/day, 0.00117148 sec/step with standard deviation 6.85414e-05
ENERGY:  380000       426.0510      1153.9048      1120.1246        73.3714        -114426.9000     10207.3251         0.0000         0.0000     18698.6542         -82747.4689       303.9814   -101446.1231    -82895.4955       302.7806            547.8675       545.5581    299928.2197        56.9136        57.8695

WRITING EXTENDED SYSTEM TO RESTART FILE AT STEP 380000
WRITING COORDINATES TO RESTART FILE AT STEP 380000
FINISHED WRITING RESTART COORDINATES
WRITING VELOCITIES TO RESTART FILE AT STEP 380000
FINISHED WRITING RESTART VELOCITIES
TIMING: 385000  CPU: 446.985, 0.00115775/step  Wall: 451.021, 0.00116256/step, 148.637 ns/days, 0.0371374 hours remaining, 0.000000 MB of memory in use.
PERFORMANCE: 385000  averaging 147.52 ns/day, 0.00117137 sec/step with standard deviation 6.80966e-05
ENERGY:  385000       420.1416      1121.5852      1115.5953        71.4704        -114165.4427      9856.0361         0.0000         0.0000     18559.3975         -83021.2165       301.7175   -101580.6140    -82888.8235       302.7626             40.8745        39.7594    301003.1159        54.8069        55.8238

WRITING EXTENDED SYSTEM TO RESTART FILE AT STEP 385000
WRITING COORDINATES TO RESTART FILE AT STEP 385000
FINISHED WRITING RESTART COORDINATES
WRITING VELOCITIES TO RESTART FILE AT STEP 385000
FINISHED WRITING RESTART VELOCITIES
TIMING: 390000  CPU: 452.741, 0.00115137/step  Wall: 456.802, 0.0011562/step, 149.455 ns/days, 0.0353284 hours remaining, 0.000000 MB of memory in use.
PERFORMANCE: 390000  averaging 147.545 ns/day, 0.00117117 sec/step with standard deviation 6.76747e-05
ENERGY:  390000       432.1756      1149.2477      1140.4292        74.1743        -113908.8431      9778.5166         0.0000         0.0000     18399.1652         -82935.1346       299.1126   -101334.2998    -82882.1742       302.6052            188.2830       186.2249    299766.8409        69.1332        70.1255

WRITING EXTENDED SYSTEM TO RESTART FILE AT STEP 390000
WRITING COORDINATES TO RESTART FILE AT STEP 390000
FINISHED WRITING RESTART COORDINATES
WRITING VELOCITIES TO RESTART FILE AT STEP 390000
FINISHED WRITING RESTART VELOCITIES
TIMING: 395000  CPU: 458.515, 0.0011548/step  Wall: 462.608, 0.00116118/step, 148.814 ns/days, 0.0338677 hours remaining, 0.000000 MB of memory in use.
PERFORMANCE: 395000  averaging 147.56 ns/day, 0.00117105 sec/step with standard deviation 6.72489e-05
ENERGY:  395000       434.8795      1148.8117      1114.8686        67.6627        -114014.2060      9881.9653         0.0000         0.0000     18506.4075         -82859.6108       300.8560   -101366.0182    -82893.7989       302.3405             36.1913        33.7143    302540.1160        63.3218        63.8767

WRITING EXTENDED SYSTEM TO RESTART FILE AT STEP 395000
WRITING COORDINATES TO RESTART FILE AT STEP 395000
FINISHED WRITING RESTART COORDINATES
WRITING VELOCITIES TO RESTART FILE AT STEP 395000
FINISHED WRITING RESTART VELOCITIES
TIMING: 400000  CPU: 464.3, 0.00115696/step  Wall: 468.417, 0.00116178/step, 148.737 ns/days, 0.0322718 hours remaining, 0.000000 MB of memory in use.
PERFORMANCE: 400000  averaging 147.575 ns/day, 0.00117093 sec/step with standard deviation 6.68299e-05
ETITLE:      TS           BOND          ANGLE          DIHED          IMPRP               ELECT            VDW       BOUNDARY           MISC        KINETIC               TOTAL           TEMP      POTENTIAL       TOTALAVG        TEMPAVG            PRESSURE      GPRESSURE         VOLUME       PRESSAVG      GPRESSAVG

ENERGY:  400000       431.5570      1145.9229      1128.3118        72.8886        -114446.5791     10183.5198         0.0000         0.0000     18635.4060         -82848.9730       302.9531   -101484.3790    -82911.3446       302.2277            219.0547       220.9717    301206.5199        73.0336        73.5851

WRITING EXTENDED SYSTEM TO RESTART FILE AT STEP 400000
WRITING COORDINATES TO RESTART FILE AT STEP 400000
FINISHED WRITING RESTART COORDINATES
WRITING VELOCITIES TO RESTART FILE AT STEP 400000
FINISHED WRITING RESTART VELOCITIES
TIMING: 405000  CPU: 470.022, 0.00114441/step  Wall: 474.17, 0.00115075/step, 150.163 ns/days, 0.0303671 hours remaining, 0.000000 MB of memory in use.
PERFORMANCE: 405000  averaging 147.606 ns/day, 0.00117068 sec/step with standard deviation 6.64488e-05
ENERGY:  405000       475.5975      1102.1867      1115.2163        77.9384        -114028.4833      9633.6185         0.0000         0.0000     18565.0886         -83058.8374       301.8100   -101623.9260    -82915.8575       302.2908           -217.7099      -219.0278    300465.2512        58.4168        58.9250

WRITING EXTENDED SYSTEM TO RESTART FILE AT STEP 405000
WRITING COORDINATES TO RESTART FILE AT STEP 405000
FINISHED WRITING RESTART COORDINATES
WRITING VELOCITIES TO RESTART FILE AT STEP 405000
FINISHED WRITING RESTART VELOCITIES
TIMING: 410000  CPU: 475.737, 0.00114295/step  Wall: 479.916, 0.00114905/step, 150.385 ns/days, 0.0287262 hours remaining, 0.000000 MB of memory in use.
PERFORMANCE: 410000  averaging 147.64 ns/day, 0.00117042 sec/step with standard deviation 6.60805e-05
ENERGY:  410000       415.7079      1123.7358      1089.3715        80.4176        -113814.3461      9614.0060         0.0000         0.0000     18599.7306         -82891.3766       302.3732   -101491.1073    -82909.4774       302.1656           -200.0500      -201.4123    301690.2867        27.2176        27.6011

WRITING EXTENDED SYSTEM TO RESTART FILE AT STEP 410000
WRITING COORDINATES TO RESTART FILE AT STEP 410000
FINISHED WRITING RESTART COORDINATES
WRITING VELOCITIES TO RESTART FILE AT STEP 410000
FINISHED WRITING RESTART VELOCITIES
TIMING: 415000  CPU: 481.493, 0.00115116/step  Wall: 485.694, 0.00115571/step, 149.518 ns/days, 0.0272877 hours remaining, 0.000000 MB of memory in use.
PERFORMANCE: 415000  averaging 147.662 ns/day, 0.00117024 sec/step with standard deviation 6.56962e-05
ENERGY:  415000       427.1580      1123.3406      1110.7963        67.4547        -113701.4980      9466.9357         0.0000         0.0000     18754.6603         -82751.1525       304.8918   -101505.8128    -82885.2157       302.2357           -376.6720      -378.4130    300929.2757        15.7955        15.8460

WRITING EXTENDED SYSTEM TO RESTART FILE AT STEP 415000
WRITING COORDINATES TO RESTART FILE AT STEP 415000
FINISHED WRITING RESTART COORDINATES
WRITING VELOCITIES TO RESTART FILE AT STEP 415000
FINISHED WRITING RESTART VELOCITIES
TIMING: 420000  CPU: 487.249, 0.00115121/step  Wall: 491.474, 0.00115604/step, 149.476 ns/days, 0.0256897 hours remaining, 0.000000 MB of memory in use.
PERFORMANCE: 420000  averaging 147.683 ns/day, 0.00117007 sec/step with standard deviation 6.53176e-05
ENERGY:  420000       445.9120      1123.4392      1114.3056        70.3046        -114161.8594      9816.2369         0.0000         0.0000     18832.2322         -82759.4290       306.1529   -101591.6612    -82884.0561       302.3410             58.6111        57.3568    299470.2491        27.2118        27.5620

WRITING EXTENDED SYSTEM TO RESTART FILE AT STEP 420000
WRITING COORDINATES TO RESTART FILE AT STEP 420000
FINISHED WRITING RESTART COORDINATES
WRITING VELOCITIES TO RESTART FILE AT STEP 420000
FINISHED WRITING RESTART VELOCITIES
TIMING: 425000  CPU: 492.972, 0.00114465/step  Wall: 497.228, 0.00115079/step, 150.158 ns/days, 0.0239747 hours remaining, 0.000000 MB of memory in use.
PERFORMANCE: 425000  averaging 147.712 ns/day, 0.00116984 sec/step with standard deviation 6.49613e-05
ENERGY:  425000       426.8715      1116.0539      1125.2303        65.9216        -113800.5705      9501.0669         0.0000         0.0000     18603.4519         -82961.9743       302.4337   -101565.4262    -82895.6710       302.2963           -350.0967      -350.8660    301557.3082         2.4947         2.9128

WRITING EXTENDED SYSTEM TO RESTART FILE AT STEP 425000
WRITING COORDINATES TO RESTART FILE AT STEP 425000
FINISHED WRITING RESTART COORDINATES
WRITING VELOCITIES TO RESTART FILE AT STEP 425000
FINISHED WRITING RESTART VELOCITIES
TIMING: 430000  CPU: 498.702, 0.00114601/step  Wall: 502.991, 0.00115253/step, 149.931 ns/days, 0.0224104 hours remaining, 0.000000 MB of memory in use.
PERFORMANCE: 430000  averaging 147.737 ns/day, 0.00116964 sec/step with standard deviation 6.4605e-05
ENERGY:  430000       438.7426      1140.4686      1101.8766        65.4893        -113742.5507      9550.0758         0.0000         0.0000     18396.4235         -83049.4743       299.0680   -101445.8978    -82896.1756       302.1921            -78.1305       -73.4993    299953.9238         1.5411         2.0125

WRITING EXTENDED SYSTEM TO RESTART FILE AT STEP 430000
WRITING COORDINATES TO RESTART FILE AT STEP 430000
FINISHED WRITING RESTART COORDINATES
WRITING VELOCITIES TO RESTART FILE AT STEP 430000
FINISHED WRITING RESTART VELOCITIES
TIMING: 435000  CPU: 504.381, 0.00113585/step  Wall: 508.702, 0.00114212/step, 151.298 ns/days, 0.0206216 hours remaining, 0.000000 MB of memory in use.
PERFORMANCE: 435000  averaging 147.777 ns/day, 0.00116933 sec/step with standard deviation 6.42961e-05
ENERGY:  435000       450.5922      1139.0279      1123.8094        64.8402        -114245.9477      9839.4964         0.0000         0.0000     18476.7371         -83151.4444       300.3737   -101628.1815    -82903.8649       302.1934            -54.0173       -52.3697    300102.6313        -7.8588        -7.4458

WRITING EXTENDED SYSTEM TO RESTART FILE AT STEP 435000
WRITING COORDINATES TO RESTART FILE AT STEP 435000
FINISHED WRITING RESTART COORDINATES
WRITING VELOCITIES TO RESTART FILE AT STEP 435000
FINISHED WRITING RESTART VELOCITIES
TIMING: 440000  CPU: 510.131, 0.00114992/step  Wall: 514.474, 0.00115455/step, 149.669 ns/days, 0.0192425 hours remaining, 0.000000 MB of memory in use.
PERFORMANCE: 440000  averaging 147.799 ns/day, 0.00116916 sec/step with standard deviation 6.39449e-05
ENERGY:  440000       415.0533      1092.3630      1127.3358        85.2935        -113800.6877      9655.1672         0.0000         0.0000     18553.2236         -82872.2513       301.6171   -101425.4750    -82898.9623       302.1039            -41.7130       -41.2251    300075.8338        -2.6557        -2.2101

WRITING EXTENDED SYSTEM TO RESTART FILE AT STEP 440000
WRITING COORDINATES TO RESTART FILE AT STEP 440000
FINISHED WRITING RESTART COORDINATES
WRITING VELOCITIES TO RESTART FILE AT STEP 440000
FINISHED WRITING RESTART VELOCITIES
TIMING: 445000  CPU: 515.915, 0.00115684/step  Wall: 520.291, 0.00116342/step, 148.527 ns/days, 0.0177745 hours remaining, 0.000000 MB of memory in use.
PERFORMANCE: 445000  averaging 147.807 ns/day, 0.00116909 sec/step with standard deviation 6.35835e-05
ENERGY:  445000       429.2767      1134.5714      1129.4339        78.7823        -113974.3456      9438.5729         0.0000         0.0000     18572.6622         -83191.0461       301.9331   -101763.7083    -82921.1174       302.0481           -232.5892      -231.2902    299182.2625       -23.4467       -23.0868

WRITING EXTENDED SYSTEM TO RESTART FILE AT STEP 445000
WRITING COORDINATES TO RESTART FILE AT STEP 445000
FINISHED WRITING RESTART COORDINATES
WRITING VELOCITIES TO RESTART FILE AT STEP 445000
FINISHED WRITING RESTART VELOCITIES
TIMING: 450000  CPU: 521.669, 0.0011507/step  Wall: 526.07, 0.00115562/step, 149.53 ns/days, 0.0160503 hours remaining, 0.000000 MB of memory in use.
PERFORMANCE: 450000  averaging 147.826 ns/day, 0.00116894 sec/step with standard deviation 6.32412e-05
ETITLE:      TS           BOND          ANGLE          DIHED          IMPRP               ELECT            VDW       BOUNDARY           MISC        KINETIC               TOTAL           TEMP      POTENTIAL       TOTALAVG        TEMPAVG            PRESSURE      GPRESSURE         VOLUME       PRESSAVG      GPRESSAVG

ENERGY:  450000       406.3372      1124.5580      1107.1654        64.7482        -113981.3506      9765.4393         0.0000         0.0000     18815.6008         -82697.5018       305.8825   -101513.1025    -82907.9941       302.1729            186.0875       187.3116    300221.5144       -34.9034       -34.2284

WRITING EXTENDED SYSTEM TO RESTART FILE AT STEP 450000
WRITING COORDINATES TO RESTART FILE AT STEP 450000
FINISHED WRITING RESTART COORDINATES
WRITING VELOCITIES TO RESTART FILE AT STEP 450000
FINISHED WRITING RESTART VELOCITIES
TIMING: 455000  CPU: 527.404, 0.001147/step  Wall: 531.84, 0.00115409/step, 149.729 ns/days, 0.0144261 hours remaining, 0.000000 MB of memory in use.
PERFORMANCE: 455000  averaging 147.846 ns/day, 0.00116878 sec/step with standard deviation 6.29081e-05
ENERGY:  455000       432.5060      1158.5912      1117.5952        71.7936        -114401.5664      9918.8080         0.0000         0.0000     18678.2696         -83024.0027       303.6500   -101702.2723    -82906.8121       302.3343            172.1201       170.2299    300458.0110       -31.7325       -31.2985

WRITING EXTENDED SYSTEM TO RESTART FILE AT STEP 455000
WRITING COORDINATES TO RESTART FILE AT STEP 455000
FINISHED WRITING RESTART COORDINATES
WRITING VELOCITIES TO RESTART FILE AT STEP 455000
FINISHED WRITING RESTART VELOCITIES
TIMING: 460000  CPU: 533.143, 0.00114788/step  Wall: 537.611, 0.00115424/step, 149.709 ns/days, 0.0128249 hours remaining, 0.000000 MB of memory in use.
PERFORMANCE: 460000  averaging 147.866 ns/day, 0.00116862 sec/step with standard deviation 6.25799e-05
ENERGY:  460000       395.6689      1066.2066      1143.4596        83.2998        -114133.7089      9696.4320         0.0000         0.0000     18731.0697         -83017.5723       304.5083   -101748.6420    -82920.1914       302.4835           -172.3443      -169.8829    300014.3902       -42.2882       -41.8195

WRITING EXTENDED SYSTEM TO RESTART FILE AT STEP 460000
WRITING COORDINATES TO RESTART FILE AT STEP 460000
FINISHED WRITING RESTART COORDINATES
WRITING VELOCITIES TO RESTART FILE AT STEP 460000
FINISHED WRITING RESTART VELOCITIES
TIMING: 465000  CPU: 538.899, 0.00115126/step  Wall: 543.399, 0.00115751/step, 149.286 ns/days, 0.0112536 hours remaining, 0.000000 MB of memory in use.
PERFORMANCE: 465000  averaging 147.882 ns/day, 0.0011685 sec/step with standard deviation 6.22495e-05
ENERGY:  465000       444.7491      1154.4117      1129.1673        67.6060        -114114.5826      9816.7346         0.0000         0.0000     18472.5827         -83029.3312       300.3061   -101501.9139    -82932.5005       302.2771            117.1176       120.7226    301151.2295       -34.5570       -34.1387

WRITING EXTENDED SYSTEM TO RESTART FILE AT STEP 465000
WRITING COORDINATES TO RESTART FILE AT STEP 465000
FINISHED WRITING RESTART COORDINATES
WRITING VELOCITIES TO RESTART FILE AT STEP 465000
FINISHED WRITING RESTART VELOCITIES
TIMING: 470000  CPU: 544.62, 0.00114405/step  Wall: 549.151, 0.0011504/step, 150.209 ns/days, 0.00958665 hours remaining, 0.000000 MB of memory in use.
PERFORMANCE: 470000  averaging 147.906 ns/day, 0.00116831 sec/step with standard deviation 6.19421e-05
ENERGY:  470000       435.5363      1158.9888      1136.8033        72.8156        -113480.6158      9597.7619         0.0000         0.0000     18644.5844         -82434.1256       303.1023   -101078.7100    -82912.1493       302.3283           -186.4709      -183.7439    300447.3326       -32.0188       -31.7169

WRITING EXTENDED SYSTEM TO RESTART FILE AT STEP 470000
WRITING COORDINATES TO RESTART FILE AT STEP 470000
FINISHED WRITING RESTART COORDINATES
WRITING VELOCITIES TO RESTART FILE AT STEP 470000
FINISHED WRITING RESTART VELOCITIES
TIMING: 475000  CPU: 550.329, 0.00114185/step  Wall: 554.882, 0.00114633/step, 150.741 ns/days, 0.00796065 hours remaining, 0.000000 MB of memory in use.
PERFORMANCE: 475000  averaging 147.935 ns/day, 0.00116808 sec/step with standard deviation 6.1653e-05
ENERGY:  475000       414.7693      1114.8243      1131.3767        79.1015        -114025.0696      9693.6900         0.0000         0.0000     18811.1988         -82780.1090       305.8110   -101591.3078    -82904.1016       302.6267            -63.9047       -63.8652    300178.2180       -20.3746       -20.1873

WRITING EXTENDED SYSTEM TO RESTART FILE AT STEP 475000
WRITING COORDINATES TO RESTART FILE AT STEP 475000
FINISHED WRITING RESTART COORDINATES
WRITING VELOCITIES TO RESTART FILE AT STEP 475000
FINISHED WRITING RESTART VELOCITIES
TIMING: 480000  CPU: 556.057, 0.0011457/step  Wall: 560.639, 0.00115126/step, 150.097 ns/days, 0.00639587 hours remaining, 0.000000 MB of memory in use.
PERFORMANCE: 480000  averaging 147.957 ns/day, 0.0011679 sec/step with standard deviation 6.13517e-05
ENERGY:  480000       432.6137      1103.3618      1115.8892        84.3721        -113768.2690      9644.9637         0.0000         0.0000     18441.6441         -82945.4244       299.8032   -101387.0686    -82913.9994       302.4178             25.0739        24.8994    299718.2266       -46.5142       -46.2202

WRITING EXTENDED SYSTEM TO RESTART FILE AT STEP 480000
WRITING COORDINATES TO RESTART FILE AT STEP 480000
FINISHED WRITING RESTART COORDINATES
WRITING VELOCITIES TO RESTART FILE AT STEP 480000
FINISHED WRITING RESTART VELOCITIES
TIMING: 485000  CPU: 562.094, 0.0012073/step  Wall: 566.709, 0.0012141/step, 142.328 ns/days, 0.00505875 hours remaining, 0.000000 MB of memory in use.
PERFORMANCE: 485000  averaging 147.897 ns/day, 0.00116838 sec/step with standard deviation 6.12113e-05
ENERGY:  485000       437.8862      1075.1591      1118.9546        68.9722        -114266.6780      9788.9426         0.0000         0.0000     18573.0401         -83203.7232       301.9393   -101776.7633    -82923.1247       302.4289             -3.7939        -6.5322    300194.7227       -48.7477       -48.5348

WRITING EXTENDED SYSTEM TO RESTART FILE AT STEP 485000
WRITING COORDINATES TO RESTART FILE AT STEP 485000
FINISHED WRITING RESTART COORDINATES
WRITING VELOCITIES TO RESTART FILE AT STEP 485000
FINISHED WRITING RESTART VELOCITIES
TIMING: 490000  CPU: 567.828, 0.00114685/step  Wall: 572.473, 0.00115276/step, 149.901 ns/days, 0.00320212 hours remaining, 0.000000 MB of memory in use.
PERFORMANCE: 490000  averaging 147.917 ns/day, 0.00116822 sec/step with standard deviation 6.09154e-05
ENERGY:  490000       440.0956      1175.4215      1102.7348        66.9758        -114076.3805      9757.0609         0.0000         0.0000     18728.0415         -82806.0504       304.4591   -101534.0919    -82916.6705       302.6962              2.7246         0.3596    299478.1864       -58.0256       -57.8281

WRITING EXTENDED SYSTEM TO RESTART FILE AT STEP 490000
WRITING COORDINATES TO RESTART FILE AT STEP 490000
FINISHED WRITING RESTART COORDINATES
WRITING VELOCITIES TO RESTART FILE AT STEP 490000
FINISHED WRITING RESTART VELOCITIES
TIMING: 495000  CPU: 573.544, 0.00114313/step  Wall: 578.226, 0.00115053/step, 150.192 ns/days, 0.00159795 hours remaining, 0.000000 MB of memory in use.
PERFORMANCE: 495000  averaging 147.94 ns/day, 0.00116804 sec/step with standard deviation 6.06299e-05
ENERGY:  495000       456.6043      1145.4497      1121.4062        80.5320        -113913.0204      9735.1083         0.0000         0.0000     18593.2694         -82780.6505       302.2681   -101373.9199    -82912.7225       302.7668             21.8158        19.1322    300187.1288       -58.7444       -58.5572

WRITING EXTENDED SYSTEM TO RESTART FILE AT STEP 495000
WRITING COORDINATES TO RESTART FILE AT STEP 495000
FINISHED WRITING RESTART COORDINATES
WRITING VELOCITIES TO RESTART FILE AT STEP 495000
FINISHED WRITING RESTART VELOCITIES
TIMING: 500000  CPU: 579.284, 0.00114805/step  Wall: 583.991, 0.00115301/step, 149.868 ns/days, 0 hours remaining, 0.000000 MB of memory in use.
PERFORMANCE: 500000  averaging 147.959 ns/day, 0.00116789 sec/step with standard deviation 6.03416e-05
ETITLE:      TS           BOND          ANGLE          DIHED          IMPRP               ELECT            VDW       BOUNDARY           MISC        KINETIC               TOTAL           TEMP      POTENTIAL       TOTALAVG        TEMPAVG            PRESSURE      GPRESSURE         VOLUME       PRESSAVG      GPRESSAVG

ENERGY:  500000       407.7568      1145.0762      1090.5699        81.8894        -113879.1036      9674.0913         0.0000         0.0000     18516.7266         -82962.9934       301.0238   -101479.7200    -82918.4235       302.6704            -94.8012       -93.9074    301247.7249       -74.4372       -74.3011

WRITING EXTENDED SYSTEM TO RESTART FILE AT STEP 500000
WRITING COORDINATES TO RESTART FILE AT STEP 500000
FINISHED WRITING RESTART COORDINATES
WRITING VELOCITIES TO RESTART FILE AT STEP 500000
FINISHED WRITING RESTART VELOCITIES
WRITING EXTENDED SYSTEM TO OUTPUT FILE AT STEP 500000
WRITING COORDINATES TO OUTPUT FILE AT STEP 500000
WRITING VELOCITIES TO OUTPUT FILE AT STEP 500000
====================================================

WallClock: 585.022827  CPUTime: 578.944763  Memory: 0.000000 MB
[Partition 0][Node 0] End of program
