Charm++: standalone mode (not using charmrun)
Charm++> Running in Multicore mode: 10 threads (PEs)
Charm++> Using recursive bisection (scheme 3) for topology aware partitions
Converse/Charm++ Commit ID: v80000
CharmLB> Load balancer assumes all CPUs are same.
Charm++> Running on 1 hosts (2 sockets x 24 cores x 1 PUs = 48-way SMP)
Charm++> cpu topology info is gathered in 0.001 seconds.
Info: Built with CUDA version 11080
Pe 0 physical rank 0 will use CUDA device of pe 8
Pe 1 physical rank 1 will use CUDA device of pe 8
Pe 9 physical rank 9 will use CUDA device of pe 8
Pe 5 physical rank 5 will use CUDA device of pe 8
Pe 3 physical rank 3 will use CUDA device of pe 8
Pe 7 physical rank 7 will use CUDA device of pe 8
Pe 8 physical rank 8 binding to CUDA device 0 on sg012: 'NVIDIA A100-SXM4-80GB'  Mem: 81155MB  Rev: 8.0  PCI: 0:1:0
Pe 6 physical rank 6 will use CUDA device of pe 8
Pe 2 physical rank 2 will use CUDA device of pe 8
Pe 4 physical rank 4 will use CUDA device of pe 8
CharmLB> Load balancing instrumentation for communication is off.
Info: NAMD 3.1alpha2 for Linux-x86_64-multicore-CUDA
Info: 
Info: Please visit http://www.ks.uiuc.edu/Research/namd/
Info: for updates, documentation, and support information.
Info: 
Info: Please cite Phillips et al., J. Chem. Phys. 153:044130 (2020) doi:10.1063/5.0014475
Info: in all publications reporting results obtained with NAMD.
Info: 
Info: Based on Charm++/Converse 80000 for multicore-linux-x86_64
Info: Built Wed Feb 26 02:26:55 MST 2025 by athiru12 on sg005
Info: 1 NAMD  3.1alpha2  Linux-x86_64-multicore-CUDA  10    sg012  athiru12
Info: Running on 10 processors, 1 nodes, 1 physical nodes.
Info: CPU topology information available.
Info: Charm++/Converse parallel runtime startup completed at 0.791989 s
CkLoopLib is used in SMP with simple dynamic scheduling (converse-level notification)
Info: 0 MB of memory in use based on /proc/self/stat
Info: Configuration file is input/step5_vanilla_10_run.inp
Info: Changed directory to input
TCL: Suspending until startup complete.
Warning: Option "1-4scaling" has been deprecated. Instead use "oneFourScaling".
Warning: Option "CUDASOAintegrate" has been deprecated. Instead use "GPUresident".
Info: EXTENDED SYSTEM FILE   ../output/step4_equilibration.xsc
Info: Tuning parameters to improve GPU-resident performance
Info: Setting margin to 4
Warning: The Langevin gamma parameters differ over the particles,
Warning: requiring extra work per step to constrain rigid bonds.
Info: Enabling PMEOffload because PMEInterpOrder > 4.
Info: Running with GPU-resident mode
Warning: Always using force tables for GPU nonbonded kernel due to unsupported config parameters.
Info: SIMULATION PARAMETERS:
Info: TIMESTEP               2
Info: NUMBER OF STEPS        500000
Info: STEPS PER CYCLE        20
Info: PERIODIC CELL BASIS 1  69 0 0
Info: PERIODIC CELL BASIS 2  0 69 0
Info: PERIODIC CELL BASIS 3  0 0 69
Info: PERIODIC CELL CENTER   0 0 0
Info: WRAPPING WATERS AROUND PERIODIC BOUNDARIES ON OUTPUT.
Info: WRAPPING ALL CLUSTERS AROUND PERIODIC BOUNDARIES ON OUTPUT.
Info: LOAD BALANCER  Centralized
Info: LOAD BALANCING STRATEGY  New Load Balancers -- DEFAULT
Info: LDB PERIOD             4000 steps
Info: FIRST LDB TIMESTEP     100
Info: LAST LDB TIMESTEP     -1
Info: LDB BACKGROUND SCALING 1
Info: HOM BACKGROUND SCALING 1
Info: PME BACKGROUND SCALING 1
Info: MIN ATOMS PER PATCH    40
Info: EMPTY PATCH LOAD       40 ATOMS
Info: VELOCITY FILE          ../output/step4_equilibration.vel
Info: CENTER OF MASS MOVING INITIALLY? NO
Info: DIELECTRIC             1
Info: EXCLUDE                SCALED ONE-FOUR
Info: 1-4 ELECTROSTATICS SCALED BY 1
Info: MODIFIED 1-4 VDW PARAMETERS WILL BE USED
Info: NO DCD TRAJECTORY OUTPUT
Info: NO EXTENDED SYSTEM TRAJECTORY OUTPUT
Info: NO VELOCITY DCD OUTPUT
Info: NO FORCE DCD OUTPUT
Info: OUTPUT FILENAME        ../output/run-2/step5_vanilla_10_1
Info: BINARY OUTPUT FILES WILL BE USED
Info: RESTART FILENAME       ../output/run-2/step5_vanilla_10_1.restart
Info: RESTART FREQUENCY      5000
Info: BINARY RESTART FILES WILL BE USED
Info: SWITCHING ACTIVE
Info: VDW FORCE SWITCHING ACTIVE
Info: SWITCHING ON           10
Info: SWITCHING OFF          12
Info: PAIRLIST DISTANCE      16
Info: PAIRLIST SHRINK RATE   0.01
Info: PAIRLIST GROW RATE     0.01
Info: PAIRLIST TRIGGER       0.3
Info: PAIRLISTS PER CYCLE    2
Info: PAIRLISTS ENABLED
Info: MARGIN                 4
Info: HYDROGEN GROUP CUTOFF  2.5
Info: PATCH DIMENSION        22.5
Info: ENERGY OUTPUT STEPS    5000
Info: ENERGY EVALUATION STEPS    5000
Info: OUTPUT ENERGY PRECISION 4
Info: CROSSTERM ENERGY INCLUDED IN DIHEDRAL
Info: TIMING OUTPUT STEPS    5000
Info: LANGEVIN DYNAMICS ACTIVE
Info: LANGEVIN TEMPERATURE   303.15
Info: LANGEVIN USING BBK INTEGRATOR
Info: LANGEVIN DAMPING COEFFICIENT IS 1 INVERSE PS
Info: LANGEVIN DYNAMICS NOT APPLIED TO HYDROGENS
Info: LANGEVIN PISTON PRESSURE CONTROL ACTIVE
Info:        TARGET PRESSURE IS 1.01325 BAR
Info:     OSCILLATION PERIOD IS 50 FS
Info:             DECAY TIME IS 25 FS
Info:     PISTON TEMPERATURE IS 303.15 K
Info:       PRESSURE CONTROL IS GROUP-BASED
Info:    INITIAL STRAIN RATE IS 0 0 0
Info:       CELL FLUCTUATION IS ISOTROPIC
Info: PARTICLE MESH EWALD (PME) ACTIVE
Info: PME TOLERANCE               1e-06
Info: PME EWALD COEFFICIENT       0.257952
Info: PME INTERPOLATION ORDER     6
Info: PME GRID DIMENSIONS         72 72 72
Info: PME MAXIMUM GRID SPACING    1
Info: PME RECIPROCAL SUM OFFLOADED TO GPU
Info: PME CALCULATION WILL BE PERFORMED ON GPU
Info: FULL ELECTROSTATIC EVALUATION FREQUENCY      1
Info: USING VERLET I (r-RESPA) MTS SCHEME.
Info: C1 SPLITTING OF LONG RANGE ELECTROSTATICS
Info: PLACING ATOMS IN PATCHES BY HYDROGEN GROUPS
Info: RIGID BONDS TO HYDROGEN : ALL
Info:         ERROR TOLERANCE : 1e-08
Info:          MAX ITERATIONS : 100
Info: RIGID WATER USING SETTLE ALGORITHM
Info: RANDOM NUMBER SEED     1742587743
Info: USE HYDROGEN BONDS?    NO
Info: COORDINATE PDB         step3_input.pdb
Info: STRUCTURE FILE         step3_input.psf
Info: PARAMETER file: CHARMM format! 
Info: PARAMETERS             toppar/par_all36m_prot.prm
Info: PARAMETERS             toppar/par_all36_na.prm
Info: PARAMETERS             toppar/par_all36_carb.prm
Info: PARAMETERS             toppar/par_all36_lipid.prm
Info: PARAMETERS             toppar/par_all36_cgenff.prm
Info: PARAMETERS             toppar/par_interface.prm
Info: PARAMETERS             toppar/toppar_all36_moreions.str
Info: PARAMETERS             toppar/toppar_all36_nano_lig.str
Info: PARAMETERS             toppar/toppar_all36_nano_lig_patch.str
Info: PARAMETERS             toppar/toppar_all36_synthetic_polymer.str
Info: PARAMETERS             toppar/toppar_all36_synthetic_polymer_patch.str
Info: PARAMETERS             toppar/toppar_all36_polymer_solvent.str
Info: PARAMETERS             toppar/toppar_water_ions.str
Info: PARAMETERS             toppar/toppar_dum_noble_gases.str
Info: PARAMETERS             toppar/toppar_ions_won.str
Info: PARAMETERS             toppar/cam.str
Info: PARAMETERS             toppar/toppar_all36_prot_arg0.str
Info: PARAMETERS             toppar/toppar_all36_prot_c36m_d_aminoacids.str
Info: PARAMETERS             toppar/toppar_all36_prot_fluoro_alkanes.str
Info: PARAMETERS             toppar/toppar_all36_prot_heme.str
Info: PARAMETERS             toppar/toppar_all36_prot_na_combined.str
Info: PARAMETERS             toppar/toppar_all36_prot_retinol.str
Info: PARAMETERS             toppar/toppar_all36_prot_model.str
Info: PARAMETERS             toppar/toppar_all36_prot_modify_res.str
Info: PARAMETERS             toppar/toppar_all36_na_nad_ppi.str
Info: PARAMETERS             toppar/toppar_all36_na_rna_modified.str
Info: PARAMETERS             toppar/toppar_all36_lipid_sphingo.str
Info: PARAMETERS             toppar/toppar_all36_lipid_archaeal.str
Info: PARAMETERS             toppar/toppar_all36_lipid_bacterial.str
Info: PARAMETERS             toppar/toppar_all36_lipid_cardiolipin.str
Info: PARAMETERS             toppar/toppar_all36_lipid_cholesterol.str
Info: PARAMETERS             toppar/toppar_all36_lipid_dag.str
Info: PARAMETERS             toppar/toppar_all36_lipid_inositol.str
Info: PARAMETERS             toppar/toppar_all36_lipid_lnp.str
Info: PARAMETERS             toppar/toppar_all36_lipid_lps.str
Info: PARAMETERS             toppar/toppar_all36_lipid_mycobacterial.str
Info: PARAMETERS             toppar/toppar_all36_lipid_miscellaneous.str
Info: PARAMETERS             toppar/toppar_all36_lipid_model.str
Info: PARAMETERS             toppar/toppar_all36_lipid_prot.str
Info: PARAMETERS             toppar/toppar_all36_lipid_tag.str
Info: PARAMETERS             toppar/toppar_all36_lipid_yeast.str
Info: PARAMETERS             toppar/toppar_all36_lipid_hmmm.str
Info: PARAMETERS             toppar/toppar_all36_lipid_detergent.str
Info: PARAMETERS             toppar/toppar_all36_lipid_ether.str
Info: PARAMETERS             toppar/toppar_all36_lipid_oxidized.str
Info: PARAMETERS             toppar/toppar_all36_carb_glycolipid.str
Info: PARAMETERS             toppar/toppar_all36_carb_glycopeptide.str
Info: PARAMETERS             toppar/toppar_all36_carb_imlab.str
Info: PARAMETERS             toppar/toppar_all36_label_spin.str
Info: PARAMETERS             toppar/toppar_all36_label_fluorophore.str
Info: USING ARITHMETIC MEAN TO COMBINE L-J SIGMA PARAMETERS
Info: BINARY COORDINATES     ../output/step4_equilibration.coor
Warning: SKIPPING PART OF PARAMETER FILE AFTER RETURN STATEMENT

Warning: DUPLICATE DIHEDRAL ENTRY FOR HAL1-CTO1-C-NHL
PREVIOUS VALUES MULTIPLICITY: 1
  k=0  n=1  delta=0INCREASING MULTIPLICITY TO: 2
  k=0  n=3  delta=0

Warning: DUPLICATE DIHEDRAL ENTRY FOR HAL1-CTO1-C-O
PREVIOUS VALUES MULTIPLICITY: 1
  k=0  n=1  delta=0INCREASING MULTIPLICITY TO: 2
  k=0  n=2  delta=3.14159
Warning: SKIPPING PART OF PARAMETER FILE AFTER RETURN STATEMENT

Warning: DUPLICATE DIHEDRAL ENTRY FOR CTL2-CG2O5-CTL1-CTL3
PREVIOUS VALUES MULTIPLICITY: 1
  k=0.75  n=1  delta=0  k=0.18  n=2  delta=3.14159INCREASING MULTIPLICITY TO: 3
  k=0.065  n=3  delta=0

Warning: DUPLICATE BOND ENTRY FOR CEL1-CL
PREVIOUS VALUES  k=440  x0=1.489
   USING VALUES  k=300  x0=1.48
Info: SUMMARY OF PARAMETERS:
Info: 1988 BONDS
Info: 6776 ANGLES
Info: 19939 DIHEDRAL
Info: 430 IMPROPER
Info: 28 CROSSTERM
Info: 751 VDW
Info: 122 VDW_PAIRS
Info: 0 NBTHOLE_PAIRS
Warning: Ignored 9467 bonds with zero force constants.
Warning: Will get H-H distance in rigid H2O from H-O-H angle.
Info: TIME FOR READING PSF FILE: 0.0619499
Info: Reading pdb file step3_input.pdb
Info: TIME FOR READING PDB FILE: 0.0268821
Info: 
Info: ****************************
Info: STRUCTURE SUMMARY:
Info: 30423 ATOMS
Info: 20918 BONDS
Info: 13014 ANGLES
Info: 5187 DIHEDRALS
Info: 373 IMPROPERS
Info: 127 CROSSTERMS
Info: 0 EXCLUSIONS
Info: 29360 RIGID BONDS
Info: 61909 DEGREES OF FREEDOM
Info: 10530 HYDROGEN GROUPS
Info: 4 ATOMS IN LARGEST HYDROGEN GROUP
Info: 10530 MIGRATION GROUPS
Info: 4 ATOMS IN LARGEST MIGRATION GROUP
Info: TOTAL MASS = 186727 amu
Info: TOTAL CHARGE = 1.31875e-06 e
Info: MASS DENSITY = 0.943883 g/cm^3
Info: ATOM DENSITY = 0.0926093 atoms/A^3
Info: *****************************
Info: Reading from binary file ../output/step4_equilibration.coor
Info: 
Info: Entering startup at 1.02118 s, 0 MB of memory in use
Info: Startup phase 0 took 9.4958e-05 s, 0 MB of memory in use
Info: ADDED 39038 IMPLICIT EXCLUSIONS
Info: Startup phase 1 took 0.00610029 s, 0 MB of memory in use
Info: NONBONDED TABLE R-SQUARED SPACING: 0.0625
Info: NONBONDED TABLE SIZE: 769 POINTS
Info: INCONSISTENCY IN FAST TABLE ENERGY VS FORCE: 0.000325096 AT 11.9556
Info: INCONSISTENCY IN SCOR TABLE ENERGY VS FORCE: 0.000324844 AT 11.9556
Info: INCONSISTENCY IN VDWA TABLE ENERGY VS FORCE: 0.0040507 AT 0.251946
Info: INCONSISTENCY IN VDWB TABLE ENERGY VS FORCE: 0.00150189 AT 0.251946
Info: Startup phase 2 took 0.0113804 s, 0 MB of memory in use
Info: Startup phase 3 took 5.9692e-05 s, 0 MB of memory in use
Info: Startup phase 4 took 0.00034523 s, 0 MB of memory in use
Info: Startup phase 5 took 6.7718e-05 s, 0 MB of memory in use
Info: PATCH GRID IS 3 (PERIODIC) BY 3 (PERIODIC) BY 3 (PERIODIC)
Info: PATCH GRID IS 1-AWAY BY 1-AWAY BY 1-AWAY
Info: Reading from binary file ../output/step4_equilibration.vel
Info: REMOVING COM VELOCITY 0.0102651 -0.01707 0.00842024
Info: LARGEST PATCH (13) HAS 1316 ATOMS
Info: TORUS A SIZE 1 USING 0
Info: TORUS B SIZE 1 USING 0
Info: TORUS C SIZE 1 USING 0
Info: TORUS MINIMAL MESH SIZE IS 1 BY 1 BY 1
Info: Placed 100% of base nodes on same physical node as patch
Info: Startup phase 6 took 0.013255 s, 0 MB of memory in use
Info: Use 3D box decompostion in PME FFT.
Info: PME using 1 x 1 x 1 pencil grid for FFT and reciprocal sum.
Info: Startup phase 7 took 0.000194988 s, 0 MB of memory in use
Info: Updated CUDA force table with 4096 elements.
Info: Updated CUDA LJ table with 751 x 751 elements.
Info: Startup phase 8 took 0.00579279 s, 0 MB of memory in use
Info: Startup phase 9 took 7.0082e-05 s, 0 MB of memory in use
Info: Startup phase 10 took 7.3177e-05 s, 0 MB of memory in use
Info: Startup phase 11 took 0.00691064 s, 0 MB of memory in use
LDB: Central LB being created...
Info: Startup phase 12 took 0.00219449 s, 0 MB of memory in use
Info: CREATING 647 COMPUTE OBJECTS
Info: Found 268 unique exclusion lists needing 4316 bytes
Info: useSync: 0 useProxySync: 0
Info: Startup phase 13 took 0.0206619 s, 0 MB of memory in use
Info: Startup phase 14 took 6.3169e-05 s, 0 MB of memory in use
Info: Startup phase 15 took 2.3715e-05 s, 0 MB of memory in use
Info: Finished startup at 1.08847 s, 0 MB of memory in use

TCL: Original numsteps 500000 will be ignored.
TCL: Running for 500000 steps
ETITLE:      TS           BOND          ANGLE          DIHED          IMPRP               ELECT            VDW       BOUNDARY           MISC        KINETIC               TOTAL           TEMP      POTENTIAL       TOTALAVG        TEMPAVG            PRESSURE      GPRESSURE         VOLUME       PRESSAVG      GPRESSAVG

ENERGY:       0       393.7845      1151.3864      1140.5717        75.7877        -111381.5648      9211.0936         0.0000         0.0000     18671.3312         -80737.6098       303.5372    -99408.9410    -80737.6098       303.5372          -1002.7074     -1000.5924    328509.0000     -1002.7074     -1000.5924

Info: Initial time: 10 CPUs 0.00124576 s/step 138.711 ns/day 0 MB memory
Info: Initial time: 10 CPUs 0.00124594 s/step 138.691 ns/day 0 MB memory
Info: Initial time: 10 CPUs 0.00116623 s/step 148.17 ns/day 0 MB memory
Info: Benchmark time: 10 CPUs 0.00118135 s/step 146.274 ns/day 0 MB memory
Info: Benchmark time: 10 CPUs 0.00115339 s/step 149.82 ns/day 0 MB memory
Info: Benchmark time: 10 CPUs 0.00113683 s/step 152.001 ns/day 0 MB memory
Info: Benchmark time: 10 CPUs 0.00112204 s/step 154.005 ns/day 0 MB memory
Info: Benchmark time: 10 CPUs 0.00118076 s/step 146.347 ns/day 0 MB memory
Info: Benchmark time: 10 CPUs 0.00116613 s/step 148.182 ns/day 0 MB memory
TIMING: 5000  CPU: 5.91948, 0.00115689/step  Wall: 5.85493, 0.00116131/step, 148.797 ns/days, 0.15968 hours remaining, 0.000000 MB of memory in use.
PERFORMANCE: 5000  averaging 148.797 ns/day, 0.00116131 sec/step with standard deviation 0
ENERGY:    5000       422.7695      1137.2968      1115.0278        67.0650        -113915.2116      9700.7331         0.0000         0.0000     18541.8021         -82930.5173       301.4314   -101472.3193    -81834.0636       302.4843            -92.9067       -89.5545    301794.0835      -547.8070      -545.0734

WRITING EXTENDED SYSTEM TO RESTART FILE AT STEP 5000
WRITING COORDINATES TO RESTART FILE AT STEP 5000
FINISHED WRITING RESTART COORDINATES
The last position output (seq=5000) takes 0.007 seconds, 0.000 MB of memory in use
WRITING VELOCITIES TO RESTART FILE AT STEP 5000
FINISHED WRITING RESTART VELOCITIES
The last velocity output (seq=5000) takes 0.006 seconds, 0.000 MB of memory in use
TIMING: 10000  CPU: 11.8659, 0.00118928/step  Wall: 11.8358, 0.00119617/step, 144.461 ns/days, 0.162812 hours remaining, 0.000000 MB of memory in use.
PERFORMANCE: 10000  averaging 146.597 ns/day, 0.00117874 sec/step with standard deviation 2.46496e-05
ENERGY:   10000       446.4370      1158.2531      1103.5693        72.0772        -113886.3096      9565.4518         0.0000         0.0000     18665.2881         -82875.2330       303.4389   -101540.5211    -82181.1200       302.8025           -206.7692      -212.1985    300351.0710      -434.1277      -434.1151

WRITING EXTENDED SYSTEM TO RESTART FILE AT STEP 10000
WRITING COORDINATES TO RESTART FILE AT STEP 10000
FINISHED WRITING RESTART COORDINATES
The last position output (seq=10000) takes 0.007 seconds, 0.000 MB of memory in use
WRITING VELOCITIES TO RESTART FILE AT STEP 10000
FINISHED WRITING RESTART VELOCITIES
The last velocity output (seq=10000) takes 0.007 seconds, 0.000 MB of memory in use
TIMING: 15000  CPU: 17.597, 0.00114623/step  Wall: 17.6007, 0.00115298/step, 149.872 ns/days, 0.155333 hours remaining, 0.000000 MB of memory in use.
PERFORMANCE: 15000  averaging 147.673 ns/day, 0.00117016 sec/step with standard deviation 2.29119e-05
ENERGY:   15000       433.1620      1104.4493      1134.6836        82.5470        -113854.1310      9629.7865         0.0000         0.0000     18836.6968         -82632.8058       306.2255   -101469.5027    -82294.0415       303.6583            -73.7453       -72.6505    300547.3379      -344.0321      -343.7490

WRITING EXTENDED SYSTEM TO RESTART FILE AT STEP 15000
WRITING COORDINATES TO RESTART FILE AT STEP 15000
FINISHED WRITING RESTART COORDINATES
The last position output (seq=15000) takes 0.009 seconds, 0.000 MB of memory in use
WRITING VELOCITIES TO RESTART FILE AT STEP 15000
FINISHED WRITING RESTART VELOCITIES
The last velocity output (seq=15000) takes 0.008 seconds, 0.000 MB of memory in use
TIMING: 20000  CPU: 23.3626, 0.00115311/step  Wall: 23.3936, 0.00115858/step, 149.148 ns/days, 0.154478 hours remaining, 0.000000 MB of memory in use.
PERFORMANCE: 20000  averaging 148.039 ns/day, 0.00116726 sec/step with standard deviation 1.95819e-05
ENERGY:   20000       423.0813      1141.6380      1108.8693        74.1543        -114172.5971      9840.1706         0.0000         0.0000     18714.9459         -82869.7376       304.2462   -101584.6835    -82409.1807       303.7758             55.6226        56.5606    300696.2423      -264.1012      -263.6871

WRITING EXTENDED SYSTEM TO RESTART FILE AT STEP 20000
WRITING COORDINATES TO RESTART FILE AT STEP 20000
FINISHED WRITING RESTART COORDINATES
The last position output (seq=20000) takes 0.009 seconds, 0.000 MB of memory in use
WRITING VELOCITIES TO RESTART FILE AT STEP 20000
FINISHED WRITING RESTART VELOCITIES
The last velocity output (seq=20000) takes 0.007 seconds, 0.000 MB of memory in use
TIMING: 25000  CPU: 29.1574, 0.00115895/step  Wall: 29.2171, 0.00116469/step, 148.366 ns/days, 0.153674 hours remaining, 0.000000 MB of memory in use.
PERFORMANCE: 25000  averaging 148.104 ns/day, 0.00116675 sec/step with standard deviation 1.69974e-05
ENERGY:   25000       432.1235      1097.1782      1120.4729        71.2518        -113947.1152      9854.4306         0.0000         0.0000     18820.0573         -82551.6009       305.9550   -101371.6582    -82432.9174       304.1390            133.3755       134.6234    301566.6811      -197.8551      -197.3020

WRITING EXTENDED SYSTEM TO RESTART FILE AT STEP 25000
WRITING COORDINATES TO RESTART FILE AT STEP 25000
FINISHED WRITING RESTART COORDINATES
The last position output (seq=25000) takes 0.007 seconds, 0.000 MB of memory in use
WRITING VELOCITIES TO RESTART FILE AT STEP 25000
FINISHED WRITING RESTART VELOCITIES
The last velocity output (seq=25000) takes 0.007 seconds, 0.000 MB of memory in use
TIMING: 30000  CPU: 34.9229, 0.0011531/step  Wall: 35.0185, 0.00116029/step, 148.928 ns/days, 0.151483 hours remaining, 0.000000 MB of memory in use.
PERFORMANCE: 30000  averaging 148.241 ns/day, 0.00116567 sec/step with standard deviation 1.54297e-05
ENERGY:   30000       444.4550      1137.5799      1125.1618        83.3999        -114069.8343      9752.3175         0.0000         0.0000     18648.9726         -82877.9474       303.1737   -101526.9201    -82496.4931       304.0011            -92.7324       -92.6867    302270.9669      -182.8376      -182.3569

WRITING EXTENDED SYSTEM TO RESTART FILE AT STEP 30000
WRITING COORDINATES TO RESTART FILE AT STEP 30000
FINISHED WRITING RESTART COORDINATES
The last position output (seq=30000) takes 0.008 seconds, 0.000 MB of memory in use
WRITING VELOCITIES TO RESTART FILE AT STEP 30000
FINISHED WRITING RESTART VELOCITIES
TIMING: 35000  CPU: 40.695, 0.00115443/step  Wall: 40.8275, 0.0011618/step, 148.735 ns/days, 0.150065 hours remaining, 0.000000 MB of memory in use.
PERFORMANCE: 35000  averaging 148.311 ns/day, 0.00116512 sec/step with standard deviation 1.41612e-05
ENERGY:   35000       444.5136      1119.8119      1127.7373        72.5429        -114137.6389      9709.9882         0.0000         0.0000     18685.0149         -82978.0301       303.7596   -101663.0450    -82556.6852       303.9709           -124.6144      -124.2256    301450.9533      -175.5597      -175.0905

WRITING EXTENDED SYSTEM TO RESTART FILE AT STEP 35000
WRITING COORDINATES TO RESTART FILE AT STEP 35000
FINISHED WRITING RESTART COORDINATES
The last position output (seq=35000) takes 0.008 seconds, 0.000 MB of memory in use
WRITING VELOCITIES TO RESTART FILE AT STEP 35000
FINISHED WRITING RESTART VELOCITIES
TIMING: 40000  CPU: 52.0292, 0.00226683/step  Wall: 52.2401, 0.00228253/step, 75.7056 ns/days, 0.291656 hours remaining, 0.000000 MB of memory in use.
PERFORMANCE: 40000  averaging 132.435 ns/day, 0.00130479 sec/step with standard deviation 0.000395281
ENERGY:   40000       426.7403      1118.4243      1113.4313        77.6289        -114298.4838      9977.7109         0.0000         0.0000     18424.8690         -83159.6790       299.5305   -101584.5480    -82623.6846       303.4776            209.5509       210.7794    300047.1546      -132.7696      -132.2161

WRITING EXTENDED SYSTEM TO RESTART FILE AT STEP 40000
WRITING COORDINATES TO RESTART FILE AT STEP 40000
FINISHED WRITING RESTART COORDINATES
The last position output (seq=40000) takes 0.008 seconds, 0.000 MB of memory in use
WRITING VELOCITIES TO RESTART FILE AT STEP 40000
FINISHED WRITING RESTART VELOCITIES
TIMING: 45000  CPU: 64.2595, 0.00244606/step  Wall: 64.5285, 0.00245767/step, 70.3105 ns/days, 0.310622 hours remaining, 0.000000 MB of memory in use.
PERFORMANCE: 45000  averaging 120.595 ns/day, 0.00143289 sec/step with standard deviation 0.000533288
ENERGY:   45000       429.5683      1135.8402      1132.1251        66.7419        -114380.9552      9921.4742         0.0000         0.0000     18511.8140         -83183.3915       300.9439   -101695.2054    -82679.6552       303.2242            191.4900       197.1336    299925.1758      -100.3436       -99.2811

WRITING EXTENDED SYSTEM TO RESTART FILE AT STEP 45000
WRITING COORDINATES TO RESTART FILE AT STEP 45000
FINISHED WRITING RESTART COORDINATES
The last position output (seq=45000) takes 0.009 seconds, 0.000 MB of memory in use
WRITING VELOCITIES TO RESTART FILE AT STEP 45000
FINISHED WRITING RESTART VELOCITIES
TIMING: 50000  CPU: 70.0458, 0.00115728/step  Wall: 70.3418, 0.00116266/step, 148.625 ns/days, 0.145332 hours remaining, 0.000000 MB of memory in use.
PERFORMANCE: 50000  averaging 122.913 ns/day, 0.00140587 sec/step with standard deviation 0.000509999
ETITLE:      TS           BOND          ANGLE          DIHED          IMPRP               ELECT            VDW       BOUNDARY           MISC        KINETIC               TOTAL           TEMP      POTENTIAL       TOTALAVG        TEMPAVG            PRESSURE      GPRESSURE         VOLUME       PRESSAVG      GPRESSAVG

ENERGY:   50000       442.9332      1091.6689      1129.6018        71.1327        -113901.6210      9702.8492         0.0000         0.0000     18445.7535         -83017.6818       299.8700   -101463.4352    -82710.3849       302.9193              9.8396         6.2661    300887.6793       -90.3270       -89.6859

WRITING EXTENDED SYSTEM TO RESTART FILE AT STEP 50000
WRITING COORDINATES TO RESTART FILE AT STEP 50000
FINISHED WRITING RESTART COORDINATES
The last position output (seq=50000) takes 0.009 seconds, 0.000 MB of memory in use
WRITING VELOCITIES TO RESTART FILE AT STEP 50000
FINISHED WRITING RESTART VELOCITIES
TIMING: 55000  CPU: 75.8073, 0.00115229/step  Wall: 76.1414, 0.00115993/step, 148.974 ns/days, 0.143381 hours remaining, 0.000000 MB of memory in use.
PERFORMANCE: 55000  averaging 124.9 ns/day, 0.00138351 sec/step with standard deviation 0.000489477
ENERGY:   55000       424.1727      1087.2120      1141.7824        65.5749        -114219.0721      9914.7557         0.0000         0.0000     18497.2034         -83088.3709       300.7064   -101585.5743    -82741.8838       302.7349            155.6115       153.2918    300142.6460       -69.8321       -69.4378

WRITING EXTENDED SYSTEM TO RESTART FILE AT STEP 55000
WRITING COORDINATES TO RESTART FILE AT STEP 55000
FINISHED WRITING RESTART COORDINATES
WRITING VELOCITIES TO RESTART FILE AT STEP 55000
FINISHED WRITING RESTART VELOCITIES
TIMING: 60000  CPU: 81.5948, 0.00115749/step  Wall: 81.9657, 0.00116485/step, 148.345 ns/days, 0.142371 hours remaining, 0.000000 MB of memory in use.
PERFORMANCE: 60000  averaging 126.567 ns/day, 0.00136529 sec/step with standard deviation 0.000470947
ENERGY:   60000       421.7967      1113.9973      1132.1006        68.3864        -114093.2858      9897.7973         0.0000         0.0000     18682.0308         -82777.1766       303.7111   -101459.2074    -82744.5986       302.8100            158.7191       156.9959    300200.7292       -52.2512       -52.0198

WRITING EXTENDED SYSTEM TO RESTART FILE AT STEP 60000
WRITING COORDINATES TO RESTART FILE AT STEP 60000
FINISHED WRITING RESTART COORDINATES
WRITING VELOCITIES TO RESTART FILE AT STEP 60000
FINISHED WRITING RESTART VELOCITIES
TIMING: 65000  CPU: 87.3488, 0.00115081/step  Wall: 87.7642, 0.0011597/step, 149.003 ns/days, 0.140131 hours remaining, 0.000000 MB of memory in use.
PERFORMANCE: 65000  averaging 128.05 ns/day, 0.00134947 sec/step with standard deviation 0.000454489
ENERGY:   65000       416.5970      1149.5108      1145.0922        79.4732        -114130.2738      9789.1369         0.0000         0.0000     18571.7688         -82978.6947       301.9186   -101550.4636    -82761.3197       302.7463            214.4825       213.0345    299355.6162       -33.1988       -33.0873

WRITING EXTENDED SYSTEM TO RESTART FILE AT STEP 65000
WRITING COORDINATES TO RESTART FILE AT STEP 65000
FINISHED WRITING RESTART COORDINATES
WRITING VELOCITIES TO RESTART FILE AT STEP 65000
FINISHED WRITING RESTART VELOCITIES
TIMING: 70000  CPU: 93.1342, 0.00115707/step  Wall: 93.5893, 0.00116502/step, 148.323 ns/days, 0.139156 hours remaining, 0.000000 MB of memory in use.
PERFORMANCE: 70000  averaging 129.312 ns/day, 0.0013363 sec/step with standard deviation 0.000439433
ENERGY:   70000       428.9226      1089.5226      1154.4653        78.7819        -114296.2628      9853.8272         0.0000         0.0000     18652.5888         -83038.1545       303.2325   -101690.7433    -82779.7754       302.7787           -111.6073      -116.8544    301390.8423       -38.4261       -38.6718

WRITING EXTENDED SYSTEM TO RESTART FILE AT STEP 70000
WRITING COORDINATES TO RESTART FILE AT STEP 70000
FINISHED WRITING RESTART COORDINATES
WRITING VELOCITIES TO RESTART FILE AT STEP 70000
FINISHED WRITING RESTART VELOCITIES
TIMING: 75000  CPU: 98.9517, 0.0011635/step  Wall: 99.4449, 0.00117111/step, 147.553 ns/days, 0.138256 hours remaining, 0.000000 MB of memory in use.
PERFORMANCE: 75000  averaging 130.387 ns/day, 0.00132529 sec/step with standard deviation 0.00042559
ENERGY:   75000       429.7182      1083.2483      1151.3793        70.6134        -114529.0139      9932.4530         0.0000         0.0000     18618.9457         -83242.6559       302.6855   -101861.6016    -82808.7054       302.7729             66.8225        67.6416    300530.3362       -31.8480       -32.0272

WRITING EXTENDED SYSTEM TO RESTART FILE AT STEP 75000
WRITING COORDINATES TO RESTART FILE AT STEP 75000
FINISHED WRITING RESTART COORDINATES
WRITING VELOCITIES TO RESTART FILE AT STEP 75000
FINISHED WRITING RESTART VELOCITIES
TIMING: 80000  CPU: 104.699, 0.00114955/step  Wall: 105.228, 0.00115658/step, 149.407 ns/days, 0.134934 hours remaining, 0.000000 MB of memory in use.
PERFORMANCE: 80000  averaging 131.433 ns/day, 0.00131474 sec/step with standard deviation 0.000413317
ENERGY:   80000       431.9931      1167.9778      1123.0816        69.9333        -114129.7137      9828.3860         0.0000         0.0000     18515.2691         -82993.0729       301.0001   -101508.3420    -82819.5506       302.6686             -3.6991        -7.0838    300264.2068       -30.1922       -30.5600

WRITING EXTENDED SYSTEM TO RESTART FILE AT STEP 80000
WRITING COORDINATES TO RESTART FILE AT STEP 80000
FINISHED WRITING RESTART COORDINATES
WRITING VELOCITIES TO RESTART FILE AT STEP 80000
FINISHED WRITING RESTART VELOCITIES
TIMING: 85000  CPU: 110.459, 0.00115186/step  Wall: 111.021, 0.00115857/step, 149.149 ns/days, 0.133557 hours remaining, 0.000000 MB of memory in use.
PERFORMANCE: 85000  averaging 132.357 ns/day, 0.00130556 sec/step with standard deviation 0.000401981
ENERGY:   85000       428.2495      1132.2948      1127.4254        64.1350        -113901.8489      9642.2133         0.0000         0.0000     18435.0909         -83072.4399       299.6966   -101507.5308    -82833.6000       302.5035           -231.9744      -236.4120    300402.7259       -41.4023       -41.9962

WRITING EXTENDED SYSTEM TO RESTART FILE AT STEP 85000
WRITING COORDINATES TO RESTART FILE AT STEP 85000
FINISHED WRITING RESTART COORDINATES
WRITING VELOCITIES TO RESTART FILE AT STEP 85000
FINISHED WRITING RESTART VELOCITIES
TIMING: 90000  CPU: 116.376, 0.0011835/step  Wall: 116.973, 0.0011904/step, 145.162 ns/days, 0.135573 hours remaining, 0.000000 MB of memory in use.
PERFORMANCE: 90000  averaging 133.009 ns/day, 0.00129916 sec/step with standard deviation 0.000390922
ENERGY:   90000       425.0887      1135.6374      1133.6674        67.0782        -114038.6040      9666.3820         0.0000         0.0000     18264.8415         -83345.9089       296.9289   -101610.7504    -82860.5636       302.2101           -173.5115      -169.6817    301629.5169       -48.3554       -48.7165

WRITING EXTENDED SYSTEM TO RESTART FILE AT STEP 90000
WRITING COORDINATES TO RESTART FILE AT STEP 90000
FINISHED WRITING RESTART COORDINATES
WRITING VELOCITIES TO RESTART FILE AT STEP 90000
FINISHED WRITING RESTART VELOCITIES
TIMING: 95000  CPU: 122.143, 0.00115333/step  Wall: 122.765, 0.00115852/step, 149.156 ns/days, 0.130333 hours remaining, 0.000000 MB of memory in use.
PERFORMANCE: 95000  averaging 133.771 ns/day, 0.00129176 sec/step with standard deviation 0.000381276
ENERGY:   95000       415.5262      1088.5840      1126.3470        71.9341        -114052.1951      9709.0974         0.0000         0.0000     18473.0401         -83167.6663       300.3136   -101640.7064    -82875.9187       302.1153            -64.0293       -62.1774    300506.7500       -49.1391       -49.3895

WRITING EXTENDED SYSTEM TO RESTART FILE AT STEP 95000
WRITING COORDINATES TO RESTART FILE AT STEP 95000
FINISHED WRITING RESTART COORDINATES
WRITING VELOCITIES TO RESTART FILE AT STEP 95000
FINISHED WRITING RESTART VELOCITIES
TIMING: 100000  CPU: 127.888, 0.00114911/step  Wall: 128.539, 0.00115474/step, 149.644 ns/days, 0.128304 hours remaining, 0.000000 MB of memory in use.
PERFORMANCE: 100000  averaging 134.485 ns/day, 0.0012849 sec/step with standard deviation 0.000372369
ETITLE:      TS           BOND          ANGLE          DIHED          IMPRP               ELECT            VDW       BOUNDARY           MISC        KINETIC               TOTAL           TEMP      POTENTIAL       TOTALAVG        TEMPAVG            PRESSURE      GPRESSURE         VOLUME       PRESSAVG      GPRESSAVG

ENERGY:  100000       426.3055      1109.7319      1134.9558        83.0941        -114066.2710      9691.0409         0.0000         0.0000     18637.6146         -82983.5282       302.9890   -101621.1428    -82988.2147       302.0879           -164.2494      -165.7689    300729.3701        -7.2162        -7.6484

WRITING EXTENDED SYSTEM TO RESTART FILE AT STEP 100000
WRITING COORDINATES TO RESTART FILE AT STEP 100000
FINISHED WRITING RESTART COORDINATES
WRITING VELOCITIES TO RESTART FILE AT STEP 100000
FINISHED WRITING RESTART VELOCITIES
TIMING: 105000  CPU: 133.681, 0.00115841/step  Wall: 134.361, 0.00116439/step, 148.405 ns/days, 0.127759 hours remaining, 0.000000 MB of memory in use.
PERFORMANCE: 105000  averaging 135.088 ns/day, 0.00127917 sec/step with standard deviation 0.000363892
ENERGY:  105000       421.0645      1161.1035      1131.5767        77.4399        -113748.5745      9633.1640         0.0000         0.0000     18672.4508         -82651.7750       303.5554   -101324.2258    -82974.2775       302.1941           -136.9625      -135.5399    300678.1425        -9.4190        -9.9476

WRITING EXTENDED SYSTEM TO RESTART FILE AT STEP 105000
WRITING COORDINATES TO RESTART FILE AT STEP 105000
FINISHED WRITING RESTART COORDINATES
WRITING VELOCITIES TO RESTART FILE AT STEP 105000
FINISHED WRITING RESTART VELOCITIES
TIMING: 110000  CPU: 139.465, 0.00115684/step  Wall: 140.177, 0.00116326/step, 148.547 ns/days, 0.12602 hours remaining, 0.000000 MB of memory in use.
PERFORMANCE: 110000  averaging 135.647 ns/day, 0.0012739 sec/step with standard deviation 0.000355981
ENERGY:  110000       439.5416      1125.0155      1107.8804        70.7610        -114077.7689      9800.4122         0.0000         0.0000     18621.6794         -82912.4788       302.7300   -101534.1583    -82976.1398       302.1586           -159.7873      -158.5071    300981.6347        -7.0699        -7.2631

WRITING EXTENDED SYSTEM TO RESTART FILE AT STEP 110000
WRITING COORDINATES TO RESTART FILE AT STEP 110000
FINISHED WRITING RESTART COORDINATES
WRITING VELOCITIES TO RESTART FILE AT STEP 110000
FINISHED WRITING RESTART VELOCITIES
TIMING: 115000  CPU: 145.249, 0.00115679/step  Wall: 146.005, 0.00116568/step, 148.24 ns/days, 0.124663 hours remaining, 0.000000 MB of memory in use.
PERFORMANCE: 115000  averaging 136.15 ns/day, 0.00126919 sec/step with standard deviation 0.000348528
ENERGY:  115000       423.7612      1086.1896      1115.9250        73.9429        -113821.6643      9650.2275         0.0000         0.0000     18534.6665         -82936.9516       301.3154   -101471.6181    -82991.3471       301.9131            -68.6734       -66.2984    300545.5704        -6.8163        -6.9455

WRITING EXTENDED SYSTEM TO RESTART FILE AT STEP 115000
WRITING COORDINATES TO RESTART FILE AT STEP 115000
FINISHED WRITING RESTART COORDINATES
WRITING VELOCITIES TO RESTART FILE AT STEP 115000
FINISHED WRITING RESTART VELOCITIES
TIMING: 120000  CPU: 151.196, 0.00118953/step  Wall: 151.979, 0.00119473/step, 144.635 ns/days, 0.12611 hours remaining, 0.000000 MB of memory in use.
PERFORMANCE: 120000  averaging 136.483 ns/day, 0.00126609 sec/step with standard deviation 0.000341206
ENERGY:  120000       406.4778      1146.3425      1139.0868        77.0436        -114272.2133      9801.7715         0.0000         0.0000     18592.6849         -83108.8063       302.2586   -101701.4912    -83003.3006       301.8137             35.5994        30.2046    300787.4846        -7.8175        -8.2632

WRITING EXTENDED SYSTEM TO RESTART FILE AT STEP 120000
WRITING COORDINATES TO RESTART FILE AT STEP 120000
FINISHED WRITING RESTART COORDINATES
WRITING VELOCITIES TO RESTART FILE AT STEP 120000
FINISHED WRITING RESTART VELOCITIES
TIMING: 125000  CPU: 156.98, 0.00115669/step  Wall: 157.798, 0.00116379/step, 148.48 ns/days, 0.121229 hours remaining, 0.000000 MB of memory in use.
PERFORMANCE: 125000  averaging 136.926 ns/day, 0.001262 sec/step with standard deviation 0.000334648
ENERGY:  125000       417.4682      1156.9596      1106.3315        76.3595        -113959.2038      9706.4041         0.0000         0.0000     18639.1716         -82856.5093       303.0144   -101495.6808    -83018.5460       301.6667            -46.8674       -48.6858    301751.0828       -16.8296       -17.4287

WRITING EXTENDED SYSTEM TO RESTART FILE AT STEP 125000
WRITING COORDINATES TO RESTART FILE AT STEP 125000
FINISHED WRITING RESTART COORDINATES
WRITING VELOCITIES TO RESTART FILE AT STEP 125000
FINISHED WRITING RESTART VELOCITIES
TIMING: 130000  CPU: 162.766, 0.00115726/step  Wall: 163.612, 0.00116287/step, 148.598 ns/days, 0.119517 hours remaining, 0.000000 MB of memory in use.
PERFORMANCE: 130000  averaging 137.341 ns/day, 0.00125819 sec/step with standard deviation 0.000328462
ENERGY:  130000       442.2450      1163.5140      1127.8199        67.1324        -114024.2421      9829.8318         0.0000         0.0000     18552.8494         -82840.8496       301.6110   -101393.6990    -83016.6911       301.5886            122.8118       122.0385    300590.3136        -6.0524        -6.6924

WRITING EXTENDED SYSTEM TO RESTART FILE AT STEP 130000
WRITING COORDINATES TO RESTART FILE AT STEP 130000
FINISHED WRITING RESTART COORDINATES
WRITING VELOCITIES TO RESTART FILE AT STEP 130000
FINISHED WRITING RESTART VELOCITIES
TIMING: 135000  CPU: 168.518, 0.0011504/step  Wall: 169.397, 0.00115688/step, 149.367 ns/days, 0.117295 hours remaining, 0.000000 MB of memory in use.
PERFORMANCE: 135000  averaging 137.751 ns/day, 0.00125443 sec/step with standard deviation 0.000322673
ENERGY:  135000       412.3621      1121.9719      1115.1427        67.9144        -114464.4914     10018.4027         0.0000         0.0000     18662.0771         -83066.6206       303.3867   -101728.6978    -83021.1206       301.5699            180.7630       178.2501    301109.9335         9.2164         8.4313

WRITING EXTENDED SYSTEM TO RESTART FILE AT STEP 135000
WRITING COORDINATES TO RESTART FILE AT STEP 135000
FINISHED WRITING RESTART COORDINATES
WRITING VELOCITIES TO RESTART FILE AT STEP 135000
FINISHED WRITING RESTART VELOCITIES
TIMING: 140000  CPU: 174.311, 0.00115863/step  Wall: 175.224, 0.00116551/step, 148.262 ns/days, 0.116551 hours remaining, 0.000000 MB of memory in use.
PERFORMANCE: 140000  averaging 138.101 ns/day, 0.00125126 sec/step with standard deviation 0.000317087
ENERGY:  140000       416.1672      1129.3439      1124.6203        67.7592        -114600.5253     10114.8323         0.0000         0.0000     18580.7554         -83167.0470       302.0647   -101747.8024    -83021.4890       301.6966            190.6439       189.1401    300980.2390         8.2711         7.3494

WRITING EXTENDED SYSTEM TO RESTART FILE AT STEP 140000
WRITING COORDINATES TO RESTART FILE AT STEP 140000
FINISHED WRITING RESTART COORDINATES
WRITING VELOCITIES TO RESTART FILE AT STEP 140000
FINISHED WRITING RESTART VELOCITIES
TIMING: 145000  CPU: 185.218, 0.0021814/step  Wall: 186.184, 0.00219197/step, 78.8334 ns/days, 0.216152 hours remaining, 0.000000 MB of memory in use.
PERFORMANCE: 145000  averaging 134.611 ns/day, 0.0012837 sec/step with standard deviation 0.000357027
ENERGY:  145000       407.2885      1107.8898      1139.6030        70.3788        -113755.2983      9502.6157         0.0000         0.0000     18458.5072         -83069.0153       300.0773   -101527.5225    -83015.7702       301.6533           -202.4623      -197.8835    300737.8154       -11.4265       -12.4015

WRITING EXTENDED SYSTEM TO RESTART FILE AT STEP 145000
WRITING COORDINATES TO RESTART FILE AT STEP 145000
FINISHED WRITING RESTART COORDINATES
WRITING VELOCITIES TO RESTART FILE AT STEP 145000
FINISHED WRITING RESTART VELOCITIES
TIMING: 150000  CPU: 190.957, 0.00114766/step  Wall: 191.953, 0.00115385/step, 149.76 ns/days, 0.11218 hours remaining, 0.000000 MB of memory in use.
PERFORMANCE: 150000  averaging 135.067 ns/day, 0.00127937 sec/step with standard deviation 0.000351617
ETITLE:      TS           BOND          ANGLE          DIHED          IMPRP               ELECT            VDW       BOUNDARY           MISC        KINETIC               TOTAL           TEMP      POTENTIAL       TOTALAVG        TEMPAVG            PRESSURE      GPRESSURE         VOLUME       PRESSAVG      GPRESSAVG

ENERGY:  150000       426.3633      1133.8595      1143.1902        67.8385        -114308.1011      9905.6114         0.0000         0.0000     18708.5930         -82922.6452       304.1429   -101631.2383    -83011.0184       301.8669            173.2021       173.4398    299588.4418        -3.2584        -4.0428

WRITING EXTENDED SYSTEM TO RESTART FILE AT STEP 150000
WRITING COORDINATES TO RESTART FILE AT STEP 150000
FINISHED WRITING RESTART COORDINATES
WRITING VELOCITIES TO RESTART FILE AT STEP 150000
FINISHED WRITING RESTART VELOCITIES
TIMING: 155000  CPU: 196.722, 0.00115301/step  Wall: 197.744, 0.00115814/step, 149.204 ns/days, 0.110989 hours remaining, 0.000000 MB of memory in use.
PERFORMANCE: 155000  averaging 135.481 ns/day, 0.00127546 sec/step with standard deviation 0.000346392
ENERGY:  155000       440.9805      1126.5787      1107.4950        69.7502        -113870.1720      9411.7601         0.0000         0.0000     18710.6069         -83003.0005       304.1757   -101713.6074    -83006.7499       302.0404           -304.2326      -302.7360    300662.2412       -26.2506       -26.8442

WRITING EXTENDED SYSTEM TO RESTART FILE AT STEP 155000
WRITING COORDINATES TO RESTART FILE AT STEP 155000
FINISHED WRITING RESTART COORDINATES
WRITING VELOCITIES TO RESTART FILE AT STEP 155000
FINISHED WRITING RESTART VELOCITIES
TIMING: 160000  CPU: 202.496, 0.0011549/step  Wall: 203.545, 0.00116017/step, 148.943 ns/days, 0.109572 hours remaining, 0.000000 MB of memory in use.
PERFORMANCE: 160000  averaging 135.865 ns/day, 0.00127185 sec/step with standard deviation 0.000341368
ENERGY:  160000       447.4743      1091.1472      1140.9543        75.0824        -114275.8008      9804.8091         0.0000         0.0000     18572.3137         -83144.0199       301.9275   -101716.3336    -83025.0920       301.9512             50.1155        50.8162    299597.7423       -31.6808       -32.1532

WRITING EXTENDED SYSTEM TO RESTART FILE AT STEP 160000
WRITING COORDINATES TO RESTART FILE AT STEP 160000
FINISHED WRITING RESTART COORDINATES
WRITING VELOCITIES TO RESTART FILE AT STEP 160000
FINISHED WRITING RESTART VELOCITIES
TIMING: 165000  CPU: 208.287, 0.0011582/step  Wall: 209.372, 0.00116529/step, 148.289 ns/days, 0.108437 hours remaining, 0.000000 MB of memory in use.
PERFORMANCE: 165000  averaging 136.21 ns/day, 0.00126863 sec/step with standard deviation 0.000336504
ENERGY:  165000       459.7966      1154.4188      1103.9862        68.7323        -114000.2374      9817.6626         0.0000         0.0000     18555.2695         -82840.3716       301.6504   -101395.6410    -83018.1759       301.9378             -9.3013       -13.2228    300408.1644       -42.8700       -43.4660

WRITING EXTENDED SYSTEM TO RESTART FILE AT STEP 165000
WRITING COORDINATES TO RESTART FILE AT STEP 165000
FINISHED WRITING RESTART COORDINATES
WRITING VELOCITIES TO RESTART FILE AT STEP 165000
FINISHED WRITING RESTART VELOCITIES
TIMING: 170000  CPU: 214.028, 0.00114811/step  Wall: 215.146, 0.00115485/step, 149.63 ns/days, 0.105861 hours remaining, 0.000000 MB of memory in use.
PERFORMANCE: 170000  averaging 136.571 ns/day, 0.00126528 sec/step with standard deviation 0.00033194
ENERGY:  170000       449.3057      1127.6179      1105.1122        79.1687        -113846.3061      9826.6256         0.0000         0.0000     18487.8087         -82770.6673       300.5537   -101258.4760    -83004.8015       301.8039             45.5939        47.0180    300666.7570       -35.0099       -35.2724

WRITING EXTENDED SYSTEM TO RESTART FILE AT STEP 170000
WRITING COORDINATES TO RESTART FILE AT STEP 170000
FINISHED WRITING RESTART COORDINATES
WRITING VELOCITIES TO RESTART FILE AT STEP 170000
FINISHED WRITING RESTART VELOCITIES
TIMING: 175000  CPU: 219.846, 0.00116368/step  Wall: 220.99, 0.00116887/step, 147.835 ns/days, 0.105523 hours remaining, 0.000000 MB of memory in use.
PERFORMANCE: 175000  averaging 136.869 ns/day, 0.00126252 sec/step with standard deviation 0.000327428
ENERGY:  175000       449.9438      1122.5896      1106.4244        61.5811        -114452.8258      9834.6664         0.0000         0.0000     18463.9749         -83413.6457       300.1662   -101877.6205    -83013.3510       301.6779            -79.0312       -74.4684    299788.7540       -42.3026       -42.3779

WRITING EXTENDED SYSTEM TO RESTART FILE AT STEP 175000
WRITING COORDINATES TO RESTART FILE AT STEP 175000
FINISHED WRITING RESTART COORDINATES
WRITING VELOCITIES TO RESTART FILE AT STEP 175000
FINISHED WRITING RESTART VELOCITIES
TIMING: 180000  CPU: 225.622, 0.0011552/step  Wall: 226.793, 0.00116068/step, 148.878 ns/days, 0.103172 hours remaining, 0.000000 MB of memory in use.
PERFORMANCE: 180000  averaging 137.176 ns/day, 0.0012597 sec/step with standard deviation 0.000323163
ENERGY:  180000       426.6423      1099.5483      1140.2214        78.1904        -113943.0890      9532.0445         0.0000         0.0000     18641.1608         -83025.2813       303.0467   -101666.4421    -83014.9614       301.7802           -312.9089      -311.8723    300326.0392       -57.7631       -57.6173

WRITING EXTENDED SYSTEM TO RESTART FILE AT STEP 180000
WRITING COORDINATES TO RESTART FILE AT STEP 180000
FINISHED WRITING RESTART COORDINATES
WRITING VELOCITIES TO RESTART FILE AT STEP 180000
FINISHED WRITING RESTART VELOCITIES
TIMING: 185000  CPU: 231.359, 0.00114741/step  Wall: 232.556, 0.00115256/step, 149.928 ns/days, 0.100849 hours remaining, 0.000000 MB of memory in use.
PERFORMANCE: 185000  averaging 137.492 ns/day, 0.0012568 sec/step with standard deviation 0.000319129
ENERGY:  185000       418.6151      1135.2667      1133.2737        68.0988        -113969.5517      9764.3858         0.0000         0.0000     18520.6709         -82929.2407       301.0879   -101449.9115    -83007.8015       301.8498           -105.7220      -104.1911    301747.9036       -51.4505       -51.0063

WRITING EXTENDED SYSTEM TO RESTART FILE AT STEP 185000
WRITING COORDINATES TO RESTART FILE AT STEP 185000
FINISHED WRITING RESTART COORDINATES
WRITING VELOCITIES TO RESTART FILE AT STEP 185000
FINISHED WRITING RESTART VELOCITIES
TIMING: 190000  CPU: 237.127, 0.00115367/step  Wall: 238.353, 0.00115931/step, 149.054 ns/days, 0.0998295 hours remaining, 0.000000 MB of memory in use.
PERFORMANCE: 190000  averaging 137.773 ns/day, 0.00125423 sec/step with standard deviation 0.000315184
ENERGY:  190000       439.8685      1117.9752      1139.2025        68.7948        -114346.9963      9871.5495         0.0000         0.0000     18507.2897         -83202.3161       300.8704   -101709.6059    -83000.6218       302.0469            100.3617       102.1577    298737.6895       -37.7568       -37.4143

WRITING EXTENDED SYSTEM TO RESTART FILE AT STEP 190000
WRITING COORDINATES TO RESTART FILE AT STEP 190000
FINISHED WRITING RESTART COORDINATES
WRITING VELOCITIES TO RESTART FILE AT STEP 190000
FINISHED WRITING RESTART VELOCITIES
TIMING: 195000  CPU: 242.875, 0.00114942/step  Wall: 244.127, 0.00115481/step, 149.635 ns/days, 0.0978381 hours remaining, 0.000000 MB of memory in use.
PERFORMANCE: 195000  averaging 138.054 ns/day, 0.00125168 sec/step with standard deviation 0.000311417
ENERGY:  195000       446.8537      1111.3011      1125.9961        68.7537        -114407.7211      9890.9884         0.0000         0.0000     18550.4966         -83213.3316       301.5728   -101763.8282    -83002.9051       302.1098            153.1694       151.0067    299308.1482       -26.8969       -26.7551

WRITING EXTENDED SYSTEM TO RESTART FILE AT STEP 195000
WRITING COORDINATES TO RESTART FILE AT STEP 195000
FINISHED WRITING RESTART COORDINATES
WRITING VELOCITIES TO RESTART FILE AT STEP 195000
FINISHED WRITING RESTART VELOCITIES
TIMING: 200000  CPU: 248.667, 0.00115848/step  Wall: 249.947, 0.0011641/step, 148.441 ns/days, 0.0970084 hours remaining, 0.000000 MB of memory in use.
PERFORMANCE: 200000  averaging 138.296 ns/day, 0.0012495 sec/step with standard deviation 0.00030771
ETITLE:      TS           BOND          ANGLE          DIHED          IMPRP               ELECT            VDW       BOUNDARY           MISC        KINETIC               TOTAL           TEMP      POTENTIAL       TOTALAVG        TEMPAVG            PRESSURE      GPRESSURE         VOLUME       PRESSAVG      GPRESSAVG

ENERGY:  200000       443.6836      1145.5768      1134.7526        68.4038        -114048.6951      9781.2521         0.0000         0.0000     18427.0904         -83047.9357       299.5666   -101475.0261    -83006.1255       301.9387            -10.9229       -11.5183    300375.6984       -19.2306       -19.0426

WRITING EXTENDED SYSTEM TO RESTART FILE AT STEP 200000
WRITING COORDINATES TO RESTART FILE AT STEP 200000
FINISHED WRITING RESTART COORDINATES
WRITING VELOCITIES TO RESTART FILE AT STEP 200000
FINISHED WRITING RESTART VELOCITIES
TIMING: 205000  CPU: 254.416, 0.00114971/step  Wall: 255.793, 0.00116907/step, 147.809 ns/days, 0.095799 hours remaining, 0.000000 MB of memory in use.
PERFORMANCE: 205000  averaging 138.513 ns/day, 0.00124753 sec/step with standard deviation 0.000304099
ENERGY:  205000       432.8138      1104.4782      1113.4782        78.1367        -113765.1559      9634.2797         0.0000         0.0000     18280.1510         -83121.8184       297.1778   -101401.9694    -83029.6276       301.6198            -60.6012       -57.8057    301616.4150       -15.4125       -15.1559

WRITING EXTENDED SYSTEM TO RESTART FILE AT STEP 205000
WRITING COORDINATES TO RESTART FILE AT STEP 205000
FINISHED WRITING RESTART COORDINATES
WRITING VELOCITIES TO RESTART FILE AT STEP 205000
FINISHED WRITING RESTART VELOCITIES
TIMING: 210000  CPU: 260.158, 0.00114851/step  Wall: 261.569, 0.00115519/step, 149.585 ns/days, 0.0930572 hours remaining, 0.000000 MB of memory in use.
PERFORMANCE: 210000  averaging 138.758 ns/day, 0.00124533 sec/step with standard deviation 0.000300705
ENERGY:  210000       447.0657      1141.9372      1128.5190        78.1772        -113839.5214      9628.2148         0.0000         0.0000     18555.1499         -82860.4576       301.6484   -101415.6075    -83027.0266       301.5658           -272.2590      -273.4948    300830.7809       -21.0361       -20.9053

WRITING EXTENDED SYSTEM TO RESTART FILE AT STEP 210000
WRITING COORDINATES TO RESTART FILE AT STEP 210000
FINISHED WRITING RESTART COORDINATES
WRITING VELOCITIES TO RESTART FILE AT STEP 210000
FINISHED WRITING RESTART VELOCITIES
TIMING: 215000  CPU: 265.942, 0.0011567/step  Wall: 267.385, 0.00116333/step, 148.539 ns/days, 0.0920972 hours remaining, 0.000000 MB of memory in use.
PERFORMANCE: 215000  averaging 138.971 ns/day, 0.00124343 sec/step with standard deviation 0.000297367
ENERGY:  215000       420.4023      1123.1393      1118.8017        71.0023        -114479.8818     10028.2000         0.0000         0.0000     18741.4299         -82976.9063       304.6768   -101718.3362    -83029.0243       301.7338            296.4147       296.5143    300726.7774        -2.7817        -2.7646

WRITING EXTENDED SYSTEM TO RESTART FILE AT STEP 215000
WRITING COORDINATES TO RESTART FILE AT STEP 215000
FINISHED WRITING RESTART COORDINATES
WRITING VELOCITIES TO RESTART FILE AT STEP 215000
FINISHED WRITING RESTART VELOCITIES
TIMING: 220000  CPU: 271.702, 0.00115204/step  Wall: 273.179, 0.00115869/step, 149.135 ns/days, 0.09012 hours remaining, 0.000000 MB of memory in use.
PERFORMANCE: 220000  averaging 139.186 ns/day, 0.0012415 sec/step with standard deviation 0.000294166
ENERGY:  220000       417.6195      1113.7896      1122.8549        72.5274        -113946.6981      9804.8270         0.0000         0.0000     18445.9589         -82969.1208       299.8733   -101415.0797    -83022.0400       301.6146             -6.6966        -7.3927    302406.1193        -4.8965        -4.6445

WRITING EXTENDED SYSTEM TO RESTART FILE AT STEP 220000
WRITING COORDINATES TO RESTART FILE AT STEP 220000
FINISHED WRITING RESTART COORDINATES
WRITING VELOCITIES TO RESTART FILE AT STEP 220000
FINISHED WRITING RESTART VELOCITIES
TIMING: 225000  CPU: 277.421, 0.00114375/step  Wall: 278.934, 0.00115103/step, 150.127 ns/days, 0.0879257 hours remaining, 0.000000 MB of memory in use.
PERFORMANCE: 225000  averaging 139.412 ns/day, 0.00123949 sec/step with standard deviation 0.000291117
ENERGY:  225000       437.6665      1141.4652      1127.7034        73.2612        -114042.2786      9831.1875         0.0000         0.0000     18529.4558         -82901.5390       301.2307   -101430.9948    -83024.2915       301.5254            137.6448       136.1710    300322.1193         4.3291         4.5983

WRITING EXTENDED SYSTEM TO RESTART FILE AT STEP 225000
WRITING COORDINATES TO RESTART FILE AT STEP 225000
FINISHED WRITING RESTART COORDINATES
WRITING VELOCITIES TO RESTART FILE AT STEP 225000
FINISHED WRITING RESTART VELOCITIES
TIMING: 230000  CPU: 286.478, 0.00181157/step  Wall: 288.038, 0.00182075/step, 94.906 ns/days, 0.136556 hours remaining, 0.000000 MB of memory in use.
PERFORMANCE: 230000  averaging 138.005 ns/day, 0.00125213 sec/step with standard deviation 0.00030035
ENERGY:  230000       447.9078      1135.0703      1097.7898        79.9264        -114179.5946     10045.5460         0.0000         0.0000     18623.7006         -82749.6537       302.7628   -101373.3543    -83019.7317       301.5830             85.9413        88.7395    300607.2355         2.4856         2.9334

WRITING EXTENDED SYSTEM TO RESTART FILE AT STEP 230000
WRITING COORDINATES TO RESTART FILE AT STEP 230000
FINISHED WRITING RESTART COORDINATES
WRITING VELOCITIES TO RESTART FILE AT STEP 230000
FINISHED WRITING RESTART VELOCITIES
TIMING: 235000  CPU: 292.255, 0.00115526/step  Wall: 293.842, 0.00116083/step, 148.86 ns/days, 0.0854496 hours remaining, 0.000000 MB of memory in use.
PERFORMANCE: 235000  averaging 138.22 ns/day, 0.00125018 sec/step with standard deviation 0.000297366
ENERGY:  235000       409.0268      1119.7945      1113.2565        70.7186        -113874.6193      9644.9702         0.0000         0.0000     18708.2811         -82808.5717       304.1379   -101516.8528    -83006.8293       301.6205           -133.1736      -134.9941    301286.3867       -13.2112       -12.7288

WRITING EXTENDED SYSTEM TO RESTART FILE AT STEP 235000
WRITING COORDINATES TO RESTART FILE AT STEP 235000
FINISHED WRITING RESTART COORDINATES
WRITING VELOCITIES TO RESTART FILE AT STEP 235000
FINISHED WRITING RESTART VELOCITIES
TIMING: 240000  CPU: 301.332, 0.00181548/step  Wall: 302.967, 0.00182513/step, 94.6783 ns/days, 0.131815 hours remaining, 0.000000 MB of memory in use.
PERFORMANCE: 240000  averaging 136.908 ns/day, 0.00126216 sec/step with standard deviation 0.000305666
ENERGY:  240000       418.7041      1131.6063      1156.5381        77.2113        -114182.4344      9574.1556         0.0000         0.0000     18743.3899         -83080.8290       304.7086   -101824.2189    -83002.5184       301.7527           -127.8861      -129.4879    300446.6952       -29.1377       -28.6602

WRITING EXTENDED SYSTEM TO RESTART FILE AT STEP 240000
WRITING COORDINATES TO RESTART FILE AT STEP 240000
FINISHED WRITING RESTART COORDINATES
WRITING VELOCITIES TO RESTART FILE AT STEP 240000
FINISHED WRITING RESTART VELOCITIES
TIMING: 245000  CPU: 307.146, 0.00116278/step  Wall: 308.808, 0.00116802/step, 147.943 ns/days, 0.0827348 hours remaining, 0.000000 MB of memory in use.
PERFORMANCE: 245000  averaging 137.117 ns/day, 0.00126024 sec/step with standard deviation 0.000302764
ENERGY:  245000       442.1834      1162.0443      1117.8866        86.8991        -114448.6017     10196.1934         0.0000         0.0000     18697.7391         -82745.6558       303.9665   -101443.3949    -82986.3504       301.9472            411.5177       414.4615    299617.9530         1.5613         1.9570

WRITING EXTENDED SYSTEM TO RESTART FILE AT STEP 245000
WRITING COORDINATES TO RESTART FILE AT STEP 245000
FINISHED WRITING RESTART COORDINATES
WRITING VELOCITIES TO RESTART FILE AT STEP 245000
FINISHED WRITING RESTART VELOCITIES
TIMING: 250000  CPU: 312.914, 0.00115353/step  Wall: 314.603, 0.00115901/step, 149.093 ns/days, 0.0804867 hours remaining, 0.000000 MB of memory in use.
PERFORMANCE: 250000  averaging 137.337 ns/day, 0.00125822 sec/step with standard deviation 0.000300001
ETITLE:      TS           BOND          ANGLE          DIHED          IMPRP               ELECT            VDW       BOUNDARY           MISC        KINETIC               TOTAL           TEMP      POTENTIAL       TOTALAVG        TEMPAVG            PRESSURE      GPRESSURE         VOLUME       PRESSAVG      GPRESSAVG

ENERGY:  250000       430.5056      1173.2019      1133.4753        78.3617        -114047.9487      9621.7090         0.0000         0.0000     18563.3679         -83047.3273       301.7820   -101610.6952    -82992.5845       301.8291           -190.5503      -193.3348    300527.3583       -16.6263       -16.3817

WRITING EXTENDED SYSTEM TO RESTART FILE AT STEP 250000
WRITING COORDINATES TO RESTART FILE AT STEP 250000
FINISHED WRITING RESTART COORDINATES
WRITING VELOCITIES TO RESTART FILE AT STEP 250000
FINISHED WRITING RESTART VELOCITIES
TIMING: 255000  CPU: 318.687, 0.00115461/step  Wall: 320.411, 0.00116175/step, 148.741 ns/days, 0.0790635 hours remaining, 0.000000 MB of memory in use.
PERFORMANCE: 255000  averaging 137.544 ns/day, 0.00125633 sec/step with standard deviation 0.000297293
ENERGY:  255000       415.2723      1169.8289      1127.5329        70.1005        -113852.9387      9513.9276         0.0000         0.0000     18459.6877         -83096.5888       300.0965   -101556.2765    -82997.2639       301.6252           -176.9005      -179.5458    301337.7138       -10.2597       -10.2222

WRITING EXTENDED SYSTEM TO RESTART FILE AT STEP 255000
WRITING COORDINATES TO RESTART FILE AT STEP 255000
FINISHED WRITING RESTART COORDINATES
WRITING VELOCITIES TO RESTART FILE AT STEP 255000
FINISHED WRITING RESTART VELOCITIES
TIMING: 260000  CPU: 324.446, 0.00115187/step  Wall: 326.208, 0.00115928/step, 149.059 ns/days, 0.0772851 hours remaining, 0.000000 MB of memory in use.
PERFORMANCE: 260000  averaging 137.749 ns/day, 0.00125446 sec/step with standard deviation 0.000294671
ENERGY:  260000       389.3265      1097.0350      1118.1061        66.0892        -114020.0263      9829.1033         0.0000         0.0000     18479.8775         -83040.4888       300.4247   -101520.3663    -82992.0874       301.5500            161.8891       163.9244    300259.1863        -4.6711        -4.5668

WRITING EXTENDED SYSTEM TO RESTART FILE AT STEP 260000
WRITING COORDINATES TO RESTART FILE AT STEP 260000
FINISHED WRITING RESTART COORDINATES
WRITING VELOCITIES TO RESTART FILE AT STEP 260000
FINISHED WRITING RESTART VELOCITIES
TIMING: 265000  CPU: 330.254, 0.00116154/step  Wall: 332.051, 0.00116866/step, 147.862 ns/days, 0.0762875 hours remaining, 0.000000 MB of memory in use.
PERFORMANCE: 265000  averaging 137.927 ns/day, 0.00125284 sec/step with standard deviation 0.000292062
ENERGY:  265000       430.3841      1135.8728      1118.8030        69.4980        -114500.2752     10013.6457         0.0000         0.0000     18597.4676         -83134.6040       302.3364   -101732.0717    -83006.7990       301.5843            114.3168       116.5204    300138.4761         1.5098         1.9204

WRITING EXTENDED SYSTEM TO RESTART FILE AT STEP 265000
WRITING COORDINATES TO RESTART FILE AT STEP 265000
FINISHED WRITING RESTART COORDINATES
WRITING VELOCITIES TO RESTART FILE AT STEP 265000
FINISHED WRITING RESTART VELOCITIES
TIMING: 270000  CPU: 335.965, 0.00114218/step  Wall: 337.796, 0.001149/step, 150.392 ns/days, 0.0734081 hours remaining, 0.000000 MB of memory in use.
PERFORMANCE: 270000  averaging 138.139 ns/day, 0.00125092 sec/step with standard deviation 0.000289638
ENERGY:  270000       441.7792      1153.4646      1110.8359        68.3197        -113598.9759      9675.6265         0.0000         0.0000     18434.4329         -82714.5172       299.6859   -101148.9500    -83003.9915       301.5409             37.0660        34.3551    301496.3507         1.0835         1.2872

WRITING EXTENDED SYSTEM TO RESTART FILE AT STEP 270000
WRITING COORDINATES TO RESTART FILE AT STEP 270000
FINISHED WRITING RESTART COORDINATES
WRITING VELOCITIES TO RESTART FILE AT STEP 270000
FINISHED WRITING RESTART VELOCITIES
TIMING: 275000  CPU: 341.725, 0.00115204/step  Wall: 343.593, 0.00115933/step, 149.052 ns/days, 0.0724581 hours remaining, 0.000000 MB of memory in use.
PERFORMANCE: 275000  averaging 138.323 ns/day, 0.00124925 sec/step with standard deviation 0.00028721
ENERGY:  275000       463.6944      1111.9967      1091.2677        74.6087        -113927.5866      9707.0719         0.0000         0.0000     18733.1971         -82745.7501       304.5429   -101478.9472    -82970.5967       301.7598            -96.0244       -94.9625    300688.6584         0.2338         0.2625

WRITING EXTENDED SYSTEM TO RESTART FILE AT STEP 275000
WRITING COORDINATES TO RESTART FILE AT STEP 275000
FINISHED WRITING RESTART COORDINATES
WRITING VELOCITIES TO RESTART FILE AT STEP 275000
FINISHED WRITING RESTART VELOCITIES
TIMING: 280000  CPU: 347.503, 0.00115565/step  Wall: 349.407, 0.00116281/step, 148.606 ns/days, 0.0710604 hours remaining, 0.000000 MB of memory in use.
PERFORMANCE: 280000  averaging 138.494 ns/day, 0.00124771 sec/step with standard deviation 0.000284821
ENERGY:  280000       420.6791      1128.8219      1112.5122        67.5232        -114171.2412      9882.3694         0.0000         0.0000     18626.7711         -82932.5644       302.8128   -101559.3355    -82965.9608       301.7481            -38.2988       -37.0557    300234.1724        13.9643        14.0034

WRITING EXTENDED SYSTEM TO RESTART FILE AT STEP 280000
WRITING COORDINATES TO RESTART FILE AT STEP 280000
FINISHED WRITING RESTART COORDINATES
WRITING VELOCITIES TO RESTART FILE AT STEP 280000
FINISHED WRITING RESTART VELOCITIES
TIMING: 285000  CPU: 353.274, 0.00115429/step  Wall: 355.213, 0.00116127/step, 148.802 ns/days, 0.0693537 hours remaining, 0.000000 MB of memory in use.
PERFORMANCE: 285000  averaging 138.662 ns/day, 0.00124619 sec/step with standard deviation 0.000282499
ENERGY:  285000       455.9001      1115.9278      1109.7048        75.0435        -114077.4047      9493.4341         0.0000         0.0000     18709.1566         -83118.2379       304.1521   -101827.3945    -82975.4107       301.9013           -303.5587      -300.0621    299594.3394         4.0725         4.2098

WRITING EXTENDED SYSTEM TO RESTART FILE AT STEP 285000
WRITING COORDINATES TO RESTART FILE AT STEP 285000
FINISHED WRITING RESTART COORDINATES
WRITING VELOCITIES TO RESTART FILE AT STEP 285000
FINISHED WRITING RESTART VELOCITIES
TIMING: 290000  CPU: 363.909, 0.00212697/step  Wall: 365.905, 0.0021384/step, 80.8082 ns/days, 0.12474 hours remaining, 0.000000 MB of memory in use.
PERFORMANCE: 290000  averaging 136.972 ns/day, 0.00126157 sec/step with standard deviation 0.000303529
ENERGY:  290000       418.5305      1117.3138      1122.3459        74.0366        -114030.3157      9943.3605         0.0000         0.0000     18574.6802         -82780.0481       301.9659   -101354.7283    -82954.2973       301.9561            129.1158       128.6237    300554.4834         5.5102         5.5331

WRITING EXTENDED SYSTEM TO RESTART FILE AT STEP 290000
WRITING COORDINATES TO RESTART FILE AT STEP 290000
FINISHED WRITING RESTART COORDINATES
WRITING VELOCITIES TO RESTART FILE AT STEP 290000
FINISHED WRITING RESTART VELOCITIES
TIMING: 295000  CPU: 370.102, 0.00123848/step  Wall: 372.125, 0.00124394/step, 138.914 ns/days, 0.0708353 hours remaining, 0.000000 MB of memory in use.
PERFORMANCE: 295000  averaging 137.004 ns/day, 0.00126128 sec/step with standard deviation 0.00030091
ENERGY:  295000       429.2105      1108.9926      1117.1402        71.2159        -114239.9967      9749.9029         0.0000         0.0000     18822.0955         -82941.4391       305.9881   -101763.5346    -82940.7027       302.1768            107.3625       107.8564    299568.7255         3.2198         3.3756

WRITING EXTENDED SYSTEM TO RESTART FILE AT STEP 295000
WRITING COORDINATES TO RESTART FILE AT STEP 295000
FINISHED WRITING RESTART COORDINATES
WRITING VELOCITIES TO RESTART FILE AT STEP 295000
FINISHED WRITING RESTART VELOCITIES
TIMING: 300000  CPU: 375.831, 0.00114584/step  Wall: 377.879, 0.00115085/step, 150.15 ns/days, 0.0639361 hours remaining, 0.000000 MB of memory in use.
PERFORMANCE: 300000  averaging 137.204 ns/day, 0.00125944 sec/step with standard deviation 0.00029869
ETITLE:      TS           BOND          ANGLE          DIHED          IMPRP               ELECT            VDW       BOUNDARY           MISC        KINETIC               TOTAL           TEMP      POTENTIAL       TOTALAVG        TEMPAVG            PRESSURE      GPRESSURE         VOLUME       PRESSAVG      GPRESSAVG

ENERGY:  300000       457.2467      1167.4054      1108.3575        71.6070        -114068.5282      9745.8829         0.0000         0.0000     18724.5832         -82793.4455       304.4029   -101518.0287    -82927.9782       302.4187            -49.2300       -53.1131    300536.7122         1.3045         1.2959

WRITING EXTENDED SYSTEM TO RESTART FILE AT STEP 300000
WRITING COORDINATES TO RESTART FILE AT STEP 300000
FINISHED WRITING RESTART COORDINATES
WRITING VELOCITIES TO RESTART FILE AT STEP 300000
FINISHED WRITING RESTART VELOCITIES
TIMING: 305000  CPU: 381.607, 0.00115529/step  Wall: 383.69, 0.00116216/step, 148.688 ns/days, 0.0629504 hours remaining, 0.000000 MB of memory in use.
PERFORMANCE: 305000  averaging 137.378 ns/day, 0.00125784 sec/step with standard deviation 0.000296452
ENERGY:  305000       427.3448      1132.3419      1095.5242        74.4304        -114096.2738      9924.5841         0.0000         0.0000     18493.4074         -82948.6408       300.6447   -101442.0482    -82919.3193       302.5920            154.5113       153.0638    301324.3095        12.0601        11.8393

WRITING EXTENDED SYSTEM TO RESTART FILE AT STEP 305000
WRITING COORDINATES TO RESTART FILE AT STEP 305000
FINISHED WRITING RESTART COORDINATES
WRITING VELOCITIES TO RESTART FILE AT STEP 305000
FINISHED WRITING RESTART VELOCITIES
TIMING: 310000  CPU: 387.37, 0.00115255/step  Wall: 389.506, 0.00116328/step, 148.545 ns/days, 0.0613956 hours remaining, 0.000000 MB of memory in use.
PERFORMANCE: 310000  averaging 137.545 ns/day, 0.00125632 sec/step with standard deviation 0.000294257
ENERGY:  310000       413.6143      1142.6958      1135.9894        80.7720        -113857.7854      9641.7934         0.0000         0.0000     18452.7265         -82990.1941       299.9833   -101442.9205    -82925.8061       302.5087            -69.6147       -73.6217    300030.6885        22.1923        21.8330

WRITING EXTENDED SYSTEM TO RESTART FILE AT STEP 310000
WRITING COORDINATES TO RESTART FILE AT STEP 310000
FINISHED WRITING RESTART COORDINATES
WRITING VELOCITIES TO RESTART FILE AT STEP 310000
FINISHED WRITING RESTART VELOCITIES
TIMING: 315000  CPU: 393.14, 0.001154/step  Wall: 395.301, 0.00115904/step, 149.089 ns/days, 0.0595616 hours remaining, 0.000000 MB of memory in use.
PERFORMANCE: 315000  averaging 137.714 ns/day, 0.00125477 sec/step with standard deviation 0.000292131
ENERGY:  315000       449.0986      1129.3230      1142.7396        77.3841        -114004.7597      9675.1354         0.0000         0.0000     18608.5635         -82922.5155       302.5168   -101531.0790    -82923.0866       302.4007           -249.1501      -247.9811    300306.0596        -5.0859        -5.3918

WRITING EXTENDED SYSTEM TO RESTART FILE AT STEP 315000
WRITING COORDINATES TO RESTART FILE AT STEP 315000
FINISHED WRITING RESTART COORDINATES
WRITING VELOCITIES TO RESTART FILE AT STEP 315000
FINISHED WRITING RESTART VELOCITIES
TIMING: 320000  CPU: 398.864, 0.0011447/step  Wall: 401.06, 0.00115182/step, 150.024 ns/days, 0.0575909 hours remaining, 0.000000 MB of memory in use.
PERFORMANCE: 320000  averaging 137.891 ns/day, 0.00125316 sec/step with standard deviation 0.000290089
ENERGY:  320000       462.9543      1149.0131      1108.0869        78.8305        -114204.1119      9623.4757         0.0000         0.0000     18665.1710         -83116.5805       303.4370   -101781.7515    -82930.4596       302.5789           -326.5244      -331.3919    299751.6009       -21.0773       -21.5917

WRITING EXTENDED SYSTEM TO RESTART FILE AT STEP 320000
WRITING COORDINATES TO RESTART FILE AT STEP 320000
FINISHED WRITING RESTART COORDINATES
WRITING VELOCITIES TO RESTART FILE AT STEP 320000
FINISHED WRITING RESTART VELOCITIES
TIMING: 325000  CPU: 404.667, 0.00116076/step  Wall: 406.9, 0.00116799/step, 147.946 ns/days, 0.0567775 hours remaining, 0.000000 MB of memory in use.
PERFORMANCE: 325000  averaging 138.035 ns/day, 0.00125185 sec/step with standard deviation 0.000288008
ENERGY:  325000       436.7650      1175.6795      1125.9375        82.2735        -114420.2116      9847.0138         0.0000         0.0000     18514.3627         -83238.1797       300.9854   -101752.5424    -82947.2916       302.5667              0.3411        -2.2294    300380.1269       -27.9425       -28.5118

WRITING EXTENDED SYSTEM TO RESTART FILE AT STEP 325000
WRITING COORDINATES TO RESTART FILE AT STEP 325000
FINISHED WRITING RESTART COORDINATES
WRITING VELOCITIES TO RESTART FILE AT STEP 325000
FINISHED WRITING RESTART VELOCITIES
TIMING: 330000  CPU: 410.401, 0.00114674/step  Wall: 412.675, 0.00115496/step, 149.616 ns/days, 0.0545396 hours remaining, 0.000000 MB of memory in use.
PERFORMANCE: 330000  averaging 138.198 ns/day, 0.00125038 sec/step with standard deviation 0.000286033
ENERGY:  330000       460.9186      1105.1713      1120.3864        76.8521        -114177.7365      9806.4292         0.0000         0.0000     18670.2118         -82937.7670       303.5190   -101607.9788    -82956.6973       302.6045            -23.9553       -26.7522    300365.7171       -33.4373       -34.2864

WRITING EXTENDED SYSTEM TO RESTART FILE AT STEP 330000
WRITING COORDINATES TO RESTART FILE AT STEP 330000
FINISHED WRITING RESTART COORDINATES
WRITING VELOCITIES TO RESTART FILE AT STEP 330000
FINISHED WRITING RESTART VELOCITIES
TIMING: 335000  CPU: 418.303, 0.00158034/step  Wall: 420.639, 0.00159276/step, 108.491 ns/days, 0.0730015 hours remaining, 0.000000 MB of memory in use.
PERFORMANCE: 335000  averaging 137.635 ns/day, 0.00125549 sec/step with standard deviation 0.000286923
ENERGY:  335000       428.3423      1118.7907      1116.9800        80.3984        -113441.7165      9480.2677         0.0000         0.0000     18580.1170         -82636.8204       302.0543   -101216.9374    -82948.1097       302.5003           -220.0058      -221.9888    301771.2978       -37.7789       -38.6361

WRITING EXTENDED SYSTEM TO RESTART FILE AT STEP 335000
WRITING COORDINATES TO RESTART FILE AT STEP 335000
FINISHED WRITING RESTART COORDINATES
WRITING VELOCITIES TO RESTART FILE AT STEP 335000
FINISHED WRITING RESTART VELOCITIES
TIMING: 340000  CPU: 424.067, 0.00115278/step  Wall: 426.435, 0.00115924/step, 149.064 ns/days, 0.0515217 hours remaining, 0.000000 MB of memory in use.
PERFORMANCE: 340000  averaging 137.79 ns/day, 0.00125408 sec/step with standard deviation 0.000285012
ENERGY:  340000       444.0310      1146.9688      1124.4902        69.4719        -114029.9929      9763.9708         0.0000         0.0000     18557.5257         -82923.5346       301.6870   -101481.0603    -82940.2450       302.3492           -263.2071      -263.5752    301414.1725       -44.5450       -45.3404

WRITING EXTENDED SYSTEM TO RESTART FILE AT STEP 340000
WRITING COORDINATES TO RESTART FILE AT STEP 340000
FINISHED WRITING RESTART COORDINATES
WRITING VELOCITIES TO RESTART FILE AT STEP 340000
FINISHED WRITING RESTART VELOCITIES
TIMING: 345000  CPU: 429.822, 0.00115114/step  Wall: 432.262, 0.00116528/step, 148.291 ns/days, 0.0501716 hours remaining, 0.000000 MB of memory in use.
PERFORMANCE: 345000  averaging 137.932 ns/day, 0.00125279 sec/step with standard deviation 0.000283111
ENERGY:  345000       405.0755      1128.7756      1120.3690        70.7431        -113548.7704      9639.7902         0.0000         0.0000     18535.5990         -82648.4179       301.3306   -101184.0169    -82935.3831       302.2174           -173.7960      -176.3226    301670.8520       -73.8107       -74.8797

WRITING EXTENDED SYSTEM TO RESTART FILE AT STEP 345000
WRITING COORDINATES TO RESTART FILE AT STEP 345000
FINISHED WRITING RESTART COORDINATES
WRITING VELOCITIES TO RESTART FILE AT STEP 345000
FINISHED WRITING RESTART VELOCITIES
TIMING: 350000  CPU: 435.522, 0.00113997/step  Wall: 438.01, 0.00114972/step, 150.297 ns/days, 0.0479052 hours remaining, 0.000000 MB of memory in use.
PERFORMANCE: 350000  averaging 138.094 ns/day, 0.00125132 sec/step with standard deviation 0.000281322
ETITLE:      TS           BOND          ANGLE          DIHED          IMPRP               ELECT            VDW       BOUNDARY           MISC        KINETIC               TOTAL           TEMP      POTENTIAL       TOTALAVG        TEMPAVG            PRESSURE      GPRESSURE         VOLUME       PRESSAVG      GPRESSAVG

ENERGY:  350000       433.9243      1128.5370      1105.1922        71.0235        -113773.2792      9747.5357         0.0000         0.0000     18865.5798         -82421.4867       306.6950   -101287.0665    -82904.0911       302.4631           -152.6723      -153.0465    301309.0253       -71.9168       -72.8652

WRITING EXTENDED SYSTEM TO RESTART FILE AT STEP 350000
WRITING COORDINATES TO RESTART FILE AT STEP 350000
FINISHED WRITING RESTART COORDINATES
WRITING VELOCITIES TO RESTART FILE AT STEP 350000
FINISHED WRITING RESTART VELOCITIES
TIMING: 355000  CPU: 441.264, 0.00114835/step  Wall: 443.804, 0.00115881/step, 149.119 ns/days, 0.0466742 hours remaining, 0.000000 MB of memory in use.
PERFORMANCE: 355000  averaging 138.238 ns/day, 0.00125002 sec/step with standard deviation 0.000279521
ENERGY:  355000       427.4671      1165.8113      1114.7036        67.4831        -114236.9311      9972.2933         0.0000         0.0000     18757.6199         -82731.5527       304.9400   -101489.1726    -82885.8392       302.7052            293.4645       294.9342    300076.7554       -48.3985       -49.1412

WRITING EXTENDED SYSTEM TO RESTART FILE AT STEP 355000
WRITING COORDINATES TO RESTART FILE AT STEP 355000
FINISHED WRITING RESTART COORDINATES
WRITING VELOCITIES TO RESTART FILE AT STEP 355000
FINISHED WRITING RESTART VELOCITIES
TIMING: 360000  CPU: 446.982, 0.00114356/step  Wall: 449.562, 0.00115148/step, 150.067 ns/days, 0.0447799 hours remaining, 0.000000 MB of memory in use.
PERFORMANCE: 360000  averaging 138.39 ns/day, 0.00124865 sec/step with standard deviation 0.000277788
ENERGY:  360000       481.5336      1163.6551      1127.2501        76.8267        -114041.2615      9603.2564         0.0000         0.0000     18615.8914         -82972.8481       302.6359   -101588.7395    -82882.4572       302.8158           -244.2714      -248.1109    301207.0350       -68.7065       -69.7430

WRITING EXTENDED SYSTEM TO RESTART FILE AT STEP 360000
WRITING COORDINATES TO RESTART FILE AT STEP 360000
FINISHED WRITING RESTART COORDINATES
WRITING VELOCITIES TO RESTART FILE AT STEP 360000
FINISHED WRITING RESTART VELOCITIES
TIMING: 365000  CPU: 452.746, 0.00115277/step  Wall: 455.366, 0.00116091/step, 148.849 ns/days, 0.043534 hours remaining, 0.000000 MB of memory in use.
PERFORMANCE: 365000  averaging 138.523 ns/day, 0.00124745 sec/step with standard deviation 0.000276043
ENERGY:  365000       412.6787      1155.3758      1115.1782        75.9494        -114265.3156      9856.9279         0.0000         0.0000     18736.8913         -82912.3143       304.6030   -101649.2056    -82871.3427       302.9291            112.8010       113.8246    299785.0707       -68.7823       -69.8778

WRITING EXTENDED SYSTEM TO RESTART FILE AT STEP 365000
WRITING COORDINATES TO RESTART FILE AT STEP 365000
FINISHED WRITING RESTART COORDINATES
WRITING VELOCITIES TO RESTART FILE AT STEP 365000
FINISHED WRITING RESTART VELOCITIES
TIMING: 370000  CPU: 458.461, 0.00114296/step  Wall: 461.242, 0.00117522/step, 147.036 ns/days, 0.0424385 hours remaining, 0.000000 MB of memory in use.
PERFORMANCE: 370000  averaging 138.631 ns/day, 0.00124647 sec/step with standard deviation 0.000274275
ENERGY:  370000       416.7254      1142.4515      1101.9064        69.6897        -113768.7820      9605.1970         0.0000         0.0000     18577.3877         -82855.4244       302.0099   -101432.8121    -82878.3881       303.0453             49.4554        53.6869    299853.4662       -68.1629       -68.9112

WRITING EXTENDED SYSTEM TO RESTART FILE AT STEP 370000
WRITING COORDINATES TO RESTART FILE AT STEP 370000
FINISHED WRITING RESTART COORDINATES
WRITING VELOCITIES TO RESTART FILE AT STEP 370000
FINISHED WRITING RESTART VELOCITIES
TIMING: 375000  CPU: 465.125, 0.00133292/step  Wall: 467.953, 0.00134223/step, 128.741 ns/days, 0.0466052 hours remaining, 0.000000 MB of memory in use.
PERFORMANCE: 375000  averaging 138.49 ns/day, 0.00124775 sec/step with standard deviation 0.00027264
ENERGY:  375000       401.5778      1151.9678      1115.0951        72.9362        -113782.8369      9754.7093         0.0000         0.0000     18637.8902         -82648.6604       302.9935   -101286.5506    -82873.5336       302.9679             74.7924        72.5576    301566.9370       -59.6220       -60.5352

WRITING EXTENDED SYSTEM TO RESTART FILE AT STEP 375000
WRITING COORDINATES TO RESTART FILE AT STEP 375000
FINISHED WRITING RESTART COORDINATES
WRITING VELOCITIES TO RESTART FILE AT STEP 375000
FINISHED WRITING RESTART VELOCITIES
TIMING: 380000  CPU: 470.868, 0.00114866/step  Wall: 473.788, 0.00116692/step, 148.082 ns/days, 0.0388973 hours remaining, 0.000000 MB of memory in use.
PERFORMANCE: 380000  averaging 138.608 ns/day, 0.00124668 sec/step with standard deviation 0.000270975
ENERGY:  380000       419.0589      1131.7476      1113.2912        70.2373        -114213.1621      9938.5844         0.0000         0.0000     18602.0439         -82938.1988       302.4108   -101540.2428    -82873.8153       302.9478             63.2098        60.8452    301237.7930       -54.5466       -55.6402

WRITING EXTENDED SYSTEM TO RESTART FILE AT STEP 380000
WRITING COORDINATES TO RESTART FILE AT STEP 380000
FINISHED WRITING RESTART COORDINATES
WRITING VELOCITIES TO RESTART FILE AT STEP 380000
FINISHED WRITING RESTART VELOCITIES
TIMING: 385000  CPU: 476.623, 0.00115086/step  Wall: 479.593, 0.00116105/step, 148.831 ns/days, 0.0370891 hours remaining, 0.000000 MB of memory in use.
PERFORMANCE: 385000  averaging 138.732 ns/day, 0.00124557 sec/step with standard deviation 0.000269363
ENERGY:  385000       398.9708      1145.4082      1114.7381        72.9974        -113933.7105      9743.0457         0.0000         0.0000     18499.6275         -82958.9229       300.7458   -101458.5503    -82865.8496       302.7774            -17.7390       -21.6195    300719.9385       -40.2556       -41.7180

WRITING EXTENDED SYSTEM TO RESTART FILE AT STEP 385000
WRITING COORDINATES TO RESTART FILE AT STEP 385000
FINISHED WRITING RESTART COORDINATES
WRITING VELOCITIES TO RESTART FILE AT STEP 385000
FINISHED WRITING RESTART VELOCITIES
TIMING: 390000  CPU: 482.296, 0.00113462/step  Wall: 485.318, 0.00114495/step, 150.924 ns/days, 0.0349845 hours remaining, 0.000000 MB of memory in use.
PERFORMANCE: 390000  averaging 138.875 ns/day, 0.00124428 sec/step with standard deviation 0.00026785
ENERGY:  390000       416.2135      1100.7448      1109.5427        64.9747        -114439.6347     10083.6033         0.0000         0.0000     18518.6179         -83145.9378       301.0545   -101664.5557    -82884.1441       302.7319            197.6861       193.3049    300516.7196       -36.8271       -38.4840

WRITING EXTENDED SYSTEM TO RESTART FILE AT STEP 390000
WRITING COORDINATES TO RESTART FILE AT STEP 390000
FINISHED WRITING RESTART COORDINATES
WRITING VELOCITIES TO RESTART FILE AT STEP 390000
FINISHED WRITING RESTART VELOCITIES
TIMING: 395000  CPU: 488.033, 0.00114753/step  Wall: 491.125, 0.00116148/step, 148.775 ns/days, 0.0338766 hours remaining, 0.000000 MB of memory in use.
PERFORMANCE: 395000  averaging 138.992 ns/day, 0.00124323 sec/step with standard deviation 0.000266291
ENERGY:  395000       427.6151      1138.9829      1124.6400        69.9686        -113802.0064      9639.8593         0.0000         0.0000     18565.2059         -82835.7346       301.8119   -101400.9405    -82878.8588       302.5231           -115.0763      -112.3665    300400.7914       -47.9490       -49.4951

WRITING EXTENDED SYSTEM TO RESTART FILE AT STEP 395000
WRITING COORDINATES TO RESTART FILE AT STEP 395000
FINISHED WRITING RESTART COORDINATES
WRITING VELOCITIES TO RESTART FILE AT STEP 395000
FINISHED WRITING RESTART VELOCITIES
TIMING: 400000  CPU: 493.785, 0.00115032/step  Wall: 496.927, 0.00116035/step, 148.92 ns/days, 0.032232 hours remaining, 0.000000 MB of memory in use.
PERFORMANCE: 400000  averaging 139.108 ns/day, 0.0012422 sec/step with standard deviation 0.000264762
ETITLE:      TS           BOND          ANGLE          DIHED          IMPRP               ELECT            VDW       BOUNDARY           MISC        KINETIC               TOTAL           TEMP      POTENTIAL       TOTALAVG        TEMPAVG            PRESSURE      GPRESSURE         VOLUME       PRESSAVG      GPRESSAVG

ENERGY:  400000       408.0342      1121.4132      1105.1130        69.6320        -114052.8399      9869.1164         0.0000         0.0000     18685.7875         -82793.7435       303.7722   -101479.5310    -82878.8737       302.4915            246.8464       241.7702    300491.3473       -33.1452       -34.7509

WRITING EXTENDED SYSTEM TO RESTART FILE AT STEP 400000
WRITING COORDINATES TO RESTART FILE AT STEP 400000
FINISHED WRITING RESTART COORDINATES
WRITING VELOCITIES TO RESTART FILE AT STEP 400000
FINISHED WRITING RESTART VELOCITIES
TIMING: 405000  CPU: 499.479, 0.00113878/step  Wall: 502.688, 0.00115225/step, 149.968 ns/days, 0.0304066 hours remaining, 0.000000 MB of memory in use.
PERFORMANCE: 405000  averaging 139.233 ns/day, 0.00124109 sec/step with standard deviation 0.000263292
ENERGY:  405000       412.0987      1099.9770      1134.0331        73.6781        -114136.0831      9791.0099         0.0000         0.0000     18528.2878         -83096.9985       301.2117   -101625.2863    -82886.2916       302.5199            -11.4316       -13.7809    300716.0708       -41.4424       -43.0932

WRITING EXTENDED SYSTEM TO RESTART FILE AT STEP 405000
WRITING COORDINATES TO RESTART FILE AT STEP 405000
FINISHED WRITING RESTART COORDINATES
WRITING VELOCITIES TO RESTART FILE AT STEP 405000
FINISHED WRITING RESTART VELOCITIES
TIMING: 410000  CPU: 505.184, 0.00114107/step  Wall: 508.447, 0.00115166/step, 150.044 ns/days, 0.0287915 hours remaining, 0.000000 MB of memory in use.
PERFORMANCE: 410000  averaging 139.355 ns/day, 0.00124 sec/step with standard deviation 0.000261848
ENERGY:  410000       397.2600      1133.1779      1115.0969        69.0428        -113760.3736      9590.5638         0.0000         0.0000     18644.0345         -82811.1978       303.0934   -101455.2323    -82877.3418       302.6754           -177.3024      -180.0767    301655.0970       -46.8267       -48.4159

WRITING EXTENDED SYSTEM TO RESTART FILE AT STEP 410000
WRITING COORDINATES TO RESTART FILE AT STEP 410000
FINISHED WRITING RESTART COORDINATES
WRITING VELOCITIES TO RESTART FILE AT STEP 410000
FINISHED WRITING RESTART VELOCITIES
TIMING: 415000  CPU: 510.924, 0.00114796/step  Wall: 514.239, 0.00115854/step, 149.153 ns/days, 0.0273544 hours remaining, 0.000000 MB of memory in use.
PERFORMANCE: 415000  averaging 139.466 ns/day, 0.00123901 sec/step with standard deviation 0.0002604
ENERGY:  415000       455.0014      1179.3743      1111.2052        74.8520        -113974.7461      9752.4200         0.0000         0.0000     18424.8762         -82977.0169       299.5306   -101401.8932    -82880.0669       302.5261           -137.0319      -132.6790    300200.1209       -41.2208       -42.6508

WRITING EXTENDED SYSTEM TO RESTART FILE AT STEP 415000
WRITING COORDINATES TO RESTART FILE AT STEP 415000
FINISHED WRITING RESTART COORDINATES
WRITING VELOCITIES TO RESTART FILE AT STEP 415000
FINISHED WRITING RESTART VELOCITIES
TIMING: 420000  CPU: 516.637, 0.00114266/step  Wall: 520.022, 0.00115656/step, 149.409 ns/days, 0.0257013 hours remaining, 0.000000 MB of memory in use.
PERFORMANCE: 420000  averaging 139.576 ns/day, 0.00123803 sec/step with standard deviation 0.000258983
ENERGY:  420000       394.8894      1208.4005      1105.2900        75.4044        -113953.8467      9610.6092         0.0000         0.0000     18590.5246         -82968.7286       302.2235   -101559.2531    -82872.6743       302.4654           -211.4689      -214.7493    300871.7478       -35.4681       -36.8187

WRITING EXTENDED SYSTEM TO RESTART FILE AT STEP 420000
WRITING COORDINATES TO RESTART FILE AT STEP 420000
FINISHED WRITING RESTART COORDINATES
WRITING VELOCITIES TO RESTART FILE AT STEP 420000
FINISHED WRITING RESTART VELOCITIES
TIMING: 425000  CPU: 522.364, 0.00114523/step  Wall: 525.81, 0.0011576/step, 149.274 ns/days, 0.0241167 hours remaining, 0.000000 MB of memory in use.
PERFORMANCE: 425000  averaging 139.683 ns/day, 0.00123709 sec/step with standard deviation 0.000257585
ENERGY:  425000       472.8465      1128.7137      1111.1016        75.6846        -113901.7677      9663.7681         0.0000         0.0000     18676.4926         -82773.1604       303.6211   -101449.6530    -82849.4233       302.5972            -88.4674       -84.0960    300712.8097       -39.9085       -40.9120

WRITING EXTENDED SYSTEM TO RESTART FILE AT STEP 425000
WRITING COORDINATES TO RESTART FILE AT STEP 425000
FINISHED WRITING RESTART COORDINATES
WRITING VELOCITIES TO RESTART FILE AT STEP 425000
FINISHED WRITING RESTART VELOCITIES
TIMING: 430000  CPU: 528.145, 0.00115629/step  Wall: 531.635, 0.00116489/step, 148.34 ns/days, 0.0226507 hours remaining, 0.000000 MB of memory in use.
PERFORMANCE: 430000  averaging 139.778 ns/day, 0.00123625 sec/step with standard deviation 0.000256183
ENERGY:  430000       456.2688      1142.2992      1104.0317        77.8215        -114177.6855      9762.4533         0.0000         0.0000     18672.2148         -82962.5960       303.5515   -101634.8109    -82850.6648       302.5988            -32.0133       -39.4570    300669.6621       -40.3114       -41.5473

WRITING EXTENDED SYSTEM TO RESTART FILE AT STEP 430000
WRITING COORDINATES TO RESTART FILE AT STEP 430000
FINISHED WRITING RESTART COORDINATES
WRITING VELOCITIES TO RESTART FILE AT STEP 430000
FINISHED WRITING RESTART VELOCITIES
TIMING: 435000  CPU: 533.92, 0.00115509/step  Wall: 537.475, 0.00116804/step, 147.94 ns/days, 0.0210896 hours remaining, 0.000000 MB of memory in use.
PERFORMANCE: 435000  averaging 139.867 ns/day, 0.00123546 sec/step with standard deviation 0.000254794
ENERGY:  435000       454.4709      1089.0661      1124.4661        65.1925        -114332.8899     10030.9667         0.0000         0.0000     18792.9958         -82775.7317       305.5151   -101568.7275    -82857.6103       302.7719             40.2550        42.1327    301976.2519       -27.2984       -28.3412

WRITING EXTENDED SYSTEM TO RESTART FILE AT STEP 435000
WRITING COORDINATES TO RESTART FILE AT STEP 435000
FINISHED WRITING RESTART COORDINATES
WRITING VELOCITIES TO RESTART FILE AT STEP 435000
FINISHED WRITING RESTART VELOCITIES
TIMING: 440000  CPU: 539.653, 0.00114658/step  Wall: 543.435, 0.00119203/step, 144.963 ns/days, 0.0198671 hours remaining, 0.000000 MB of memory in use.
PERFORMANCE: 440000  averaging 139.922 ns/day, 0.00123497 sec/step with standard deviation 0.000253368
ENERGY:  440000       427.0011      1095.3018      1123.3391        72.6036        -114317.8972     10012.5678         0.0000         0.0000     18644.7091         -82942.3747       303.1044   -101587.0838    -82858.5523       302.8427            260.5394       258.8650    298779.3494        -1.1110        -2.2192

WRITING EXTENDED SYSTEM TO RESTART FILE AT STEP 440000
WRITING COORDINATES TO RESTART FILE AT STEP 440000
FINISHED WRITING RESTART COORDINATES
WRITING VELOCITIES TO RESTART FILE AT STEP 440000
FINISHED WRITING RESTART VELOCITIES
TIMING: 445000  CPU: 545.334, 0.00113609/step  Wall: 549.193, 0.00115159/step, 150.053 ns/days, 0.0175938 hours remaining, 0.000000 MB of memory in use.
PERFORMANCE: 445000  averaging 140.029 ns/day, 0.00123403 sec/step with standard deviation 0.000252079
ENERGY:  445000       454.9521      1106.1564      1109.9107        72.0771        -114249.5191      9731.7722         0.0000         0.0000     18678.2535         -83096.3970       303.6497   -101774.6505    -82880.9513       302.9587           -136.6250      -136.0429    299737.1945         0.7475        -0.2052

WRITING EXTENDED SYSTEM TO RESTART FILE AT STEP 445000
WRITING COORDINATES TO RESTART FILE AT STEP 445000
FINISHED WRITING RESTART COORDINATES
WRITING VELOCITIES TO RESTART FILE AT STEP 445000
FINISHED WRITING RESTART VELOCITIES
TIMING: 450000  CPU: 551.071, 0.00114744/step  Wall: 554.97, 0.00115539/step, 149.56 ns/days, 0.016047 hours remaining, 0.000000 MB of memory in use.
PERFORMANCE: 450000  averaging 140.128 ns/day, 0.00123316 sec/step with standard deviation 0.000250796
ETITLE:      TS           BOND          ANGLE          DIHED          IMPRP               ELECT            VDW       BOUNDARY           MISC        KINETIC               TOTAL           TEMP      POTENTIAL       TOTALAVG        TEMPAVG            PRESSURE      GPRESSURE         VOLUME       PRESSAVG      GPRESSAVG

ENERGY:  450000       443.2691      1076.3415      1125.1962        74.7897        -114329.2016      9915.1022         0.0000         0.0000     18595.0375         -83099.4654       302.2969   -101694.5028    -82914.8502       302.7388            170.3192       167.5449    299625.4101        16.8971        15.8244

WRITING EXTENDED SYSTEM TO RESTART FILE AT STEP 450000
WRITING COORDINATES TO RESTART FILE AT STEP 450000
FINISHED WRITING RESTART COORDINATES
WRITING VELOCITIES TO RESTART FILE AT STEP 450000
FINISHED WRITING RESTART VELOCITIES
TIMING: 455000  CPU: 556.788, 0.00114339/step  Wall: 560.737, 0.00115347/step, 149.809 ns/days, 0.0144184 hours remaining, 0.000000 MB of memory in use.
PERFORMANCE: 455000  averaging 140.227 ns/day, 0.00123228 sec/step with standard deviation 0.000249539
ENERGY:  455000       403.8245      1115.2801      1115.7764        78.5701        -114087.2369      9667.0651         0.0000         0.0000     18592.3854         -83114.3352       302.2538   -101706.7206    -82933.9893       302.6045           -134.1225      -133.8254    300271.9010        -4.4823        -5.6136

WRITING EXTENDED SYSTEM TO RESTART FILE AT STEP 455000
WRITING COORDINATES TO RESTART FILE AT STEP 455000
FINISHED WRITING RESTART COORDINATES
WRITING VELOCITIES TO RESTART FILE AT STEP 455000
FINISHED WRITING RESTART VELOCITIES
TIMING: 460000  CPU: 562.56, 0.00115448/step  Wall: 566.57, 0.00116656/step, 148.127 ns/days, 0.0129618 hours remaining, 0.000000 MB of memory in use.
PERFORMANCE: 460000  averaging 140.309 ns/day, 0.00123157 sec/step with standard deviation 0.000248259
ENERGY:  460000       434.0449      1128.2323      1126.4360        74.1872        -114046.7065      9723.9882         0.0000         0.0000     18495.4659         -83064.3521       300.6782   -101559.8180    -82938.5645       302.5066           -140.5227      -143.3639    301514.5415         0.7052        -0.3763

WRITING EXTENDED SYSTEM TO RESTART FILE AT STEP 460000
WRITING COORDINATES TO RESTART FILE AT STEP 460000
FINISHED WRITING RESTART COORDINATES
WRITING VELOCITIES TO RESTART FILE AT STEP 460000
FINISHED WRITING RESTART VELOCITIES
TIMING: 465000  CPU: 568.286, 0.0011452/step  Wall: 572.34, 0.00115404/step, 149.735 ns/days, 0.0112198 hours remaining, 0.000000 MB of memory in use.
PERFORMANCE: 465000  averaging 140.404 ns/day, 0.00123074 sec/step with standard deviation 0.000247036
ENERGY:  465000       433.5495      1087.1741      1136.3053        64.5160        -113783.6845      9613.6331         0.0000         0.0000     18494.6869         -82953.8194       300.6655   -101448.5064    -82940.6398       302.3097           -125.9515      -121.8702    302151.2948       -11.2324       -12.1610

WRITING EXTENDED SYSTEM TO RESTART FILE AT STEP 465000
WRITING COORDINATES TO RESTART FILE AT STEP 465000
FINISHED WRITING RESTART COORDINATES
WRITING VELOCITIES TO RESTART FILE AT STEP 465000
FINISHED WRITING RESTART VELOCITIES
TIMING: 470000  CPU: 573.936, 0.00112994/step  Wall: 578.07, 0.00114598/step, 150.788 ns/days, 0.00954985 hours remaining, 0.000000 MB of memory in use.
PERFORMANCE: 470000  averaging 140.507 ns/day, 0.00122983 sec/step with standard deviation 0.00024586
ENERGY:  470000       422.6856      1133.9988      1136.6952        72.3402        -113824.2317      9629.3068         0.0000         0.0000     18578.8846         -82850.3205       302.0343   -101429.2051    -82940.3846       302.3109            -62.3199       -61.3159    302589.8367       -16.8212       -17.9111

WRITING EXTENDED SYSTEM TO RESTART FILE AT STEP 470000
WRITING COORDINATES TO RESTART FILE AT STEP 470000
FINISHED WRITING RESTART COORDINATES
WRITING VELOCITIES TO RESTART FILE AT STEP 470000
FINISHED WRITING RESTART VELOCITIES
TIMING: 475000  CPU: 579.712, 0.00115529/step  Wall: 583.89, 0.00116403/step, 148.449 ns/days, 0.00808357 hours remaining, 0.000000 MB of memory in use.
PERFORMANCE: 475000  averaging 140.586 ns/day, 0.00122914 sec/step with standard deviation 0.000244642
ENERGY:  475000       408.3817      1137.7676      1124.7020        65.0306        -114459.1620     10020.7126         0.0000         0.0000     18309.3869         -83393.1806       297.6531   -101702.5675    -82977.6106       302.0439            169.6131       170.3729    300605.4557       -12.0802       -13.0204

WRITING EXTENDED SYSTEM TO RESTART FILE AT STEP 475000
WRITING COORDINATES TO RESTART FILE AT STEP 475000
FINISHED WRITING RESTART COORDINATES
WRITING VELOCITIES TO RESTART FILE AT STEP 475000
FINISHED WRITING RESTART VELOCITIES
TIMING: 480000  CPU: 585.441, 0.00114573/step  Wall: 589.671, 0.00115614/step, 149.463 ns/days, 0.006423 hours remaining, 0.000000 MB of memory in use.
PERFORMANCE: 480000  averaging 140.673 ns/day, 0.00122838 sec/step with standard deviation 0.000243465
ENERGY:  480000       434.0704      1145.6610      1099.4063        62.2929        -114239.8282      9741.2147         0.0000         0.0000     18630.3758         -83126.8071       302.8714   -101757.1829    -82987.0410       302.0669           -201.8201      -201.7606    300485.7349       -25.3317       -26.1507

WRITING EXTENDED SYSTEM TO RESTART FILE AT STEP 480000
WRITING COORDINATES TO RESTART FILE AT STEP 480000
FINISHED WRITING RESTART COORDINATES
WRITING VELOCITIES TO RESTART FILE AT STEP 480000
FINISHED WRITING RESTART VELOCITIES
TIMING: 485000  CPU: 591.157, 0.00114325/step  Wall: 595.448, 0.0011554/step, 149.558 ns/days, 0.00481417 hours remaining, 0.000000 MB of memory in use.
PERFORMANCE: 485000  averaging 140.759 ns/day, 0.00122763 sec/step with standard deviation 0.000242307
ENERGY:  485000       393.9157      1167.3455      1118.3824        59.9814        -114334.8039      9847.2965         0.0000         0.0000     18749.9368         -82997.9457       304.8150   -101747.8825    -82988.9922       302.2704            187.0039       190.8609    300224.7908       -15.0945       -15.5266

WRITING EXTENDED SYSTEM TO RESTART FILE AT STEP 485000
WRITING COORDINATES TO RESTART FILE AT STEP 485000
FINISHED WRITING RESTART COORDINATES
WRITING VELOCITIES TO RESTART FILE AT STEP 485000
FINISHED WRITING RESTART VELOCITIES
TIMING: 490000  CPU: 596.874, 0.00114336/step  Wall: 601.232, 0.00115675/step, 149.384 ns/days, 0.0032132 hours remaining, 0.000000 MB of memory in use.
PERFORMANCE: 490000  averaging 140.842 ns/day, 0.00122691 sec/step with standard deviation 0.000241161
ENERGY:  490000       440.9843      1095.3450      1124.6202        71.0641        -114478.9883     10163.9914         0.0000         0.0000     18762.4345         -82820.5488       305.0182   -101582.9832    -82972.7227       302.4686            454.5420       454.8063    301259.1474        -2.2517        -2.4516

WRITING EXTENDED SYSTEM TO RESTART FILE AT STEP 490000
WRITING COORDINATES TO RESTART FILE AT STEP 490000
FINISHED WRITING RESTART COORDINATES
WRITING VELOCITIES TO RESTART FILE AT STEP 490000
FINISHED WRITING RESTART VELOCITIES
TIMING: 495000  CPU: 602.578, 0.00114078/step  Wall: 607.007, 0.00115511/step, 149.596 ns/days, 0.00160433 hours remaining, 0.000000 MB of memory in use.
PERFORMANCE: 495000  averaging 140.925 ns/day, 0.00122618 sec/step with standard deviation 0.000240036
ENERGY:  495000       438.5831      1189.8242      1127.4450        75.8383        -113755.2574      9714.8363         0.0000         0.0000     18589.3567         -82619.3737       302.2045   -101208.7304    -82961.9047       302.4882            -65.2662       -64.8748    301092.3051         0.2388        -0.0770

WRITING EXTENDED SYSTEM TO RESTART FILE AT STEP 495000
WRITING COORDINATES TO RESTART FILE AT STEP 495000
FINISHED WRITING RESTART COORDINATES
WRITING VELOCITIES TO RESTART FILE AT STEP 495000
FINISHED WRITING RESTART VELOCITIES
TIMING: 500000  CPU: 608.3, 0.00114448/step  Wall: 612.804, 0.00115924/step, 149.064 ns/days, 0 hours remaining, 0.000000 MB of memory in use.
PERFORMANCE: 500000  averaging 141.002 ns/day, 0.00122551 sec/step with standard deviation 0.000238914
ETITLE:      TS           BOND          ANGLE          DIHED          IMPRP               ELECT            VDW       BOUNDARY           MISC        KINETIC               TOTAL           TEMP      POTENTIAL       TOTALAVG        TEMPAVG            PRESSURE      GPRESSURE         VOLUME       PRESSAVG      GPRESSAVG

ENERGY:  500000       435.6523      1140.1767      1119.0861        64.4891        -113838.1875      9574.9916         0.0000         0.0000     18657.9381         -82845.8537       303.3194   -101503.7918    -82964.5102       302.4656           -181.9702      -183.2890    300145.6888       -21.2021       -21.3300

WRITING EXTENDED SYSTEM TO RESTART FILE AT STEP 500000
WRITING COORDINATES TO RESTART FILE AT STEP 500000
FINISHED WRITING RESTART COORDINATES
WRITING VELOCITIES TO RESTART FILE AT STEP 500000
FINISHED WRITING RESTART VELOCITIES
WRITING EXTENDED SYSTEM TO OUTPUT FILE AT STEP 500000
WRITING COORDINATES TO OUTPUT FILE AT STEP 500000
WRITING VELOCITIES TO OUTPUT FILE AT STEP 500000
====================================================

WallClock: 613.976257  CPUTime: 606.178162  Memory: 0.000000 MB
[Partition 0][Node 0] End of program
