Charm++: standalone mode (not using charmrun)
Charm++> Running in Multicore mode: 12 threads (PEs)
Charm++> Using recursive bisection (scheme 3) for topology aware partitions
Converse/Charm++ Commit ID: v80000
CharmLB> Load balancer assumes all CPUs are same.
Charm++> Running on 1 hosts (2 sockets x 24 cores x 1 PUs = 48-way SMP)
Charm++> cpu topology info is gathered in 0.001 seconds.
Info: Built with CUDA version 11080
Pe 0 physical rank 0 will use CUDA device of pe 8
Pe 4 physical rank 4 will use CUDA device of pe 8
Pe 2 physical rank 2 will use CUDA device of pe 8
Pe 8 physical rank 8 binding to CUDA device 0 on sg012: 'NVIDIA A100-SXM4-80GB'  Mem: 81155MB  Rev: 8.0  PCI: 0:1:0
Pe 7 physical rank 7 will use CUDA device of pe 8
Pe 3 physical rank 3 will use CUDA device of pe 8
Pe 1 physical rank 1 will use CUDA device of pe 8
Pe 9 physical rank 9 will use CUDA device of pe 8
Pe 5 physical rank 5 will use CUDA device of pe 8
Pe 11 physical rank 11 will use CUDA device of pe 8
Pe 10 physical rank 10 will use CUDA device of pe 8
Pe 6 physical rank 6 will use CUDA device of pe 8
CharmLB> Load balancing instrumentation for communication is off.
Info: NAMD 3.1alpha2 for Linux-x86_64-multicore-CUDA
Info: 
Info: Please visit http://www.ks.uiuc.edu/Research/namd/
Info: for updates, documentation, and support information.
Info: 
Info: Please cite Phillips et al., J. Chem. Phys. 153:044130 (2020) doi:10.1063/5.0014475
Info: in all publications reporting results obtained with NAMD.
Info: 
Info: Based on Charm++/Converse 80000 for multicore-linux-x86_64
Info: Built Wed Feb 26 02:26:55 MST 2025 by athiru12 on sg005
Info: 1 NAMD  3.1alpha2  Linux-x86_64-multicore-CUDA  12    sg012  athiru12
Info: Running on 12 processors, 1 nodes, 1 physical nodes.
Info: CPU topology information available.
Info: Charm++/Converse parallel runtime startup completed at 0.78658 s
CkLoopLib is used in SMP with simple dynamic scheduling (converse-level notification)
Info: 0 MB of memory in use based on /proc/self/stat
Info: Configuration file is input/step5_vanilla_12_run.inp
Info: Changed directory to input
TCL: Suspending until startup complete.
Warning: Option "1-4scaling" has been deprecated. Instead use "oneFourScaling".
Warning: Option "CUDASOAintegrate" has been deprecated. Instead use "GPUresident".
Info: EXTENDED SYSTEM FILE   ../output/step4_equilibration.xsc
Info: Tuning parameters to improve GPU-resident performance
Info: Setting margin to 4
Warning: The Langevin gamma parameters differ over the particles,
Warning: requiring extra work per step to constrain rigid bonds.
Info: Enabling PMEOffload because PMEInterpOrder > 4.
Info: Running with GPU-resident mode
Warning: Always using force tables for GPU nonbonded kernel due to unsupported config parameters.
Info: SIMULATION PARAMETERS:
Info: TIMESTEP               2
Info: NUMBER OF STEPS        500000
Info: STEPS PER CYCLE        20
Info: PERIODIC CELL BASIS 1  69 0 0
Info: PERIODIC CELL BASIS 2  0 69 0
Info: PERIODIC CELL BASIS 3  0 0 69
Info: PERIODIC CELL CENTER   0 0 0
Info: WRAPPING WATERS AROUND PERIODIC BOUNDARIES ON OUTPUT.
Info: WRAPPING ALL CLUSTERS AROUND PERIODIC BOUNDARIES ON OUTPUT.
Info: LOAD BALANCER  Centralized
Info: LOAD BALANCING STRATEGY  New Load Balancers -- DEFAULT
Info: LDB PERIOD             4000 steps
Info: FIRST LDB TIMESTEP     100
Info: LAST LDB TIMESTEP     -1
Info: LDB BACKGROUND SCALING 1
Info: HOM BACKGROUND SCALING 1
Info: PME BACKGROUND SCALING 1
Info: MIN ATOMS PER PATCH    40
Info: EMPTY PATCH LOAD       40 ATOMS
Info: VELOCITY FILE          ../output/step4_equilibration.vel
Info: CENTER OF MASS MOVING INITIALLY? NO
Info: DIELECTRIC             1
Info: EXCLUDE                SCALED ONE-FOUR
Info: 1-4 ELECTROSTATICS SCALED BY 1
Info: MODIFIED 1-4 VDW PARAMETERS WILL BE USED
Info: NO DCD TRAJECTORY OUTPUT
Info: NO EXTENDED SYSTEM TRAJECTORY OUTPUT
Info: NO VELOCITY DCD OUTPUT
Info: NO FORCE DCD OUTPUT
Info: OUTPUT FILENAME        ../output/run-3/step5_vanilla_12_1
Info: BINARY OUTPUT FILES WILL BE USED
Info: RESTART FILENAME       ../output/run-3/step5_vanilla_12_1.restart
Info: RESTART FREQUENCY      5000
Info: BINARY RESTART FILES WILL BE USED
Info: SWITCHING ACTIVE
Info: VDW FORCE SWITCHING ACTIVE
Info: SWITCHING ON           10
Info: SWITCHING OFF          12
Info: PAIRLIST DISTANCE      16
Info: PAIRLIST SHRINK RATE   0.01
Info: PAIRLIST GROW RATE     0.01
Info: PAIRLIST TRIGGER       0.3
Info: PAIRLISTS PER CYCLE    2
Info: PAIRLISTS ENABLED
Info: MARGIN                 4
Info: HYDROGEN GROUP CUTOFF  2.5
Info: PATCH DIMENSION        22.5
Info: ENERGY OUTPUT STEPS    5000
Info: ENERGY EVALUATION STEPS    5000
Info: OUTPUT ENERGY PRECISION 4
Info: CROSSTERM ENERGY INCLUDED IN DIHEDRAL
Info: TIMING OUTPUT STEPS    5000
Info: LANGEVIN DYNAMICS ACTIVE
Info: LANGEVIN TEMPERATURE   303.15
Info: LANGEVIN USING BBK INTEGRATOR
Info: LANGEVIN DAMPING COEFFICIENT IS 1 INVERSE PS
Info: LANGEVIN DYNAMICS NOT APPLIED TO HYDROGENS
Info: LANGEVIN PISTON PRESSURE CONTROL ACTIVE
Info:        TARGET PRESSURE IS 1.01325 BAR
Info:     OSCILLATION PERIOD IS 50 FS
Info:             DECAY TIME IS 25 FS
Info:     PISTON TEMPERATURE IS 303.15 K
Info:       PRESSURE CONTROL IS GROUP-BASED
Info:    INITIAL STRAIN RATE IS 0 0 0
Info:       CELL FLUCTUATION IS ISOTROPIC
Info: PARTICLE MESH EWALD (PME) ACTIVE
Info: PME TOLERANCE               1e-06
Info: PME EWALD COEFFICIENT       0.257952
Info: PME INTERPOLATION ORDER     6
Info: PME GRID DIMENSIONS         72 72 72
Info: PME MAXIMUM GRID SPACING    1
Info: PME RECIPROCAL SUM OFFLOADED TO GPU
Info: PME CALCULATION WILL BE PERFORMED ON GPU
Info: FULL ELECTROSTATIC EVALUATION FREQUENCY      1
Info: USING VERLET I (r-RESPA) MTS SCHEME.
Info: C1 SPLITTING OF LONG RANGE ELECTROSTATICS
Info: PLACING ATOMS IN PATCHES BY HYDROGEN GROUPS
Info: RIGID BONDS TO HYDROGEN : ALL
Info:         ERROR TOLERANCE : 1e-08
Info:          MAX ITERATIONS : 100
Info: RIGID WATER USING SETTLE ALGORITHM
Info: RANDOM NUMBER SEED     1742591991
Info: USE HYDROGEN BONDS?    NO
Info: COORDINATE PDB         step3_input.pdb
Info: STRUCTURE FILE         step3_input.psf
Info: PARAMETER file: CHARMM format! 
Info: PARAMETERS             toppar/par_all36m_prot.prm
Info: PARAMETERS             toppar/par_all36_na.prm
Info: PARAMETERS             toppar/par_all36_carb.prm
Info: PARAMETERS             toppar/par_all36_lipid.prm
Info: PARAMETERS             toppar/par_all36_cgenff.prm
Info: PARAMETERS             toppar/par_interface.prm
Info: PARAMETERS             toppar/toppar_all36_moreions.str
Info: PARAMETERS             toppar/toppar_all36_nano_lig.str
Info: PARAMETERS             toppar/toppar_all36_nano_lig_patch.str
Info: PARAMETERS             toppar/toppar_all36_synthetic_polymer.str
Info: PARAMETERS             toppar/toppar_all36_synthetic_polymer_patch.str
Info: PARAMETERS             toppar/toppar_all36_polymer_solvent.str
Info: PARAMETERS             toppar/toppar_water_ions.str
Info: PARAMETERS             toppar/toppar_dum_noble_gases.str
Info: PARAMETERS             toppar/toppar_ions_won.str
Info: PARAMETERS             toppar/cam.str
Info: PARAMETERS             toppar/toppar_all36_prot_arg0.str
Info: PARAMETERS             toppar/toppar_all36_prot_c36m_d_aminoacids.str
Info: PARAMETERS             toppar/toppar_all36_prot_fluoro_alkanes.str
Info: PARAMETERS             toppar/toppar_all36_prot_heme.str
Info: PARAMETERS             toppar/toppar_all36_prot_na_combined.str
Info: PARAMETERS             toppar/toppar_all36_prot_retinol.str
Info: PARAMETERS             toppar/toppar_all36_prot_model.str
Info: PARAMETERS             toppar/toppar_all36_prot_modify_res.str
Info: PARAMETERS             toppar/toppar_all36_na_nad_ppi.str
Info: PARAMETERS             toppar/toppar_all36_na_rna_modified.str
Info: PARAMETERS             toppar/toppar_all36_lipid_sphingo.str
Info: PARAMETERS             toppar/toppar_all36_lipid_archaeal.str
Info: PARAMETERS             toppar/toppar_all36_lipid_bacterial.str
Info: PARAMETERS             toppar/toppar_all36_lipid_cardiolipin.str
Info: PARAMETERS             toppar/toppar_all36_lipid_cholesterol.str
Info: PARAMETERS             toppar/toppar_all36_lipid_dag.str
Info: PARAMETERS             toppar/toppar_all36_lipid_inositol.str
Info: PARAMETERS             toppar/toppar_all36_lipid_lnp.str
Info: PARAMETERS             toppar/toppar_all36_lipid_lps.str
Info: PARAMETERS             toppar/toppar_all36_lipid_mycobacterial.str
Info: PARAMETERS             toppar/toppar_all36_lipid_miscellaneous.str
Info: PARAMETERS             toppar/toppar_all36_lipid_model.str
Info: PARAMETERS             toppar/toppar_all36_lipid_prot.str
Info: PARAMETERS             toppar/toppar_all36_lipid_tag.str
Info: PARAMETERS             toppar/toppar_all36_lipid_yeast.str
Info: PARAMETERS             toppar/toppar_all36_lipid_hmmm.str
Info: PARAMETERS             toppar/toppar_all36_lipid_detergent.str
Info: PARAMETERS             toppar/toppar_all36_lipid_ether.str
Info: PARAMETERS             toppar/toppar_all36_lipid_oxidized.str
Info: PARAMETERS             toppar/toppar_all36_carb_glycolipid.str
Info: PARAMETERS             toppar/toppar_all36_carb_glycopeptide.str
Info: PARAMETERS             toppar/toppar_all36_carb_imlab.str
Info: PARAMETERS             toppar/toppar_all36_label_spin.str
Info: PARAMETERS             toppar/toppar_all36_label_fluorophore.str
Info: USING ARITHMETIC MEAN TO COMBINE L-J SIGMA PARAMETERS
Info: BINARY COORDINATES     ../output/step4_equilibration.coor
Warning: SKIPPING PART OF PARAMETER FILE AFTER RETURN STATEMENT

Warning: DUPLICATE DIHEDRAL ENTRY FOR HAL1-CTO1-C-NHL
PREVIOUS VALUES MULTIPLICITY: 1
  k=0  n=1  delta=0INCREASING MULTIPLICITY TO: 2
  k=0  n=3  delta=0

Warning: DUPLICATE DIHEDRAL ENTRY FOR HAL1-CTO1-C-O
PREVIOUS VALUES MULTIPLICITY: 1
  k=0  n=1  delta=0INCREASING MULTIPLICITY TO: 2
  k=0  n=2  delta=3.14159
Warning: SKIPPING PART OF PARAMETER FILE AFTER RETURN STATEMENT

Warning: DUPLICATE DIHEDRAL ENTRY FOR CTL2-CG2O5-CTL1-CTL3
PREVIOUS VALUES MULTIPLICITY: 1
  k=0.75  n=1  delta=0  k=0.18  n=2  delta=3.14159INCREASING MULTIPLICITY TO: 3
  k=0.065  n=3  delta=0

Warning: DUPLICATE BOND ENTRY FOR CEL1-CL
PREVIOUS VALUES  k=440  x0=1.489
   USING VALUES  k=300  x0=1.48
Info: SUMMARY OF PARAMETERS:
Info: 1988 BONDS
Info: 6776 ANGLES
Info: 19939 DIHEDRAL
Info: 430 IMPROPER
Info: 28 CROSSTERM
Info: 751 VDW
Info: 122 VDW_PAIRS
Info: 0 NBTHOLE_PAIRS
Warning: Ignored 9467 bonds with zero force constants.
Warning: Will get H-H distance in rigid H2O from H-O-H angle.
Info: TIME FOR READING PSF FILE: 0.0607579
Info: Reading pdb file step3_input.pdb
Info: TIME FOR READING PDB FILE: 0.025777
Info: 
Info: ****************************
Info: STRUCTURE SUMMARY:
Info: 30423 ATOMS
Info: 20918 BONDS
Info: 13014 ANGLES
Info: 5187 DIHEDRALS
Info: 373 IMPROPERS
Info: 127 CROSSTERMS
Info: 0 EXCLUSIONS
Info: 29360 RIGID BONDS
Info: 61909 DEGREES OF FREEDOM
Info: 10530 HYDROGEN GROUPS
Info: 4 ATOMS IN LARGEST HYDROGEN GROUP
Info: 10530 MIGRATION GROUPS
Info: 4 ATOMS IN LARGEST MIGRATION GROUP
Info: TOTAL MASS = 186727 amu
Info: TOTAL CHARGE = 1.31875e-06 e
Info: MASS DENSITY = 0.943883 g/cm^3
Info: ATOM DENSITY = 0.0926093 atoms/A^3
Info: *****************************
Info: Reading from binary file ../output/step4_equilibration.coor
Info: 
Info: Entering startup at 0.938918 s, 0 MB of memory in use
Info: Startup phase 0 took 9.2063e-05 s, 0 MB of memory in use
Info: ADDED 39038 IMPLICIT EXCLUSIONS
Info: Startup phase 1 took 0.00602386 s, 0 MB of memory in use
Info: NONBONDED TABLE R-SQUARED SPACING: 0.0625
Info: NONBONDED TABLE SIZE: 769 POINTS
Info: INCONSISTENCY IN FAST TABLE ENERGY VS FORCE: 0.000325096 AT 11.9556
Info: INCONSISTENCY IN SCOR TABLE ENERGY VS FORCE: 0.000324844 AT 11.9556
Info: INCONSISTENCY IN VDWA TABLE ENERGY VS FORCE: 0.0040507 AT 0.251946
Info: INCONSISTENCY IN VDWB TABLE ENERGY VS FORCE: 0.00150189 AT 0.251946
Info: Startup phase 2 took 0.0113432 s, 0 MB of memory in use
Info: Startup phase 3 took 8.7945e-05 s, 0 MB of memory in use
Info: Startup phase 4 took 0.000294595 s, 0 MB of memory in use
Info: Startup phase 5 took 6.6876e-05 s, 0 MB of memory in use
Info: PATCH GRID IS 3 (PERIODIC) BY 3 (PERIODIC) BY 3 (PERIODIC)
Info: PATCH GRID IS 1-AWAY BY 1-AWAY BY 1-AWAY
Info: Reading from binary file ../output/step4_equilibration.vel
Info: REMOVING COM VELOCITY 0.0102651 -0.01707 0.00842024
Info: LARGEST PATCH (13) HAS 1316 ATOMS
Info: TORUS A SIZE 1 USING 0
Info: TORUS B SIZE 1 USING 0
Info: TORUS C SIZE 1 USING 0
Info: TORUS MINIMAL MESH SIZE IS 1 BY 1 BY 1
Info: Placed 100% of base nodes on same physical node as patch
Info: Startup phase 6 took 0.0120504 s, 0 MB of memory in use
Info: Use 3D box decompostion in PME FFT.
Info: PME using 1 x 1 x 1 pencil grid for FFT and reciprocal sum.
Info: Startup phase 7 took 0.000233069 s, 0 MB of memory in use
Info: Updated CUDA force table with 4096 elements.
Info: Updated CUDA LJ table with 751 x 751 elements.
Info: Startup phase 8 took 0.00574364 s, 0 MB of memory in use
Info: Startup phase 9 took 8.996e-05 s, 0 MB of memory in use
Info: Startup phase 10 took 5.8791e-05 s, 0 MB of memory in use
Info: Startup phase 11 took 0.00727539 s, 0 MB of memory in use
LDB: Central LB being created...
Info: Startup phase 12 took 0.00215595 s, 0 MB of memory in use
Info: CREATING 663 COMPUTE OBJECTS
Info: Found 268 unique exclusion lists needing 4316 bytes
Info: useSync: 0 useProxySync: 0
Info: Startup phase 13 took 0.0225796 s, 0 MB of memory in use
Info: Startup phase 14 took 7.6314e-05 s, 0 MB of memory in use
Info: Startup phase 15 took 2.7251e-05 s, 0 MB of memory in use
Info: Finished startup at 1.00712 s, 0 MB of memory in use

TCL: Original numsteps 500000 will be ignored.
TCL: Running for 500000 steps
ETITLE:      TS           BOND          ANGLE          DIHED          IMPRP               ELECT            VDW       BOUNDARY           MISC        KINETIC               TOTAL           TEMP      POTENTIAL       TOTALAVG        TEMPAVG            PRESSURE      GPRESSURE         VOLUME       PRESSAVG      GPRESSAVG

ENERGY:       0       393.7845      1151.3864      1140.5717        75.7877        -111381.5648      9211.0936         0.0000         0.0000     18671.3312         -80737.6098       303.5372    -99408.9410    -80737.6098       303.5372          -1002.7072     -1000.5922    328509.0000     -1002.7072     -1000.5922

Info: Initial time: 12 CPUs 0.00119199 s/step 144.968 ns/day 0 MB memory
Info: Initial time: 12 CPUs 0.00116769 s/step 147.985 ns/day 0 MB memory
Info: Initial time: 12 CPUs 0.00117831 s/step 146.651 ns/day 0 MB memory
Info: Benchmark time: 12 CPUs 0.00117559 s/step 146.99 ns/day 0 MB memory
Info: Benchmark time: 12 CPUs 0.00116778 s/step 147.973 ns/day 0 MB memory
Info: Benchmark time: 12 CPUs 0.00115975 s/step 148.998 ns/day 0 MB memory
Info: Benchmark time: 12 CPUs 0.00115349 s/step 149.806 ns/day 0 MB memory
Info: Benchmark time: 12 CPUs 0.00120612 s/step 143.27 ns/day 0 MB memory
Info: Benchmark time: 12 CPUs 0.00116177 s/step 148.739 ns/day 0 MB memory
TIMING: 5000  CPU: 5.79831, 0.00115287/step  Wall: 5.88133, 0.00116615/step, 148.18 ns/days, 0.160345 hours remaining, 0.000000 MB of memory in use.
PERFORMANCE: 5000  averaging 148.18 ns/day, 0.00116615 sec/step with standard deviation 0
ENERGY:    5000       439.4164      1178.8802      1123.7362        69.5138        -113932.2726      9920.5401         0.0000         0.0000     18651.5286         -82548.6573       303.2152   -101200.1859    -81643.1336       303.3762             95.2882        91.9067    300879.0949      -453.7095      -454.3428

WRITING EXTENDED SYSTEM TO RESTART FILE AT STEP 5000
WRITING COORDINATES TO RESTART FILE AT STEP 5000
FINISHED WRITING RESTART COORDINATES
The last position output (seq=5000) takes 0.007 seconds, 0.000 MB of memory in use
WRITING VELOCITIES TO RESTART FILE AT STEP 5000
FINISHED WRITING RESTART VELOCITIES
The last velocity output (seq=5000) takes 0.006 seconds, 0.000 MB of memory in use
TIMING: 10000  CPU: 11.5453, 0.00114941/step  Wall: 11.6752, 0.00115878/step, 149.123 ns/days, 0.157722 hours remaining, 0.000000 MB of memory in use.
PERFORMANCE: 10000  averaging 148.65 ns/day, 0.00116246 sec/step with standard deviation 5.21182e-06
ENERGY:   10000       439.7068      1135.9091      1138.1087        64.0868        -113895.8081      9618.1293         0.0000         0.0000     18637.7947         -82862.0727       302.9920   -101499.8674    -82049.4466       303.2481           -282.7926      -286.5091    301673.9619      -396.7372      -398.3982

WRITING EXTENDED SYSTEM TO RESTART FILE AT STEP 10000
WRITING COORDINATES TO RESTART FILE AT STEP 10000
FINISHED WRITING RESTART COORDINATES
The last position output (seq=10000) takes 0.007 seconds, 0.000 MB of memory in use
WRITING VELOCITIES TO RESTART FILE AT STEP 10000
FINISHED WRITING RESTART VELOCITIES
The last velocity output (seq=10000) takes 0.007 seconds, 0.000 MB of memory in use
TIMING: 15000  CPU: 17.3641, 0.00116376/step  Wall: 17.5365, 0.00117226/step, 147.407 ns/days, 0.15793 hours remaining, 0.000000 MB of memory in use.
PERFORMANCE: 15000  averaging 148.233 ns/day, 0.00116573 sec/step with standard deviation 6.75334e-06
ENERGY:   15000       442.5685      1144.1832      1119.2474        64.0812        -114062.2716      9686.5441         0.0000         0.0000     18668.0783         -82937.5689       303.4843   -101605.6472    -82271.4772       303.3072            -72.8107       -73.6687    300903.7694      -315.7556      -317.2158

WRITING EXTENDED SYSTEM TO RESTART FILE AT STEP 15000
WRITING COORDINATES TO RESTART FILE AT STEP 15000
FINISHED WRITING RESTART COORDINATES
The last position output (seq=15000) takes 0.008 seconds, 0.000 MB of memory in use
WRITING VELOCITIES TO RESTART FILE AT STEP 15000
FINISHED WRITING RESTART VELOCITIES
The last velocity output (seq=15000) takes 0.009 seconds, 0.000 MB of memory in use
TIMING: 20000  CPU: 23.1734, 0.00116186/step  Wall: 23.4235, 0.00117739/step, 146.765 ns/days, 0.156986 hours remaining, 0.000000 MB of memory in use.
PERFORMANCE: 20000  averaging 147.863 ns/day, 0.00116865 sec/step with standard deviation 8.02659e-06
ENERGY:   20000       431.4180      1151.7790      1116.0585        80.8018        -114071.0753      9602.4337         0.0000         0.0000     18646.8565         -83041.7278       303.1393   -101688.5843    -82425.5273       303.2736           -198.4982      -201.9599    300640.2120      -292.3041      -294.1647

WRITING EXTENDED SYSTEM TO RESTART FILE AT STEP 20000
WRITING COORDINATES TO RESTART FILE AT STEP 20000
FINISHED WRITING RESTART COORDINATES
The last position output (seq=20000) takes 0.009 seconds, 0.000 MB of memory in use
WRITING VELOCITIES TO RESTART FILE AT STEP 20000
FINISHED WRITING RESTART VELOCITIES
The last velocity output (seq=20000) takes 0.008 seconds, 0.000 MB of memory in use
TIMING: 25000  CPU: 28.933, 0.00115191/step  Wall: 29.2313, 0.00116156/step, 148.765 ns/days, 0.153261 hours remaining, 0.000000 MB of memory in use.
PERFORMANCE: 25000  averaging 148.043 ns/day, 0.00116723 sec/step with standard deviation 7.63949e-06
ENERGY:   25000       422.6902      1118.2885      1127.3189        64.0787        -114468.5367     10029.0725         0.0000         0.0000     18631.9512         -83075.1366       302.8970   -101707.0879    -82533.7955       303.2108            218.7254       220.2181    300430.1886      -207.1325      -208.4342

WRITING EXTENDED SYSTEM TO RESTART FILE AT STEP 25000
WRITING COORDINATES TO RESTART FILE AT STEP 25000
FINISHED WRITING RESTART COORDINATES
The last position output (seq=25000) takes 0.011 seconds, 0.000 MB of memory in use
WRITING VELOCITIES TO RESTART FILE AT STEP 25000
FINISHED WRITING RESTART VELOCITIES
The last velocity output (seq=25000) takes 0.009 seconds, 0.000 MB of memory in use
TIMING: 30000  CPU: 34.691, 0.0011516/step  Wall: 35.0685, 0.00116744/step, 148.017 ns/days, 0.152415 hours remaining, 0.000000 MB of memory in use.
PERFORMANCE: 30000  averaging 148.039 ns/day, 0.00116726 sec/step with standard deviation 6.83348e-06
ENERGY:   30000       431.7633      1116.7597      1105.7025        78.4024        -113811.5896      9682.5390         0.0000         0.0000     18641.3716         -82755.0511       303.0501   -101396.4227    -82565.4035       303.1879           -168.6590      -163.1101    301855.8186      -201.6363      -201.9593

WRITING EXTENDED SYSTEM TO RESTART FILE AT STEP 30000
WRITING COORDINATES TO RESTART FILE AT STEP 30000
FINISHED WRITING RESTART COORDINATES
The last position output (seq=30000) takes 0.009 seconds, 0.000 MB of memory in use
WRITING VELOCITIES TO RESTART FILE AT STEP 30000
FINISHED WRITING RESTART VELOCITIES
TIMING: 35000  CPU: 40.4653, 0.00115487/step  Wall: 40.8962, 0.00116555/step, 148.256 ns/days, 0.15055 hours remaining, 0.000000 MB of memory in use.
PERFORMANCE: 35000  averaging 148.07 ns/day, 0.00116702 sec/step with standard deviation 6.27167e-06
ENERGY:   35000       447.4995      1109.9276      1122.5784        73.0835        -114081.1703      9774.1355         0.0000         0.0000     18631.3864         -82922.5595       302.8878   -101553.9458    -82610.0480       303.1504             46.1137        46.1053    301157.0477      -170.6675      -170.9512

WRITING EXTENDED SYSTEM TO RESTART FILE AT STEP 35000
WRITING COORDINATES TO RESTART FILE AT STEP 35000
FINISHED WRITING RESTART COORDINATES
The last position output (seq=35000) takes 0.008 seconds, 0.000 MB of memory in use
WRITING VELOCITIES TO RESTART FILE AT STEP 35000
FINISHED WRITING RESTART VELOCITIES
TIMING: 40000  CPU: 46.2605, 0.00115904/step  Wall: 46.7426, 0.00116928/step, 147.783 ns/days, 0.149408 hours remaining, 0.000000 MB of memory in use.
PERFORMANCE: 40000  averaging 148.034 ns/day, 0.0011673 sec/step with standard deviation 5.86122e-06
ENERGY:   40000       402.8719      1145.6910      1107.5043        74.2868        -114073.3619      9887.5085         0.0000         0.0000     18706.9238         -82748.5756       304.1158   -101455.4994    -82625.4399       303.2576            189.0072       191.4988    299704.7384      -130.7037      -130.6790

WRITING EXTENDED SYSTEM TO RESTART FILE AT STEP 40000
WRITING COORDINATES TO RESTART FILE AT STEP 40000
FINISHED WRITING RESTART COORDINATES
The last position output (seq=40000) takes 0.009 seconds, 0.000 MB of memory in use
WRITING VELOCITIES TO RESTART FILE AT STEP 40000
FINISHED WRITING RESTART VELOCITIES
TIMING: 45000  CPU: 52.0179, 0.00115149/step  Wall: 52.5766, 0.00116679/step, 148.098 ns/days, 0.14747 hours remaining, 0.000000 MB of memory in use.
PERFORMANCE: 45000  averaging 148.041 ns/day, 0.00116724 sec/step with standard deviation 5.48527e-06
ENERGY:   45000       448.6150      1146.2008      1105.1936        67.5009        -113609.7054      9579.0530         0.0000         0.0000     18593.3431         -82669.7990       302.2693   -101263.1421    -82629.8758       303.1588           -226.6090      -227.1332    301406.2736      -140.2942      -140.3244

WRITING EXTENDED SYSTEM TO RESTART FILE AT STEP 45000
WRITING COORDINATES TO RESTART FILE AT STEP 45000
FINISHED WRITING RESTART COORDINATES
The last position output (seq=45000) takes 0.011 seconds, 0.000 MB of memory in use
WRITING VELOCITIES TO RESTART FILE AT STEP 45000
FINISHED WRITING RESTART VELOCITIES
TIMING: 50000  CPU: 58.74, 0.00134442/step  Wall: 59.3476, 0.00135421/step, 127.602 ns/days, 0.169276 hours remaining, 0.000000 MB of memory in use.
PERFORMANCE: 50000  averaging 145.707 ns/day, 0.00118594 sec/step with standard deviation 5.93495e-05
ETITLE:      TS           BOND          ANGLE          DIHED          IMPRP               ELECT            VDW       BOUNDARY           MISC        KINETIC               TOTAL           TEMP      POTENTIAL       TOTALAVG        TEMPAVG            PRESSURE      GPRESSURE         VOLUME       PRESSAVG      GPRESSAVG

ENERGY:   50000       430.8297      1112.2541      1135.6321        68.9893        -114280.1546      9804.1801         0.0000         0.0000     18619.4352         -83108.8340       302.6935   -101728.2693    -82673.4175       303.1165            110.9443       114.8294    300123.1100      -117.4543      -117.1286

WRITING EXTENDED SYSTEM TO RESTART FILE AT STEP 50000
WRITING COORDINATES TO RESTART FILE AT STEP 50000
FINISHED WRITING RESTART COORDINATES
The last position output (seq=50000) takes 0.008 seconds, 0.000 MB of memory in use
WRITING VELOCITIES TO RESTART FILE AT STEP 50000
FINISHED WRITING RESTART VELOCITIES
TIMING: 55000  CPU: 64.4952, 0.00115104/step  Wall: 65.1649, 0.00116345/step, 148.524 ns/days, 0.143815 hours remaining, 0.000000 MB of memory in use.
PERFORMANCE: 55000  averaging 145.959 ns/day, 0.0011839 sec/step with standard deviation 5.67108e-05
ENERGY:   55000       404.0866      1122.3401      1135.7879        70.4086        -114097.9863      9675.3571         0.0000         0.0000     18482.6966         -83207.3094       300.4706   -101690.0061    -82717.9085       302.8960             39.0118        34.1604    299130.0736      -104.4155      -104.5212

WRITING EXTENDED SYSTEM TO RESTART FILE AT STEP 55000
WRITING COORDINATES TO RESTART FILE AT STEP 55000
FINISHED WRITING RESTART COORDINATES
WRITING VELOCITIES TO RESTART FILE AT STEP 55000
FINISHED WRITING RESTART VELOCITIES
TIMING: 60000  CPU: 70.2866, 0.00115828/step  Wall: 71.0077, 0.00116857/step, 147.874 ns/days, 0.142825 hours remaining, 0.000000 MB of memory in use.
PERFORMANCE: 60000  averaging 146.116 ns/day, 0.00118262 sec/step with standard deviation 5.42524e-05
ENERGY:   60000       446.6574      1151.7285      1136.2573        68.5637        -114248.5887      9843.0751         0.0000         0.0000     18772.4189         -82829.8878       305.1805   -101602.3067    -82726.5223       303.0717           -172.0444      -175.2417    301295.5570      -109.6177      -109.9613

WRITING EXTENDED SYSTEM TO RESTART FILE AT STEP 60000
WRITING COORDINATES TO RESTART FILE AT STEP 60000
FINISHED WRITING RESTART COORDINATES
WRITING VELOCITIES TO RESTART FILE AT STEP 60000
FINISHED WRITING RESTART VELOCITIES
TIMING: 65000  CPU: 76.062, 0.00115509/step  Wall: 76.8295, 0.00116435/step, 148.409 ns/days, 0.140692 hours remaining, 0.000000 MB of memory in use.
PERFORMANCE: 65000  averaging 146.29 ns/day, 0.00118121 sec/step with standard deviation 5.21893e-05
ENERGY:   65000       428.6108      1173.3810      1108.5513        76.6223        -114579.3805      9942.1885         0.0000         0.0000     18696.5026         -83153.5240       303.9464   -101850.0265    -82757.0224       303.1342             52.8180        56.3341    299819.2652       -98.0152       -98.0830

WRITING EXTENDED SYSTEM TO RESTART FILE AT STEP 65000
WRITING COORDINATES TO RESTART FILE AT STEP 65000
FINISHED WRITING RESTART COORDINATES
WRITING VELOCITIES TO RESTART FILE AT STEP 65000
FINISHED WRITING RESTART VELOCITIES
TIMING: 70000  CPU: 81.8105, 0.00114969/step  Wall: 82.6557, 0.00116525/step, 148.294 ns/days, 0.139183 hours remaining, 0.000000 MB of memory in use.
PERFORMANCE: 70000  averaging 146.432 ns/day, 0.00118007 sec/step with standard deviation 5.03231e-05
ENERGY:   70000       412.1985      1106.3327      1119.6897        73.8313        -114149.7963      9825.7751         0.0000         0.0000     18499.8022         -83112.1668       300.7486   -101611.9690    -82780.6987       302.9752             62.7959        64.1596    300754.6388       -87.2944       -87.2668

WRITING EXTENDED SYSTEM TO RESTART FILE AT STEP 70000
WRITING COORDINATES TO RESTART FILE AT STEP 70000
FINISHED WRITING RESTART COORDINATES
WRITING VELOCITIES TO RESTART FILE AT STEP 70000
FINISHED WRITING RESTART VELOCITIES
TIMING: 75000  CPU: 88.1676, 0.00127143/step  Wall: 89.0587, 0.0012806/step, 134.937 ns/days, 0.151182 hours remaining, 0.000000 MB of memory in use.
PERFORMANCE: 75000  averaging 145.605 ns/day, 0.00118677 sec/step with standard deviation 5.50023e-05
ENERGY:   75000       419.8377      1180.7319      1123.1706        75.0019        -114351.2727     10028.5948         0.0000         0.0000     18572.2120         -82951.7238       301.9258   -101523.9358    -82791.3878       302.9096            171.2924       173.6958    299962.2372       -71.1328       -70.9567

WRITING EXTENDED SYSTEM TO RESTART FILE AT STEP 75000
WRITING COORDINATES TO RESTART FILE AT STEP 75000
FINISHED WRITING RESTART COORDINATES
WRITING VELOCITIES TO RESTART FILE AT STEP 75000
FINISHED WRITING RESTART VELOCITIES
TIMING: 80000  CPU: 93.9288, 0.00115223/step  Wall: 94.8935, 0.00116695/step, 148.078 ns/days, 0.136144 hours remaining, 0.000000 MB of memory in use.
PERFORMANCE: 80000  averaging 145.757 ns/day, 0.00118554 sec/step with standard deviation 5.33679e-05
ENERGY:   80000       467.0785      1100.2858      1123.2802        76.3272        -113914.5485      9676.2108         0.0000         0.0000     18496.3207         -82975.0454       300.6920   -101471.3660    -82802.1911       302.7791           -299.9391      -298.9265    301365.5979       -84.5920       -84.3667

WRITING EXTENDED SYSTEM TO RESTART FILE AT STEP 80000
WRITING COORDINATES TO RESTART FILE AT STEP 80000
FINISHED WRITING RESTART COORDINATES
WRITING VELOCITIES TO RESTART FILE AT STEP 80000
FINISHED WRITING RESTART VELOCITIES
TIMING: 85000  CPU: 100.011, 0.00121638/step  Wall: 101.043, 0.00122992/step, 140.497 ns/days, 0.141782 hours remaining, 0.000000 MB of memory in use.
PERFORMANCE: 85000  averaging 145.437 ns/day, 0.00118815 sec/step with standard deviation 5.27826e-05
ENERGY:   85000       428.6257      1122.4688      1095.8930        62.7646        -114312.5040      9833.2127         0.0000         0.0000     18654.1648         -83115.3744       303.2581   -101769.5392    -82819.5902       302.8058              6.4668         8.9613    299939.8535       -79.5331       -79.1818

WRITING EXTENDED SYSTEM TO RESTART FILE AT STEP 85000
WRITING COORDINATES TO RESTART FILE AT STEP 85000
FINISHED WRITING RESTART COORDINATES
WRITING VELOCITIES TO RESTART FILE AT STEP 85000
FINISHED WRITING RESTART VELOCITIES
TIMING: 90000  CPU: 105.779, 0.00115362/step  Wall: 106.888, 0.00116895/step, 147.824 ns/days, 0.133131 hours remaining, 0.000000 MB of memory in use.
PERFORMANCE: 90000  averaging 145.567 ns/day, 0.00118708 sec/step with standard deviation 5.1406e-05
ENERGY:   90000       442.7280      1158.5173      1121.2973        69.0887        -114186.9007      9768.9610         0.0000         0.0000     18619.1274         -83007.1811       302.6885   -101626.3085    -82829.4634       302.7996           -208.8440      -207.6427    301715.1219       -86.3390       -85.9429

WRITING EXTENDED SYSTEM TO RESTART FILE AT STEP 90000
WRITING COORDINATES TO RESTART FILE AT STEP 90000
FINISHED WRITING RESTART COORDINATES
WRITING VELOCITIES TO RESTART FILE AT STEP 90000
FINISHED WRITING RESTART VELOCITIES
TIMING: 95000  CPU: 111.512, 0.00114657/step  Wall: 112.699, 0.00116231/step, 148.67 ns/days, 0.13076 hours remaining, 0.000000 MB of memory in use.
PERFORMANCE: 95000  averaging 145.727 ns/day, 0.00118578 sec/step with standard deviation 5.02799e-05
ENERGY:   95000       461.1870      1134.4442      1131.0142        68.8602        -113864.2986      9831.6577         0.0000         0.0000     18610.9514         -82626.1840       302.5556   -101237.1353    -82819.2995       302.7874             44.1333        47.1355    301647.2481       -79.8154       -79.2890

WRITING EXTENDED SYSTEM TO RESTART FILE AT STEP 95000
WRITING COORDINATES TO RESTART FILE AT STEP 95000
FINISHED WRITING RESTART COORDINATES
WRITING VELOCITIES TO RESTART FILE AT STEP 95000
FINISHED WRITING RESTART VELOCITIES
TIMING: 100000  CPU: 117.374, 0.00117254/step  Wall: 118.608, 0.00118166/step, 146.235 ns/days, 0.131295 hours remaining, 0.000000 MB of memory in use.
PERFORMANCE: 100000  averaging 145.753 ns/day, 0.00118557 sec/step with standard deviation 4.89475e-05
ETITLE:      TS           BOND          ANGLE          DIHED          IMPRP               ELECT            VDW       BOUNDARY           MISC        KINETIC               TOTAL           TEMP      POTENTIAL       TOTALAVG        TEMPAVG            PRESSURE      GPRESSURE         VOLUME       PRESSAVG      GPRESSAVG

ENERGY:  100000       394.7534      1165.1728      1123.2174        77.5421        -113627.3752      9554.4758         0.0000         0.0000     18558.9598         -82753.2538       301.7104   -101312.2136    -82920.0816       302.6960            -77.2135       -76.8864    301074.5426       -33.5407       -33.1037

WRITING EXTENDED SYSTEM TO RESTART FILE AT STEP 100000
WRITING COORDINATES TO RESTART FILE AT STEP 100000
FINISHED WRITING RESTART COORDINATES
WRITING VELOCITIES TO RESTART FILE AT STEP 100000
FINISHED WRITING RESTART VELOCITIES
TIMING: 105000  CPU: 123.057, 0.00113661/step  Wall: 124.361, 0.00115071/step, 150.169 ns/days, 0.126258 hours remaining, 0.000000 MB of memory in use.
PERFORMANCE: 105000  averaging 145.957 ns/day, 0.00118391 sec/step with standard deviation 4.8311e-05
ENERGY:  105000       440.8482      1107.6913      1098.4896        71.3869        -114277.1069      9798.0190         0.0000         0.0000     18734.8278         -83025.8440       304.5694   -101760.6719    -82943.9410       302.7637            110.2636       107.1787    298794.8440       -32.7919       -32.3401

WRITING EXTENDED SYSTEM TO RESTART FILE AT STEP 105000
WRITING COORDINATES TO RESTART FILE AT STEP 105000
FINISHED WRITING RESTART COORDINATES
WRITING VELOCITIES TO RESTART FILE AT STEP 105000
FINISHED WRITING RESTART VELOCITIES
TIMING: 110000  CPU: 129.174, 0.00122326/step  Wall: 130.521, 0.00123191/step, 140.269 ns/days, 0.133457 hours remaining, 0.000000 MB of memory in use.
PERFORMANCE: 110000  averaging 145.688 ns/day, 0.00118609 sec/step with standard deviation 4.82447e-05
ENERGY:  110000       432.8548      1145.9279      1105.0217        81.5362        -114270.9430      9703.8134         0.0000         0.0000     18483.7772         -83318.0118       300.4881   -101801.7890    -82966.7379       302.6386            -29.3741       -27.5307    300018.9709       -20.1210       -19.3912

WRITING EXTENDED SYSTEM TO RESTART FILE AT STEP 110000
WRITING COORDINATES TO RESTART FILE AT STEP 110000
FINISHED WRITING RESTART COORDINATES
WRITING VELOCITIES TO RESTART FILE AT STEP 110000
FINISHED WRITING RESTART VELOCITIES
TIMING: 115000  CPU: 134.921, 0.00114948/step  Wall: 136.307, 0.00115725/step, 149.32 ns/days, 0.123761 hours remaining, 0.000000 MB of memory in use.
PERFORMANCE: 115000  averaging 145.843 ns/day, 0.00118484 sec/step with standard deviation 4.75177e-05
ENERGY:  115000       447.5134      1179.6712      1125.5529        62.7934        -114016.0642      9637.6581         0.0000         0.0000     18593.5931         -82969.2822       302.2734   -101562.8753    -82968.3236       302.5780            -49.0667       -51.8820    299912.9778       -18.9338       -18.3018

WRITING EXTENDED SYSTEM TO RESTART FILE AT STEP 115000
WRITING COORDINATES TO RESTART FILE AT STEP 115000
FINISHED WRITING RESTART COORDINATES
WRITING VELOCITIES TO RESTART FILE AT STEP 115000
FINISHED WRITING RESTART VELOCITIES
TIMING: 120000  CPU: 140.672, 0.00115026/step  Wall: 142.12, 0.0011625/step, 148.645 ns/days, 0.122708 hours remaining, 0.000000 MB of memory in use.
PERFORMANCE: 120000  averaging 145.957 ns/day, 0.00118391 sec/step with standard deviation 4.66964e-05
ENERGY:  120000       415.3449      1097.2130      1142.9288        77.5939        -114003.6702      9661.6929         0.0000         0.0000     18506.4562         -83102.4405       300.8568   -101608.8967    -82971.3592       302.4639           -127.3605      -129.1212    300750.0213       -15.3769       -14.6599

WRITING EXTENDED SYSTEM TO RESTART FILE AT STEP 120000
WRITING COORDINATES TO RESTART FILE AT STEP 120000
FINISHED WRITING RESTART COORDINATES
WRITING VELOCITIES TO RESTART FILE AT STEP 120000
FINISHED WRITING RESTART VELOCITIES
TIMING: 125000  CPU: 146.699, 0.00120525/step  Wall: 148.191, 0.00121437/step, 142.296 ns/days, 0.126497 hours remaining, 0.000000 MB of memory in use.
PERFORMANCE: 125000  averaging 145.807 ns/day, 0.00118513 sec/step with standard deviation 4.61174e-05
ENERGY:  125000       419.7237      1107.2034      1123.3866        70.2722        -113712.6047      9716.8608         0.0000         0.0000     18656.2202         -82618.9378       303.2915   -101275.1580    -82948.5493       302.4836            170.6217       170.2922    300527.9443       -17.7821       -17.1562

WRITING EXTENDED SYSTEM TO RESTART FILE AT STEP 125000
WRITING COORDINATES TO RESTART FILE AT STEP 125000
FINISHED WRITING RESTART COORDINATES
WRITING VELOCITIES TO RESTART FILE AT STEP 125000
FINISHED WRITING RESTART VELOCITIES
TIMING: 130000  CPU: 152.42, 0.00114435/step  Wall: 153.983, 0.00115837/step, 149.175 ns/days, 0.119055 hours remaining, 0.000000 MB of memory in use.
PERFORMANCE: 130000  averaging 145.934 ns/day, 0.0011841 sec/step with standard deviation 4.54892e-05
ENERGY:  130000       427.4946      1094.3409      1136.2197        64.7602        -114123.4150      9753.3974         0.0000         0.0000     18467.0658         -83180.1364       300.2165   -101647.2022    -82969.8036       302.3419           -209.6760      -207.4846    301001.4299       -19.8329       -19.3749

WRITING EXTENDED SYSTEM TO RESTART FILE AT STEP 130000
WRITING COORDINATES TO RESTART FILE AT STEP 130000
FINISHED WRITING RESTART COORDINATES
WRITING VELOCITIES TO RESTART FILE AT STEP 130000
FINISHED WRITING RESTART VELOCITIES
TIMING: 135000  CPU: 158.52, 0.00121984/step  Wall: 160.126, 0.00122852/step, 140.658 ns/days, 0.124558 hours remaining, 0.000000 MB of memory in use.
PERFORMANCE: 135000  averaging 145.731 ns/day, 0.00118574 sec/step with standard deviation 4.54176e-05
ENERGY:  135000       402.4580      1154.3361      1110.5507        76.9527        -114037.5309      9751.1472         0.0000         0.0000     18571.5361         -82970.5502       301.9148   -101542.0863    -82972.2031       302.2933             74.8144        77.9474    299587.5750       -18.3979       -17.7828

WRITING EXTENDED SYSTEM TO RESTART FILE AT STEP 135000
WRITING COORDINATES TO RESTART FILE AT STEP 135000
FINISHED WRITING RESTART COORDINATES
WRITING VELOCITIES TO RESTART FILE AT STEP 135000
FINISHED WRITING RESTART VELOCITIES
TIMING: 140000  CPU: 164.289, 0.00115391/step  Wall: 165.927, 0.00116023/step, 148.936 ns/days, 0.116023 hours remaining, 0.000000 MB of memory in use.
PERFORMANCE: 140000  averaging 145.844 ns/day, 0.00118483 sec/step with standard deviation 4.48286e-05
ENERGY:  140000       428.6182      1148.7716      1119.8590        70.6797        -114027.6348      9820.1835         0.0000         0.0000     18633.8376         -82805.6853       302.9276   -101439.5229    -82975.0586       302.2339             23.5264        22.5536    301496.2122       -26.6719       -26.2301

WRITING EXTENDED SYSTEM TO RESTART FILE AT STEP 140000
WRITING COORDINATES TO RESTART FILE AT STEP 140000
FINISHED WRITING RESTART COORDINATES
WRITING VELOCITIES TO RESTART FILE AT STEP 140000
FINISHED WRITING RESTART VELOCITIES
TIMING: 145000  CPU: 170.047, 0.00115167/step  Wall: 171.746, 0.00116381/step, 148.478 ns/days, 0.114764 hours remaining, 0.000000 MB of memory in use.
PERFORMANCE: 145000  averaging 145.933 ns/day, 0.00118411 sec/step with standard deviation 4.41936e-05
ENERGY:  145000       439.7316      1194.8348      1139.6320        69.9045        -113939.4126      9656.8277         0.0000         0.0000     18466.8663         -82971.6156       300.2132   -101438.4819    -82990.1494       302.1311            -75.4349       -73.3354    299517.5250       -19.1132       -18.5402

WRITING EXTENDED SYSTEM TO RESTART FILE AT STEP 145000
WRITING COORDINATES TO RESTART FILE AT STEP 145000
FINISHED WRITING RESTART COORDINATES
WRITING VELOCITIES TO RESTART FILE AT STEP 145000
FINISHED WRITING RESTART VELOCITIES
TIMING: 150000  CPU: 175.786, 0.00114777/step  Wall: 177.536, 0.00115797/step, 149.227 ns/days, 0.11258 hours remaining, 0.000000 MB of memory in use.
PERFORMANCE: 150000  averaging 146.04 ns/day, 0.00118324 sec/step with standard deviation 4.36863e-05
ETITLE:      TS           BOND          ANGLE          DIHED          IMPRP               ELECT            VDW       BOUNDARY           MISC        KINETIC               TOTAL           TEMP      POTENTIAL       TOTALAVG        TEMPAVG            PRESSURE      GPRESSURE         VOLUME       PRESSAVG      GPRESSAVG

ENERGY:  150000       423.3109      1163.9934      1125.2363        66.3066        -114100.3027      9689.5576         0.0000         0.0000     18664.3369         -82967.5608       303.4235   -101631.8977    -82983.0858       302.1676           -143.9995      -143.8217    300263.9558       -31.8604       -31.4727

WRITING EXTENDED SYSTEM TO RESTART FILE AT STEP 150000
WRITING COORDINATES TO RESTART FILE AT STEP 150000
FINISHED WRITING RESTART COORDINATES
WRITING VELOCITIES TO RESTART FILE AT STEP 150000
FINISHED WRITING RESTART VELOCITIES
TIMING: 155000  CPU: 181.504, 0.0011436/step  Wall: 183.315, 0.00115585/step, 149.501 ns/days, 0.110769 hours remaining, 0.000000 MB of memory in use.
PERFORMANCE: 155000  averaging 146.149 ns/day, 0.00118235 sec/step with standard deviation 4.32328e-05
ENERGY:  155000       421.8860      1095.8573      1119.4746        70.1038        -114483.5416      9997.9596         0.0000         0.0000     18441.6622         -83336.5981       299.8035   -101778.2604    -82989.5502       302.1342            322.3228       319.4397    298747.3904       -17.6949       -17.2088

WRITING EXTENDED SYSTEM TO RESTART FILE AT STEP 155000
WRITING COORDINATES TO RESTART FILE AT STEP 155000
FINISHED WRITING RESTART COORDINATES
WRITING VELOCITIES TO RESTART FILE AT STEP 155000
FINISHED WRITING RESTART VELOCITIES
TIMING: 160000  CPU: 188.25, 0.00134906/step  Wall: 190.14, 0.00136498/step, 126.595 ns/days, 0.128915 hours remaining, 0.000000 MB of memory in use.
PERFORMANCE: 160000  averaging 145.447 ns/day, 0.00118806 sec/step with standard deviation 5.33954e-05
ENERGY:  160000       419.7505      1137.5982      1099.6418        65.5364        -113834.8224      9655.4438         0.0000         0.0000     18620.8841         -82835.9675       302.7171   -101456.8516    -82989.8542       302.0110            -34.5591       -36.8820    300210.3216       -10.8206       -10.2908

WRITING EXTENDED SYSTEM TO RESTART FILE AT STEP 160000
WRITING COORDINATES TO RESTART FILE AT STEP 160000
FINISHED WRITING RESTART COORDINATES
WRITING VELOCITIES TO RESTART FILE AT STEP 160000
FINISHED WRITING RESTART VELOCITIES
TIMING: 165000  CPU: 194.046, 0.00115918/step  Wall: 195.981, 0.00116826/step, 147.912 ns/days, 0.108713 hours remaining, 0.000000 MB of memory in use.
PERFORMANCE: 165000  averaging 145.521 ns/day, 0.00118746 sec/step with standard deviation 5.26673e-05
ENERGY:  165000       447.0984      1112.9599      1132.9203        80.3989        -114015.6333      9705.2832         0.0000         0.0000     18760.6438         -82776.3288       304.9891   -101536.9726    -82970.9944       302.0632            104.7206       108.4322    299372.9939        -8.2255        -7.6859

WRITING EXTENDED SYSTEM TO RESTART FILE AT STEP 165000
WRITING COORDINATES TO RESTART FILE AT STEP 165000
FINISHED WRITING RESTART COORDINATES
WRITING VELOCITIES TO RESTART FILE AT STEP 165000
FINISHED WRITING RESTART VELOCITIES
TIMING: 170000  CPU: 199.83, 0.00115691/step  Wall: 201.832, 0.0011702/step, 147.667 ns/days, 0.107269 hours remaining, 0.000000 MB of memory in use.
PERFORMANCE: 170000  averaging 145.583 ns/day, 0.00118695 sec/step with standard deviation 5.19475e-05
ENERGY:  170000       437.1150      1104.6895      1117.3775        74.3680        -114415.2859      9970.9340         0.0000         0.0000     18680.8905         -83029.9113       303.6926   -101710.8018    -82966.8816       302.2104            192.4160       192.1267    300025.1288        -1.7445        -1.2875

WRITING EXTENDED SYSTEM TO RESTART FILE AT STEP 170000
WRITING COORDINATES TO RESTART FILE AT STEP 170000
FINISHED WRITING RESTART COORDINATES
WRITING VELOCITIES TO RESTART FILE AT STEP 170000
FINISHED WRITING RESTART VELOCITIES
TIMING: 175000  CPU: 205.571, 0.0011481/step  Wall: 207.624, 0.00115827/step, 149.187 ns/days, 0.104566 hours remaining, 0.000000 MB of memory in use.
PERFORMANCE: 175000  averaging 145.684 ns/day, 0.00118613 sec/step with standard deviation 5.14069e-05
ENERGY:  175000       419.1113      1099.7517      1109.3905        77.9074        -113979.9525      9672.6375         0.0000         0.0000     18628.3166         -82972.8375       302.8379   -101601.1541    -82967.9373       302.2560            -88.2573       -91.2370    300939.3176       -14.7220       -14.5341

WRITING EXTENDED SYSTEM TO RESTART FILE AT STEP 175000
WRITING COORDINATES TO RESTART FILE AT STEP 175000
FINISHED WRITING RESTART COORDINATES
WRITING VELOCITIES TO RESTART FILE AT STEP 175000
FINISHED WRITING RESTART VELOCITIES
TIMING: 180000  CPU: 211.324, 0.00115074/step  Wall: 213.42, 0.00115929/step, 149.056 ns/days, 0.103048 hours remaining, 0.000000 MB of memory in use.
PERFORMANCE: 180000  averaging 145.775 ns/day, 0.00118539 sec/step with standard deviation 5.08643e-05
ENERGY:  180000       408.9716      1130.0461      1125.6031        66.5514        -113854.1723      9648.8958         0.0000         0.0000     18582.8252         -82891.2791       302.0983   -101474.1043    -82963.7490       302.3263           -107.1785      -107.0319    299704.2084        -5.0839        -4.9394

WRITING EXTENDED SYSTEM TO RESTART FILE AT STEP 180000
WRITING COORDINATES TO RESTART FILE AT STEP 180000
FINISHED WRITING RESTART COORDINATES
WRITING VELOCITIES TO RESTART FILE AT STEP 180000
FINISHED WRITING RESTART VELOCITIES
TIMING: 185000  CPU: 217.058, 0.00114678/step  Wall: 219.227, 0.00116135/step, 148.792 ns/days, 0.101619 hours remaining, 0.000000 MB of memory in use.
PERFORMANCE: 185000  averaging 145.855 ns/day, 0.00118474 sec/step with standard deviation 5.03082e-05
ENERGY:  185000       436.6147      1099.8760      1109.8776        75.3911        -113931.2187      9715.5874         0.0000         0.0000     18393.5222         -83100.3497       299.0209   -101493.8718    -82962.9978       302.1144           -112.8574      -115.9883    300959.2276       -11.0501       -11.1869

WRITING EXTENDED SYSTEM TO RESTART FILE AT STEP 185000
WRITING COORDINATES TO RESTART FILE AT STEP 185000
FINISHED WRITING RESTART COORDINATES
WRITING VELOCITIES TO RESTART FILE AT STEP 185000
FINISHED WRITING RESTART VELOCITIES
TIMING: 190000  CPU: 222.799, 0.00114821/step  Wall: 225.012, 0.00115699/step, 149.353 ns/days, 0.0996297 hours remaining, 0.000000 MB of memory in use.
PERFORMANCE: 190000  averaging 145.945 ns/day, 0.00118401 sec/step with standard deviation 4.98275e-05
ENERGY:  190000       435.2858      1121.5292      1092.9534        84.3779        -114496.0916      9990.7977         0.0000         0.0000     18685.7992         -83085.3484       303.7724   -101771.1476    -82966.9061       302.1686            248.9397       248.8478    300033.6897        11.8390        11.6376

WRITING EXTENDED SYSTEM TO RESTART FILE AT STEP 190000
WRITING COORDINATES TO RESTART FILE AT STEP 190000
FINISHED WRITING RESTART COORDINATES
WRITING VELOCITIES TO RESTART FILE AT STEP 190000
FINISHED WRITING RESTART VELOCITIES
TIMING: 195000  CPU: 228.542, 0.0011486/step  Wall: 230.809, 0.00115942/step, 149.04 ns/days, 0.0982283 hours remaining, 0.000000 MB of memory in use.
PERFORMANCE: 195000  averaging 146.023 ns/day, 0.00118338 sec/step with standard deviation 4.93249e-05
ENERGY:  195000       426.7894      1158.0661      1126.8532        72.8316        -114236.7677      9809.0396         0.0000         0.0000     18717.1854         -82926.0023       304.2826   -101643.1878    -82981.8971       302.2550             43.2950        43.0162    300640.9644        11.7971        11.4317

WRITING EXTENDED SYSTEM TO RESTART FILE AT STEP 195000
WRITING COORDINATES TO RESTART FILE AT STEP 195000
FINISHED WRITING RESTART COORDINATES
WRITING VELOCITIES TO RESTART FILE AT STEP 195000
FINISHED WRITING RESTART VELOCITIES
TIMING: 200000  CPU: 234.331, 0.0011577/step  Wall: 236.632, 0.00116469/step, 148.365 ns/days, 0.0970576 hours remaining, 0.000000 MB of memory in use.
PERFORMANCE: 200000  averaging 146.081 ns/day, 0.00118291 sec/step with standard deviation 4.8778e-05
ETITLE:      TS           BOND          ANGLE          DIHED          IMPRP               ELECT            VDW       BOUNDARY           MISC        KINETIC               TOTAL           TEMP      POTENTIAL       TOTALAVG        TEMPAVG            PRESSURE      GPRESSURE         VOLUME       PRESSAVG      GPRESSAVG

ENERGY:  200000       423.0630      1121.8186      1135.8432        76.1200        -114165.1950      9843.9295         0.0000         0.0000     18536.1118         -83028.3089       301.3389   -101564.4206    -82995.6498       302.2364           -158.2660      -156.6833    301720.3769         7.7445         7.4418

WRITING EXTENDED SYSTEM TO RESTART FILE AT STEP 200000
WRITING COORDINATES TO RESTART FILE AT STEP 200000
FINISHED WRITING RESTART COORDINATES
WRITING VELOCITIES TO RESTART FILE AT STEP 200000
FINISHED WRITING RESTART VELOCITIES
TIMING: 205000  CPU: 240.076, 0.00114903/step  Wall: 242.431, 0.00115974/step, 148.998 ns/days, 0.0950345 hours remaining, 0.000000 MB of memory in use.
PERFORMANCE: 205000  averaging 146.15 ns/day, 0.00118234 sec/step with standard deviation 4.83001e-05
ENERGY:  205000       473.4757      1136.4140      1151.5187        82.8114        -114015.7969      9762.9593         0.0000         0.0000     18568.1169         -82840.5009       301.8592   -101408.6178    -82986.3827       302.1009           -129.4539      -127.1966    301990.5612        -4.2414        -4.2769

WRITING EXTENDED SYSTEM TO RESTART FILE AT STEP 205000
WRITING COORDINATES TO RESTART FILE AT STEP 205000
FINISHED WRITING RESTART COORDINATES
WRITING VELOCITIES TO RESTART FILE AT STEP 205000
FINISHED WRITING RESTART VELOCITIES
TIMING: 210000  CPU: 245.835, 0.00115181/step  Wall: 248.256, 0.00116503/step, 148.322 ns/days, 0.0938497 hours remaining, 0.000000 MB of memory in use.
PERFORMANCE: 210000  averaging 146.201 ns/day, 0.00118193 sec/step with standard deviation 4.77821e-05
ENERGY:  210000       425.8252      1161.4821      1133.0330        79.3092        -114006.3516      9565.6828         0.0000         0.0000     18538.7386         -83102.2807       301.3816   -101641.0192    -82975.5961       302.1456           -350.5140      -348.6459    301257.6321       -20.2984       -20.3327

WRITING EXTENDED SYSTEM TO RESTART FILE AT STEP 210000
WRITING COORDINATES TO RESTART FILE AT STEP 210000
FINISHED WRITING RESTART COORDINATES
WRITING VELOCITIES TO RESTART FILE AT STEP 210000
FINISHED WRITING RESTART VELOCITIES
TIMING: 215000  CPU: 251.553, 0.0011435/step  Wall: 254.024, 0.00115347/step, 149.809 ns/days, 0.0913161 hours remaining, 0.000000 MB of memory in use.
PERFORMANCE: 215000  averaging 146.283 ns/day, 0.00118127 sec/step with standard deviation 4.7409e-05
ENERGY:  215000       431.1799      1090.0350      1120.6404        63.1227        -114241.9220      9894.9044         0.0000         0.0000     18550.8012         -83091.2384       301.5777   -101642.0397    -82981.6939       302.1108            192.9488       193.6117    299379.3362        -8.1976        -8.0580

WRITING EXTENDED SYSTEM TO RESTART FILE AT STEP 215000
WRITING COORDINATES TO RESTART FILE AT STEP 215000
FINISHED WRITING RESTART COORDINATES
WRITING VELOCITIES TO RESTART FILE AT STEP 215000
FINISHED WRITING RESTART VELOCITIES
TIMING: 220000  CPU: 257.297, 0.00114884/step  Wall: 259.844, 0.00116415/step, 148.434 ns/days, 0.0905452 hours remaining, 0.000000 MB of memory in use.
PERFORMANCE: 220000  averaging 146.331 ns/day, 0.00118088 sec/step with standard deviation 4.69255e-05
ENERGY:  220000       416.9487      1151.6699      1105.2840        73.2055        -113900.2246      9704.8925         0.0000         0.0000     18519.6506         -82928.5735       301.0713   -101448.2240    -82973.0006       302.1215           -113.3804      -117.5821    302028.1817        -7.4986        -7.4811

WRITING EXTENDED SYSTEM TO RESTART FILE AT STEP 220000
WRITING COORDINATES TO RESTART FILE AT STEP 220000
FINISHED WRITING RESTART COORDINATES
WRITING VELOCITIES TO RESTART FILE AT STEP 220000
FINISHED WRITING RESTART VELOCITIES
TIMING: 225000  CPU: 263.052, 0.00115096/step  Wall: 265.649, 0.00116096/step, 148.842 ns/days, 0.0886848 hours remaining, 0.000000 MB of memory in use.
PERFORMANCE: 225000  averaging 146.386 ns/day, 0.00118044 sec/step with standard deviation 4.64841e-05
ENERGY:  225000       404.2106      1084.0504      1159.6715        74.7433        -114080.4021      9821.1618         0.0000         0.0000     18637.1223         -82899.4421       302.9810   -101536.5644    -82987.0258       302.1060             83.2215        82.6244    300408.0092       -11.8686       -11.8644

WRITING EXTENDED SYSTEM TO RESTART FILE AT STEP 225000
WRITING COORDINATES TO RESTART FILE AT STEP 225000
FINISHED WRITING RESTART COORDINATES
WRITING VELOCITIES TO RESTART FILE AT STEP 225000
FINISHED WRITING RESTART VELOCITIES
TIMING: 230000  CPU: 268.8, 0.00114974/step  Wall: 271.44, 0.0011582/step, 149.197 ns/days, 0.0868648 hours remaining, 0.000000 MB of memory in use.
PERFORMANCE: 230000  averaging 146.446 ns/day, 0.00117995 sec/step with standard deviation 4.60816e-05
ENERGY:  230000       443.4255      1130.3251      1110.7444        84.3831        -114068.5266      9751.4210         0.0000         0.0000     18623.0554         -82925.1719       302.7524   -101548.2274    -82974.2776       302.2328           -116.9561      -117.1012    300494.6832        -7.2326        -7.3453

WRITING EXTENDED SYSTEM TO RESTART FILE AT STEP 230000
WRITING COORDINATES TO RESTART FILE AT STEP 230000
FINISHED WRITING RESTART COORDINATES
WRITING VELOCITIES TO RESTART FILE AT STEP 230000
FINISHED WRITING RESTART VELOCITIES
TIMING: 235000  CPU: 274.548, 0.00114959/step  Wall: 277.25, 0.00116196/step, 148.715 ns/days, 0.0855329 hours remaining, 0.000000 MB of memory in use.
PERFORMANCE: 235000  averaging 146.494 ns/day, 0.00117957 sec/step with standard deviation 4.56535e-05
ENERGY:  235000       404.9164      1154.4732      1119.3191        62.3861        -114138.3457      9730.7108         0.0000         0.0000     18458.0083         -83208.5319       300.0692   -101666.5402    -82986.1766       302.1405             16.3486        14.4455    300554.7336       -10.1559       -10.5204

WRITING EXTENDED SYSTEM TO RESTART FILE AT STEP 235000
WRITING COORDINATES TO RESTART FILE AT STEP 235000
FINISHED WRITING RESTART COORDINATES
WRITING VELOCITIES TO RESTART FILE AT STEP 235000
FINISHED WRITING RESTART VELOCITIES
TIMING: 240000  CPU: 280.311, 0.00115251/step  Wall: 283.063, 0.00116259/step, 148.634 ns/days, 0.0839647 hours remaining, 0.000000 MB of memory in use.
PERFORMANCE: 240000  averaging 146.538 ns/day, 0.00117922 sec/step with standard deviation 4.52317e-05
ENERGY:  240000       406.3864      1108.5017      1115.0085        63.7967        -114191.1689      9777.2552         0.0000         0.0000     18553.4410         -83166.7794       301.6206   -101720.2204    -83004.2313       302.0752            -69.5461       -70.4609    301045.8583       -14.8095       -15.1711

WRITING EXTENDED SYSTEM TO RESTART FILE AT STEP 240000
WRITING COORDINATES TO RESTART FILE AT STEP 240000
FINISHED WRITING RESTART COORDINATES
WRITING VELOCITIES TO RESTART FILE AT STEP 240000
FINISHED WRITING RESTART VELOCITIES
TIMING: 245000  CPU: 286.048, 0.00114747/step  Wall: 288.85, 0.00115748/step, 149.29 ns/days, 0.0819881 hours remaining, 0.000000 MB of memory in use.
PERFORMANCE: 245000  averaging 146.593 ns/day, 0.00117877 sec/step with standard deviation 4.48656e-05
ENERGY:  245000       435.5706      1148.7106      1130.2585        83.1245        -113960.5264      9630.6790         0.0000         0.0000     18492.1339         -83040.0494       300.6240   -101532.1833    -83007.6530       302.0957           -119.6166      -117.3276    300227.1796       -17.0186       -17.3707

WRITING EXTENDED SYSTEM TO RESTART FILE AT STEP 245000
WRITING COORDINATES TO RESTART FILE AT STEP 245000
FINISHED WRITING RESTART COORDINATES
WRITING VELOCITIES TO RESTART FILE AT STEP 245000
FINISHED WRITING RESTART VELOCITIES
TIMING: 250000  CPU: 291.872, 0.00116483/step  Wall: 294.729, 0.00117582/step, 146.961 ns/days, 0.0816542 hours remaining, 0.000000 MB of memory in use.
PERFORMANCE: 250000  averaging 146.6 ns/day, 0.00117872 sec/step with standard deviation 4.44074e-05
ETITLE:      TS           BOND          ANGLE          DIHED          IMPRP               ELECT            VDW       BOUNDARY           MISC        KINETIC               TOTAL           TEMP      POTENTIAL       TOTALAVG        TEMPAVG            PRESSURE      GPRESSURE         VOLUME       PRESSAVG      GPRESSAVG

ENERGY:  250000       419.6802      1134.1999      1141.6323        72.3913        -114486.4754      9899.0633         0.0000         0.0000     18696.5668         -83122.9415       303.9474   -101819.5083    -83015.4221       302.1219             76.3235        73.2367    298967.9994        -6.0024        -6.5178

WRITING EXTENDED SYSTEM TO RESTART FILE AT STEP 250000
WRITING COORDINATES TO RESTART FILE AT STEP 250000
FINISHED WRITING RESTART COORDINATES
WRITING VELOCITIES TO RESTART FILE AT STEP 250000
FINISHED WRITING RESTART VELOCITIES
TIMING: 255000  CPU: 297.628, 0.00115117/step  Wall: 300.537, 0.00116146/step, 148.778 ns/days, 0.0790441 hours remaining, 0.000000 MB of memory in use.
PERFORMANCE: 255000  averaging 146.642 ns/day, 0.00117838 sec/step with standard deviation 4.40274e-05
ENERGY:  255000       430.6682      1079.7666      1135.5225        80.8840        -114184.0275      9937.4886         0.0000         0.0000     18725.0450         -82794.6527       304.4104   -101519.6977    -82988.3248       302.3522             60.5990        60.5740    299934.8255       -19.0886       -19.4611

WRITING EXTENDED SYSTEM TO RESTART FILE AT STEP 255000
WRITING COORDINATES TO RESTART FILE AT STEP 255000
FINISHED WRITING RESTART COORDINATES
WRITING VELOCITIES TO RESTART FILE AT STEP 255000
FINISHED WRITING RESTART VELOCITIES
TIMING: 260000  CPU: 303.357, 0.00114571/step  Wall: 306.35, 0.00116267/step, 148.623 ns/days, 0.0775113 hours remaining, 0.000000 MB of memory in use.
PERFORMANCE: 260000  averaging 146.68 ns/day, 0.00117808 sec/step with standard deviation 4.3648e-05
ENERGY:  260000       428.7736      1144.7451      1126.6775        68.5262        -114255.4761      9900.2400         0.0000         0.0000     18672.8826         -82913.6309       303.5624   -101586.5135    -82992.2080       302.3945            231.4257       234.9695    299033.7259        -5.7894        -5.8685

WRITING EXTENDED SYSTEM TO RESTART FILE AT STEP 260000
WRITING COORDINATES TO RESTART FILE AT STEP 260000
FINISHED WRITING RESTART COORDINATES
WRITING VELOCITIES TO RESTART FILE AT STEP 260000
FINISHED WRITING RESTART VELOCITIES
TIMING: 265000  CPU: 309.391, 0.0012068/step  Wall: 312.442, 0.00121839/step, 141.826 ns/days, 0.0795338 hours remaining, 0.000000 MB of memory in use.
PERFORMANCE: 265000  averaging 146.585 ns/day, 0.00117884 sec/step with standard deviation 4.35796e-05
ENERGY:  265000       405.3626      1119.8026      1125.8071        62.0580        -114354.4557     10037.4826         0.0000         0.0000     18813.7103         -82790.2323       305.8518   -101603.9426    -82992.9031       302.4376            282.3760       281.3704    299852.0991         3.0934         2.7784

WRITING EXTENDED SYSTEM TO RESTART FILE AT STEP 265000
WRITING COORDINATES TO RESTART FILE AT STEP 265000
FINISHED WRITING RESTART COORDINATES
WRITING VELOCITIES TO RESTART FILE AT STEP 265000
FINISHED WRITING RESTART VELOCITIES
TIMING: 270000  CPU: 315.09, 0.00113991/step  Wall: 318.216, 0.00115475/step, 149.643 ns/days, 0.0737754 hours remaining, 0.000000 MB of memory in use.
PERFORMANCE: 270000  averaging 146.641 ns/day, 0.00117839 sec/step with standard deviation 4.32908e-05
ENERGY:  270000       459.0992      1148.4336      1147.9322        79.5059        -114376.9961      9780.3487         0.0000         0.0000     18489.6014         -83272.0751       300.5828   -101761.6764    -83005.0113       302.2821            -25.9775       -23.5731    300106.3272        -7.8263        -8.0066

WRITING EXTENDED SYSTEM TO RESTART FILE AT STEP 270000
WRITING COORDINATES TO RESTART FILE AT STEP 270000
FINISHED WRITING RESTART COORDINATES
WRITING VELOCITIES TO RESTART FILE AT STEP 270000
FINISHED WRITING RESTART VELOCITIES
TIMING: 275000  CPU: 320.802, 0.00114227/step  Wall: 323.993, 0.00115554/step, 149.54 ns/days, 0.0722215 hours remaining, 0.000000 MB of memory in use.
PERFORMANCE: 275000  averaging 146.693 ns/day, 0.00117797 sec/step with standard deviation 4.29986e-05
ENERGY:  275000       415.0986      1130.2866      1111.2020        81.0421        -114347.8339      9989.7725         0.0000         0.0000     18578.5577         -83041.8743       302.0290   -101620.4320    -83008.4632       302.2417            193.7330       192.7076    300367.7746         6.2732         6.1906

WRITING EXTENDED SYSTEM TO RESTART FILE AT STEP 275000
WRITING COORDINATES TO RESTART FILE AT STEP 275000
FINISHED WRITING RESTART COORDINATES
WRITING VELOCITIES TO RESTART FILE AT STEP 275000
FINISHED WRITING RESTART VELOCITIES
TIMING: 280000  CPU: 326.545, 0.00114874/step  Wall: 329.781, 0.00115753/step, 149.284 ns/days, 0.0707379 hours remaining, 0.000000 MB of memory in use.
PERFORMANCE: 280000  averaging 146.738 ns/day, 0.00117761 sec/step with standard deviation 4.26934e-05
ENERGY:  280000       414.6506      1139.0726      1117.1471        78.0839        -113975.1261      9808.4366         0.0000         0.0000     18637.2827         -82780.4525       302.9836   -101417.7352    -83002.9218       302.2860            109.6409       110.5406    299974.6061        17.1142        17.0693

WRITING EXTENDED SYSTEM TO RESTART FILE AT STEP 280000
WRITING COORDINATES TO RESTART FILE AT STEP 280000
FINISHED WRITING RESTART COORDINATES
WRITING VELOCITIES TO RESTART FILE AT STEP 280000
FINISHED WRITING RESTART VELOCITIES
TIMING: 285000  CPU: 332.228, 0.00113652/step  Wall: 335.541, 0.00115204/step, 149.995 ns/days, 0.0688025 hours remaining, 0.000000 MB of memory in use.
PERFORMANCE: 285000  averaging 146.794 ns/day, 0.00117716 sec/step with standard deviation 4.24458e-05
ENERGY:  285000       442.8609      1094.9439      1132.4652        75.1210        -114120.6033      9839.3908         0.0000         0.0000     18674.7607         -82861.0610       303.5929   -101535.8217    -82990.9574       302.5146             -5.9674         1.8577    300421.7094        22.4587        22.9616

WRITING EXTENDED SYSTEM TO RESTART FILE AT STEP 285000
WRITING COORDINATES TO RESTART FILE AT STEP 285000
FINISHED WRITING RESTART COORDINATES
WRITING VELOCITIES TO RESTART FILE AT STEP 285000
FINISHED WRITING RESTART VELOCITIES
TIMING: 290000  CPU: 337.935, 0.00114136/step  Wall: 341.316, 0.00115489/step, 149.625 ns/days, 0.0673685 hours remaining, 0.000000 MB of memory in use.
PERFORMANCE: 290000  averaging 146.842 ns/day, 0.00117678 sec/step with standard deviation 4.21733e-05
ENERGY:  290000       400.8670      1167.0133      1084.5396        70.4398        -113863.2875      9585.9865         0.0000         0.0000     18520.6410         -83033.8003       301.0874   -101554.4413    -82988.3800       302.3803             19.6534        17.5860    300384.9730        10.9944        11.3985

WRITING EXTENDED SYSTEM TO RESTART FILE AT STEP 290000
WRITING COORDINATES TO RESTART FILE AT STEP 290000
FINISHED WRITING RESTART COORDINATES
WRITING VELOCITIES TO RESTART FILE AT STEP 290000
FINISHED WRITING RESTART VELOCITIES
TIMING: 295000  CPU: 343.697, 0.00115257/step  Wall: 347.124, 0.00116167/step, 148.752 ns/days, 0.0661505 hours remaining, 0.000000 MB of memory in use.
PERFORMANCE: 295000  averaging 146.874 ns/day, 0.00117652 sec/step with standard deviation 4.18544e-05
ENERGY:  295000       439.7838      1142.7410      1149.2548        80.9214        -113812.7194      9674.9475         0.0000         0.0000     18716.9153         -82608.1555       304.2782   -101325.0709    -82972.4877       302.3801           -186.2465      -184.9290    301616.2861        -0.4827         0.0012

WRITING EXTENDED SYSTEM TO RESTART FILE AT STEP 295000
WRITING COORDINATES TO RESTART FILE AT STEP 295000
FINISHED WRITING RESTART COORDINATES
WRITING VELOCITIES TO RESTART FILE AT STEP 295000
FINISHED WRITING RESTART VELOCITIES
TIMING: 300000  CPU: 349.434, 0.00114726/step  Wall: 352.931, 0.00116142/step, 148.784 ns/days, 0.0645231 hours remaining, 0.000000 MB of memory in use.
PERFORMANCE: 300000  averaging 146.905 ns/day, 0.00117627 sec/step with standard deviation 4.1544e-05
ETITLE:      TS           BOND          ANGLE          DIHED          IMPRP               ELECT            VDW       BOUNDARY           MISC        KINETIC               TOTAL           TEMP      POTENTIAL       TOTALAVG        TEMPAVG            PRESSURE      GPRESSURE         VOLUME       PRESSAVG      GPRESSAVG

ENERGY:  300000       421.7689      1128.8117      1121.9410        67.4884        -114040.8993      9811.4149         0.0000         0.0000     18668.1005         -82821.3739       303.4846   -101489.4744    -82962.1409       302.4874            -25.9417       -25.4482    302039.1684         6.1335         6.5630

WRITING EXTENDED SYSTEM TO RESTART FILE AT STEP 300000
WRITING COORDINATES TO RESTART FILE AT STEP 300000
FINISHED WRITING RESTART COORDINATES
WRITING VELOCITIES TO RESTART FILE AT STEP 300000
FINISHED WRITING RESTART VELOCITIES
TIMING: 305000  CPU: 355.17, 0.00114726/step  Wall: 358.709, 0.00115553/step, 149.542 ns/days, 0.062591 hours remaining, 0.000000 MB of memory in use.
PERFORMANCE: 305000  averaging 146.948 ns/day, 0.00117593 sec/step with standard deviation 4.12819e-05
ENERGY:  305000       403.9693      1190.1427      1130.5795        71.2446        -114286.8602      9906.6437         0.0000         0.0000     18595.0990         -82989.1813       302.2979   -101584.2804    -82969.5749       302.5093            243.3634       240.1612    300692.9363        24.7744        24.9309

WRITING EXTENDED SYSTEM TO RESTART FILE AT STEP 305000
WRITING COORDINATES TO RESTART FILE AT STEP 305000
FINISHED WRITING RESTART COORDINATES
WRITING VELOCITIES TO RESTART FILE AT STEP 305000
FINISHED WRITING RESTART VELOCITIES
TIMING: 310000  CPU: 360.933, 0.00115266/step  Wall: 364.533, 0.00116475/step, 148.358 ns/days, 0.0614728 hours remaining, 0.000000 MB of memory in use.
PERFORMANCE: 310000  averaging 146.97 ns/day, 0.00117575 sec/step with standard deviation 4.09667e-05
ENERGY:  310000       437.5939      1117.7210      1130.3857        70.7505        -114340.4477      9872.8088         0.0000         0.0000     18569.3336         -83141.8541       301.8790   -101711.1878    -82971.5536       302.5342            -32.4885       -32.8749    300359.8944        40.6757        40.7194

WRITING EXTENDED SYSTEM TO RESTART FILE AT STEP 310000
WRITING COORDINATES TO RESTART FILE AT STEP 310000
FINISHED WRITING RESTART COORDINATES
WRITING VELOCITIES TO RESTART FILE AT STEP 310000
FINISHED WRITING RESTART VELOCITIES
TIMING: 315000  CPU: 366.644, 0.00114221/step  Wall: 370.299, 0.00115328/step, 149.834 ns/days, 0.0592656 hours remaining, 0.000000 MB of memory in use.
PERFORMANCE: 315000  averaging 147.015 ns/day, 0.00117539 sec/step with standard deviation 4.07335e-05
ENERGY:  315000       446.1316      1094.1045      1130.6651        67.1703        -113961.3121      9759.5134         0.0000         0.0000     18542.8870         -82920.8402       301.4491   -101463.7272    -82963.0337       302.5278             -3.7285        -5.3879    301115.3436        30.8418        30.7694

WRITING EXTENDED SYSTEM TO RESTART FILE AT STEP 315000
WRITING COORDINATES TO RESTART FILE AT STEP 315000
FINISHED WRITING RESTART COORDINATES
WRITING VELOCITIES TO RESTART FILE AT STEP 315000
FINISHED WRITING RESTART VELOCITIES
TIMING: 320000  CPU: 372.412, 0.00115345/step  Wall: 376.119, 0.00116396/step, 148.458 ns/days, 0.0581981 hours remaining, 0.000000 MB of memory in use.
PERFORMANCE: 320000  averaging 147.037 ns/day, 0.00117521 sec/step with standard deviation 4.04342e-05
ENERGY:  320000       439.4783      1114.3383      1100.9862        77.9151        -114284.5154      9780.6419         0.0000         0.0000     18593.3080         -83177.8476       302.2688   -101771.1556    -82975.4974       302.5876              5.0163        -0.9021    301640.8627        36.7616        36.6034

WRITING EXTENDED SYSTEM TO RESTART FILE AT STEP 320000
WRITING COORDINATES TO RESTART FILE AT STEP 320000
FINISHED WRITING RESTART COORDINATES
WRITING VELOCITIES TO RESTART FILE AT STEP 320000
FINISHED WRITING RESTART VELOCITIES
TIMING: 325000  CPU: 378.169, 0.0011515/step  Wall: 381.957, 0.00116775/step, 147.977 ns/days, 0.0567654 hours remaining, 0.000000 MB of memory in use.
PERFORMANCE: 325000  averaging 147.052 ns/day, 0.0011751 sec/step with standard deviation 4.01277e-05
ENERGY:  325000       439.4669      1117.7693      1130.0549        64.9597        -114285.0589      9836.1159         0.0000         0.0000     18389.0538         -83307.6384       298.9482   -101696.6922    -82995.9072       302.3860              9.9606        13.7065    300237.6025        33.0986        33.1575

WRITING EXTENDED SYSTEM TO RESTART FILE AT STEP 325000
WRITING COORDINATES TO RESTART FILE AT STEP 325000
FINISHED WRITING RESTART COORDINATES
WRITING VELOCITIES TO RESTART FILE AT STEP 325000
FINISHED WRITING RESTART VELOCITIES
TIMING: 330000  CPU: 383.891, 0.00114436/step  Wall: 387.726, 0.00115379/step, 149.768 ns/days, 0.0544844 hours remaining, 0.000000 MB of memory in use.
PERFORMANCE: 330000  averaging 147.092 ns/day, 0.00117478 sec/step with standard deviation 3.99042e-05
ENERGY:  330000       451.8699      1124.2551      1106.8521        68.5040        -114046.7145      9688.2973         0.0000         0.0000     18485.5998         -83121.3363       300.5178   -101606.9361    -83005.7154       302.2743           -161.2569      -161.5794    300671.0073        30.8835        30.9336

WRITING EXTENDED SYSTEM TO RESTART FILE AT STEP 330000
WRITING COORDINATES TO RESTART FILE AT STEP 330000
FINISHED WRITING RESTART COORDINATES
WRITING VELOCITIES TO RESTART FILE AT STEP 330000
FINISHED WRITING RESTART VELOCITIES
TIMING: 335000  CPU: 389.615, 0.00114486/step  Wall: 393.504, 0.00115554/step, 149.54 ns/days, 0.0529623 hours remaining, 0.000000 MB of memory in use.
PERFORMANCE: 335000  averaging 147.128 ns/day, 0.00117449 sec/step with standard deviation 3.96704e-05
ENERGY:  335000       404.1526      1169.1925      1118.7792        69.9787        -114070.9966      9753.8354         0.0000         0.0000     18563.2046         -82991.8535       301.7794   -101555.0582    -82994.8815       302.3598           -202.8140      -199.2529    300980.0566        19.9254        20.2487

WRITING EXTENDED SYSTEM TO RESTART FILE AT STEP 335000
WRITING COORDINATES TO RESTART FILE AT STEP 335000
FINISHED WRITING RESTART COORDINATES
WRITING VELOCITIES TO RESTART FILE AT STEP 335000
FINISHED WRITING RESTART VELOCITIES
TIMING: 340000  CPU: 395.573, 0.00119146/step  Wall: 399.621, 0.00122344/step, 141.241 ns/days, 0.0543751 hours remaining, 0.000000 MB of memory in use.
PERFORMANCE: 340000  averaging 147.038 ns/day, 0.00117521 sec/step with standard deviation 3.98182e-05
ENERGY:  340000       460.1477      1122.3011      1125.4822        71.3589        -113919.7263      9661.7973         0.0000         0.0000     18503.8631         -82974.7760       300.8147   -101478.6391    -82985.2814       302.3195            -59.5117       -56.9042    300568.0012        20.4271        20.9265

WRITING EXTENDED SYSTEM TO RESTART FILE AT STEP 340000
WRITING COORDINATES TO RESTART FILE AT STEP 340000
FINISHED WRITING RESTART COORDINATES
WRITING VELOCITIES TO RESTART FILE AT STEP 340000
FINISHED WRITING RESTART VELOCITIES
TIMING: 345000  CPU: 401.261, 0.00113766/step  Wall: 405.423, 0.00116031/step, 148.926 ns/days, 0.0499576 hours remaining, 0.000000 MB of memory in use.
PERFORMANCE: 345000  averaging 147.065 ns/day, 0.00117499 sec/step with standard deviation 3.9565e-05
ENERGY:  345000       433.7935      1111.2013      1086.0611        75.3238        -114146.9915      9796.2735         0.0000         0.0000     18761.1536         -82883.1848       304.9974   -101644.3384    -82977.4381       302.5381              3.3420         4.0909    300959.7053        26.5751        26.9975

WRITING EXTENDED SYSTEM TO RESTART FILE AT STEP 345000
WRITING COORDINATES TO RESTART FILE AT STEP 345000
FINISHED WRITING RESTART COORDINATES
WRITING VELOCITIES TO RESTART FILE AT STEP 345000
FINISHED WRITING RESTART VELOCITIES
TIMING: 350000  CPU: 406.996, 0.00114706/step  Wall: 411.222, 0.00115973/step, 149 ns/days, 0.048322 hours remaining, 0.000000 MB of memory in use.
PERFORMANCE: 350000  averaging 147.092 ns/day, 0.00117477 sec/step with standard deviation 3.93196e-05
ETITLE:      TS           BOND          ANGLE          DIHED          IMPRP               ELECT            VDW       BOUNDARY           MISC        KINETIC               TOTAL           TEMP      POTENTIAL       TOTALAVG        TEMPAVG            PRESSURE      GPRESSURE         VOLUME       PRESSAVG      GPRESSAVG

ENERGY:  350000       412.9122      1100.1679      1101.5845        79.8813        -114088.1838      9840.6634         0.0000         0.0000     18622.6000         -82930.3744       302.7450   -101552.9744    -82967.8098       302.4780            140.4362       142.5845    302521.7859        29.7807        30.4649

WRITING EXTENDED SYSTEM TO RESTART FILE AT STEP 350000
WRITING COORDINATES TO RESTART FILE AT STEP 350000
FINISHED WRITING RESTART COORDINATES
WRITING VELOCITIES TO RESTART FILE AT STEP 350000
FINISHED WRITING RESTART VELOCITIES
TIMING: 355000  CPU: 412.77, 0.00115478/step  Wall: 417.036, 0.00116291/step, 148.592 ns/days, 0.0468396 hours remaining, 0.000000 MB of memory in use.
PERFORMANCE: 355000  averaging 147.113 ns/day, 0.00117461 sec/step with standard deviation 3.90631e-05
ENERGY:  355000       413.6660      1120.7823      1107.7299        70.0886        -114150.6609      9813.2120         0.0000         0.0000     18677.4831         -82947.6990       303.6372   -101625.1821    -82975.4621       302.4394            111.3692       108.6492    300380.3214        32.3192        32.8686

WRITING EXTENDED SYSTEM TO RESTART FILE AT STEP 355000
WRITING COORDINATES TO RESTART FILE AT STEP 355000
FINISHED WRITING RESTART COORDINATES
WRITING VELOCITIES TO RESTART FILE AT STEP 355000
FINISHED WRITING RESTART VELOCITIES
TIMING: 360000  CPU: 418.511, 0.00114814/step  Wall: 422.824, 0.00115763/step, 149.27 ns/days, 0.0450191 hours remaining, 0.000000 MB of memory in use.
PERFORMANCE: 360000  averaging 147.143 ns/day, 0.00117437 sec/step with standard deviation 3.88386e-05
ENERGY:  360000       415.5975      1152.9799      1128.1347        75.9046        -114122.9191      9754.5481         0.0000         0.0000     18761.1513         -82834.6031       304.9974   -101595.7543    -82971.5107       302.5111           -105.4059      -110.9185    299689.1320        15.4776        15.5742

WRITING EXTENDED SYSTEM TO RESTART FILE AT STEP 360000
WRITING COORDINATES TO RESTART FILE AT STEP 360000
FINISHED WRITING RESTART COORDINATES
WRITING VELOCITIES TO RESTART FILE AT STEP 360000
FINISHED WRITING RESTART VELOCITIES
TIMING: 365000  CPU: 424.379, 0.00117376/step  Wall: 428.77, 0.00118923/step, 145.305 ns/days, 0.044596 hours remaining, 0.000000 MB of memory in use.
PERFORMANCE: 365000  averaging 147.117 ns/day, 0.00117457 sec/step with standard deviation 3.86071e-05
ENERGY:  365000       462.8562      1127.0772      1111.2785        81.2367        -114095.7484      9887.3973         0.0000         0.0000     18656.6687         -82769.2339       303.2988   -101425.9025    -82970.4608       302.3835             93.9468        92.0990    299855.7593         6.0562         6.1107

WRITING EXTENDED SYSTEM TO RESTART FILE AT STEP 365000
WRITING COORDINATES TO RESTART FILE AT STEP 365000
FINISHED WRITING RESTART COORDINATES
WRITING VELOCITIES TO RESTART FILE AT STEP 365000
FINISHED WRITING RESTART VELOCITIES
TIMING: 370000  CPU: 430.137, 0.00115146/step  Wall: 434.576, 0.00116117/step, 148.815 ns/days, 0.0419313 hours remaining, 0.000000 MB of memory in use.
PERFORMANCE: 370000  averaging 147.14 ns/day, 0.00117439 sec/step with standard deviation 3.83734e-05
ENERGY:  370000       449.6742      1121.3270      1120.8591        63.5337        -113734.5668      9427.3394         0.0000         0.0000     18616.4128         -82935.4205       302.6444   -101551.8334    -82953.6280       302.4865           -172.9605      -173.3066    300113.8203        -1.2930        -1.3760

WRITING EXTENDED SYSTEM TO RESTART FILE AT STEP 370000
WRITING COORDINATES TO RESTART FILE AT STEP 370000
FINISHED WRITING RESTART COORDINATES
WRITING VELOCITIES TO RESTART FILE AT STEP 370000
FINISHED WRITING RESTART VELOCITIES
TIMING: 375000  CPU: 435.871, 0.00114689/step  Wall: 440.384, 0.00116157/step, 148.764 ns/days, 0.0403324 hours remaining, 0.000000 MB of memory in use.
PERFORMANCE: 375000  averaging 147.161 ns/day, 0.00117422 sec/step with standard deviation 3.8142e-05
ENERGY:  375000       449.0496      1164.9084      1124.4091        78.4030        -114204.1648      9704.7387         0.0000         0.0000     18596.8050         -83085.8510       302.3256   -101682.6560    -82955.8269       302.5014           -225.8949      -227.2255    300041.7444       -22.2744       -22.3727

WRITING EXTENDED SYSTEM TO RESTART FILE AT STEP 375000
WRITING COORDINATES TO RESTART FILE AT STEP 375000
FINISHED WRITING RESTART COORDINATES
WRITING VELOCITIES TO RESTART FILE AT STEP 375000
FINISHED WRITING RESTART VELOCITIES
TIMING: 380000  CPU: 441.777, 0.00118106/step  Wall: 446.333, 0.00118977/step, 145.238 ns/days, 0.0396589 hours remaining, 0.000000 MB of memory in use.
PERFORMANCE: 380000  averaging 147.136 ns/day, 0.00117443 sec/step with standard deviation 3.79288e-05
ENERGY:  380000       412.4286      1126.1559      1141.1252        72.3664        -114154.6884      9830.4507         0.0000         0.0000     18669.5146         -82902.6470       303.5076   -101572.1616    -82961.9366       302.5276            245.7187       245.7999    299435.0110       -15.4705       -15.6097

WRITING EXTENDED SYSTEM TO RESTART FILE AT STEP 380000
WRITING COORDINATES TO RESTART FILE AT STEP 380000
FINISHED WRITING RESTART COORDINATES
WRITING VELOCITIES TO RESTART FILE AT STEP 380000
FINISHED WRITING RESTART VELOCITIES
TIMING: 385000  CPU: 447.517, 0.00114808/step  Wall: 452.118, 0.00115694/step, 149.36 ns/days, 0.0369577 hours remaining, 0.000000 MB of memory in use.
PERFORMANCE: 385000  averaging 147.164 ns/day, 0.0011742 sec/step with standard deviation 3.77311e-05
ENERGY:  385000       417.3012      1107.7131      1132.8310        78.5081        -114316.5517      9930.0674         0.0000         0.0000     18673.1684         -82976.9625       303.5670   -101650.1310    -82967.7317       302.5263             57.6544        57.7598    300222.7026       -12.2894       -12.8146

WRITING EXTENDED SYSTEM TO RESTART FILE AT STEP 385000
WRITING COORDINATES TO RESTART FILE AT STEP 385000
FINISHED WRITING RESTART COORDINATES
WRITING VELOCITIES TO RESTART FILE AT STEP 385000
FINISHED WRITING RESTART VELOCITIES
TIMING: 390000  CPU: 453.208, 0.00113816/step  Wall: 457.878, 0.00115202/step, 149.998 ns/days, 0.0352005 hours remaining, 0.000000 MB of memory in use.
PERFORMANCE: 390000  averaging 147.2 ns/day, 0.00117392 sec/step with standard deviation 3.75694e-05
ENERGY:  390000       440.9262      1146.9743      1118.1441        68.2439        -114057.0485      9816.4521         0.0000         0.0000     18346.5490         -83119.7589       298.2572   -101466.3079    -82972.0296       302.3848             68.3505        69.1162    299680.3113        -9.8545       -10.2381

WRITING EXTENDED SYSTEM TO RESTART FILE AT STEP 390000
WRITING COORDINATES TO RESTART FILE AT STEP 390000
FINISHED WRITING RESTART COORDINATES
WRITING VELOCITIES TO RESTART FILE AT STEP 390000
FINISHED WRITING RESTART VELOCITIES
TIMING: 395000  CPU: 458.954, 0.00114932/step  Wall: 463.686, 0.00116162/step, 148.758 ns/days, 0.0338805 hours remaining, 0.000000 MB of memory in use.
PERFORMANCE: 395000  averaging 147.219 ns/day, 0.00117376 sec/step with standard deviation 3.73534e-05
ENERGY:  395000       451.6631      1167.7681      1113.1870        68.2927        -113870.7022      9738.5924         0.0000         0.0000     18674.1149         -82657.0839       303.5824   -101331.1988    -82974.4760       302.3500            -61.3047       -63.3631    301187.4888        -3.6075        -4.1598

WRITING EXTENDED SYSTEM TO RESTART FILE AT STEP 395000
WRITING COORDINATES TO RESTART FILE AT STEP 395000
FINISHED WRITING RESTART COORDINATES
WRITING VELOCITIES TO RESTART FILE AT STEP 395000
FINISHED WRITING RESTART VELOCITIES
TIMING: 400000  CPU: 464.673, 0.00114368/step  Wall: 469.472, 0.00115714/step, 149.334 ns/days, 0.0321428 hours remaining, 0.000000 MB of memory in use.
PERFORMANCE: 400000  averaging 147.245 ns/day, 0.00117355 sec/step with standard deviation 3.71627e-05
ETITLE:      TS           BOND          ANGLE          DIHED          IMPRP               ELECT            VDW       BOUNDARY           MISC        KINETIC               TOTAL           TEMP      POTENTIAL       TOTALAVG        TEMPAVG            PRESSURE      GPRESSURE         VOLUME       PRESSAVG      GPRESSAVG

ENERGY:  400000       429.5188      1100.4006      1088.9016        79.8096        -114762.4432     10197.1860         0.0000         0.0000     18687.5064         -83179.1201       303.8001   -101866.6265    -82992.3633       302.3657            292.9105       291.7129    299584.9379        12.3352        11.6982

WRITING EXTENDED SYSTEM TO RESTART FILE AT STEP 400000
WRITING COORDINATES TO RESTART FILE AT STEP 400000
FINISHED WRITING RESTART COORDINATES
WRITING VELOCITIES TO RESTART FILE AT STEP 400000
FINISHED WRITING RESTART VELOCITIES
TIMING: 405000  CPU: 470.674, 0.00120026/step  Wall: 475.625, 0.00123072/step, 140.406 ns/days, 0.0324773 hours remaining, 0.000000 MB of memory in use.
PERFORMANCE: 405000  averaging 147.157 ns/day, 0.00117426 sec/step with standard deviation 3.7472e-05
ENERGY:  405000       432.3916      1145.0248      1105.8088        68.7519        -114507.8995      9984.4198         0.0000         0.0000     18670.2513         -83101.2513       303.5196   -101771.5026    -82997.9668       302.4268            244.9991       248.3768    299486.2848        12.4169        12.1090

WRITING EXTENDED SYSTEM TO RESTART FILE AT STEP 405000
WRITING COORDINATES TO RESTART FILE AT STEP 405000
FINISHED WRITING RESTART COORDINATES
WRITING VELOCITIES TO RESTART FILE AT STEP 405000
FINISHED WRITING RESTART VELOCITIES
TIMING: 410000  CPU: 476.443, 0.00115378/step  Wall: 481.428, 0.00116059/step, 148.89 ns/days, 0.0290147 hours remaining, 0.000000 MB of memory in use.
PERFORMANCE: 410000  averaging 147.178 ns/day, 0.00117409 sec/step with standard deviation 3.72705e-05
ENERGY:  410000       417.7083      1157.2786      1105.7093        66.6814        -113783.1699      9664.9413         0.0000         0.0000     18639.8018         -82731.0493       303.0246   -101370.8511    -82977.4266       302.4841           -147.5608      -150.2911    301168.2787         6.6633         6.2382

WRITING EXTENDED SYSTEM TO RESTART FILE AT STEP 410000
WRITING COORDINATES TO RESTART FILE AT STEP 410000
FINISHED WRITING RESTART COORDINATES
WRITING VELOCITIES TO RESTART FILE AT STEP 410000
FINISHED WRITING RESTART VELOCITIES
TIMING: 415000  CPU: 482.196, 0.00115063/step  Wall: 487.221, 0.0011585/step, 149.159 ns/days, 0.0273534 hours remaining, 0.000000 MB of memory in use.
PERFORMANCE: 415000  averaging 147.201 ns/day, 0.0011739 sec/step with standard deviation 3.70821e-05
ENERGY:  415000       390.6134      1143.9185      1132.3720        67.9717        -114176.9619      9757.9186         0.0000         0.0000     18629.7985         -83054.3692       302.8620   -101684.1677    -82984.1030       302.5548            -98.2282       -97.9221    300212.8206         1.9383         1.6115

WRITING EXTENDED SYSTEM TO RESTART FILE AT STEP 415000
WRITING COORDINATES TO RESTART FILE AT STEP 415000
FINISHED WRITING RESTART COORDINATES
WRITING VELOCITIES TO RESTART FILE AT STEP 415000
FINISHED WRITING RESTART VELOCITIES
TIMING: 420000  CPU: 488.407, 0.00124228/step  Wall: 493.659, 0.00128773/step, 134.19 ns/days, 0.0286162 hours remaining, 0.000000 MB of memory in use.
PERFORMANCE: 420000  averaging 147.031 ns/day, 0.00117526 sec/step with standard deviation 3.88942e-05
ENERGY:  420000       415.6575      1110.6665      1127.3397        73.4050        -114214.5221      9941.0897         0.0000         0.0000     18454.9418         -83091.4219       300.0194   -101546.3637    -82979.7818       302.4423            218.8843       220.9392    299508.3097        12.6317        12.7036

WRITING EXTENDED SYSTEM TO RESTART FILE AT STEP 420000
WRITING COORDINATES TO RESTART FILE AT STEP 420000
FINISHED WRITING RESTART COORDINATES
WRITING VELOCITIES TO RESTART FILE AT STEP 420000
FINISHED WRITING RESTART VELOCITIES
TIMING: 425000  CPU: 494.129, 0.0011444/step  Wall: 499.418, 0.00115179/step, 150.027 ns/days, 0.0239957 hours remaining, 0.000000 MB of memory in use.
PERFORMANCE: 425000  averaging 147.066 ns/day, 0.00117498 sec/step with standard deviation 3.87457e-05
ENERGY:  425000       450.4871      1119.6561      1129.0612        75.6133        -114252.2806      9936.8530         0.0000         0.0000     18412.3521         -83128.2579       299.3270   -101540.6100    -82970.8127       302.4612            126.7765       122.7591    300542.5634        18.4725        18.1562

WRITING EXTENDED SYSTEM TO RESTART FILE AT STEP 425000
WRITING COORDINATES TO RESTART FILE AT STEP 425000
FINISHED WRITING RESTART COORDINATES
WRITING VELOCITIES TO RESTART FILE AT STEP 425000
FINISHED WRITING RESTART VELOCITIES
TIMING: 430000  CPU: 499.874, 0.00114885/step  Wall: 505.198, 0.00115587/step, 149.497 ns/days, 0.0224753 hours remaining, 0.000000 MB of memory in use.
PERFORMANCE: 430000  averaging 147.094 ns/day, 0.00117476 sec/step with standard deviation 3.85722e-05
ENERGY:  430000       430.6520      1135.3625      1124.7302        85.3826        -114291.4079      9892.6900         0.0000         0.0000     18604.9543         -83017.6364       302.4581   -101622.5906    -82965.6277       302.5582             73.5811        77.8815    301127.2719        30.2144        30.1292

WRITING EXTENDED SYSTEM TO RESTART FILE AT STEP 430000
WRITING COORDINATES TO RESTART FILE AT STEP 430000
FINISHED WRITING RESTART COORDINATES
WRITING VELOCITIES TO RESTART FILE AT STEP 430000
FINISHED WRITING RESTART VELOCITIES
TIMING: 435000  CPU: 505.625, 0.00115019/step  Wall: 510.982, 0.00115694/step, 149.36 ns/days, 0.0208892 hours remaining, 0.000000 MB of memory in use.
PERFORMANCE: 435000  averaging 147.119 ns/day, 0.00117456 sec/step with standard deviation 3.83949e-05
ENERGY:  435000       448.3834      1097.7084      1144.0901        69.8248        -114116.7264      9812.1848         0.0000         0.0000     18375.8937         -83168.6412       298.7343   -101544.5349    -82974.4671       302.4060             -0.0832         3.4802    300619.2033        40.3510        40.2659

WRITING EXTENDED SYSTEM TO RESTART FILE AT STEP 435000
WRITING COORDINATES TO RESTART FILE AT STEP 435000
FINISHED WRITING RESTART COORDINATES
WRITING VELOCITIES TO RESTART FILE AT STEP 435000
FINISHED WRITING RESTART VELOCITIES
TIMING: 440000  CPU: 511.386, 0.00115221/step  Wall: 516.782, 0.00115991/step, 148.977 ns/days, 0.0193318 hours remaining, 0.000000 MB of memory in use.
PERFORMANCE: 440000  averaging 147.14 ns/day, 0.00117439 sec/step with standard deviation 3.82055e-05
ENERGY:  440000       417.3998      1127.5991      1131.6844        69.8198        -114114.6013      9772.9130         0.0000         0.0000     18529.9691         -83065.2161       301.2391   -101595.1852    -82978.9891       302.4272            -47.6973       -49.8338    300268.7198        40.9417        40.6194

WRITING EXTENDED SYSTEM TO RESTART FILE AT STEP 440000
WRITING COORDINATES TO RESTART FILE AT STEP 440000
FINISHED WRITING RESTART COORDINATES
WRITING VELOCITIES TO RESTART FILE AT STEP 440000
FINISHED WRITING RESTART VELOCITIES
TIMING: 445000  CPU: 518.163, 0.00135552/step  Wall: 523.929, 0.00142941/step, 120.889 ns/days, 0.0218381 hours remaining, 0.000000 MB of memory in use.
PERFORMANCE: 445000  averaging 146.782 ns/day, 0.00117725 sec/step with standard deviation 4.66239e-05
ENERGY:  445000       422.3639      1135.5219      1116.1008        63.0649        -114051.4844      9868.4204         0.0000         0.0000     18694.2335         -82751.7789       303.9095   -101446.0124    -82972.4188       302.3728            -48.6301       -44.6488    300700.1000        38.3431        38.1824

WRITING EXTENDED SYSTEM TO RESTART FILE AT STEP 445000
WRITING COORDINATES TO RESTART FILE AT STEP 445000
FINISHED WRITING RESTART COORDINATES
WRITING VELOCITIES TO RESTART FILE AT STEP 445000
FINISHED WRITING RESTART VELOCITIES
TIMING: 450000  CPU: 523.916, 0.00115049/step  Wall: 529.717, 0.00115771/step, 149.26 ns/days, 0.0160793 hours remaining, 0.000000 MB of memory in use.
PERFORMANCE: 450000  averaging 146.809 ns/day, 0.00117704 sec/step with standard deviation 4.6407e-05
ETITLE:      TS           BOND          ANGLE          DIHED          IMPRP               ELECT            VDW       BOUNDARY           MISC        KINETIC               TOTAL           TEMP      POTENTIAL       TOTALAVG        TEMPAVG            PRESSURE      GPRESSURE         VOLUME       PRESSAVG      GPRESSAVG

ENERGY:  450000       412.2542      1140.7721      1118.0050        57.2737        -114219.3138      9864.5843         0.0000         0.0000     18571.8121         -83054.6123       301.9193   -101626.4244    -82978.6307       302.3315            -72.6679       -74.6441    300677.9799        27.6879        27.3210

WRITING EXTENDED SYSTEM TO RESTART FILE AT STEP 450000
WRITING COORDINATES TO RESTART FILE AT STEP 450000
FINISHED WRITING RESTART COORDINATES
WRITING VELOCITIES TO RESTART FILE AT STEP 450000
FINISHED WRITING RESTART VELOCITIES
TIMING: 455000  CPU: 529.67, 0.0011508/step  Wall: 535.506, 0.00115774/step, 149.256 ns/days, 0.0144717 hours remaining, 0.000000 MB of memory in use.
PERFORMANCE: 455000  averaging 146.836 ns/day, 0.00117683 sec/step with standard deviation 4.61927e-05
ENERGY:  455000       425.5050      1085.8163      1122.0497        73.3519        -114487.3966     10050.5478         0.0000         0.0000     18381.4224         -83348.7036       298.8242   -101730.1259    -82998.6809       302.0909            174.0514       172.6550    299942.5393        30.8220        30.5213

WRITING EXTENDED SYSTEM TO RESTART FILE AT STEP 455000
WRITING COORDINATES TO RESTART FILE AT STEP 455000
FINISHED WRITING RESTART COORDINATES
WRITING VELOCITIES TO RESTART FILE AT STEP 455000
FINISHED WRITING RESTART VELOCITIES
TIMING: 460000  CPU: 535.412, 0.00114854/step  Wall: 541.283, 0.00115535/step, 149.565 ns/days, 0.0128372 hours remaining, 0.000000 MB of memory in use.
PERFORMANCE: 460000  averaging 146.865 ns/day, 0.00117659 sec/step with standard deviation 4.59928e-05
ENERGY:  460000       428.7745      1136.2543      1131.2078        72.3363        -114180.1729      9706.3034         0.0000         0.0000     18590.2120         -83115.0846       302.2184   -101705.2966    -83012.7050       301.9519            -53.2885       -55.5149    301581.4898        33.4279        33.2915

WRITING EXTENDED SYSTEM TO RESTART FILE AT STEP 460000
WRITING COORDINATES TO RESTART FILE AT STEP 460000
FINISHED WRITING RESTART COORDINATES
WRITING VELOCITIES TO RESTART FILE AT STEP 460000
FINISHED WRITING RESTART VELOCITIES
TIMING: 465000  CPU: 541.168, 0.00115104/step  Wall: 547.072, 0.00115793/step, 149.232 ns/days, 0.0112576 hours remaining, 0.000000 MB of memory in use.
PERFORMANCE: 465000  averaging 146.89 ns/day, 0.00117639 sec/step with standard deviation 4.5783e-05
ENERGY:  465000       423.5711      1153.3948      1119.9471        69.8060        -114142.0665      9666.3000         0.0000         0.0000     18700.9013         -83008.1461       304.0179   -101709.0475    -83024.6506       301.9879           -130.3103      -130.8230    299851.0439        22.2150        22.1454

WRITING EXTENDED SYSTEM TO RESTART FILE AT STEP 465000
WRITING COORDINATES TO RESTART FILE AT STEP 465000
FINISHED WRITING RESTART COORDINATES
WRITING VELOCITIES TO RESTART FILE AT STEP 465000
FINISHED WRITING RESTART VELOCITIES
TIMING: 470000  CPU: 546.921, 0.00115062/step  Wall: 552.859, 0.00115737/step, 149.303 ns/days, 0.00964479 hours remaining, 0.000000 MB of memory in use.
PERFORMANCE: 470000  averaging 146.915 ns/day, 0.00117619 sec/step with standard deviation 4.55785e-05
ENERGY:  470000       434.8571      1226.4232      1131.5742        71.5253        -114092.3500      9881.8739         0.0000         0.0000     18825.1202         -82520.9761       306.0373   -101346.0962    -83003.9284       302.1575             68.6522        70.3037    301756.0031        34.2957        34.3259

WRITING EXTENDED SYSTEM TO RESTART FILE AT STEP 470000
WRITING COORDINATES TO RESTART FILE AT STEP 470000
FINISHED WRITING RESTART COORDINATES
WRITING VELOCITIES TO RESTART FILE AT STEP 470000
FINISHED WRITING RESTART VELOCITIES
TIMING: 475000  CPU: 552.792, 0.00117435/step  Wall: 558.845, 0.00119721/step, 144.336 ns/days, 0.00831396 hours remaining, 0.000000 MB of memory in use.
PERFORMANCE: 475000  averaging 146.888 ns/day, 0.00117641 sec/step with standard deviation 4.53866e-05
ENERGY:  475000       462.8495      1071.9270      1130.1616        73.5926        -113966.4206      9791.2439         0.0000         0.0000     18522.7906         -82913.8554       301.1224   -101436.6460    -82995.3286       302.0974            -43.1161       -35.9746    302384.3036        43.4346        43.8884

WRITING EXTENDED SYSTEM TO RESTART FILE AT STEP 475000
WRITING COORDINATES TO RESTART FILE AT STEP 475000
FINISHED WRITING RESTART COORDINATES
WRITING VELOCITIES TO RESTART FILE AT STEP 475000
FINISHED WRITING RESTART VELOCITIES
TIMING: 480000  CPU: 558.533, 0.00114818/step  Wall: 564.622, 0.00115524/step, 149.58 ns/days, 0.00641799 hours remaining, 0.000000 MB of memory in use.
PERFORMANCE: 480000  averaging 146.915 ns/day, 0.00117619 sec/step with standard deviation 4.51988e-05
ENERGY:  480000       410.0454      1104.2394      1141.6631        69.1982        -113853.4041      9620.7648         0.0000         0.0000     18524.7525         -82982.7407       301.1543   -101507.4933    -82999.3333       301.9797           -187.6332      -188.6576    301838.0698        21.7670        22.1656

WRITING EXTENDED SYSTEM TO RESTART FILE AT STEP 480000
WRITING COORDINATES TO RESTART FILE AT STEP 480000
FINISHED WRITING RESTART COORDINATES
WRITING VELOCITIES TO RESTART FILE AT STEP 480000
FINISHED WRITING RESTART VELOCITIES
TIMING: 485000  CPU: 564.242, 0.00114164/step  Wall: 570.366, 0.00114884/step, 150.412 ns/days, 0.00478685 hours remaining, 0.000000 MB of memory in use.
PERFORMANCE: 485000  averaging 146.95 ns/day, 0.00117591 sec/step with standard deviation 4.50484e-05
ENERGY:  485000       411.1526      1121.1448      1110.8989        71.5764        -113992.1821      9756.3600         0.0000         0.0000     18436.8237         -83084.2258       299.7248   -101521.0495    -83004.6965       301.7876            140.5524       137.2789    299995.7518        25.9119        26.1415

WRITING EXTENDED SYSTEM TO RESTART FILE AT STEP 485000
WRITING COORDINATES TO RESTART FILE AT STEP 485000
FINISHED WRITING RESTART COORDINATES
WRITING VELOCITIES TO RESTART FILE AT STEP 485000
FINISHED WRITING RESTART VELOCITIES
TIMING: 490000  CPU: 569.96, 0.00114364/step  Wall: 576.117, 0.00115028/step, 150.224 ns/days, 0.00319522 hours remaining, 0.000000 MB of memory in use.
PERFORMANCE: 490000  averaging 146.983 ns/day, 0.00117565 sec/step with standard deviation 4.48903e-05
ENERGY:  490000       441.7394      1068.5653      1111.1336        63.6922        -113861.1974      9632.1953         0.0000         0.0000     18610.1010         -82933.7707       302.5418   -101543.8717    -82995.3971       302.0018           -202.4073      -203.7816    300987.2776        12.3740        12.4966

WRITING EXTENDED SYSTEM TO RESTART FILE AT STEP 490000
WRITING COORDINATES TO RESTART FILE AT STEP 490000
FINISHED WRITING RESTART COORDINATES
WRITING VELOCITIES TO RESTART FILE AT STEP 490000
FINISHED WRITING RESTART VELOCITIES
TIMING: 495000  CPU: 575.893, 0.00118658/step  Wall: 582.098, 0.00119625/step, 144.451 ns/days, 0.00166146 hours remaining, 0.000000 MB of memory in use.
PERFORMANCE: 495000  averaging 146.957 ns/day, 0.00117585 sec/step with standard deviation 4.47087e-05
ENERGY:  495000       425.4179      1162.0555      1118.3633        64.8841        -113821.9359      9745.8663         0.0000         0.0000     18565.6817         -82739.6672       301.8196   -101305.3489    -82999.5262       301.9137             57.9302        58.4038    301396.7374        18.3357        18.5850

WRITING EXTENDED SYSTEM TO RESTART FILE AT STEP 495000
WRITING COORDINATES TO RESTART FILE AT STEP 495000
FINISHED WRITING RESTART COORDINATES
WRITING VELOCITIES TO RESTART FILE AT STEP 495000
FINISHED WRITING RESTART VELOCITIES
TIMING: 500000  CPU: 581.66, 0.0011534/step  Wall: 587.907, 0.00116166/step, 148.752 ns/days, 0 hours remaining, 0.000000 MB of memory in use.
PERFORMANCE: 500000  averaging 146.975 ns/day, 0.00117571 sec/step with standard deviation 4.4505e-05
ETITLE:      TS           BOND          ANGLE          DIHED          IMPRP               ELECT            VDW       BOUNDARY           MISC        KINETIC               TOTAL           TEMP      POTENTIAL       TOTALAVG        TEMPAVG            PRESSURE      GPRESSURE         VOLUME       PRESSAVG      GPRESSAVG

ENERGY:  500000       425.5140      1162.5781      1116.8334        70.6971        -114328.6505      9694.9205         0.0000         0.0000     18520.1125         -83337.9947       301.0788   -101858.1072    -83007.4700       301.7776           -134.9487      -134.9687    300689.4299        -3.0572        -2.7491

WRITING EXTENDED SYSTEM TO RESTART FILE AT STEP 500000
WRITING COORDINATES TO RESTART FILE AT STEP 500000
FINISHED WRITING RESTART COORDINATES
WRITING VELOCITIES TO RESTART FILE AT STEP 500000
FINISHED WRITING RESTART VELOCITIES
WRITING EXTENDED SYSTEM TO OUTPUT FILE AT STEP 500000
WRITING COORDINATES TO OUTPUT FILE AT STEP 500000
WRITING VELOCITIES TO OUTPUT FILE AT STEP 500000
====================================================

WallClock: 588.929321  CPUTime: 583.759705  Memory: 0.000000 MB
[Partition 0][Node 0] End of program
