Charm++: standalone mode (not using charmrun)
Charm++> Running in Multicore mode: 6 threads (PEs)
Charm++> Using recursive bisection (scheme 3) for topology aware partitions
Converse/Charm++ Commit ID: v80000
CharmLB> Load balancer assumes all CPUs are same.
Charm++> Running on 1 hosts (2 sockets x 24 cores x 1 PUs = 48-way SMP)
Charm++> cpu topology info is gathered in 0.001 seconds.
Info: Built with CUDA version 11080
Pe 2 physical rank 2 will use CUDA device of pe 4
Pe 0 physical rank 0 will use CUDA device of pe 4
Pe 5 physical rank 5 will use CUDA device of pe 4
Pe 1 physical rank 1 will use CUDA device of pe 4
Pe 3 physical rank 3 will use CUDA device of pe 4
Pe 4 physical rank 4 binding to CUDA device 0 on sg012: 'NVIDIA A100-SXM4-80GB'  Mem: 81155MB  Rev: 8.0  PCI: 0:1:0
CharmLB> Load balancing instrumentation for communication is off.
Info: NAMD 3.1alpha2 for Linux-x86_64-multicore-CUDA
Info: 
Info: Please visit http://www.ks.uiuc.edu/Research/namd/
Info: for updates, documentation, and support information.
Info: 
Info: Please cite Phillips et al., J. Chem. Phys. 153:044130 (2020) doi:10.1063/5.0014475
Info: in all publications reporting results obtained with NAMD.
Info: 
Info: Based on Charm++/Converse 80000 for multicore-linux-x86_64
Info: Built Fri Dec 13 00:05:25 MST 2024 by athiru12 on sg031
Info: 1 NAMD  3.1alpha2  Linux-x86_64-multicore-CUDA  6    sg012  athiru12
Info: Running on 6 processors, 1 nodes, 1 physical nodes.
Info: CPU topology information available.
Info: Charm++/Converse parallel runtime startup completed at 0.754528 s
CkLoopLib is used in SMP with simple dynamic scheduling (converse-level notification)
Info: 0 MB of memory in use based on /proc/self/stat
Info: Configuration file is input/step5_imdv3_6_run.inp
Info: Changed directory to input
TCL: Suspending until startup complete.
Warning: Option "1-4scaling" has been deprecated. Instead use "oneFourScaling".
Warning: Option "CUDASOAintegrate" has been deprecated. Instead use "GPUresident".
Info: EXTENDED SYSTEM FILE   ../output/step4_equilibration.xsc
Info: Tuning parameters to improve GPU-resident performance
Info: Setting margin to 4
Warning: The Langevin gamma parameters differ over the particles,
Warning: requiring extra work per step to constrain rigid bonds.
Info: Enabling PMEOffload because PMEInterpOrder > 4.
Info: Running with GPU-resident mode
Warning: Always using force tables for GPU nonbonded kernel due to unsupported config parameters.
Info: SIMULATION PARAMETERS:
Info: TIMESTEP               2
Info: NUMBER OF STEPS        500000
Info: STEPS PER CYCLE        20
Info: PERIODIC CELL BASIS 1  69 0 0
Info: PERIODIC CELL BASIS 2  0 69 0
Info: PERIODIC CELL BASIS 3  0 0 69
Info: PERIODIC CELL CENTER   0 0 0
Info: WRAPPING WATERS AROUND PERIODIC BOUNDARIES ON OUTPUT.
Info: WRAPPING ALL CLUSTERS AROUND PERIODIC BOUNDARIES ON OUTPUT.
Info: LOAD BALANCER  Centralized
Info: LOAD BALANCING STRATEGY  New Load Balancers -- DEFAULT
Info: LDB PERIOD             4000 steps
Info: FIRST LDB TIMESTEP     100
Info: LAST LDB TIMESTEP     -1
Info: LDB BACKGROUND SCALING 1
Info: HOM BACKGROUND SCALING 1
Info: PME BACKGROUND SCALING 1
Info: MIN ATOMS PER PATCH    40
Info: EMPTY PATCH LOAD       40 ATOMS
Info: VELOCITY FILE          ../output/step4_equilibration.vel
Info: CENTER OF MASS MOVING INITIALLY? NO
Info: DIELECTRIC             1
Info: EXCLUDE                SCALED ONE-FOUR
Info: 1-4 ELECTROSTATICS SCALED BY 1
Info: MODIFIED 1-4 VDW PARAMETERS WILL BE USED
Info: NO DCD TRAJECTORY OUTPUT
Info: NO EXTENDED SYSTEM TRAJECTORY OUTPUT
Info: NO VELOCITY DCD OUTPUT
Info: NO FORCE DCD OUTPUT
Info: OUTPUT FILENAME        ../output/run-3/step5_imdv3_6_1
Info: BINARY OUTPUT FILES WILL BE USED
Info: RESTART FILENAME       ../output/run-3/step5_imdv3_6_1.restart
Info: RESTART FREQUENCY      5000
Info: BINARY RESTART FILES WILL BE USED
Info: SWITCHING ACTIVE
Info: VDW FORCE SWITCHING ACTIVE
Info: SWITCHING ON           10
Info: SWITCHING OFF          12
Info: PAIRLIST DISTANCE      16
Info: PAIRLIST SHRINK RATE   0.01
Info: PAIRLIST GROW RATE     0.01
Info: PAIRLIST TRIGGER       0.3
Info: PAIRLISTS PER CYCLE    2
Info: PAIRLISTS ENABLED
Info: MARGIN                 4
Info: HYDROGEN GROUP CUTOFF  2.5
Info: PATCH DIMENSION        22.5
Info: ENERGY OUTPUT STEPS    5000
Info: ENERGY EVALUATION STEPS    5000
Info: OUTPUT ENERGY PRECISION 4
Info: CROSSTERM ENERGY INCLUDED IN DIHEDRAL
Info: TIMING OUTPUT STEPS    5000
Info: LANGEVIN DYNAMICS ACTIVE
Info: LANGEVIN TEMPERATURE   303.15
Info: LANGEVIN USING BBK INTEGRATOR
Info: LANGEVIN DAMPING COEFFICIENT IS 1 INVERSE PS
Info: LANGEVIN DYNAMICS NOT APPLIED TO HYDROGENS
Info: LANGEVIN PISTON PRESSURE CONTROL ACTIVE
Info:        TARGET PRESSURE IS 1.01325 BAR
Info:     OSCILLATION PERIOD IS 50 FS
Info:             DECAY TIME IS 25 FS
Info:     PISTON TEMPERATURE IS 303.15 K
Info:       PRESSURE CONTROL IS GROUP-BASED
Info:    INITIAL STRAIN RATE IS 0 0 0
Info:       CELL FLUCTUATION IS ISOTROPIC
Info: PARTICLE MESH EWALD (PME) ACTIVE
Info: PME TOLERANCE               1e-06
Info: PME EWALD COEFFICIENT       0.257952
Info: PME INTERPOLATION ORDER     6
Info: PME GRID DIMENSIONS         72 72 72
Info: PME MAXIMUM GRID SPACING    1
Info: PME RECIPROCAL SUM OFFLOADED TO GPU
Info: PME CALCULATION WILL BE PERFORMED ON GPU
Info: FULL ELECTROSTATIC EVALUATION FREQUENCY      1
Info: USING VERLET I (r-RESPA) MTS SCHEME.
Info: C1 SPLITTING OF LONG RANGE ELECTROSTATICS
Info: PLACING ATOMS IN PATCHES BY HYDROGEN GROUPS
Info: RIGID BONDS TO HYDROGEN : ALL
Info:         ERROR TOLERANCE : 1e-08
Info:          MAX ITERATIONS : 100
Info: RIGID WATER USING SETTLE ALGORITHM
Info: RANDOM NUMBER SEED     1742586461
Info: USE HYDROGEN BONDS?    NO
Info: COORDINATE PDB         step3_input.pdb
Info: STRUCTURE FILE         step3_input.psf
Info: PARAMETER file: CHARMM format! 
Info: PARAMETERS             toppar/par_all36m_prot.prm
Info: PARAMETERS             toppar/par_all36_na.prm
Info: PARAMETERS             toppar/par_all36_carb.prm
Info: PARAMETERS             toppar/par_all36_lipid.prm
Info: PARAMETERS             toppar/par_all36_cgenff.prm
Info: PARAMETERS             toppar/par_interface.prm
Info: PARAMETERS             toppar/toppar_all36_moreions.str
Info: PARAMETERS             toppar/toppar_all36_nano_lig.str
Info: PARAMETERS             toppar/toppar_all36_nano_lig_patch.str
Info: PARAMETERS             toppar/toppar_all36_synthetic_polymer.str
Info: PARAMETERS             toppar/toppar_all36_synthetic_polymer_patch.str
Info: PARAMETERS             toppar/toppar_all36_polymer_solvent.str
Info: PARAMETERS             toppar/toppar_water_ions.str
Info: PARAMETERS             toppar/toppar_dum_noble_gases.str
Info: PARAMETERS             toppar/toppar_ions_won.str
Info: PARAMETERS             toppar/cam.str
Info: PARAMETERS             toppar/toppar_all36_prot_arg0.str
Info: PARAMETERS             toppar/toppar_all36_prot_c36m_d_aminoacids.str
Info: PARAMETERS             toppar/toppar_all36_prot_fluoro_alkanes.str
Info: PARAMETERS             toppar/toppar_all36_prot_heme.str
Info: PARAMETERS             toppar/toppar_all36_prot_na_combined.str
Info: PARAMETERS             toppar/toppar_all36_prot_retinol.str
Info: PARAMETERS             toppar/toppar_all36_prot_model.str
Info: PARAMETERS             toppar/toppar_all36_prot_modify_res.str
Info: PARAMETERS             toppar/toppar_all36_na_nad_ppi.str
Info: PARAMETERS             toppar/toppar_all36_na_rna_modified.str
Info: PARAMETERS             toppar/toppar_all36_lipid_sphingo.str
Info: PARAMETERS             toppar/toppar_all36_lipid_archaeal.str
Info: PARAMETERS             toppar/toppar_all36_lipid_bacterial.str
Info: PARAMETERS             toppar/toppar_all36_lipid_cardiolipin.str
Info: PARAMETERS             toppar/toppar_all36_lipid_cholesterol.str
Info: PARAMETERS             toppar/toppar_all36_lipid_dag.str
Info: PARAMETERS             toppar/toppar_all36_lipid_inositol.str
Info: PARAMETERS             toppar/toppar_all36_lipid_lnp.str
Info: PARAMETERS             toppar/toppar_all36_lipid_lps.str
Info: PARAMETERS             toppar/toppar_all36_lipid_mycobacterial.str
Info: PARAMETERS             toppar/toppar_all36_lipid_miscellaneous.str
Info: PARAMETERS             toppar/toppar_all36_lipid_model.str
Info: PARAMETERS             toppar/toppar_all36_lipid_prot.str
Info: PARAMETERS             toppar/toppar_all36_lipid_tag.str
Info: PARAMETERS             toppar/toppar_all36_lipid_yeast.str
Info: PARAMETERS             toppar/toppar_all36_lipid_hmmm.str
Info: PARAMETERS             toppar/toppar_all36_lipid_detergent.str
Info: PARAMETERS             toppar/toppar_all36_lipid_ether.str
Info: PARAMETERS             toppar/toppar_all36_lipid_oxidized.str
Info: PARAMETERS             toppar/toppar_all36_carb_glycolipid.str
Info: PARAMETERS             toppar/toppar_all36_carb_glycopeptide.str
Info: PARAMETERS             toppar/toppar_all36_carb_imlab.str
Info: PARAMETERS             toppar/toppar_all36_label_spin.str
Info: PARAMETERS             toppar/toppar_all36_label_fluorophore.str
Info: USING ARITHMETIC MEAN TO COMBINE L-J SIGMA PARAMETERS
Info: BINARY COORDINATES     ../output/step4_equilibration.coor
Warning: SKIPPING PART OF PARAMETER FILE AFTER RETURN STATEMENT

Warning: DUPLICATE DIHEDRAL ENTRY FOR HAL1-CTO1-C-NHL
PREVIOUS VALUES MULTIPLICITY: 1
  k=0  n=1  delta=0
INCREASING MULTIPLICITY TO: 2
  k=0  n=3  delta=0

Warning: DUPLICATE DIHEDRAL ENTRY FOR HAL1-CTO1-C-O
PREVIOUS VALUES MULTIPLICITY: 1
  k=0  n=1  delta=0
INCREASING MULTIPLICITY TO: 2
  k=0  n=2  delta=3.14159
Warning: SKIPPING PART OF PARAMETER FILE AFTER RETURN STATEMENT

Warning: DUPLICATE DIHEDRAL ENTRY FOR CTL2-CG2O5-CTL1-CTL3
PREVIOUS VALUES MULTIPLICITY: 1
  k=0.75  n=1  delta=0
  k=0.18  n=2  delta=3.14159
INCREASING MULTIPLICITY TO: 3
  k=0.065  n=3  delta=0

Warning: DUPLICATE BOND ENTRY FOR CEL1-CL
PREVIOUS VALUES  k=440  x0=1.489
   USING VALUES  k=300  x0=1.48
Info: SUMMARY OF PARAMETERS:
Info: 1988 BONDS
Info: 6776 ANGLES
Info: 19939 DIHEDRAL
Info: 430 IMPROPER
Info: 28 CROSSTERM
Info: 751 VDW
Info: 122 VDW_PAIRS
Info: 0 NBTHOLE_PAIRS
Warning: Ignored 9467 bonds with zero force constants.
Warning: Will get H-H distance in rigid H2O from H-O-H angle.
Info: TIME FOR READING PSF FILE: 0.057389
Info: Reading pdb file step3_input.pdb
Info: TIME FOR READING PDB FILE: 0.0251592
Info: 
Info: ****************************
Info: STRUCTURE SUMMARY:
Info: 30423 ATOMS
Info: 20918 BONDS
Info: 13014 ANGLES
Info: 5187 DIHEDRALS
Info: 373 IMPROPERS
Info: 127 CROSSTERMS
Info: 0 EXCLUSIONS
Info: 29360 RIGID BONDS
Info: 61909 DEGREES OF FREEDOM
Info: 10530 HYDROGEN GROUPS
Info: 4 ATOMS IN LARGEST HYDROGEN GROUP
Info: 10530 MIGRATION GROUPS
Info: 4 ATOMS IN LARGEST MIGRATION GROUP
Info: TOTAL MASS = 186727 amu
Info: TOTAL CHARGE = 1.31875e-06 e
Info: MASS DENSITY = 0.943883 g/cm^3
Info: ATOM DENSITY = 0.0926093 atoms/A^3
Info: *****************************
Info: Reading from binary file ../output/step4_equilibration.coor
Info: 
Info: Entering startup at 0.898223 s, 0 MB of memory in use
Info: Startup phase 0 took 5.4804e-05 s, 0 MB of memory in use
Info: ADDED 39038 IMPLICIT EXCLUSIONS
Info: Startup phase 1 took 0.00581073 s, 0 MB of memory in use
Info: NONBONDED TABLE R-SQUARED SPACING: 0.0625
Info: NONBONDED TABLE SIZE: 769 POINTS
Info: INCONSISTENCY IN FAST TABLE ENERGY VS FORCE: 0.000325096 AT 11.9556
Info: INCONSISTENCY IN SCOR TABLE ENERGY VS FORCE: 0.000324844 AT 11.9556
Info: INCONSISTENCY IN VDWA TABLE ENERGY VS FORCE: 0.0040507 AT 0.251946
Info: INCONSISTENCY IN VDWB TABLE ENERGY VS FORCE: 0.00150189 AT 0.251946
Info: Startup phase 2 took 0.0107419 s, 0 MB of memory in use
Info: Startup phase 3 took 4.5305e-05 s, 0 MB of memory in use
Info: Startup phase 4 took 0.000141627 s, 0 MB of memory in use
Info: Startup phase 5 took 3.4084e-05 s, 0 MB of memory in use
Info: PATCH GRID IS 3 (PERIODIC) BY 3 (PERIODIC) BY 3 (PERIODIC)
Info: PATCH GRID IS 1-AWAY BY 1-AWAY BY 1-AWAY
Info: Reading from binary file ../output/step4_equilibration.vel
Info: REMOVING COM VELOCITY 0.0102651 -0.01707 0.00842024
Info: LARGEST PATCH (13) HAS 1316 ATOMS
Info: TORUS A SIZE 1 USING 0
Info: TORUS B SIZE 1 USING 0
Info: TORUS C SIZE 1 USING 0
Info: TORUS MINIMAL MESH SIZE IS 1 BY 1 BY 1
Info: Placed 100% of base nodes on same physical node as patch
Info: Startup phase 6 took 0.0118208 s, 0 MB of memory in use
Info: Use 3D box decompostion in PME FFT.
Info: PME using 1 x 1 x 1 pencil grid for FFT and reciprocal sum.
Info: Startup phase 7 took 0.00011703 s, 0 MB of memory in use
Info: Updated CUDA force table with 4096 elements.
Info: Updated CUDA LJ table with 751 x 751 elements.
Info: Startup phase 8 took 0.00567365 s, 0 MB of memory in use
Info: Startup phase 9 took 5.5925e-05 s, 0 MB of memory in use
Info: Startup phase 10 took 3.0287e-05 s, 0 MB of memory in use
Info: Startup phase 11 took 0.00494924 s, 0 MB of memory in use
LDB: Central LB being created...
Info: Startup phase 12 took 0.00204171 s, 0 MB of memory in use
Info: CREATING 615 COMPUTE OBJECTS
Info: Found 268 unique exclusion lists needing 4316 bytes
Info: useSync: 0 useProxySync: 0
Info: Startup phase 13 took 0.0168049 s, 0 MB of memory in use
Info: Startup phase 14 took 3.7942e-05 s, 0 MB of memory in use
Info: Startup phase 15 took 2.131e-05 s, 0 MB of memory in use
Info: Finished startup at 0.956604 s, 0 MB of memory in use

TCL: Original numsteps 500000 will be ignored.
TCL: Running for 500000 steps
ETITLE:      TS           BOND          ANGLE          DIHED          IMPRP               ELECT            VDW       BOUNDARY           MISC        KINETIC               TOTAL           TEMP      POTENTIAL       TOTALAVG        TEMPAVG            PRESSURE      GPRESSURE         VOLUME       PRESSAVG      GPRESSAVG

ENERGY:       0       393.7845      1151.3864      1140.5717        75.7877        -111381.5648      9211.0936         0.0000         0.0000     18671.3312         -80737.6098       303.5372    -99408.9410    -80737.6098       303.5372          -1002.7070     -1000.5920    328509.0000     -1002.7070     -1000.5920

Info: Initial time: 6 CPUs 0.00119036 s/step 145.166 ns/day 0 MB memory
Info: Initial time: 6 CPUs 0.00115981 s/step 148.99 ns/day 0 MB memory
Info: Initial time: 6 CPUs 0.00116093 s/step 148.847 ns/day 0 MB memory
Info: Benchmark time: 6 CPUs 0.00117188 s/step 147.455 ns/day 0 MB memory
Info: Benchmark time: 6 CPUs 0.00117571 s/step 146.975 ns/day 0 MB memory
Info: Benchmark time: 6 CPUs 0.00115658 s/step 149.406 ns/day 0 MB memory
Info: Benchmark time: 6 CPUs 0.00114318 s/step 151.157 ns/day 0 MB memory
Info: Benchmark time: 6 CPUs 0.00121329 s/step 142.423 ns/day 0 MB memory
Info: Benchmark time: 6 CPUs 0.00115364 s/step 149.787 ns/day 0 MB memory
TIMING: 5000  CPU: 5.82735, 0.00115709/step  Wall: 5.85096, 0.00116131/step, 148.797 ns/days, 0.159681 hours remaining, 0.000000 MB of memory in use.
PERFORMANCE: 5000  averaging 148.797 ns/day, 0.00116131 sec/step with standard deviation 0
ENERGY:    5000       402.6389      1127.7021      1133.4149        68.0713        -113859.0871      9763.9454         0.0000         0.0000     18667.0089         -82696.3056       303.4669   -101363.3145    -81716.9577       303.5020            159.6691       160.9377    300941.0732      -421.5189      -419.8272

WRITING EXTENDED SYSTEM TO RESTART FILE AT STEP 5000
WRITING COORDINATES TO RESTART FILE AT STEP 5000
FINISHED WRITING RESTART COORDINATES
The last position output (seq=5000) takes 0.006 seconds, 0.000 MB of memory in use
WRITING VELOCITIES TO RESTART FILE AT STEP 5000
FINISHED WRITING RESTART VELOCITIES
The last velocity output (seq=5000) takes 0.006 seconds, 0.000 MB of memory in use
TIMING: 10000  CPU: 11.6149, 0.00115751/step  Wall: 11.6612, 0.00116205/step, 148.703 ns/days, 0.158168 hours remaining, 0.000000 MB of memory in use.
PERFORMANCE: 10000  averaging 148.75 ns/day, 0.00116168 sec/step with standard deviation 5.18692e-07
ENERGY:   10000       420.9510      1119.8361      1114.3599        67.0935        -114232.5446      9981.5739         0.0000         0.0000     18556.4310         -82972.2991       301.6693   -101528.7301    -82135.4048       302.8911             99.8470       103.1881    301386.3334      -247.7303      -245.4887

WRITING EXTENDED SYSTEM TO RESTART FILE AT STEP 10000
WRITING COORDINATES TO RESTART FILE AT STEP 10000
FINISHED WRITING RESTART COORDINATES
The last position output (seq=10000) takes 0.007 seconds, 0.000 MB of memory in use
WRITING VELOCITIES TO RESTART FILE AT STEP 10000
FINISHED WRITING RESTART VELOCITIES
The last velocity output (seq=10000) takes 0.007 seconds, 0.000 MB of memory in use
TIMING: 15000  CPU: 17.3962, 0.00115625/step  Wall: 17.4722, 0.00116221/step, 148.682 ns/days, 0.156575 hours remaining, 0.000000 MB of memory in use.
PERFORMANCE: 15000  averaging 148.728 ns/day, 0.00116186 sec/step with standard deviation 4.76918e-07
ENERGY:   15000       433.0304      1197.0067      1130.3734        68.1757        -114070.0776      9848.3378         0.0000         0.0000     18515.0824         -82878.0711       300.9971   -101393.1536    -82321.0714       302.4176             33.5335        36.4543    302019.9445      -177.4144      -175.0030

WRITING EXTENDED SYSTEM TO RESTART FILE AT STEP 15000
WRITING COORDINATES TO RESTART FILE AT STEP 15000
FINISHED WRITING RESTART COORDINATES
The last position output (seq=15000) takes 0.007 seconds, 0.000 MB of memory in use
WRITING VELOCITIES TO RESTART FILE AT STEP 15000
FINISHED WRITING RESTART VELOCITIES
The last velocity output (seq=15000) takes 0.007 seconds, 0.000 MB of memory in use
TIMING: 20000  CPU: 23.1731, 0.00115539/step  Wall: 23.2859, 0.00116273/step, 148.616 ns/days, 0.155031 hours remaining, 0.000000 MB of memory in use.
PERFORMANCE: 20000  averaging 148.7 ns/day, 0.00116207 sec/step with standard deviation 5.85365e-07
ENERGY:   20000       428.8695      1122.4945      1116.6052        70.4150        -114000.3087      9812.9905         0.0000         0.0000     18497.1350         -82951.7992       300.7053   -101448.9341    -82447.2170       302.0751             34.6383        35.2200    302000.3839      -135.0038      -132.9584

WRITING EXTENDED SYSTEM TO RESTART FILE AT STEP 20000
WRITING COORDINATES TO RESTART FILE AT STEP 20000
FINISHED WRITING RESTART COORDINATES
The last position output (seq=20000) takes 0.011 seconds, 0.000 MB of memory in use
WRITING VELOCITIES TO RESTART FILE AT STEP 20000
FINISHED WRITING RESTART VELOCITIES
The last velocity output (seq=20000) takes 0.009 seconds, 0.000 MB of memory in use
TIMING: 25000  CPU: 29.0142, 0.00116822/step  Wall: 29.1526, 0.00117335/step, 147.27 ns/days, 0.154817 hours remaining, 0.000000 MB of memory in use.
PERFORMANCE: 25000  averaging 148.411 ns/day, 0.00116433 sec/step with standard deviation 5.06918e-06
ENERGY:   25000       439.5829      1064.2618      1108.3612        75.1125        -114028.2368      9875.2150         0.0000         0.0000     18712.8205         -82752.8829       304.2117   -101465.7033    -82498.1613       302.4312            118.1249       125.3087    302086.9053       -92.8157       -89.9139

WRITING EXTENDED SYSTEM TO RESTART FILE AT STEP 25000
WRITING COORDINATES TO RESTART FILE AT STEP 25000
FINISHED WRITING RESTART COORDINATES
The last position output (seq=25000) takes 0.008 seconds, 0.000 MB of memory in use
WRITING VELOCITIES TO RESTART FILE AT STEP 25000
FINISHED WRITING RESTART VELOCITIES
The last velocity output (seq=25000) takes 0.009 seconds, 0.000 MB of memory in use
TIMING: 30000  CPU: 36.1294, 0.00142304/step  Wall: 36.3056, 0.00143058/step, 120.79 ns/days, 0.186771 hours remaining, 0.000000 MB of memory in use.
PERFORMANCE: 30000  averaging 142.963 ns/day, 0.00120871 sec/step with standard deviation 0.000108792
ENERGY:   30000       451.7454      1102.4631      1108.2278        76.9093        -113773.5348      9575.0093         0.0000         0.0000     18697.2233         -82761.9566       303.9581   -101459.1799    -82535.8463       302.6493           -348.1750      -347.7379    301086.3994      -129.2956      -126.7459

WRITING EXTENDED SYSTEM TO RESTART FILE AT STEP 30000
WRITING COORDINATES TO RESTART FILE AT STEP 30000
FINISHED WRITING RESTART COORDINATES
The last position output (seq=30000) takes 0.007 seconds, 0.000 MB of memory in use
WRITING VELOCITIES TO RESTART FILE AT STEP 30000
FINISHED WRITING RESTART VELOCITIES
TIMING: 35000  CPU: 41.8697, 0.00114805/step  Wall: 42.0845, 0.00115578/step, 149.509 ns/days, 0.149289 hours remaining, 0.000000 MB of memory in use.
PERFORMANCE: 35000  averaging 143.863 ns/day, 0.00120115 sec/step with standard deviation 0.000101308
ENERGY:   35000       420.8546      1163.1573      1154.9798        75.9401        -114215.8082      9887.9640         0.0000         0.0000     18794.3361         -82718.5764       305.5368   -101512.9124    -82558.6876       303.0103             -0.4212         0.9037    301368.9427      -113.1863      -110.7897

WRITING EXTENDED SYSTEM TO RESTART FILE AT STEP 35000
WRITING COORDINATES TO RESTART FILE AT STEP 35000
FINISHED WRITING RESTART COORDINATES
The last position output (seq=35000) takes 0.007 seconds, 0.000 MB of memory in use
WRITING VELOCITIES TO RESTART FILE AT STEP 35000
FINISHED WRITING RESTART VELOCITIES
TIMING: 40000  CPU: 47.6689, 0.00115984/step  Wall: 47.9218, 0.00116745/step, 148.015 ns/days, 0.149175 hours remaining, 0.000000 MB of memory in use.
PERFORMANCE: 40000  averaging 144.369 ns/day, 0.00119693 sec/step with standard deviation 9.45464e-05
ENERGY:   40000       442.6341      1147.2899      1140.2814        69.9956        -114204.2346      9723.8439         0.0000         0.0000     18502.5075         -83177.6822       300.7926   -101680.1897    -82627.4648       302.7639            -44.9225       -43.5587    299988.3289      -105.6014      -103.3196

WRITING EXTENDED SYSTEM TO RESTART FILE AT STEP 40000
WRITING COORDINATES TO RESTART FILE AT STEP 40000
FINISHED WRITING RESTART COORDINATES
The last position output (seq=40000) takes 0.012 seconds, 0.000 MB of memory in use
WRITING VELOCITIES TO RESTART FILE AT STEP 40000
FINISHED WRITING RESTART VELOCITIES
TIMING: 45000  CPU: 53.4417, 0.00115456/step  Wall: 53.7347, 0.00116259/step, 148.633 ns/days, 0.146939 hours remaining, 0.000000 MB of memory in use.
PERFORMANCE: 45000  averaging 144.831 ns/day, 0.00119312 sec/step with standard deviation 8.91778e-05
ENERGY:   45000       406.7733      1106.0897      1120.1231        79.0173        -114244.7211      9754.8120         0.0000         0.0000     18566.2138         -83211.6918       301.8283   -101777.9056    -82685.8875       302.6703           -106.5918      -111.1860    301154.4547      -105.7005      -104.1062

WRITING EXTENDED SYSTEM TO RESTART FILE AT STEP 45000
WRITING COORDINATES TO RESTART FILE AT STEP 45000
FINISHED WRITING RESTART COORDINATES
The last position output (seq=45000) takes 0.008 seconds, 0.000 MB of memory in use
WRITING VELOCITIES TO RESTART FILE AT STEP 45000
FINISHED WRITING RESTART VELOCITIES
TIMING: 50000  CPU: 59.1939, 0.00115044/step  Wall: 59.5185, 0.00115676/step, 149.382 ns/days, 0.144595 hours remaining, 0.000000 MB of memory in use.
PERFORMANCE: 50000  averaging 145.273 ns/day, 0.00118948 sec/step with standard deviation 8.48599e-05
ETITLE:      TS           BOND          ANGLE          DIHED          IMPRP               ELECT            VDW       BOUNDARY           MISC        KINETIC               TOTAL           TEMP      POTENTIAL       TOTALAVG        TEMPAVG            PRESSURE      GPRESSURE         VOLUME       PRESSAVG      GPRESSAVG

ENERGY:   50000       426.3935      1147.8915      1117.2147        69.8026        -114136.9358      9835.4088         0.0000         0.0000     18482.3032         -83057.9215       300.4642   -101540.2246    -82719.7087       302.4698            -18.9120       -19.3345    300412.7021       -97.8106       -96.3997

WRITING EXTENDED SYSTEM TO RESTART FILE AT STEP 50000
WRITING COORDINATES TO RESTART FILE AT STEP 50000
FINISHED WRITING RESTART COORDINATES
The last position output (seq=50000) takes 0.010 seconds, 0.000 MB of memory in use
WRITING VELOCITIES TO RESTART FILE AT STEP 50000
FINISHED WRITING RESTART VELOCITIES
TIMING: 55000  CPU: 66.898, 0.00154083/step  Wall: 68.1983, 0.00173596/step, 99.5416 ns/days, 0.214584 hours remaining, 0.000000 MB of memory in use.
PERFORMANCE: 55000  averaging 139.449 ns/day, 0.00123916 sec/step with standard deviation 0.000183384
ENERGY:   55000       406.3365      1164.3966      1152.9415        64.9996        -113726.1876      9499.9130         0.0000         0.0000     18488.2652         -82949.3351       300.5611   -101437.6004    -82738.8443       302.3107           -300.2356      -303.5686    301059.6451      -114.6793      -113.6638

WRITING EXTENDED SYSTEM TO RESTART FILE AT STEP 55000
WRITING COORDINATES TO RESTART FILE AT STEP 55000
FINISHED WRITING RESTART COORDINATES
WRITING VELOCITIES TO RESTART FILE AT STEP 55000
FINISHED WRITING RESTART VELOCITIES
TIMING: 60000  CPU: 72.6684, 0.00115407/step  Wall: 74.1284, 0.00118601/step, 145.698 ns/days, 0.144957 hours remaining, 0.000000 MB of memory in use.
PERFORMANCE: 60000  averaging 139.949 ns/day, 0.00123473 sec/step with standard deviation 0.000175522
ENERGY:   60000       439.9459      1151.0691      1118.8370        66.4579        -114222.1032      9844.9877         0.0000         0.0000     18615.8773         -82984.9284       302.6357   -101600.8057    -82757.7738       302.3357            -87.4220       -85.5331    300856.8937      -112.5826      -111.4999

WRITING EXTENDED SYSTEM TO RESTART FILE AT STEP 60000
WRITING COORDINATES TO RESTART FILE AT STEP 60000
FINISHED WRITING RESTART COORDINATES
WRITING VELOCITIES TO RESTART FILE AT STEP 60000
FINISHED WRITING RESTART VELOCITIES
TIMING: 65000  CPU: 78.4216, 0.00115064/step  Wall: 79.9207, 0.00115846/step, 149.164 ns/days, 0.139981 hours remaining, 0.000000 MB of memory in use.
PERFORMANCE: 65000  averaging 140.617 ns/day, 0.00122887 sec/step with standard deviation 0.000169375
ENERGY:   65000       426.5941      1144.4109      1103.0033        66.3232        -114067.6127      9845.2297         0.0000         0.0000     18431.9381         -83050.1134       299.6454   -101482.0515    -82778.6552       302.1435             24.4094        25.4239    300265.8879      -102.7975      -101.7196

WRITING EXTENDED SYSTEM TO RESTART FILE AT STEP 65000
WRITING COORDINATES TO RESTART FILE AT STEP 65000
FINISHED WRITING RESTART COORDINATES
WRITING VELOCITIES TO RESTART FILE AT STEP 65000
FINISHED WRITING RESTART VELOCITIES
TIMING: 70000  CPU: 84.2156, 0.0011588/step  Wall: 85.7459, 0.00116504/step, 148.321 ns/days, 0.139158 hours remaining, 0.000000 MB of memory in use.
PERFORMANCE: 70000  averaging 141.141 ns/day, 0.00122431 sec/step with standard deviation 0.000163622
ENERGY:   70000       436.3984      1135.1506      1126.2223        72.0915        -114057.8436      9775.4252         0.0000         0.0000     18703.7901         -82808.7655       304.0648   -101512.5556    -82780.6626       302.2716            -19.0809       -15.7912    300328.2312       -97.2164       -95.9910

WRITING EXTENDED SYSTEM TO RESTART FILE AT STEP 70000
WRITING COORDINATES TO RESTART FILE AT STEP 70000
FINISHED WRITING RESTART COORDINATES
WRITING VELOCITIES TO RESTART FILE AT STEP 70000
FINISHED WRITING RESTART VELOCITIES
TIMING: 75000  CPU: 89.9458, 0.00114604/step  Wall: 91.5138, 0.00115357/step, 149.796 ns/days, 0.136185 hours remaining, 0.000000 MB of memory in use.
PERFORMANCE: 75000  averaging 141.687 ns/day, 0.00121959 sec/step with standard deviation 0.000158725
ENERGY:   75000       420.2924      1124.8403      1114.5206        74.2836        -113963.2136      9749.5242         0.0000         0.0000     18640.5388         -82839.2136       303.0366   -101479.7525    -82784.3220       302.3194             28.3762        29.0544    300377.4252       -89.3668       -88.1757

WRITING EXTENDED SYSTEM TO RESTART FILE AT STEP 75000
WRITING COORDINATES TO RESTART FILE AT STEP 75000
FINISHED WRITING RESTART COORDINATES
WRITING VELOCITIES TO RESTART FILE AT STEP 75000
FINISHED WRITING RESTART VELOCITIES
TIMING: 80000  CPU: 95.7594, 0.00116271/step  Wall: 97.3644, 0.00117012/step, 147.677 ns/days, 0.136514 hours remaining, 0.000000 MB of memory in use.
PERFORMANCE: 80000  averaging 142.047 ns/day, 0.0012165 sec/step with standard deviation 0.00015384
ENERGY:   80000       418.6988      1106.0056      1125.5824        70.8088        -114280.6233      9806.1622         0.0000         0.0000     18569.6668         -83183.6988       301.8844   -101753.3655    -82807.8148       302.2938            188.8988       184.5342    299365.9782       -72.9983       -72.1339

WRITING EXTENDED SYSTEM TO RESTART FILE AT STEP 80000
WRITING COORDINATES TO RESTART FILE AT STEP 80000
FINISHED WRITING RESTART COORDINATES
WRITING VELOCITIES TO RESTART FILE AT STEP 80000
FINISHED WRITING RESTART VELOCITIES
TIMING: 85000  CPU: 101.51, 0.00115015/step  Wall: 103.149, 0.00115699/step, 149.353 ns/days, 0.133375 hours remaining, 0.000000 MB of memory in use.
PERFORMANCE: 85000  averaging 142.457 ns/day, 0.001213 sec/step with standard deviation 0.000149653
ENERGY:   85000       417.6223      1100.4409      1116.3877        81.5078        -114427.1908     10032.9343         0.0000         0.0000     18648.7827         -83029.5152       303.1706   -101678.2979    -82820.1315       302.3426            103.3905       100.2452    300956.2017       -63.1989       -62.5573

WRITING EXTENDED SYSTEM TO RESTART FILE AT STEP 85000
WRITING COORDINATES TO RESTART FILE AT STEP 85000
FINISHED WRITING RESTART COORDINATES
WRITING VELOCITIES TO RESTART FILE AT STEP 85000
FINISHED WRITING RESTART VELOCITIES
TIMING: 90000  CPU: 107.51, 0.00120001/step  Wall: 109.201, 0.00121029/step, 142.776 ns/days, 0.137838 hours remaining, 0.000000 MB of memory in use.
PERFORMANCE: 90000  averaging 142.475 ns/day, 0.00121285 sec/step with standard deviation 0.000145186
ENERGY:   90000       457.1215      1113.8866      1118.0961        64.8154        -114028.0618      9795.5276         0.0000         0.0000     18707.8836         -82770.7309       304.1314   -101478.6145    -82817.5314       302.4367              8.3944        12.9599    301184.4309       -59.4308       -58.5827

WRITING EXTENDED SYSTEM TO RESTART FILE AT STEP 90000
WRITING COORDINATES TO RESTART FILE AT STEP 90000
FINISHED WRITING RESTART COORDINATES
WRITING VELOCITIES TO RESTART FILE AT STEP 90000
FINISHED WRITING RESTART VELOCITIES
TIMING: 95000  CPU: 113.311, 0.00116015/step  Wall: 115.244, 0.00120869/step, 142.965 ns/days, 0.135977 hours remaining, 0.000000 MB of memory in use.
PERFORMANCE: 95000  averaging 142.5 ns/day, 0.00121263 sec/step with standard deviation 0.000141099
ENERGY:   95000       431.0957      1133.5972      1120.4549        75.4193        -113875.7479      9713.7164         0.0000         0.0000     18589.8766         -82811.5878       302.2130   -101401.4644    -82817.2342       302.4255             69.8505        73.1489    301283.1219       -52.9668       -51.9961

WRITING EXTENDED SYSTEM TO RESTART FILE AT STEP 95000
WRITING COORDINATES TO RESTART FILE AT STEP 95000
FINISHED WRITING RESTART COORDINATES
WRITING VELOCITIES TO RESTART FILE AT STEP 95000
FINISHED WRITING RESTART VELOCITIES
TIMING: 100000  CPU: 119.118, 0.00116143/step  Wall: 121.084, 0.00116804/step, 147.94 ns/days, 0.129782 hours remaining, 0.000000 MB of memory in use.
PERFORMANCE: 100000  averaging 142.763 ns/day, 0.0012104 sec/step with standard deviation 0.000137697
ETITLE:      TS           BOND          ANGLE          DIHED          IMPRP               ELECT            VDW       BOUNDARY           MISC        KINETIC               TOTAL           TEMP      POTENTIAL       TOTALAVG        TEMPAVG            PRESSURE      GPRESSURE         VOLUME       PRESSAVG      GPRESSAVG

ENERGY:  100000       439.2177      1108.3820      1127.4479        82.6977        -114278.9109      9861.5551         0.0000         0.0000     18558.3768         -83101.2338       301.7009   -101659.6105    -82935.4154       302.3337             25.6655        29.3330    300655.7194        -1.5481        -0.4999

WRITING EXTENDED SYSTEM TO RESTART FILE AT STEP 100000
WRITING COORDINATES TO RESTART FILE AT STEP 100000
FINISHED WRITING RESTART COORDINATES
WRITING VELOCITIES TO RESTART FILE AT STEP 100000
FINISHED WRITING RESTART VELOCITIES
TIMING: 105000  CPU: 124.917, 0.00115989/step  Wall: 126.915, 0.00116611/step, 148.184 ns/days, 0.127949 hours remaining, 0.000000 MB of memory in use.
PERFORMANCE: 105000  averaging 143.012 ns/day, 0.00120829 sec/step with standard deviation 0.000134558
ENERGY:  105000       392.8870      1120.8996      1141.4993        69.6801        -113997.0331      9709.3786         0.0000         0.0000     18695.3003         -82867.3883       303.9268   -101562.6886    -82943.9696       302.3567           -153.6050      -148.5068    301176.6130       -17.2118       -15.9721

WRITING EXTENDED SYSTEM TO RESTART FILE AT STEP 105000
WRITING COORDINATES TO RESTART FILE AT STEP 105000
FINISHED WRITING RESTART COORDINATES
WRITING VELOCITIES TO RESTART FILE AT STEP 105000
FINISHED WRITING RESTART VELOCITIES
TIMING: 110000  CPU: 130.7, 0.00115649/step  Wall: 132.73, 0.00116304/step, 148.576 ns/days, 0.125996 hours remaining, 0.000000 MB of memory in use.
PERFORMANCE: 110000  averaging 143.256 ns/day, 0.00120623 sec/step with standard deviation 0.000131669
ENERGY:  110000       410.2928      1137.3882      1115.5243        72.3988        -114091.9729      9743.9693         0.0000         0.0000     18613.1681         -82999.2314       302.5916   -101612.3995    -82945.3162       302.4028              0.1077        -3.6573    300858.6144       -22.1988       -21.3144

WRITING EXTENDED SYSTEM TO RESTART FILE AT STEP 110000
WRITING COORDINATES TO RESTART FILE AT STEP 110000
FINISHED WRITING RESTART COORDINATES
WRITING VELOCITIES TO RESTART FILE AT STEP 110000
FINISHED WRITING RESTART VELOCITIES
TIMING: 115000  CPU: 136.473, 0.00115455/step  Wall: 138.543, 0.00116264/step, 148.627 ns/days, 0.124338 hours remaining, 0.000000 MB of memory in use.
PERFORMANCE: 115000  averaging 143.481 ns/day, 0.00120434 sec/step with standard deviation 0.000128962
ENERGY:  115000       419.2420      1120.7763      1107.5437        74.0099        -114069.1950      9848.1949         0.0000         0.0000     18510.1582         -82989.2699       300.9170   -101499.4281    -82950.8761       302.3988           -104.4536      -104.2062    301777.9239       -29.0982       -28.3474

WRITING EXTENDED SYSTEM TO RESTART FILE AT STEP 115000
WRITING COORDINATES TO RESTART FILE AT STEP 115000
FINISHED WRITING RESTART COORDINATES
WRITING VELOCITIES TO RESTART FILE AT STEP 115000
FINISHED WRITING RESTART VELOCITIES
TIMING: 120000  CPU: 142.248, 0.00115497/step  Wall: 144.352, 0.00116173/step, 148.744 ns/days, 0.122627 hours remaining, 0.000000 MB of memory in use.
PERFORMANCE: 120000  averaging 143.693 ns/day, 0.00120256 sec/step with standard deviation 0.000126427
ENERGY:  120000       455.6400      1079.1459      1111.0228        68.6479        -113829.5390      9496.7181         0.0000         0.0000     18606.2078         -83012.1565       302.4785   -101618.3643    -82953.8940       302.4875           -397.7759      -397.4450    301203.6569       -50.7189       -49.9807

WRITING EXTENDED SYSTEM TO RESTART FILE AT STEP 120000
WRITING COORDINATES TO RESTART FILE AT STEP 120000
FINISHED WRITING RESTART COORDINATES
WRITING VELOCITIES TO RESTART FILE AT STEP 120000
FINISHED WRITING RESTART VELOCITIES
TIMING: 125000  CPU: 148.015, 0.0011534/step  Wall: 150.147, 0.00115898/step, 149.096 ns/days, 0.120727 hours remaining, 0.000000 MB of memory in use.
PERFORMANCE: 125000  averaging 143.902 ns/day, 0.00120082 sec/step with standard deviation 0.000124072
ENERGY:  125000       445.8600      1126.7048      1127.3271        71.8273        -114290.3393      9845.4451         0.0000         0.0000     18718.3014         -82954.8736       304.3008   -101673.1750    -82963.9935       302.4919            -77.3965       -81.2352    300834.3391       -60.4949       -60.3079

WRITING EXTENDED SYSTEM TO RESTART FILE AT STEP 125000
WRITING COORDINATES TO RESTART FILE AT STEP 125000
FINISHED WRITING RESTART COORDINATES
WRITING VELOCITIES TO RESTART FILE AT STEP 125000
FINISHED WRITING RESTART VELOCITIES
TIMING: 130000  CPU: 153.775, 0.00115219/step  Wall: 155.95, 0.00116063/step, 148.884 ns/days, 0.119287 hours remaining, 0.000000 MB of memory in use.
PERFORMANCE: 130000  averaging 144.087 ns/day, 0.00119927 sec/step with standard deviation 0.00012182
ENERGY:  130000       459.7806      1168.5525      1121.7662        74.4873        -113984.1544      9784.3333         0.0000         0.0000     18774.3072         -82600.9272       305.2112   -101375.2344    -82955.9421       302.5546           -108.6210      -107.8128    301300.0722       -48.5172       -48.3116

WRITING EXTENDED SYSTEM TO RESTART FILE AT STEP 130000
WRITING COORDINATES TO RESTART FILE AT STEP 130000
FINISHED WRITING RESTART COORDINATES
WRITING VELOCITIES TO RESTART FILE AT STEP 130000
FINISHED WRITING RESTART VELOCITIES
TIMING: 135000  CPU: 159.531, 0.00115102/step  Wall: 161.738, 0.00115757/step, 149.278 ns/days, 0.117365 hours remaining, 0.000000 MB of memory in use.
PERFORMANCE: 135000  averaging 144.273 ns/day, 0.00119773 sec/step with standard deviation 0.000119724
ENERGY:  135000       430.1065      1146.6875      1129.1036        71.2667        -114312.8057      9727.9445         0.0000         0.0000     18548.4341         -83259.2629       301.5392   -101807.6969    -82982.9764       302.3547           -127.4243      -129.7174    300208.0911       -54.8674       -54.8427

WRITING EXTENDED SYSTEM TO RESTART FILE AT STEP 135000
WRITING COORDINATES TO RESTART FILE AT STEP 135000
FINISHED WRITING RESTART COORDINATES
WRITING VELOCITIES TO RESTART FILE AT STEP 135000
FINISHED WRITING RESTART VELOCITIES
TIMING: 140000  CPU: 165.282, 0.00115029/step  Wall: 167.523, 0.00115694/step, 149.359 ns/days, 0.115694 hours remaining, 0.000000 MB of memory in use.
PERFORMANCE: 140000  averaging 144.449 ns/day, 0.00119627 sec/step with standard deviation 0.000117739
ENERGY:  140000       422.0732      1116.2182      1110.0116        74.1010        -114231.4312      9785.6806         0.0000         0.0000     18784.7865         -82938.5602       305.3816   -101723.3467    -82971.0203       302.5842            -36.7554       -40.1126    301378.6617       -54.4590       -54.6704

WRITING EXTENDED SYSTEM TO RESTART FILE AT STEP 140000
WRITING COORDINATES TO RESTART FILE AT STEP 140000
FINISHED WRITING RESTART COORDINATES
WRITING VELOCITIES TO RESTART FILE AT STEP 140000
FINISHED WRITING RESTART VELOCITIES
TIMING: 145000  CPU: 171.063, 0.00115613/step  Wall: 173.336, 0.0011627/step, 148.619 ns/days, 0.114655 hours remaining, 0.000000 MB of memory in use.
PERFORMANCE: 145000  averaging 144.589 ns/day, 0.00119512 sec/step with standard deviation 0.000115785
ENERGY:  145000       408.8161      1139.5077      1131.7119        70.4697        -113849.2246      9632.9318         0.0000         0.0000     18574.1617         -82891.6256       301.9575   -101465.7873    -82955.0170       302.5906           -117.1913      -124.0450    301160.6692       -54.9890       -55.3133

WRITING EXTENDED SYSTEM TO RESTART FILE AT STEP 145000
WRITING COORDINATES TO RESTART FILE AT STEP 145000
FINISHED WRITING RESTART COORDINATES
WRITING VELOCITIES TO RESTART FILE AT STEP 145000
FINISHED WRITING RESTART VELOCITIES
TIMING: 150000  CPU: 176.853, 0.00115799/step  Wall: 179.159, 0.00116461/step, 148.376 ns/days, 0.113226 hours remaining, 0.000000 MB of memory in use.
PERFORMANCE: 150000  averaging 144.712 ns/day, 0.0011941 sec/step with standard deviation 0.000113907
ETITLE:      TS           BOND          ANGLE          DIHED          IMPRP               ELECT            VDW       BOUNDARY           MISC        KINETIC               TOTAL           TEMP      POTENTIAL       TOTALAVG        TEMPAVG            PRESSURE      GPRESSURE         VOLUME       PRESSAVG      GPRESSAVG

ENERGY:  150000       432.8707      1154.9350      1126.5762        73.9374        -113886.0939      9543.4955         0.0000         0.0000     18514.5261         -83039.7530       300.9880   -101554.2791    -82954.1086       302.6168           -313.7000      -308.4482    301048.5198       -69.7284       -69.7690

WRITING EXTENDED SYSTEM TO RESTART FILE AT STEP 150000
WRITING COORDINATES TO RESTART FILE AT STEP 150000
FINISHED WRITING RESTART COORDINATES
WRITING VELOCITIES TO RESTART FILE AT STEP 150000
FINISHED WRITING RESTART VELOCITIES
TIMING: 155000  CPU: 182.583, 0.00114597/step  Wall: 184.927, 0.00115361/step, 149.791 ns/days, 0.110554 hours remaining, 0.000000 MB of memory in use.
PERFORMANCE: 155000  averaging 144.87 ns/day, 0.00119279 sec/step with standard deviation 0.000112229
ENERGY:  155000       451.4404      1118.1066      1124.9727        72.8423        -114213.8637      9873.2073         0.0000         0.0000     18418.9428         -83154.3514       299.4341   -101573.2942    -82964.3594       302.5605             -0.1946         2.2642    301612.9363       -54.7264       -54.4773

WRITING EXTENDED SYSTEM TO RESTART FILE AT STEP 155000
WRITING COORDINATES TO RESTART FILE AT STEP 155000
FINISHED WRITING RESTART COORDINATES
WRITING VELOCITIES TO RESTART FILE AT STEP 155000
FINISHED WRITING RESTART VELOCITIES
TIMING: 160000  CPU: 188.324, 0.00114835/step  Wall: 190.756, 0.00116586/step, 148.217 ns/days, 0.110109 hours remaining, 0.000000 MB of memory in use.
PERFORMANCE: 160000  averaging 144.972 ns/day, 0.00119195 sec/step with standard deviation 0.000110506
ENERGY:  160000       422.7909      1167.2496      1112.4440        71.7677        -113956.7095      9617.9006         0.0000         0.0000     18616.3069         -82948.2497       302.6426   -101564.5565    -82962.5254       302.5608           -203.6620      -205.1961    302515.1655       -60.5384       -60.4605

WRITING EXTENDED SYSTEM TO RESTART FILE AT STEP 160000
WRITING COORDINATES TO RESTART FILE AT STEP 160000
FINISHED WRITING RESTART COORDINATES
WRITING VELOCITIES TO RESTART FILE AT STEP 160000
FINISHED WRITING RESTART VELOCITIES
TIMING: 165000  CPU: 194.068, 0.00114873/step  Wall: 196.549, 0.00115857/step, 149.149 ns/days, 0.107811 hours remaining, 0.000000 MB of memory in use.
PERFORMANCE: 165000  averaging 145.096 ns/day, 0.00119094 sec/step with standard deviation 0.000108921
ENERGY:  165000       394.8727      1114.2906      1094.2504        68.6838        -114020.4815      9695.4497         0.0000         0.0000     18522.9837         -83129.9507       301.1255   -101652.9343    -82966.5173       302.6348            -29.4029       -29.4358    300695.6977       -63.2290       -63.2035

WRITING EXTENDED SYSTEM TO RESTART FILE AT STEP 165000
WRITING COORDINATES TO RESTART FILE AT STEP 165000
FINISHED WRITING RESTART COORDINATES
WRITING VELOCITIES TO RESTART FILE AT STEP 165000
FINISHED WRITING RESTART VELOCITIES
TIMING: 170000  CPU: 200.864, 0.00135913/step  Wall: 203.779, 0.00144584/step, 119.515 ns/days, 0.132535 hours remaining, 0.000000 MB of memory in use.
PERFORMANCE: 170000  averaging 144.188 ns/day, 0.00119844 sec/step with standard deviation 0.000115825
ENERGY:  170000       392.9016      1158.8959      1123.3680        75.7568        -114109.8241      9852.4079         0.0000         0.0000     18568.1036         -82938.3903       301.8590   -101506.4939    -82972.9985       302.5245            115.0445       112.2056    300555.3966       -56.5227       -56.8036

WRITING EXTENDED SYSTEM TO RESTART FILE AT STEP 170000
WRITING COORDINATES TO RESTART FILE AT STEP 170000
FINISHED WRITING RESTART COORDINATES
WRITING VELOCITIES TO RESTART FILE AT STEP 170000
FINISHED WRITING RESTART VELOCITIES
TIMING: 175000  CPU: 206.597, 0.00114669/step  Wall: 209.551, 0.00115449/step, 149.677 ns/days, 0.104225 hours remaining, 0.000000 MB of memory in use.
PERFORMANCE: 175000  averaging 144.339 ns/day, 0.00119718 sec/step with standard deviation 0.00011435
ENERGY:  175000       410.5310      1143.4463      1107.7761        65.5730        -114040.3186      9706.3742         0.0000         0.0000     18569.4185         -83037.1995       301.8804   -101606.6180    -82982.8978       302.4667            151.2360       151.4836    299514.8000       -50.3797       -50.6822

WRITING EXTENDED SYSTEM TO RESTART FILE AT STEP 175000
WRITING COORDINATES TO RESTART FILE AT STEP 175000
FINISHED WRITING RESTART COORDINATES
WRITING VELOCITIES TO RESTART FILE AT STEP 175000
FINISHED WRITING RESTART VELOCITIES
TIMING: 180000  CPU: 212.349, 0.0011503/step  Wall: 215.336, 0.00115694/step, 149.36 ns/days, 0.102839 hours remaining, 0.000000 MB of memory in use.
PERFORMANCE: 180000  averaging 144.474 ns/day, 0.00119606 sec/step with standard deviation 0.000112904
ENERGY:  180000       440.9959      1126.0510      1134.1463        66.4481        -114026.2270      9768.7441         0.0000         0.0000     18690.1503         -82799.6912       303.8431   -101489.8416    -82963.6974       302.5646           -124.3230      -124.9320    302089.4684       -66.0408       -66.1555

WRITING EXTENDED SYSTEM TO RESTART FILE AT STEP 180000
WRITING COORDINATES TO RESTART FILE AT STEP 180000
FINISHED WRITING RESTART COORDINATES
WRITING VELOCITIES TO RESTART FILE AT STEP 180000
FINISHED WRITING RESTART VELOCITIES
TIMING: 185000  CPU: 218.134, 0.00115703/step  Wall: 221.154, 0.00116372/step, 148.489 ns/days, 0.101826 hours remaining, 0.000000 MB of memory in use.
PERFORMANCE: 185000  averaging 144.58 ns/day, 0.00119519 sec/step with standard deviation 0.000111452
ENERGY:  185000       440.9825      1159.6154      1142.2999        81.6259        -113865.5200      9667.2061         0.0000         0.0000     18595.9901         -82777.8001       302.3124   -101373.7902    -82951.1117       302.5217           -136.1507      -131.4079    300545.2546       -78.0179       -77.7381

WRITING EXTENDED SYSTEM TO RESTART FILE AT STEP 185000
WRITING COORDINATES TO RESTART FILE AT STEP 185000
FINISHED WRITING RESTART COORDINATES
WRITING VELOCITIES TO RESTART FILE AT STEP 185000
FINISHED WRITING RESTART VELOCITIES
TIMING: 190000  CPU: 223.915, 0.0011562/step  Wall: 226.969, 0.00116298/step, 148.584 ns/days, 0.100146 hours remaining, 0.000000 MB of memory in use.
PERFORMANCE: 190000  averaging 144.682 ns/day, 0.00119434 sec/step with standard deviation 0.00011006
ENERGY:  190000       421.3949      1120.5947      1117.7372        74.9174        -114075.2376      9821.3131         0.0000         0.0000     18574.0707         -82945.2097       301.9560   -101519.2804    -82959.8356       302.4130              8.1431         8.1022    300461.7643       -78.0304       -77.9810

WRITING EXTENDED SYSTEM TO RESTART FILE AT STEP 190000
WRITING COORDINATES TO RESTART FILE AT STEP 190000
FINISHED WRITING RESTART COORDINATES
WRITING VELOCITIES TO RESTART FILE AT STEP 190000
FINISHED WRITING RESTART VELOCITIES
TIMING: 195000  CPU: 229.676, 0.00115224/step  Wall: 232.755, 0.00115719/step, 149.327 ns/days, 0.09804 hours remaining, 0.000000 MB of memory in use.
PERFORMANCE: 195000  averaging 144.798 ns/day, 0.00119339 sec/step with standard deviation 0.000108764
ENERGY:  195000       457.2174      1110.4655      1119.0169        72.7387        -114275.4871      9753.1949         0.0000         0.0000     18542.4075         -83220.4462       301.4413   -101762.8537    -82980.2785       302.3744            -96.7507      -102.0458    300073.0317       -86.3605       -86.7408

WRITING EXTENDED SYSTEM TO RESTART FILE AT STEP 195000
WRITING COORDINATES TO RESTART FILE AT STEP 195000
FINISHED WRITING RESTART COORDINATES
WRITING VELOCITIES TO RESTART FILE AT STEP 195000
FINISHED WRITING RESTART VELOCITIES
TIMING: 200000  CPU: 235.446, 0.00115393/step  Wall: 238.559, 0.00116076/step, 148.868 ns/days, 0.0967303 hours remaining, 0.000000 MB of memory in use.
PERFORMANCE: 200000  averaging 144.897 ns/day, 0.00119257 sec/step with standard deviation 0.000107485
ETITLE:      TS           BOND          ANGLE          DIHED          IMPRP               ELECT            VDW       BOUNDARY           MISC        KINETIC               TOTAL           TEMP      POTENTIAL       TOTALAVG        TEMPAVG            PRESSURE      GPRESSURE         VOLUME       PRESSAVG      GPRESSAVG

ENERGY:  200000       424.6482      1166.0119      1101.9462        69.8296        -114130.9770      9641.2240         0.0000         0.0000     18487.9226         -83239.3945       300.5555   -101727.3171    -82987.1866       302.3171           -268.9191      -267.4416    300748.1790      -101.0897      -101.5795

WRITING EXTENDED SYSTEM TO RESTART FILE AT STEP 200000
WRITING COORDINATES TO RESTART FILE AT STEP 200000
FINISHED WRITING RESTART COORDINATES
WRITING VELOCITIES TO RESTART FILE AT STEP 200000
FINISHED WRITING RESTART VELOCITIES
TIMING: 205000  CPU: 241.205, 0.00115189/step  Wall: 244.351, 0.0011585/step, 149.159 ns/days, 0.0949325 hours remaining, 0.000000 MB of memory in use.
PERFORMANCE: 205000  averaging 144.998 ns/day, 0.00119174 sec/step with standard deviation 0.000106266
ENERGY:  205000       418.1395      1077.1865      1119.7503        79.9032        -113842.3442      9653.5059         0.0000         0.0000     18616.4069         -82877.4519       302.6443   -101493.8588    -82987.6898       302.2530           -143.1751      -141.6654    300380.3166      -100.5682      -101.2374

WRITING EXTENDED SYSTEM TO RESTART FILE AT STEP 205000
WRITING COORDINATES TO RESTART FILE AT STEP 205000
FINISHED WRITING RESTART COORDINATES
WRITING VELOCITIES TO RESTART FILE AT STEP 205000
FINISHED WRITING RESTART VELOCITIES
TIMING: 210000  CPU: 246.99, 0.00115703/step  Wall: 250.171, 0.00116397/step, 148.457 ns/days, 0.0937642 hours remaining, 0.000000 MB of memory in use.
PERFORMANCE: 210000  averaging 145.078 ns/day, 0.00119108 sec/step with standard deviation 0.00010505
ENERGY:  210000       419.8566      1123.5065      1135.9402        66.5118        -114263.1185      9876.6490         0.0000         0.0000     18657.7222         -82982.9321       303.3159   -101640.6543    -82986.8748       302.2892            -53.1889       -56.2341    301230.1113      -103.2331      -103.8663

WRITING EXTENDED SYSTEM TO RESTART FILE AT STEP 210000
WRITING COORDINATES TO RESTART FILE AT STEP 210000
FINISHED WRITING RESTART COORDINATES
WRITING VELOCITIES TO RESTART FILE AT STEP 210000
FINISHED WRITING RESTART VELOCITIES
TIMING: 215000  CPU: 252.743, 0.00115059/step  Wall: 255.961, 0.00115788/step, 149.238 ns/days, 0.0916654 hours remaining, 0.000000 MB of memory in use.
PERFORMANCE: 215000  averaging 145.172 ns/day, 0.00119031 sec/step with standard deviation 0.000103915
ENERGY:  215000       451.4665      1120.6565      1133.0178        74.9033        -114512.4029     10027.5964         0.0000         0.0000     18645.6333         -83059.1291       303.1194   -101704.7624    -82990.3678       302.3993            109.2811       116.0456    300781.4382       -92.5463       -92.8537

WRITING EXTENDED SYSTEM TO RESTART FILE AT STEP 215000
WRITING COORDINATES TO RESTART FILE AT STEP 215000
FINISHED WRITING RESTART COORDINATES
WRITING VELOCITIES TO RESTART FILE AT STEP 215000
FINISHED WRITING RESTART VELOCITIES
TIMING: 220000  CPU: 258.488, 0.00114906/step  Wall: 261.739, 0.00115567/step, 149.523 ns/days, 0.0898857 hours remaining, 0.000000 MB of memory in use.
PERFORMANCE: 220000  averaging 145.269 ns/day, 0.00118952 sec/step with standard deviation 0.000102832
ENERGY:  220000       435.9303      1177.7378      1124.1067        78.8087        -114266.5087      9844.2058         0.0000         0.0000     18618.0628         -82987.6565       302.6712   -101605.7193    -82989.1428       302.4090             31.2582        31.6110    300504.4865       -71.0946       -71.4009

WRITING EXTENDED SYSTEM TO RESTART FILE AT STEP 220000
WRITING COORDINATES TO RESTART FILE AT STEP 220000
FINISHED WRITING RESTART COORDINATES
WRITING VELOCITIES TO RESTART FILE AT STEP 220000
FINISHED WRITING RESTART VELOCITIES
TIMING: 225000  CPU: 264.276, 0.00115746/step  Wall: 267.565, 0.00116513/step, 148.309 ns/days, 0.0890032 hours remaining, 0.000000 MB of memory in use.
PERFORMANCE: 225000  averaging 145.335 ns/day, 0.00118898 sec/step with standard deviation 0.000101722
ENERGY:  225000       426.0232      1117.7057      1098.0665        67.2714        -113963.4450      9716.2256         0.0000         0.0000     18454.6689         -83083.4837       300.0149   -101538.1527    -82995.5733       302.1947            -21.0422       -15.7882    300335.4546       -68.2769       -68.1285

WRITING EXTENDED SYSTEM TO RESTART FILE AT STEP 225000
WRITING COORDINATES TO RESTART FILE AT STEP 225000
FINISHED WRITING RESTART COORDINATES
WRITING VELOCITIES TO RESTART FILE AT STEP 225000
FINISHED WRITING RESTART VELOCITIES
TIMING: 230000  CPU: 269.992, 0.00114334/step  Wall: 273.317, 0.00115047/step, 150.2 ns/days, 0.0862852 hours remaining, 0.000000 MB of memory in use.
PERFORMANCE: 230000  averaging 145.437 ns/day, 0.00118814 sec/step with standard deviation 0.000100745
ENERGY:  230000       404.1744      1178.9689      1108.1194        65.2123        -114079.8255      9638.6752         0.0000         0.0000     18486.1884         -83198.4871       300.5273   -101684.6754    -83025.4513       301.9605             19.0768        10.5243    300222.2469       -61.8920       -62.2117

WRITING EXTENDED SYSTEM TO RESTART FILE AT STEP 230000
WRITING COORDINATES TO RESTART FILE AT STEP 230000
FINISHED WRITING RESTART COORDINATES
WRITING VELOCITIES TO RESTART FILE AT STEP 230000
FINISHED WRITING RESTART VELOCITIES
TIMING: 235000  CPU: 275.735, 0.00114857/step  Wall: 279.093, 0.00115526/step, 149.577 ns/days, 0.08504 hours remaining, 0.000000 MB of memory in use.
PERFORMANCE: 235000  averaging 145.523 ns/day, 0.00118744 sec/step with standard deviation 9.97597e-05
ENERGY:  235000       454.1323      1069.1959      1104.4459        65.3167        -114062.2501      9839.5249         0.0000         0.0000     18725.4680         -82804.1663       304.4173   -101529.6343    -83002.6964       302.1044             63.5688        66.4471    300142.0091       -52.3424       -52.4034

WRITING EXTENDED SYSTEM TO RESTART FILE AT STEP 235000
WRITING COORDINATES TO RESTART FILE AT STEP 235000
FINISHED WRITING RESTART COORDINATES
WRITING VELOCITIES TO RESTART FILE AT STEP 235000
FINISHED WRITING RESTART VELOCITIES
TIMING: 240000  CPU: 281.532, 0.00115931/step  Wall: 284.931, 0.00116744/step, 148.016 ns/days, 0.084315 hours remaining, 0.000000 MB of memory in use.
PERFORMANCE: 240000  averaging 145.574 ns/day, 0.00118703 sec/step with standard deviation 9.8735e-05
ENERGY:  240000       448.7708      1088.0802      1140.6236        77.5813        -114056.1511      9590.5332         0.0000         0.0000     18624.8005         -83085.7614       302.7807   -101710.5620    -83010.0565       301.9743           -208.7120      -207.5443    299967.1774       -60.9402       -60.7750

WRITING EXTENDED SYSTEM TO RESTART FILE AT STEP 240000
WRITING COORDINATES TO RESTART FILE AT STEP 240000
FINISHED WRITING RESTART COORDINATES
WRITING VELOCITIES TO RESTART FILE AT STEP 240000
FINISHED WRITING RESTART VELOCITIES
TIMING: 245000  CPU: 287.337, 0.00116115/step  Wall: 290.769, 0.00116772/step, 147.98 ns/days, 0.0827138 hours remaining, 0.000000 MB of memory in use.
PERFORMANCE: 245000  averaging 145.622 ns/day, 0.00118663 sec/step with standard deviation 9.774e-05
ENERGY:  245000       405.6484      1113.8148      1138.1032        78.6646        -114058.4943      9773.0002         0.0000         0.0000     18735.4795         -82813.7837       304.5800   -101549.2632    -83006.1644       302.1055             34.9421        37.9130    301218.1671       -53.3335       -52.6771

WRITING EXTENDED SYSTEM TO RESTART FILE AT STEP 245000
WRITING COORDINATES TO RESTART FILE AT STEP 245000
FINISHED WRITING RESTART COORDINATES
WRITING VELOCITIES TO RESTART FILE AT STEP 245000
FINISHED WRITING RESTART VELOCITIES
TIMING: 250000  CPU: 293.094, 0.00115132/step  Wall: 296.559, 0.00115791/step, 149.234 ns/days, 0.0804104 hours remaining, 0.000000 MB of memory in use.
PERFORMANCE: 250000  averaging 145.693 ns/day, 0.00118606 sec/step with standard deviation 9.68227e-05
ETITLE:      TS           BOND          ANGLE          DIHED          IMPRP               ELECT            VDW       BOUNDARY           MISC        KINETIC               TOTAL           TEMP      POTENTIAL       TOTALAVG        TEMPAVG            PRESSURE      GPRESSURE         VOLUME       PRESSAVG      GPRESSAVG

ENERGY:  250000       431.3601      1110.6952      1106.3698        81.6995        -114306.2486      9978.5960         0.0000         0.0000     18664.2728         -82933.2552       303.4224   -101597.5280    -83000.8395       302.2272            260.8405       257.5411    299828.1527       -24.6065       -24.3777

WRITING EXTENDED SYSTEM TO RESTART FILE AT STEP 250000
WRITING COORDINATES TO RESTART FILE AT STEP 250000
FINISHED WRITING RESTART COORDINATES
WRITING VELOCITIES TO RESTART FILE AT STEP 250000
FINISHED WRITING RESTART VELOCITIES
TIMING: 255000  CPU: 298.868, 0.00115485/step  Wall: 302.369, 0.001162/step, 148.709 ns/days, 0.0790806 hours remaining, 0.000000 MB of memory in use.
PERFORMANCE: 255000  averaging 145.751 ns/day, 0.00118559 sec/step with standard deviation 9.59088e-05
ENERGY:  255000       427.5135      1109.1540      1117.6601        71.8288        -113985.5795      9709.0994         0.0000         0.0000     18429.0509         -83121.2728       299.5985   -101550.3236    -82999.1856       302.2354           -151.5193      -144.3703    300470.8690       -32.1727       -31.7094

WRITING EXTENDED SYSTEM TO RESTART FILE AT STEP 255000
WRITING COORDINATES TO RESTART FILE AT STEP 255000
FINISHED WRITING RESTART COORDINATES
WRITING VELOCITIES TO RESTART FILE AT STEP 255000
FINISHED WRITING RESTART VELOCITIES
TIMING: 260000  CPU: 304.652, 0.00115665/step  Wall: 308.176, 0.0011615/step, 148.774 ns/days, 0.077433 hours remaining, 0.000000 MB of memory in use.
PERFORMANCE: 260000  averaging 145.808 ns/day, 0.00118512 sec/step with standard deviation 9.50226e-05
ENERGY:  260000       463.7510      1112.7598      1139.3140        78.5625        -114028.8271      9893.3048         0.0000         0.0000     18394.9163         -82946.2186       299.0435   -101341.1349    -82999.0840       302.0554            -98.9427       -97.5853    301980.1153       -26.9368       -26.3289

WRITING EXTENDED SYSTEM TO RESTART FILE AT STEP 260000
WRITING COORDINATES TO RESTART FILE AT STEP 260000
FINISHED WRITING RESTART COORDINATES
WRITING VELOCITIES TO RESTART FILE AT STEP 260000
FINISHED WRITING RESTART VELOCITIES
TIMING: 265000  CPU: 310.432, 0.00115611/step  Wall: 313.991, 0.00116305/step, 148.575 ns/days, 0.0759211 hours remaining, 0.000000 MB of memory in use.
PERFORMANCE: 265000  averaging 145.859 ns/day, 0.00118471 sec/step with standard deviation 9.41533e-05
ENERGY:  265000       428.7047      1108.9343      1114.1827        79.3104        -113902.6202      9618.1733         0.0000         0.0000     18531.6816         -83021.6332       301.2669   -101553.3147    -82993.6681       302.0625            -31.9067       -28.7940    301119.5523       -27.0620       -26.2968

WRITING EXTENDED SYSTEM TO RESTART FILE AT STEP 265000
WRITING COORDINATES TO RESTART FILE AT STEP 265000
FINISHED WRITING RESTART COORDINATES
WRITING VELOCITIES TO RESTART FILE AT STEP 265000
FINISHED WRITING RESTART VELOCITIES
TIMING: 270000  CPU: 316.173, 0.00114812/step  Wall: 319.772, 0.00115601/step, 149.48 ns/days, 0.0738562 hours remaining, 0.000000 MB of memory in use.
PERFORMANCE: 270000  averaging 145.924 ns/day, 0.00118417 sec/step with standard deviation 9.33426e-05
ENERGY:  270000       425.0988      1164.3587      1118.0162        72.7885        -114159.1774      9802.1246         0.0000         0.0000     18611.1701         -82965.6205       302.5591   -101576.7906    -82995.0297       302.0975            -42.5557       -46.8382    300643.9396       -34.9420       -34.2490

WRITING EXTENDED SYSTEM TO RESTART FILE AT STEP 270000
WRITING COORDINATES TO RESTART FILE AT STEP 270000
FINISHED WRITING RESTART COORDINATES
WRITING VELOCITIES TO RESTART FILE AT STEP 270000
FINISHED WRITING RESTART VELOCITIES
TIMING: 275000  CPU: 321.938, 0.00115306/step  Wall: 325.584, 0.00116243/step, 148.654 ns/days, 0.0726518 hours remaining, 0.000000 MB of memory in use.
PERFORMANCE: 275000  averaging 145.973 ns/day, 0.00118378 sec/step with standard deviation 9.25207e-05
ENERGY:  275000       374.4939      1187.1194      1113.8709        82.4945        -114755.8188     10109.8997         0.0000         0.0000     18617.2252         -83270.7153       302.6576   -101887.9404    -83006.7054       302.1364            357.6298       356.5335    299733.1506       -24.6223       -23.9965

WRITING EXTENDED SYSTEM TO RESTART FILE AT STEP 275000
WRITING COORDINATES TO RESTART FILE AT STEP 275000
FINISHED WRITING RESTART COORDINATES
WRITING VELOCITIES TO RESTART FILE AT STEP 275000
FINISHED WRITING RESTART VELOCITIES
TIMING: 280000  CPU: 327.733, 0.00115891/step  Wall: 331.412, 0.00116562/step, 148.247 ns/days, 0.0712324 hours remaining, 0.000000 MB of memory in use.
PERFORMANCE: 280000  averaging 146.013 ns/day, 0.00118345 sec/step with standard deviation 9.17079e-05
ENERGY:  280000       401.9639      1126.8985      1113.8204        74.6791        -114099.3624      9663.2195         0.0000         0.0000     18651.3173         -83067.4638       303.2118   -101718.7811    -83020.0941       302.1048           -142.7416      -141.9923    300484.7880       -25.5432       -24.8495

WRITING EXTENDED SYSTEM TO RESTART FILE AT STEP 280000
WRITING COORDINATES TO RESTART FILE AT STEP 280000
FINISHED WRITING RESTART COORDINATES
WRITING VELOCITIES TO RESTART FILE AT STEP 280000
FINISHED WRITING RESTART VELOCITIES
TIMING: 285000  CPU: 335.596, 0.00157262/step  Wall: 339.323, 0.00158228/step, 109.209 ns/days, 0.0944975 hours remaining, 0.000000 MB of memory in use.
PERFORMANCE: 285000  averaging 145.155 ns/day, 0.00119045 sec/step with standard deviation 0.000105123
ENERGY:  285000       421.4557      1126.9937      1122.4504        70.4796        -114014.9338      9636.7484         0.0000         0.0000     18378.6051         -83258.2008       298.7784   -101636.8059    -83044.1141       301.9281           -243.5682      -241.1919    300894.5604       -30.9141       -30.3387

WRITING EXTENDED SYSTEM TO RESTART FILE AT STEP 285000
WRITING COORDINATES TO RESTART FILE AT STEP 285000
FINISHED WRITING RESTART COORDINATES
WRITING VELOCITIES TO RESTART FILE AT STEP 285000
FINISHED WRITING RESTART VELOCITIES
TIMING: 290000  CPU: 341.379, 0.00115675/step  Wall: 345.139, 0.00116318/step, 148.559 ns/days, 0.0678519 hours remaining, 0.000000 MB of memory in use.
PERFORMANCE: 290000  averaging 145.212 ns/day, 0.00118998 sec/step with standard deviation 0.000104258
ENERGY:  290000       401.8252      1128.0974      1120.9933        67.2198        -113875.3783      9767.9708         0.0000         0.0000     18553.8928         -82835.3790       301.6280   -101389.2717    -83038.6226       301.9117             51.9642        55.1641    301110.2500       -28.7230       -27.9856

WRITING EXTENDED SYSTEM TO RESTART FILE AT STEP 290000
WRITING COORDINATES TO RESTART FILE AT STEP 290000
FINISHED WRITING RESTART COORDINATES
WRITING VELOCITIES TO RESTART FILE AT STEP 290000
FINISHED WRITING RESTART VELOCITIES
TIMING: 295000  CPU: 347.131, 0.00115022/step  Wall: 350.929, 0.00115794/step, 149.231 ns/days, 0.0659381 hours remaining, 0.000000 MB of memory in use.
PERFORMANCE: 295000  averaging 145.279 ns/day, 0.00118944 sec/step with standard deviation 0.000103439
ENERGY:  295000       425.0148      1148.1119      1113.2034        75.3948        -113904.7254      9506.1655         0.0000         0.0000     18504.2008         -83132.6341       300.8202   -101636.8349    -83034.2320       301.8806           -344.3372      -338.4958    300760.6826       -41.1024       -39.8081

WRITING EXTENDED SYSTEM TO RESTART FILE AT STEP 295000
WRITING COORDINATES TO RESTART FILE AT STEP 295000
FINISHED WRITING RESTART COORDINATES
WRITING VELOCITIES TO RESTART FILE AT STEP 295000
FINISHED WRITING RESTART VELOCITIES
TIMING: 300000  CPU: 352.907, 0.00115535/step  Wall: 356.737, 0.00116172/step, 148.745 ns/days, 0.0645399 hours remaining, 0.000000 MB of memory in use.
PERFORMANCE: 300000  averaging 145.335 ns/day, 0.00118898 sec/step with standard deviation 0.000102621
ETITLE:      TS           BOND          ANGLE          DIHED          IMPRP               ELECT            VDW       BOUNDARY           MISC        KINETIC               TOTAL           TEMP      POTENTIAL       TOTALAVG        TEMPAVG            PRESSURE      GPRESSURE         VOLUME       PRESSAVG      GPRESSAVG

ENERGY:  300000       454.1675      1144.2751      1103.3014        73.1529        -114066.8371      9733.4111         0.0000         0.0000     18665.0817         -82893.4474       303.4356   -101558.5290    -83016.9346       302.0246            -87.7791       -88.7896    301259.7907       -32.0454       -30.8755

WRITING EXTENDED SYSTEM TO RESTART FILE AT STEP 300000
WRITING COORDINATES TO RESTART FILE AT STEP 300000
FINISHED WRITING RESTART COORDINATES
WRITING VELOCITIES TO RESTART FILE AT STEP 300000
FINISHED WRITING RESTART VELOCITIES
TIMING: 305000  CPU: 358.687, 0.00115588/step  Wall: 362.541, 0.00116068/step, 148.878 ns/days, 0.0628703 hours remaining, 0.000000 MB of memory in use.
PERFORMANCE: 305000  averaging 145.392 ns/day, 0.00118851 sec/step with standard deviation 0.000101827
ENERGY:  305000       398.2548      1101.0317      1089.1675        71.3021        -114074.2426      9732.9897         0.0000         0.0000     18605.2744         -83076.2224       302.4633   -101681.4968    -83026.8731       302.0156           -101.2241       -99.7354    301478.5086       -29.9478       -28.7790

WRITING EXTENDED SYSTEM TO RESTART FILE AT STEP 305000
WRITING COORDINATES TO RESTART FILE AT STEP 305000
FINISHED WRITING RESTART COORDINATES
WRITING VELOCITIES TO RESTART FILE AT STEP 305000
FINISHED WRITING RESTART VELOCITIES
TIMING: 310000  CPU: 364.417, 0.0011461/step  Wall: 368.303, 0.00115238/step, 149.951 ns/days, 0.0608198 hours remaining, 0.000000 MB of memory in use.
PERFORMANCE: 310000  averaging 145.463 ns/day, 0.00118793 sec/step with standard deviation 0.000101093
ENERGY:  310000       413.4074      1129.2217      1100.0185        70.7726        -113852.0361      9697.0242         0.0000         0.0000     18692.6506         -82748.9412       303.8838   -101441.5918    -83015.1736       302.0440             16.9424        16.9881    300403.9849       -26.4413       -25.1179

WRITING EXTENDED SYSTEM TO RESTART FILE AT STEP 310000
WRITING COORDINATES TO RESTART FILE AT STEP 310000
FINISHED WRITING RESTART COORDINATES
WRITING VELOCITIES TO RESTART FILE AT STEP 310000
FINISHED WRITING RESTART VELOCITIES
TIMING: 315000  CPU: 370.167, 0.00114998/step  Wall: 374.083, 0.0011561/step, 149.469 ns/days, 0.0594105 hours remaining, 0.000000 MB of memory in use.
PERFORMANCE: 315000  averaging 145.525 ns/day, 0.00118742 sec/step with standard deviation 0.000100355
ENERGY:  315000       408.8705      1068.4643      1113.0993        69.4354        -113948.3983      9706.9805         0.0000         0.0000     18721.3306         -82860.2177       304.3500   -101581.5483    -83005.2280       302.1055            -24.6179       -23.8757    299525.6442       -33.1362       -32.1139

WRITING EXTENDED SYSTEM TO RESTART FILE AT STEP 315000
WRITING COORDINATES TO RESTART FILE AT STEP 315000
FINISHED WRITING RESTART COORDINATES
WRITING VELOCITIES TO RESTART FILE AT STEP 315000
FINISHED WRITING RESTART VELOCITIES
TIMING: 320000  CPU: 375.943, 0.00115512/step  Wall: 379.89, 0.00116131/step, 148.797 ns/days, 0.0580656 hours remaining, 0.000000 MB of memory in use.
PERFORMANCE: 320000  averaging 145.575 ns/day, 0.00118702 sec/step with standard deviation 9.96087e-05
ENERGY:  320000       430.0265      1159.9744      1133.6697        80.5488        -113799.9231      9600.9877         0.0000         0.0000     18659.8146         -82734.9014       303.3499   -101394.7160    -82992.5903       302.1395            -95.9348       -92.7489    300934.6832       -39.4959       -38.3319

WRITING EXTENDED SYSTEM TO RESTART FILE AT STEP 320000
WRITING COORDINATES TO RESTART FILE AT STEP 320000
FINISHED WRITING RESTART COORDINATES
WRITING VELOCITIES TO RESTART FILE AT STEP 320000
FINISHED WRITING RESTART VELOCITIES
TIMING: 325000  CPU: 381.714, 0.00115423/step  Wall: 385.694, 0.00116083/step, 148.859 ns/days, 0.0564291 hours remaining, 0.000000 MB of memory in use.
PERFORMANCE: 325000  averaging 145.624 ns/day, 0.00118661 sec/step with standard deviation 9.88808e-05
ENERGY:  325000       426.9030      1146.6769      1117.5811        80.6082        -114114.6447      9842.4611         0.0000         0.0000     18713.7666         -82786.6478       304.2270   -101500.4145    -82977.7485       302.3501             29.8822        28.0450    300572.7976       -36.9496       -36.1403

WRITING EXTENDED SYSTEM TO RESTART FILE AT STEP 325000
WRITING COORDINATES TO RESTART FILE AT STEP 325000
FINISHED WRITING RESTART COORDINATES
WRITING VELOCITIES TO RESTART FILE AT STEP 325000
FINISHED WRITING RESTART VELOCITIES
TIMING: 330000  CPU: 387.432, 0.00114357/step  Wall: 391.577, 0.00117656/step, 146.869 ns/days, 0.0555598 hours remaining, 0.000000 MB of memory in use.
PERFORMANCE: 330000  averaging 145.643 ns/day, 0.00118646 sec/step with standard deviation 9.8125e-05
ENERGY:  330000       419.1688      1056.8837      1109.6155        71.3380        -114209.0839      9926.7605         0.0000         0.0000     18664.9107         -82960.4066       303.4328   -101625.3174    -82965.8445       302.4953            242.3364       237.9031    299908.1110       -25.7867       -24.7713

WRITING EXTENDED SYSTEM TO RESTART FILE AT STEP 330000
WRITING COORDINATES TO RESTART FILE AT STEP 330000
FINISHED WRITING RESTART COORDINATES
WRITING VELOCITIES TO RESTART FILE AT STEP 330000
FINISHED WRITING RESTART VELOCITIES
TIMING: 335000  CPU: 393.566, 0.00122688/step  Wall: 397.754, 0.00123546/step, 139.867 ns/days, 0.0566252 hours remaining, 0.000000 MB of memory in use.
PERFORMANCE: 335000  averaging 145.553 ns/day, 0.00118719 sec/step with standard deviation 9.75626e-05
ENERGY:  335000       396.3978      1123.6400      1101.4226        75.2609        -114304.5391     10061.7513         0.0000         0.0000     18551.9818         -82994.0848       301.5969   -101546.0666    -82975.3404       302.3543            272.1323       273.6385    301627.0276       -15.3585       -14.4118

WRITING EXTENDED SYSTEM TO RESTART FILE AT STEP 335000
WRITING COORDINATES TO RESTART FILE AT STEP 335000
FINISHED WRITING RESTART COORDINATES
WRITING VELOCITIES TO RESTART FILE AT STEP 335000
FINISHED WRITING RESTART VELOCITIES
TIMING: 340000  CPU: 399.341, 0.00115503/step  Wall: 403.566, 0.00116245/step, 148.652 ns/days, 0.0516642 hours remaining, 0.000000 MB of memory in use.
PERFORMANCE: 340000  averaging 145.598 ns/day, 0.00118683 sec/step with standard deviation 9.68783e-05
ENERGY:  340000       449.6062      1100.7158      1127.3514        74.5226        -114275.7961      9800.5070         0.0000         0.0000     18535.0813         -83188.0119       301.3222   -101723.0932    -82980.4529       302.2814           -146.7163      -145.2559    300182.0256       -12.2587       -11.2973

WRITING EXTENDED SYSTEM TO RESTART FILE AT STEP 340000
WRITING COORDINATES TO RESTART FILE AT STEP 340000
FINISHED WRITING RESTART COORDINATES
WRITING VELOCITIES TO RESTART FILE AT STEP 340000
FINISHED WRITING RESTART VELOCITIES
TIMING: 345000  CPU: 405.072, 0.00114621/step  Wall: 409.336, 0.00115399/step, 149.741 ns/days, 0.0496858 hours remaining, 0.000000 MB of memory in use.
PERFORMANCE: 345000  averaging 145.657 ns/day, 0.00118635 sec/step with standard deviation 9.62445e-05
ENERGY:  345000       419.7776      1137.4662      1118.5941        76.0968        -113835.7520      9841.9148         0.0000         0.0000     18540.1624         -82701.7401       301.4048   -101241.9026    -82974.8507       302.1226             57.4927        59.7520    301494.9165       -11.1312       -10.2054

WRITING EXTENDED SYSTEM TO RESTART FILE AT STEP 345000
WRITING COORDINATES TO RESTART FILE AT STEP 345000
FINISHED WRITING RESTART COORDINATES
WRITING VELOCITIES TO RESTART FILE AT STEP 345000
FINISHED WRITING RESTART VELOCITIES
TIMING: 350000  CPU: 410.835, 0.00115259/step  Wall: 415.124, 0.00115763/step, 149.27 ns/days, 0.0482347 hours remaining, 0.000000 MB of memory in use.
PERFORMANCE: 350000  averaging 145.707 ns/day, 0.00118594 sec/step with standard deviation 9.56062e-05
ETITLE:      TS           BOND          ANGLE          DIHED          IMPRP               ELECT            VDW       BOUNDARY           MISC        KINETIC               TOTAL           TEMP      POTENTIAL       TOTALAVG        TEMPAVG            PRESSURE      GPRESSURE         VOLUME       PRESSAVG      GPRESSAVG

ENERGY:  350000       414.5105      1096.2221      1119.4197        72.3754        -114148.4963      9792.6416         0.0000         0.0000     18598.6800         -83054.6471       302.3561   -101653.3271    -82980.9203       302.0693            -27.5748       -22.4406    301716.1167       -25.5519       -24.2045

WRITING EXTENDED SYSTEM TO RESTART FILE AT STEP 350000
WRITING COORDINATES TO RESTART FILE AT STEP 350000
FINISHED WRITING RESTART COORDINATES
WRITING VELOCITIES TO RESTART FILE AT STEP 350000
FINISHED WRITING RESTART VELOCITIES
TIMING: 355000  CPU: 416.591, 0.00115118/step  Wall: 420.913, 0.0011577/step, 149.262 ns/days, 0.0466294 hours remaining, 0.000000 MB of memory in use.
PERFORMANCE: 355000  averaging 145.756 ns/day, 0.00118554 sec/step with standard deviation 9.498e-05
ENERGY:  355000       442.8820      1170.5811      1106.2738        73.4885        -113991.4012      9699.5079         0.0000         0.0000     18660.9198         -82837.7481       303.3679   -101498.6679    -82966.7441       302.2578           -204.7001      -208.8475    300811.5063       -28.2110       -27.4283

WRITING EXTENDED SYSTEM TO RESTART FILE AT STEP 355000
WRITING COORDINATES TO RESTART FILE AT STEP 355000
FINISHED WRITING RESTART COORDINATES
WRITING VELOCITIES TO RESTART FILE AT STEP 355000
FINISHED WRITING RESTART VELOCITIES
TIMING: 360000  CPU: 422.331, 0.00114802/step  Wall: 426.684, 0.00115426/step, 149.706 ns/days, 0.044888 hours remaining, 0.000000 MB of memory in use.
PERFORMANCE: 360000  averaging 145.809 ns/day, 0.00118511 sec/step with standard deviation 9.43808e-05
ENERGY:  360000       395.1828      1129.4236      1118.2592        70.2516        -113933.8245      9770.4439         0.0000         0.0000     18603.0893         -82847.1742       302.4278   -101450.2636    -82961.7919       302.4270              9.8272        10.8149    301209.1964       -22.7725       -22.0083

WRITING EXTENDED SYSTEM TO RESTART FILE AT STEP 360000
WRITING COORDINATES TO RESTART FILE AT STEP 360000
FINISHED WRITING RESTART COORDINATES
WRITING VELOCITIES TO RESTART FILE AT STEP 360000
FINISHED WRITING RESTART VELOCITIES
TIMING: 365000  CPU: 428.114, 0.00115648/step  Wall: 432.498, 0.0011628/step, 148.607 ns/days, 0.0436049 hours remaining, 0.000000 MB of memory in use.
PERFORMANCE: 365000  averaging 145.847 ns/day, 0.0011848 sec/step with standard deviation 9.37595e-05
ENERGY:  365000       406.0666      1149.5274      1114.5895        75.3918        -114283.7841     10037.8126         0.0000         0.0000     18676.9576         -82823.4387       303.6286   -101500.3963    -82951.8822       302.5451            418.6745       420.7436    300122.8270        -0.2434         0.4686

WRITING EXTENDED SYSTEM TO RESTART FILE AT STEP 365000
WRITING COORDINATES TO RESTART FILE AT STEP 365000
FINISHED WRITING RESTART COORDINATES
WRITING VELOCITIES TO RESTART FILE AT STEP 365000
FINISHED WRITING RESTART VELOCITIES
TIMING: 370000  CPU: 433.905, 0.00115831/step  Wall: 438.312, 0.00116286/step, 148.599 ns/days, 0.0419923 hours remaining, 0.000000 MB of memory in use.
PERFORMANCE: 370000  averaging 145.883 ns/day, 0.00118451 sec/step with standard deviation 9.315e-05
ENERGY:  370000       394.6742      1123.1479      1105.3055        69.2701        -114070.0871      9759.4456         0.0000         0.0000     18762.5628         -82855.6810       305.0203   -101618.2438    -82946.3852       302.6681             36.5152        37.7301    300135.7029         3.7101         4.6970

WRITING EXTENDED SYSTEM TO RESTART FILE AT STEP 370000
WRITING COORDINATES TO RESTART FILE AT STEP 370000
FINISHED WRITING RESTART COORDINATES
WRITING VELOCITIES TO RESTART FILE AT STEP 370000
FINISHED WRITING RESTART VELOCITIES
TIMING: 375000  CPU: 439.653, 0.00114958/step  Wall: 444.088, 0.00115507/step, 149.602 ns/days, 0.0401065 hours remaining, 0.000000 MB of memory in use.
PERFORMANCE: 375000  averaging 145.932 ns/day, 0.00118412 sec/step with standard deviation 9.25809e-05
ENERGY:  375000       425.8598      1085.9568      1110.8304        71.1369        -114267.6129      9876.4802         0.0000         0.0000     18578.7657         -83118.5832       302.0323   -101697.3489    -82938.7786       302.6369            156.2065       153.4205    300159.3679        -6.3610        -5.4587

WRITING EXTENDED SYSTEM TO RESTART FILE AT STEP 375000
WRITING COORDINATES TO RESTART FILE AT STEP 375000
FINISHED WRITING RESTART COORDINATES
WRITING VELOCITIES TO RESTART FILE AT STEP 375000
FINISHED WRITING RESTART VELOCITIES
TIMING: 380000  CPU: 445.421, 0.00115359/step  Wall: 449.887, 0.00115992/step, 148.976 ns/days, 0.0386639 hours remaining, 0.000000 MB of memory in use.
PERFORMANCE: 380000  averaging 145.971 ns/day, 0.0011838 sec/step with standard deviation 9.20035e-05
ENERGY:  380000       418.8007      1158.7179      1131.4448        67.6385        -114208.4316      9889.1758         0.0000         0.0000     18669.4734         -82873.1806       303.5070   -101542.6540    -82929.0644       302.6516              0.1518         1.8035    300803.7646         0.7836         1.7311

WRITING EXTENDED SYSTEM TO RESTART FILE AT STEP 380000
WRITING COORDINATES TO RESTART FILE AT STEP 380000
FINISHED WRITING RESTART COORDINATES
WRITING VELOCITIES TO RESTART FILE AT STEP 380000
FINISHED WRITING RESTART VELOCITIES
TIMING: 385000  CPU: 451.209, 0.00115762/step  Wall: 455.703, 0.00116308/step, 148.571 ns/days, 0.0371541 hours remaining, 0.000000 MB of memory in use.
PERFORMANCE: 385000  averaging 146.004 ns/day, 0.00118353 sec/step with standard deviation 9.14267e-05
ENERGY:  385000       402.7600      1109.9188      1110.5637        79.4747        -113393.9100      9470.1953         0.0000         0.0000     18605.2230         -82615.7745       302.4625   -101220.9975    -82896.9431       302.8358           -155.0154      -151.2571    302797.0623         5.2113         6.2279

WRITING EXTENDED SYSTEM TO RESTART FILE AT STEP 385000
WRITING COORDINATES TO RESTART FILE AT STEP 385000
FINISHED WRITING RESTART COORDINATES
WRITING VELOCITIES TO RESTART FILE AT STEP 385000
FINISHED WRITING RESTART VELOCITIES
TIMING: 390000  CPU: 456.97, 0.00115228/step  Wall: 461.497, 0.00115896/step, 149.099 ns/days, 0.0354128 hours remaining, 0.000000 MB of memory in use.
PERFORMANCE: 390000  averaging 146.043 ns/day, 0.00118321 sec/step with standard deviation 9.08737e-05
ENERGY:  390000       421.9063      1145.6534      1098.4968        72.5223        -114455.5639     10140.3504         0.0000         0.0000     18682.7401         -82893.8948       303.7226   -101576.6349    -82899.8689       302.9406            504.3510       505.5795    299254.5990        27.8306        28.7486

WRITING EXTENDED SYSTEM TO RESTART FILE AT STEP 390000
WRITING COORDINATES TO RESTART FILE AT STEP 390000
FINISHED WRITING RESTART COORDINATES
WRITING VELOCITIES TO RESTART FILE AT STEP 390000
FINISHED WRITING RESTART VELOCITIES
TIMING: 395000  CPU: 462.745, 0.00115496/step  Wall: 467.304, 0.00116135/step, 148.793 ns/days, 0.0338726 hours remaining, 0.000000 MB of memory in use.
PERFORMANCE: 395000  averaging 146.077 ns/day, 0.00118294 sec/step with standard deviation 9.03228e-05
ENERGY:  395000       401.8204      1138.7322      1101.9306        64.9992        -114252.9008      9861.9869         0.0000         0.0000     18575.2748         -83108.1568       301.9756   -101683.4315    -82898.6450       302.9983            -20.3227       -16.2034    300899.9600        44.0314        44.8632

WRITING EXTENDED SYSTEM TO RESTART FILE AT STEP 395000
WRITING COORDINATES TO RESTART FILE AT STEP 395000
FINISHED WRITING RESTART COORDINATES
WRITING VELOCITIES TO RESTART FILE AT STEP 395000
FINISHED WRITING RESTART VELOCITIES
TIMING: 400000  CPU: 468.473, 0.00114548/step  Wall: 473.127, 0.0011645/step, 148.389 ns/days, 0.0323473 hours remaining, 0.000000 MB of memory in use.
PERFORMANCE: 400000  averaging 146.106 ns/day, 0.00118271 sec/step with standard deviation 8.97729e-05
ETITLE:      TS           BOND          ANGLE          DIHED          IMPRP               ELECT            VDW       BOUNDARY           MISC        KINETIC               TOTAL           TEMP      POTENTIAL       TOTALAVG        TEMPAVG            PRESSURE      GPRESSURE         VOLUME       PRESSAVG      GPRESSAVG

ENERGY:  400000       421.3115      1118.0146      1116.9266        77.6116        -114076.0532      9690.6412         0.0000         0.0000     18589.5218         -83062.0259       302.2072   -101651.5477    -82907.0739       302.9369            -52.0034       -45.7974    301092.9125        45.8201        47.0129

WRITING EXTENDED SYSTEM TO RESTART FILE AT STEP 400000
WRITING COORDINATES TO RESTART FILE AT STEP 400000
FINISHED WRITING RESTART COORDINATES
WRITING VELOCITIES TO RESTART FILE AT STEP 400000
FINISHED WRITING RESTART VELOCITIES
TIMING: 405000  CPU: 474.202, 0.00114591/step  Wall: 478.889, 0.00115244/step, 149.943 ns/days, 0.0304115 hours remaining, 0.000000 MB of memory in use.
PERFORMANCE: 405000  averaging 146.152 ns/day, 0.00118233 sec/step with standard deviation 8.92735e-05
ENERGY:  405000       429.0720      1176.9832      1111.3234        64.6429        -113969.1119      9678.4742         0.0000         0.0000     18499.0398         -83009.5764       300.7363   -101508.6162    -82903.7416       302.8506           -206.7400      -206.8506    301674.1520        40.5443        41.6571

WRITING EXTENDED SYSTEM TO RESTART FILE AT STEP 405000
WRITING COORDINATES TO RESTART FILE AT STEP 405000
FINISHED WRITING RESTART COORDINATES
WRITING VELOCITIES TO RESTART FILE AT STEP 405000
FINISHED WRITING RESTART VELOCITIES
TIMING: 410000  CPU: 479.956, 0.00115083/step  Wall: 484.676, 0.00115749/step, 149.289 ns/days, 0.0289371 hours remaining, 0.000000 MB of memory in use.
PERFORMANCE: 410000  averaging 146.189 ns/day, 0.00118203 sec/step with standard deviation 8.87631e-05
ENERGY:  410000       445.8942      1148.0371      1108.7592        75.1923        -114233.6774      9846.5486         0.0000         0.0000     18533.7825         -83075.4635       301.3011   -101609.2461    -82920.0678       302.7214           -223.0479      -224.0378    300899.9672        28.5448        29.6058

WRITING EXTENDED SYSTEM TO RESTART FILE AT STEP 410000
WRITING COORDINATES TO RESTART FILE AT STEP 410000
FINISHED WRITING RESTART COORDINATES
WRITING VELOCITIES TO RESTART FILE AT STEP 410000
FINISHED WRITING RESTART VELOCITIES
TIMING: 415000  CPU: 485.713, 0.00115135/step  Wall: 490.466, 0.00115793/step, 149.232 ns/days, 0.02734 hours remaining, 0.000000 MB of memory in use.
PERFORMANCE: 415000  averaging 146.225 ns/day, 0.00118174 sec/step with standard deviation 8.82599e-05
ENERGY:  415000       426.8208      1115.5744      1094.2651        71.7914        -113922.8568      9719.1032         0.0000         0.0000     18604.7246         -82890.5774       302.4544   -101495.3020    -82921.5857       302.6267              4.6492         1.7697    299417.6984        30.0082        30.8881

WRITING EXTENDED SYSTEM TO RESTART FILE AT STEP 415000
WRITING COORDINATES TO RESTART FILE AT STEP 415000
FINISHED WRITING RESTART COORDINATES
WRITING VELOCITIES TO RESTART FILE AT STEP 415000
FINISHED WRITING RESTART VELOCITIES
TIMING: 420000  CPU: 491.458, 0.00114904/step  Wall: 496.242, 0.00115516/step, 149.59 ns/days, 0.0256702 hours remaining, 0.000000 MB of memory in use.
PERFORMANCE: 420000  averaging 146.264 ns/day, 0.00118142 sec/step with standard deviation 8.77745e-05
ENERGY:  420000       421.9315      1135.0537      1113.6005        69.6551        -113969.6690      9788.8592         0.0000         0.0000     18768.0665         -82672.5024       305.1098   -101440.5689    -82918.4658       302.7147             75.0191        71.3095    300214.0185        38.5559        39.0910

WRITING EXTENDED SYSTEM TO RESTART FILE AT STEP 420000
WRITING COORDINATES TO RESTART FILE AT STEP 420000
FINISHED WRITING RESTART COORDINATES
WRITING VELOCITIES TO RESTART FILE AT STEP 420000
FINISHED WRITING RESTART VELOCITIES
TIMING: 425000  CPU: 497.396, 0.00118762/step  Wall: 502.214, 0.00119444/step, 144.67 ns/days, 0.0248842 hours remaining, 0.000000 MB of memory in use.
PERFORMANCE: 425000  averaging 146.245 ns/day, 0.00118158 sec/step with standard deviation 8.72619e-05
ENERGY:  425000       425.9149      1156.6836      1129.6853        84.3593        -113672.3456      9635.1996         0.0000         0.0000     18729.2532         -82511.2497       304.4788   -101240.5029    -82904.6959       302.7272            -60.6405       -66.0420    301008.8712        34.0297        34.3866

WRITING EXTENDED SYSTEM TO RESTART FILE AT STEP 425000
WRITING COORDINATES TO RESTART FILE AT STEP 425000
FINISHED WRITING RESTART COORDINATES
WRITING VELOCITIES TO RESTART FILE AT STEP 425000
FINISHED WRITING RESTART VELOCITIES
TIMING: 430000  CPU: 503.11, 0.00114269/step  Wall: 507.966, 0.00115032/step, 150.219 ns/days, 0.0223673 hours remaining, 0.000000 MB of memory in use.
PERFORMANCE: 430000  averaging 146.29 ns/day, 0.00118121 sec/step with standard deviation 8.68125e-05
ENERGY:  430000       429.1782      1099.5932      1115.1742        72.4189        -113844.5308      9645.0691         0.0000         0.0000     18578.6776         -82904.4196       302.0309   -101483.0972    -82901.8965       302.6571           -200.7585      -199.2928    302338.8941        11.8750        12.5268

WRITING EXTENDED SYSTEM TO RESTART FILE AT STEP 430000
WRITING COORDINATES TO RESTART FILE AT STEP 430000
FINISHED WRITING RESTART COORDINATES
WRITING VELOCITIES TO RESTART FILE AT STEP 430000
FINISHED WRITING RESTART VELOCITIES
TIMING: 435000  CPU: 508.858, 0.00114964/step  Wall: 513.746, 0.00115612/step, 149.466 ns/days, 0.0208743 hours remaining, 0.000000 MB of memory in use.
PERFORMANCE: 435000  averaging 146.326 ns/day, 0.00118092 sec/step with standard deviation 8.63482e-05
ENERGY:  435000       412.0224      1148.9244      1106.6001        78.5839        -113703.7868      9680.8583         0.0000         0.0000     18533.5825         -82743.2152       301.2978   -101276.7977    -82889.3531       302.6422            -56.6715       -55.9850    300624.6414        -4.5652        -3.9543

WRITING EXTENDED SYSTEM TO RESTART FILE AT STEP 435000
WRITING COORDINATES TO RESTART FILE AT STEP 435000
FINISHED WRITING RESTART COORDINATES
WRITING VELOCITIES TO RESTART FILE AT STEP 435000
FINISHED WRITING RESTART VELOCITIES
TIMING: 440000  CPU: 514.606, 0.00114966/step  Wall: 519.528, 0.00115645/step, 149.422 ns/days, 0.0192742 hours remaining, 0.000000 MB of memory in use.
PERFORMANCE: 440000  averaging 146.361 ns/day, 0.00118065 sec/step with standard deviation 8.58902e-05
ENERGY:  440000       439.0581      1087.8089      1116.1986        65.9880        -114060.4266      9895.9142         0.0000         0.0000     18798.8732         -82656.5858       305.6106   -101455.4589    -82862.7817       302.8566            156.3550       152.0643    301076.0388        10.5884        10.9117

WRITING EXTENDED SYSTEM TO RESTART FILE AT STEP 440000
WRITING COORDINATES TO RESTART FILE AT STEP 440000
FINISHED WRITING RESTART COORDINATES
WRITING VELOCITIES TO RESTART FILE AT STEP 440000
FINISHED WRITING RESTART VELOCITIES
TIMING: 445000  CPU: 520.337, 0.00114604/step  Wall: 525.292, 0.00115279/step, 149.897 ns/days, 0.0176121 hours remaining, 0.000000 MB of memory in use.
PERFORMANCE: 445000  averaging 146.399 ns/day, 0.00118033 sec/step with standard deviation 8.54518e-05
ENERGY:  445000       433.4895      1147.0298      1108.1400        73.4964        -114032.8313      9744.6416         0.0000         0.0000     18493.4164         -83032.6177       300.6448   -101526.0341    -82879.3256       302.8186           -137.5688      -139.7849    300561.3697         0.8353         0.9348

WRITING EXTENDED SYSTEM TO RESTART FILE AT STEP 445000
WRITING COORDINATES TO RESTART FILE AT STEP 445000
FINISHED WRITING RESTART COORDINATES
WRITING VELOCITIES TO RESTART FILE AT STEP 445000
FINISHED WRITING RESTART VELOCITIES
TIMING: 450000  CPU: 526.065, 0.00114573/step  Wall: 531.052, 0.00115199/step, 150.001 ns/days, 0.0159999 hours remaining, 0.000000 MB of memory in use.
PERFORMANCE: 450000  averaging 146.438 ns/day, 0.00118002 sec/step with standard deviation 8.50228e-05
ETITLE:      TS           BOND          ANGLE          DIHED          IMPRP               ELECT            VDW       BOUNDARY           MISC        KINETIC               TOTAL           TEMP      POTENTIAL       TOTALAVG        TEMPAVG            PRESSURE      GPRESSURE         VOLUME       PRESSAVG      GPRESSAVG

ENERGY:  450000       406.8687      1131.9597      1138.0957        69.3581        -114042.4250      9725.5053         0.0000         0.0000     18367.9563         -83202.6810       298.6052   -101570.6373    -82886.7273       302.6311           -171.7661      -172.9162    301622.0280        -6.3743        -6.5889

WRITING EXTENDED SYSTEM TO RESTART FILE AT STEP 450000
WRITING COORDINATES TO RESTART FILE AT STEP 450000
FINISHED WRITING RESTART COORDINATES
WRITING VELOCITIES TO RESTART FILE AT STEP 450000
FINISHED WRITING RESTART VELOCITIES
TIMING: 455000  CPU: 531.816, 0.00115019/step  Wall: 536.828, 0.00115516/step, 149.59 ns/days, 0.0144394 hours remaining, 0.000000 MB of memory in use.
PERFORMANCE: 455000  averaging 146.472 ns/day, 0.00117974 sec/step with standard deviation 8.45893e-05
ENERGY:  455000       433.0889      1154.5146      1125.4383        78.1880        -114153.5690      9880.1345         0.0000         0.0000     18567.0469         -82915.1578       301.8418   -101482.2047    -82890.5978       302.5548             20.6724        18.0550    300943.7933         4.8944         4.7562

WRITING EXTENDED SYSTEM TO RESTART FILE AT STEP 455000
WRITING COORDINATES TO RESTART FILE AT STEP 455000
FINISHED WRITING RESTART COORDINATES
WRITING VELOCITIES TO RESTART FILE AT STEP 455000
FINISHED WRITING RESTART VELOCITIES
TIMING: 460000  CPU: 537.591, 0.00115488/step  Wall: 542.629, 0.00116016/step, 148.944 ns/days, 0.0128907 hours remaining, 0.000000 MB of memory in use.
PERFORMANCE: 460000  averaging 146.499 ns/day, 0.00117953 sec/step with standard deviation 8.4148e-05
ENERGY:  460000       401.4098      1151.9105      1127.4959        74.5893        -114200.4522      9551.3034         0.0000         0.0000     18752.3687         -83141.3747       304.8546   -101893.7434    -82905.3078       302.6761           -160.9451      -163.7909    299206.9791        -3.6443        -3.9741

WRITING EXTENDED SYSTEM TO RESTART FILE AT STEP 460000
WRITING COORDINATES TO RESTART FILE AT STEP 460000
FINISHED WRITING RESTART COORDINATES
WRITING VELOCITIES TO RESTART FILE AT STEP 460000
FINISHED WRITING RESTART VELOCITIES
TIMING: 465000  CPU: 543.371, 0.00115602/step  Wall: 548.434, 0.00116096/step, 148.842 ns/days, 0.0112871 hours remaining, 0.000000 MB of memory in use.
PERFORMANCE: 465000  averaging 146.524 ns/day, 0.00117933 sec/step with standard deviation 8.37116e-05
ENERGY:  465000       453.4841      1079.2107      1128.7178        73.8780        -114044.5895      9641.8360         0.0000         0.0000     18608.9012         -83058.5618       302.5223   -101667.4629    -82917.0640       302.6208           -299.1848      -293.1044    300532.0063       -39.5372       -39.6665

WRITING EXTENDED SYSTEM TO RESTART FILE AT STEP 465000
WRITING COORDINATES TO RESTART FILE AT STEP 465000
FINISHED WRITING RESTART COORDINATES
WRITING VELOCITIES TO RESTART FILE AT STEP 465000
FINISHED WRITING RESTART VELOCITIES
TIMING: 470000  CPU: 549.098, 0.00114552/step  Wall: 554.199, 0.00115313/step, 149.853 ns/days, 0.0096094 hours remaining, 0.000000 MB of memory in use.
PERFORMANCE: 470000  averaging 146.558 ns/day, 0.00117905 sec/step with standard deviation 8.33042e-05
ENERGY:  470000       410.4899      1102.8298      1120.6203        76.1227        -113970.9285      9569.5105         0.0000         0.0000     18556.6660         -83134.6892       301.6731   -101691.3552    -82931.0144       302.4534           -153.4552      -153.8376    300137.3468       -49.0357       -49.2449

WRITING EXTENDED SYSTEM TO RESTART FILE AT STEP 470000
WRITING COORDINATES TO RESTART FILE AT STEP 470000
FINISHED WRITING RESTART COORDINATES
WRITING VELOCITIES TO RESTART FILE AT STEP 470000
FINISHED WRITING RESTART VELOCITIES
TIMING: 475000  CPU: 556.703, 0.00152094/step  Wall: 561.844, 0.00152883/step, 113.028 ns/days, 0.0106169 hours remaining, 0.000000 MB of memory in use.
PERFORMANCE: 475000  averaging 146.102 ns/day, 0.00118274 sec/step with standard deviation 9.02973e-05
ENERGY:  475000       425.8753      1124.6890      1117.2094        73.3761        -114063.0262      9769.6394         0.0000         0.0000     18692.1801         -82860.0569       303.8761   -101552.2370    -82918.0881       302.5456             43.5339        41.8739    300817.7031       -54.6694       -54.8222

WRITING EXTENDED SYSTEM TO RESTART FILE AT STEP 475000
WRITING COORDINATES TO RESTART FILE AT STEP 475000
FINISHED WRITING RESTART COORDINATES
WRITING VELOCITIES TO RESTART FILE AT STEP 475000
FINISHED WRITING RESTART VELOCITIES
TIMING: 480000  CPU: 562.46, 0.00115136/step  Wall: 567.625, 0.00115636/step, 149.435 ns/days, 0.0064242 hours remaining, 0.000000 MB of memory in use.
PERFORMANCE: 480000  averaging 146.136 ns/day, 0.00118246 sec/step with standard deviation 8.98611e-05
ENERGY:  480000       419.4952      1134.3415      1096.8208        75.6933        -114228.3630      9763.4989         0.0000         0.0000     18616.1371         -83122.3761       302.6399   -101738.5132    -82930.5478       302.5023             91.9272        84.3985    299336.6335       -50.0806       -50.6925

WRITING EXTENDED SYSTEM TO RESTART FILE AT STEP 480000
WRITING COORDINATES TO RESTART FILE AT STEP 480000
FINISHED WRITING RESTART COORDINATES
WRITING VELOCITIES TO RESTART FILE AT STEP 480000
FINISHED WRITING RESTART VELOCITIES
TIMING: 485000  CPU: 568.2, 0.00114808/step  Wall: 573.408, 0.00115647/step, 149.42 ns/days, 0.00481864 hours remaining, 0.000000 MB of memory in use.
PERFORMANCE: 485000  averaging 146.169 ns/day, 0.00118219 sec/step with standard deviation 8.94308e-05
ENERGY:  485000       425.7282      1142.0901      1098.7207        64.7086        -114355.0419     10055.5899         0.0000         0.0000     18477.9649         -83090.2395       300.3936   -101568.2044    -82954.2711       302.3988            262.6729       262.6686    300993.5328       -29.1962       -29.9962

WRITING EXTENDED SYSTEM TO RESTART FILE AT STEP 485000
WRITING COORDINATES TO RESTART FILE AT STEP 485000
FINISHED WRITING RESTART COORDINATES
WRITING VELOCITIES TO RESTART FILE AT STEP 485000
FINISHED WRITING RESTART VELOCITIES
TIMING: 490000  CPU: 573.941, 0.00114811/step  Wall: 579.182, 0.0011548/step, 149.637 ns/days, 0.00320777 hours remaining, 0.000000 MB of memory in use.
PERFORMANCE: 490000  averaging 146.204 ns/day, 0.00118191 sec/step with standard deviation 8.90116e-05
ENERGY:  490000       418.4371      1119.5978      1115.0723        71.1333        -114185.7841      9794.2840         0.0000         0.0000     18516.2116         -83151.0480       301.0154   -101667.2596    -82967.1288       302.2635           -143.9683      -144.6727    300831.3755       -61.6122       -62.5088

WRITING EXTENDED SYSTEM TO RESTART FILE AT STEP 490000
WRITING COORDINATES TO RESTART FILE AT STEP 490000
FINISHED WRITING RESTART COORDINATES
WRITING VELOCITIES TO RESTART FILE AT STEP 490000
FINISHED WRITING RESTART VELOCITIES
TIMING: 495000  CPU: 579.71, 0.00115389/step  Wall: 584.992, 0.00116201/step, 148.707 ns/days, 0.00161391 hours remaining, 0.000000 MB of memory in use.
PERFORMANCE: 495000  averaging 146.229 ns/day, 0.00118171 sec/step with standard deviation 8.85789e-05
ENERGY:  495000       436.8291      1165.9145      1107.3707        75.1719        -113873.8629      9531.6139         0.0000         0.0000     18643.9933         -82912.9695       303.0927   -101556.9628    -82957.3694       302.3193           -348.7517      -347.0083    300856.7052       -78.0336       -79.0490

WRITING EXTENDED SYSTEM TO RESTART FILE AT STEP 495000
WRITING COORDINATES TO RESTART FILE AT STEP 495000
FINISHED WRITING RESTART COORDINATES
WRITING VELOCITIES TO RESTART FILE AT STEP 495000
FINISHED WRITING RESTART VELOCITIES
TIMING: 500000  CPU: 585.481, 0.00115425/step  Wall: 590.8, 0.00116172/step, 148.745 ns/days, 0 hours remaining, 0.000000 MB of memory in use.
PERFORMANCE: 500000  averaging 146.253 ns/day, 0.00118151 sec/step with standard deviation 8.81531e-05
ETITLE:      TS           BOND          ANGLE          DIHED          IMPRP               ELECT            VDW       BOUNDARY           MISC        KINETIC               TOTAL           TEMP      POTENTIAL       TOTALAVG        TEMPAVG            PRESSURE      GPRESSURE         VOLUME       PRESSAVG      GPRESSAVG

ENERGY:  500000       436.9619      1120.3622      1118.9202        89.5320        -114166.8147      9687.8926         0.0000         0.0000     18477.6306         -83235.5150       300.3882   -101713.1457    -82966.0439       302.2284            -33.0248       -29.4522    299793.8328       -77.0847       -78.2318

WRITING EXTENDED SYSTEM TO RESTART FILE AT STEP 500000
WRITING COORDINATES TO RESTART FILE AT STEP 500000
FINISHED WRITING RESTART COORDINATES
WRITING VELOCITIES TO RESTART FILE AT STEP 500000
FINISHED WRITING RESTART VELOCITIES
WRITING EXTENDED SYSTEM TO OUTPUT FILE AT STEP 500000
WRITING COORDINATES TO OUTPUT FILE AT STEP 500000
WRITING VELOCITIES TO OUTPUT FILE AT STEP 500000
====================================================

WallClock: 591.834900  CPUTime: 581.892822  Memory: 0.000000 MB
[Partition 0][Node 0] End of program
