Charm++: standalone mode (not using charmrun)
Charm++> Running in Multicore mode: 10 threads (PEs)
Charm++> Using recursive bisection (scheme 3) for topology aware partitions
Converse/Charm++ Commit ID: v80000
CharmLB> Load balancer assumes all CPUs are same.
Charm++> Running on 1 hosts (2 sockets x 24 cores x 1 PUs = 48-way SMP)
Charm++> cpu topology info is gathered in 0.001 seconds.
Info: Built with CUDA version 11080
Pe 7 physical rank 7 will use CUDA device of pe 8
Pe 2 physical rank 2 will use CUDA device of pe 8
Pe 0 physical rank 0 will use CUDA device of pe 8
Pe 6 physical rank 6 will use CUDA device of pe 8
Pe 8 physical rank 8 binding to CUDA device 0 on sg012: 'NVIDIA A100-SXM4-80GB'  Mem: 81155MB  Rev: 8.0  PCI: 0:1:0
Pe 9 physical rank 9 will use CUDA device of pe 8
Pe 3 physical rank 3 will use CUDA device of pe 8
Pe 5 physical rank 5 will use CUDA device of pe 8
Pe 1 physical rank 1 will use CUDA device of pe 8
Pe 4 physical rank 4 will use CUDA device of pe 8
CharmLB> Load balancing instrumentation for communication is off.
Info: NAMD 3.1alpha2 for Linux-x86_64-multicore-CUDA
Info: 
Info: Please visit http://www.ks.uiuc.edu/Research/namd/
Info: for updates, documentation, and support information.
Info: 
Info: Please cite Phillips et al., J. Chem. Phys. 153:044130 (2020) doi:10.1063/5.0014475
Info: in all publications reporting results obtained with NAMD.
Info: 
Info: Based on Charm++/Converse 80000 for multicore-linux-x86_64
Info: Built Fri Dec 13 00:05:25 MST 2024 by athiru12 on sg031
Info: 1 NAMD  3.1alpha2  Linux-x86_64-multicore-CUDA  10    sg012  athiru12
Info: Running on 10 processors, 1 nodes, 1 physical nodes.
Info: CPU topology information available.
Info: Charm++/Converse parallel runtime startup completed at 0.777784 s
CkLoopLib is used in SMP with simple dynamic scheduling (converse-level notification)
Info: 0 MB of memory in use based on /proc/self/stat
Info: Configuration file is input/step5_imdv3_10_run.inp
Info: Changed directory to input
TCL: Suspending until startup complete.
Warning: Option "1-4scaling" has been deprecated. Instead use "oneFourScaling".
Warning: Option "CUDASOAintegrate" has been deprecated. Instead use "GPUresident".
Info: EXTENDED SYSTEM FILE   ../output/step4_equilibration.xsc
Info: Tuning parameters to improve GPU-resident performance
Info: Setting margin to 4
Warning: The Langevin gamma parameters differ over the particles,
Warning: requiring extra work per step to constrain rigid bonds.
Info: Enabling PMEOffload because PMEInterpOrder > 4.
Info: Running with GPU-resident mode
Warning: Always using force tables for GPU nonbonded kernel due to unsupported config parameters.
Info: SIMULATION PARAMETERS:
Info: TIMESTEP               2
Info: NUMBER OF STEPS        500000
Info: STEPS PER CYCLE        20
Info: PERIODIC CELL BASIS 1  69 0 0
Info: PERIODIC CELL BASIS 2  0 69 0
Info: PERIODIC CELL BASIS 3  0 0 69
Info: PERIODIC CELL CENTER   0 0 0
Info: WRAPPING WATERS AROUND PERIODIC BOUNDARIES ON OUTPUT.
Info: WRAPPING ALL CLUSTERS AROUND PERIODIC BOUNDARIES ON OUTPUT.
Info: LOAD BALANCER  Centralized
Info: LOAD BALANCING STRATEGY  New Load Balancers -- DEFAULT
Info: LDB PERIOD             4000 steps
Info: FIRST LDB TIMESTEP     100
Info: LAST LDB TIMESTEP     -1
Info: LDB BACKGROUND SCALING 1
Info: HOM BACKGROUND SCALING 1
Info: PME BACKGROUND SCALING 1
Info: MIN ATOMS PER PATCH    40
Info: EMPTY PATCH LOAD       40 ATOMS
Info: VELOCITY FILE          ../output/step4_equilibration.vel
Info: CENTER OF MASS MOVING INITIALLY? NO
Info: DIELECTRIC             1
Info: EXCLUDE                SCALED ONE-FOUR
Info: 1-4 ELECTROSTATICS SCALED BY 1
Info: MODIFIED 1-4 VDW PARAMETERS WILL BE USED
Info: NO DCD TRAJECTORY OUTPUT
Info: NO EXTENDED SYSTEM TRAJECTORY OUTPUT
Info: NO VELOCITY DCD OUTPUT
Info: NO FORCE DCD OUTPUT
Info: OUTPUT FILENAME        ../output/run-2/step5_imdv3_10_1
Info: BINARY OUTPUT FILES WILL BE USED
Info: RESTART FILENAME       ../output/run-2/step5_imdv3_10_1.restart
Info: RESTART FREQUENCY      5000
Info: BINARY RESTART FILES WILL BE USED
Info: SWITCHING ACTIVE
Info: VDW FORCE SWITCHING ACTIVE
Info: SWITCHING ON           10
Info: SWITCHING OFF          12
Info: PAIRLIST DISTANCE      16
Info: PAIRLIST SHRINK RATE   0.01
Info: PAIRLIST GROW RATE     0.01
Info: PAIRLIST TRIGGER       0.3
Info: PAIRLISTS PER CYCLE    2
Info: PAIRLISTS ENABLED
Info: MARGIN                 4
Info: HYDROGEN GROUP CUTOFF  2.5
Info: PATCH DIMENSION        22.5
Info: ENERGY OUTPUT STEPS    5000
Info: ENERGY EVALUATION STEPS    5000
Info: OUTPUT ENERGY PRECISION 4
Info: CROSSTERM ENERGY INCLUDED IN DIHEDRAL
Info: TIMING OUTPUT STEPS    5000
Info: LANGEVIN DYNAMICS ACTIVE
Info: LANGEVIN TEMPERATURE   303.15
Info: LANGEVIN USING BBK INTEGRATOR
Info: LANGEVIN DAMPING COEFFICIENT IS 1 INVERSE PS
Info: LANGEVIN DYNAMICS NOT APPLIED TO HYDROGENS
Info: LANGEVIN PISTON PRESSURE CONTROL ACTIVE
Info:        TARGET PRESSURE IS 1.01325 BAR
Info:     OSCILLATION PERIOD IS 50 FS
Info:             DECAY TIME IS 25 FS
Info:     PISTON TEMPERATURE IS 303.15 K
Info:       PRESSURE CONTROL IS GROUP-BASED
Info:    INITIAL STRAIN RATE IS 0 0 0
Info:       CELL FLUCTUATION IS ISOTROPIC
Info: PARTICLE MESH EWALD (PME) ACTIVE
Info: PME TOLERANCE               1e-06
Info: PME EWALD COEFFICIENT       0.257952
Info: PME INTERPOLATION ORDER     6
Info: PME GRID DIMENSIONS         72 72 72
Info: PME MAXIMUM GRID SPACING    1
Info: PME RECIPROCAL SUM OFFLOADED TO GPU
Info: PME CALCULATION WILL BE PERFORMED ON GPU
Info: FULL ELECTROSTATIC EVALUATION FREQUENCY      1
Info: USING VERLET I (r-RESPA) MTS SCHEME.
Info: C1 SPLITTING OF LONG RANGE ELECTROSTATICS
Info: PLACING ATOMS IN PATCHES BY HYDROGEN GROUPS
Info: RIGID BONDS TO HYDROGEN : ALL
Info:         ERROR TOLERANCE : 1e-08
Info:          MAX ITERATIONS : 100
Info: RIGID WATER USING SETTLE ALGORITHM
Info: RANDOM NUMBER SEED     1742589565
Info: USE HYDROGEN BONDS?    NO
Info: COORDINATE PDB         step3_input.pdb
Info: STRUCTURE FILE         step3_input.psf
Info: PARAMETER file: CHARMM format! 
Info: PARAMETERS             toppar/par_all36m_prot.prm
Info: PARAMETERS             toppar/par_all36_na.prm
Info: PARAMETERS             toppar/par_all36_carb.prm
Info: PARAMETERS             toppar/par_all36_lipid.prm
Info: PARAMETERS             toppar/par_all36_cgenff.prm
Info: PARAMETERS             toppar/par_interface.prm
Info: PARAMETERS             toppar/toppar_all36_moreions.str
Info: PARAMETERS             toppar/toppar_all36_nano_lig.str
Info: PARAMETERS             toppar/toppar_all36_nano_lig_patch.str
Info: PARAMETERS             toppar/toppar_all36_synthetic_polymer.str
Info: PARAMETERS             toppar/toppar_all36_synthetic_polymer_patch.str
Info: PARAMETERS             toppar/toppar_all36_polymer_solvent.str
Info: PARAMETERS             toppar/toppar_water_ions.str
Info: PARAMETERS             toppar/toppar_dum_noble_gases.str
Info: PARAMETERS             toppar/toppar_ions_won.str
Info: PARAMETERS             toppar/cam.str
Info: PARAMETERS             toppar/toppar_all36_prot_arg0.str
Info: PARAMETERS             toppar/toppar_all36_prot_c36m_d_aminoacids.str
Info: PARAMETERS             toppar/toppar_all36_prot_fluoro_alkanes.str
Info: PARAMETERS             toppar/toppar_all36_prot_heme.str
Info: PARAMETERS             toppar/toppar_all36_prot_na_combined.str
Info: PARAMETERS             toppar/toppar_all36_prot_retinol.str
Info: PARAMETERS             toppar/toppar_all36_prot_model.str
Info: PARAMETERS             toppar/toppar_all36_prot_modify_res.str
Info: PARAMETERS             toppar/toppar_all36_na_nad_ppi.str
Info: PARAMETERS             toppar/toppar_all36_na_rna_modified.str
Info: PARAMETERS             toppar/toppar_all36_lipid_sphingo.str
Info: PARAMETERS             toppar/toppar_all36_lipid_archaeal.str
Info: PARAMETERS             toppar/toppar_all36_lipid_bacterial.str
Info: PARAMETERS             toppar/toppar_all36_lipid_cardiolipin.str
Info: PARAMETERS             toppar/toppar_all36_lipid_cholesterol.str
Info: PARAMETERS             toppar/toppar_all36_lipid_dag.str
Info: PARAMETERS             toppar/toppar_all36_lipid_inositol.str
Info: PARAMETERS             toppar/toppar_all36_lipid_lnp.str
Info: PARAMETERS             toppar/toppar_all36_lipid_lps.str
Info: PARAMETERS             toppar/toppar_all36_lipid_mycobacterial.str
Info: PARAMETERS             toppar/toppar_all36_lipid_miscellaneous.str
Info: PARAMETERS             toppar/toppar_all36_lipid_model.str
Info: PARAMETERS             toppar/toppar_all36_lipid_prot.str
Info: PARAMETERS             toppar/toppar_all36_lipid_tag.str
Info: PARAMETERS             toppar/toppar_all36_lipid_yeast.str
Info: PARAMETERS             toppar/toppar_all36_lipid_hmmm.str
Info: PARAMETERS             toppar/toppar_all36_lipid_detergent.str
Info: PARAMETERS             toppar/toppar_all36_lipid_ether.str
Info: PARAMETERS             toppar/toppar_all36_lipid_oxidized.str
Info: PARAMETERS             toppar/toppar_all36_carb_glycolipid.str
Info: PARAMETERS             toppar/toppar_all36_carb_glycopeptide.str
Info: PARAMETERS             toppar/toppar_all36_carb_imlab.str
Info: PARAMETERS             toppar/toppar_all36_label_spin.str
Info: PARAMETERS             toppar/toppar_all36_label_fluorophore.str
Info: USING ARITHMETIC MEAN TO COMBINE L-J SIGMA PARAMETERS
Info: BINARY COORDINATES     ../output/step4_equilibration.coor
Warning: SKIPPING PART OF PARAMETER FILE AFTER RETURN STATEMENT

Warning: DUPLICATE DIHEDRAL ENTRY FOR HAL1-CTO1-C-NHL
PREVIOUS VALUES MULTIPLICITY: 1
  k=0  n=1  delta=0
INCREASING MULTIPLICITY TO: 2
  k=0  n=3  delta=0

Warning: DUPLICATE DIHEDRAL ENTRY FOR HAL1-CTO1-C-O
PREVIOUS VALUES MULTIPLICITY: 1
  k=0  n=1  delta=0
INCREASING MULTIPLICITY TO: 2
  k=0  n=2  delta=3.14159
Warning: SKIPPING PART OF PARAMETER FILE AFTER RETURN STATEMENT

Warning: DUPLICATE DIHEDRAL ENTRY FOR CTL2-CG2O5-CTL1-CTL3
PREVIOUS VALUES MULTIPLICITY: 1
  k=0.75  n=1  delta=0
  k=0.18  n=2  delta=3.14159
INCREASING MULTIPLICITY TO: 3
  k=0.065  n=3  delta=0

Warning: DUPLICATE BOND ENTRY FOR CEL1-CL
PREVIOUS VALUES  k=440  x0=1.489
   USING VALUES  k=300  x0=1.48
Info: SUMMARY OF PARAMETERS:
Info: 1988 BONDS
Info: 6776 ANGLES
Info: 19939 DIHEDRAL
Info: 430 IMPROPER
Info: 28 CROSSTERM
Info: 751 VDW
Info: 122 VDW_PAIRS
Info: 0 NBTHOLE_PAIRS
Warning: Ignored 9467 bonds with zero force constants.
Warning: Will get H-H distance in rigid H2O from H-O-H angle.
Info: TIME FOR READING PSF FILE: 0.0581615
Info: Reading pdb file step3_input.pdb
Info: TIME FOR READING PDB FILE: 0.0256721
Info: 
Info: ****************************
Info: STRUCTURE SUMMARY:
Info: 30423 ATOMS
Info: 20918 BONDS
Info: 13014 ANGLES
Info: 5187 DIHEDRALS
Info: 373 IMPROPERS
Info: 127 CROSSTERMS
Info: 0 EXCLUSIONS
Info: 29360 RIGID BONDS
Info: 61909 DEGREES OF FREEDOM
Info: 10530 HYDROGEN GROUPS
Info: 4 ATOMS IN LARGEST HYDROGEN GROUP
Info: 10530 MIGRATION GROUPS
Info: 4 ATOMS IN LARGEST MIGRATION GROUP
Info: TOTAL MASS = 186727 amu
Info: TOTAL CHARGE = 1.31875e-06 e
Info: MASS DENSITY = 0.943883 g/cm^3
Info: ATOM DENSITY = 0.0926093 atoms/A^3
Info: *****************************
Info: Reading from binary file ../output/step4_equilibration.coor
Info: 
Info: Entering startup at 0.925639 s, 0 MB of memory in use
Info: Startup phase 0 took 8.6193e-05 s, 0 MB of memory in use
Info: ADDED 39038 IMPLICIT EXCLUSIONS
Info: Startup phase 1 took 0.00595648 s, 0 MB of memory in use
Info: NONBONDED TABLE R-SQUARED SPACING: 0.0625
Info: NONBONDED TABLE SIZE: 769 POINTS
Info: INCONSISTENCY IN FAST TABLE ENERGY VS FORCE: 0.000325096 AT 11.9556
Info: INCONSISTENCY IN SCOR TABLE ENERGY VS FORCE: 0.000324844 AT 11.9556
Info: INCONSISTENCY IN VDWA TABLE ENERGY VS FORCE: 0.0040507 AT 0.251946
Info: INCONSISTENCY IN VDWB TABLE ENERGY VS FORCE: 0.00150189 AT 0.251946
Info: Startup phase 2 took 0.0111617 s, 0 MB of memory in use
Info: Startup phase 3 took 6.8679e-05 s, 0 MB of memory in use
Info: Startup phase 4 took 0.000266141 s, 0 MB of memory in use
Info: Startup phase 5 took 7.4511e-05 s, 0 MB of memory in use
Info: PATCH GRID IS 3 (PERIODIC) BY 3 (PERIODIC) BY 3 (PERIODIC)
Info: PATCH GRID IS 1-AWAY BY 1-AWAY BY 1-AWAY
Info: Reading from binary file ../output/step4_equilibration.vel
Info: REMOVING COM VELOCITY 0.0102651 -0.01707 0.00842024
Info: LARGEST PATCH (13) HAS 1316 ATOMS
Info: TORUS A SIZE 1 USING 0
Info: TORUS B SIZE 1 USING 0
Info: TORUS C SIZE 1 USING 0
Info: TORUS MINIMAL MESH SIZE IS 1 BY 1 BY 1
Info: Placed 100% of base nodes on same physical node as patch
Info: Startup phase 6 took 0.0122634 s, 0 MB of memory in use
Info: Use 3D box decompostion in PME FFT.
Info: PME using 1 x 1 x 1 pencil grid for FFT and reciprocal sum.
Info: Startup phase 7 took 0.00020172 s, 0 MB of memory in use
Info: Updated CUDA force table with 4096 elements.
Info: Updated CUDA LJ table with 751 x 751 elements.
Info: Startup phase 8 took 0.00583308 s, 0 MB of memory in use
Info: Startup phase 9 took 7.4681e-05 s, 0 MB of memory in use
Info: Startup phase 10 took 6.2588e-05 s, 0 MB of memory in use
Info: Startup phase 11 took 0.00694487 s, 0 MB of memory in use
LDB: Central LB being created...
Info: Startup phase 12 took 0.00220047 s, 0 MB of memory in use
Info: CREATING 647 COMPUTE OBJECTS
Info: Found 268 unique exclusion lists needing 4316 bytes
Info: useSync: 0 useProxySync: 0
Info: Startup phase 13 took 0.0216791 s, 0 MB of memory in use
Info: Startup phase 14 took 7.979e-05 s, 0 MB of memory in use
Info: Startup phase 15 took 2.4636e-05 s, 0 MB of memory in use
Info: Finished startup at 0.992617 s, 0 MB of memory in use

TCL: Original numsteps 500000 will be ignored.
TCL: Running for 500000 steps
ETITLE:      TS           BOND          ANGLE          DIHED          IMPRP               ELECT            VDW       BOUNDARY           MISC        KINETIC               TOTAL           TEMP      POTENTIAL       TOTALAVG        TEMPAVG            PRESSURE      GPRESSURE         VOLUME       PRESSAVG      GPRESSAVG

ENERGY:       0       393.7845      1151.3864      1140.5717        75.7877        -111381.5649      9211.0936         0.0000         0.0000     18671.3312         -80737.6099       303.5372    -99408.9411    -80737.6099       303.5372          -1002.7076     -1000.5926    328509.0000     -1002.7076     -1000.5926

Info: Initial time: 10 CPUs 0.00117625 s/step 146.908 ns/day 0 MB memory
Info: Initial time: 10 CPUs 0.00116799 s/step 147.946 ns/day 0 MB memory
Info: Initial time: 10 CPUs 0.00117804 s/step 146.684 ns/day 0 MB memory
Info: Benchmark time: 10 CPUs 0.00116179 s/step 148.737 ns/day 0 MB memory
Info: Benchmark time: 10 CPUs 0.0011639 s/step 148.467 ns/day 0 MB memory
Info: Benchmark time: 10 CPUs 0.00115585 s/step 149.501 ns/day 0 MB memory
Info: Benchmark time: 10 CPUs 0.00113741 s/step 151.924 ns/day 0 MB memory
Info: Benchmark time: 10 CPUs 0.00113591 s/step 152.124 ns/day 0 MB memory
Info: Benchmark time: 10 CPUs 0.0012029 s/step 143.652 ns/day 0 MB memory
TIMING: 5000  CPU: 5.81212, 0.00115175/step  Wall: 5.83214, 0.00115672/step, 149.388 ns/days, 0.159049 hours remaining, 0.000000 MB of memory in use.
PERFORMANCE: 5000  averaging 149.388 ns/day, 0.00115672 sec/step with standard deviation 0
ENERGY:    5000       406.3481      1177.8687      1129.4726        63.8899        -113844.5033      9738.4127         0.0000         0.0000     18580.4062         -82748.1052       302.0590   -101328.5114    -81742.8575       302.7981            342.2750       342.9189    299567.9328      -330.2163      -328.8368

WRITING EXTENDED SYSTEM TO RESTART FILE AT STEP 5000
WRITING COORDINATES TO RESTART FILE AT STEP 5000
FINISHED WRITING RESTART COORDINATES
The last position output (seq=5000) takes 0.008 seconds, 0.000 MB of memory in use
WRITING VELOCITIES TO RESTART FILE AT STEP 5000
FINISHED WRITING RESTART VELOCITIES
The last velocity output (seq=5000) takes 0.007 seconds, 0.000 MB of memory in use
TIMING: 10000  CPU: 11.6062, 0.00115882/step  Wall: 11.6541, 0.00116439/step, 148.404 ns/days, 0.158486 hours remaining, 0.000000 MB of memory in use.
PERFORMANCE: 10000  averaging 148.894 ns/day, 0.00116055 sec/step with standard deviation 5.42522e-06
ENERGY:   10000       430.0931      1171.3012      1126.5416        75.9877        -114381.4131      9996.8292         0.0000         0.0000     18555.8460         -83024.8143       301.6597   -101580.6602    -82170.1764       302.4186            205.7259       205.9979    299715.1349      -151.5689      -150.5586

WRITING EXTENDED SYSTEM TO RESTART FILE AT STEP 10000
WRITING COORDINATES TO RESTART FILE AT STEP 10000
FINISHED WRITING RESTART COORDINATES
The last position output (seq=10000) takes 0.007 seconds, 0.000 MB of memory in use
WRITING VELOCITIES TO RESTART FILE AT STEP 10000
FINISHED WRITING RESTART VELOCITIES
The last velocity output (seq=10000) takes 0.007 seconds, 0.000 MB of memory in use
TIMING: 15000  CPU: 17.4074, 0.00116024/step  Wall: 17.489, 0.00116697/step, 148.075 ns/days, 0.157217 hours remaining, 0.000000 MB of memory in use.
PERFORMANCE: 15000  averaging 148.62 ns/day, 0.00116269 sec/step with standard deviation 5.33386e-06
ENERGY:   15000       427.8276      1095.4855      1120.4246        66.9270        -114328.5060     10029.6994         0.0000         0.0000     18477.0637         -83111.0781       300.3790   -101588.1418    -82405.4019       301.9087            228.7187       229.6095    299566.4665       -56.4970       -55.5166

WRITING EXTENDED SYSTEM TO RESTART FILE AT STEP 15000
WRITING COORDINATES TO RESTART FILE AT STEP 15000
FINISHED WRITING RESTART COORDINATES
The last position output (seq=15000) takes 0.009 seconds, 0.000 MB of memory in use
WRITING VELOCITIES TO RESTART FILE AT STEP 15000
FINISHED WRITING RESTART VELOCITIES
The last velocity output (seq=15000) takes 0.008 seconds, 0.000 MB of memory in use
TIMING: 20000  CPU: 23.5795, 0.00123442/step  Wall: 23.6886, 0.00123994/step, 139.362 ns/days, 0.165325 hours remaining, 0.000000 MB of memory in use.
PERFORMANCE: 20000  averaging 146.192 ns/day, 0.001182 sec/step with standard deviation 3.88661e-05
ENERGY:   20000       413.6875      1079.9156      1126.5649        70.2866        -114075.2152      9892.3264         0.0000         0.0000     18511.4249         -82981.0094       300.9376   -101492.4343    -82520.5234       301.7145            141.5896       139.4494    300663.2564       -16.8797       -16.5234

WRITING EXTENDED SYSTEM TO RESTART FILE AT STEP 20000
WRITING COORDINATES TO RESTART FILE AT STEP 20000
FINISHED WRITING RESTART COORDINATES
The last position output (seq=20000) takes 0.009 seconds, 0.000 MB of memory in use
WRITING VELOCITIES TO RESTART FILE AT STEP 20000
FINISHED WRITING RESTART VELOCITIES
The last velocity output (seq=20000) takes 0.008 seconds, 0.000 MB of memory in use
TIMING: 25000  CPU: 29.3728, 0.00115866/step  Wall: 29.5084, 0.00116396/step, 148.459 ns/days, 0.153578 hours remaining, 0.000000 MB of memory in use.
PERFORMANCE: 25000  averaging 146.64 ns/day, 0.00117839 sec/step with standard deviation 3.46132e-05
ENERGY:   25000       396.4009      1112.8539      1108.5305        65.3255        -114288.5222      9987.6139         0.0000         0.0000     18499.6878         -83118.1096       300.7468   -101617.7975    -82620.1211       301.5532            153.7168       155.7397    301787.9818        11.5531        12.1871

WRITING EXTENDED SYSTEM TO RESTART FILE AT STEP 25000
WRITING COORDINATES TO RESTART FILE AT STEP 25000
FINISHED WRITING RESTART COORDINATES
The last position output (seq=25000) takes 0.010 seconds, 0.000 MB of memory in use
WRITING VELOCITIES TO RESTART FILE AT STEP 25000
FINISHED WRITING RESTART VELOCITIES
The last velocity output (seq=25000) takes 0.009 seconds, 0.000 MB of memory in use
TIMING: 30000  CPU: 35.2426, 0.00117395/step  Wall: 35.4088, 0.00118007/step, 146.432 ns/days, 0.154065 hours remaining, 0.000000 MB of memory in use.
PERFORMANCE: 30000  averaging 146.605 ns/day, 0.00117867 sec/step with standard deviation 3.09665e-05
ENERGY:   30000       419.2531      1168.3422      1124.1976        71.6962        -113512.2585      9384.3258         0.0000         0.0000     18671.6282         -82672.8155       303.5420   -101344.4437    -82627.6488       301.8373           -283.7378      -288.4346    301543.5919       -30.6313       -30.7588

WRITING EXTENDED SYSTEM TO RESTART FILE AT STEP 30000
WRITING COORDINATES TO RESTART FILE AT STEP 30000
FINISHED WRITING RESTART COORDINATES
The last position output (seq=30000) takes 0.008 seconds, 0.000 MB of memory in use
WRITING VELOCITIES TO RESTART FILE AT STEP 30000
FINISHED WRITING RESTART VELOCITIES
TIMING: 35000  CPU: 41.0434, 0.00116016/step  Wall: 41.2451, 0.00116726/step, 148.039 ns/days, 0.150771 hours remaining, 0.000000 MB of memory in use.
PERFORMANCE: 35000  averaging 146.809 ns/day, 0.00117704 sec/step with standard deviation 2.85959e-05
ENERGY:   35000       442.8174      1143.0944      1141.8081        68.4618        -113420.4860      9526.0436         0.0000         0.0000     18573.0861         -82525.1746       301.9400   -101098.2607    -82614.8396       301.8502           -246.9599      -246.1788    302300.8326       -57.6724       -57.6863

WRITING EXTENDED SYSTEM TO RESTART FILE AT STEP 35000
WRITING COORDINATES TO RESTART FILE AT STEP 35000
FINISHED WRITING RESTART COORDINATES
The last position output (seq=35000) takes 0.008 seconds, 0.000 MB of memory in use
WRITING VELOCITIES TO RESTART FILE AT STEP 35000
FINISHED WRITING RESTART VELOCITIES
TIMING: 40000  CPU: 46.8174, 0.0011548/step  Wall: 47.0524, 0.00116147/step, 148.777 ns/days, 0.14841 hours remaining, 0.000000 MB of memory in use.
PERFORMANCE: 40000  averaging 147.052 ns/day, 0.0011751 sec/step with standard deviation 2.70412e-05
ENERGY:   40000       440.9161      1154.4214      1113.6765        73.6822        -114057.6670      9866.2758         0.0000         0.0000     18571.7704         -82836.9246       301.9186   -101408.6949    -82639.5157       301.8578            205.9083       203.8605    300282.8863       -28.3857       -28.6256

WRITING EXTENDED SYSTEM TO RESTART FILE AT STEP 40000
WRITING COORDINATES TO RESTART FILE AT STEP 40000
FINISHED WRITING RESTART COORDINATES
The last position output (seq=40000) takes 0.008 seconds, 0.000 MB of memory in use
WRITING VELOCITIES TO RESTART FILE AT STEP 40000
FINISHED WRITING RESTART VELOCITIES
TIMING: 45000  CPU: 52.684, 0.00117331/step  Wall: 53.1181, 0.00121314/step, 142.44 ns/days, 0.153327 hours remaining, 0.000000 MB of memory in use.
PERFORMANCE: 45000  averaging 146.525 ns/day, 0.00117932 sec/step with standard deviation 2.82955e-05
ENERGY:   45000       443.9186      1149.6027      1117.2183        77.7429        -114080.4143      9745.2740         0.0000         0.0000     18570.0013         -82976.6566       301.8899   -101546.6578    -82673.2298       301.8610             -3.1462        -5.8818    300929.8969       -25.8617       -26.3512

WRITING EXTENDED SYSTEM TO RESTART FILE AT STEP 45000
WRITING COORDINATES TO RESTART FILE AT STEP 45000
FINISHED WRITING RESTART COORDINATES
The last position output (seq=45000) takes 0.008 seconds, 0.000 MB of memory in use
WRITING VELOCITIES TO RESTART FILE AT STEP 45000
FINISHED WRITING RESTART VELOCITIES
TIMING: 50000  CPU: 58.4537, 0.00115394/step  Wall: 58.9218, 0.00116074/step, 148.871 ns/days, 0.145093 hours remaining, 0.000000 MB of memory in use.
PERFORMANCE: 50000  averaging 146.756 ns/day, 0.00117747 sec/step with standard deviation 2.73168e-05
ETITLE:      TS           BOND          ANGLE          DIHED          IMPRP               ELECT            VDW       BOUNDARY           MISC        KINETIC               TOTAL           TEMP      POTENTIAL       TOTALAVG        TEMPAVG            PRESSURE      GPRESSURE         VOLUME       PRESSAVG      GPRESSAVG

ENERGY:   50000       443.3171      1134.3918      1119.2408        83.3539        -114215.4131      9878.5372         0.0000         0.0000     18692.2857         -82864.2866       303.8778   -101556.5723    -82690.5986       302.0443            132.0587       133.7871    299865.3120       -11.5053       -11.7932

WRITING EXTENDED SYSTEM TO RESTART FILE AT STEP 50000
WRITING COORDINATES TO RESTART FILE AT STEP 50000
FINISHED WRITING RESTART COORDINATES
The last position output (seq=50000) takes 0.009 seconds, 0.000 MB of memory in use
WRITING VELOCITIES TO RESTART FILE AT STEP 50000
FINISHED WRITING RESTART VELOCITIES
TIMING: 55000  CPU: 64.9365, 0.00129658/step  Wall: 67.0419, 0.00162402/step, 106.403 ns/days, 0.200747 hours remaining, 0.000000 MB of memory in use.
PERFORMANCE: 55000  averaging 141.865 ns/day, 0.00121806 sec/step with standard deviation 0.000137113
ENERGY:   55000       439.9007      1125.7745      1134.3820        71.2930        -114354.6466      9785.6411         0.0000         0.0000     18608.1982         -83189.4569       302.5108   -101797.6552    -82732.1701       302.0832           -134.6041      -135.6404    301653.6660       -21.7635       -22.1138

WRITING EXTENDED SYSTEM TO RESTART FILE AT STEP 55000
WRITING COORDINATES TO RESTART FILE AT STEP 55000
FINISHED WRITING RESTART COORDINATES
WRITING VELOCITIES TO RESTART FILE AT STEP 55000
FINISHED WRITING RESTART VELOCITIES
TIMING: 60000  CPU: 70.7108, 0.00115485/step  Wall: 72.8442, 0.00116046/step, 148.906 ns/days, 0.141834 hours remaining, 0.000000 MB of memory in use.
PERFORMANCE: 60000  averaging 142.426 ns/day, 0.00121326 sec/step with standard deviation 0.000131785
ENERGY:   60000       424.5762      1106.3586      1139.5995        71.5180        -114294.1721      9949.5222         0.0000         0.0000     18701.8757         -82900.7218       304.0337   -101602.5975    -82745.1356       302.2332            185.2152       188.2422    300241.2179        -5.8421        -5.9325

WRITING EXTENDED SYSTEM TO RESTART FILE AT STEP 60000
WRITING COORDINATES TO RESTART FILE AT STEP 60000
FINISHED WRITING RESTART COORDINATES
WRITING VELOCITIES TO RESTART FILE AT STEP 60000
FINISHED WRITING RESTART VELOCITIES
TIMING: 65000  CPU: 76.4765, 0.00115314/step  Wall: 78.6452, 0.0011602/step, 148.94 ns/days, 0.140191 hours remaining, 0.000000 MB of memory in use.
PERFORMANCE: 65000  averaging 142.907 ns/day, 0.00120918 sec/step with standard deviation 0.00012703
ENERGY:   65000       421.8293      1131.4639      1137.9148        71.1639        -113913.3240      9603.1355         0.0000         0.0000     18234.1604         -83313.6563       296.4301   -101547.8167    -82785.7442       301.8187           -264.0598      -261.7507    301507.7674       -24.2862       -24.2053

WRITING EXTENDED SYSTEM TO RESTART FILE AT STEP 65000
WRITING COORDINATES TO RESTART FILE AT STEP 65000
FINISHED WRITING RESTART COORDINATES
WRITING VELOCITIES TO RESTART FILE AT STEP 65000
FINISHED WRITING RESTART VELOCITIES
TIMING: 70000  CPU: 82.2741, 0.00115953/step  Wall: 84.4779, 0.00116655/step, 148.129 ns/days, 0.139338 hours remaining, 0.000000 MB of memory in use.
PERFORMANCE: 70000  averaging 143.268 ns/day, 0.00120613 sec/step with standard deviation 0.000122577
ENERGY:   70000       417.4178      1191.4758      1119.4432        68.0176        -114559.6597     10110.0629         0.0000         0.0000     18873.7892         -82779.4532       306.8285   -101653.2424    -82785.3248       302.1527            373.6223       373.0435    300152.0021         2.2410         2.2780

WRITING EXTENDED SYSTEM TO RESTART FILE AT STEP 70000
WRITING COORDINATES TO RESTART FILE AT STEP 70000
FINISHED WRITING RESTART COORDINATES
WRITING VELOCITIES TO RESTART FILE AT STEP 70000
FINISHED WRITING RESTART VELOCITIES
TIMING: 75000  CPU: 88.0613, 0.00115744/step  Wall: 90.2915, 0.00116271/step, 148.619 ns/days, 0.137264 hours remaining, 0.000000 MB of memory in use.
PERFORMANCE: 75000  averaging 143.612 ns/day, 0.00120324 sec/step with standard deviation 0.000118649
ENERGY:   75000       427.4354      1132.8169      1112.8380        69.7431        -113703.1811      9710.7683         0.0000         0.0000     18608.5863         -82640.9931       302.5171   -101249.5794    -82776.3041       302.1755            121.2988       119.4702    300986.4393         9.6821         9.6025

WRITING EXTENDED SYSTEM TO RESTART FILE AT STEP 75000
WRITING COORDINATES TO RESTART FILE AT STEP 75000
FINISHED WRITING RESTART COORDINATES
WRITING VELOCITIES TO RESTART FILE AT STEP 75000
FINISHED WRITING RESTART VELOCITIES
TIMING: 80000  CPU: 94.1825, 0.00122424/step  Wall: 96.4608, 0.00123386/step, 140.048 ns/days, 0.14395 hours remaining, 0.000000 MB of memory in use.
PERFORMANCE: 80000  averaging 143.384 ns/day, 0.00120515 sec/step with standard deviation 0.000114881
ENERGY:   80000       466.2401      1079.9780      1125.4230        75.8500        -114564.3712      9911.6017         0.0000         0.0000     18581.1972         -83324.0812       302.0719   -101905.2784    -82808.5263       302.1694            -39.7592       -44.7851    300780.5191         6.7738         6.4032

WRITING EXTENDED SYSTEM TO RESTART FILE AT STEP 80000
WRITING COORDINATES TO RESTART FILE AT STEP 80000
FINISHED WRITING RESTART COORDINATES
WRITING VELOCITIES TO RESTART FILE AT STEP 80000
FINISHED WRITING RESTART VELOCITIES
TIMING: 85000  CPU: 99.9314, 0.00114978/step  Wall: 102.238, 0.00115546/step, 149.551 ns/days, 0.133199 hours remaining, 0.000000 MB of memory in use.
PERFORMANCE: 85000  averaging 143.733 ns/day, 0.00120223 sec/step with standard deviation 0.000111885
ENERGY:   85000       423.4107      1143.2454      1110.4209        63.0605        -114157.9734      9855.1003         0.0000         0.0000     18609.2653         -82953.4703       302.5282   -101562.7356    -82816.5787       302.1893             87.7220        83.5872    299286.1830        11.2709        10.6912

WRITING EXTENDED SYSTEM TO RESTART FILE AT STEP 85000
WRITING COORDINATES TO RESTART FILE AT STEP 85000
FINISHED WRITING RESTART COORDINATES
WRITING VELOCITIES TO RESTART FILE AT STEP 85000
FINISHED WRITING RESTART VELOCITIES
TIMING: 90000  CPU: 105.69, 0.00115163/step  Wall: 108.022, 0.00115685/step, 149.371 ns/days, 0.131753 hours remaining, 0.000000 MB of memory in use.
PERFORMANCE: 90000  averaging 144.035 ns/day, 0.00119971 sec/step with standard deviation 0.00010907
ENERGY:   90000       422.8834      1106.7983      1132.1327        74.1467        -113818.5629      9657.1764         0.0000         0.0000     18573.0725         -82852.3530       301.9398   -101425.4255    -82818.4616       302.1762            -70.2123       -68.5229    300667.2733         6.9823         6.5221

WRITING EXTENDED SYSTEM TO RESTART FILE AT STEP 90000
WRITING COORDINATES TO RESTART FILE AT STEP 90000
FINISHED WRITING RESTART COORDINATES
WRITING VELOCITIES TO RESTART FILE AT STEP 90000
FINISHED WRITING RESTART VELOCITIES
TIMING: 95000  CPU: 111.464, 0.00115488/step  Wall: 113.832, 0.00116193/step, 148.718 ns/days, 0.130717 hours remaining, 0.000000 MB of memory in use.
PERFORMANCE: 95000  averaging 144.274 ns/day, 0.00119772 sec/step with standard deviation 0.00010635
ENERGY:   95000       414.2596      1139.5605      1098.8467        64.7882        -113788.5286      9684.2565         0.0000         0.0000     18654.1410         -82732.6760       303.2577   -101386.8170    -82814.1723       302.2303              4.5470         6.6891    301803.4416         6.8606         6.5304

WRITING EXTENDED SYSTEM TO RESTART FILE AT STEP 95000
WRITING COORDINATES TO RESTART FILE AT STEP 95000
FINISHED WRITING RESTART COORDINATES
WRITING VELOCITIES TO RESTART FILE AT STEP 95000
FINISHED WRITING RESTART VELOCITIES
TIMING: 100000  CPU: 117.234, 0.0011541/step  Wall: 119.636, 0.0011609/step, 148.85 ns/days, 0.128989 hours remaining, 0.000000 MB of memory in use.
PERFORMANCE: 100000  averaging 144.496 ns/day, 0.00119588 sec/step with standard deviation 0.000103841
ETITLE:      TS           BOND          ANGLE          DIHED          IMPRP               ELECT            VDW       BOUNDARY           MISC        KINETIC               TOTAL           TEMP      POTENTIAL       TOTALAVG        TEMPAVG            PRESSURE      GPRESSURE         VOLUME       PRESSAVG      GPRESSAVG

ENERGY:  100000       414.9404      1109.4598      1127.5395        68.6708        -113923.1852      9649.2662         0.0000         0.0000     18547.5724         -83005.7360       301.5252   -101553.3084    -82927.5786       302.1297            -45.1528       -45.8960    301086.6513        54.7383        54.2652

WRITING EXTENDED SYSTEM TO RESTART FILE AT STEP 100000
WRITING COORDINATES TO RESTART FILE AT STEP 100000
FINISHED WRITING RESTART COORDINATES
WRITING VELOCITIES TO RESTART FILE AT STEP 100000
FINISHED WRITING RESTART VELOCITIES
TIMING: 105000  CPU: 123.014, 0.00115596/step  Wall: 125.452, 0.00116315/step, 148.562 ns/days, 0.127623 hours remaining, 0.000000 MB of memory in use.
PERFORMANCE: 105000  averaging 144.685 ns/day, 0.00119432 sec/step with standard deviation 0.000101463
ENERGY:  105000       429.8794      1166.4713      1130.9589        69.5331        -114026.3286      9902.1243         0.0000         0.0000     18535.5061         -82791.8556       301.3291   -101327.3617    -82929.7661       302.0932            141.5446       137.4844    299946.8096        44.7018        43.9935

WRITING EXTENDED SYSTEM TO RESTART FILE AT STEP 105000
WRITING COORDINATES TO RESTART FILE AT STEP 105000
FINISHED WRITING RESTART COORDINATES
WRITING VELOCITIES TO RESTART FILE AT STEP 105000
FINISHED WRITING RESTART VELOCITIES
TIMING: 110000  CPU: 128.755, 0.00114821/step  Wall: 131.228, 0.00115521/step, 149.583 ns/days, 0.125148 hours remaining, 0.000000 MB of memory in use.
PERFORMANCE: 110000  averaging 144.9 ns/day, 0.00119254 sec/step with standard deviation 9.93684e-05
ENERGY:  110000       424.1507      1090.2819      1120.5586        62.2157        -114110.5292      9816.8271         0.0000         0.0000     18610.0495         -82986.4456       302.5409   -101596.4951    -82927.8477       302.1372             -6.4107        -4.9052    300776.5726        34.0949        33.4484

WRITING EXTENDED SYSTEM TO RESTART FILE AT STEP 110000
WRITING COORDINATES TO RESTART FILE AT STEP 110000
FINISHED WRITING RESTART COORDINATES
WRITING VELOCITIES TO RESTART FILE AT STEP 110000
FINISHED WRITING RESTART VELOCITIES
TIMING: 115000  CPU: 134.494, 0.00114767/step  Wall: 137.007, 0.00115565/step, 149.526 ns/days, 0.12359 hours remaining, 0.000000 MB of memory in use.
PERFORMANCE: 115000  averaging 145.096 ns/day, 0.00119094 sec/step with standard deviation 9.73881e-05
ENERGY:  115000       440.4363      1072.3283      1133.3422        70.1304        -113948.0868      9720.9790         0.0000         0.0000     18604.3711         -82906.4995       302.4486   -101510.8706    -82917.6188       302.2407            -19.0958       -21.2448    302247.4476        21.7042        20.9056

WRITING EXTENDED SYSTEM TO RESTART FILE AT STEP 115000
WRITING COORDINATES TO RESTART FILE AT STEP 115000
FINISHED WRITING RESTART COORDINATES
WRITING VELOCITIES TO RESTART FILE AT STEP 115000
FINISHED WRITING RESTART VELOCITIES
TIMING: 120000  CPU: 140.263, 0.00115393/step  Wall: 142.802, 0.00115907/step, 149.085 ns/days, 0.122346 hours remaining, 0.000000 MB of memory in use.
PERFORMANCE: 120000  averaging 145.258 ns/day, 0.00118961 sec/step with standard deviation 9.54693e-05
ENERGY:  120000       434.6608      1136.2801      1130.2094        78.1175        -113760.6294      9610.9337         0.0000         0.0000     18575.6434         -82794.7843       301.9816   -101370.4278    -82908.3075       302.2929             86.8942        86.6598    298681.5486        18.9694        18.2662

WRITING EXTENDED SYSTEM TO RESTART FILE AT STEP 120000
WRITING COORDINATES TO RESTART FILE AT STEP 120000
FINISHED WRITING RESTART COORDINATES
WRITING VELOCITIES TO RESTART FILE AT STEP 120000
FINISHED WRITING RESTART VELOCITIES
TIMING: 125000  CPU: 146.021, 0.00115146/step  Wall: 148.593, 0.00115831/step, 149.183 ns/days, 0.120657 hours remaining, 0.000000 MB of memory in use.
PERFORMANCE: 125000  averaging 145.411 ns/day, 0.00118836 sec/step with standard deviation 9.36686e-05
ENERGY:  125000       403.4218      1125.2822      1127.3556        72.1025        -113965.4581      9549.4378         0.0000         0.0000     18685.8361         -83002.0219       303.7730   -101687.8580    -82902.5031       302.4442           -148.4534      -146.6189    300455.7581         3.8609         3.1482

WRITING EXTENDED SYSTEM TO RESTART FILE AT STEP 125000
WRITING COORDINATES TO RESTART FILE AT STEP 125000
FINISHED WRITING RESTART COORDINATES
WRITING VELOCITIES TO RESTART FILE AT STEP 125000
FINISHED WRITING RESTART VELOCITIES
TIMING: 130000  CPU: 151.919, 0.00117961/step  Wall: 154.54, 0.00118931/step, 145.294 ns/days, 0.122235 hours remaining, 0.000000 MB of memory in use.
PERFORMANCE: 130000  averaging 145.406 ns/day, 0.0011884 sec/step with standard deviation 9.17763e-05
ENERGY:  130000       441.3641      1127.9672      1111.5171        68.9279        -114289.1009      9759.0421         0.0000         0.0000     18778.7504         -83001.5319       305.2835   -101780.2823    -82918.9390       302.5313           -108.2309      -108.6587    301045.7840        12.6363        12.1370

WRITING EXTENDED SYSTEM TO RESTART FILE AT STEP 130000
WRITING COORDINATES TO RESTART FILE AT STEP 130000
FINISHED WRITING RESTART COORDINATES
WRITING VELOCITIES TO RESTART FILE AT STEP 130000
FINISHED WRITING RESTART VELOCITIES
TIMING: 135000  CPU: 157.68, 0.00115228/step  Wall: 160.328, 0.00115752/step, 149.285 ns/days, 0.117359 hours remaining, 0.000000 MB of memory in use.
PERFORMANCE: 135000  averaging 145.546 ns/day, 0.00118725 sec/step with standard deviation 9.01901e-05
ENERGY:  135000       409.2207      1147.8180      1155.3624        67.4002        -114373.8633      9905.5205         0.0000         0.0000     18570.7854         -83117.7559       301.9026   -101688.5413    -82948.5680       302.5294            176.2410       173.1631    300237.8493        33.7963        33.1041

WRITING EXTENDED SYSTEM TO RESTART FILE AT STEP 135000
WRITING COORDINATES TO RESTART FILE AT STEP 135000
FINISHED WRITING RESTART COORDINATES
WRITING VELOCITIES TO RESTART FILE AT STEP 135000
FINISHED WRITING RESTART VELOCITIES
TIMING: 140000  CPU: 163.448, 0.00115367/step  Wall: 166.133, 0.00116105/step, 148.83 ns/days, 0.116105 hours remaining, 0.000000 MB of memory in use.
PERFORMANCE: 140000  averaging 145.661 ns/day, 0.00118632 sec/step with standard deviation 8.86425e-05
ENERGY:  140000       436.5497      1128.3717      1093.2324        68.5496        -114356.3938      9964.7250         0.0000         0.0000     18764.4500         -82900.5155       305.0510   -101664.9655    -82951.7476       302.6861            215.4458       210.9691    299698.7301        34.2732        33.4596

WRITING EXTENDED SYSTEM TO RESTART FILE AT STEP 140000
WRITING COORDINATES TO RESTART FILE AT STEP 140000
FINISHED WRITING RESTART COORDINATES
WRITING VELOCITIES TO RESTART FILE AT STEP 140000
FINISHED WRITING RESTART VELOCITIES
TIMING: 145000  CPU: 169.21, 0.00115234/step  Wall: 171.931, 0.00115955/step, 149.023 ns/days, 0.114344 hours remaining, 0.000000 MB of memory in use.
PERFORMANCE: 145000  averaging 145.774 ns/day, 0.00118539 sec/step with standard deviation 8.7187e-05
ENERGY:  145000       450.0160      1122.8466      1133.4075        75.2490        -114060.3102      9965.7866         0.0000         0.0000     18643.4858         -82669.5187       303.0845   -101313.0045    -82936.3907       302.7458            250.3653       255.3114    300616.6245        46.9488        46.5192

WRITING EXTENDED SYSTEM TO RESTART FILE AT STEP 145000
WRITING COORDINATES TO RESTART FILE AT STEP 145000
FINISHED WRITING RESTART COORDINATES
WRITING VELOCITIES TO RESTART FILE AT STEP 145000
FINISHED WRITING RESTART VELOCITIES
TIMING: 150000  CPU: 174.99, 0.00115599/step  Wall: 177.737, 0.00116138/step, 148.789 ns/days, 0.112912 hours remaining, 0.000000 MB of memory in use.
PERFORMANCE: 150000  averaging 145.873 ns/day, 0.00118459 sec/step with standard deviation 8.57828e-05
ETITLE:      TS           BOND          ANGLE          DIHED          IMPRP               ELECT            VDW       BOUNDARY           MISC        KINETIC               TOTAL           TEMP      POTENTIAL       TOTALAVG        TEMPAVG            PRESSURE      GPRESSURE         VOLUME       PRESSAVG      GPRESSAVG

ENERGY:  150000       415.8114      1139.9064      1153.3008        74.6151        -113680.2529      9515.6367         0.0000         0.0000     18608.7331         -82772.2494       302.5195   -101380.9825    -82931.7888       302.6779           -278.8438      -277.4845    301664.2820        26.4037        25.9556

WRITING EXTENDED SYSTEM TO RESTART FILE AT STEP 150000
WRITING COORDINATES TO RESTART FILE AT STEP 150000
FINISHED WRITING RESTART COORDINATES
WRITING VELOCITIES TO RESTART FILE AT STEP 150000
FINISHED WRITING RESTART VELOCITIES
TIMING: 155000  CPU: 180.727, 0.00114732/step  Wall: 183.509, 0.00115439/step, 149.69 ns/days, 0.110629 hours remaining, 0.000000 MB of memory in use.
PERFORMANCE: 155000  averaging 145.993 ns/day, 0.00118362 sec/step with standard deviation 8.45153e-05
ENERGY:  155000       440.4921      1100.4943      1130.5861        70.7995        -114572.8343     10040.4180         0.0000         0.0000     18567.3553         -83222.6892       301.8468   -101790.0444    -82933.4504       302.6447            108.6676       109.6087    300957.0625        38.5672        38.2181

WRITING EXTENDED SYSTEM TO RESTART FILE AT STEP 155000
WRITING COORDINATES TO RESTART FILE AT STEP 155000
FINISHED WRITING RESTART COORDINATES
WRITING VELOCITIES TO RESTART FILE AT STEP 155000
FINISHED WRITING RESTART VELOCITIES
TIMING: 160000  CPU: 186.462, 0.00114709/step  Wall: 189.278, 0.0011538/step, 149.767 ns/days, 0.10897 hours remaining, 0.000000 MB of memory in use.
PERFORMANCE: 160000  averaging 146.108 ns/day, 0.00118269 sec/step with standard deviation 8.33079e-05
ENERGY:  160000       433.0460      1142.0136      1119.6474        69.7587        -114316.1425      9863.3264         0.0000         0.0000     18537.6297         -83150.7208       301.3636   -101688.3505    -82945.9504       302.5112             -4.7112        -3.1624    301301.6252        29.0709        28.6479

WRITING EXTENDED SYSTEM TO RESTART FILE AT STEP 160000
WRITING COORDINATES TO RESTART FILE AT STEP 160000
FINISHED WRITING RESTART COORDINATES
WRITING VELOCITIES TO RESTART FILE AT STEP 160000
FINISHED WRITING RESTART VELOCITIES
TIMING: 165000  CPU: 192.397, 0.00118695/step  Wall: 195.344, 0.00121307/step, 142.449 ns/days, 0.112883 hours remaining, 0.000000 MB of memory in use.
PERFORMANCE: 165000  averaging 145.994 ns/day, 0.00118361 sec/step with standard deviation 8.21663e-05
ENERGY:  165000       408.3308      1141.9123      1132.2482        71.6983        -114463.7048     10063.2967         0.0000         0.0000     18538.2745         -83107.9440       301.3741   -101646.2185    -82935.6648       302.7584            390.0466       392.0139    299386.6410        61.7762        61.3361

WRITING EXTENDED SYSTEM TO RESTART FILE AT STEP 165000
WRITING COORDINATES TO RESTART FILE AT STEP 165000
FINISHED WRITING RESTART COORDINATES
WRITING VELOCITIES TO RESTART FILE AT STEP 165000
FINISHED WRITING RESTART VELOCITIES
TIMING: 170000  CPU: 198.4, 0.00120053/step  Wall: 201.426, 0.00121651/step, 142.046 ns/days, 0.111513 hours remaining, 0.000000 MB of memory in use.
PERFORMANCE: 170000  averaging 145.875 ns/day, 0.00118457 sec/step with standard deviation 8.11082e-05
ENERGY:  170000       417.8249      1184.1467      1127.8464        71.9367        -114385.9845     10031.4056         0.0000         0.0000     18481.2046         -83071.6196       300.4463   -101552.8243    -82950.2731       302.4392            267.5437       263.6233    299930.6059        56.4723        55.8651

WRITING EXTENDED SYSTEM TO RESTART FILE AT STEP 170000
WRITING COORDINATES TO RESTART FILE AT STEP 170000
FINISHED WRITING RESTART COORDINATES
WRITING VELOCITIES TO RESTART FILE AT STEP 170000
FINISHED WRITING RESTART VELOCITIES
TIMING: 175000  CPU: 204.168, 0.00115365/step  Wall: 207.221, 0.00115894/step, 149.102 ns/days, 0.104626 hours remaining, 0.000000 MB of memory in use.
PERFORMANCE: 175000  averaging 145.965 ns/day, 0.00118384 sec/step with standard deviation 8.0024e-05
ENERGY:  175000       435.8086      1120.0576      1136.1276        68.1233        -114046.0055      9737.8072         0.0000         0.0000     18707.4158         -82840.6653       304.1238   -101548.0812    -82960.2567       302.5196             72.3454        72.9501    299478.2839        54.0246        53.5391

WRITING EXTENDED SYSTEM TO RESTART FILE AT STEP 175000
WRITING COORDINATES TO RESTART FILE AT STEP 175000
FINISHED WRITING RESTART COORDINATES
WRITING VELOCITIES TO RESTART FILE AT STEP 175000
FINISHED WRITING RESTART VELOCITIES
TIMING: 180000  CPU: 209.869, 0.00114017/step  Wall: 212.956, 0.0011471/step, 150.641 ns/days, 0.101964 hours remaining, 0.000000 MB of memory in use.
PERFORMANCE: 180000  averaging 146.091 ns/day, 0.00118282 sec/step with standard deviation 7.91099e-05
ENERGY:  180000       410.0429      1110.1792      1140.7684        67.8404        -114003.5397      9925.3797         0.0000         0.0000     18789.4536         -82559.8755       305.4575   -101349.3291    -82922.0464       302.6889            228.1673       228.5516    299395.1167        67.4210        67.2059

WRITING EXTENDED SYSTEM TO RESTART FILE AT STEP 180000
WRITING COORDINATES TO RESTART FILE AT STEP 180000
FINISHED WRITING RESTART COORDINATES
WRITING VELOCITIES TO RESTART FILE AT STEP 180000
FINISHED WRITING RESTART VELOCITIES
TIMING: 185000  CPU: 215.652, 0.00115666/step  Wall: 218.766, 0.00116184/step, 148.73 ns/days, 0.101661 hours remaining, 0.000000 MB of memory in use.
PERFORMANCE: 185000  averaging 146.161 ns/day, 0.00118225 sec/step with standard deviation 7.80797e-05
ENERGY:  185000       428.0572      1129.9435      1138.6942        72.1043        -113957.8695      9550.5263         0.0000         0.0000     18707.7945         -82930.7495       304.1299   -101638.5440    -82920.9104       302.7690           -144.8391      -149.0508    300842.0862        55.7929        55.5740

WRITING EXTENDED SYSTEM TO RESTART FILE AT STEP 185000
WRITING COORDINATES TO RESTART FILE AT STEP 185000
FINISHED WRITING RESTART COORDINATES
WRITING VELOCITIES TO RESTART FILE AT STEP 185000
FINISHED WRITING RESTART VELOCITIES
TIMING: 190000  CPU: 221.372, 0.00114409/step  Wall: 224.512, 0.00114921/step, 150.364 ns/days, 0.0989597 hours remaining, 0.000000 MB of memory in use.
PERFORMANCE: 190000  averaging 146.269 ns/day, 0.00118138 sec/step with standard deviation 7.72036e-05
ENERGY:  190000       426.4237      1103.5608      1132.0413        76.8969        -114119.6895      9766.4277         0.0000         0.0000     18701.6509         -82912.6883       304.0301   -101614.3391    -82923.9271       302.8735            -52.0193       -55.9491    301528.3061        56.7026        56.2027

WRITING EXTENDED SYSTEM TO RESTART FILE AT STEP 190000
WRITING COORDINATES TO RESTART FILE AT STEP 190000
FINISHED WRITING RESTART COORDINATES
WRITING VELOCITIES TO RESTART FILE AT STEP 190000
FINISHED WRITING RESTART VELOCITIES
TIMING: 195000  CPU: 227.134, 0.00115226/step  Wall: 230.3, 0.00115775/step, 149.255 ns/days, 0.0980874 hours remaining, 0.000000 MB of memory in use.
PERFORMANCE: 195000  averaging 146.344 ns/day, 0.00118078 sec/step with standard deviation 7.62749e-05
ENERGY:  195000       415.4238      1151.2652      1133.6232        79.2046        -114044.4936      9815.9464         0.0000         0.0000     18519.5369         -82929.4935       301.0695   -101449.0304    -82933.7680       302.7641            -89.4389       -88.8774    301054.5389        52.0033        51.4244

WRITING EXTENDED SYSTEM TO RESTART FILE AT STEP 195000
WRITING COORDINATES TO RESTART FILE AT STEP 195000
FINISHED WRITING RESTART COORDINATES
WRITING VELOCITIES TO RESTART FILE AT STEP 195000
FINISHED WRITING RESTART VELOCITIES
TIMING: 200000  CPU: 232.857, 0.00114467/step  Wall: 236.108, 0.0011615/step, 148.773 ns/days, 0.0967916 hours remaining, 0.000000 MB of memory in use.
PERFORMANCE: 200000  averaging 146.404 ns/day, 0.0011803 sec/step with standard deviation 7.53524e-05
ETITLE:      TS           BOND          ANGLE          DIHED          IMPRP               ELECT            VDW       BOUNDARY           MISC        KINETIC               TOTAL           TEMP      POTENTIAL       TOTALAVG        TEMPAVG            PRESSURE      GPRESSURE         VOLUME       PRESSAVG      GPRESSAVG

ENERGY:  200000       439.6781      1106.2172      1121.1585        71.8698        -114143.2318      9681.8493         0.0000         0.0000     18616.4050         -83106.0539       302.6442   -101722.4590    -82938.7839       302.8200           -199.1446      -196.6560    300898.7211        44.3037        43.8864

WRITING EXTENDED SYSTEM TO RESTART FILE AT STEP 200000
WRITING COORDINATES TO RESTART FILE AT STEP 200000
FINISHED WRITING RESTART COORDINATES
WRITING VELOCITIES TO RESTART FILE AT STEP 200000
FINISHED WRITING RESTART VELOCITIES
TIMING: 205000  CPU: 238.617, 0.00115191/step  Wall: 241.895, 0.00115736/step, 149.305 ns/days, 0.0948392 hours remaining, 0.000000 MB of memory in use.
PERFORMANCE: 205000  averaging 146.473 ns/day, 0.00117974 sec/step with standard deviation 7.44907e-05
ENERGY:  205000       442.1716      1118.5317      1135.7571        73.9636        -114381.3267      9941.8242         0.0000         0.0000     18643.3709         -83025.7076       303.0826   -101669.0785    -82950.4765       302.9077            104.7408       108.4042    300885.1917        42.4635        42.4324

WRITING EXTENDED SYSTEM TO RESTART FILE AT STEP 205000
WRITING COORDINATES TO RESTART FILE AT STEP 205000
FINISHED WRITING RESTART COORDINATES
WRITING VELOCITIES TO RESTART FILE AT STEP 205000
FINISHED WRITING RESTART VELOCITIES
TIMING: 210000  CPU: 244.921, 0.00126086/step  Wall: 248.234, 0.00126792/step, 136.287 ns/days, 0.102138 hours remaining, 0.000000 MB of memory in use.
PERFORMANCE: 210000  averaging 146.213 ns/day, 0.00118184 sec/step with standard deviation 7.48242e-05
ENERGY:  210000       439.3722      1119.4959      1112.5366        72.3761        -114244.4182      9893.8102         0.0000         0.0000     18677.3796         -82929.4475       303.6355   -101606.8272    -82947.6266       302.9624             22.5344        18.1962    300563.3186        43.9108        43.5874

WRITING EXTENDED SYSTEM TO RESTART FILE AT STEP 210000
WRITING COORDINATES TO RESTART FILE AT STEP 210000
FINISHED WRITING RESTART COORDINATES
WRITING VELOCITIES TO RESTART FILE AT STEP 210000
FINISHED WRITING RESTART VELOCITIES
TIMING: 215000  CPU: 250.655, 0.00114683/step  Wall: 254.004, 0.00115395/step, 149.747 ns/days, 0.0913544 hours remaining, 0.000000 MB of memory in use.
PERFORMANCE: 215000  averaging 146.293 ns/day, 0.00118119 sec/step with standard deviation 7.40503e-05
ENERGY:  215000       450.6480      1127.0759      1130.4874        65.0385        -113907.6011      9636.9417         0.0000         0.0000     18633.8164         -82863.5931       302.9273   -101497.4095    -82945.4813       302.9863           -284.0337      -284.6738    301347.2306        30.6639        30.4160

WRITING EXTENDED SYSTEM TO RESTART FILE AT STEP 215000
WRITING COORDINATES TO RESTART FILE AT STEP 215000
FINISHED WRITING RESTART COORDINATES
WRITING VELOCITIES TO RESTART FILE AT STEP 215000
FINISHED WRITING RESTART VELOCITIES
TIMING: 220000  CPU: 256.394, 0.00114775/step  Wall: 259.771, 0.00115332/step, 149.828 ns/days, 0.089703 hours remaining, 0.000000 MB of memory in use.
PERFORMANCE: 220000  averaging 146.372 ns/day, 0.00118056 sec/step with standard deviation 7.33046e-05
ENERGY:  220000       438.8249      1114.2453      1112.4797        72.7021        -114364.9582      9914.8019         0.0000         0.0000     18677.2216         -83034.6827       303.6329   -101711.9044    -82957.4762       303.0689            173.3189       171.1144    299766.9656        34.9851        34.6387

WRITING EXTENDED SYSTEM TO RESTART FILE AT STEP 220000
WRITING COORDINATES TO RESTART FILE AT STEP 220000
FINISHED WRITING RESTART COORDINATES
WRITING VELOCITIES TO RESTART FILE AT STEP 220000
FINISHED WRITING RESTART VELOCITIES
TIMING: 225000  CPU: 262.132, 0.00114771/step  Wall: 265.535, 0.00115293/step, 149.879 ns/days, 0.088071 hours remaining, 0.000000 MB of memory in use.
PERFORMANCE: 225000  averaging 146.448 ns/day, 0.00117994 sec/step with standard deviation 7.25837e-05
ENERGY:  225000       435.0976      1122.8045      1115.8605        74.6811        -114199.1631      9905.8320         0.0000         0.0000     18522.3848         -83022.5026       301.1158   -101544.8875    -82958.5002       302.9361             62.7860        61.6855    302181.0098        45.5471        45.0539

WRITING EXTENDED SYSTEM TO RESTART FILE AT STEP 225000
WRITING COORDINATES TO RESTART FILE AT STEP 225000
FINISHED WRITING RESTART COORDINATES
WRITING VELOCITIES TO RESTART FILE AT STEP 225000
FINISHED WRITING RESTART VELOCITIES
TIMING: 230000  CPU: 267.892, 0.00115198/step  Wall: 271.332, 0.00115931/step, 149.054 ns/days, 0.0869482 hours remaining, 0.000000 MB of memory in use.
PERFORMANCE: 230000  averaging 146.504 ns/day, 0.00117949 sec/step with standard deviation 7.18372e-05
ENERGY:  230000       441.4665      1155.7635      1156.9176        64.2420        -114388.8036      9884.9015         0.0000         0.0000     18715.6391         -82969.8734       304.2575   -101685.5125    -82956.9173       302.8848            -15.8902       -12.3756    300433.0299        50.1641        49.8681

WRITING EXTENDED SYSTEM TO RESTART FILE AT STEP 230000
WRITING COORDINATES TO RESTART FILE AT STEP 230000
FINISHED WRITING RESTART COORDINATES
WRITING VELOCITIES TO RESTART FILE AT STEP 230000
FINISHED WRITING RESTART VELOCITIES
TIMING: 235000  CPU: 274.462, 0.00131386/step  Wall: 277.936, 0.00132075/step, 130.834 ns/days, 0.0972222 hours remaining, 0.000000 MB of memory in use.
PERFORMANCE: 235000  averaging 146.131 ns/day, 0.0011825 sec/step with standard deviation 7.39795e-05
ENERGY:  235000       420.4692      1143.5570      1133.3919        77.0768        -113939.5486      9629.1221         0.0000         0.0000     18546.1482         -82989.7833       301.5021   -101535.9315    -82950.5187       302.8647           -107.3166      -107.2119    299948.8229        35.9862        35.8493

WRITING EXTENDED SYSTEM TO RESTART FILE AT STEP 235000
WRITING COORDINATES TO RESTART FILE AT STEP 235000
FINISHED WRITING RESTART COORDINATES
WRITING VELOCITIES TO RESTART FILE AT STEP 235000
FINISHED WRITING RESTART VELOCITIES
TIMING: 240000  CPU: 280.243, 0.00115634/step  Wall: 283.759, 0.00116458/step, 148.38 ns/days, 0.0841086 hours remaining, 0.000000 MB of memory in use.
PERFORMANCE: 240000  averaging 146.177 ns/day, 0.00118213 sec/step with standard deviation 7.32339e-05
ENERGY:  240000       432.3127      1109.0448      1117.2746        82.7698        -114233.1185     10000.0723         0.0000         0.0000     18553.1522         -82938.4922       301.6159   -101491.6445    -82952.4175       302.6930              2.5288         5.1417    301945.8315        25.3404        25.5580

WRITING EXTENDED SYSTEM TO RESTART FILE AT STEP 240000
WRITING COORDINATES TO RESTART FILE AT STEP 240000
FINISHED WRITING RESTART COORDINATES
WRITING VELOCITIES TO RESTART FILE AT STEP 240000
FINISHED WRITING RESTART VELOCITIES
TIMING: 245000  CPU: 285.976, 0.00114648/step  Wall: 289.518, 0.00115189/step, 150.015 ns/days, 0.081592 hours remaining, 0.000000 MB of memory in use.
PERFORMANCE: 245000  averaging 146.254 ns/day, 0.00118151 sec/step with standard deviation 7.25957e-05
ENERGY:  245000       427.3155      1095.1637      1132.8564        67.5108        -113829.8234      9675.9879         0.0000         0.0000     18583.4219         -82847.5672       302.1080   -101430.9891    -82961.3199       302.6442             67.6110        66.2660    300519.4579        16.2027        16.1057

WRITING EXTENDED SYSTEM TO RESTART FILE AT STEP 245000
WRITING COORDINATES TO RESTART FILE AT STEP 245000
FINISHED WRITING RESTART COORDINATES
WRITING VELOCITIES TO RESTART FILE AT STEP 245000
FINISHED WRITING RESTART VELOCITIES
TIMING: 250000  CPU: 291.741, 0.00115303/step  Wall: 295.308, 0.001158/step, 149.222 ns/days, 0.0804169 hours remaining, 0.000000 MB of memory in use.
PERFORMANCE: 250000  averaging 146.312 ns/day, 0.00118104 sec/step with standard deviation 7.19279e-05
ETITLE:      TS           BOND          ANGLE          DIHED          IMPRP               ELECT            VDW       BOUNDARY           MISC        KINETIC               TOTAL           TEMP      POTENTIAL       TOTALAVG        TEMPAVG            PRESSURE      GPRESSURE         VOLUME       PRESSAVG      GPRESSAVG

ENERGY:  250000       420.3802      1163.8234      1131.5950        69.3139        -114161.4456      9721.9978         0.0000         0.0000     18517.3421         -83136.9931       301.0338   -101654.3353    -82979.5571       302.5699             -9.3581        -7.6266    300283.5416        29.6769        29.5986

WRITING EXTENDED SYSTEM TO RESTART FILE AT STEP 250000
WRITING COORDINATES TO RESTART FILE AT STEP 250000
FINISHED WRITING RESTART COORDINATES
WRITING VELOCITIES TO RESTART FILE AT STEP 250000
FINISHED WRITING RESTART VELOCITIES
TIMING: 255000  CPU: 297.508, 0.00115339/step  Wall: 301.102, 0.0011589/step, 149.107 ns/days, 0.0788694 hours remaining, 0.000000 MB of memory in use.
PERFORMANCE: 255000  averaging 146.366 ns/day, 0.0011806 sec/step with standard deviation 7.12725e-05
ENERGY:  255000       402.0469      1137.0935      1111.8693        80.4035        -114208.2248      9834.5584         0.0000         0.0000     18679.4148         -82962.8385       303.6686   -101642.2533    -82966.5646       302.6610            130.1167       127.5464    299630.4443        30.7494        30.4955

WRITING EXTENDED SYSTEM TO RESTART FILE AT STEP 255000
WRITING COORDINATES TO RESTART FILE AT STEP 255000
FINISHED WRITING RESTART COORDINATES
WRITING VELOCITIES TO RESTART FILE AT STEP 255000
FINISHED WRITING RESTART VELOCITIES
TIMING: 260000  CPU: 306.552, 0.0018088/step  Wall: 310.188, 0.00181717/step, 95.0927 ns/days, 0.121145 hours remaining, 0.000000 MB of memory in use.
PERFORMANCE: 260000  averaging 144.864 ns/day, 0.00119285 sec/step with standard deviation 0.000113017
ENERGY:  260000       448.4932      1199.8890      1110.8090        83.9923        -113887.4707      9797.8837         0.0000         0.0000     18629.8022         -82616.6013       302.8620   -101246.4035    -82939.8586       302.7359            105.6478       105.6045    300931.9690        36.2673        35.9338

WRITING EXTENDED SYSTEM TO RESTART FILE AT STEP 260000
WRITING COORDINATES TO RESTART FILE AT STEP 260000
FINISHED WRITING RESTART COORDINATES
WRITING VELOCITIES TO RESTART FILE AT STEP 260000
FINISHED WRITING RESTART VELOCITIES
TIMING: 265000  CPU: 312.297, 0.001149/step  Wall: 315.96, 0.0011544/step, 149.689 ns/days, 0.0753564 hours remaining, 0.000000 MB of memory in use.
PERFORMANCE: 265000  averaging 144.952 ns/day, 0.00119212 sec/step with standard deviation 0.00011205
ENERGY:  265000       407.5946      1115.6901      1138.9576        87.5201        -114021.9898      9797.1039         0.0000         0.0000     18591.0110         -82884.1125       302.2314   -101475.1235    -82928.6670       302.7787             65.4302        64.7871    301111.6291        20.0365        19.5725

WRITING EXTENDED SYSTEM TO RESTART FILE AT STEP 265000
WRITING COORDINATES TO RESTART FILE AT STEP 265000
FINISHED WRITING RESTART COORDINATES
WRITING VELOCITIES TO RESTART FILE AT STEP 265000
FINISHED WRITING RESTART VELOCITIES
TIMING: 270000  CPU: 318.325, 0.0012056/step  Wall: 322.02, 0.00121185/step, 142.592 ns/days, 0.0774236 hours remaining, 0.000000 MB of memory in use.
PERFORMANCE: 270000  averaging 144.907 ns/day, 0.00119249 sec/step with standard deviation 0.00011102
ENERGY:  270000       482.3929      1144.0704      1118.8336        68.5608        -114181.1669      9749.9505         0.0000         0.0000     18649.5191         -82967.8396       303.1826   -101617.3587    -82923.4780       302.9156           -187.6062      -189.6660    301319.7182        -2.7210        -3.0920

WRITING EXTENDED SYSTEM TO RESTART FILE AT STEP 270000
WRITING COORDINATES TO RESTART FILE AT STEP 270000
FINISHED WRITING RESTART COORDINATES
WRITING VELOCITIES TO RESTART FILE AT STEP 270000
FINISHED WRITING RESTART VELOCITIES
TIMING: 275000  CPU: 324.06, 0.00114703/step  Wall: 327.807, 0.00115758/step, 149.277 ns/days, 0.0723485 hours remaining, 0.000000 MB of memory in use.
PERFORMANCE: 275000  averaging 144.985 ns/day, 0.00119185 sec/step with standard deviation 0.000110088
ENERGY:  275000       433.4482      1098.1463      1130.6118        75.5474        -113708.8563      9436.0616         0.0000         0.0000     18849.0408         -82686.0002       306.4262   -101535.0410    -82915.7448       303.0307           -306.0740      -309.6911    300359.8198       -21.6419       -22.2240

WRITING EXTENDED SYSTEM TO RESTART FILE AT STEP 275000
WRITING COORDINATES TO RESTART FILE AT STEP 275000
FINISHED WRITING RESTART COORDINATES
WRITING VELOCITIES TO RESTART FILE AT STEP 275000
FINISHED WRITING RESTART VELOCITIES
TIMING: 280000  CPU: 329.809, 0.0011499/step  Wall: 333.591, 0.00115667/step, 149.394 ns/days, 0.0706854 hours remaining, 0.000000 MB of memory in use.
PERFORMANCE: 280000  averaging 145.061 ns/day, 0.00119122 sec/step with standard deviation 0.000109184
ENERGY:  280000       415.1211      1129.1410      1126.5557        79.1099        -113970.6335      9835.5259         0.0000         0.0000     18468.3230         -82916.8570       300.2369   -101385.1800    -82933.5939       302.7696            128.4367       125.8525    301040.6845       -26.6285       -27.3590

WRITING EXTENDED SYSTEM TO RESTART FILE AT STEP 280000
WRITING COORDINATES TO RESTART FILE AT STEP 280000
FINISHED WRITING RESTART COORDINATES
WRITING VELOCITIES TO RESTART FILE AT STEP 280000
FINISHED WRITING RESTART VELOCITIES
TIMING: 285000  CPU: 335.566, 0.00115137/step  Wall: 339.39, 0.00115982/step, 148.988 ns/days, 0.0692673 hours remaining, 0.000000 MB of memory in use.
PERFORMANCE: 285000  averaging 145.128 ns/day, 0.00119067 sec/step with standard deviation 0.000108285
ENERGY:  285000       424.6760      1184.2365      1119.7004        79.2737        -114228.9046      9823.0730         0.0000         0.0000     18631.2969         -82966.6480       302.8863   -101597.9449    -82935.3888       302.7075             -6.4050        -5.6378    300211.6278       -19.7068       -20.1883

WRITING EXTENDED SYSTEM TO RESTART FILE AT STEP 285000
WRITING COORDINATES TO RESTART FILE AT STEP 285000
FINISHED WRITING RESTART COORDINATES
WRITING VELOCITIES TO RESTART FILE AT STEP 285000
FINISHED WRITING RESTART VELOCITIES
TIMING: 290000  CPU: 341.309, 0.00114857/step  Wall: 345.167, 0.00115533/step, 149.568 ns/days, 0.067394 hours remaining, 0.000000 MB of memory in use.
PERFORMANCE: 290000  averaging 145.203 ns/day, 0.00119006 sec/step with standard deviation 0.000107431
ENERGY:  290000       427.6876      1102.8420      1131.8773        72.4102        -114202.3209      9831.9351         0.0000         0.0000     18675.2389         -82960.3299       303.6007   -101635.5688    -82937.7709       302.6860            -97.4805       -97.1743    300747.7005       -21.9798       -22.2496

WRITING EXTENDED SYSTEM TO RESTART FILE AT STEP 290000
WRITING COORDINATES TO RESTART FILE AT STEP 290000
FINISHED WRITING RESTART COORDINATES
WRITING VELOCITIES TO RESTART FILE AT STEP 290000
FINISHED WRITING RESTART VELOCITIES
TIMING: 295000  CPU: 347.051, 0.00114835/step  Wall: 350.948, 0.0011563/step, 149.442 ns/days, 0.0658447 hours remaining, 0.000000 MB of memory in use.
PERFORMANCE: 295000  averaging 145.272 ns/day, 0.00118949 sec/step with standard deviation 0.000106591
ENERGY:  295000       428.8447      1122.9599      1139.7150        77.4143        -114306.5725      9873.6984         0.0000         0.0000     18566.9399         -83097.0003       301.8401   -101663.9402    -82946.1462       302.7245             78.1210        76.0927    301090.9587       -13.6018       -14.0011

WRITING EXTENDED SYSTEM TO RESTART FILE AT STEP 295000
WRITING COORDINATES TO RESTART FILE AT STEP 295000
FINISHED WRITING RESTART COORDINATES
WRITING VELOCITIES TO RESTART FILE AT STEP 295000
FINISHED WRITING RESTART VELOCITIES
TIMING: 300000  CPU: 352.787, 0.0011472/step  Wall: 356.718, 0.00115402/step, 149.737 ns/days, 0.0641123 hours remaining, 0.000000 MB of memory in use.
PERFORMANCE: 300000  averaging 145.345 ns/day, 0.0011889 sec/step with standard deviation 0.000105783
ETITLE:      TS           BOND          ANGLE          DIHED          IMPRP               ELECT            VDW       BOUNDARY           MISC        KINETIC               TOTAL           TEMP      POTENTIAL       TOTALAVG        TEMPAVG            PRESSURE      GPRESSURE         VOLUME       PRESSAVG      GPRESSAVG

ENERGY:  300000       408.0377      1111.7526      1122.2899        70.9417        -113732.6148      9620.8861         0.0000         0.0000     18575.9218         -82822.7848       301.9861   -101398.7066    -82931.9827       302.6916             -7.5335        -3.5769    300866.9040        -4.0213        -4.3471

WRITING EXTENDED SYSTEM TO RESTART FILE AT STEP 300000
WRITING COORDINATES TO RESTART FILE AT STEP 300000
FINISHED WRITING RESTART COORDINATES
WRITING VELOCITIES TO RESTART FILE AT STEP 300000
FINISHED WRITING RESTART VELOCITIES
TIMING: 305000  CPU: 358.528, 0.00114818/step  Wall: 362.495, 0.00115528/step, 149.574 ns/days, 0.0625778 hours remaining, 0.000000 MB of memory in use.
PERFORMANCE: 305000  averaging 145.412 ns/day, 0.00118835 sec/step with standard deviation 0.000104986
ENERGY:  305000       426.9032      1149.5882      1139.3881        67.8462        -114233.4977      9770.5325         0.0000         0.0000     18656.2817         -83022.9577       303.2925   -101679.2394    -82931.8453       302.7021             35.4369        31.1627    299677.7907        -7.4865        -8.2092

WRITING EXTENDED SYSTEM TO RESTART FILE AT STEP 305000
WRITING COORDINATES TO RESTART FILE AT STEP 305000
FINISHED WRITING RESTART COORDINATES
WRITING VELOCITIES TO RESTART FILE AT STEP 305000
FINISHED WRITING RESTART VELOCITIES
TIMING: 310000  CPU: 367.311, 0.00175659/step  Wall: 371.315, 0.00176403/step, 97.9574 ns/days, 0.0931017 hours remaining, 0.000000 MB of memory in use.
PERFORMANCE: 310000  averaging 144.285 ns/day, 0.00119763 sec/step with standard deviation 0.000127227
ENERGY:  310000       428.7044      1155.8942      1119.5031        85.2525        -114371.2125     10093.0868         0.0000         0.0000     18553.8736         -82934.8979       301.6277   -101488.7715    -82932.1178       302.6017            389.0803       385.4672    298823.3749        10.8408        10.1543

WRITING EXTENDED SYSTEM TO RESTART FILE AT STEP 310000
WRITING COORDINATES TO RESTART FILE AT STEP 310000
FINISHED WRITING RESTART COORDINATES
WRITING VELOCITIES TO RESTART FILE AT STEP 310000
FINISHED WRITING RESTART VELOCITIES
TIMING: 315000  CPU: 373.059, 0.0011496/step  Wall: 377.1, 0.00115698/step, 149.354 ns/days, 0.059456 hours remaining, 0.000000 MB of memory in use.
PERFORMANCE: 315000  averaging 144.362 ns/day, 0.00119699 sec/step with standard deviation 0.000126301
ENERGY:  315000       417.0603      1101.6649      1121.3643        80.9756        -114521.6928      9964.2543         0.0000         0.0000     18698.4780         -83137.8954       303.9785   -101836.3734    -82945.8329       302.6543            154.8311       155.3973    299876.4415        32.7841        32.1579

WRITING EXTENDED SYSTEM TO RESTART FILE AT STEP 315000
WRITING COORDINATES TO RESTART FILE AT STEP 315000
FINISHED WRITING RESTART COORDINATES
WRITING VELOCITIES TO RESTART FILE AT STEP 315000
FINISHED WRITING RESTART VELOCITIES
TIMING: 320000  CPU: 379.128, 0.00121381/step  Wall: 383.212, 0.00122248/step, 141.353 ns/days, 0.0611238 hours remaining, 0.000000 MB of memory in use.
PERFORMANCE: 320000  averaging 144.314 ns/day, 0.00119739 sec/step with standard deviation 0.000125335
ENERGY:  320000       442.3206      1160.6750      1111.2097        74.7981        -114097.7566      9658.6556         0.0000         0.0000     18567.5036         -83082.5940       301.8493   -101650.0976    -82948.2285       302.5651           -118.6683      -124.3334    301199.8595        18.1847        17.3855

WRITING EXTENDED SYSTEM TO RESTART FILE AT STEP 320000
WRITING COORDINATES TO RESTART FILE AT STEP 320000
FINISHED WRITING RESTART COORDINATES
WRITING VELOCITIES TO RESTART FILE AT STEP 320000
FINISHED WRITING RESTART VELOCITIES
TIMING: 325000  CPU: 384.855, 0.00114556/step  Wall: 388.983, 0.00115419/step, 149.716 ns/days, 0.0561063 hours remaining, 0.000000 MB of memory in use.
PERFORMANCE: 325000  averaging 144.395 ns/day, 0.00119672 sec/step with standard deviation 0.000124468
ENERGY:  325000       397.3855      1101.7130      1129.9750        66.2589        -114245.1236      9919.4813         0.0000         0.0000     18579.7466         -83050.5633       302.0483   -101630.3099    -82949.6315       302.6117            205.3092       208.9145    300008.7517        25.3109        24.7470

WRITING EXTENDED SYSTEM TO RESTART FILE AT STEP 325000
WRITING COORDINATES TO RESTART FILE AT STEP 325000
FINISHED WRITING RESTART COORDINATES
WRITING VELOCITIES TO RESTART FILE AT STEP 325000
FINISHED WRITING RESTART VELOCITIES
TIMING: 330000  CPU: 390.576, 0.00114401/step  Wall: 394.745, 0.00115241/step, 149.946 ns/days, 0.0544195 hours remaining, 0.000000 MB of memory in use.
PERFORMANCE: 330000  averaging 144.476 ns/day, 0.00119605 sec/step with standard deviation 0.000123627
ENERGY:  330000       413.0638      1116.5986      1138.0623        73.7910        -114102.2219      9832.3412         0.0000         0.0000     18757.6921         -82770.6730       304.9411   -101528.3650    -82939.6715       302.6459            162.9468       164.6684    300125.4322        34.2527        33.5992

WRITING EXTENDED SYSTEM TO RESTART FILE AT STEP 330000
WRITING COORDINATES TO RESTART FILE AT STEP 330000
FINISHED WRITING RESTART COORDINATES
WRITING VELOCITIES TO RESTART FILE AT STEP 330000
FINISHED WRITING RESTART VELOCITIES
TIMING: 335000  CPU: 396.32, 0.00114891/step  Wall: 400.525, 0.00115608/step, 149.471 ns/days, 0.0529868 hours remaining, 0.000000 MB of memory in use.
PERFORMANCE: 335000  averaging 144.548 ns/day, 0.00119545 sec/step with standard deviation 0.000122784
ENERGY:  335000       405.0208      1074.4873      1133.9623        66.3298        -114079.8810      9967.3049         0.0000         0.0000     18488.9107         -82943.8651       300.5716   -101432.7758    -82937.3756       302.5994            401.1877       403.5549    300176.5855        59.6779        59.1375

WRITING EXTENDED SYSTEM TO RESTART FILE AT STEP 335000
WRITING COORDINATES TO RESTART FILE AT STEP 335000
FINISHED WRITING RESTART COORDINATES
WRITING VELOCITIES TO RESTART FILE AT STEP 335000
FINISHED WRITING RESTART VELOCITIES
TIMING: 340000  CPU: 402.076, 0.00115117/step  Wall: 406.316, 0.0011582/step, 149.197 ns/days, 0.0514757 hours remaining, 0.000000 MB of memory in use.
PERFORMANCE: 340000  averaging 144.614 ns/day, 0.00119491 sec/step with standard deviation 0.000121948
ENERGY:  340000       418.6775      1104.3881      1098.5550        64.0629        -114252.9282      9833.3221         0.0000         0.0000     18631.7802         -83102.1424       302.8942   -101733.9225    -82945.5581       302.6633           -100.5213       -99.3199    301128.6954        54.5254        53.9144

WRITING EXTENDED SYSTEM TO RESTART FILE AT STEP 340000
WRITING COORDINATES TO RESTART FILE AT STEP 340000
FINISHED WRITING RESTART COORDINATES
WRITING VELOCITIES TO RESTART FILE AT STEP 340000
FINISHED WRITING RESTART VELOCITIES
TIMING: 345000  CPU: 411.58, 0.00190086/step  Wall: 415.876, 0.00191186/step, 90.3833 ns/days, 0.082316 hours remaining, 0.000000 MB of memory in use.
PERFORMANCE: 345000  averaging 143.367 ns/day, 0.0012053 sec/step with standard deviation 0.000148668
ENERGY:  345000       443.1617      1096.4157      1113.7504        69.4357        -113819.9075      9613.1102         0.0000         0.0000     18588.8706         -82895.1631       302.1966   -101484.0337    -82947.9379       302.6677           -111.8137      -110.0041    300493.3202        45.5542        45.1009

WRITING EXTENDED SYSTEM TO RESTART FILE AT STEP 345000
WRITING COORDINATES TO RESTART FILE AT STEP 345000
FINISHED WRITING RESTART COORDINATES
WRITING VELOCITIES TO RESTART FILE AT STEP 345000
FINISHED WRITING RESTART VELOCITIES
TIMING: 350000  CPU: 423.817, 0.00244731/step  Wall: 428.159, 0.00245657/step, 70.3419 ns/days, 0.102357 hours remaining, 0.000000 MB of memory in use.
PERFORMANCE: 350000  averaging 141.272 ns/day, 0.00122317 sec/step with standard deviation 0.000210116
ETITLE:      TS           BOND          ANGLE          DIHED          IMPRP               ELECT            VDW       BOUNDARY           MISC        KINETIC               TOTAL           TEMP      POTENTIAL       TOTALAVG        TEMPAVG            PRESSURE      GPRESSURE         VOLUME       PRESSAVG      GPRESSAVG

ENERGY:  350000       449.1425      1147.3257      1101.9326        68.7540        -114113.5880     10004.0760         0.0000         0.0000     18610.2671         -82732.0902       302.5445   -101342.3573    -82927.6927       302.7433            301.5044       298.7963    299201.2512        61.0973        60.4221

WRITING EXTENDED SYSTEM TO RESTART FILE AT STEP 350000
WRITING COORDINATES TO RESTART FILE AT STEP 350000
FINISHED WRITING RESTART COORDINATES
WRITING VELOCITIES TO RESTART FILE AT STEP 350000
FINISHED WRITING RESTART VELOCITIES
TIMING: 355000  CPU: 429.591, 0.00115492/step  Wall: 433.958, 0.00115999/step, 148.967 ns/days, 0.0467216 hours remaining, 0.000000 MB of memory in use.
PERFORMANCE: 355000  averaging 141.375 ns/day, 0.00122228 sec/step with standard deviation 0.000208745
ENERGY:  355000       436.0121      1154.0643      1121.9074        70.7728        -114083.3190      9818.1751         0.0000         0.0000     18751.9145         -82730.4728       304.8472   -101482.3873    -82916.0744       302.8022            127.7805       123.0827    300630.6631        60.9805        60.1989

WRITING EXTENDED SYSTEM TO RESTART FILE AT STEP 355000
WRITING COORDINATES TO RESTART FILE AT STEP 355000
FINISHED WRITING RESTART COORDINATES
WRITING VELOCITIES TO RESTART FILE AT STEP 355000
FINISHED WRITING RESTART VELOCITIES
TIMING: 360000  CPU: 435.357, 0.00115318/step  Wall: 439.76, 0.00116031/step, 148.926 ns/days, 0.0451232 hours remaining, 0.000000 MB of memory in use.
PERFORMANCE: 360000  averaging 141.475 ns/day, 0.00122142 sec/step with standard deviation 0.000207398
ENERGY:  360000       433.7904      1120.0927      1112.0797        62.6407        -113894.2995      9540.7490         0.0000         0.0000     18564.2227         -83060.7244       301.7959   -101624.9471    -82938.2806       302.7489           -401.8593      -406.0818    300954.5559        35.6052        34.6146

WRITING EXTENDED SYSTEM TO RESTART FILE AT STEP 360000
WRITING COORDINATES TO RESTART FILE AT STEP 360000
FINISHED WRITING RESTART COORDINATES
WRITING VELOCITIES TO RESTART FILE AT STEP 360000
FINISHED WRITING RESTART VELOCITIES
TIMING: 365000  CPU: 441.133, 0.00115522/step  Wall: 445.582, 0.00116437/step, 148.407 ns/days, 0.0436638 hours remaining, 0.000000 MB of memory in use.
PERFORMANCE: 365000  averaging 141.565 ns/day, 0.00122064 sec/step with standard deviation 0.000206061
ENERGY:  365000       404.7546      1187.4535      1114.2625        74.0857        -114506.6605      9973.0283         0.0000         0.0000     18498.5954         -83254.4805       300.7290   -101753.0759    -82956.7990       302.6738             87.4727        88.7150    300564.9693        36.7073        35.8110

WRITING EXTENDED SYSTEM TO RESTART FILE AT STEP 365000
WRITING COORDINATES TO RESTART FILE AT STEP 365000
FINISHED WRITING RESTART COORDINATES
WRITING VELOCITIES TO RESTART FILE AT STEP 365000
FINISHED WRITING RESTART VELOCITIES
TIMING: 370000  CPU: 446.886, 0.00115045/step  Wall: 451.451, 0.00117377/step, 147.218 ns/days, 0.0423863 hours remaining, 0.000000 MB of memory in use.
PERFORMANCE: 370000  averaging 141.639 ns/day, 0.00122001 sec/step with standard deviation 0.000204717
ENERGY:  370000       395.1322      1139.9977      1109.5229        76.0808        -114133.7283      9741.3931         0.0000         0.0000     18580.8727         -83090.7290       302.0666   -101671.6017    -82962.9434       302.6180            -97.8550      -100.0447    300904.7418        41.1948        40.2920

WRITING EXTENDED SYSTEM TO RESTART FILE AT STEP 370000
WRITING COORDINATES TO RESTART FILE AT STEP 370000
FINISHED WRITING RESTART COORDINATES
WRITING VELOCITIES TO RESTART FILE AT STEP 370000
FINISHED WRITING RESTART VELOCITIES
TIMING: 375000  CPU: 452.684, 0.0011596/step  Wall: 457.283, 0.00116654/step, 148.13 ns/days, 0.0405049 hours remaining, 0.000000 MB of memory in use.
PERFORMANCE: 375000  averaging 141.721 ns/day, 0.00121929 sec/step with standard deviation 0.000203423
ENERGY:  375000       415.1208      1116.3902      1111.6912        72.9683        -113831.7067      9810.1981         0.0000         0.0000     18662.0742         -82643.2639       303.3867   -101305.3381    -82960.8066       302.4660             97.1218       101.2508    300814.7890        61.3546        60.8391

WRITING EXTENDED SYSTEM TO RESTART FILE AT STEP 375000
WRITING COORDINATES TO RESTART FILE AT STEP 375000
FINISHED WRITING RESTART COORDINATES
WRITING VELOCITIES TO RESTART FILE AT STEP 375000
FINISHED WRITING RESTART VELOCITIES
TIMING: 380000  CPU: 458.408, 0.00114492/step  Wall: 463.047, 0.00115262/step, 149.919 ns/days, 0.0384206 hours remaining, 0.000000 MB of memory in use.
PERFORMANCE: 380000  averaging 141.824 ns/day, 0.00121842 sec/step with standard deviation 0.000202207
ENERGY:  380000       408.2686      1113.6618      1126.6345        76.4058        -114098.6933      9725.5033         0.0000         0.0000     18659.7447         -82988.4745       303.3488   -101648.2192    -82964.3875       302.6216             13.3848        14.3370    300881.0231        55.6020        55.2633

WRITING EXTENDED SYSTEM TO RESTART FILE AT STEP 380000
WRITING COORDINATES TO RESTART FILE AT STEP 380000
FINISHED WRITING RESTART COORDINATES
WRITING VELOCITIES TO RESTART FILE AT STEP 380000
FINISHED WRITING RESTART VELOCITIES
TIMING: 385000  CPU: 464.188, 0.00115596/step  Wall: 468.863, 0.00116323/step, 148.552 ns/days, 0.0371587 hours remaining, 0.000000 MB of memory in use.
PERFORMANCE: 385000  averaging 141.907 ns/day, 0.0012177 sec/step with standard deviation 0.000200971
ENERGY:  385000       452.6650      1115.8936      1118.0364        63.2892        -113939.5985      9535.3516         0.0000         0.0000     18582.2088         -83072.1539       302.0883   -101654.3628    -82969.6628       302.5817           -330.9632      -333.8953    301324.3851        39.3741        38.8505

WRITING EXTENDED SYSTEM TO RESTART FILE AT STEP 385000
WRITING COORDINATES TO RESTART FILE AT STEP 385000
FINISHED WRITING RESTART COORDINATES
WRITING VELOCITIES TO RESTART FILE AT STEP 385000
FINISHED WRITING RESTART VELOCITIES
TIMING: 390000  CPU: 474.04, 0.00197031/step  Wall: 478.762, 0.00197982/step, 87.2805 ns/days, 0.0604946 hours remaining, 0.000000 MB of memory in use.
PERFORMANCE: 390000  averaging 140.777 ns/day, 0.00122747 sec/step with standard deviation 0.000217512
ENERGY:  390000       423.6171      1135.2723      1131.6321        70.5864        -113711.4457      9562.4353         0.0000         0.0000     18596.7645         -82791.1380       302.3249   -101387.9025    -82961.2032       302.5179           -127.2887      -133.5008    300165.6060        37.8837        37.0341

WRITING EXTENDED SYSTEM TO RESTART FILE AT STEP 390000
WRITING COORDINATES TO RESTART FILE AT STEP 390000
FINISHED WRITING RESTART COORDINATES
WRITING VELOCITIES TO RESTART FILE AT STEP 390000
FINISHED WRITING RESTART VELOCITIES
TIMING: 395000  CPU: 479.973, 0.00118672/step  Wall: 484.732, 0.00119404/step, 144.718 ns/days, 0.0348263 hours remaining, 0.000000 MB of memory in use.
PERFORMANCE: 395000  averaging 140.826 ns/day, 0.00122705 sec/step with standard deviation 0.000216145
ENERGY:  395000       433.7264      1131.0204      1122.8626        70.9840        -113812.9697      9741.5428         0.0000         0.0000     18489.4752         -82823.3583       300.5808   -101312.8336    -82947.5211       302.4549             40.7391        43.2071    301818.1732        36.0146        35.3899

WRITING EXTENDED SYSTEM TO RESTART FILE AT STEP 395000
WRITING COORDINATES TO RESTART FILE AT STEP 395000
FINISHED WRITING RESTART COORDINATES
WRITING VELOCITIES TO RESTART FILE AT STEP 395000
FINISHED WRITING RESTART VELOCITIES
TIMING: 400000  CPU: 485.705, 0.00114639/step  Wall: 490.506, 0.00115478/step, 149.639 ns/days, 0.0320772 hours remaining, 0.000000 MB of memory in use.
PERFORMANCE: 400000  averaging 140.93 ns/day, 0.00122614 sec/step with standard deviation 0.000214925
ETITLE:      TS           BOND          ANGLE          DIHED          IMPRP               ELECT            VDW       BOUNDARY           MISC        KINETIC               TOTAL           TEMP      POTENTIAL       TOTALAVG        TEMPAVG            PRESSURE      GPRESSURE         VOLUME       PRESSAVG      GPRESSAVG

ENERGY:  400000       425.2448      1177.1377      1129.9689        78.3927        -114283.6330      9919.6869         0.0000         0.0000     18716.5312         -82836.6709       304.2720   -101553.2021    -82948.2154       302.5692            242.7568       242.8349    299138.7323        48.5291        47.7104

WRITING EXTENDED SYSTEM TO RESTART FILE AT STEP 400000
WRITING COORDINATES TO RESTART FILE AT STEP 400000
FINISHED WRITING RESTART COORDINATES
WRITING VELOCITIES TO RESTART FILE AT STEP 400000
FINISHED WRITING RESTART VELOCITIES
TIMING: 405000  CPU: 491.451, 0.00114912/step  Wall: 496.285, 0.0011559/step, 149.494 ns/days, 0.030503 hours remaining, 0.000000 MB of memory in use.
PERFORMANCE: 405000  averaging 141.029 ns/day, 0.00122528 sec/step with standard deviation 0.00021372
ENERGY:  405000       446.7661      1138.7949      1140.3206        72.2490        -114405.6810      9928.9258         0.0000         0.0000     18529.2138         -83149.4109       301.2268   -101678.6247    -82954.5381       302.4659            -51.3197       -50.0809    300331.0773        44.1913        43.6483

WRITING EXTENDED SYSTEM TO RESTART FILE AT STEP 405000
WRITING COORDINATES TO RESTART FILE AT STEP 405000
FINISHED WRITING RESTART COORDINATES
WRITING VELOCITIES TO RESTART FILE AT STEP 405000
FINISHED WRITING RESTART VELOCITIES
TIMING: 410000  CPU: 497.173, 0.00114443/step  Wall: 502.044, 0.00115166/step, 150.044 ns/days, 0.0287915 hours remaining, 0.000000 MB of memory in use.
PERFORMANCE: 410000  averaging 141.133 ns/day, 0.00122438 sec/step with standard deviation 0.000212552
ENERGY:  410000       446.6188      1113.6580      1125.7937        64.3267        -114067.0423      9688.9900         0.0000         0.0000     18662.7583         -82964.8968       303.3978   -101627.6551    -82956.0380       302.5544           -230.2216      -235.7270    301106.6773        13.2262        12.5886

WRITING EXTENDED SYSTEM TO RESTART FILE AT STEP 410000
WRITING COORDINATES TO RESTART FILE AT STEP 410000
FINISHED WRITING RESTART COORDINATES
WRITING VELOCITIES TO RESTART FILE AT STEP 410000
FINISHED WRITING RESTART VELOCITIES
TIMING: 415000  CPU: 502.898, 0.00114505/step  Wall: 507.811, 0.0011535/step, 149.805 ns/days, 0.0272354 hours remaining, 0.000000 MB of memory in use.
PERFORMANCE: 415000  averaging 141.231 ns/day, 0.00122352 sec/step with standard deviation 0.000211395
ENERGY:  415000       424.7633      1162.4605      1120.6214        71.1586        -113977.2380      9695.9442         0.0000         0.0000     18446.4529         -83055.8370       299.8814   -101502.2899    -82951.9351       302.3496            -42.1481       -38.0233    301027.8968         3.3772         2.9175

WRITING EXTENDED SYSTEM TO RESTART FILE AT STEP 415000
WRITING COORDINATES TO RESTART FILE AT STEP 415000
FINISHED WRITING RESTART COORDINATES
WRITING VELOCITIES TO RESTART FILE AT STEP 415000
FINISHED WRITING RESTART VELOCITIES
TIMING: 420000  CPU: 508.601, 0.00114064/step  Wall: 513.554, 0.00114864/step, 150.439 ns/days, 0.0255253 hours remaining, 0.000000 MB of memory in use.
PERFORMANCE: 420000  averaging 141.334 ns/day, 0.00122263 sec/step with standard deviation 0.000210277
ENERGY:  420000       407.4170      1118.3879      1117.1367        79.7450        -113932.6923      9603.5633         0.0000         0.0000     18623.5258         -82982.9166       302.7600   -101606.4424    -82946.9512       302.3951            -72.7124       -75.7289    300471.0418         5.6750         5.3478

WRITING EXTENDED SYSTEM TO RESTART FILE AT STEP 420000
WRITING COORDINATES TO RESTART FILE AT STEP 420000
FINISHED WRITING RESTART COORDINATES
WRITING VELOCITIES TO RESTART FILE AT STEP 420000
FINISHED WRITING RESTART VELOCITIES
TIMING: 425000  CPU: 514.36, 0.00115181/step  Wall: 519.35, 0.00115904/step, 149.089 ns/days, 0.0241466 hours remaining, 0.000000 MB of memory in use.
PERFORMANCE: 425000  averaging 141.421 ns/day, 0.00122188 sec/step with standard deviation 0.000209135
ENERGY:  425000       443.4953      1142.9930      1117.2111        69.6997        -114114.3707      9885.4017         0.0000         0.0000     18671.3646         -82784.2053       303.5377   -101455.5699    -82933.6333       302.4696            192.4844       194.5558    300009.2085         5.0338         4.6298

WRITING EXTENDED SYSTEM TO RESTART FILE AT STEP 425000
WRITING COORDINATES TO RESTART FILE AT STEP 425000
FINISHED WRITING RESTART COORDINATES
WRITING VELOCITIES TO RESTART FILE AT STEP 425000
FINISHED WRITING RESTART VELOCITIES
TIMING: 430000  CPU: 520.126, 0.00115304/step  Wall: 525.149, 0.00115993/step, 148.974 ns/days, 0.0225542 hours remaining, 0.000000 MB of memory in use.
PERFORMANCE: 430000  averaging 141.504 ns/day, 0.00122116 sec/step with standard deviation 0.000208009
ENERGY:  430000       463.3617      1156.1585      1091.9712        74.0408        -114326.7968      9858.8212         0.0000         0.0000     18622.5718         -83059.8716       302.7445   -101682.4434    -82948.0933       302.3598            119.9520       119.0206    299701.1788         2.8841         2.3474

WRITING EXTENDED SYSTEM TO RESTART FILE AT STEP 430000
WRITING COORDINATES TO RESTART FILE AT STEP 430000
FINISHED WRITING RESTART COORDINATES
WRITING VELOCITIES TO RESTART FILE AT STEP 430000
FINISHED WRITING RESTART VELOCITIES
TIMING: 435000  CPU: 526.434, 0.00126171/step  Wall: 531.531, 0.00127633/step, 135.388 ns/days, 0.0230448 hours remaining, 0.000000 MB of memory in use.
PERFORMANCE: 435000  averaging 141.431 ns/day, 0.0012218 sec/step with standard deviation 0.00020688
ENERGY:  435000       420.6496      1130.4886      1083.7836        69.5304        -113480.9978      9442.2099         0.0000         0.0000     18666.3212         -82668.0144       303.4557   -101334.3357    -82934.3007       302.5040           -317.2378      -318.8129    301057.6050       -33.0372       -33.7710

WRITING EXTENDED SYSTEM TO RESTART FILE AT STEP 435000
WRITING COORDINATES TO RESTART FILE AT STEP 435000
FINISHED WRITING RESTART COORDINATES
WRITING VELOCITIES TO RESTART FILE AT STEP 435000
FINISHED WRITING RESTART VELOCITIES
TIMING: 440000  CPU: 532.172, 0.00114754/step  Wall: 537.31, 0.00115593/step, 149.491 ns/days, 0.0192654 hours remaining, 0.000000 MB of memory in use.
PERFORMANCE: 440000  averaging 141.518 ns/day, 0.00122105 sec/step with standard deviation 0.000205808
ENERGY:  440000       436.8056      1120.3969      1105.6896        71.2122        -114137.7871      9644.5408         0.0000         0.0000     18724.4137         -83034.7284       304.4001   -101759.1421    -82930.9300       302.5793             -0.1550         2.7875    299169.9014       -28.0189       -28.6656

WRITING EXTENDED SYSTEM TO RESTART FILE AT STEP 440000
WRITING COORDINATES TO RESTART FILE AT STEP 440000
FINISHED WRITING RESTART COORDINATES
WRITING VELOCITIES TO RESTART FILE AT STEP 440000
FINISHED WRITING RESTART VELOCITIES
TIMING: 445000  CPU: 537.9, 0.00114558/step  Wall: 543.081, 0.00115405/step, 149.734 ns/days, 0.0176313 hours remaining, 0.000000 MB of memory in use.
PERFORMANCE: 445000  averaging 141.605 ns/day, 0.0012203 sec/step with standard deviation 0.000204758
ENERGY:  445000       421.0612      1125.6976      1142.1271        67.4399        -114246.0518      9907.4616         0.0000         0.0000     18653.8933         -82928.3712       303.2537   -101582.2644    -82932.5904       302.6321            100.3406       101.0208    299432.3688       -17.4112       -18.1143

WRITING EXTENDED SYSTEM TO RESTART FILE AT STEP 445000
WRITING COORDINATES TO RESTART FILE AT STEP 445000
FINISHED WRITING RESTART COORDINATES
WRITING VELOCITIES TO RESTART FILE AT STEP 445000
FINISHED WRITING RESTART VELOCITIES
TIMING: 450000  CPU: 543.667, 0.00115336/step  Wall: 548.874, 0.00115863/step, 149.142 ns/days, 0.016092 hours remaining, 0.000000 MB of memory in use.
PERFORMANCE: 450000  averaging 141.684 ns/day, 0.00121961 sec/step with standard deviation 0.000203709
ETITLE:      TS           BOND          ANGLE          DIHED          IMPRP               ELECT            VDW       BOUNDARY           MISC        KINETIC               TOTAL           TEMP      POTENTIAL       TOTALAVG        TEMPAVG            PRESSURE      GPRESSURE         VOLUME       PRESSAVG      GPRESSAVG

ENERGY:  450000       421.5370      1133.1648      1093.7654        85.6998        -114117.8925      9768.6062         0.0000         0.0000     18459.1300         -83155.9894       300.0874   -101615.1194    -82953.7854       302.5093             18.2819        23.7129    299839.2672       -31.5723       -31.8685

WRITING EXTENDED SYSTEM TO RESTART FILE AT STEP 450000
WRITING COORDINATES TO RESTART FILE AT STEP 450000
FINISHED WRITING RESTART COORDINATES
WRITING VELOCITIES TO RESTART FILE AT STEP 450000
FINISHED WRITING RESTART VELOCITIES
TIMING: 455000  CPU: 549.386, 0.00114391/step  Wall: 554.634, 0.00115205/step, 149.993 ns/days, 0.0144007 hours remaining, 0.000000 MB of memory in use.
PERFORMANCE: 455000  averaging 141.771 ns/day, 0.00121887 sec/step with standard deviation 0.000202697
ENERGY:  455000       415.4131      1085.0209      1111.1748        68.8194        -114275.4332      9837.6165         0.0000         0.0000     18680.5935         -83076.7951       303.6877   -101757.3885    -82971.1015       302.4513             19.9477        22.0439    300946.9758       -36.9640       -36.9205

WRITING EXTENDED SYSTEM TO RESTART FILE AT STEP 455000
WRITING COORDINATES TO RESTART FILE AT STEP 455000
FINISHED WRITING RESTART COORDINATES
WRITING VELOCITIES TO RESTART FILE AT STEP 455000
FINISHED WRITING RESTART VELOCITIES
TIMING: 460000  CPU: 556.522, 0.00142717/step  Wall: 561.84, 0.0014411/step, 119.908 ns/days, 0.0160123 hours remaining, 0.000000 MB of memory in use.
PERFORMANCE: 460000  averaging 141.49 ns/day, 0.00122128 sec/step with standard deviation 0.000202908
ENERGY:  460000       425.3560      1139.5672      1116.4821        71.4715        -114354.1173      9943.1061         0.0000         0.0000     18481.8173         -83176.3172       300.4563   -101658.1345    -82976.8811       302.3843            112.0130       112.6992    300941.8547       -11.2703       -10.9814

WRITING EXTENDED SYSTEM TO RESTART FILE AT STEP 460000
WRITING COORDINATES TO RESTART FILE AT STEP 460000
FINISHED WRITING RESTART COORDINATES
WRITING VELOCITIES TO RESTART FILE AT STEP 460000
FINISHED WRITING RESTART VELOCITIES
TIMING: 465000  CPU: 562.268, 0.00114929/step  Wall: 567.612, 0.00115438/step, 149.691 ns/days, 0.0112231 hours remaining, 0.000000 MB of memory in use.
PERFORMANCE: 465000  averaging 141.574 ns/day, 0.00122057 sec/step with standard deviation 0.000201921
ENERGY:  465000       417.5463      1129.6412      1108.4990        71.8515        -113970.3754      9707.8917         0.0000         0.0000     18680.2990         -82854.6467       303.6830   -101534.9456    -82956.8895       302.5320           -246.3350      -246.8283    301456.4783       -27.9607       -27.7586

WRITING EXTENDED SYSTEM TO RESTART FILE AT STEP 465000
WRITING COORDINATES TO RESTART FILE AT STEP 465000
FINISHED WRITING RESTART COORDINATES
WRITING VELOCITIES TO RESTART FILE AT STEP 465000
FINISHED WRITING RESTART VELOCITIES
TIMING: 470000  CPU: 567.985, 0.00114339/step  Wall: 573.368, 0.00115127/step, 150.095 ns/days, 0.00959392 hours remaining, 0.000000 MB of memory in use.
PERFORMANCE: 470000  averaging 141.659 ns/day, 0.00121983 sec/step with standard deviation 0.00020096
ENERGY:  470000       472.7286      1101.0299      1118.8965        81.9311        -114407.1792      9964.1951         0.0000         0.0000     18685.4831         -82982.9148       303.7672   -101668.3980    -82951.4987       302.6170            179.4954       177.2477    300980.9014       -14.0932       -13.8940

WRITING EXTENDED SYSTEM TO RESTART FILE AT STEP 470000
WRITING COORDINATES TO RESTART FILE AT STEP 470000
FINISHED WRITING RESTART COORDINATES
WRITING VELOCITIES TO RESTART FILE AT STEP 470000
FINISHED WRITING RESTART VELOCITIES
TIMING: 475000  CPU: 573.743, 0.00115158/step  Wall: 579.159, 0.00115822/step, 149.195 ns/days, 0.00804318 hours remaining, 0.000000 MB of memory in use.
PERFORMANCE: 475000  averaging 141.735 ns/day, 0.00121918 sec/step with standard deviation 0.000199988
ENERGY:  475000       433.8705      1104.8669      1135.0143        72.0110        -113992.0892      9638.1323         0.0000         0.0000     18622.4104         -82985.7839       302.7419   -101608.1943    -82968.6247       302.5848            -90.3472       -91.5272    300786.2456       -23.4667       -23.5329

WRITING EXTENDED SYSTEM TO RESTART FILE AT STEP 475000
WRITING COORDINATES TO RESTART FILE AT STEP 475000
FINISHED WRITING RESTART COORDINATES
WRITING VELOCITIES TO RESTART FILE AT STEP 475000
FINISHED WRITING RESTART VELOCITIES
TIMING: 480000  CPU: 579.451, 0.0011415/step  Wall: 584.901, 0.00114832/step, 150.481 ns/days, 0.00637956 hours remaining, 0.000000 MB of memory in use.
PERFORMANCE: 480000  averaging 141.82 ns/day, 0.00121844 sec/step with standard deviation 0.000199064
ENERGY:  480000       441.4022      1130.3898      1113.1526        63.7576        -114024.9733      9758.6852         0.0000         0.0000     18804.2404         -82713.3455       305.6979   -101517.5859    -82954.8683       302.7023             38.6012        36.5878    299590.7513       -22.2058       -22.4203

WRITING EXTENDED SYSTEM TO RESTART FILE AT STEP 480000
WRITING COORDINATES TO RESTART FILE AT STEP 480000
FINISHED WRITING RESTART COORDINATES
WRITING VELOCITIES TO RESTART FILE AT STEP 480000
FINISHED WRITING RESTART VELOCITIES
TIMING: 485000  CPU: 585.207, 0.00115135/step  Wall: 590.693, 0.00115845/step, 149.165 ns/days, 0.00482688 hours remaining, 0.000000 MB of memory in use.
PERFORMANCE: 485000  averaging 141.893 ns/day, 0.00121782 sec/step with standard deviation 0.000198118
ENERGY:  485000       418.3191      1168.3918      1102.8265        77.4302        -114179.0185      9608.0135         0.0000         0.0000     18603.5204         -83200.5171       302.4348   -101804.0374    -82961.2865       302.7196           -209.8375      -208.0486    302264.3188       -16.1495       -16.1280

WRITING EXTENDED SYSTEM TO RESTART FILE AT STEP 485000
WRITING COORDINATES TO RESTART FILE AT STEP 485000
FINISHED WRITING RESTART COORDINATES
WRITING VELOCITIES TO RESTART FILE AT STEP 485000
FINISHED WRITING RESTART VELOCITIES
TIMING: 490000  CPU: 590.969, 0.00115223/step  Wall: 596.488, 0.00115904/step, 149.089 ns/days, 0.00321954 hours remaining, 0.000000 MB of memory in use.
PERFORMANCE: 490000  averaging 141.962 ns/day, 0.00121722 sec/step with standard deviation 0.000197184
ENERGY:  490000       434.2466      1130.8192      1131.7779        71.1022        -113951.4560      9710.7363         0.0000         0.0000     18634.8619         -82837.9119       302.9443   -101472.7738    -82963.6251       302.7505             35.4757        38.7361    299302.5660        -8.0113        -7.5161

WRITING EXTENDED SYSTEM TO RESTART FILE AT STEP 490000
WRITING COORDINATES TO RESTART FILE AT STEP 490000
FINISHED WRITING RESTART COORDINATES
WRITING VELOCITIES TO RESTART FILE AT STEP 490000
FINISHED WRITING RESTART VELOCITIES
TIMING: 495000  CPU: 596.737, 0.00115373/step  Wall: 602.292, 0.00116071/step, 148.875 ns/days, 0.0016121 hours remaining, 0.000000 MB of memory in use.
PERFORMANCE: 495000  averaging 142.029 ns/day, 0.00121665 sec/step with standard deviation 0.000196257
ENERGY:  495000       420.0130      1105.5151      1120.5457        55.3793        -113866.4671      9685.4774         0.0000         0.0000     18706.5738         -82772.9628       304.1101   -101479.5366    -82961.1054       302.9270           -196.8070      -193.3093    301505.6577       -19.8886       -19.3420

WRITING EXTENDED SYSTEM TO RESTART FILE AT STEP 495000
WRITING COORDINATES TO RESTART FILE AT STEP 495000
FINISHED WRITING RESTART COORDINATES
WRITING VELOCITIES TO RESTART FILE AT STEP 495000
FINISHED WRITING RESTART VELOCITIES
TIMING: 500000  CPU: 606.367, 0.00192597/step  Wall: 611.976, 0.00193692/step, 89.2139 ns/days, 0 hours remaining, 0.000000 MB of memory in use.
PERFORMANCE: 500000  averaging 141.193 ns/day, 0.00122386 sec/step with standard deviation 0.000208124
ETITLE:      TS           BOND          ANGLE          DIHED          IMPRP               ELECT            VDW       BOUNDARY           MISC        KINETIC               TOTAL           TEMP      POTENTIAL       TOTALAVG        TEMPAVG            PRESSURE      GPRESSURE         VOLUME       PRESSAVG      GPRESSAVG

ENERGY:  500000       415.2043      1141.0422      1114.8239        60.5843        -113917.2670      9760.8950         0.0000         0.0000     18648.8752         -82775.8422       303.1721   -101424.7173    -82958.0639       302.8720            258.4181       257.9579    299949.5317       -19.1056       -18.5858

WRITING EXTENDED SYSTEM TO RESTART FILE AT STEP 500000
WRITING COORDINATES TO RESTART FILE AT STEP 500000
FINISHED WRITING RESTART COORDINATES
WRITING VELOCITIES TO RESTART FILE AT STEP 500000
FINISHED WRITING RESTART VELOCITIES
WRITING EXTENDED SYSTEM TO OUTPUT FILE AT STEP 500000
WRITING COORDINATES TO OUTPUT FILE AT STEP 500000
WRITING VELOCITIES TO OUTPUT FILE AT STEP 500000
====================================================

WallClock: 613.047302  CPUTime: 604.271362  Memory: 0.000000 MB
[Partition 0][Node 0] End of program
